#
# There is insufficient memory for the Java Runtime Environment to continue.
# Native memory allocation (malloc) failed to allocate 234496 bytes for Chunk::new
# Possible reasons:
#   The system is out of physical RAM or swap space
#   The process is running with CompressedOops enabled, and the Java Heap may be blocking the growth of the native heap
# Possible solutions:
#   Reduce memory load on the system
#   Increase physical memory or swap space
#   Check if swap backing store is full
#   Decrease Java heap size (-Xmx/-Xms)
#   Decrease number of Java threads
#   Decrease Java thread stack sizes (-Xss)
#   Set larger code cache with -XX:ReservedCodeCacheSize=
#   JVM is running with Zero Based Compressed Oops mode in which the Java heap is
#     placed in the first 32GB address space. The Java Heap base address is the
#     maximum limit for the native heap growth. Please use -XX:HeapBaseMinAddress
#     to set the Java Heap base and to place the Java Heap above 32GB virtual address.
# This output file may be truncated or incomplete.
#
#  Out of Memory Error (arena.cpp:168), pid=5112, tid=29208
#
# JRE version: Java(TM) SE Runtime Environment (21.0.1+12) (build 21.0.1+12-LTS-29)
# Java VM: Java HotSpot(TM) 64-Bit Server VM (21.0.1+12-LTS-29, mixed mode, sharing, tiered, compressed oops, compressed class ptrs, g1 gc, windows-amd64)
# No core dump will be written. Minidumps are not enabled by default on client versions of Windows
#

---------------  S U M M A R Y ------------

Command Line: -XX:+ShowCodeDetailsInExceptionMessages org.example.client.LivestreamClient

Host: AMD Ryzen 7 4800H with Radeon Graphics         , 16 cores, 15G,  Windows 11 , 64 bit Build 26100 (10.0.26100.2161)
Time: Mon Nov  4 22:32:13 2024 SE Asia Standard Time elapsed time: 49.288872 seconds (0d 0h 0m 49s)

---------------  T H R E A D  ---------------

Current thread (0x000001f1a69fd450):  JavaThread "C2 CompilerThread0" daemon [_thread_in_native, id=29208, stack(0x00000054aa500000,0x00000054aa600000) (1024K)]


Current CompileTask:
C2:  49288 3691 %     4       java.awt.image.AreaAveragingScaleFilter::accumPixels @ 161 (545 bytes)

Stack: [0x00000054aa500000,0x00000054aa600000]
Native frames: (J=compiled Java code, j=interpreted, Vv=VM code, C=native code)
V  [jvm.dll+0x6c9029]
V  [jvm.dll+0x854b81]
V  [jvm.dll+0x856e5e]
V  [jvm.dll+0x857543]
V  [jvm.dll+0x280c06]
V  [jvm.dll+0xc3ead]
V  [jvm.dll+0xc43c3]
V  [jvm.dll+0x2f3f3f]
V  [jvm.dll+0x5f40a6]
V  [jvm.dll+0x252bef]
V  [jvm.dll+0x24b031]
V  [jvm.dll+0x248fa3]
V  [jvm.dll+0x1c9ca1]
V  [jvm.dll+0x2586b9]
V  [jvm.dll+0x256c9a]
V  [jvm.dll+0x3ef1b6]
V  [jvm.dll+0x7fd728]
V  [jvm.dll+0x6c777d]
C  [ucrtbase.dll+0x14ea0]
C  [KERNEL32.DLL+0x2dbe7]
C  [ntdll.dll+0xdfbec]


---------------  P R O C E S S  ---------------

Threads class SMR info:
_java_thread_list=0x000001f1f72b3f40, length=21, elements={
0x000001f1a69efd10, 0x000001f1a69f34a0, 0x000001f1a69f7360, 0x000001f1a69f8040,
0x000001f1a69fb7d0, 0x000001f1a69fc510, 0x000001f1a69fd450, 0x000001f1ec0335b0,
0x000001f1ec260730, 0x000001f1ec26a3b0, 0x000001f1ecce5780, 0x000001f1eca1a360,
0x000001f1eca1cdf0, 0x000001f1ed99aea0, 0x000001f1ed9eaac0, 0x000001f1ed9ee310,
0x000001f1ed9ed5f0, 0x000001f1ed9f03e0, 0x000001f1ed9ef030, 0x000001f1f71e5b80,
0x000001f1f71eb760
}

Java Threads: ( => current thread )
  0x000001f1a69efd10 JavaThread "Reference Handler"          daemon [_thread_blocked, id=2820, stack(0x00000054a9f00000,0x00000054aa000000) (1024K)]
  0x000001f1a69f34a0 JavaThread "Finalizer"                  daemon [_thread_blocked, id=30416, stack(0x00000054aa000000,0x00000054aa100000) (1024K)]
  0x000001f1a69f7360 JavaThread "Signal Dispatcher"          daemon [_thread_blocked, id=23840, stack(0x00000054aa100000,0x00000054aa200000) (1024K)]
  0x000001f1a69f8040 JavaThread "Attach Listener"            daemon [_thread_blocked, id=31708, stack(0x00000054aa200000,0x00000054aa300000) (1024K)]
  0x000001f1a69fb7d0 JavaThread "Service Thread"             daemon [_thread_blocked, id=24620, stack(0x00000054aa300000,0x00000054aa400000) (1024K)]
  0x000001f1a69fc510 JavaThread "Monitor Deflation Thread"   daemon [_thread_blocked, id=31872, stack(0x00000054aa400000,0x00000054aa500000) (1024K)]
=>0x000001f1a69fd450 JavaThread "C2 CompilerThread0"         daemon [_thread_in_native, id=29208, stack(0x00000054aa500000,0x00000054aa600000) (1024K)]
  0x000001f1ec0335b0 JavaThread "C1 CompilerThread0"         daemon [_thread_blocked, id=32528, stack(0x00000054aa600000,0x00000054aa700000) (1024K)]
  0x000001f1ec260730 JavaThread "Notification Thread"        daemon [_thread_blocked, id=13992, stack(0x00000054aa800000,0x00000054aa900000) (1024K)]
  0x000001f1ec26a3b0 JavaThread "Common-Cleaner"             daemon [_thread_blocked, id=22932, stack(0x00000054aa900000,0x00000054aaa00000) (1024K)]
  0x000001f1ecce5780 JavaThread "Java2D Disposer"            daemon [_thread_blocked, id=21668, stack(0x00000054aab00000,0x00000054aac00000) (1024K)]
  0x000001f1eca1a360 JavaThread "AWT-Shutdown"                      [_thread_blocked, id=24164, stack(0x00000054aac00000,0x00000054aad00000) (1024K)]
  0x000001f1eca1cdf0 JavaThread "AWT-Windows"                daemon [_thread_in_native, id=28124, stack(0x00000054aad00000,0x00000054aae00000) (1024K)]
  0x000001f1ed99aea0 JavaThread "AWT-EventQueue-0"                  [_thread_blocked, id=21368, stack(0x00000054ac600000,0x00000054ac700000) (1024K)]
  0x000001f1ed9eaac0 JavaThread "Thread-0"                          [_thread_in_native, id=12084, stack(0x00000054ac800000,0x00000054ac900000) (1024K)]
  0x000001f1ed9ee310 JavaThread "DestroyJavaVM"                     [_thread_blocked, id=27804, stack(0x00000054a9700000,0x00000054a9800000) (1024K)]
  0x000001f1ed9ed5f0 JavaThread "D3D Screen Updater"         daemon [_thread_blocked, id=23616, stack(0x00000054ac900000,0x00000054aca00000) (1024K)]
  0x000001f1ed9f03e0 JavaThread "TimerQueue"                 daemon [_thread_blocked, id=30976, stack(0x00000054aca00000,0x00000054acb00000) (1024K)]
  0x000001f1ed9ef030 JavaThread "Thread-2"                          [_thread_in_native, id=32116, stack(0x00000054ad800000,0x00000054ad900000) (1024K)]
  0x000001f1f71e5b80 JavaThread "JavaCPP Deallocator"        daemon [_thread_blocked, id=29040, stack(0x00000054ae200000,0x00000054ae300000) (1024K)]
  0x000001f1f71eb760 JavaThread "Image Fetcher 0"            daemon [_thread_in_Java, id=32376, stack(0x00000054ab000000,0x00000054ab100000) (1024K)]
Total: 21

Other Threads:
  0x000001f1a69cf2a0 VMThread "VM Thread"                           [id=32168, stack(0x00000054a9e00000,0x00000054a9f00000) (1024K)]
  0x000001f1a69b8060 WatcherThread "VM Periodic Task Thread"        [id=28468, stack(0x00000054a9d00000,0x00000054a9e00000) (1024K)]
  0x000001f186c01ae0 WorkerThread "GC Thread#0"                     [id=7504, stack(0x00000054a9800000,0x00000054a9900000) (1024K)]
  0x000001f1ed8512b0 WorkerThread "GC Thread#1"                     [id=23204, stack(0x00000054acb00000,0x00000054acc00000) (1024K)]
  0x000001f1ed851a60 WorkerThread "GC Thread#2"                     [id=6964, stack(0x00000054acc00000,0x00000054acd00000) (1024K)]
  0x000001f1ed851e00 WorkerThread "GC Thread#3"                     [id=13284, stack(0x00000054acd00000,0x00000054ace00000) (1024K)]
  0x000001f1ed8535c0 WorkerThread "GC Thread#4"                     [id=22704, stack(0x00000054ace00000,0x00000054acf00000) (1024K)]
  0x000001f1ed854570 WorkerThread "GC Thread#5"                     [id=26284, stack(0x00000054acf00000,0x00000054ad000000) (1024K)]
  0x000001f1ed856920 WorkerThread "GC Thread#6"                     [id=6700, stack(0x00000054ad000000,0x00000054ad100000) (1024K)]
  0x000001f1ed857400 WorkerThread "GC Thread#7"                     [id=4716, stack(0x00000054ad100000,0x00000054ad200000) (1024K)]
  0x000001f1ed856580 WorkerThread "GC Thread#8"                     [id=23916, stack(0x00000054ad200000,0x00000054ad300000) (1024K)]
  0x000001f1ed857060 WorkerThread "GC Thread#9"                     [id=7128, stack(0x00000054ad300000,0x00000054ad400000) (1024K)]
  0x000001f1ed8577a0 WorkerThread "GC Thread#10"                    [id=12488, stack(0x00000054adf00000,0x00000054ae000000) (1024K)]
  0x000001f1ed857ee0 WorkerThread "GC Thread#11"                    [id=6436, stack(0x00000054ae000000,0x00000054ae100000) (1024K)]
  0x000001f1ed856cc0 WorkerThread "GC Thread#12"                    [id=29752, stack(0x00000054ae100000,0x00000054ae200000) (1024K)]
  0x000001f186c12990 ConcurrentGCThread "G1 Main Marker"            [id=16664, stack(0x00000054a9900000,0x00000054a9a00000) (1024K)]
  0x000001f186c151c0 WorkerThread "G1 Conc#0"                       [id=21396, stack(0x00000054a9a00000,0x00000054a9b00000) (1024K)]
  0x000001f1f7921720 WorkerThread "G1 Conc#1"                       [id=24412, stack(0x00000054b0300000,0x00000054b0400000) (1024K)]
  0x000001f1f7921e60 WorkerThread "G1 Conc#2"                       [id=23348, stack(0x00000054b0400000,0x00000054b0500000) (1024K)]
  0x000001f1a68882f0 ConcurrentGCThread "G1 Refine#0"               [id=25972, stack(0x00000054a9b00000,0x00000054a9c00000) (1024K)]
  0x000001f1a688ab70 ConcurrentGCThread "G1 Service"                [id=18196, stack(0x00000054a9c00000,0x00000054a9d00000) (1024K)]
Total: 21

Threads with active compile tasks:
C2 CompilerThread0    49316 3691 %     4       java.awt.image.AreaAveragingScaleFilter::accumPixels @ 161 (545 bytes)
Total: 1

VM state: not at safepoint (normal execution)

VM Mutex/Monitor currently owned by a thread: None

Heap address: 0x0000000709400000, size: 3948 MB, Compressed Oops mode: Zero based, Oop shift amount: 3

CDS archive(s) mapped at: [0x000001f1a7000000-0x000001f1a7c90000-0x000001f1a7c90000), size 13172736, SharedBaseAddress: 0x000001f1a7000000, ArchiveRelocationMode: 1.
Compressed class space mapped at: 0x000001f1a8000000-0x000001f1e8000000, reserved size: 1073741824
Narrow klass base: 0x000001f1a7000000, Narrow klass shift: 0, Narrow klass range: 0x100000000

GC Precious Log:
 CardTable entry size: 512
 Card Set container configuration: InlinePtr #cards 4 size 8 Array Of Cards #cards 16 size 48 Howl #buckets 8 coarsen threshold 3686 Howl Bitmap #cards 512 size 80 coarsen threshold 460 Card regions per heap region 1 cards per card region 4096
 CPUs: 16 total, 16 available
 Memory: 15791M
 Large Page Support: Disabled
 NUMA Support: Disabled
 Compressed Oops: Enabled (Zero based)
 Heap Region Size: 2M
 Heap Min Capacity: 8M
 Heap Initial Capacity: 248M
 Heap Max Capacity: 3948M
 Pre-touch: Disabled
 Parallel Workers: 13
 Concurrent Workers: 3
 Concurrent Refinement Workers: 13
 Periodic GC: Disabled

Heap:
 garbage-first heap   total 81920K, used 55895K [0x0000000709400000, 0x0000000800000000)
  region size 2048K, 21 young (43008K), 3 survivors (6144K)
 Metaspace       used 22582K, committed 22784K, reserved 1114112K
  class space    used 2003K, committed 2112K, reserved 1048576K

Heap Regions: E=young(eden), S=young(survivor), O=old, HS=humongous(starts), HC=humongous(continues), CS=collection set, F=free, TAMS=top-at-mark-start, PB=parsable bottom
|   0|0x0000000709400000, 0x0000000709600000, 0x0000000709600000|100%|HS|  |TAMS 0x0000000709400000| PB 0x0000000709400000| Complete 
|   1|0x0000000709600000, 0x0000000709800000, 0x0000000709800000|100%| O|  |TAMS 0x0000000709600000| PB 0x0000000709600000| Untracked 
|   2|0x0000000709800000, 0x0000000709a00000, 0x0000000709a00000|100%| O|  |TAMS 0x0000000709800000| PB 0x0000000709800000| Untracked 
|   3|0x0000000709a00000, 0x0000000709c00000, 0x0000000709c00000|100%|HS|  |TAMS 0x0000000709a00000| PB 0x0000000709a00000| Complete 
|   4|0x0000000709c00000, 0x0000000709e00000, 0x0000000709e00000|100%|HS|  |TAMS 0x0000000709c00000| PB 0x0000000709c00000| Complete 
|   5|0x0000000709e00000, 0x000000070a000000, 0x000000070a000000|100%| O|  |TAMS 0x0000000709e00000| PB 0x0000000709e00000| Untracked 
|   6|0x000000070a000000, 0x000000070a166c00, 0x000000070a200000| 70%| O|  |TAMS 0x000000070a000000| PB 0x000000070a000000| Untracked 
|   7|0x000000070a200000, 0x000000070a400000, 0x000000070a400000|100%| O|  |TAMS 0x000000070a200000| PB 0x000000070a200000| Untracked 
|   8|0x000000070a400000, 0x000000070a400000, 0x000000070a600000|  0%| F|  |TAMS 0x000000070a400000| PB 0x000000070a400000| Untracked 
|   9|0x000000070a600000, 0x000000070a600000, 0x000000070a800000|  0%| F|  |TAMS 0x000000070a600000| PB 0x000000070a600000| Untracked 
|  10|0x000000070a800000, 0x000000070a800000, 0x000000070aa00000|  0%| F|  |TAMS 0x000000070a800000| PB 0x000000070a800000| Untracked 
|  11|0x000000070aa00000, 0x000000070aa00000, 0x000000070ac00000|  0%| F|  |TAMS 0x000000070aa00000| PB 0x000000070aa00000| Untracked 
|  12|0x000000070ac00000, 0x000000070ac00000, 0x000000070ae00000|  0%| F|  |TAMS 0x000000070ac00000| PB 0x000000070ac00000| Untracked 
|  13|0x000000070ae00000, 0x000000070af2f3a0, 0x000000070b000000| 59%| S|CS|TAMS 0x000000070ae00000| PB 0x000000070ae00000| Complete 
|  14|0x000000070b000000, 0x000000070b000000, 0x000000070b200000|  0%| F|  |TAMS 0x000000070b000000| PB 0x000000070b000000| Untracked 
|  15|0x000000070b200000, 0x000000070b200000, 0x000000070b400000|  0%| F|  |TAMS 0x000000070b200000| PB 0x000000070b200000| Untracked 
|  16|0x000000070b400000, 0x000000070b600000, 0x000000070b600000|100%| S|CS|TAMS 0x000000070b400000| PB 0x000000070b400000| Complete 
|  17|0x000000070b600000, 0x000000070b800000, 0x000000070b800000|100%| S|CS|TAMS 0x000000070b600000| PB 0x000000070b600000| Complete 
|  18|0x000000070b800000, 0x000000070b800000, 0x000000070ba00000|  0%| F|  |TAMS 0x000000070b800000| PB 0x000000070b800000| Untracked 
|  19|0x000000070ba00000, 0x000000070ba00000, 0x000000070bc00000|  0%| F|  |TAMS 0x000000070ba00000| PB 0x000000070ba00000| Untracked 
|  20|0x000000070bc00000, 0x000000070bc00000, 0x000000070be00000|  0%| F|  |TAMS 0x000000070bc00000| PB 0x000000070bc00000| Untracked 
|  21|0x000000070be00000, 0x000000070be00000, 0x000000070c000000|  0%| F|  |TAMS 0x000000070be00000| PB 0x000000070be00000| Untracked 
|  22|0x000000070c000000, 0x000000070c1cc410, 0x000000070c200000| 89%| E|  |TAMS 0x000000070c000000| PB 0x000000070c000000| Complete 
|  23|0x000000070c200000, 0x000000070c400000, 0x000000070c400000|100%| E|CS|TAMS 0x000000070c200000| PB 0x000000070c200000| Complete 
|  24|0x000000070c400000, 0x000000070c600000, 0x000000070c600000|100%| E|CS|TAMS 0x000000070c400000| PB 0x000000070c400000| Complete 
|  25|0x000000070c600000, 0x000000070c800000, 0x000000070c800000|100%| E|CS|TAMS 0x000000070c600000| PB 0x000000070c600000| Complete 
|  26|0x000000070c800000, 0x000000070ca00000, 0x000000070ca00000|100%| E|CS|TAMS 0x000000070c800000| PB 0x000000070c800000| Complete 
|  27|0x000000070ca00000, 0x000000070cc00000, 0x000000070cc00000|100%| E|CS|TAMS 0x000000070ca00000| PB 0x000000070ca00000| Complete 
|  28|0x000000070cc00000, 0x000000070ce00000, 0x000000070ce00000|100%| E|CS|TAMS 0x000000070cc00000| PB 0x000000070cc00000| Complete 
|  29|0x000000070ce00000, 0x000000070d000000, 0x000000070d000000|100%| E|CS|TAMS 0x000000070ce00000| PB 0x000000070ce00000| Complete 
|  30|0x000000070d000000, 0x000000070d200000, 0x000000070d200000|100%| E|CS|TAMS 0x000000070d000000| PB 0x000000070d000000| Complete 
|  31|0x000000070d200000, 0x000000070d400000, 0x000000070d400000|100%| E|CS|TAMS 0x000000070d200000| PB 0x000000070d200000| Complete 
|  32|0x000000070d400000, 0x000000070d600000, 0x000000070d600000|100%| E|CS|TAMS 0x000000070d400000| PB 0x000000070d400000| Complete 
|  33|0x000000070d600000, 0x000000070d800000, 0x000000070d800000|100%| E|CS|TAMS 0x000000070d600000| PB 0x000000070d600000| Complete 
|  34|0x000000070d800000, 0x000000070da00000, 0x000000070da00000|100%| E|CS|TAMS 0x000000070d800000| PB 0x000000070d800000| Complete 
|  86|0x0000000714000000, 0x0000000714200000, 0x0000000714200000|100%| E|CS|TAMS 0x0000000714000000| PB 0x0000000714000000| Complete 
|  87|0x0000000714200000, 0x0000000714400000, 0x0000000714400000|100%| E|CS|TAMS 0x0000000714200000| PB 0x0000000714200000| Complete 
|  88|0x0000000714400000, 0x0000000714600000, 0x0000000714600000|100%| E|CS|TAMS 0x0000000714400000| PB 0x0000000714400000| Complete 
| 122|0x0000000718800000, 0x0000000718a00000, 0x0000000718a00000|100%| E|CS|TAMS 0x0000000718800000| PB 0x0000000718800000| Complete 
| 123|0x0000000718a00000, 0x0000000718c00000, 0x0000000718c00000|100%| E|CS|TAMS 0x0000000718a00000| PB 0x0000000718a00000| Complete 

Card table byte_map: [0x000001f19f830000,0x000001f19fff0000] _byte_map_base: 0x000001f19bfe6000

Marking Bits: (CMBitMap*) 0x000001f186c029f0
 Bits: [0x000001f19fff0000, 0x000001f1a3da0000)

Polling page: 0x000001f186c40000

Metaspace:

Usage:
  Non-class:     20.10 MB used.
      Class:      1.96 MB used.
       Both:     22.05 MB used.

Virtual space:
  Non-class space:       64.00 MB reserved,      20.19 MB ( 32%) committed,  1 nodes.
      Class space:        1.00 GB reserved,       2.06 MB ( <1%) committed,  1 nodes.
             Both:        1.06 GB reserved,      22.25 MB (  2%) committed. 

Chunk freelists:
   Non-Class:  10.94 MB
       Class:  13.92 MB
        Both:  24.86 MB

MaxMetaspaceSize: unlimited
CompressedClassSpaceSize: 1.00 GB
Initial GC threshold: 21.00 MB
Current GC threshold: 35.56 MB
CDS: on
 - commit_granule_bytes: 65536.
 - commit_granule_words: 8192.
 - virtual_space_node_default_size: 8388608.
 - enlarge_chunks_in_place: 1.
 - use_allocation_guard: 0.


Internal statistics:

num_allocs_failed_limit: 5.
num_arena_births: 190.
num_arena_deaths: 0.
num_vsnodes_births: 2.
num_vsnodes_deaths: 0.
num_space_committed: 354.
num_space_uncommitted: 0.
num_chunks_returned_to_freelist: 5.
num_chunks_taken_from_freelist: 498.
num_chunk_merges: 0.
num_chunk_splits: 359.
num_chunks_enlarged: 266.
num_inconsistent_stats: 0.

CodeHeap 'non-profiled nmethods': size=119168Kb used=1519Kb max_used=1519Kb free=117648Kb
 bounds [0x000001f196c40000, 0x000001f196eb0000, 0x000001f19e0a0000]
CodeHeap 'profiled nmethods': size=119104Kb used=8393Kb max_used=8393Kb free=110710Kb
 bounds [0x000001f18f0a0000, 0x000001f18f8e0000, 0x000001f1964f0000]
CodeHeap 'non-nmethods': size=7488Kb used=2442Kb max_used=4176Kb free=5046Kb
 bounds [0x000001f1964f0000, 0x000001f196910000, 0x000001f196c40000]
 total_blobs=4967 nmethods=3689 adapters=1181
 compilation: enabled
              stopped_count=0, restarted_count=0
 full_count=0

Compilation events (20 events):
Event: 49.258 Thread 0x000001f1a69fd450 3685       4       java.util.ArrayList$Itr::<init> (26 bytes)
Event: 49.259 Thread 0x000001f1a69fd450 nmethod 3685 0x000001f196db9010 code [0x000001f196db91a0, 0x000001f196db9360]
Event: 49.260 Thread 0x000001f1ec0335b0 nmethod 3680 0x000001f18f8ca190 code [0x000001f18f8ca8c0, 0x000001f18f8cec78]
Event: 49.260 Thread 0x000001f1ec0335b0 3681  s    3       sun.awt.SunToolkit::getSunAwtDisableMixing (32 bytes)
Event: 49.260 Thread 0x000001f1ec0335b0 nmethod 3681 0x000001f18f8cfe10 code [0x000001f18f8d0080, 0x000001f18f8d0aa8]
Event: 49.260 Thread 0x000001f1ec0335b0 3682       3       java.awt.Component::areBoundsValid (29 bytes)
Event: 49.261 Thread 0x000001f1ec0335b0 nmethod 3682 0x000001f18f8d0e10 code [0x000001f18f8d0fe0, 0x000001f18f8d14a0]
Event: 49.261 Thread 0x000001f1ec0335b0 3686       3       java.util.ArrayList$ListItr::<init> (16 bytes)
Event: 49.261 Thread 0x000001f1ec0335b0 nmethod 3686 0x000001f18f8d1590 code [0x000001f18f8d1740, 0x000001f18f8d19e8]
Event: 49.261 Thread 0x000001f1ec0335b0 3683       1       java.awt.Component::setAutoFocusTransferOnDisposal (6 bytes)
Event: 49.261 Thread 0x000001f1ec0335b0 nmethod 3683 0x000001f196db9410 code [0x000001f196db95a0, 0x000001f196db9670]
Event: 49.261 Thread 0x000001f1ec0335b0 3687       3       java.awt.Component::isFocusTraversable (17 bytes)
Event: 49.261 Thread 0x000001f1ec0335b0 nmethod 3687 0x000001f18f8d1b10 code [0x000001f18f8d1ca0, 0x000001f18f8d1df8]
Event: 49.261 Thread 0x000001f1ec0335b0 3684       1       javax.swing.AbstractButton::getModel (5 bytes)
Event: 49.261 Thread 0x000001f1ec0335b0 nmethod 3684 0x000001f196db9710 code [0x000001f196db98a0, 0x000001f196db9970]
Event: 49.265 Thread 0x000001f1a69fd450 3688   !   4       java.io.BufferedInputStream::read (69 bytes)
Event: 49.267 Thread 0x000001f1ec0335b0 3689       3       sun.awt.image.IntegerInterleavedRaster::getDataElements (101 bytes)
Event: 49.268 Thread 0x000001f1ec0335b0 nmethod 3689 0x000001f18f8d1e90 code [0x000001f18f8d2080, 0x000001f18f8d2590]
Event: 49.283 Thread 0x000001f1a69fd450 nmethod 3688 0x000001f196db9a10 code [0x000001f196db9d20, 0x000001f196dbb0e0]
Event: 49.283 Thread 0x000001f1a69fd450 3691 %     4       java.awt.image.AreaAveragingScaleFilter::accumPixels @ 161 (545 bytes)

GC Heap History (20 events):
Event: 27.583 GC heap before
{Heap before GC invocations=9 (full 0):
 garbage-first heap   total 81920K, used 61350K [0x0000000709400000, 0x0000000800000000)
  region size 2048K, 24 young (49152K), 3 survivors (6144K)
 Metaspace       used 22187K, committed 22464K, reserved 1114112K
  class space    used 2001K, committed 2112K, reserved 1048576K
}
Event: 27.586 GC heap after
{Heap after GC invocations=10 (full 0):
 garbage-first heap   total 81920K, used 20546K [0x0000000709400000, 0x0000000800000000)
  region size 2048K, 3 young (6144K), 3 survivors (6144K)
 Metaspace       used 22187K, committed 22464K, reserved 1114112K
  class space    used 2001K, committed 2112K, reserved 1048576K
}
Event: 29.763 GC heap before
{Heap before GC invocations=10 (full 0):
 garbage-first heap   total 81920K, used 63554K [0x0000000709400000, 0x0000000800000000)
  region size 2048K, 24 young (49152K), 3 survivors (6144K)
 Metaspace       used 22226K, committed 22464K, reserved 1114112K
  class space    used 2001K, committed 2112K, reserved 1048576K
}
Event: 29.766 GC heap after
{Heap after GC invocations=11 (full 0):
 garbage-first heap   total 81920K, used 20666K [0x0000000709400000, 0x0000000800000000)
  region size 2048K, 3 young (6144K), 3 survivors (6144K)
 Metaspace       used 22226K, committed 22464K, reserved 1114112K
  class space    used 2001K, committed 2112K, reserved 1048576K
}
Event: 31.971 GC heap before
{Heap before GC invocations=11 (full 0):
 garbage-first heap   total 81920K, used 63674K [0x0000000709400000, 0x0000000800000000)
  region size 2048K, 24 young (49152K), 3 survivors (6144K)
 Metaspace       used 22323K, committed 22592K, reserved 1114112K
  class space    used 2001K, committed 2112K, reserved 1048576K
}
Event: 31.973 GC heap after
{Heap after GC invocations=12 (full 0):
 garbage-first heap   total 81920K, used 19970K [0x0000000709400000, 0x0000000800000000)
  region size 2048K, 3 young (6144K), 3 survivors (6144K)
 Metaspace       used 22323K, committed 22592K, reserved 1114112K
  class space    used 2001K, committed 2112K, reserved 1048576K
}
Event: 34.125 GC heap before
{Heap before GC invocations=12 (full 0):
 garbage-first heap   total 81920K, used 62978K [0x0000000709400000, 0x0000000800000000)
  region size 2048K, 24 young (49152K), 3 survivors (6144K)
 Metaspace       used 22434K, committed 22656K, reserved 1114112K
  class space    used 2001K, committed 2112K, reserved 1048576K
}
Event: 34.127 GC heap after
{Heap after GC invocations=13 (full 0):
 garbage-first heap   total 81920K, used 18835K [0x0000000709400000, 0x0000000800000000)
  region size 2048K, 3 young (6144K), 3 survivors (6144K)
 Metaspace       used 22434K, committed 22656K, reserved 1114112K
  class space    used 2001K, committed 2112K, reserved 1048576K
}
Event: 36.336 GC heap before
{Heap before GC invocations=13 (full 0):
 garbage-first heap   total 81920K, used 61843K [0x0000000709400000, 0x0000000800000000)
  region size 2048K, 24 young (49152K), 3 survivors (6144K)
 Metaspace       used 22444K, committed 22656K, reserved 1114112K
  class space    used 2001K, committed 2112K, reserved 1048576K
}
Event: 36.339 GC heap after
{Heap after GC invocations=14 (full 0):
 garbage-first heap   total 81920K, used 20892K [0x0000000709400000, 0x0000000800000000)
  region size 2048K, 3 young (6144K), 3 survivors (6144K)
 Metaspace       used 22444K, committed 22656K, reserved 1114112K
  class space    used 2001K, committed 2112K, reserved 1048576K
}
Event: 38.504 GC heap before
{Heap before GC invocations=14 (full 0):
 garbage-first heap   total 81920K, used 63900K [0x0000000709400000, 0x0000000800000000)
  region size 2048K, 24 young (49152K), 3 survivors (6144K)
 Metaspace       used 22446K, committed 22720K, reserved 1114112K
  class space    used 2001K, committed 2112K, reserved 1048576K
}
Event: 38.506 GC heap after
{Heap after GC invocations=15 (full 0):
 garbage-first heap   total 81920K, used 20229K [0x0000000709400000, 0x0000000800000000)
  region size 2048K, 3 young (6144K), 3 survivors (6144K)
 Metaspace       used 22446K, committed 22720K, reserved 1114112K
  class space    used 2001K, committed 2112K, reserved 1048576K
}
Event: 40.713 GC heap before
{Heap before GC invocations=15 (full 0):
 garbage-first heap   total 81920K, used 63237K [0x0000000709400000, 0x0000000800000000)
  region size 2048K, 24 young (49152K), 3 survivors (6144K)
 Metaspace       used 22470K, committed 22720K, reserved 1114112K
  class space    used 2001K, committed 2112K, reserved 1048576K
}
Event: 40.716 GC heap after
{Heap after GC invocations=16 (full 0):
 garbage-first heap   total 81920K, used 21079K [0x0000000709400000, 0x0000000800000000)
  region size 2048K, 3 young (6144K), 3 survivors (6144K)
 Metaspace       used 22470K, committed 22720K, reserved 1114112K
  class space    used 2001K, committed 2112K, reserved 1048576K
}
Event: 42.850 GC heap before
{Heap before GC invocations=16 (full 0):
 garbage-first heap   total 81920K, used 64087K [0x0000000709400000, 0x0000000800000000)
  region size 2048K, 24 young (49152K), 3 survivors (6144K)
 Metaspace       used 22545K, committed 22784K, reserved 1114112K
  class space    used 2001K, committed 2112K, reserved 1048576K
}
Event: 42.852 GC heap after
{Heap after GC invocations=17 (full 0):
 garbage-first heap   total 81920K, used 20340K [0x0000000709400000, 0x0000000800000000)
  region size 2048K, 3 young (6144K), 3 survivors (6144K)
 Metaspace       used 22545K, committed 22784K, reserved 1114112K
  class space    used 2001K, committed 2112K, reserved 1048576K
}
Event: 45.286 GC heap before
{Heap before GC invocations=17 (full 0):
 garbage-first heap   total 81920K, used 63348K [0x0000000709400000, 0x0000000800000000)
  region size 2048K, 24 young (49152K), 3 survivors (6144K)
 Metaspace       used 22551K, committed 22784K, reserved 1114112K
  class space    used 2001K, committed 2112K, reserved 1048576K
}
Event: 45.291 GC heap after
{Heap after GC invocations=18 (full 0):
 garbage-first heap   total 81920K, used 20922K [0x0000000709400000, 0x0000000800000000)
  region size 2048K, 3 young (6144K), 3 survivors (6144K)
 Metaspace       used 22551K, committed 22784K, reserved 1114112K
  class space    used 2001K, committed 2112K, reserved 1048576K
}
Event: 47.445 GC heap before
{Heap before GC invocations=18 (full 0):
 garbage-first heap   total 81920K, used 63930K [0x0000000709400000, 0x0000000800000000)
  region size 2048K, 24 young (49152K), 3 survivors (6144K)
 Metaspace       used 22572K, committed 22784K, reserved 1114112K
  class space    used 2003K, committed 2112K, reserved 1048576K
}
Event: 47.448 GC heap after
{Heap after GC invocations=19 (full 0):
 garbage-first heap   total 81920K, used 21079K [0x0000000709400000, 0x0000000800000000)
  region size 2048K, 3 young (6144K), 3 survivors (6144K)
 Metaspace       used 22572K, committed 22784K, reserved 1114112K
  class space    used 2003K, committed 2112K, reserved 1048576K
}

Dll operation events (20 events):
Event: 13.738 Loaded shared library C:\Users\tranh\.javacpp\cache\javacpp-1.5.9-windows-x86_64.jar\org\bytedeco\javacpp\windows-x86_64\api-ms-win-core-util-l1-1-0.dll
Event: 13.743 Loaded shared library C:\Users\tranh\.javacpp\cache\javacpp-1.5.9-windows-x86_64.jar\org\bytedeco\javacpp\windows-x86_64\api-ms-win-core-interlocked-l1-1-0.dll
Event: 13.748 Loaded shared library C:\Users\tranh\.javacpp\cache\javacpp-1.5.9-windows-x86_64.jar\org\bytedeco\javacpp\windows-x86_64\ucrtbase.dll
Event: 13.753 Loaded shared library C:\Users\tranh\.javacpp\cache\javacpp-1.5.9-windows-x86_64.jar\org\bytedeco\javacpp\windows-x86_64\vcruntime140.dll
Event: 13.758 Loaded shared library C:\Users\tranh\.javacpp\cache\javacpp-1.5.9-windows-x86_64.jar\org\bytedeco\javacpp\windows-x86_64\vcruntime140_1.dll
Event: 13.762 Loaded shared library C:\Users\tranh\.javacpp\cache\javacpp-1.5.9-windows-x86_64.jar\org\bytedeco\javacpp\windows-x86_64\msvcp140.dll
Event: 13.766 Loaded shared library C:\Users\tranh\.javacpp\cache\javacpp-1.5.9-windows-x86_64.jar\org\bytedeco\javacpp\windows-x86_64\msvcp140_1.dll
Event: 13.770 Loaded shared library C:\Users\tranh\.javacpp\cache\javacpp-1.5.9-windows-x86_64.jar\org\bytedeco\javacpp\windows-x86_64\concrt140.dll
Event: 13.774 Loaded shared library C:\Users\tranh\.javacpp\cache\javacpp-1.5.9-windows-x86_64.jar\org\bytedeco\javacpp\windows-x86_64\vcomp140.dll
Event: 13.780 Loaded shared library C:\Users\tranh\.javacpp\cache\javacpp-1.5.9-windows-x86_64.jar\org\bytedeco\javacpp\windows-x86_64\jnijavacpp.dll
Event: 13.849 Loaded shared library C:\Users\tranh\.javacpp\cache\openblas-0.3.23-1.5.9-windows-x86_64.jar\org\bytedeco\openblas\windows-x86_64\libopenblas_nolapack.dll
Event: 13.867 Loaded shared library C:\Users\tranh\.javacpp\cache\openblas-0.3.23-1.5.9-windows-x86_64.jar\org\bytedeco\openblas\windows-x86_64\jniopenblas_nolapack.dll
Event: 13.929 Loaded shared library C:\Users\tranh\.javacpp\cache\openblas-0.3.23-1.5.9-windows-x86_64.jar\org\bytedeco\openblas\windows-x86_64\libopenblas.dll
Event: 13.990 Loaded shared library C:\Users\tranh\.javacpp\cache\openblas-0.3.23-1.5.9-windows-x86_64.jar\org\bytedeco\openblas\windows-x86_64\jniopenblas.dll
Event: 14.383 Loaded shared library C:\Users\tranh\.javacpp\cache\opencv-4.7.0-1.5.9-windows-x86_64.jar\org\bytedeco\opencv\windows-x86_64\opencv_core470.dll
Event: 14.430 Loaded shared library C:\Users\tranh\.javacpp\cache\opencv-4.7.0-1.5.9-windows-x86_64.jar\org\bytedeco\opencv\windows-x86_64\opencv_imgproc470.dll
Event: 14.457 Loaded shared library C:\Users\tranh\.javacpp\cache\opencv-4.7.0-1.5.9-windows-x86_64.jar\org\bytedeco\opencv\windows-x86_64\jniopencv_core.dll
Event: 14.600 Loaded shared library C:\Windows\System32\ole32.dll
Event: 14.602 Loaded shared library C:\Windows\System32\oleaut32.dll
Event: 14.632 Loaded shared library C:\Users\tranh\.javacpp\cache\videoinput-0.200-1.5.9-windows-x86_64.jar\org\bytedeco\videoinput\windows-x86_64\jnivideoInputLib.dll

Deoptimization events (20 events):
Event: 49.267 Thread 0x000001f1f71eb760 Uncommon trap: trap_request=0xffffffbe fr.pc=0x000001f196cd6d0c relative=0x0000000000001bac
Event: 49.267 Thread 0x000001f1f71eb760 Uncommon trap: reason=profile_predicate action=maybe_recompile pc=0x000001f196cd6d0c method=java.awt.image.AreaAveragingScaleFilter.accumPixels(IIIILjava/awt/image/ColorModel;Ljava/lang/Object;II)V @ 164 c2
Event: 49.267 Thread 0x000001f1f71eb760 DEOPT PACKING pc=0x000001f196cd6d0c sp=0x00000054ab0fe590
Event: 49.267 Thread 0x000001f1f71eb760 DEOPT UNPACKING pc=0x000001f1965446a2 sp=0x00000054ab0fe518 mode 2
Event: 49.267 Thread 0x000001f1f71eb760 Uncommon trap: trap_request=0xfffffff4 fr.pc=0x000001f196c94d58 relative=0x0000000000001f58
Event: 49.267 Thread 0x000001f1f71eb760 Uncommon trap: reason=null_check action=make_not_entrant pc=0x000001f196c94d58 method=java.awt.image.AreaAveragingScaleFilter.calcRow()[I @ 16 c2
Event: 49.267 Thread 0x000001f1f71eb760 DEOPT PACKING pc=0x000001f196c94d58 sp=0x00000054ab0fe5b0
Event: 49.267 Thread 0x000001f1f71eb760 DEOPT UNPACKING pc=0x000001f1965446a2 sp=0x00000054ab0fe480 mode 2
Event: 49.267 Thread 0x000001f1f71eb760 Uncommon trap: trap_request=0xffffff45 fr.pc=0x000001f196c8edd4 relative=0x0000000000000214
Event: 49.267 Thread 0x000001f1f71eb760 Uncommon trap: reason=unstable_if action=reinterpret pc=0x000001f196c8edd4 method=sun.awt.image.IntegerInterleavedRaster.getDataElements(IILjava/lang/Object;)Ljava/lang/Object; @ 43 c2
Event: 49.267 Thread 0x000001f1f71eb760 DEOPT PACKING pc=0x000001f196c8edd4 sp=0x00000054ab0fe2c0
Event: 49.267 Thread 0x000001f1f71eb760 DEOPT UNPACKING pc=0x000001f1965446a2 sp=0x00000054ab0fe260 mode 2
Event: 49.268 Thread 0x000001f1f71eb760 Uncommon trap: trap_request=0xffffff45 fr.pc=0x000001f196c90e7c relative=0x00000000000009fc
Event: 49.268 Thread 0x000001f1f71eb760 Uncommon trap: reason=unstable_if action=reinterpret pc=0x000001f196c90e7c method=sun.awt.image.ImageRepresentation.convertToRGB()V @ 145 c2
Event: 49.268 Thread 0x000001f1f71eb760 DEOPT PACKING pc=0x000001f196c90e7c sp=0x00000054ab0fe340
Event: 49.268 Thread 0x000001f1f71eb760 DEOPT UNPACKING pc=0x000001f1965446a2 sp=0x00000054ab0fe2e8 mode 2
Event: 49.268 Thread 0x000001f1f71eb760 Uncommon trap: trap_request=0xffffffbe fr.pc=0x000001f196cd6d0c relative=0x0000000000001bac
Event: 49.268 Thread 0x000001f1f71eb760 Uncommon trap: reason=profile_predicate action=maybe_recompile pc=0x000001f196cd6d0c method=java.awt.image.AreaAveragingScaleFilter.accumPixels(IIIILjava/awt/image/ColorModel;Ljava/lang/Object;II)V @ 164 c2
Event: 49.268 Thread 0x000001f1f71eb760 DEOPT PACKING pc=0x000001f196cd6d0c sp=0x00000054ab0fe590
Event: 49.268 Thread 0x000001f1f71eb760 DEOPT UNPACKING pc=0x000001f1965446a2 sp=0x00000054ab0fe518 mode 2

Classes loaded (20 events):
Event: 17.000 Loading class com/sun/imageio/plugins/jpeg/DHTMarkerSegment$Htable
Event: 17.001 Loading class com/sun/imageio/plugins/jpeg/DHTMarkerSegment$Htable done
Event: 17.001 Loading class com/sun/imageio/plugins/jpeg/SOFMarkerSegment
Event: 17.002 Loading class com/sun/imageio/plugins/jpeg/SOFMarkerSegment done
Event: 17.002 Loading class com/sun/imageio/plugins/jpeg/SOFMarkerSegment$ComponentSpec
Event: 17.002 Loading class com/sun/imageio/plugins/jpeg/SOFMarkerSegment$ComponentSpec done
Event: 17.002 Loading class com/sun/imageio/plugins/jpeg/SOSMarkerSegment
Event: 17.002 Loading class com/sun/imageio/plugins/jpeg/SOSMarkerSegment done
Event: 17.002 Loading class com/sun/imageio/plugins/jpeg/SOSMarkerSegment$ScanComponentSpec
Event: 17.002 Loading class com/sun/imageio/plugins/jpeg/SOSMarkerSegment$ScanComponentSpec done
Event: 17.002 Loading class com/sun/imageio/plugins/jpeg/AdobeMarkerSegment
Event: 17.003 Loading class com/sun/imageio/plugins/jpeg/AdobeMarkerSegment done
Event: 17.003 Loading class com/sun/imageio/plugins/jpeg/DRIMarkerSegment
Event: 17.003 Loading class com/sun/imageio/plugins/jpeg/DRIMarkerSegment done
Event: 17.023 Loading class java/util/Base64
Event: 17.024 Loading class java/util/Base64 done
Event: 17.024 Loading class java/util/Base64$Encoder
Event: 17.024 Loading class java/util/Base64$Encoder done
Event: 46.467 Loading class java/util/concurrent/LinkedBlockingQueue$Itr
Event: 46.468 Loading class java/util/concurrent/LinkedBlockingQueue$Itr done

Classes unloaded (0 events):
No events

Classes redefined (0 events):
No events

Internal exceptions (20 events):
Event: 0.899 Thread 0x000001f18512f130 Exception <a 'java/lang/NoSuchMethodError'{0x0000000717c1c5d8}: 'int java.lang.invoke.Invokers$Holder.invokeExact_MT(java.lang.Object, java.lang.Object)'> (0x0000000717c1c5d8) 
thrown [s\open\src\hotspot\share\interpreter\linkResolver.cpp, line 773]
Event: 0.925 Thread 0x000001f1ed7a4b30 Implicit null exception at 0x000001f196c6eaa4 to 0x000001f196c6f10c
Event: 0.974 Thread 0x000001f1ed7a4b30 Exception <a 'java/lang/NoSuchMethodError'{0x0000000717af6180}: 'java.lang.Object java.lang.invoke.DirectMethodHandle$Holder.newInvokeSpecial(java.lang.Object, java.lang.Object, java.lang.Object, int, int, int, int, int)'> (0x0000000717af6180) 
thrown [s\open\src\hotspot\share\interpreter\linkResolver.cpp, line 773]
Event: 1.135 Thread 0x000001f18512f130 Exception <a 'java/lang/NoSuchMethodError'{0x00000007179ba9f0}: 'void java.lang.invoke.DirectMethodHandle$Holder.invokeStaticInit(java.lang.Object)'> (0x00000007179ba9f0) 
thrown [s\open\src\hotspot\share\interpreter\linkResolver.cpp, line 773]
Event: 1.190 Thread 0x000001f1eca1cdf0 Exception <a 'java/lang/NoSuchMethodError'{0x0000000717ef0c78}: 'void java.lang.invoke.DirectMethodHandle$Holder.invokeVirtual(java.lang.Object, java.lang.Object)'> (0x0000000717ef0c78) 
thrown [s\open\src\hotspot\share\interpreter\linkResolver.cpp, line 773]
Event: 1.226 Thread 0x000001f1ed9eaac0 Exception <a 'java/lang/NoSuchMethodError'{0x00000007176ea050}: 'void java.lang.invoke.DirectMethodHandle$Holder.invokeStatic(java.lang.Object, java.lang.Object, java.lang.Object)'> (0x00000007176ea050) 
thrown [s\open\src\hotspot\share\interpreter\linkResolver.cpp, line 773]
Event: 1.235 Thread 0x000001f1ed9eaac0 Exception <a 'java/lang/NoSuchMethodError'{0x00000007176f6f30}: 'java.lang.Object java.lang.invoke.DirectMethodHandle$Holder.newInvokeSpecial(java.lang.Object, java.lang.Object, int, java.lang.Object)'> (0x00000007176f6f30) 
thrown [s\open\src\hotspot\share\interpreter\linkResolver.cpp, line 773]
Event: 1.237 Thread 0x000001f1ed9eaac0 Exception <a 'java/lang/NoSuchMethodError'{0x00000007176fb4a8}: 'java.lang.Object java.lang.invoke.DirectMethodHandle$Holder.invokeSpecial(java.lang.Object, java.lang.Object, java.lang.Object, int, java.lang.Object)'> (0x00000007176fb4a8) 
thrown [s\open\src\hotspot\share\interpreter\linkResolver.cpp, line 773]
Event: 1.237 Thread 0x000001f1ed9eaac0 Exception <a 'java/lang/NoSuchMethodError'{0x00000007176feb58}: 'java.lang.Object java.lang.invoke.Invokers$Holder.invoke_MT(java.lang.Object, java.lang.Object, int, java.lang.Object, java.lang.Object)'> (0x00000007176feb58) 
thrown [s\open\src\hotspot\share\interpreter\linkResolver.cpp, line 773]
Event: 4.182 Thread 0x000001f1ed99aea0 Exception <a 'java/lang/NoSuchMethodError'{0x00000007188ac580}: 'void java.lang.invoke.DirectMethodHandle$Holder.invokeStatic(java.lang.Object, java.lang.Object)'> (0x00000007188ac580) 
thrown [s\open\src\hotspot\share\interpreter\linkResolver.cpp, line 773]
Event: 11.943 Thread 0x000001f1ed99aea0 Exception <a 'java/lang/NoSuchMethodError'{0x000000071894d768}: 'int java.lang.invoke.DirectMethodHandle$Holder.invokeStatic(java.lang.Object)'> (0x000000071894d768) 
thrown [s\open\src\hotspot\share\interpreter\linkResolver.cpp, line 773]
Event: 13.404 Thread 0x000001f1ed99aea0 Exception <a 'java/lang/NoSuchMethodError'{0x00000007182aaa08}: 'java.lang.Object java.lang.invoke.DirectMethodHandle$Holder.invokeStaticInit(java.lang.Object, int, int, int, int)'> (0x00000007182aaa08) 
thrown [s\open\src\hotspot\share\interpreter\linkResolver.cpp, line 773]
Event: 13.449 Thread 0x000001f1ed9ef6c0 Exception <a 'java/lang/NoSuchMethodError'{0x0000000718088018}: 'java.lang.Object java.lang.invoke.DirectMethodHandle$Holder.invokeStaticInit(java.lang.Object, java.lang.Object, int, int, int, int)'> (0x0000000718088018) 
thrown [s\open\src\hotspot\share\interpreter\linkResolver.cpp, line 773]
Event: 13.465 Thread 0x000001f1ed9ef030 Exception <a 'java/lang/NoSuchMethodError'{0x0000000718101888}: 'int java.lang.invoke.DirectMethodHandle$Holder.invokeStaticInit(java.lang.Object, java.lang.Object, java.lang.Object, java.lang.Object)'> (0x0000000718101888) 
thrown [s\open\src\hotspot\share\interpreter\linkResolver.cpp, line 773]
Event: 13.467 Thread 0x000001f1ed9ef030 Exception <a 'java/lang/NoSuchMethodError'{0x000000071811c680}: 'java.lang.Object java.lang.invoke.DirectMethodHandle$Holder.invokeInterface(java.lang.Object, java.lang.Object)'> (0x000000071811c680) 
thrown [s\open\src\hotspot\share\interpreter\linkResolver.cpp, line 773]
Event: 13.468 Thread 0x000001f1ed9ef030 Exception <a 'java/lang/IncompatibleClassChangeError'{0x000000071811f978}: Found class java.lang.Object, but interface was expected> (0x000000071811f978) 
thrown [s\open\src\hotspot\share\interpreter\linkResolver.cpp, line 840]
Event: 13.470 Thread 0x000001f1ed9ef030 Exception <a 'java/lang/NoSuchMethodError'{0x0000000718122370}: 'void java.lang.invoke.DirectMethodHandle$Holder.invokeStaticInit(java.lang.Object, java.lang.Object)'> (0x0000000718122370) 
thrown [s\open\src\hotspot\share\interpreter\linkResolver.cpp, line 773]
Event: 13.473 Thread 0x000001f1ed9ef030 Exception <a 'java/lang/NoSuchMethodError'{0x0000000718127db8}: 'int java.lang.invoke.DirectMethodHandle$Holder.invokeStaticInit(java.lang.Object, java.lang.Object)'> (0x0000000718127db8) 
thrown [s\open\src\hotspot\share\interpreter\linkResolver.cpp, line 773]
Event: 49.267 Thread 0x000001f1f71eb760 Implicit null exception at 0x000001f196c93314 to 0x000001f196c94cec
Event: 49.267 Thread 0x000001f1f71eb760 Implicit null exception at 0x000001f196c8ec2a to 0x000001f196c8edb8

ZGC Phase Switch (0 events):
No events

VM Operations (20 events):
Event: 38.504 Executing VM operation: G1CollectForAllocation (G1 Evacuation Pause)
Event: 38.506 Executing VM operation: G1CollectForAllocation (G1 Evacuation Pause) done
Event: 40.507 Executing VM operation: Cleanup
Event: 40.507 Executing VM operation: Cleanup done
Event: 40.713 Executing VM operation: G1CollectForAllocation (G1 Evacuation Pause)
Event: 40.716 Executing VM operation: G1CollectForAllocation (G1 Evacuation Pause) done
Event: 42.716 Executing VM operation: Cleanup
Event: 42.716 Executing VM operation: Cleanup done
Event: 42.850 Executing VM operation: G1CollectForAllocation (G1 Evacuation Pause)
Event: 42.852 Executing VM operation: G1CollectForAllocation (G1 Evacuation Pause) done
Event: 44.853 Executing VM operation: Cleanup
Event: 44.853 Executing VM operation: Cleanup done
Event: 45.286 Executing VM operation: G1CollectForAllocation (G1 Evacuation Pause)
Event: 45.291 Executing VM operation: G1CollectForAllocation (G1 Evacuation Pause) done
Event: 46.292 Executing VM operation: Cleanup
Event: 46.292 Executing VM operation: Cleanup done
Event: 46.462 Executing VM operation: HandshakeAllThreads (Deoptimize)
Event: 46.462 Executing VM operation: HandshakeAllThreads (Deoptimize) done
Event: 47.445 Executing VM operation: G1CollectForAllocation (G1 Evacuation Pause)
Event: 47.448 Executing VM operation: G1CollectForAllocation (G1 Evacuation Pause) done

Events (20 events):
Event: 15.211 Thread 0x000001f1f70ece50 Thread exited: 0x000001f1f70ece50
Event: 16.305 Thread 0x000001f1f6bfdfd0 Thread exited: 0x000001f1f6bfdfd0
Event: 16.305 Thread 0x000001f1ec126c20 Thread exited: 0x000001f1ec126c20
Event: 16.305 Thread 0x000001f1edb7e6d0 Thread exited: 0x000001f1edb7e6d0
Event: 18.257 Thread 0x000001f1ed9edc80 Thread exited: 0x000001f1ed9edc80
Event: 18.290 Thread 0x000001f1ed9ee9a0 Thread exited: 0x000001f1ed9ee9a0
Event: 26.515 Thread 0x000001f1edb7e020 Thread exited: 0x000001f1edb7e020
Event: 26.563 Thread 0x000001f1ed7f1020 Thread exited: 0x000001f1ed7f1020
Event: 40.646 Thread 0x000001f1ecb4e900 Thread added: 0x000001f1ecb4e900
Event: 41.329 Thread 0x000001f1ecb4e900 Thread exited: 0x000001f1ecb4e900
Event: 42.485 Thread 0x000001f1ecb4e900 Thread added: 0x000001f1ecb4e900
Event: 42.518 Thread 0x000001f1f7be3500 Thread added: 0x000001f1f7be3500
Event: 42.520 Thread 0x000001f1f69e2130 Thread added: 0x000001f1f69e2130
Event: 43.469 Thread 0x000001f1f69e2130 Thread exited: 0x000001f1f69e2130
Event: 44.289 Thread 0x000001f1f7be3500 Thread exited: 0x000001f1f7be3500
Event: 44.289 Thread 0x000001f1ecb4e900 Thread exited: 0x000001f1ecb4e900
Event: 46.467 Thread 0x000001f1f71e68a0 Thread exited: 0x000001f1f71e68a0
Event: 46.468 Thread 0x000001f1ed9ef6c0 Thread exited: 0x000001f1ed9ef6c0
Event: 46.468 Thread 0x000001f1ed9efd50 Thread exited: 0x000001f1ed9efd50
Event: 49.261 Thread 0x000001f1f71eb760 Thread added: 0x000001f1f71eb760


Dynamic libraries:
0x00007ff69b200000 - 0x00007ff69b210000 	C:\Program Files\Java\jdk-21\bin\java.exe
0x00007fffdf5a0000 - 0x00007fffdf803000 	C:\WINDOWS\SYSTEM32\ntdll.dll
0x00007fffde180000 - 0x00007fffde248000 	C:\WINDOWS\System32\KERNEL32.DLL
0x00007fffdce50000 - 0x00007fffdd201000 	C:\WINDOWS\System32\KERNELBASE.dll
0x00007fffdcd00000 - 0x00007fffdce4b000 	C:\WINDOWS\System32\ucrtbase.dll
0x00007fffd64e0000 - 0x00007fffd64f9000 	C:\Program Files\Java\jdk-21\bin\jli.dll
0x00007fffd59d0000 - 0x00007fffd59eb000 	C:\Program Files\Java\jdk-21\bin\VCRUNTIME140.dll
0x00007fffdf080000 - 0x00007fffdf134000 	C:\WINDOWS\System32\ADVAPI32.dll
0x00007fffdeed0000 - 0x00007fffdef79000 	C:\WINDOWS\System32\msvcrt.dll
0x00007fffde2f0000 - 0x00007fffde396000 	C:\WINDOWS\System32\sechost.dll
0x00007fffdebe0000 - 0x00007fffdecf6000 	C:\WINDOWS\System32\RPCRT4.dll
0x00007fffddfb0000 - 0x00007fffde178000 	C:\WINDOWS\System32\USER32.dll
0x00007fffcc670000 - 0x00007fffcc900000 	C:\WINDOWS\WinSxS\amd64_microsoft.windows.common-controls_6595b64144ccf1df_6.0.26100.2161_none_3e0cadb0e33078e1\COMCTL32.dll
0x00007fffdccd0000 - 0x00007fffdccf7000 	C:\WINDOWS\System32\win32u.dll
0x00007fffddb20000 - 0x00007fffddb4a000 	C:\WINDOWS\System32\GDI32.dll
0x00007fffdcaf0000 - 0x00007fffdcc15000 	C:\WINDOWS\System32\gdi32full.dll
0x00007fffdcc20000 - 0x00007fffdccc3000 	C:\WINDOWS\System32\msvcp_win.dll
0x00007fffd5170000 - 0x00007fffd517b000 	C:\WINDOWS\SYSTEM32\VERSION.dll
0x00007fffde700000 - 0x00007fffde72f000 	C:\WINDOWS\System32\IMM32.DLL
0x00007fffd9560000 - 0x00007fffd956c000 	C:\Program Files\Java\jdk-21\bin\vcruntime140_1.dll
0x00007fff8b830000 - 0x00007fff8b8be000 	C:\Program Files\Java\jdk-21\bin\msvcp140.dll
0x00007fff43800000 - 0x00007fff44515000 	C:\Program Files\Java\jdk-21\bin\server\jvm.dll
0x00007fffde3a0000 - 0x00007fffde414000 	C:\WINDOWS\System32\WS2_32.dll
0x00007fffdc820000 - 0x00007fffdc86e000 	C:\WINDOWS\SYSTEM32\POWRPROF.dll
0x00007fffd26a0000 - 0x00007fffd26d6000 	C:\WINDOWS\SYSTEM32\WINMM.dll
0x00007fffdc800000 - 0x00007fffdc814000 	C:\WINDOWS\SYSTEM32\UMPDC.dll
0x00007fffdb7c0000 - 0x00007fffdb7da000 	C:\WINDOWS\SYSTEM32\kernel.appcore.dll
0x00007fffd64d0000 - 0x00007fffd64da000 	C:\Program Files\Java\jdk-21\bin\jimage.dll
0x00007fffdac20000 - 0x00007fffdae61000 	C:\WINDOWS\SYSTEM32\DBGHELP.DLL
0x00007fffddc30000 - 0x00007fffddfad000 	C:\WINDOWS\System32\combase.dll
0x00007fffdefa0000 - 0x00007fffdf076000 	C:\WINDOWS\System32\OLEAUT32.dll
0x00007fffc8460000 - 0x00007fffc8499000 	C:\WINDOWS\SYSTEM32\dbgcore.DLL
0x00007fffdca50000 - 0x00007fffdcae9000 	C:\WINDOWS\System32\bcryptPrimitives.dll
0x00007fffd58f0000 - 0x00007fffd590f000 	C:\Program Files\Java\jdk-21\bin\java.dll
0x00007fffdd410000 - 0x00007fffddb0f000 	C:\WINDOWS\System32\SHELL32.dll
0x00007fffda3f0000 - 0x00007fffdac1d000 	C:\WINDOWS\SYSTEM32\windows.storage.dll
0x00007fffddb50000 - 0x00007fffddc23000 	C:\WINDOWS\System32\SHCORE.dll
0x00007fffdf2e0000 - 0x00007fffdf33d000 	C:\WINDOWS\System32\shlwapi.dll
0x00007fffdc8a0000 - 0x00007fffdc8ce000 	C:\WINDOWS\SYSTEM32\profapi.dll
0x00007fff8b730000 - 0x00007fff8b807000 	C:\Program Files\Java\jdk-21\bin\jsvml.dll
0x00007fffd1460000 - 0x00007fffd1470000 	C:\Program Files\Java\jdk-21\bin\net.dll
0x00007fffd8ef0000 - 0x00007fffd9016000 	C:\WINDOWS\SYSTEM32\WINHTTP.dll
0x00007fffdbd50000 - 0x00007fffdbdb8000 	C:\WINDOWS\system32\mswsock.dll
0x00007fffd1440000 - 0x00007fffd1456000 	C:\Program Files\Java\jdk-21\bin\nio.dll
0x00007fffd0a50000 - 0x00007fffd0a68000 	C:\Program Files\Java\jdk-21\bin\zip.dll
0x00007fff79b40000 - 0x00007fff79ccf000 	C:\Program Files\Java\jdk-21\bin\awt.dll
0x00007fffd88f0000 - 0x00007fffd898c000 	C:\WINDOWS\SYSTEM32\apphelp.dll
0x00007fffd9ca0000 - 0x00007fffd9cce000 	C:\WINDOWS\system32\DWMAPI.DLL
0x00007fffd9900000 - 0x00007fffd99ad000 	C:\WINDOWS\system32\uxtheme.dll
0x00007fff805c0000 - 0x00007fff806cc000 	C:\WINDOWS\system32\opengl32.dll
0x00007fff9be90000 - 0x00007fff9bebd000 	C:\WINDOWS\SYSTEM32\GLU32.dll
0x00007fffd9aa0000 - 0x00007fffd9ae5000 	C:\WINDOWS\SYSTEM32\dxcore.dll
0x00007fffdf400000 - 0x00007fffdf55b000 	C:\WINDOWS\System32\MSCTF.dll
0x00007fffde510000 - 0x00007fffde6a9000 	C:\WINDOWS\System32\ole32.dll
0x00007fff80820000 - 0x00007fff809c6000 	C:\WINDOWS\system32\d3d9.dll
0x00007fffd9af0000 - 0x00007fffd9b4c000 	C:\WINDOWS\SYSTEM32\directxdatabasehelper.dll
0x00007fffdc060000 - 0x00007fffdc073000 	C:\WINDOWS\SYSTEM32\msasn1.dll
0x00007fffd46d0000 - 0x00007fffd470b000 	C:\WINDOWS\SYSTEM32\cryptnet.dll
0x00007fffdd210000 - 0x00007fffdd386000 	C:\WINDOWS\System32\CRYPT32.dll
0x00007fffdc010000 - 0x00007fffdc01c000 	C:\WINDOWS\SYSTEM32\cryptbase.dll
0x00007fffdd390000 - 0x00007fffdd40a000 	C:\WINDOWS\System32\wintrust.dll
0x00007fffde250000 - 0x00007fffde270000 	C:\WINDOWS\System32\imagehlp.dll
0x00007fffdbff0000 - 0x00007fffdc00c000 	C:\WINDOWS\SYSTEM32\CRYPTSP.dll
0x00007fffdb720000 - 0x00007fffdb758000 	C:\WINDOWS\system32\rsaenh.dll
0x00007fffdc230000 - 0x00007fffdc256000 	C:\WINDOWS\SYSTEM32\bcrypt.dll
0x00007fffc3150000 - 0x00007fffc3211000 	C:\WINDOWS\System32\DriverStore\FileRepository\nvam.inf_amd64_900a074fe80431cd\nvldumdx.dll
0x00007fffdc0d0000 - 0x00007fffdc12d000 	C:\WINDOWS\SYSTEM32\wldp.dll
0x00007fffd4510000 - 0x00007fffd4687000 	C:\WINDOWS\SYSTEM32\drvstore.dll
0x00007fffdc560000 - 0x00007fffdc58d000 	C:\WINDOWS\SYSTEM32\devobj.dll
0x00007fffdc590000 - 0x00007fffdc5ef000 	C:\WINDOWS\SYSTEM32\cfgmgr32.dll
0x00007fff8e7f0000 - 0x00007fff9061f000 	C:\WINDOWS\System32\DriverStore\FileRepository\nvam.inf_amd64_900a074fe80431cd\nvgpucomp64.dll
0x00007fff02a70000 - 0x00007fff04ab3000 	C:\WINDOWS\System32\DriverStore\FileRepository\nvam.inf_amd64_900a074fe80431cd\nvd3dumx.dll
0x00007fffd1610000 - 0x00007fffd17c8000 	C:\WINDOWS\System32\DriverStore\FileRepository\u0382793.inf_amd64_1c9c9d36a5813460\B384051\aticfx64.dll
0x00007fffafae0000 - 0x00007fffafb14000 	C:\WINDOWS\System32\DriverStore\FileRepository\u0382793.inf_amd64_1c9c9d36a5813460\B384051\atiu9p64.dll
0x00007fff42aa0000 - 0x00007fff437f4000 	C:\WINDOWS\System32\DriverStore\FileRepository\u0382793.inf_amd64_1c9c9d36a5813460\B384051\atiumd64.dll
0x000000005b390000 - 0x000000005c204000 	C:\WINDOWS\System32\DriverStore\FileRepository\u0382793.inf_amd64_1c9c9d36a5813460\B384051\atiumd6a.dll
0x00007fffde740000 - 0x00007fffdebc5000 	C:\WINDOWS\System32\SETUPAPI.dll
0x00007fffd8b50000 - 0x00007fffd8b80000 	C:\WINDOWS\SYSTEM32\amdihk64.dll
0x00007fffba1e0000 - 0x00007fffba20e000 	C:\Program Files\Java\jdk-21\bin\javajpeg.dll
0x00007fff81f80000 - 0x00007fff82007000 	C:\Program Files\Java\jdk-21\bin\freetype.dll
0x00007fff7be40000 - 0x00007fff7bf13000 	C:\Program Files\Java\jdk-21\bin\fontmanager.dll
0x00007fffdf340000 - 0x00007fffdf3e8000 	C:\WINDOWS\System32\clbcatq.dll
0x00007fffd9650000 - 0x00007fffd987a000 	C:\WINDOWS\SYSTEM32\WindowsCodecs.dll
0x00007fffcc3d0000 - 0x00007fffcc42a000 	C:\WINDOWS\system32\dataexchange.dll
0x00007fffcd8d0000 - 0x00007fffcdb07000 	C:\WINDOWS\system32\twinapi.appcore.dll
0x00007fffbfb70000 - 0x00007fffbfcb5000 	C:\WINDOWS\SYSTEM32\textinputframework.dll
0x00007fffd1430000 - 0x00007fffd1437000 	C:\Program Files\Java\jdk-21\bin\extnet.dll
0x00007fffd7df0000 - 0x00007fffd7f15000 	C:\WINDOWS\SYSTEM32\CoreMessaging.dll
0x00007fffd17d0000 - 0x00007fffd1ab3000 	C:\WINDOWS\SYSTEM32\CoreUIComponents.dll
0x00007fffd7110000 - 0x00007fffd7278000 	C:\WINDOWS\SYSTEM32\wintypes.dll
0x00007fffc4b00000 - 0x00007fffc4b18000 	C:\WINDOWS\system32\napinsp.dll
0x00007fffdb2c0000 - 0x00007fffdb3e5000 	C:\WINDOWS\SYSTEM32\DNSAPI.dll
0x00007fffdb280000 - 0x00007fffdb2b1000 	C:\WINDOWS\SYSTEM32\IPHLPAPI.DLL
0x00007fffdebd0000 - 0x00007fffdebda000 	C:\WINDOWS\System32\NSI.dll
0x00007fffc4aa0000 - 0x00007fffc4ab2000 	C:\WINDOWS\System32\winrnr.dll
0x00007fffc3f60000 - 0x00007fffc3f82000 	C:\WINDOWS\system32\nlansp_c.dll
0x00007fffc3220000 - 0x00007fffc3236000 	C:\WINDOWS\system32\wshbth.dll
0x00007fffd8d20000 - 0x00007fffd8d2b000 	C:\Windows\System32\rasadhlp.dll
0x00007fffd9160000 - 0x00007fffd91e6000 	C:\WINDOWS\System32\fwpuclnt.dll
0x00007fffd12d0000 - 0x00007fffd12e0000 	C:\Program Files\Java\jdk-21\bin\verify.dll
0x00007fffdbdf0000 - 0x00007fffdbe1b000 	C:\WINDOWS\SYSTEM32\USERENV.dll
0x000001f1f2f70000 - 0x000001f1f2f74000 	C:\Users\tranh\.javacpp\cache\javacpp-1.5.9-windows-x86_64.jar\org\bytedeco\javacpp\windows-x86_64\api-ms-win-crt-locale-l1-1-0.dll
0x000001f1f2fb0000 - 0x000001f1f2fb5000 	C:\Users\tranh\.javacpp\cache\javacpp-1.5.9-windows-x86_64.jar\org\bytedeco\javacpp\windows-x86_64\api-ms-win-crt-string-l1-1-0.dll
0x000001f1f2fc0000 - 0x000001f1f2fc5000 	C:\Users\tranh\.javacpp\cache\javacpp-1.5.9-windows-x86_64.jar\org\bytedeco\javacpp\windows-x86_64\api-ms-win-crt-stdio-l1-1-0.dll
0x000001f1f2fd0000 - 0x000001f1f2fd6000 	C:\Users\tranh\.javacpp\cache\javacpp-1.5.9-windows-x86_64.jar\org\bytedeco\javacpp\windows-x86_64\api-ms-win-crt-math-l1-1-0.dll
0x000001f1f5f00000 - 0x000001f1f5f04000 	C:\Users\tranh\.javacpp\cache\javacpp-1.5.9-windows-x86_64.jar\org\bytedeco\javacpp\windows-x86_64\api-ms-win-crt-heap-l1-1-0.dll
0x000001f1f5f10000 - 0x000001f1f5f15000 	C:\Users\tranh\.javacpp\cache\javacpp-1.5.9-windows-x86_64.jar\org\bytedeco\javacpp\windows-x86_64\api-ms-win-crt-runtime-l1-1-0.dll
0x000001f1f5f20000 - 0x000001f1f5f25000 	C:\Users\tranh\.javacpp\cache\javacpp-1.5.9-windows-x86_64.jar\org\bytedeco\javacpp\windows-x86_64\api-ms-win-crt-convert-l1-1-0.dll
0x000001f1f5f30000 - 0x000001f1f5f34000 	C:\Users\tranh\.javacpp\cache\javacpp-1.5.9-windows-x86_64.jar\org\bytedeco\javacpp\windows-x86_64\api-ms-win-crt-environment-l1-1-0.dll
0x000001f1f5f40000 - 0x000001f1f5f44000 	C:\Users\tranh\.javacpp\cache\javacpp-1.5.9-windows-x86_64.jar\org\bytedeco\javacpp\windows-x86_64\api-ms-win-crt-time-l1-1-0.dll
0x000001f1f5f50000 - 0x000001f1f5f54000 	C:\Users\tranh\.javacpp\cache\javacpp-1.5.9-windows-x86_64.jar\org\bytedeco\javacpp\windows-x86_64\api-ms-win-crt-filesystem-l1-1-0.dll
0x000001f1f5f60000 - 0x000001f1f5f64000 	C:\Users\tranh\.javacpp\cache\javacpp-1.5.9-windows-x86_64.jar\org\bytedeco\javacpp\windows-x86_64\api-ms-win-crt-utility-l1-1-0.dll
0x000001f1f5f70000 - 0x000001f1f5f76000 	C:\Users\tranh\.javacpp\cache\javacpp-1.5.9-windows-x86_64.jar\org\bytedeco\javacpp\windows-x86_64\api-ms-win-crt-multibyte-l1-1-0.dll
0x000001f1f5f80000 - 0x000001f1f5f84000 	C:\Users\tranh\.javacpp\cache\javacpp-1.5.9-windows-x86_64.jar\org\bytedeco\javacpp\windows-x86_64\api-ms-win-crt-conio-l1-1-0.dll
0x000001f1f5f90000 - 0x000001f1f5fa1000 	C:\Users\tranh\.javacpp\cache\javacpp-1.5.9-windows-x86_64.jar\org\bytedeco\javacpp\windows-x86_64\api-ms-win-crt-private-l1-1-0.dll
0x000001f1f5fb0000 - 0x000001f1f5fb4000 	C:\Users\tranh\.javacpp\cache\javacpp-1.5.9-windows-x86_64.jar\org\bytedeco\javacpp\windows-x86_64\api-ms-win-crt-process-l1-1-0.dll
0x000001f1f5fc0000 - 0x000001f1f5fc4000 	C:\Users\tranh\.javacpp\cache\javacpp-1.5.9-windows-x86_64.jar\org\bytedeco\javacpp\windows-x86_64\api-ms-win-core-console-l1-2-0.dll
0x000001f1f5fd0000 - 0x000001f1f5fd4000 	C:\Users\tranh\.javacpp\cache\javacpp-1.5.9-windows-x86_64.jar\org\bytedeco\javacpp\windows-x86_64\api-ms-win-core-string-l1-1-0.dll
0x000001f1f5fe0000 - 0x000001f1f5fe4000 	C:\Users\tranh\.javacpp\cache\javacpp-1.5.9-windows-x86_64.jar\org\bytedeco\javacpp\windows-x86_64\api-ms-win-core-errorhandling-l1-1-0.dll
0x000001f1f5ff0000 - 0x000001f1f5ff4000 	C:\Users\tranh\.javacpp\cache\javacpp-1.5.9-windows-x86_64.jar\org\bytedeco\javacpp\windows-x86_64\api-ms-win-core-timezone-l1-1-0.dll
0x000001f1f6000000 - 0x000001f1f6005000 	C:\Users\tranh\.javacpp\cache\javacpp-1.5.9-windows-x86_64.jar\org\bytedeco\javacpp\windows-x86_64\api-ms-win-core-file-l1-1-0.dll
0x000001f1f6010000 - 0x000001f1f6014000 	C:\Users\tranh\.javacpp\cache\javacpp-1.5.9-windows-x86_64.jar\org\bytedeco\javacpp\windows-x86_64\api-ms-win-core-namedpipe-l1-1-0.dll
0x000001f1f6020000 - 0x000001f1f6024000 	C:\Users\tranh\.javacpp\cache\javacpp-1.5.9-windows-x86_64.jar\org\bytedeco\javacpp\windows-x86_64\api-ms-win-core-handle-l1-1-0.dll
0x000001f1f6030000 - 0x000001f1f6034000 	C:\Users\tranh\.javacpp\cache\javacpp-1.5.9-windows-x86_64.jar\org\bytedeco\javacpp\windows-x86_64\api-ms-win-core-file-l2-1-0.dll
0x000001f1f6040000 - 0x000001f1f6044000 	C:\Users\tranh\.javacpp\cache\javacpp-1.5.9-windows-x86_64.jar\org\bytedeco\javacpp\windows-x86_64\api-ms-win-core-heap-l1-1-0.dll
0x000001f1f6050000 - 0x000001f1f6054000 	C:\Users\tranh\.javacpp\cache\javacpp-1.5.9-windows-x86_64.jar\org\bytedeco\javacpp\windows-x86_64\api-ms-win-core-libraryloader-l1-1-0.dll
0x000001f1f6060000 - 0x000001f1f6064000 	C:\Users\tranh\.javacpp\cache\javacpp-1.5.9-windows-x86_64.jar\org\bytedeco\javacpp\windows-x86_64\api-ms-win-core-synch-l1-1-0.dll
0x000001f1f6070000 - 0x000001f1f6074000 	C:\Users\tranh\.javacpp\cache\javacpp-1.5.9-windows-x86_64.jar\org\bytedeco\javacpp\windows-x86_64\api-ms-win-core-processthreads-l1-1-0.dll

dbghelp: loaded successfully - version: 4.0.5 - missing functions: none
symbol engine: initialized successfully - sym options: 0x614 - pdb path: .;C:\Program Files\Java\jdk-21\bin;C:\WINDOWS\SYSTEM32;C:\WINDOWS\WinSxS\amd64_microsoft.windows.common-controls_6595b64144ccf1df_6.0.26100.2161_none_3e0cadb0e33078e1;C:\Program Files\Java\jdk-21\bin\server;C:\WINDOWS\System32\DriverStore\FileRepository\nvam.inf_amd64_900a074fe80431cd;C:\WINDOWS\System32\DriverStore\FileRepository\u0382793.inf_amd64_1c9c9d36a5813460\B384051;C:\Users\tranh\.javacpp\cache\javacpp-1.5.9-windows-x86_64.jar\org\bytedeco\javacpp\windows-x86_64;C:\Users\tranh\.javacpp\cache\openblas-0.3.23-1.5.9-windows-x86_64.jar\org\bytedeco\openblas\windows-x86_64;C:\Users\tranh\.javacpp\cache\opencv-4.7.0-1.5.9-windows-x86_64.jar\org\bytedeco\opencv\windows-x86_64;C:\Users\tranh\.javacpp\cache\videoinput-0.200-1.5.9-windows-x86_64.jar\org\bytedeco\videoinput\windows-x86_64;C:\WINDOWS\WinSxS\amd64_microsoft.windows.gdiplus_6595b64144ccf1df_1.1.26100.1882_none_6ef987803dc1440e

VM Arguments:
jvm_args: -XX:+ShowCodeDetailsInExceptionMessages 
java_command: org.example.client.LivestreamClient
java_class_path (initial): F:\Workspace\Streaming\target\classes;C:\Users\tranh\.m2\repository\io\socket\socket.io-client\2.1.1\socket.io-client-2.1.1.jar;C:\Users\tranh\.m2\repository\io\socket\engine.io-client\2.1.0\engine.io-client-2.1.0.jar;C:\Users\tranh\.m2\repository\com\squareup\okhttp3\okhttp\3.12.12\okhttp-3.12.12.jar;C:\Users\tranh\.m2\repository\com\squareup\okio\okio\1.15.0\okio-1.15.0.jar;C:\Users\tranh\.m2\repository\org\json\json\20090211\json-20090211.jar;C:\Users\tranh\.m2\repository\io\socket\socket.io-server\1.0.0\socket.io-server-1.0.0.jar;C:\Users\tranh\.m2\repository\com\google\code\findbugs\jsr305\3.0.2\jsr305-3.0.2.jar;C:\Users\tranh\.m2\repository\io\socket\engine.io-server\6.2.1\engine.io-server-6.2.1.jar;C:\Users\tranh\.m2\repository\org\bytedeco\javacv-platform\1.5.9\javacv-platform-1.5.9.jar;C:\Users\tranh\.m2\repository\org\bytedeco\javacv\1.5.9\javacv-1.5.9.jar;C:\Users\tranh\.m2\repository\org\bytedeco\openblas\0.3.23-1.5.9\openblas-0.3.23-1.5.9.jar;C:\Users\tranh\.m2\repository\org\bytedeco\opencv\4.7.0-1.5.9\opencv-4.7.0-1.5.9.jar;C:\Users\tranh\.m2\repository\org\bytedeco\flycapture\2.13.3.31-1.5.9\flycapture-2.13.3.31-1.5.9.jar;C:\Users\tranh\.m2\repository\org\bytedeco\libdc1394\2.2.6-1.5.9\libdc1394-2.2.6-1.5.9.jar;C:\Users\tranh\.m2\repository\org\bytedeco\libfreenect\0.5.7-1.5.9\libfreenect-0.5.7-1.5.9.jar;C:\Users\tranh\.m2\repository\org\bytedeco\libfreenect2\0.2.0-1.5.9\libfreenect2-0.2.0-1.5.9.jar;C:\Users\tranh\.m2\repository\org\bytedeco\librealsense\1.12.4-1.5.9\librealsense-1.12.4-1.5.9.jar;C:\Users\tranh\.m2\repository\org\bytedeco\librealsense2\2.53.1-1.5.9\librealsense2-2.53.1-1.5.9.jar;C:\Users\tranh\.m2\repository\org\bytedeco\artoolkitplus\2.3.1-1.5.9\artoolkitplus-2.3.1-1.5.9.jar;C:\Users\tranh\.m2\repository\org\bytedeco\leptonica\1.83.0-1.5.9\leptonica-1.83.0-1.5.9.jar;C:\Users\tranh\.m2\repository\org\bytedeco\tesseract\5.3.1-1.5.9\tesseract-5.3.1-1.5.9.jar;C:\Users\tranh\.m2\repository\org\openjfx\javafx-graphics\17\javafx-graphics-17.jar;C:\Users\tranh\.m2\repository\org\openjfx\javafx-graphics\17\javafx-graphics-17-win.jar;C:\Users\tranh\.m2\repository\org\openjfx\javafx-base\17\javafx-base-17.jar;C:\Users\tranh\.m2\repository\org\openjfx\javafx-base\17\javafx-base-17-win.jar;C:\Users\tranh\.m2\repository\org\bytedeco\openblas-platform\0.3.23-1.5.9\openblas-platform-0.3.23-1.5.9.jar;C:\Users\tranh\.m2\repository\org\bytedeco\openblas\0.3.23-1.5.9\openblas-0.3.23-1.5.9-android-arm.jar;C:\Users\tranh\.m2\repository\org\bytedeco\openblas\0.3.23-1.5.9\openblas-0.3.23-1.5.9-android-arm64.jar;C:\Users\tranh\.m2\repository\org\bytedeco\openblas\0.3.23-1.5.9\openblas-0.3.23-1.5.9-android-x86.jar;C:\Users\tranh\.m2\repository\org\bytedeco\openblas\0.3.23-1.5.9\openblas-0.3.23-1.5.9-android-x86_64.jar;C:\Users\tranh\.m2\repository\org\bytedeco\openblas\0.3.23-1.5.9\openblas-0.3.23-1.5.9-ios-arm64.jar;C:\Users\tranh\.m2\repository\org\bytedeco\openblas\0.3.23-1.5.9\openblas-0.3.23-1.5.9-ios-x86_64.jar;C:\Users\tranh\.m2\repository\org\bytedeco\openblas\0.3.23-1.5.9\openblas-0.3.23-1.5.9-linux-x86.jar;C:\Users\tranh\.m2\repository\org\bytedeco\openblas\0.3.23-1.5.9\openblas-0.3.23-1.5.9-linux-x86_64.jar;C:\Users\tranh\.m2\repository\org\bytedeco\openblas\0.3.23-1.5.9\openblas-0.3.23-1.5.9-linux-armhf.jar;C:\Users\tranh\.m2\repository\org\bytedeco\openblas\0.3.23-1.5.9\openblas-0.3.23-1.5.9-linux-arm64.jar;C:\Users\tranh\.m2\repository\org\bytedeco\openblas\0.3.23-1.5.9\openblas-0.3.23-1.5.9-linux-ppc64le.jar;C:\Users\tranh\.m2\repository\org\bytedeco\openblas\0.3.23-1.5.9\openblas-0.3.23-1.5.9-macosx-arm64.jar;C:\Users\tranh\.m2\repository\org\bytedeco\openblas\0.3.23-1.5.9\openblas-0.3.23-1.5.9-macosx-x86_64.jar;C:\Users\tranh\.m2\repository\org\bytedeco\openblas\0.3.23-1.5.9\openblas-0.3.23-1.5.9-windows-x86.jar;C:\Users\tranh\.m2\repository\org\bytedeco\openblas\0.3.23-1.5.9\openblas-0.3.23-1.5.9-windows-x86_64.jar;C:\Users\tranh\.m2\repository\org\bytedeco\opencv-platform\4.7.0-1.5.9\opencv-platform-4.7.0-1.5.9.jar;C:\Users\tranh\.m2\repository\org\bytedeco\opencv\4.7.0-1.5.9\opencv-4.7.0-1.5.9-android-arm.jar;C:\Users\tranh\.m2\repository\org\bytedeco\opencv\4.7.0-1.5.9\opencv-4.7.0-1.5.9-android-arm64.jar;C:\Users\tranh\.m2\repository\org\bytedeco\opencv\4.7.0-1.5.9\opencv-4.7.0-1.5.9-android-x86.jar;C:\Users\tranh\.m2\repository\org\bytedeco\opencv\4.7.0-1.5.9\opencv-4.7.0-1.5.9-android-x86_64.jar;C:\Users\tranh\.m2\repository\org\bytedeco\opencv\4.7.0-1.5.9\opencv-4.7.0-1.5.9-ios-arm64.jar;C:\Users\tranh\.m2\repository\org\bytedeco\opencv\4.7.0-1.5.9\opencv-4.7.0-1.5.9-ios-x86_64.jar;C:\Users\tranh\.m2\repository\org\bytedeco\opencv\4.7.0-1.5.9\opencv-4.7.0-1.5.9-linux-x86.jar;C:\Users\tranh\.m2\repository\org\bytedeco\opencv\4.7.0-1.5.9\opencv-4.7.0-1.5.9-linux-x86_64.jar;C:\Users\tranh\.m2\repository\org\bytedeco\opencv\4.7.0-1.5.9\opencv-4.7.0-1.5.9-linux-armhf.jar;C:\Users\tranh\.m2\repository\org\bytedeco\opencv\4.7.0-1.5.9\opencv-4.7.0-1.5.9-linux-arm64.jar;C:\Users\tranh\.m2\repository\org\bytedeco\opencv\4.7.0-1.5.9\opencv-4.7.0-1.5.9-linux-ppc64le.jar;C:\Users\tranh\.m2\repository\org\bytedeco\opencv\4.7.0-1.5.9\opencv-4.7.0-1.5.9-macosx-arm64.jar;C:\Users\tranh\.m2\repository\org\bytedeco\opencv\4.7.0-1.5.9\opencv-4.7.0-1.5.9-macosx-x86_64.jar;C:\Users\tranh\.m2\repository\org\bytedeco\opencv\4.7.0-1.5.9\opencv-4.7.0-1.5.9-windows-x86.jar;C:\Users\tranh\.m2\repository\org\bytedeco\opencv\4.7.0-1.5.9\opencv-4.7.0-1.5.9-windows-x86_64.jar;C:\Users\tranh\.m2\repository\org\bytedeco\flycapture-platform\2.13.3.31-1.5.9\flycapture-platform-2.13.3.31-1.5.9.jar;C:\Users\tranh\.m2\repository\org\bytedeco\flycapture\2.13.3.31-1.5.9\flycapture-2.13.3.31-1.5.9-linux-x86.jar;C:\Users\tranh\.m2\repository\org\bytedeco\flycapture\2.13.3.31-1.5.9\flycapture-2.13.3.31-1.5.9-linux-x86_64.jar;C:\Users\tranh\.m2\repository\org\bytedeco\flycapture\2.13.3.31-1.5.9\flycapture-2.13.3.31-1.5.9-linux-armhf.jar;C:\Users\tranh\.m2\repository\org\bytedeco\flycapture\2.13.3.31-1.5.9\flycapture-2.13.3.31-1.5.9-linux-arm64.jar;C:\Users\tranh\.m2\repository\org\bytedeco\flycapture\2.13.3.31-1.5.9\flycapture-2.13.3.31-1.5.9-windows-x86.jar;C:\Users\tranh\.m2\repository\org\bytedeco\flycapture\2.13.3.31-1.5.9\flycapture-2.13.3.31-1.5.9-windows-x86_64.jar;C:\Users\tranh\.m2\repository\org\bytedeco\libdc1394-platform\2.2.6-1.5.9\libdc1394-platform-2.2.6-1.5.9.jar;C:\Users\tranh\.m2\repository\org\bytedeco\libdc1394\2.2.6-1.5.9\libdc1394-2.2.6-1.5.9-linux-x86.jar;C:\Users\tranh\.m2\repository\org\bytedeco\libdc1394\2.2.6-1.5.9\libdc1394-2.2.6-1.5.9-linux-x86_64.jar;C:\Users\tranh\.m2\repository\org\bytedeco\libdc1394\2.2.6-1.5.9\libdc1394-2.2.6-1.5.9-linux-armhf.jar;C:\Users\tranh\.m2\repository\org\bytedeco\libdc1394\2.2.6-1.5.9\libdc1394-2.2.6-1.5.9-linux-arm64.jar;C:\Users\tranh\.m2\repository\org\bytedeco\libdc1394\2.2.6-1.5.9\libdc1394-2.2.6-1.5.9-linux-ppc64le.jar;C:\Users\tranh\.m2\repository\org\bytedeco\libdc1394\2.2.6-1.5.9\libdc1394-2.2.6-1.5.9-macosx-x86_64.jar;C:\Users\tranh\.m2\repository\org\bytedeco\libdc1394\2.2.6-1.5.9\libdc1394-2.2.6-1.5.9-windows-x86.jar;C:\Users\tranh\.m2\repository\org\bytedeco\libdc1394\2.2.6-1.5.9\libdc1394-2.2.6-1.5.9-windows-x86_64.jar;C:\Users\tranh\.m2\repository\org\bytedeco\libfreenect-platform\0.5.7-1.5.9\libfreenect-platform-0.5.7-1.5.9.jar;C:\Users\tranh\.m2\repository\org\bytedeco\libfreenect\0.5.7-1.5.9\libfreenect-0.5.7-1.5.9-linux-x86.jar;C:\Users\tranh\.m2\repository\org\bytedeco\libfreenect\0.5.7-1.5.9\libfreenect-0.5.7-1.5.9-linux-x86_64.jar;C:\Users\tranh\.m2\repository\org\bytedeco\libfreenect\0.5.7-1.5.9\libfreenect-0.5.7-1.5.9-linux-armhf.jar;C:\Users\tranh\.m2\repository\org\bytedeco\libfreenect\0.5.7-1.5.9\libfreenect-0.5.7-1.5.9-linux-arm64.jar;C:\Users\tranh\.m2\repository\org\bytedeco\libfreenect\0.5.7-1.5.9\libfreenect-0.5.7-1.5.9-linux-ppc64le.jar;C:\Users\tranh\.m2\repository\org\bytedeco\libfreenect\0.5.7-1.5.9\libfreenect-0.5.7-1.5.9-macosx-x86_64.jar;C:\Users\tranh\.m2\repository\org\bytedeco\libfreenect\0.5.7-1.5.9\libfreenect-0.5.7-1.5.9-windows-x86.jar;C:\Users\tranh\.m2\repository\org\bytedeco\libfreenect\0.5.7-1.5.9\libfreenect-0.5.7-1.5.9-windows-x86_64.jar;C:\Users\tranh\.m2\repository\org\bytedeco\libfreenect2-platform\0.2.0-1.5.9\libfreenect2-platform-0.2.0-1.5.9.jar;C:\Users\tranh\.m2\repository\org\bytedeco\libfreenect2\0.2.0-1.5.9\libfreenect2-0.2.0-1.5.9-linux-x86.jar;C:\Users\tranh\.m2\repository\org\bytedeco\libfreenect2\0.2.0-1.5.9\libfreenect2-0.2.0-1.5.9-linux-x86_64.jar;C:\Users\tranh\.m2\repository\org\bytedeco\libfreenect2\0.2.0-1.5.9\libfreenect2-0.2.0-1.5.9-macosx-x86_64.jar;C:\Users\tranh\.m2\repository\org\bytedeco\libfreenect2\0.2.0-1.5.9\libfreenect2-0.2.0-1.5.9-windows-x86_64.jar;C:\Users\tranh\.m2\repository\org\bytedeco\librealsense-platform\1.12.4-1.5.9\librealsense-platform-1.12.4-1.5.9.jar;C:\Users\tranh\.m2\repository\org\bytedeco\librealsense\1.12.4-1.5.9\librealsense-1.12.4-1.5.9-linux-armhf.jar;C:\Users\tranh\.m2\repository\org\bytedeco\librealsense\1.12.4-1.5.9\librealsense-1.12.4-1.5.9-linux-arm64.jar;C:\Users\tranh\.m2\repository\org\bytedeco\librealsense\1.12.4-1.5.9\librealsense-1.12.4-1.5.9-linux-x86.jar;C:\Users\tranh\.m2\repository\org\bytedeco\librealsense\1.12.4-1.5.9\librealsense-1.12.4-1.5.9-linux-x86_64.jar;C:\Users\tranh\.m2\repository\org\bytedeco\librealsense\1.12.4-1.5.9\librealsense-1.12.4-1.5.9-macosx-x86_64.jar;C:\Users\tranh\.m2\repository\org\bytedeco\librealsense\1.12.4-1.5.9\librealsense-1.12.4-1.5.9-windows-x86.jar;C:\Users\tranh\.m2\repository\org\bytedeco\librealsense\1.12.4-1.5.9\librealsense-1.12.4-1.5.9-windows-x86_64.jar;C:\Users\tranh\.m2\repository\org\bytedeco\librealsense2-platform\2.53.1-1.5.9\librealsense2-platform-2.53.1-1.5.9.jar;C:\Users\tranh\.m2\repository\org\bytedeco\librealsense2\2.53.1-1.5.9\librealsense2-2.53.1-1.5.9-linux-armhf.jar;C:\Users\tranh\.m2\repository\org\bytedeco\librealsense2\2.53.1-1.5.9\librealsense2-2.53.1-1.5.9-linux-arm64.jar;C:\Users\tranh\.m2\repository\org\bytedeco\librealsense2\2.53.1-1.5.9\librealsense2-2.53.1-1.5.9-linux-x86.jar;C:\Users\tranh\.m2\repository\org\bytedeco\librealsense2\2.53.1-1.5.9\librealsense2-2.53.1-1.5.9-linux-x86_64.jar;C:\Users\tranh\.m2\repository\org\bytedeco\librealsense2\2.53.1-1.5.9\librealsense2-2.53.1-1.5.9-macosx-x86_64.jar;C:\Users\tranh\.m2\repository\org\bytedeco\librealsense2\2.53.1-1.5.9\librealsense2-2.53.1-1.5.9-windows-x86.jar;C:\Users\tranh\.m2\repository\org\bytedeco\librealsense2\2.53.1-1.5.9\librealsense2-2.53.1-1.5.9-windows-x86_64.jar;C:\Users\tranh\.m2\repository\org\bytedeco\videoinput-platform\0.200-1.5.9\videoinput-platform-0.200-1.5.9.jar;C:\Users\tranh\.m2\repository\org\bytedeco\videoinput\0.200-1.5.9\videoinput-0.200-1.5.9-windows-x86.jar;C:\Users\tranh\.m2\repository\org\bytedeco\videoinput\0.200-1.5.9\videoinput-0.200-1.5.9-windows-x86_64.jar;C:\Users\tranh\.m2\repository\org\bytedeco\artoolkitplus-platform\2.3.1-1.5.9\artoolkitplus-platform-2.3.1-1.5.9.jar;C:\Users\tranh\.m2\repository\org\bytedeco\artoolkitplus\2.3.1-1.5.9\artoolkitplus-2.3.1-1.5.9-android-arm.jar;C:\Users\tranh\.m2\repository\org\bytedeco\artoolkitplus\2.3.1-1.5.9\artoolkitplus-2.3.1-1.5.9-android-arm64.jar;C:\Users\tranh\.m2\repository\org\bytedeco\artoolkitplus\2.3.1-1.5.9\artoolkitplus-2.3.1-1.5.9-android-x86.jar;C:\Users\tranh\.m2\repository\org\bytedeco\artoolkitplus\2.3.1-1.5.9\artoolkitplus-2.3.1-1.5.9-android-x86_64.jar;C:\Users\tranh\.m2\repository\org\bytedeco\artoolkitplus\2.3.1-1.5.9\artoolkitplus-2.3.1-1.5.9-linux-x86.jar;C:\Users\tranh\.m2\repository\org\bytedeco\artoolkitplus\2.3.1-1.5.9\artoolkitplus-2.3.1-1.5.9-linux-x86_64.jar;C:\Users\tranh\.m2\repository\org\bytedeco\artoolkitplus\2.3.1-1.5.9\artoolkitplus-2.3.1-1.5.9-linux-armhf.jar;C:\Users\tranh\.m2\repository\org\bytedeco\artoolkitplus\2.3.1-1.5.9\artoolkitplus-2.3.1-1.5.9-linux-arm64.jar;C:\Users\tranh\.m2\repository\org\bytedeco\artoolkitplus\2.3.1-1.5.9\artoolkitplus-2.3.1-1.5.9-linux-ppc64le.jar;C:\Users\tranh\.m2\repository\org\bytedeco\artoolkitplus\2.3.1-1.5.9\artoolkitplus-2.3.1-1.5.9-macosx-x86_64.jar;C:\Users\tranh\.m2\repository\org\bytedeco\artoolkitplus\2.3.1-1.5.9\artoolkitplus-2.3.1-1.5.9-windows-x86.jar;C:\Users\tranh\.m2\repository\org\bytedeco\artoolkitplus\2.3.1-1.5.9\artoolkitplus-2.3.1-1.5.9-windows-x86_64.jar;C:\Users\tranh\.m2\repository\org\bytedeco\leptonica-platform\1.83.0-1.5.9\leptonica-platform-1.83.0-1.5.9.jar;C:\Users\tranh\.m2\repository\org\bytedeco\leptonica\1.83.0-1.5.9\leptonica-1.83.0-1.5.9-android-arm.jar;C:\Users\tranh\.m2\repository\org\bytedeco\leptonica\1.83.0-1.5.9\leptonica-1.83.0-1.5.9-android-arm64.jar;C:\Users\tranh\.m2\repository\org\bytedeco\leptonica\1.83.0-1.5.9\leptonica-1.83.0-1.5.9-android-x86.jar;C:\Users\tranh\.m2\repository\org\bytedeco\leptonica\1.83.0-1.5.9\leptonica-1.83.0-1.5.9-android-x86_64.jar;C:\Users\tranh\.m2\repository\org\bytedeco\leptonica\1.83.0-1.5.9\leptonica-1.83.0-1.5.9-linux-x86.jar;C:\Users\tranh\.m2\repository\org\bytedeco\leptonica\1.83.0-1.5.9\leptonica-1.83.0-1.5.9-linux-x86_64.jar;C:\Users\tranh\.m2\repository\org\bytedeco\leptonica\1.83.0-1.5.9\leptonica-1.83.0-1.5.9-linux-armhf.jar;C:\Users\tranh\.m2\repository\org\bytedeco\leptonica\1.83.0-1.5.9\leptonica-1.83.0-1.5.9-linux-arm64.jar;C:\Users\tranh\.m2\repository\org\bytedeco\leptonica\1.83.0-1.5.9\leptonica-1.83.0-1.5.9-linux-ppc64le.jar;C:\Users\tranh\.m2\repository\org\bytedeco\leptonica\1.83.0-1.5.9\leptonica-1.83.0-1.5.9-macosx-arm64.jar;C:\Users\tranh\.m2\repository\org\bytedeco\leptonica\1.83.0-1.5.9\leptonica-1.83.0-1.5.9-macosx-x86_64.jar;C:\Users\tranh\.m2\repository\org\bytedeco\leptonica\1.83.0-1.5.9\leptonica-1.83.0-1.5.9-windows-x86.jar;C:\Users\tranh\.m2\repository\org\bytedeco\leptonica\1.83.0-1.5.9\leptonica-1.83.0-1.5.9-windows-x86_64.jar;C:\Users\tranh\.m2\repository\org\bytedeco\tesseract-platform\5.3.1-1.5.9\tesseract-platform-5.3.1-1.5.9.jar;C:\Users\tranh\.m2\repository\org\bytedeco\tesseract\5.3.1-1.5.9\tesseract-5.3.1-1.5.9-android-arm.jar;C:\Users\tranh\.m2\repository\org\bytedeco\tesseract\5.3.1-1.5.9\tesseract-5.3.1-1.5.9-android-arm64.jar;C:\Users\tranh\.m2\repository\org\bytedeco\tesseract\5.3.1-1.5.9\tesseract-5.3.1-1.5.9-android-x86.jar;C:\Users\tranh\.m2\repository\org\bytedeco\tesseract\5.3.1-1.5.9\tesseract-5.3.1-1.5.9-android-x86_64.jar;C:\Users\tranh\.m2\repository\org\bytedeco\tesseract\5.3.1-1.5.9\tesseract-5.3.1-1.5.9-linux-x86.jar;C:\Users\tranh\.m2\repository\org\bytedeco\tesseract\5.3.1-1.5.9\tesseract-5.3.1-1.5.9-linux-x86_64.jar;C:\Users\tranh\.m2\repository\org\bytedeco\tesseract\5.3.1-1.5.9\tesseract-5.3.1-1.5.9-linux-armhf.jar;C:\Users\tranh\.m2\repository\org\bytedeco\tesseract\5.3.1-1.5.9\tesseract-5.3.1-1.5.9-linux-arm64.jar;C:\Users\tranh\.m2\repository\org\bytedeco\tesseract\5.3.1-1.5.9\tesseract-5.3.1-1.5.9-linux-ppc64le.jar;C:\Users\tranh\.m2\repository\org\bytedeco\tesseract\5.3.1-1.5.9\tesseract-5.3.1-1.5.9-macosx-arm64.jar;C:\Users\tranh\.m2\repository\org\bytedeco\tesseract\5.3.1-1.5.9\tesseract-5.3.1-1.5.9-macosx-x86_64.jar;C:\Users\tranh\.m2\repository\org\bytedeco\tesseract\5.3.1-1.5.9\tesseract-5.3.1-1.5.9-windows-x86.jar;C:\Users\tranh\.m2\repository\org\bytedeco\tesseract\5.3.1-1.5.9\tesseract-5.3.1-1.5.9-windows-x86_64.jar;C:\Users\tranh\.m2\repository\org\bytedeco\ffmpeg-platform\6.0-1.5.9\ffmpeg-platform-6.0-1.5.9.jar;C:\Users\tranh\.m2\repository\org\bytedeco\javacpp-platform\1.5.9\javacpp-platform-1.5.9.jar;C:\Users\tranh\.m2\repository\org\bytedeco\javacpp\1.5.9\javacpp-1.5.9-android-arm.jar;C:\Users\tranh\.m2\repository\org\bytedeco\javacpp\1.5.9\javacpp-1.5.9-android-arm64.jar;C:\Users\tranh\.m2\repository\org\bytedeco\javacpp\1.5.9\javacpp-1.5.9-android-x86.jar;C:\Users\tranh\.m2\repository\org\bytedeco\javacpp\1.5.9\javacpp-1.5.9-android-x86_64.jar;C:\Users\tranh\.m2\repository\org\bytedeco\javacpp\1.5.9\javacpp-1.5.9-ios-arm64.jar;C:\Users\tranh\.m2\repository\org\bytedeco\javacpp\1.5.9\javacpp-1.5.9-ios-x86_64.jar;C:\Users\tranh\.m2\repository\org\bytedeco\javacpp\1.5.9\javacpp-1.5.9-linux-armhf.jar;C:\Users\tranh\.m2\repository\org\bytedeco\javacpp\1.5.9\javacpp-1.5.9-linux-arm64.jar;C:\Users\tranh\.m2\repository\org\bytedeco\javacpp\1.5.9\javacpp-1.5.9-linux-ppc64le.jar;C:\Users\tranh\.m2\repository\org\bytedeco\javacpp\1.5.9\javacpp-1.5.9-linux-x86.jar;C:\Users\tranh\.m2\repository\org\bytedeco\javacpp\1.5.9\javacpp-1.5.9-linux-x86_64.jar;C:\Users\tranh\.m2\repository\org\bytedeco\javacpp\1.5.9\javacpp-1.5.9-macosx-arm64.jar;C:\Users\tranh\.m2\repository\org\bytedeco\javacpp\1.5.9\javacpp-1.5.9-macosx-x86_64.jar;C:\Users\tranh\.m2\repository\org\bytedeco\javacpp\1.5.9\javacpp-1.5.9-windows-x86.jar;C:\Users\tranh\.m2\repository\org\bytedeco\javacpp\1.5.9\javacpp-1.5.9-windows-x86_64.jar;C:\Users\tranh\.m2\repository\org\bytedeco\ffmpeg\6.0-1.5.9\ffmpeg-6.0-1.5.9.jar;C:\Users\tranh\.m2\repository\org\bytedeco\ffmpeg\6.0-1.5.9\ffmpeg-6.0-1.5.9-android-arm.jar;C:\Users\tranh\.m2\repository\org\bytedeco\ffmpeg\6.0-1.5.9\ffmpeg-6.0-1.5.9-android-arm64.jar;C:\Users\tranh\.m2\repository\org\bytedeco\ffmpeg\6.0-1.5.9\ffmpeg-6.0-1.5.9-android-x86.jar;C:\Users\tranh\.m2\repository\org\bytedeco\ffmpeg\6.0-1.5.9\ffmpeg-6.0-1.5.9-android-x86_64.jar;C:\Users\tranh\.m2\repository\org\bytedeco\ffmpeg\6.0-1.5.9\ffmpeg-6.0-1.5.9-linux-x86.jar;C:\Users\tranh\.m2\repository\org\bytedeco\ffmpeg\6.0-1.5.9\ffmpeg-6.0-1.5.9-linux-x86_64.jar;C:\Users\tranh\.m2\repository\org\bytedeco\ffmpeg\6.0-1.5.9\ffmpeg-6.0-1.5.9-linux-armhf.jar;C:\Users\tranh\.m2\repository\org\bytedeco\ffmpeg\6.0-1.5.9\ffmpeg-6.0-1.5.9-linux-arm64.jar;C:\Users\tranh\.m2\repository\org\bytedeco\ffmpeg\6.0-1.5.9\ffmpeg-6.0-1.5.9-linux-ppc64le.jar;C:\Users\tranh\.m2\repository\org\bytedeco\ffmpeg\6.0-1.5.9\ffmpeg-6.0-1.5.9-macosx-arm64.jar;C:\Users\tranh\.m2\repository\org\bytedeco\ffmpeg\6.0-1.5.9\ffmpeg-6.0-1.5.9-macosx-x86_64.jar;C:\Users\tranh\.m2\repository\org\bytedeco\ffmpeg\6.0-1.5.9\ffmpeg-6.0-1.5.9-windows-x86.jar;C:\Users\tranh\.m2\repository\org\bytedeco\ffmpeg\6.0-1.5.9\ffmpeg-6.0-1.5.9-windows-x86_64.jar;C:\Users\tranh\.m2\repository\org\java-websocket\Java-WebSocket\1.5.2\Java-WebSocket-1.5.2.jar;C:\Users\tranh\.m2\repository\org\slf4j\slf4j-api\1.7.25\slf4j-api-1.7.25.jar;C:\Users\tranh\.m2\repository\org\slf4j\slf4j-simple\1.7.30\slf4j-simple-1.7.30.jar;C:\Users\tranh\.m2\repository\org\bytedeco\javacpp\1.5.9\javacpp-1.5.9.jar;C:\Users\tranh\.m2\repository\org\bytedeco\videoinput\0.200-1.5.9\videoinput-0.200-1.5.9.jar
Launcher Type: SUN_STANDARD

[Global flags]
     intx CICompilerCount                          = 12                                        {product} {ergonomic}
     uint ConcGCThreads                            = 3                                         {product} {ergonomic}
     uint G1ConcRefinementThreads                  = 13                                        {product} {ergonomic}
   size_t G1HeapRegionSize                         = 2097152                                   {product} {ergonomic}
    uintx GCDrainStackTargetSize                   = 64                                        {product} {ergonomic}
   size_t InitialHeapSize                          = 260046848                                 {product} {ergonomic}
   size_t MarkStackSize                            = 4194304                                   {product} {ergonomic}
   size_t MaxHeapSize                              = 4139778048                                {product} {ergonomic}
   size_t MaxNewSize                               = 2483027968                                {product} {ergonomic}
   size_t MinHeapDeltaBytes                        = 2097152                                   {product} {ergonomic}
   size_t MinHeapSize                              = 8388608                                   {product} {ergonomic}
    uintx NonNMethodCodeHeapSize                   = 7602480                                {pd product} {ergonomic}
    uintx NonProfiledCodeHeapSize                  = 122027880                              {pd product} {ergonomic}
    uintx ProfiledCodeHeapSize                     = 122027880                              {pd product} {ergonomic}
    uintx ReservedCodeCacheSize                    = 251658240                              {pd product} {ergonomic}
     bool SegmentedCodeCache                       = true                                      {product} {ergonomic}
     bool ShowCodeDetailsInExceptionMessages       = true                                   {manageable} {command line}
   size_t SoftMaxHeapSize                          = 4139778048                             {manageable} {ergonomic}
     bool UseCompressedOops                        = true                           {product lp64_product} {ergonomic}
     bool UseG1GC                                  = true                                      {product} {ergonomic}
     bool UseLargePagesIndividualAllocation        = false                                  {pd product} {ergonomic}

Logging:
Log output configuration:
 #0: stdout all=warning uptime,level,tags foldmultilines=false
 #1: stderr all=off uptime,level,tags foldmultilines=false

Environment Variables:
JAVA_HOME=C:\Program Files\Java\jdk-21
PATH=C:\Program Files\Common Files\Oracle\Java\javapath;C:\Windows\system32;C:\Windows;C:\Windows\System32\Wbem;C:\Windows\System32\WindowsPowerShell\v1.0\;C:\Windows\System32\OpenSSH\;C:\Program Files (x86)\NVIDIA Corporation\PhysX\Common;C:\WINDOWS\system32;C:\WINDOWS;C:\WINDOWS\System32\Wbem;C:\WINDOWS\System32\WindowsPowerShell\v1.0\;C:\WINDOWS\System32\OpenSSH\;C:\Program Files\dotnet\;C:\Users\tranh\OneDrive\Documents;C:\Program Files (x86)\Microsoft SQL Server\160\Tools\Binn\;C:\Program Files\Microsoft SQL Server\160\Tools\Binn\;C:\Program Files\Microsoft SQL Server\Client SDK\ODBC\170\Tools\Binn\;C:\Program Files\Microsoft SQL Server\160\DTS\Binn\;C:\Program Files (x86)\Microsoft SQL Server\150\DTS\Binn\;C:\Program Files\Azure Data Studio\bin;C:\xampp\php;C:\composer;C:\xampp\mysql\bin;C:\Program Files\nodejs\;C:\Program Files\Git\cmd;D:\;C:\Program Files\CMake\bin;C:\ProgramData\chocolatey\bin;C:\ProgramData\chocolatey\lib\maven\apache-maven-3.9.9\bin;C:\Users\tranh\AppData\Local\Programs\Python\Python312\Scripts\;C:\Users\tranh\AppData\Local\Programs\Python\Python312\;C:\Users\tranh\AppData\Local\Microsoft\WindowsApps;C:\Users\tranh\AppData\Local\Programs\Microsoft VS Code\bin;C:\Users\tranh\AppData\Roaming\Composer\vendor\bin;C:\Users\tranh\AppData\Roaming\npm;F:\IntelliJ IDEA Community Edition 2024.2.0.1\bin;D:\Program Files (x86)\Python312;;D:\Program Files (x86)\Python312;C:\Program Files\Docker\Docker\resources\bin;C:\Program Files\Common Files\Oracle\Java\javapath;C:\Windows\system32;C:\Windows;C:\Windows\System32\Wbem;C:\Windows\System32\WindowsPowerShell\v1.0\;C:\Windows\System32\OpenSSH\;C:\Program Files (x86)\NVIDIA Corporation\PhysX\Common;C:\WINDOWS\system32;C:\WINDOWS;C:\WINDOWS\System32\Wbem;C:\WINDOWS\System32\WindowsPowerShell\v1.0\;C:\WINDOWS\System32\OpenSSH\;C:\Program Files\dotnet\;C:\Users\tranh\OneDrive\Documents;C:\Program Files (x86)\Microsoft SQL Server\160\Tools\Binn\;C:\Program Files\Microsoft SQL Server\160\Tools\Binn\;C:\Program Files\Microsoft SQL Server\Client SDK\ODBC\170\Tools\Binn\;C:\Program Files\Microsoft SQL Server\160\DTS\Binn\;C:\Program Files (x86)\Microsoft SQL Server\150\DTS\Binn\;C:\Program Files\Azure Data Studio\bin;C:\xampp\php;C:\composer;C:\xampp\mysql\bin;C:\Program Files\nodejs\;C:\Program Files\Git\cmd;D:\;C:\Program Files\CMake\bin;C:\ProgramData\chocolatey\bin;C:\ProgramData\chocolatey\lib\maven\apache-maven-3.9.9\bin;C:\Users\tranh\AppData\Local\Programs\Python\Python312\Scripts\;C:\Users\tranh\AppData\Local\Programs\Python\Python312\;C:\Users\tranh\AppData\Local\Microsoft\WindowsApps;C:\Users\tranh\AppData\Local\Programs\Microsoft VS Code\bin;C:\Users\tranh\AppData\Roaming\Composer\vendor\bin;C:\Users\tranh\AppData\Roaming\npm;F:\IntelliJ IDEA Community Edition 2024.2.0.1\bin;D:\Program Files (x86)\Python312;;D:\Program Files (x86)\Python312;;D:\Program Files (x86)\Python312
USERNAME=tranh
LANG=en_US.UTF-8
OS=Windows_NT
PROCESSOR_IDENTIFIER=AMD64 Family 23 Model 96 Stepping 1, AuthenticAMD
TMP=C:\Users\tranh\AppData\Local\Temp
TEMP=C:\Users\tranh\AppData\Local\Temp




Periodic native trim disabled

---------------  S Y S T E M  ---------------

OS:
 Windows 11 , 64 bit Build 26100 (10.0.26100.2161)
OS uptime: 3 days 2:20 hours
Hyper-V role detected

CPU: total 16 (initial active 16) (16 cores per cpu, 2 threads per core) family 23 model 96 stepping 1 microcode 0x8600106, cx8, cmov, fxsr, ht, mmx, 3dnowpref, sse, sse2, sse3, ssse3, sse4a, sse4.1, sse4.2, popcnt, lzcnt, tsc, tscinvbit, avx, avx2, aes, clmul, bmi1, bmi2, adx, sha, fma, vzeroupper, clflush, clflushopt, hv, rdtscp, rdpid, f16c
Processor Information for all 16 processors :
  Max Mhz: 2901, Current Mhz: 2901, Mhz Limit: 2901

Memory: 4k page, system-wide physical 15791M (2714M free)
TotalPageFile size 31197M (AvailPageFile size 1M)
current process WorkingSet (physical memory assigned to process): 236M, peak: 260M
current process commit charge ("private bytes"): 3124M, peak: 3253M

vm_info: Java HotSpot(TM) 64-Bit Server VM (21.0.1+12-LTS-29) for windows-amd64 JRE (21.0.1+12-LTS-29), built on 2023-10-05T13:27:09Z by "mach5one" with MS VC++ 17.1 (VS2022)

END.
