#
# There is insufficient memory for the Java Runtime Environment to continue.
# Native memory allocation (mmap) failed to map 18874368 bytes for G1 virtual space
# Possible reasons:
#   The system is out of physical RAM or swap space
#   The process is running with CompressedOops enabled, and the Java Heap may be blocking the growth of the native heap
# Possible solutions:
#   Reduce memory load on the system
#   Increase physical memory or swap space
#   Check if swap backing store is full
#   Decrease Java heap size (-Xmx/-Xms)
#   Decrease number of Java threads
#   Decrease Java thread stack sizes (-Xss)
#   Set larger code cache with -XX:ReservedCodeCacheSize=
#   JVM is running with Zero Based Compressed Oops mode in which the Java heap is
#     placed in the first 32GB address space. The Java Heap base address is the
#     maximum limit for the native heap growth. Please use -XX:HeapBaseMinAddress
#     to set the Java Heap base and to place the Java Heap above 32GB virtual address.
# This output file may be truncated or incomplete.
#
#  Out of Memory Error (os_windows.cpp:3600), pid=16940, tid=23000
#
# JRE version: Java(TM) SE Runtime Environment (21.0.1+12) (build 21.0.1+12-LTS-29)
# Java VM: Java HotSpot(TM) 64-Bit Server VM (21.0.1+12-LTS-29, mixed mode, sharing, tiered, compressed oops, compressed class ptrs, g1 gc, windows-amd64)
# No core dump will be written. Minidumps are not enabled by default on client versions of Windows
#

---------------  S U M M A R Y ------------

Command Line: -javaagent:F:\IntelliJ IDEA Community Edition 2024.2.0.1\lib\idea_rt.jar=57682:F:\IntelliJ IDEA Community Edition 2024.2.0.1\bin -Dfile.encoding=UTF-8 -Dsun.stdout.encoding=UTF-8 -Dsun.stderr.encoding=UTF-8 org.example.client.LivestreamClient

Host: AMD Ryzen 7 4800H with Radeon Graphics         , 16 cores, 15G,  Windows 11 , 64 bit Build 26100 (10.0.26100.2454)
Time: Fri Dec 13 04:18:38 2024 SE Asia Standard Time elapsed time: 50.756669 seconds (0d 0h 0m 50s)

---------------  T H R E A D  ---------------

Current thread (0x00000270389dcdc0):  VMThread "VM Thread"          [id=23000, stack(0x0000007b61c00000,0x0000007b61d00000) (1024K)]

Stack: [0x0000007b61c00000,0x0000007b61d00000]
Native frames: (J=compiled Java code, j=interpreted, Vv=VM code, C=native code)
V  [jvm.dll+0x6c9029]
V  [jvm.dll+0x854b81]
V  [jvm.dll+0x856e5e]
V  [jvm.dll+0x857543]
V  [jvm.dll+0x280c06]
V  [jvm.dll+0x6c5715]
V  [jvm.dll+0x6ba10a]
V  [jvm.dll+0x3557ea]
V  [jvm.dll+0x35d436]
V  [jvm.dll+0x3ae1be]
V  [jvm.dll+0x3ae468]
V  [jvm.dll+0x3291fc]
V  [jvm.dll+0x329287]
V  [jvm.dll+0x36db3c]
V  [jvm.dll+0x36c33d]
V  [jvm.dll+0x328971]
V  [jvm.dll+0x36ba4a]
V  [jvm.dll+0x85d048]
V  [jvm.dll+0x85e144]
V  [jvm.dll+0x85e680]
V  [jvm.dll+0x85e923]
V  [jvm.dll+0x7fd728]
V  [jvm.dll+0x6c777d]
C  [ucrtbase.dll+0x14ea0]
C  [KERNEL32.DLL+0x2e8d7]
C  [ntdll.dll+0xdfbcc]

VM_Operation (0x0000007b64dfdfc0): G1CollectForAllocation, mode: safepoint, requested by thread 0x0000027009639030


---------------  P R O C E S S  ---------------

Threads class SMR info:
_java_thread_list=0x000002707f66f370, length=24, elements={
0x00000270396d44b0, 0x00000270396d4f10, 0x00000270389fe8f0, 0x00000270396d86c0,
0x00000270396d9630, 0x00000270396dbb20, 0x00000270396dd200, 0x00000270396e1f00,
0x00000270399168e0, 0x000002707f768fe0, 0x000002707f7d7270, 0x000002707f7150b0,
0x000002707f67a100, 0x000002707f67b0f0, 0x0000027009639030, 0x00000270096389a0,
0x00000270096396c0, 0x000002700963aa70, 0x0000027009638310, 0x000002700963a3e0,
0x0000027009df31d0, 0x0000027009df2b40, 0x0000027009defd50, 0x000002700afc8200
}

Java Threads: ( => current thread )
  0x00000270396d44b0 JavaThread "Reference Handler"          daemon [_thread_blocked, id=15612, stack(0x0000007b61d00000,0x0000007b61e00000) (1024K)]
  0x00000270396d4f10 JavaThread "Finalizer"                  daemon [_thread_blocked, id=13976, stack(0x0000007b61e00000,0x0000007b61f00000) (1024K)]
  0x00000270389fe8f0 JavaThread "Signal Dispatcher"          daemon [_thread_blocked, id=10772, stack(0x0000007b61f00000,0x0000007b62000000) (1024K)]
  0x00000270396d86c0 JavaThread "Attach Listener"            daemon [_thread_blocked, id=21672, stack(0x0000007b62000000,0x0000007b62100000) (1024K)]
  0x00000270396d9630 JavaThread "Service Thread"             daemon [_thread_blocked, id=17888, stack(0x0000007b62100000,0x0000007b62200000) (1024K)]
  0x00000270396dbb20 JavaThread "Monitor Deflation Thread"   daemon [_thread_blocked, id=21640, stack(0x0000007b62200000,0x0000007b62300000) (1024K)]
  0x00000270396dd200 JavaThread "C2 CompilerThread0"         daemon [_thread_blocked, id=3256, stack(0x0000007b62300000,0x0000007b62400000) (1024K)]
  0x00000270396e1f00 JavaThread "C1 CompilerThread0"         daemon [_thread_blocked, id=5760, stack(0x0000007b62400000,0x0000007b62500000) (1024K)]
  0x00000270399168e0 JavaThread "Common-Cleaner"             daemon [_thread_blocked, id=16596, stack(0x0000007b62500000,0x0000007b62600000) (1024K)]
  0x000002707f768fe0 JavaThread "Monitor Ctrl-Break"         daemon [_thread_in_native, id=3392, stack(0x0000007b62900000,0x0000007b62a00000) (1024K)]
  0x000002707f7d7270 JavaThread "Notification Thread"        daemon [_thread_blocked, id=24700, stack(0x0000007b62a00000,0x0000007b62b00000) (1024K)]
  0x000002707f7150b0 JavaThread "Java2D Disposer"            daemon [_thread_blocked, id=19828, stack(0x0000007b62b00000,0x0000007b62c00000) (1024K)]
  0x000002707f67a100 JavaThread "AWT-Shutdown"                      [_thread_blocked, id=18920, stack(0x0000007b62c00000,0x0000007b62d00000) (1024K)]
  0x000002707f67b0f0 JavaThread "AWT-Windows"                daemon [_thread_in_native, id=2240, stack(0x0000007b62d00000,0x0000007b62e00000) (1024K)]
  0x0000027009639030 JavaThread "AWT-EventQueue-0"                  [_thread_blocked, id=22592, stack(0x0000007b64d00000,0x0000007b64e00000) (1024K)]
  0x00000270096389a0 JavaThread "Thread-0"                          [_thread_in_native, id=19576, stack(0x0000007b64f00000,0x0000007b65000000) (1024K)]
  0x00000270096396c0 JavaThread "DestroyJavaVM"                     [_thread_blocked, id=22264, stack(0x0000007b61500000,0x0000007b61600000) (1024K)]
  0x000002700963aa70 JavaThread "D3D Screen Updater"         daemon [_thread_blocked, id=5272, stack(0x0000007b65000000,0x0000007b65100000) (1024K)]
  0x0000027009638310 JavaThread "TimerQueue"                 daemon [_thread_blocked, id=13828, stack(0x0000007b65100000,0x0000007b65200000) (1024K)]
  0x000002700963a3e0 JavaThread "mysql-cj-abandoned-connection-cleanup" daemon [_thread_blocked, id=24788, stack(0x0000007b64200000,0x0000007b64300000) (1024K)]
  0x0000027009df31d0 JavaThread "Thread-1"                          [_thread_blocked, id=19888, stack(0x0000007b65a00000,0x0000007b65b00000) (1024K)]
  0x0000027009df2b40 JavaThread "Thread-2"                          [_thread_in_native, id=3376, stack(0x0000007b65b00000,0x0000007b65c00000) (1024K)]
  0x0000027009defd50 JavaThread "JavaCPP Deallocator"        daemon [_thread_blocked, id=15104, stack(0x0000007b65c00000,0x0000007b65d00000) (1024K)]
  0x000002700afc8200 JavaThread "C1 CompilerThread1"         daemon [_thread_blocked, id=22384, stack(0x0000007b64100000,0x0000007b64200000) (1024K)]
Total: 24

Other Threads:
=>0x00000270389dcdc0 VMThread "VM Thread"                           [id=23000, stack(0x0000007b61c00000,0x0000007b61d00000) (1024K)]
  0x00000270389c7930 WatcherThread "VM Periodic Task Thread"        [id=13900, stack(0x0000007b61b00000,0x0000007b61c00000) (1024K)]
  0x00000270193a3ca0 WorkerThread "GC Thread#0"                     [id=23136, stack(0x0000007b61600000,0x0000007b61700000) (1024K)]
  0x0000027000cdb5f0 WorkerThread "GC Thread#1"                     [id=16088, stack(0x0000007b64400000,0x0000007b64500000) (1024K)]
  0x0000027000cdc1b0 WorkerThread "GC Thread#2"                     [id=18024, stack(0x0000007b64500000,0x0000007b64600000) (1024K)]
  0x0000027000cdc960 WorkerThread "GC Thread#3"                     [id=8328, stack(0x0000007b64600000,0x0000007b64700000) (1024K)]
  0x0000027000c8d9e0 WorkerThread "GC Thread#4"                     [id=16292, stack(0x0000007b64700000,0x0000007b64800000) (1024K)]
  0x0000027000c8dd80 WorkerThread "GC Thread#5"                     [id=21380, stack(0x0000007b64800000,0x0000007b64900000) (1024K)]
  0x0000027000c8cf00 WorkerThread "GC Thread#6"                     [id=17240, stack(0x0000007b64900000,0x0000007b64a00000) (1024K)]
  0x0000027000c8d2a0 WorkerThread "GC Thread#7"                     [id=20232, stack(0x0000007b64a00000,0x0000007b64b00000) (1024K)]
  0x0000027000c8d640 WorkerThread "GC Thread#8"                     [id=9012, stack(0x0000007b64b00000,0x0000007b64c00000) (1024K)]
  0x0000027000c8e120 WorkerThread "GC Thread#9"                     [id=948, stack(0x0000007b65200000,0x0000007b65300000) (1024K)]
  0x0000027000c8c7c0 WorkerThread "GC Thread#10"                    [id=19660, stack(0x0000007b65300000,0x0000007b65400000) (1024K)]
  0x00000270095627a0 WorkerThread "GC Thread#11"                    [id=11972, stack(0x0000007b65400000,0x0000007b65500000) (1024K)]
  0x0000027009561920 WorkerThread "GC Thread#12"                    [id=5396, stack(0x0000007b65500000,0x0000007b65600000) (1024K)]
  0x00000270193b4150 ConcurrentGCThread "G1 Main Marker"            [id=2588, stack(0x0000007b61700000,0x0000007b61800000) (1024K)]
  0x00000270193b5ad0 WorkerThread "G1 Conc#0"                       [id=16456, stack(0x0000007b61800000,0x0000007b61900000) (1024K)]
  0x0000027009563620 WorkerThread "G1 Conc#1"                       [id=25224, stack(0x0000007b64300000,0x0000007b64400000) (1024K)]
  0x0000027009563280 WorkerThread "G1 Conc#2"                       [id=6792, stack(0x0000007b65600000,0x0000007b65700000) (1024K)]
  0x00000270388944a0 ConcurrentGCThread "G1 Refine#0"               [id=15312, stack(0x0000007b61900000,0x0000007b61a00000) (1024K)]
  0x0000027038894f10 ConcurrentGCThread "G1 Service"                [id=16092, stack(0x0000007b61a00000,0x0000007b61b00000) (1024K)]
Total: 21

Threads with active compile tasks:
Total: 0

VM state: at safepoint (normal execution)

VM Mutex/Monitor currently owned by a thread:  ([mutex/lock_event])
[0x00007ffa7726a5f8] Threads_lock - owner thread: 0x00000270389dcdc0
[0x00007ffa7726a6f8] Heap_lock - owner thread: 0x0000027009639030

Heap address: 0x0000000709400000, size: 3948 MB, Compressed Oops mode: Zero based, Oop shift amount: 3

CDS archive(s) mapped at: [0x000002703a000000-0x000002703ac90000-0x000002703ac90000), size 13172736, SharedBaseAddress: 0x000002703a000000, ArchiveRelocationMode: 1.
Compressed class space mapped at: 0x000002703b000000-0x000002707b000000, reserved size: 1073741824
Narrow klass base: 0x000002703a000000, Narrow klass shift: 0, Narrow klass range: 0x100000000

GC Precious Log:
 CardTable entry size: 512
 Card Set container configuration: InlinePtr #cards 4 size 8 Array Of Cards #cards 16 size 48 Howl #buckets 8 coarsen threshold 3686 Howl Bitmap #cards 512 size 80 coarsen threshold 460 Card regions per heap region 1 cards per card region 4096
 CPUs: 16 total, 16 available
 Memory: 15791M
 Large Page Support: Disabled
 NUMA Support: Disabled
 Compressed Oops: Enabled (Zero based)
 Heap Region Size: 2M
 Heap Min Capacity: 8M
 Heap Initial Capacity: 248M
 Heap Max Capacity: 3948M
 Pre-touch: Disabled
 Parallel Workers: 13
 Concurrent Workers: 3
 Concurrent Refinement Workers: 13
 Periodic GC: Disabled

Heap:
 garbage-first heap   total 90112K, used 43924K [0x0000000709400000, 0x0000000800000000)
  region size 2048K, 3 young (6144K), 3 survivors (6144K)
 Metaspace       used 30461K, committed 30848K, reserved 1114112K
  class space    used 2886K, committed 3072K, reserved 1048576K

Heap Regions: E=young(eden), S=young(survivor), O=old, HS=humongous(starts), HC=humongous(continues), CS=collection set, F=free, TAMS=top-at-mark-start, PB=parsable bottom
|   0|0x0000000709400000, 0x0000000709600000, 0x0000000709600000|100%| O|  |TAMS 0x0000000709400000| PB 0x0000000709400000| Untracked 
|   1|0x0000000709600000, 0x0000000709800000, 0x0000000709800000|100%| O|  |TAMS 0x0000000709600000| PB 0x0000000709600000| Untracked 
|   2|0x0000000709800000, 0x0000000709a00000, 0x0000000709a00000|100%| O|  |TAMS 0x0000000709800000| PB 0x0000000709800000| Untracked 
|   3|0x0000000709a00000, 0x0000000709c00000, 0x0000000709c00000|100%|HS|  |TAMS 0x0000000709a00000| PB 0x0000000709a00000| Complete 
|   4|0x0000000709c00000, 0x0000000709e00000, 0x0000000709e00000|100%| O|  |TAMS 0x0000000709c00000| PB 0x0000000709c00000| Untracked 
|   5|0x0000000709e00000, 0x000000070a000000, 0x000000070a000000|100%| O|  |TAMS 0x0000000709e00000| PB 0x0000000709e00000| Untracked 
|   6|0x000000070a000000, 0x000000070a200000, 0x000000070a200000|100%| O|  |TAMS 0x000000070a000000| PB 0x000000070a000000| Untracked 
|   7|0x000000070a200000, 0x000000070a400000, 0x000000070a400000|100%| O|  |TAMS 0x000000070a200000| PB 0x000000070a200000| Untracked 
|   8|0x000000070a400000, 0x000000070a600000, 0x000000070a600000|100%|HS|  |TAMS 0x000000070a400000| PB 0x000000070a400000| Complete 
|   9|0x000000070a600000, 0x000000070a800000, 0x000000070a800000|100%|HS|  |TAMS 0x000000070a600000| PB 0x000000070a600000| Complete 
|  10|0x000000070a800000, 0x000000070aa00000, 0x000000070aa00000|100%|HS|  |TAMS 0x000000070a800000| PB 0x000000070a800000| Complete 
|  11|0x000000070aa00000, 0x000000070ac00000, 0x000000070ac00000|100%|HS|  |TAMS 0x000000070aa00000| PB 0x000000070aa00000| Complete 
|  12|0x000000070ac00000, 0x000000070ae00000, 0x000000070ae00000|100%|HS|  |TAMS 0x000000070ac00000| PB 0x000000070ac00000| Complete 
|  13|0x000000070ae00000, 0x000000070b000000, 0x000000070b000000|100%|HS|  |TAMS 0x000000070ae00000| PB 0x000000070ae00000| Complete 
|  14|0x000000070b000000, 0x000000070b200000, 0x000000070b200000|100%| O|  |TAMS 0x000000070b000000| PB 0x000000070b000000| Untracked 
|  15|0x000000070b200000, 0x000000070b400000, 0x000000070b400000|100%| O|  |TAMS 0x000000070b200000| PB 0x000000070b200000| Untracked 
|  16|0x000000070b400000, 0x000000070b4e5030, 0x000000070b600000| 44%| O|  |TAMS 0x000000070b400000| PB 0x000000070b400000| Untracked 
|  17|0x000000070b600000, 0x000000070b800000, 0x000000070b800000|100%| O|  |TAMS 0x000000070b600000| PB 0x000000070b600000| Untracked 
|  18|0x000000070b800000, 0x000000070b800000, 0x000000070ba00000|  0%| F|  |TAMS 0x000000070b800000| PB 0x000000070b800000| Untracked 
|  19|0x000000070ba00000, 0x000000070bc00000, 0x000000070bc00000|100%| S|CS|TAMS 0x000000070ba00000| PB 0x000000070ba00000| Complete 
|  20|0x000000070bc00000, 0x000000070bc00000, 0x000000070be00000|  0%| F|  |TAMS 0x000000070bc00000| PB 0x000000070bc00000| Untracked 
|  21|0x000000070be00000, 0x000000070be00000, 0x000000070c000000|  0%| F|  |TAMS 0x000000070be00000| PB 0x000000070be00000| Untracked 
|  22|0x000000070c000000, 0x000000070c200000, 0x000000070c200000|100%| S|CS|TAMS 0x000000070c000000| PB 0x000000070c000000| Complete 
|  23|0x000000070c200000, 0x000000070c400000, 0x000000070c400000|100%| S|CS|TAMS 0x000000070c200000| PB 0x000000070c200000| Complete 
|  24|0x000000070c400000, 0x000000070c400000, 0x000000070c600000|  0%| F|  |TAMS 0x000000070c400000| PB 0x000000070c400000| Untracked 
|  25|0x000000070c600000, 0x000000070c600000, 0x000000070c800000|  0%| F|  |TAMS 0x000000070c600000| PB 0x000000070c600000| Untracked 
|  26|0x000000070c800000, 0x000000070c800000, 0x000000070ca00000|  0%| F|  |TAMS 0x000000070c800000| PB 0x000000070c800000| Untracked 
|  27|0x000000070ca00000, 0x000000070ca00000, 0x000000070cc00000|  0%| F|  |TAMS 0x000000070ca00000| PB 0x000000070ca00000| Untracked 
|  28|0x000000070cc00000, 0x000000070cc00000, 0x000000070ce00000|  0%| F|  |TAMS 0x000000070cc00000| PB 0x000000070cc00000| Untracked 
|  29|0x000000070ce00000, 0x000000070ce00000, 0x000000070d000000|  0%| F|  |TAMS 0x000000070ce00000| PB 0x000000070ce00000| Untracked 
|  30|0x000000070d000000, 0x000000070d000000, 0x000000070d200000|  0%| F|  |TAMS 0x000000070d000000| PB 0x000000070d000000| Untracked 
|  31|0x000000070d200000, 0x000000070d200000, 0x000000070d400000|  0%| F|  |TAMS 0x000000070d200000| PB 0x000000070d200000| Untracked 
|  32|0x000000070d400000, 0x000000070d400000, 0x000000070d600000|  0%| F|  |TAMS 0x000000070d400000| PB 0x000000070d400000| Untracked 
|  33|0x000000070d600000, 0x000000070d600000, 0x000000070d800000|  0%| F|  |TAMS 0x000000070d600000| PB 0x000000070d600000| Untracked 
|  34|0x000000070d800000, 0x000000070d800000, 0x000000070da00000|  0%| F|  |TAMS 0x000000070d800000| PB 0x000000070d800000| Untracked 
|  35|0x000000070da00000, 0x000000070da00000, 0x000000070dc00000|  0%| F|  |TAMS 0x000000070da00000| PB 0x000000070da00000| Untracked 
|  36|0x000000070dc00000, 0x000000070dc00000, 0x000000070de00000|  0%| F|  |TAMS 0x000000070dc00000| PB 0x000000070dc00000| Untracked 
|  37|0x000000070de00000, 0x000000070de00000, 0x000000070e000000|  0%| F|  |TAMS 0x000000070de00000| PB 0x000000070de00000| Untracked 
|  38|0x000000070e000000, 0x000000070e000000, 0x000000070e200000|  0%| F|  |TAMS 0x000000070e000000| PB 0x000000070e000000| Untracked 
|  39|0x000000070e200000, 0x000000070e200000, 0x000000070e400000|  0%| F|  |TAMS 0x000000070e200000| PB 0x000000070e200000| Untracked 
|  40|0x000000070e400000, 0x000000070e400000, 0x000000070e600000|  0%| F|  |TAMS 0x000000070e400000| PB 0x000000070e400000| Untracked 
| 118|0x0000000718000000, 0x0000000718000000, 0x0000000718200000|  0%| F|  |TAMS 0x0000000718000000| PB 0x0000000718000000| Untracked 
| 123|0x0000000718a00000, 0x0000000718a00000, 0x0000000718c00000|  0%| F|  |TAMS 0x0000000718a00000| PB 0x0000000718a00000| Untracked 
|1973|0x00000007ffe00000, 0x0000000800000000, 0x0000000800000000|100%| O|  |TAMS 0x00000007ffe00000| PB 0x00000007ffe00000| Untracked 

Card table byte_map: [0x0000027031fa0000,0x0000027032760000] _byte_map_base: 0x000002702e756000

Marking Bits: (CMBitMap*) 0x00000270193a41b0
 Bits: [0x0000027032760000, 0x0000027036510000)

Polling page: 0x0000027017ab0000

Metaspace:

Usage:
  Non-class:     26.93 MB used.
      Class:      2.82 MB used.
       Both:     29.75 MB used.

Virtual space:
  Non-class space:       64.00 MB reserved,      27.12 MB ( 42%) committed,  1 nodes.
      Class space:        1.00 GB reserved,       3.00 MB ( <1%) committed,  1 nodes.
             Both:        1.06 GB reserved,      30.12 MB (  3%) committed. 

Chunk freelists:
   Non-Class:  4.34 MB
       Class:  12.92 MB
        Both:  17.27 MB

MaxMetaspaceSize: unlimited
CompressedClassSpaceSize: 1.00 GB
Initial GC threshold: 21.00 MB
Current GC threshold: 35.12 MB
CDS: on
 - commit_granule_bytes: 65536.
 - commit_granule_words: 8192.
 - virtual_space_node_default_size: 8388608.
 - enlarge_chunks_in_place: 1.
 - use_allocation_guard: 0.


Internal statistics:

num_allocs_failed_limit: 3.
num_arena_births: 318.
num_arena_deaths: 0.
num_vsnodes_births: 2.
num_vsnodes_deaths: 0.
num_space_committed: 480.
num_space_uncommitted: 0.
num_chunks_returned_to_freelist: 3.
num_chunks_taken_from_freelist: 804.
num_chunk_merges: 3.
num_chunk_splits: 550.
num_chunks_enlarged: 360.
num_inconsistent_stats: 0.

CodeHeap 'non-profiled nmethods': size=119168Kb used=2005Kb max_used=2005Kb free=117162Kb
 bounds [0x00000270293b0000, 0x0000027029620000, 0x0000027030810000]
CodeHeap 'profiled nmethods': size=119104Kb used=8943Kb max_used=8943Kb free=110161Kb
 bounds [0x0000027021810000, 0x00000270220d0000, 0x0000027028c60000]
CodeHeap 'non-nmethods': size=7488Kb used=3129Kb max_used=3344Kb free=4359Kb
 bounds [0x0000027028c60000, 0x0000027028fb0000, 0x00000270293b0000]
 total_blobs=5546 nmethods=4176 adapters=1273
 compilation: enabled
              stopped_count=0, restarted_count=0
 full_count=0

Compilation events (20 events):
Event: 50.620 Thread 0x000002700afc8200 nmethod 4167 0x00000270295a4610 code [0x00000270295a47a0, 0x00000270295a4870]
Event: 50.620 Thread 0x00000270396e1f00 nmethod 4168 0x00000270295a4910 code [0x00000270295a4aa0, 0x00000270295a4b70]
Event: 50.620 Thread 0x000002700afc8200 4169       1       javax.swing.AbstractButton::getIconTextGap (5 bytes)
Event: 50.620 Thread 0x000002700afc8200 nmethod 4169 0x00000270295a4c10 code [0x00000270295a4da0, 0x00000270295a4e70]
Event: 50.627 Thread 0x00000270396dd200 4170       4       java.util.HashMap::containsKey (14 bytes)
Event: 50.630 Thread 0x00000270396dd200 nmethod 4170 0x00000270295a4f10 code [0x00000270295a50e0, 0x00000270295a5458]
Event: 50.637 Thread 0x00000270396e1f00 4171       3       javax.swing.RepaintManager::collectDirtyComponents (344 bytes)
Event: 50.638 Thread 0x000002700afc8200 4172       3       sun.java2d.d3d.D3DBlitLoops::createPackedParams (60 bytes)
Event: 50.638 Thread 0x00000270396e1f00 nmethod 4171 0x00000270220c1810 code [0x00000270220c1b80, 0x00000270220c38a0]
Event: 50.638 Thread 0x00000270396e1f00 4173       3       sun.java2d.d3d.D3DBlitLoops::enqueueBlit (102 bytes)
Event: 50.638 Thread 0x000002700afc8200 nmethod 4172 0x00000270220c4110 code [0x00000270220c42c0, 0x00000270220c4530]
Event: 50.639 Thread 0x00000270396e1f00 nmethod 4173 0x00000270220c4610 code [0x00000270220c48c0, 0x00000270220c51e0]
Event: 50.640 Thread 0x00000270396e1f00 4174       3       sun.java2d.SunGraphics2D::getFontInfo (34 bytes)
Event: 50.640 Thread 0x00000270396e1f00 nmethod 4174 0x00000270220c5890 code [0x00000270220c5a40, 0x00000270220c5c58]
Event: 50.646 Thread 0x00000270396e1f00 4175   !   3       java.awt.KeyboardFocusManager::processCurrentLightweightRequests (345 bytes)
Event: 50.649 Thread 0x00000270396e1f00 nmethod 4175 0x00000270220c5d10 code [0x00000270220c6240, 0x00000270220c9200]
Event: 50.654 Thread 0x00000270396e1f00 4176       3       javax.swing.plaf.ComponentUI::paint (1 bytes)
Event: 50.655 Thread 0x00000270396e1f00 nmethod 4176 0x00000270220ca590 code [0x00000270220ca720, 0x00000270220ca830]
Event: 50.748 Thread 0x00000270396e1f00 4177   !   3       sun.swing.SwingUtilities2::getLeftSideBearing (178 bytes)
Event: 50.749 Thread 0x00000270396e1f00 nmethod 4177 0x00000270220ca890 code [0x00000270220caae0, 0x00000270220cb630]

GC Heap History (20 events):
Event: 37.928 GC heap after
{Heap after GC invocations=14 (full 0):
 garbage-first heap   total 90112K, used 39859K [0x0000000709400000, 0x0000000800000000)
  region size 2048K, 2 young (4096K), 2 survivors (4096K)
 Metaspace       used 30312K, committed 30720K, reserved 1114112K
  class space    used 2886K, committed 3072K, reserved 1048576K
}
Event: 41.496 GC heap before
{Heap before GC invocations=14 (full 0):
 garbage-first heap   total 90112K, used 78771K [0x0000000709400000, 0x0000000800000000)
  region size 2048K, 21 young (43008K), 2 survivors (4096K)
 Metaspace       used 30344K, committed 30720K, reserved 1114112K
  class space    used 2886K, committed 3072K, reserved 1048576K
}
Event: 41.497 GC heap after
{Heap after GC invocations=15 (full 0):
 garbage-first heap   total 90112K, used 39946K [0x0000000709400000, 0x0000000800000000)
  region size 2048K, 3 young (6144K), 3 survivors (6144K)
 Metaspace       used 30344K, committed 30720K, reserved 1114112K
  class space    used 2886K, committed 3072K, reserved 1048576K
}
Event: 43.519 GC heap before
{Heap before GC invocations=15 (full 0):
 garbage-first heap   total 90112K, used 72714K [0x0000000709400000, 0x0000000800000000)
  region size 2048K, 20 young (40960K), 3 survivors (6144K)
 Metaspace       used 30354K, committed 30720K, reserved 1114112K
  class space    used 2886K, committed 3072K, reserved 1048576K
}
Event: 43.521 GC heap after
{Heap after GC invocations=16 (full 0):
 garbage-first heap   total 90112K, used 39786K [0x0000000709400000, 0x0000000800000000)
  region size 2048K, 2 young (4096K), 2 survivors (4096K)
 Metaspace       used 30354K, committed 30720K, reserved 1114112K
  class space    used 2886K, committed 3072K, reserved 1048576K
}
Event: 46.301 GC heap before
{Heap before GC invocations=16 (full 0):
 garbage-first heap   total 90112K, used 76650K [0x0000000709400000, 0x0000000800000000)
  region size 2048K, 21 young (43008K), 2 survivors (4096K)
 Metaspace       used 30370K, committed 30720K, reserved 1114112K
  class space    used 2886K, committed 3072K, reserved 1048576K
}
Event: 46.303 GC heap after
{Heap after GC invocations=17 (full 0):
 garbage-first heap   total 90112K, used 39978K [0x0000000709400000, 0x0000000800000000)
  region size 2048K, 3 young (6144K), 3 survivors (6144K)
 Metaspace       used 30370K, committed 30720K, reserved 1114112K
  class space    used 2886K, committed 3072K, reserved 1048576K
}
Event: 49.443 GC heap before
{Heap before GC invocations=17 (full 0):
 garbage-first heap   total 90112K, used 74794K [0x0000000709400000, 0x0000000800000000)
  region size 2048K, 20 young (40960K), 3 survivors (6144K)
 Metaspace       used 30372K, committed 30720K, reserved 1114112K
  class space    used 2886K, committed 3072K, reserved 1048576K
}
Event: 49.444 GC heap after
{Heap after GC invocations=18 (full 0):
 garbage-first heap   total 90112K, used 39919K [0x0000000709400000, 0x0000000800000000)
  region size 2048K, 2 young (4096K), 2 survivors (4096K)
 Metaspace       used 30372K, committed 30720K, reserved 1114112K
  class space    used 2886K, committed 3072K, reserved 1048576K
}
Event: 50.119 GC heap before
{Heap before GC invocations=18 (full 0):
 garbage-first heap   total 90112K, used 76783K [0x0000000709400000, 0x0000000800000000)
  region size 2048K, 21 young (43008K), 2 survivors (4096K)
 Metaspace       used 30381K, committed 30784K, reserved 1114112K
  class space    used 2886K, committed 3072K, reserved 1048576K
}
Event: 50.121 GC heap after
{Heap after GC invocations=19 (full 0):
 garbage-first heap   total 90112K, used 39730K [0x0000000709400000, 0x0000000800000000)
  region size 2048K, 2 young (4096K), 2 survivors (4096K)
 Metaspace       used 30381K, committed 30784K, reserved 1114112K
  class space    used 2886K, committed 3072K, reserved 1048576K
}
Event: 50.232 GC heap before
{Heap before GC invocations=19 (full 0):
 garbage-first heap   total 90112K, used 76594K [0x0000000709400000, 0x0000000800000000)
  region size 2048K, 21 young (43008K), 2 survivors (4096K)
 Metaspace       used 30420K, committed 30784K, reserved 1114112K
  class space    used 2886K, committed 3072K, reserved 1048576K
}
Event: 50.234 GC heap after
{Heap after GC invocations=20 (full 0):
 garbage-first heap   total 90112K, used 40085K [0x0000000709400000, 0x0000000800000000)
  region size 2048K, 2 young (4096K), 2 survivors (4096K)
 Metaspace       used 30420K, committed 30784K, reserved 1114112K
  class space    used 2886K, committed 3072K, reserved 1048576K
}
Event: 50.360 GC heap before
{Heap before GC invocations=20 (full 0):
 garbage-first heap   total 90112K, used 76949K [0x0000000709400000, 0x0000000800000000)
  region size 2048K, 21 young (43008K), 2 survivors (4096K)
 Metaspace       used 30425K, committed 30784K, reserved 1114112K
  class space    used 2886K, committed 3072K, reserved 1048576K
}
Event: 50.362 GC heap after
{Heap after GC invocations=21 (full 0):
 garbage-first heap   total 90112K, used 40218K [0x0000000709400000, 0x0000000800000000)
  region size 2048K, 2 young (4096K), 2 survivors (4096K)
 Metaspace       used 30425K, committed 30784K, reserved 1114112K
  class space    used 2886K, committed 3072K, reserved 1048576K
}
Event: 50.449 GC heap before
{Heap before GC invocations=21 (full 0):
 garbage-first heap   total 90112K, used 77082K [0x0000000709400000, 0x0000000800000000)
  region size 2048K, 21 young (43008K), 2 survivors (4096K)
 Metaspace       used 30441K, committed 30848K, reserved 1114112K
  class space    used 2886K, committed 3072K, reserved 1048576K
}
Event: 50.450 GC heap after
{Heap after GC invocations=22 (full 0):
 garbage-first heap   total 90112K, used 40263K [0x0000000709400000, 0x0000000800000000)
  region size 2048K, 2 young (4096K), 2 survivors (4096K)
 Metaspace       used 30441K, committed 30848K, reserved 1114112K
  class space    used 2886K, committed 3072K, reserved 1048576K
}
Event: 50.542 GC heap before
{Heap before GC invocations=22 (full 0):
 garbage-first heap   total 90112K, used 77127K [0x0000000709400000, 0x0000000800000000)
  region size 2048K, 21 young (43008K), 2 survivors (4096K)
 Metaspace       used 30448K, committed 30848K, reserved 1114112K
  class space    used 2886K, committed 3072K, reserved 1048576K
}
Event: 50.543 GC heap after
{Heap after GC invocations=23 (full 0):
 garbage-first heap   total 90112K, used 40285K [0x0000000709400000, 0x0000000800000000)
  region size 2048K, 2 young (4096K), 2 survivors (4096K)
 Metaspace       used 30448K, committed 30848K, reserved 1114112K
  class space    used 2886K, committed 3072K, reserved 1048576K
}
Event: 50.752 GC heap before
{Heap before GC invocations=23 (full 0):
 garbage-first heap   total 90112K, used 77149K [0x0000000709400000, 0x0000000800000000)
  region size 2048K, 21 young (43008K), 2 survivors (4096K)
 Metaspace       used 30461K, committed 30848K, reserved 1114112K
  class space    used 2886K, committed 3072K, reserved 1048576K
}

Dll operation events (20 events):
Event: 29.774 Loaded shared library C:\Users\tranh\.javacpp\cache\javacpp-1.5.9-windows-x86_64.jar\org\bytedeco\javacpp\windows-x86_64\api-ms-win-core-interlocked-l1-1-0.dll
Event: 29.778 Loaded shared library C:\Users\tranh\.javacpp\cache\javacpp-1.5.9-windows-x86_64.jar\org\bytedeco\javacpp\windows-x86_64\ucrtbase.dll
Event: 29.783 Loaded shared library C:\Users\tranh\.javacpp\cache\javacpp-1.5.9-windows-x86_64.jar\org\bytedeco\javacpp\windows-x86_64\vcruntime140.dll
Event: 29.787 Loaded shared library C:\Users\tranh\.javacpp\cache\javacpp-1.5.9-windows-x86_64.jar\org\bytedeco\javacpp\windows-x86_64\vcruntime140_1.dll
Event: 29.792 Loaded shared library C:\Users\tranh\.javacpp\cache\javacpp-1.5.9-windows-x86_64.jar\org\bytedeco\javacpp\windows-x86_64\msvcp140.dll
Event: 29.796 Loaded shared library C:\Users\tranh\.javacpp\cache\javacpp-1.5.9-windows-x86_64.jar\org\bytedeco\javacpp\windows-x86_64\msvcp140_1.dll
Event: 29.800 Loaded shared library C:\Users\tranh\.javacpp\cache\javacpp-1.5.9-windows-x86_64.jar\org\bytedeco\javacpp\windows-x86_64\concrt140.dll
Event: 29.805 Loaded shared library C:\Users\tranh\.javacpp\cache\javacpp-1.5.9-windows-x86_64.jar\org\bytedeco\javacpp\windows-x86_64\vcomp140.dll
Event: 29.810 Loaded shared library C:\Users\tranh\.javacpp\cache\javacpp-1.5.9-windows-x86_64.jar\org\bytedeco\javacpp\windows-x86_64\jnijavacpp.dll
Event: 29.853 Loaded shared library C:\Users\tranh\.javacpp\cache\openblas-0.3.23-1.5.9-windows-x86_64.jar\org\bytedeco\openblas\windows-x86_64\libopenblas_nolapack.dll
Event: 29.869 Loaded shared library C:\Users\tranh\.javacpp\cache\openblas-0.3.23-1.5.9-windows-x86_64.jar\org\bytedeco\openblas\windows-x86_64\jniopenblas_nolapack.dll
Event: 29.921 Loaded shared library C:\Users\tranh\.javacpp\cache\openblas-0.3.23-1.5.9-windows-x86_64.jar\org\bytedeco\openblas\windows-x86_64\libopenblas.dll
Event: 29.936 Loaded shared library C:\Users\tranh\.javacpp\cache\openblas-0.3.23-1.5.9-windows-x86_64.jar\org\bytedeco\openblas\windows-x86_64\jniopenblas.dll
Event: 30.263 Loaded shared library C:\Users\tranh\.javacpp\cache\opencv-4.5.1-1.5.5-windows-x86_64.jar\org\bytedeco\opencv\windows-x86_64\opencv_core451.dll
Event: 30.294 Loaded shared library C:\Users\tranh\.javacpp\cache\opencv-4.5.1-1.5.5-windows-x86_64.jar\org\bytedeco\opencv\windows-x86_64\opencv_imgproc451.dll
Event: 30.310 Loaded shared library C:\Users\tranh\.javacpp\cache\opencv-4.5.1-1.5.5-windows-x86_64.jar\org\bytedeco\opencv\windows-x86_64\jniopencv_core.dll
Event: 30.385 Loaded shared library C:\Windows\System32\ole32.dll
Event: 30.387 Loaded shared library C:\Windows\System32\oleaut32.dll
Event: 30.437 Loaded shared library C:\Users\tranh\.javacpp\cache\videoinput-0.200-1.5.9-windows-x86_64.jar\org\bytedeco\videoinput\windows-x86_64\jnivideoInputLib.dll
Event: 31.669 Loaded shared library C:\Program Files\Java\jdk-21\bin\javajpeg.dll

Deoptimization events (20 events):
Event: 47.380 Thread 0x0000027009df31d0 DEOPT PACKING pc=0x0000027021fee6e7 sp=0x0000007b65afe950
Event: 47.380 Thread 0x0000027009df31d0 DEOPT UNPACKING pc=0x0000027028cb4e42 sp=0x0000007b65afde08 mode 0
Event: 50.510 Thread 0x0000027009639030 DEOPT PACKING pc=0x0000027021fed008 sp=0x0000007b64dfe730
Event: 50.510 Thread 0x0000027009639030 DEOPT UNPACKING pc=0x0000027028cb4e42 sp=0x0000007b64dfdb90 mode 0
Event: 50.520 Thread 0x0000027009639030 Uncommon trap: trap_request=0xffffffbe fr.pc=0x00000270295a1214 relative=0x00000000000002f4
Event: 50.520 Thread 0x0000027009639030 Uncommon trap: reason=profile_predicate action=maybe_recompile pc=0x00000270295a1214 method=sun.security.provider.HashDrbg.addBytes([BI[[B)V @ 36 c2
Event: 50.520 Thread 0x0000027009639030 DEOPT PACKING pc=0x00000270295a1214 sp=0x0000007b64dfe740
Event: 50.520 Thread 0x0000027009639030 DEOPT UNPACKING pc=0x0000027028cb46a2 sp=0x0000007b64dfe690 mode 2
Event: 50.520 Thread 0x0000027009639030 Uncommon trap: trap_request=0xffffffbe fr.pc=0x00000270295a1214 relative=0x00000000000002f4
Event: 50.520 Thread 0x0000027009639030 Uncommon trap: reason=profile_predicate action=maybe_recompile pc=0x00000270295a1214 method=sun.security.provider.HashDrbg.addBytes([BI[[B)V @ 36 c2
Event: 50.520 Thread 0x0000027009639030 DEOPT PACKING pc=0x00000270295a1214 sp=0x0000007b64dfe730
Event: 50.520 Thread 0x0000027009639030 DEOPT UNPACKING pc=0x0000027028cb46a2 sp=0x0000007b64dfe680 mode 2
Event: 50.523 Thread 0x0000027009df31d0 Uncommon trap: trap_request=0xffffffbe fr.pc=0x00000270295a1214 relative=0x00000000000002f4
Event: 50.523 Thread 0x0000027009df31d0 Uncommon trap: reason=profile_predicate action=maybe_recompile pc=0x00000270295a1214 method=sun.security.provider.HashDrbg.addBytes([BI[[B)V @ 36 c2
Event: 50.523 Thread 0x0000027009df31d0 DEOPT PACKING pc=0x00000270295a1214 sp=0x0000007b65afe6b0
Event: 50.523 Thread 0x0000027009df31d0 DEOPT UNPACKING pc=0x0000027028cb46a2 sp=0x0000007b65afe600 mode 2
Event: 50.523 Thread 0x0000027009df31d0 Uncommon trap: trap_request=0xffffffbe fr.pc=0x00000270295a1214 relative=0x00000000000002f4
Event: 50.523 Thread 0x0000027009df31d0 Uncommon trap: reason=profile_predicate action=maybe_recompile pc=0x00000270295a1214 method=sun.security.provider.HashDrbg.addBytes([BI[[B)V @ 36 c2
Event: 50.524 Thread 0x0000027009df31d0 DEOPT PACKING pc=0x00000270295a1214 sp=0x0000007b65afe6a0
Event: 50.524 Thread 0x0000027009df31d0 DEOPT UNPACKING pc=0x0000027028cb46a2 sp=0x0000007b65afe5f0 mode 2

Classes loaded (20 events):
Event: 31.691 Loading class com/sun/imageio/plugins/jpeg/JPEGImageReader$JPEGReaderDisposerRecord
Event: 31.692 Loading class com/sun/imageio/plugins/jpeg/JPEGImageReader$JPEGReaderDisposerRecord done
Event: 31.692 Loading class javax/imageio/plugins/jpeg/JPEGImageReadParam
Event: 31.692 Loading class javax/imageio/ImageReadParam
Event: 31.692 Loading class javax/imageio/IIOParam
Event: 31.692 Loading class javax/imageio/IIOParam done
Event: 31.692 Loading class javax/imageio/ImageReadParam done
Event: 31.692 Loading class javax/imageio/plugins/jpeg/JPEGImageReadParam done
Event: 31.692 Loading class com/sun/imageio/plugins/jpeg/ImageTypeProducer
Event: 31.692 Loading class com/sun/imageio/plugins/jpeg/ImageTypeProducer done
Event: 31.692 Loading class com/sun/imageio/plugins/jpeg/ImageTypeIterator
Event: 31.692 Loading class com/sun/imageio/plugins/jpeg/ImageTypeIterator done
Event: 31.693 Loading class sun/awt/image/ShortComponentRaster
Event: 31.693 Loading class sun/awt/image/ShortComponentRaster done
Event: 31.697 Loading class java/lang/Throwable$WrappedPrintStream
Event: 31.697 Loading class java/lang/Throwable$PrintStreamOrWriter
Event: 31.697 Loading class java/lang/Throwable$PrintStreamOrWriter done
Event: 31.697 Loading class java/lang/Throwable$WrappedPrintStream done
Event: 35.529 Loading class sun/awt/windows/WComponentPeer$1
Event: 35.529 Loading class sun/awt/windows/WComponentPeer$1 done

Classes unloaded (0 events):
No events

Classes redefined (0 events):
No events

Internal exceptions (20 events):
Event: 50.540 Thread 0x0000027009639030 Exception <a 'java/lang/NullPointerException'{0x000000070c532c70}> (0x000000070c532c70) 
thrown [s\open\src\hotspot\share\interpreter\linkResolver.cpp, line 1372]
Event: 50.546 Thread 0x0000027009639030 Exception <a 'java/lang/NullPointerException'{0x0000000718bc5988}> (0x0000000718bc5988) 
thrown [s\open\src\hotspot\share\interpreter\linkResolver.cpp, line 1372]
Event: 50.551 Thread 0x0000027009639030 Exception <a 'java/lang/NullPointerException'{0x00000007181934a0}> (0x00000007181934a0) 
thrown [s\open\src\hotspot\share\interpreter\linkResolver.cpp, line 1372]
Event: 50.557 Thread 0x0000027009639030 Exception <a 'java/lang/NullPointerException'{0x000000070e561f38}> (0x000000070e561f38) 
thrown [s\open\src\hotspot\share\interpreter\linkResolver.cpp, line 1372]
Event: 50.562 Thread 0x0000027009639030 Exception <a 'java/lang/NullPointerException'{0x000000070e32f780}> (0x000000070e32f780) 
thrown [s\open\src\hotspot\share\interpreter\linkResolver.cpp, line 1372]
Event: 50.568 Thread 0x0000027009639030 Exception <a 'java/lang/NullPointerException'{0x000000070e0fce50}> (0x000000070e0fce50) 
thrown [s\open\src\hotspot\share\interpreter\linkResolver.cpp, line 1372]
Event: 50.574 Thread 0x0000027009639030 Exception <a 'java/lang/NullPointerException'{0x000000070e1e8d70}> (0x000000070e1e8d70) 
thrown [s\open\src\hotspot\share\interpreter\linkResolver.cpp, line 1372]
Event: 50.579 Thread 0x0000027009639030 Exception <a 'java/lang/NullPointerException'{0x000000070dc97ba0}> (0x000000070dc97ba0) 
thrown [s\open\src\hotspot\share\interpreter\linkResolver.cpp, line 1372]
Event: 50.583 Thread 0x0000027009639030 Exception <a 'java/lang/NullPointerException'{0x000000070da65270}> (0x000000070da65270) 
thrown [s\open\src\hotspot\share\interpreter\linkResolver.cpp, line 1372]
Event: 50.588 Thread 0x0000027009639030 Exception <a 'java/lang/NullPointerException'{0x000000070d832940}> (0x000000070d832940) 
thrown [s\open\src\hotspot\share\interpreter\linkResolver.cpp, line 1372]
Event: 50.592 Thread 0x0000027009639030 Exception <a 'java/lang/NullPointerException'{0x000000070d9ff870}> (0x000000070d9ff870) 
thrown [s\open\src\hotspot\share\interpreter\linkResolver.cpp, line 1372]
Event: 50.599 Thread 0x0000027009639030 Exception <a 'java/lang/NullPointerException'{0x000000070d7ccfe0}> (0x000000070d7ccfe0) 
thrown [s\open\src\hotspot\share\interpreter\linkResolver.cpp, line 1372]
Event: 50.603 Thread 0x0000027009639030 Exception <a 'java/lang/NullPointerException'{0x000000070d59a610}> (0x000000070d59a610) 
thrown [s\open\src\hotspot\share\interpreter\linkResolver.cpp, line 1372]
Event: 50.607 Thread 0x0000027009639030 Exception <a 'java/lang/NullPointerException'{0x000000070d367b70}> (0x000000070d367b70) 
thrown [s\open\src\hotspot\share\interpreter\linkResolver.cpp, line 1372]
Event: 50.611 Thread 0x0000027009639030 Exception <a 'java/lang/NullPointerException'{0x000000070d135240}> (0x000000070d135240) 
thrown [s\open\src\hotspot\share\interpreter\linkResolver.cpp, line 1372]
Event: 50.616 Thread 0x0000027009639030 Exception <a 'java/lang/NullPointerException'{0x000000070cf02910}> (0x000000070cf02910) 
thrown [s\open\src\hotspot\share\interpreter\linkResolver.cpp, line 1372]
Event: 50.627 Thread 0x0000027009639030 Exception <a 'java/lang/NullPointerException'{0x000000070cff54d0}> (0x000000070cff54d0) 
thrown [s\open\src\hotspot\share\interpreter\linkResolver.cpp, line 1372]
Event: 50.632 Thread 0x0000027009639030 Exception <a 'java/lang/NullPointerException'{0x000000070caa6610}> (0x000000070caa6610) 
thrown [s\open\src\hotspot\share\interpreter\linkResolver.cpp, line 1372]
Event: 50.637 Thread 0x0000027009639030 Exception <a 'java/lang/NullPointerException'{0x000000070c91fdf0}> (0x000000070c91fdf0) 
thrown [s\open\src\hotspot\share\interpreter\linkResolver.cpp, line 1372]
Event: 50.646 Thread 0x0000027009639030 Exception <a 'java/lang/NullPointerException'{0x000000070c76d5b0}> (0x000000070c76d5b0) 
thrown [s\open\src\hotspot\share\interpreter\linkResolver.cpp, line 1372]

ZGC Phase Switch (0 events):
No events

VM Operations (20 events):
Event: 43.498 Executing VM operation: Cleanup done
Event: 43.519 Executing VM operation: G1CollectForAllocation (G1 Evacuation Pause)
Event: 43.521 Executing VM operation: G1CollectForAllocation (G1 Evacuation Pause) done
Event: 44.521 Executing VM operation: Cleanup
Event: 44.521 Executing VM operation: Cleanup done
Event: 46.301 Executing VM operation: G1CollectForAllocation (G1 Evacuation Pause)
Event: 46.303 Executing VM operation: G1CollectForAllocation (G1 Evacuation Pause) done
Event: 49.443 Executing VM operation: G1CollectForAllocation (G1 Evacuation Pause)
Event: 49.445 Executing VM operation: G1CollectForAllocation (G1 Evacuation Pause) done
Event: 50.119 Executing VM operation: G1CollectForAllocation (G1 Evacuation Pause)
Event: 50.121 Executing VM operation: G1CollectForAllocation (G1 Evacuation Pause) done
Event: 50.232 Executing VM operation: G1CollectForAllocation (G1 Evacuation Pause)
Event: 50.234 Executing VM operation: G1CollectForAllocation (G1 Evacuation Pause) done
Event: 50.360 Executing VM operation: G1CollectForAllocation (G1 Evacuation Pause)
Event: 50.362 Executing VM operation: G1CollectForAllocation (G1 Evacuation Pause) done
Event: 50.449 Executing VM operation: G1CollectForAllocation (G1 Evacuation Pause)
Event: 50.450 Executing VM operation: G1CollectForAllocation (G1 Evacuation Pause) done
Event: 50.542 Executing VM operation: G1CollectForAllocation (G1 Evacuation Pause)
Event: 50.543 Executing VM operation: G1CollectForAllocation (G1 Evacuation Pause) done
Event: 50.752 Executing VM operation: G1CollectForAllocation (G1 Evacuation Pause)

Events (20 events):
Event: 26.287 Thread 0x0000027009b9b200 Thread exited: 0x0000027009b9b200
Event: 26.287 Thread 0x0000027009b9ab50 Thread exited: 0x0000027009b9ab50
Event: 26.342 Thread 0x0000027009b95470 Thread exited: 0x0000027009b95470
Event: 26.350 Thread 0x0000027009a0aab0 Thread exited: 0x0000027009a0aab0
Event: 26.357 Thread 0x0000027000fce5d0 Thread exited: 0x0000027000fce5d0
Event: 27.100 Thread 0x0000027009637c80 Thread added: 0x0000027009637c80
Event: 29.458 Thread 0x000002707f505ee0 Thread added: 0x000002707f505ee0
Event: 29.458 Thread 0x000002700b4ed2a0 Thread added: 0x000002700b4ed2a0
Event: 29.464 Thread 0x0000027009df1790 Thread added: 0x0000027009df1790
Event: 29.522 Thread 0x0000027009df31d0 Thread added: 0x0000027009df31d0
Event: 29.530 Thread 0x0000027009df2b40 Thread added: 0x0000027009df2b40
Event: 29.818 Thread 0x0000027009defd50 Thread added: 0x0000027009defd50
Event: 31.573 Thread 0x000002700b4ed2a0 Thread exited: 0x000002700b4ed2a0
Event: 31.573 Thread 0x000002707f505ee0 Thread exited: 0x000002707f505ee0
Event: 31.573 Thread 0x0000027009a0c170 Thread exited: 0x0000027009a0c170
Event: 31.685 Thread 0x000002700afc6d90 Thread added: 0x000002700afc6d90
Event: 34.489 Thread 0x0000027009df1790 Thread exited: 0x0000027009df1790
Event: 34.505 Thread 0x0000027009637c80 Thread exited: 0x0000027009637c80
Event: 37.816 Thread 0x000002700afc6d90 Thread exited: 0x000002700afc6d90
Event: 50.411 Thread 0x000002700afc8200 Thread added: 0x000002700afc8200


Dynamic libraries:
0x00007ff6a5dc0000 - 0x00007ff6a5dd0000 	C:\Program Files\Java\jdk-21\bin\java.exe
0x00007ffb20ea0000 - 0x00007ffb21103000 	C:\WINDOWS\SYSTEM32\ntdll.dll
0x00007ffb1fb70000 - 0x00007ffb1fc38000 	C:\WINDOWS\System32\KERNEL32.DLL
0x00007ffb1e300000 - 0x00007ffb1e6b2000 	C:\WINDOWS\System32\KERNELBASE.dll
0x00007ffb1ea20000 - 0x00007ffb1eb6b000 	C:\WINDOWS\System32\ucrtbase.dll
0x00007ffb1ac80000 - 0x00007ffb1ac99000 	C:\Program Files\Java\jdk-21\bin\jli.dll
0x00007ffb1ac60000 - 0x00007ffb1ac7b000 	C:\Program Files\Java\jdk-21\bin\VCRUNTIME140.dll
0x00007ffb20170000 - 0x00007ffb20224000 	C:\WINDOWS\System32\ADVAPI32.dll
0x00007ffb20980000 - 0x00007ffb20a29000 	C:\WINDOWS\System32\msvcrt.dll
0x00007ffb202b0000 - 0x00007ffb20356000 	C:\WINDOWS\System32\sechost.dll
0x00007ffb20440000 - 0x00007ffb20556000 	C:\WINDOWS\System32\RPCRT4.dll
0x00007ffb20ac0000 - 0x00007ffb20c88000 	C:\WINDOWS\System32\USER32.dll
0x00007ffb09720000 - 0x00007ffb099b0000 	C:\WINDOWS\WinSxS\amd64_microsoft.windows.common-controls_6595b64144ccf1df_6.0.26100.2454_none_3e0b68a2e331ad60\COMCTL32.dll
0x00007ffb1ecd0000 - 0x00007ffb1ecf7000 	C:\WINDOWS\System32\win32u.dll
0x00007ffb1fcb0000 - 0x00007ffb1fcda000 	C:\WINDOWS\System32\GDI32.dll
0x00007ffb1e6c0000 - 0x00007ffb1e7eb000 	C:\WINDOWS\System32\gdi32full.dll
0x00007ffb1e7f0000 - 0x00007ffb1e893000 	C:\WINDOWS\System32\msvcp_win.dll
0x00007ffb143a0000 - 0x00007ffb143ab000 	C:\WINDOWS\SYSTEM32\VERSION.dll
0x00007ffb1fc40000 - 0x00007ffb1fc6f000 	C:\WINDOWS\System32\IMM32.DLL
0x00007ffb1ac50000 - 0x00007ffb1ac5c000 	C:\Program Files\Java\jdk-21\bin\vcruntime140_1.dll
0x00007ffb17840000 - 0x00007ffb178ce000 	C:\Program Files\Java\jdk-21\bin\msvcp140.dll
0x00007ffa76630000 - 0x00007ffa77345000 	C:\Program Files\Java\jdk-21\bin\server\jvm.dll
0x00007ffb1f860000 - 0x00007ffb1f8d4000 	C:\WINDOWS\System32\WS2_32.dll
0x00007ffb1df40000 - 0x00007ffb1df8e000 	C:\WINDOWS\SYSTEM32\POWRPROF.dll
0x00007ffb14320000 - 0x00007ffb14356000 	C:\WINDOWS\SYSTEM32\WINMM.dll
0x00007ffb1df20000 - 0x00007ffb1df34000 	C:\WINDOWS\SYSTEM32\UMPDC.dll
0x00007ffb1d0b0000 - 0x00007ffb1d0ca000 	C:\WINDOWS\SYSTEM32\kernel.appcore.dll
0x00007ffb1ac40000 - 0x00007ffb1ac4a000 	C:\Program Files\Java\jdk-21\bin\jimage.dll
0x00007ffb1baa0000 - 0x00007ffb1bce1000 	C:\WINDOWS\SYSTEM32\DBGHELP.DLL
0x00007ffb205e0000 - 0x00007ffb2095e000 	C:\WINDOWS\System32\combase.dll
0x00007ffb1f620000 - 0x00007ffb1f6f6000 	C:\WINDOWS\System32\OLEAUT32.dll
0x00007ffb04610000 - 0x00007ffb04649000 	C:\WINDOWS\SYSTEM32\dbgcore.DLL
0x00007ffb1ec30000 - 0x00007ffb1ecc9000 	C:\WINDOWS\System32\bcryptPrimitives.dll
0x00007ffb19b60000 - 0x00007ffb19b6f000 	C:\Program Files\Java\jdk-21\bin\instrument.dll
0x00007ffb17820000 - 0x00007ffb1783f000 	C:\Program Files\Java\jdk-21\bin\java.dll
0x00007ffb1ee90000 - 0x00007ffb1f590000 	C:\WINDOWS\System32\SHELL32.dll
0x00007ffb1bf50000 - 0x00007ffb1c781000 	C:\WINDOWS\SYSTEM32\windows.storage.dll
0x00007ffb20360000 - 0x00007ffb2043a000 	C:\WINDOWS\System32\SHCORE.dll
0x00007ffb20a60000 - 0x00007ffb20abd000 	C:\WINDOWS\System32\shlwapi.dll
0x00007ffb1e180000 - 0x00007ffb1e1ae000 	C:\WINDOWS\SYSTEM32\profapi.dll
0x00007ffb08d50000 - 0x00007ffb08e27000 	C:\Program Files\Java\jdk-21\bin\jsvml.dll
0x00007ffb177b0000 - 0x00007ffb177c8000 	C:\Program Files\Java\jdk-21\bin\zip.dll
0x00007ffb17810000 - 0x00007ffb17820000 	C:\Program Files\Java\jdk-21\bin\net.dll
0x00007ffb18f60000 - 0x00007ffb19086000 	C:\WINDOWS\SYSTEM32\WINHTTP.dll
0x00007ffb1d5b0000 - 0x00007ffb1d618000 	C:\WINDOWS\system32\mswsock.dll
0x00007ffb177d0000 - 0x00007ffb177e6000 	C:\Program Files\Java\jdk-21\bin\nio.dll
0x00007ffb19b40000 - 0x00007ffb19b5a000 	F:\IntelliJ IDEA Community Edition 2024.2.0.1\bin\breakgen64.dll
0x00007ffb10f50000 - 0x00007ffb10f57000 	C:\Program Files\Java\jdk-21\bin\extnet.dll
0x00007ffad4540000 - 0x00007ffad46cf000 	C:\Program Files\Java\jdk-21\bin\awt.dll
0x00007ffb17cb0000 - 0x00007ffb17d4c000 	C:\WINDOWS\SYSTEM32\apphelp.dll
0x00007ffb1b4f0000 - 0x00007ffb1b51e000 	C:\WINDOWS\system32\DWMAPI.DLL
0x00007ffb1b1a0000 - 0x00007ffb1b24d000 	C:\WINDOWS\system32\uxtheme.dll
0x00007ffaa8950000 - 0x00007ffaa8a5c000 	C:\WINDOWS\system32\opengl32.dll
0x00007ffaa8480000 - 0x00007ffaa84ad000 	C:\WINDOWS\SYSTEM32\GLU32.dll
0x00007ffb1b4a0000 - 0x00007ffb1b4e7000 	C:\WINDOWS\SYSTEM32\dxcore.dll
0x00007ffb1f700000 - 0x00007ffb1f85c000 	C:\WINDOWS\System32\MSCTF.dll
0x00007ffb1f8e0000 - 0x00007ffb1fa79000 	C:\WINDOWS\System32\ole32.dll
0x00007ffae7c90000 - 0x00007ffae7e36000 	C:\WINDOWS\system32\d3d9.dll
0x00007ffb1b2d0000 - 0x00007ffb1b32c000 	C:\WINDOWS\SYSTEM32\directxdatabasehelper.dll
0x00007ffb1d8c0000 - 0x00007ffb1d8d3000 	C:\WINDOWS\SYSTEM32\msasn1.dll
0x00007ffb14360000 - 0x00007ffb1439b000 	C:\WINDOWS\SYSTEM32\cryptnet.dll
0x00007ffb1e8a0000 - 0x00007ffb1ea16000 	C:\WINDOWS\System32\CRYPT32.dll
0x00007ffb1d870000 - 0x00007ffb1d87c000 	C:\WINDOWS\SYSTEM32\cryptbase.dll
0x00007ffb1e270000 - 0x00007ffb1e2ef000 	C:\WINDOWS\System32\wintrust.dll
0x00007ffb20a30000 - 0x00007ffb20a50000 	C:\WINDOWS\System32\imagehlp.dll
0x00007ffb1d850000 - 0x00007ffb1d86c000 	C:\WINDOWS\SYSTEM32\CRYPTSP.dll
0x00007ffb1d010000 - 0x00007ffb1d048000 	C:\WINDOWS\system32\rsaenh.dll
0x00007ffb1da90000 - 0x00007ffb1dab6000 	C:\WINDOWS\SYSTEM32\bcrypt.dll
0x00007ffaf2850000 - 0x00007ffaf2911000 	C:\WINDOWS\System32\DriverStore\FileRepository\nvam.inf_amd64_900a074fe80431cd\nvldumdx.dll
0x00007ffb1d930000 - 0x00007ffb1d98d000 	C:\WINDOWS\SYSTEM32\wldp.dll
0x00007ffb13d10000 - 0x00007ffb13e88000 	C:\WINDOWS\SYSTEM32\drvstore.dll
0x00007ffb1de30000 - 0x00007ffb1de5d000 	C:\WINDOWS\SYSTEM32\devobj.dll
0x00007ffb1de60000 - 0x00007ffb1debf000 	C:\WINDOWS\SYSTEM32\cfgmgr32.dll
0x00007ffaee9a0000 - 0x00007ffaf07cf000 	C:\WINDOWS\System32\DriverStore\FileRepository\nvam.inf_amd64_900a074fe80431cd\nvgpucomp64.dll
0x00007ffa9aba0000 - 0x00007ffa9cbe3000 	C:\WINDOWS\System32\DriverStore\FileRepository\nvam.inf_amd64_900a074fe80431cd\nvd3dumx.dll
0x00007ffb13e90000 - 0x00007ffb14048000 	C:\WINDOWS\System32\DriverStore\FileRepository\u0382793.inf_amd64_1c9c9d36a5813460\B384051\aticfx64.dll
0x00007ffb11150000 - 0x00007ffb11184000 	C:\WINDOWS\System32\DriverStore\FileRepository\u0382793.inf_amd64_1c9c9d36a5813460\B384051\atiu9p64.dll
0x00007ffa7ab00000 - 0x00007ffa7b854000 	C:\WINDOWS\System32\DriverStore\FileRepository\u0382793.inf_amd64_1c9c9d36a5813460\B384051\atiumd64.dll
0x0000000066300000 - 0x0000000067174000 	C:\WINDOWS\System32\DriverStore\FileRepository\u0382793.inf_amd64_1c9c9d36a5813460\B384051\atiumd6a.dll
0x00007ffb1fce0000 - 0x00007ffb20166000 	C:\WINDOWS\System32\SETUPAPI.dll
0x00007ffb112e0000 - 0x00007ffb11310000 	C:\WINDOWS\SYSTEM32\amdihk64.dll
0x00007ffaf33f0000 - 0x00007ffaf3477000 	C:\Program Files\Java\jdk-21\bin\freetype.dll
0x00007ffaf3310000 - 0x00007ffaf33e3000 	C:\Program Files\Java\jdk-21\bin\fontmanager.dll
0x00007ffb1ed90000 - 0x00007ffb1ee38000 	C:\WINDOWS\System32\clbcatq.dll
0x00007ffb1ae90000 - 0x00007ffb1b0be000 	C:\WINDOWS\SYSTEM32\WindowsCodecs.dll
0x00007ffaf4590000 - 0x00007ffaf45ea000 	C:\WINDOWS\system32\dataexchange.dll
0x00007ffb10a20000 - 0x00007ffb10c57000 	C:\WINDOWS\system32\twinapi.appcore.dll
0x00007ffb08460000 - 0x00007ffb085a6000 	C:\WINDOWS\SYSTEM32\textinputframework.dll
0x00007ffb17650000 - 0x00007ffb17775000 	C:\WINDOWS\SYSTEM32\CoreMessaging.dll
0x00007ffb144e0000 - 0x00007ffb147c3000 	C:\WINDOWS\SYSTEM32\CoreUIComponents.dll
0x00007ffb19c00000 - 0x00007ffb19d68000 	C:\WINDOWS\SYSTEM32\wintypes.dll
0x00007ffb157f0000 - 0x00007ffb157fe000 	C:\Program Files\Java\jdk-21\bin\sunmscapi.dll
0x00007ffb1da50000 - 0x00007ffb1da80000 	C:\WINDOWS\SYSTEM32\ncrypt.dll
0x00007ffb1da00000 - 0x00007ffb1da3f000 	C:\WINDOWS\SYSTEM32\NTASN1.dll
0x00007ffb1d650000 - 0x00007ffb1d67b000 	C:\WINDOWS\SYSTEM32\USERENV.dll
0x00007ffb1caf0000 - 0x00007ffb1cb22000 	C:\WINDOWS\SYSTEM32\IPHLPAPI.DLL
0x00007ffb20560000 - 0x00007ffb2056a000 	C:\WINDOWS\System32\NSI.dll
0x00007ffb004c0000 - 0x00007ffb004d8000 	C:\WINDOWS\system32\napinsp.dll
0x00007ffb1cb90000 - 0x00007ffb1ccb5000 	C:\WINDOWS\SYSTEM32\DNSAPI.dll
0x00007ffafea60000 - 0x00007ffafea72000 	C:\WINDOWS\System32\winrnr.dll
0x00007ffafea30000 - 0x00007ffafea52000 	C:\WINDOWS\system32\nlansp_c.dll
0x00007ffb15e60000 - 0x00007ffb15e76000 	C:\WINDOWS\system32\wshbth.dll
0x00007ffb18ec0000 - 0x00007ffb18ecb000 	C:\Windows\System32\rasadhlp.dll
0x00007ffb196c0000 - 0x00007ffb19745000 	C:\WINDOWS\System32\fwpuclnt.dll
0x000002700bf60000 - 0x000002700bf64000 	C:\Users\tranh\.javacpp\cache\javacpp-1.5.9-windows-x86_64.jar\org\bytedeco\javacpp\windows-x86_64\api-ms-win-crt-locale-l1-1-0.dll
0x000002700bf70000 - 0x000002700bf75000 	C:\Users\tranh\.javacpp\cache\javacpp-1.5.9-windows-x86_64.jar\org\bytedeco\javacpp\windows-x86_64\api-ms-win-crt-string-l1-1-0.dll
0x000002700bf80000 - 0x000002700bf85000 	C:\Users\tranh\.javacpp\cache\javacpp-1.5.9-windows-x86_64.jar\org\bytedeco\javacpp\windows-x86_64\api-ms-win-crt-stdio-l1-1-0.dll
0x000002700bf90000 - 0x000002700bf96000 	C:\Users\tranh\.javacpp\cache\javacpp-1.5.9-windows-x86_64.jar\org\bytedeco\javacpp\windows-x86_64\api-ms-win-crt-math-l1-1-0.dll
0x000002700bfa0000 - 0x000002700bfa4000 	C:\Users\tranh\.javacpp\cache\javacpp-1.5.9-windows-x86_64.jar\org\bytedeco\javacpp\windows-x86_64\api-ms-win-crt-heap-l1-1-0.dll
0x000002700bfb0000 - 0x000002700bfb5000 	C:\Users\tranh\.javacpp\cache\javacpp-1.5.9-windows-x86_64.jar\org\bytedeco\javacpp\windows-x86_64\api-ms-win-crt-runtime-l1-1-0.dll
0x000002700bfc0000 - 0x000002700bfc5000 	C:\Users\tranh\.javacpp\cache\javacpp-1.5.9-windows-x86_64.jar\org\bytedeco\javacpp\windows-x86_64\api-ms-win-crt-convert-l1-1-0.dll
0x000002700bfd0000 - 0x000002700bfd4000 	C:\Users\tranh\.javacpp\cache\javacpp-1.5.9-windows-x86_64.jar\org\bytedeco\javacpp\windows-x86_64\api-ms-win-crt-environment-l1-1-0.dll
0x000002700bfe0000 - 0x000002700bfe4000 	C:\Users\tranh\.javacpp\cache\javacpp-1.5.9-windows-x86_64.jar\org\bytedeco\javacpp\windows-x86_64\api-ms-win-crt-time-l1-1-0.dll
0x000002700bff0000 - 0x000002700bff4000 	C:\Users\tranh\.javacpp\cache\javacpp-1.5.9-windows-x86_64.jar\org\bytedeco\javacpp\windows-x86_64\api-ms-win-crt-filesystem-l1-1-0.dll
0x000002700c000000 - 0x000002700c004000 	C:\Users\tranh\.javacpp\cache\javacpp-1.5.9-windows-x86_64.jar\org\bytedeco\javacpp\windows-x86_64\api-ms-win-crt-utility-l1-1-0.dll
0x000002700c010000 - 0x000002700c016000 	C:\Users\tranh\.javacpp\cache\javacpp-1.5.9-windows-x86_64.jar\org\bytedeco\javacpp\windows-x86_64\api-ms-win-crt-multibyte-l1-1-0.dll
0x000002700c020000 - 0x000002700c024000 	C:\Users\tranh\.javacpp\cache\javacpp-1.5.9-windows-x86_64.jar\org\bytedeco\javacpp\windows-x86_64\api-ms-win-crt-conio-l1-1-0.dll
0x000002700c030000 - 0x000002700c041000 	C:\Users\tranh\.javacpp\cache\javacpp-1.5.9-windows-x86_64.jar\org\bytedeco\javacpp\windows-x86_64\api-ms-win-crt-private-l1-1-0.dll
0x000002700c050000 - 0x000002700c054000 	C:\Users\tranh\.javacpp\cache\javacpp-1.5.9-windows-x86_64.jar\org\bytedeco\javacpp\windows-x86_64\api-ms-win-crt-process-l1-1-0.dll
0x000002700c060000 - 0x000002700c064000 	C:\Users\tranh\.javacpp\cache\javacpp-1.5.9-windows-x86_64.jar\org\bytedeco\javacpp\windows-x86_64\api-ms-win-core-console-l1-2-0.dll
0x000002700c070000 - 0x000002700c074000 	C:\Users\tranh\.javacpp\cache\javacpp-1.5.9-windows-x86_64.jar\org\bytedeco\javacpp\windows-x86_64\api-ms-win-core-string-l1-1-0.dll
0x000002700c090000 - 0x000002700c094000 	C:\Users\tranh\.javacpp\cache\javacpp-1.5.9-windows-x86_64.jar\org\bytedeco\javacpp\windows-x86_64\api-ms-win-core-errorhandling-l1-1-0.dll
0x000002700c0a0000 - 0x000002700c0a4000 	C:\Users\tranh\.javacpp\cache\javacpp-1.5.9-windows-x86_64.jar\org\bytedeco\javacpp\windows-x86_64\api-ms-win-core-timezone-l1-1-0.dll
0x000002700c0b0000 - 0x000002700c0b5000 	C:\Users\tranh\.javacpp\cache\javacpp-1.5.9-windows-x86_64.jar\org\bytedeco\javacpp\windows-x86_64\api-ms-win-core-file-l1-1-0.dll
0x000002700c0c0000 - 0x000002700c0c4000 	C:\Users\tranh\.javacpp\cache\javacpp-1.5.9-windows-x86_64.jar\org\bytedeco\javacpp\windows-x86_64\api-ms-win-core-namedpipe-l1-1-0.dll
0x000002700c0d0000 - 0x000002700c0d4000 	C:\Users\tranh\.javacpp\cache\javacpp-1.5.9-windows-x86_64.jar\org\bytedeco\javacpp\windows-x86_64\api-ms-win-core-handle-l1-1-0.dll
0x000002700c0e0000 - 0x000002700c0e4000 	C:\Users\tranh\.javacpp\cache\javacpp-1.5.9-windows-x86_64.jar\org\bytedeco\javacpp\windows-x86_64\api-ms-win-core-file-l2-1-0.dll
0x000002700c0f0000 - 0x000002700c0f4000 	C:\Users\tranh\.javacpp\cache\javacpp-1.5.9-windows-x86_64.jar\org\bytedeco\javacpp\windows-x86_64\api-ms-win-core-heap-l1-1-0.dll

dbghelp: loaded successfully - version: 4.0.5 - missing functions: none
symbol engine: initialized successfully - sym options: 0x614 - pdb path: .;C:\Program Files\Java\jdk-21\bin;C:\WINDOWS\SYSTEM32;C:\WINDOWS\WinSxS\amd64_microsoft.windows.common-controls_6595b64144ccf1df_6.0.26100.2454_none_3e0b68a2e331ad60;C:\Program Files\Java\jdk-21\bin\server;F:\IntelliJ IDEA Community Edition 2024.2.0.1\bin;C:\WINDOWS\System32\DriverStore\FileRepository\nvam.inf_amd64_900a074fe80431cd;C:\WINDOWS\System32\DriverStore\FileRepository\u0382793.inf_amd64_1c9c9d36a5813460\B384051;C:\Users\tranh\.javacpp\cache\javacpp-1.5.9-windows-x86_64.jar\org\bytedeco\javacpp\windows-x86_64;C:\Users\tranh\.javacpp\cache\openblas-0.3.23-1.5.9-windows-x86_64.jar\org\bytedeco\openblas\windows-x86_64;C:\Users\tranh\.javacpp\cache\opencv-4.5.1-1.5.5-windows-x86_64.jar\org\bytedeco\opencv\windows-x86_64;C:\Users\tranh\.javacpp\cache\videoinput-0.200-1.5.9-windows-x86_64.jar\org\bytedeco\videoinput\windows-x86_64;D:\DroidCam\lib;C:\WINDOWS\WinSxS\amd64_microsoft.windows.gdiplus_6595b64144ccf1df_1.1.26100.2454_none_6ef65b883dc4272e

VM Arguments:
jvm_args: -javaagent:F:\IntelliJ IDEA Community Edition 2024.2.0.1\lib\idea_rt.jar=57682:F:\IntelliJ IDEA Community Edition 2024.2.0.1\bin -Dfile.encoding=UTF-8 -Dsun.stdout.encoding=UTF-8 -Dsun.stderr.encoding=UTF-8 
java_command: org.example.client.LivestreamClient
java_class_path (initial): C:\Users\tranh\.m2\repository\org\bytedeco\opencv\4.5.1-1.5.5;C:\Users\tranh\.m2\repository\org\bytedeco\opencv\4.5.1-1.5.5\opencv-4.5.1-1.5.5-android-arm64.jar;C:\Users\tranh\.m2\repository\org\bytedeco\opencv\4.5.1-1.5.5\opencv-4.5.1-1.5.5-android-arm64.jar.sha1;C:\Users\tranh\.m2\repository\org\bytedeco\opencv\4.5.1-1.5.5\opencv-4.5.1-1.5.5-android-x86_64.jar;C:\Users\tranh\.m2\repository\org\bytedeco\opencv\4.5.1-1.5.5\opencv-4.5.1-1.5.5-android-x86_64.jar.sha1;C:\Users\tranh\.m2\repository\org\bytedeco\opencv\4.5.1-1.5.5\opencv-4.5.1-1.5.5-ios-x86_64.jar;C:\Users\tranh\.m2\repository\org\bytedeco\opencv\4.5.1-1.5.5\opencv-4.5.1-1.5.5-ios-x86_64.jar.sha1;C:\Users\tranh\.m2\repository\org\bytedeco\opencv\4.5.1-1.5.5\opencv-4.5.1-1.5.5-linux-arm64.jar;C:\Users\tranh\.m2\repository\org\bytedeco\opencv\4.5.1-1.5.5\opencv-4.5.1-1.5.5-linux-arm64.jar.sha1;C:\Users\tranh\.m2\repository\org\bytedeco\opencv\4.5.1-1.5.5\opencv-4.5.1-1.5.5-linux-armhf.jar;C:\Users\tranh\.m2\repository\org\bytedeco\opencv\4.5.1-1.5.5\opencv-4.5.1-1.5.5-linux-armhf.jar.sha1;C:\Users\tranh\.m2\repository\org\bytedeco\opencv\4.5.1-1.5.5\opencv-4.5.1-1.5.5-linux-ppc64le.jar;C:\Users\tranh\.m2\repository\org\bytedeco\opencv\4.5.1-1.5.5\opencv-4.5.1-1.5.5-linux-ppc64le.jar.sha1;C:\Users\tranh\.m2\repository\org\bytedeco\opencv\4.5.1-1.5.5\opencv-4.5.1-1.5.5-linux-x86.jar;C:\Users\tranh\.m2\repository\org\bytedeco\opencv\4.5.1-1.5.5\opencv-4.5.1-1.5.5-linux-x86.jar.sha1;C:\Users\tranh\.m2\repository\org\bytedeco\opencv\4.5.1-1.5.5\opencv-4.5.1-1.5.5-macosx-x86_64.jar;C:\Users\tranh\.m2\repository\org\bytedeco\opencv\4.5.1-1.5.5\opencv-4.5.1-1.5.5-macosx-x86_64.jar.sha1;C:\Users\tranh\.m2\repository\org\bytedeco\opencv\4.5.1-1.5.5\opencv-4.5.1-1.5.5-windows-x86.jar;C:\Users\tranh\.m2\repository\org\bytedeco\opencv\4.5.1-1.5.5\opencv-4.5.1-1.5.5-windows-x86.jar.sha1;C:\Users\tranh\.m2\repository\org\bytedeco\opencv\4.5.1-1.5.5\opencv-4.5.1-1.5.5-windows-x86_64.jar;C:\Users\tranh\.m2\repository\org\bytedeco\opencv\4.5.1-1.5.5\opencv-4.5.1-1.5.5-windows-x86_64.jar.sha1;C:\Users\tranh\.m2\repository\org\bytedeco\opencv\4.5.1-1.5.5\opencv-4.5.1-1.5.5.jar;C:\Users\tranh\.m2\repository\org\bytedeco\opencv\4.5.1-1.5.5\opencv-4.5.1-1.5.5.jar.sha1;C:\Users\tranh\.m2\repository\org\bytedeco\opencv\4.5.1-1.5.5\opencv-4.5.1-1.5.5.pom;C:\Users\tranh\.m2\repository\org\bytedeco\opencv\4.5.1-1.5.5\opencv-4.5.1-1.5.5.pom.sha1;C:\Users\tranh\.m2\repository\org\bytedeco\opencv\4.5.1-1.5.5\_remote.repositories;F:\Workspace\Streaming\target\classes;C:\Users\tranh\.m2\repository\io\socket\socket.io-client\2.1.1\socket.io-client-2.1.1.jar;C:\Users\tranh\.m2\repository\io\socket\engine.io-client\2.1.0\engine.io-client-2.1.0.jar;C:\Users\tranh\.m2\repository\com\squareup\okhttp3\okhttp\3.12.12\okhttp-3.12.12.jar;C:\Users\tranh\.m2\repository\com\squareup\okio\okio\1.15.0\okio-1.15.0.jar;C:\Users\tranh\.m2\repository\org\json\json\20090211\json-20090211.jar;C:\Users\tranh\.m2\repository\io\socket\socket.io-server\1.0.0\socket.io-server-1.0.0.jar;C:\Users\tranh\.m2\repository\com\google\code\findbugs\jsr305\3.0.2\jsr305-3.0.2.jar;C:\Users\tranh\.m2\repository\io\socket\engine.io-server\6.2.1\engine.io-server-6.2.1.jar;C:\Users\tranh\.m2\repository\org\bytedeco\javacv-platform\1.5.9\javacv-platform-1.5.9.jar;C:\Users\tranh\.m2\repository\org\bytedeco\javacv\1.5.9\javacv-1.5.9.jar;C:\Users\tranh\.m2\repository\org\bytedeco\openblas\0.3.23-1.5.9\openblas-0.3.23-1.5.9.jar;C:\Users\tranh\.m2\repository\org\bytedeco\opencv\4.7.0-1.5.9\opencv-4.7.0-1.5.9.jar;C:\Users\tranh\.m2\repository\org\bytedeco\flycapture\2.13.3.31-1.5.9\flycapture-2.13.3.31-1.5.9.jar;C:\Users\tranh\.m2\repository\org\bytedeco\libdc1394\2.2.6-1.5.9\libdc1394-2.2.6-1.5.9.jar;C:\Users\tranh\.m2\repository\org\bytedeco\libfreenect\0.5.7-1.5.9\libfreenect-0.5.7-1.5.9.jar;C:\Users\tranh\.m2\repository\org\bytedeco\libfreenect2\0.2.0-1.5.9\libfreenect2-0.2.0-1.5.9.jar;C:\Users\tranh\.m2\repository\org\bytedeco\librealsense\1.12.4-1.5.9\librealsense-1.12.4-1.5.9.jar;C:\Users\tranh\.m2\repository\org\bytedeco\librealsense2\2.53.1-1.5.9\librealsense2-2.53.1-1.5.9.jar;C:\Users\tranh\.m2\repository\org\bytedeco\artoolkitplus\2.3.1-1.5.9\artoolkitplus-2.3.1-1.5.9.jar;C:\Users\tranh\.m2\repository\org\bytedeco\leptonica\1.83.0-1.5.9\leptonica-1.83.0-1.5.9.jar;C:\Users\tranh\.m2\repository\org\bytedeco\tesseract\5.3.1-1.5.9\tesseract-5.3.1-1.5.9.jar;C:\Users\tranh\.m2\repository\org\bytedeco\openblas-platform\0.3.23-1.5.9\openblas-platform-0.3.23-1.5.9.jar;C:\Users\tranh\.m2\repository\org\bytedeco\openblas\0.3.23-1.5.9\openblas-0.3.23-1.5.9-android-arm.jar;C:\Users\tranh\.m2\repository\org\bytedeco\openblas\0.3.23-1.5.9\openblas-0.3.23-1.5.9-android-arm64.jar;C:\Users\tranh\.m2\repository\org\bytedeco\openblas\0.3.23-1.5.9\openblas-0.3.23-1.5.9-android-x86.jar;C:\Users\tranh\.m2\repository\org\bytedeco\openblas\0.3.23-1.5.9\openblas-0.3.23-1.5.9-android-x86_64.jar;C:\Users\tranh\.m2\repository\org\bytedeco\openblas\0.3.23-1.5.9\openblas-0.3.23-1.5.9-ios-arm64.jar;C:\Users\tranh\.m2\repository\org\bytedeco\openblas\0.3.23-1.5.9\openblas-0.3.23-1.5.9-ios-x86_64.jar;C:\Users\tranh\.m2\repository\org\bytedeco\openblas\0.3.23-1.5.9\openblas-0.3.23-1.5.9-linux-x86.jar;C:\Users\tranh\.m2\repository\org\bytedeco\openblas\0.3.23-1.5.9\openblas-0.3.23-1.5.9-linux-x86_64.jar;C:\Users\tranh\.m2\repository\org\bytedeco\openblas\0.3.23-1.5.9\openblas-0.3.23-1.5.9-linux-armhf.jar;C:\Users\tranh\.m2\repository\org\bytedeco\openblas\0.3.23-1.5.9\openblas-0.3.23-1.5.9-linux-arm64.jar;C:\Users\tranh\.m2\repository\org\bytedeco\openblas\0.3.23-1.5.9\openblas-0.3.23-1.5.9-linux-ppc64le.jar;C:\Users\tranh\.m2\repository\org\bytedeco\openblas\0.3.23-1.5.9\openblas-0.3.23-1.5.9-macosx-arm64.jar;C:\Users\tranh\.m2\repository\org\bytedeco\openblas\0.3.23-1.5.9\openblas-0.3.23-1.5.9-macosx-x86_64.jar;C:\Users\tranh\.m2\repository\org\bytedeco\openblas\0.3.23-1.5.9\openblas-0.3.23-1.5.9-windows-x86.jar;C:\Users\tranh\.m2\repository\org\bytedeco\openblas\0.3.23-1.5.9\openblas-0.3.23-1.5.9-windows-x86_64.jar;C:\Users\tranh\.m2\repository\org\bytedeco\opencv-platform\4.7.0-1.5.9\opencv-platform-4.7.0-1.5.9.jar;C:\Users\tranh\.m2\repository\org\bytedeco\opencv\4.7.0-1.5.9\opencv-4.7.0-1.5.9-android-arm.jar;C:\Users\tranh\.m2\repository\org\bytedeco\opencv\4.7.0-1.5.9\opencv-4.7.0-1.5.9-android-arm64.jar;C:\Users\tranh\.m2\repository\org\bytedeco\opencv\4.7.0-1.5.9\opencv-4.7.0-1.5.9-android-x86.jar;C:\Users\tranh\.m2\repository\org\bytedeco\opencv\4.7.0-1.5.9\opencv-4.7.0-1.5.9-android-x86_64.jar;C:\Users\tranh\.m2\repository\org\bytedeco\opencv\4.7.0-1.5.9\opencv-4.7.0-1.5.9-ios-arm64.jar;C:\Users\tranh\.m2\repository\org\bytedeco\opencv\4.7.0-1.5.9\opencv-4.7.0-1.5.9-ios-x86_64.jar;C:\Users\tranh\.m2\repository\org\bytedeco\opencv\4.7.0-1.5.9\opencv-4.7.0-1.5.9-linux-x86.jar;C:\Users\tranh\.m2\repository\org\bytedeco\opencv\4.7.0-1.5.9\opencv-4.7.0-1.5.9-linux-x86_64.jar;C:\Users\tranh\.m2\repository\org\bytedeco\opencv\4.7.0-1.5.9\opencv-4.7.0-1.5.9-linux-armhf.jar;C:\Users\tranh\.m2\repository\org\bytedeco\opencv\4.7.0-1.5.9\opencv-4.7.0-1.5.9-linux-arm64.jar;C:\Users\tranh\.m2\repository\org\bytedeco\opencv\4.7.0-1.5.9\opencv-4.7.0-1.5.9-linux-ppc64le.jar;C:\Users\tranh\.m2\repository\org\bytedeco\opencv\4.7.0-1.5.9\opencv-4.7.0-1.5.9-macosx-arm64.jar;C:\Users\tranh\.m2\repository\org\bytedeco\opencv\4.7.0-1.5.9\opencv-4.7.0-1.5.9-macosx-x86_64.jar;C:\Users\tranh\.m2\repository\org\bytedeco\opencv\4.7.0-1.5.9\opencv-4.7.0-1.5.9-windows-x86.jar;C:\Users\tranh\.m2\repository\org\bytedeco\opencv\4.7.0-1.5.9\opencv-4.7.0-1.5.9-windows-x86_64.jar;C:\Users\tranh\.m2\repository\org\bytedeco\flycapture-platform\2.13.3.31-1.5.9\flycapture-platform-2.13.3.31-1.5.9.jar;C:\Users\tranh\.m2\repository\org\bytedeco\flycapture\2.13.3.31-1.5.9\flycapture-2.13.3.31-1.5.9-linux-x86.jar;C:\Users\tranh\.m2\repository\org\bytedeco\flycapture\2.13.3.31-1.5.9\flycapture-2.13.3.31-1.5.9-linux-x86_64.jar;C:\Users\tranh\.m2\repository\org\bytedeco\flycapture\2.13.3.31-1.5.9\flycapture-2.13.3.31-1.5.9-linux-armhf.jar;C:\Users\tranh\.m2\repository\org\bytedeco\flycapture\2.13.3.31-1.5.9\flycapture-2.13.3.31-1.5.9-linux-arm64.jar;C:\Users\tranh\.m2\repository\org\bytedeco\flycapture\2.13.3.31-1.5.9\flycapture-2.13.3.31-1.5.9-windows-x86.jar;C:\Users\tranh\.m2\repository\org\bytedeco\flycapture\2.13.3.31-1.5.9\flycapture-2.13.3.31-1.5.9-windows-x86_64.jar;C:\Users\tranh\.m2\repository\org\bytedeco\libdc1394-platform\2.2.6-1.5.9\libdc1394-platform-2.2.6-1.5.9.jar;C:\Users\tranh\.m2\repository\org\bytedeco\libdc1394\2.2.6-1.5.9\libdc1394-2.2.6-1.5.9-linux-x86.jar;C:\Users\tranh\.m2\repository\org\bytedeco\libdc1394\2.2.6-1.5.9\libdc1394-2.2.6-1.5.9-linux-x86_64.jar;C:\Users\tranh\.m2\repository\org\bytedeco\libdc1394\2.2.6-1.5.9\libdc1394-2.2.6-1.5.9-linux-armhf.jar;C:\Users\tranh\.m2\repository\org\bytedeco\libdc1394\2.2.6-1.5.9\libdc1394-2.2.6-1.5.9-linux-arm64.jar;C:\Users\tranh\.m2\repository\org\bytedeco\libdc1394\2.2.6-1.5.9\libdc1394-2.2.6-1.5.9-linux-ppc64le.jar;C:\Users\tranh\.m2\repository\org\bytedeco\libdc1394\2.2.6-1.5.9\libdc1394-2.2.6-1.5.9-macosx-x86_64.jar;C:\Users\tranh\.m2\repository\org\bytedeco\libdc1394\2.2.6-1.5.9\libdc1394-2.2.6-1.5.9-windows-x86.jar;C:\Users\tranh\.m2\repository\org\bytedeco\libdc1394\2.2.6-1.5.9\libdc1394-2.2.6-1.5.9-windows-x86_64.jar;C:\Users\tranh\.m2\repository\org\bytedeco\libfreenect-platform\0.5.7-1.5.9\libfreenect-platform-0.5.7-1.5.9.jar;C:\Users\tranh\.m2\repository\org\bytedeco\libfreenect\0.5.7-1.5.9\libfreenect-0.5.7-1.5.9-linux-x86.jar;C:\Users\tranh\.m2\repository\org\bytedeco\libfreenect\0.5.7-1.5.9\libfreenect-0.5.7-1.5.9-linux-x86_64.jar;C:\Users\tranh\.m2\repository\org\bytedeco\libfreenect\0.5.7-1.5.9\libfreenect-0.5.7-1.5.9-linux-armhf.jar;C:\Users\tranh\.m2\repository\org\bytedeco\libfreenect\0.5.7-1.5.9\libfreenect-0.5.7-1.5.9-linux-arm64.jar;C:\Users\tranh\.m2\repository\org\bytedeco\libfreenect\0.5.7-1.5.9\libfreenect-0.5.7-1.5.9-linux-ppc64le.jar;C:\Users\tranh\.m2\repository\org\bytedeco\libfreenect\0.5.7-1.5.9\libfreenect-0.5.7-1.5.9-macosx-x86_64.jar;C:\Users\tranh\.m2\repository\org\bytedeco\libfreenect\0.5.7-1.5.9\libfreenect-0.5.7-1.5.9-windows-x86.jar;C:\Users\tranh\.m2\repository\org\bytedeco\libfreenect\0.5.7-1.5.9\libfreenect-0.5.7-1.5.9-windows-x86_64.jar;C:\Users\tranh\.m2\repository\org\bytedeco\libfreenect2-platform\0.2.0-1.5.9\libfreenect2-platform-0.2.0-1.5.9.jar;C:\Users\tranh\.m2\repository\org\bytedeco\libfreenect2\0.2.0-1.5.9\libfreenect2-0.2.0-1.5.9-linux-x86.jar;C:\Users\tranh\.m2\repository\org\bytedeco\libfreenect2\0.2.0-1.5.9\libfreenect2-0.2.0-1.5.9-linux-x86_64.jar;C:\Users\tranh\.m2\repository\org\bytedeco\libfreenect2\0.2.0-1.5.9\libfreenect2-0.2.0-1.5.9-macosx-x86_64.jar;C:\Users\tranh\.m2\repository\org\bytedeco\libfreenect2\0.2.0-1.5.9\libfreenect2-0.2.0-1.5.9-windows-x86_64.jar;C:\Users\tranh\.m2\repository\org\bytedeco\librealsense-platform\1.12.4-1.5.9\librealsense-platform-1.12.4-1.5.9.jar;C:\Users\tranh\.m2\repository\org\bytedeco\librealsense\1.12.4-1.5.9\librealsense-1.12.4-1.5.9-linux-armhf.jar;C:\Users\tranh\.m2\repository\org\bytedeco\librealsense\1.12.4-1.5.9\librealsense-1.12.4-1.5.9-linux-arm64.jar;C:\Users\tranh\.m2\repository\org\bytedeco\librealsense\1.12.4-1.5.9\librealsense-1.12.4-1.5.9-linux-x86.jar;C:\Users\tranh\.m2\repository\org\bytedeco\librealsense\1.12.4-1.5.9\librealsense-1.12.4-1.5.9-linux-x86_64.jar;C:\Users\tranh\.m2\repository\org\bytedeco\librealsense\1.12.4-1.5.9\librealsense-1.12.4-1.5.9-macosx-x86_64.jar;C:\Users\tranh\.m2\repository\org\bytedeco\librealsense\1.12.4-1.5.9\librealsense-1.12.4-1.5.9-windows-x86.jar;C:\Users\tranh\.m2\repository\org\bytedeco\librealsense\1.12.4-1.5.9\librealsense-1.12.4-1.5.9-windows-x86_64.jar;C:\Users\tranh\.m2\repository\org\bytedeco\librealsense2-platform\2.53.1-1.5.9\librealsense2-platform-2.53.1-1.5.9.jar;C:\Users\tranh\.m2\repository\org\bytedeco\librealsense2\2.53.1-1.5.9\librealsense2-2.53.1-1.5.9-linux-armhf.jar;C:\Users\tranh\.m2\repository\org\bytedeco\librealsense2\2.53.1-1.5.9\librealsense2-2.53.1-1.5.9-linux-arm64.jar;C:\Users\tranh\.m2\repository\org\bytedeco\librealsense2\2.53.1-1.5.9\librealsense2-2.53.1-1.5.9-linux-x86.jar;C:\Users\tranh\.m2\repository\org\bytedeco\librealsense2\2.53.1-1.5.9\librealsense2-2.53.1-1.5.9-linux-x86_64.jar;C:\Users\tranh\.m2\repository\org\bytedeco\librealsense2\2.53.1-1.5.9\librealsense2-2.53.1-1.5.9-macosx-x86_64.jar;C:\Users\tranh\.m2\repository\org\bytedeco\librealsense2\2.53.1-1.5.9\librealsense2-2.53.1-1.5.9-windows-x86.jar;C:\Users\tranh\.m2\repository\org\bytedeco\librealsense2\2.53.1-1.5.9\librealsense2-2.53.1-1.5.9-windows-x86_64.jar;C:\Users\tranh\.m2\repository\org\bytedeco\videoinput-platform\0.200-1.5.9\videoinput-platform-0.200-1.5.9.jar;C:\Users\tranh\.m2\repository\org\bytedeco\videoinput\0.200-1.5.9\videoinput-0.200-1.5.9-windows-x86.jar;C:\Users\tranh\.m2\repository\org\bytedeco\videoinput\0.200-1.5.9\videoinput-0.200-1.5.9-windows-x86_64.jar;C:\Users\tranh\.m2\repository\org\bytedeco\artoolkitplus-platform\2.3.1-1.5.9\artoolkitplus-platform-2.3.1-1.5.9.jar;C:\Users\tranh\.m2\repository\org\bytedeco\artoolkitplus\2.3.1-1.5.9\artoolkitplus-2.3.1-1.5.9-android-arm.jar;C:\Users\tranh\.m2\repository\org\bytedeco\artoolkitplus\2.3.1-1.5.9\artoolkitplus-2.3.1-1.5.9-android-arm64.jar;C:\Users\tranh\.m2\repository\org\bytedeco\artoolkitplus\2.3.1-1.5.9\artoolkitplus-2.3.1-1.5.9-android-x86.jar;C:\Users\tranh\.m2\repository\org\bytedeco\artoolkitplus\2.3.1-1.5.9\artoolkitplus-2.3.1-1.5.9-android-x86_64.jar;C:\Users\tranh\.m2\repository\org\bytedeco\artoolkitplus\2.3.1-1.5.9\artoolkitplus-2.3.1-1.5.9-linux-x86.jar;C:\Users\tranh\.m2\repository\org\bytedeco\artoolkitplus\2.3.1-1.5.9\artoolkitplus-2.3.1-1.5.9-linux-x86_64.jar;C:\Users\tranh\.m2\repository\org\bytedeco\artoolkitplus\2.3.1-1.5.9\artoolkitplus-2.3.1-1.5.9-linux-armhf.jar;C:\Users\tranh\.m2\repository\org\bytedeco\artoolkitplus\2.3.1-1.5.9\artoolkitplus-2.3.1-1.5.9-linux-arm64.jar;C:\Users\tranh\.m2\repository\org\bytedeco\artoolkitplus\2.3.1-1.5.9\artoolkitplus-2.3.1-1.5.9-linux-ppc64le.jar;C:\Users\tranh\.m2\repository\org\bytedeco\artoolkitplus\2.3.1-1.5.9\artoolkitplus-2.3.1-1.5.9-macosx-x86_64.jar;C:\Users\tranh\.m2\repository\org\bytedeco\artoolkitplus\2.3.1-1.5.9\artoolkitplus-2.3.1-1.5.9-windows-x86.jar;C:\Users\tranh\.m2\repository\org\bytedeco\artoolkitplus\2.3.1-1.5.9\artoolkitplus-2.3.1-1.5.9-windows-x86_64.jar;C:\Users\tranh\.m2\repository\org\bytedeco\leptonica-platform\1.83.0-1.5.9\leptonica-platform-1.83.0-1.5.9.jar;C:\Users\tranh\.m2\repository\org\bytedeco\leptonica\1.83.0-1.5.9\leptonica-1.83.0-1.5.9-android-arm.jar;C:\Users\tranh\.m2\repository\org\bytedeco\leptonica\1.83.0-1.5.9\leptonica-1.83.0-1.5.9-android-arm64.jar;C:\Users\tranh\.m2\repository\org\bytedeco\leptonica\1.83.0-1.5.9\leptonica-1.83.0-1.5.9-android-x86.jar;C:\Users\tranh\.m2\repository\org\bytedeco\leptonica\1.83.0-1.5.9\leptonica-1.83.0-1.5.9-android-x86_64.jar;C:\Users\tranh\.m2\repository\org\bytedeco\leptonica\1.83.0-1.5.9\leptonica-1.83.0-1.5.9-linux-x86.jar;C:\Users\tranh\.m2\repository\org\bytedeco\leptonica\1.83.0-1.5.9\leptonica-1.83.0-1.5.9-linux-x86_64.jar;C:\Users\tranh\.m2\repository\org\bytedeco\leptonica\1.83.0-1.5.9\leptonica-1.83.0-1.5.9-linux-armhf.jar;C:\Users\tranh\.m2\repository\org\bytedeco\leptonica\1.83.0-1.5.9\leptonica-1.83.0-1.5.9-linux-arm64.jar;C:\Users\tranh\.m2\repository\org\bytedeco\leptonica\1.83.0-1.5.9\leptonica-1.83.0-1.5.9-linux-ppc64le.jar;C:\Users\tranh\.m2\repository\org\bytedeco\leptonica\1.83.0-1.5.9\leptonica-1.83.0-1.5.9-macosx-arm64.jar;C:\Users\tranh\.m2\repository\org\bytedeco\leptonica\1.83.0-1.5.9\leptonica-1.83.0-1.5.9-macosx-x86_64.jar;C:\Users\tranh\.m2\repository\org\bytedeco\leptonica\1.83.0-1.5.9\leptonica-1.83.0-1.5.9-windows-x86.jar;C:\Users\tranh\.m2\repository\org\bytedeco\leptonica\1.83.0-1.5.9\leptonica-1.83.0-1.5.9-windows-x86_64.jar;C:\Users\tranh\.m2\repository\org\bytedeco\tesseract-platform\5.3.1-1.5.9\tesseract-platform-5.3.1-1.5.9.jar;C:\Users\tranh\.m2\repository\org\bytedeco\tesseract\5.3.1-1.5.9\tesseract-5.3.1-1.5.9-android-arm.jar;C:\Users\tranh\.m2\repository\org\bytedeco\tesseract\5.3.1-1.5.9\tesseract-5.3.1-1.5.9-android-arm64.jar;C:\Users\tranh\.m2\repository\org\bytedeco\tesseract\5.3.1-1.5.9\tesseract-5.3.1-1.5.9-android-x86.jar;C:\Users\tranh\.m2\repository\org\bytedeco\tesseract\5.3.1-1.5.9\tesseract-5.3.1-1.5.9-android-x86_64.jar;C:\Users\tranh\.m2\repository\org\bytedeco\tesseract\5.3.1-1.5.9\tesseract-5.3.1-1.5.9-linux-x86.jar;C:\Users\tranh\.m2\repository\org\bytedeco\tesseract\5.3.1-1.5.9\tesseract-5.3.1-1.5.9-linux-x86_64.jar;C:\Users\tranh\.m2\repository\org\bytedeco\tesseract\5.3.1-1.5.9\tesseract-5.3.1-1.5.9-linux-armhf.jar;C:\Users\tranh\.m2\repository\org\bytedeco\tesseract\5.3.1-1.5.9\tesseract-5.3.1-1.5.9-linux-arm64.jar;C:\Users\tranh\.m2\repository\org\bytedeco\tesseract\5.3.1-1.5.9\tesseract-5.3.1-1.5.9-linux-ppc64le.jar;C:\Users\tranh\.m2\repository\org\bytedeco\tesseract\5.3.1-1.5.9\tesseract-5.3.1-1.5.9-macosx-arm64.jar;C:\Users\tranh\.m2\repository\org\bytedeco\tesseract\5.3.1-1.5.9\tesseract-5.3.1-1.5.9-macosx-x86_64.jar;C:\Users\tranh\.m2\repository\org\bytedeco\tesseract\5.3.1-1.5.9\tesseract-5.3.1-1.5.9-windows-x86.jar;C:\Users\tranh\.m2\repository\org\bytedeco\tesseract\5.3.1-1.5.9\tesseract-5.3.1-1.5.9-windows-x86_64.jar;C:\Users\tranh\.m2\repository\org\bytedeco\ffmpeg-platform\6.0-1.5.9\ffmpeg-platform-6.0-1.5.9.jar;C:\Users\tranh\.m2\repository\org\bytedeco\javacpp-platform\1.5.9\javacpp-platform-1.5.9.jar;C:\Users\tranh\.m2\repository\org\bytedeco\javacpp\1.5.9\javacpp-1.5.9-android-arm.jar;C:\Users\tranh\.m2\repository\org\bytedeco\javacpp\1.5.9\javacpp-1.5.9-android-arm64.jar;C:\Users\tranh\.m2\repository\org\bytedeco\javacpp\1.5.9\javacpp-1.5.9-android-x86.jar;C:\Users\tranh\.m2\repository\org\bytedeco\javacpp\1.5.9\javacpp-1.5.9-android-x86_64.jar;C:\Users\tranh\.m2\repository\org\bytedeco\javacpp\1.5.9\javacpp-1.5.9-ios-arm64.jar;C:\Users\tranh\.m2\repository\org\bytedeco\javacpp\1.5.9\javacpp-1.5.9-ios-x86_64.jar;C:\Users\tranh\.m2\repository\org\bytedeco\javacpp\1.5.9\javacpp-1.5.9-linux-armhf.jar;C:\Users\tranh\.m2\repository\org\bytedeco\javacpp\1.5.9\javacpp-1.5.9-linux-arm64.jar;C:\Users\tranh\.m2\repository\org\bytedeco\javacpp\1.5.9\javacpp-1.5.9-linux-ppc64le.jar;C:\Users\tranh\.m2\repository\org\bytedeco\javacpp\1.5.9\javacpp-1.5.9-linux-x86.jar;C:\Users\tranh\.m2\repository\org\bytedeco\javacpp\1.5.9\javacpp-1.5.9-linux-x86_64.jar;C:\Users\tranh\.m2\repository\org\bytedeco\javacpp\1.5.9\javacpp-1.5.9-macosx-arm64.jar;C:\Users\tranh\.m2\repository\org\bytedeco\javacpp\1.5.9\javacpp-1.5.9-macosx-x86_64.jar;C:\Users\tranh\.m2\repository\org\bytedeco\javacpp\1.5.9\javacpp-1.5.9-windows-x86.jar;C:\Users\tranh\.m2\repository\org\bytedeco\javacpp\1.5.9\javacpp-1.5.9-windows-x86_64.jar;C:\Users\tranh\.m2\repository\org\bytedeco\ffmpeg\6.0-1.5.9\ffmpeg-6.0-1.5.9.jar;C:\Users\tranh\.m2\repository\org\bytedeco\ffmpeg\6.0-1.5.9\ffmpeg-6.0-1.5.9-android-arm.jar;C:\Users\tranh\.m2\repository\org\bytedeco\ffmpeg\6.0-1.5.9\ffmpeg-6.0-1.5.9-android-arm64.jar;C:\Users\tranh\.m2\repository\org\bytedeco\ffmpeg\6.0-1.5.9\ffmpeg-6.0-1.5.9-android-x86.jar;C:\Users\tranh\.m2\repository\org\bytedeco\ffmpeg\6.0-1.5.9\ffmpeg-6.0-1.5.9-android-x86_64.jar;C:\Users\tranh\.m2\repository\org\bytedeco\ffmpeg\6.0-1.5.9\ffmpeg-6.0-1.5.9-linux-x86.jar;C:\Users\tranh\.m2\repository\org\bytedeco\ffmpeg\6.0-1.5.9\ffmpeg-6.0-1.5.9-linux-x86_64.jar;C:\Users\tranh\.m2\repository\org\bytedeco\ffmpeg\6.0-1.5.9\ffmpeg-6.0-1.5.9-linux-armhf.jar;C:\Users\tranh\.m2\repository\org\bytedeco\ffmpeg\6.0-1.5.9\ffmpeg-6.0-1.5.9-linux-arm64.jar;C:\Users\tranh\.m2\repository\org\bytedeco\ffmpeg\6.0-1.5.9\ffmpeg-6.0-1.5.9-linux-ppc64le.jar;C:\Users\tranh\.m2\repository\org\bytedeco\ffmpeg\6.0-1.5.9\ffmpeg-6.0-1.5.9-macosx-arm64.jar;C:\Users\tranh\.m2\repository\org\bytedeco\ffmpeg\6.0-1.5.9\ffmpeg-6.0-1.5.9-macosx-x86_64.jar;C:\Users\tranh\.m2\repository\org\bytedeco\ffmpeg\6.0-1.5.9\ffmpeg-6.0-1.5.9-windows-x86.jar;C:\Users\tranh\.m2\repository\org\bytedeco\ffmpeg\6.0-1.5.9\ffmpeg-6.0-1.5.9-windows-x86_64.jar;C:\Users\tranh\.m2\repository\org\java-websocket\Java-WebSocket\1.5.2\Java-WebSocket-1.5.2.jar;C:\Users\tranh\.m2\repository\org\slf4j\slf4j-api\1.7.25\slf4j-api-1.7.25.jar;C:\Users\tranh\.m2\repository\org\slf4j\slf4j-simple\1.7.30\slf4j-simple-1.7.30.jar;C:\Users\tranh\.m2\repository\org\bytedeco\javacpp\1.5.9\javacpp-1.5.9.jar;C:\Users\tranh\.m2\repository\org\bytedeco\videoinput\0.200-1.5.9\videoinput-0.200-1.5.9.jar;C:\Users\tranh\.m2\repository\com\mysql\mysql-connector-j\8.0.33\mysql-connector-j-8.0.33.jar;C:\Users\tranh\.m2\repository\com\google\protobuf\protobuf-java\3.21.9\protobuf-java-3.21.9.jar
Launcher Type: SUN_STANDARD

[Global flags]
     intx CICompilerCount                          = 12                                        {product} {ergonomic}
     uint ConcGCThreads                            = 3                                         {product} {ergonomic}
     uint G1ConcRefinementThreads                  = 13                                        {product} {ergonomic}
   size_t G1HeapRegionSize                         = 2097152                                   {product} {ergonomic}
    uintx GCDrainStackTargetSize                   = 64                                        {product} {ergonomic}
   size_t InitialHeapSize                          = 260046848                                 {product} {ergonomic}
   size_t MarkStackSize                            = 4194304                                   {product} {ergonomic}
   size_t MaxHeapSize                              = 4139778048                                {product} {ergonomic}
   size_t MaxNewSize                               = 2483027968                                {product} {ergonomic}
   size_t MinHeapDeltaBytes                        = 2097152                                   {product} {ergonomic}
   size_t MinHeapSize                              = 8388608                                   {product} {ergonomic}
    uintx NonNMethodCodeHeapSize                   = 7602480                                {pd product} {ergonomic}
    uintx NonProfiledCodeHeapSize                  = 122027880                              {pd product} {ergonomic}
    uintx ProfiledCodeHeapSize                     = 122027880                              {pd product} {ergonomic}
    uintx ReservedCodeCacheSize                    = 251658240                              {pd product} {ergonomic}
     bool SegmentedCodeCache                       = true                                      {product} {ergonomic}
   size_t SoftMaxHeapSize                          = 4139778048                             {manageable} {ergonomic}
     bool UseCompressedOops                        = true                           {product lp64_product} {ergonomic}
     bool UseG1GC                                  = true                                      {product} {ergonomic}
     bool UseLargePagesIndividualAllocation        = false                                  {pd product} {ergonomic}

Logging:
Log output configuration:
 #0: stdout all=warning uptime,level,tags foldmultilines=false
 #1: stderr all=off uptime,level,tags foldmultilines=false

Environment Variables:
JAVA_HOME=C:\Program Files\Java\jdk-21
PATH=C:\Program Files\Common Files\Oracle\Java\javapath;C:\Windows\system32;C:\Windows;C:\Windows\System32\Wbem;C:\Windows\System32\WindowsPowerShell\v1.0\;C:\Windows\System32\OpenSSH\;C:\Program Files (x86)\NVIDIA Corporation\PhysX\Common;C:\WINDOWS\system32;C:\WINDOWS;C:\WINDOWS\System32\Wbem;C:\WINDOWS\System32\WindowsPowerShell\v1.0\;C:\WINDOWS\System32\OpenSSH\;C:\Program Files\dotnet\;C:\Users\tranh\OneDrive\Documents;C:\Program Files (x86)\Microsoft SQL Server\160\Tools\Binn\;C:\Program Files\Microsoft SQL Server\160\Tools\Binn\;C:\Program Files\Microsoft SQL Server\Client SDK\ODBC\170\Tools\Binn\;C:\Program Files\Microsoft SQL Server\160\DTS\Binn\;C:\Program Files (x86)\Microsoft SQL Server\150\DTS\Binn\;C:\Program Files\Azure Data Studio\bin;C:\xampp\php;C:\composer;C:\xampp\mysql\bin;C:\Program Files\nodejs\;C:\Program Files\Git\cmd;D:\;C:\Program Files\CMake\bin;C:\ProgramData\chocolatey\bin;C:\ProgramData\chocolatey\lib\maven\apache-maven-3.9.9\bin;C:\Users\tranh\AppData\Local\Programs\Python\Python312\Scripts\;C:\Users\tranh\AppData\Local\Programs\Python\Python312\;C:\Users\tranh\AppData\Local\Microsoft\WindowsApps;C:\Users\tranh\AppData\Local\Programs\Microsoft VS Code\bin;C:\Users\tranh\AppData\Roaming\Composer\vendor\bin;C:\Users\tranh\AppData\Roaming\npm;F:\IntelliJ IDEA Community Edition 2024.2.0.1\bin;D:\Program Files (x86)\Python312;;D:\Program Files (x86)\Python312;C:\Program Files\Docker\Docker\resources\bin;C:\Program Files\WireGuard\;C:\Program Files\Common Files\Oracle\Java\javapath;C:\Windows\system32;C:\Windows;C:\Windows\System32\Wbem;C:\Windows\System32\WindowsPowerShell\v1.0\;C:\Windows\System32\OpenSSH\;C:\Program Files (x86)\NVIDIA Corporation\PhysX\Common;C:\WINDOWS\system32;C:\WINDOWS;C:\WINDOWS\System32\Wbem;C:\WINDOWS\System32\WindowsPowerShell\v1.0\;C:\WINDOWS\System32\OpenSSH\;C:\Program Files\dotnet\;C:\Users\tranh\OneDrive\Documents;C:\Program Files (x86)\Microsoft SQL Server\160\Tools\Binn\;C:\Program Files\Microsoft SQL Server\160\Tools\Binn\;C:\Program Files\Microsoft SQL Server\Client SDK\ODBC\170\Tools\Binn\;C:\Program Files\Microsoft SQL Server\160\DTS\Binn\;C:\Program Files (x86)\Microsoft SQL Server\150\DTS\Binn\;C:\Program Files\Azure Data Studio\bin;C:\xampp\php;C:\composer;C:\xampp\mysql\bin;C:\Program Files\nodejs\;C:\Program Files\Git\cmd;D:\;C:\Program Files\CMake\bin;C:\ProgramData\chocolatey\bin;C:\ProgramData\chocolatey\lib\maven\apache-maven-3.9.9\bin;C:\Users\tranh\AppData\Local\Programs\Python\Python312\Scripts\;C:\Users\tranh\AppData\Local\Programs\Python\Python312\;C:\Users\tranh\AppData\Local\Microsoft\WindowsApps;C:\Users\tranh\AppData\Local\Programs\Microsoft VS Code\bin;C:\Users\tranh\AppData\Roaming\Composer\vendor\bin;C:\Users\tranh\AppData\Roaming\npm;F:\IntelliJ IDEA Community Edition 2024.2.0.1\bin;D:\Program Files (x86)\Python312;;D:\Program Files (x86)\Python312;;D:\Program Files (x86)\Python312;C:\ProgramData\mingw64\mingw64\bin
USERNAME=tranh
OS=Windows_NT
PROCESSOR_IDENTIFIER=AMD64 Family 23 Model 96 Stepping 1, AuthenticAMD
TMP=C:\Users\tranh\AppData\Local\Temp
TEMP=C:\Users\tranh\AppData\Local\Temp




Periodic native trim disabled

---------------  S Y S T E M  ---------------

OS:
 Windows 11 , 64 bit Build 26100 (10.0.26100.2454)
OS uptime: 0 days 9:16 hours
Hyper-V role detected

CPU: total 16 (initial active 16) (16 cores per cpu, 2 threads per core) family 23 model 96 stepping 1 microcode 0x8600106, cx8, cmov, fxsr, ht, mmx, 3dnowpref, sse, sse2, sse3, ssse3, sse4a, sse4.1, sse4.2, popcnt, lzcnt, tsc, tscinvbit, avx, avx2, aes, clmul, bmi1, bmi2, adx, sha, fma, vzeroupper, clflush, clflushopt, hv, rdtscp, rdpid, f16c
Processor Information for all 16 processors :
  Max Mhz: 2901, Current Mhz: 2901, Mhz Limit: 2901

Memory: 4k page, system-wide physical 15791M (3008M free)
TotalPageFile size 22578M (AvailPageFile size 17M)
current process WorkingSet (physical memory assigned to process): 259M, peak: 266M
current process commit charge ("private bytes"): 4179M, peak: 4197M

vm_info: Java HotSpot(TM) 64-Bit Server VM (21.0.1+12-LTS-29) for windows-amd64 JRE (21.0.1+12-LTS-29), built on 2023-10-05T13:27:09Z by "mach5one" with MS VC++ 17.1 (VS2022)

END.
