#
# There is insufficient memory for the Java Runtime Environment to continue.
# Native memory allocation (malloc) failed to allocate 1033664 bytes for Chunk::new
# Possible reasons:
#   The system is out of physical RAM or swap space
#   The process is running with CompressedOops enabled, and the Java Heap may be blocking the growth of the native heap
# Possible solutions:
#   Reduce memory load on the system
#   Increase physical memory or swap space
#   Check if swap backing store is full
#   Decrease Java heap size (-Xmx/-Xms)
#   Decrease number of Java threads
#   Decrease Java thread stack sizes (-Xss)
#   Set larger code cache with -XX:ReservedCodeCacheSize=
#   JVM is running with Zero Based Compressed Oops mode in which the Java heap is
#     placed in the first 32GB address space. The Java Heap base address is the
#     maximum limit for the native heap growth. Please use -XX:HeapBaseMinAddress
#     to set the Java Heap base and to place the Java Heap above 32GB virtual address.
# This output file may be truncated or incomplete.
#
#  Out of Memory Error (arena.cpp:168), pid=22260, tid=32384
#
# JRE version: Java(TM) SE Runtime Environment (21.0.1+12) (build 21.0.1+12-LTS-29)
# Java VM: Java HotSpot(TM) 64-Bit Server VM (21.0.1+12-LTS-29, mixed mode, sharing, tiered, compressed oops, compressed class ptrs, g1 gc, windows-amd64)
# No core dump will be written. Minidumps are not enabled by default on client versions of Windows
#

---------------  S U M M A R Y ------------

Command Line: -XX:+ShowCodeDetailsInExceptionMessages org.example.client.LivestreamClient

Host: AMD Ryzen 7 4800H with Radeon Graphics         , 16 cores, 15G,  Windows 11 , 64 bit Build 26100 (10.0.26100.2161)
Time: Mon Nov  4 22:31:00 2024 SE Asia Standard Time elapsed time: 17.103476 seconds (0d 0h 0m 17s)

---------------  T H R E A D  ---------------

Current thread (0x0000016d21a69880):  JavaThread "C2 CompilerThread0" daemon [_thread_in_native, id=32384, stack(0x0000003029e00000,0x0000003029f00000) (1024K)]


Current CompileTask:
C2:  17103 2587   !   4       java.net.URL::<init> (543 bytes)

Stack: [0x0000003029e00000,0x0000003029f00000]
Native frames: (J=compiled Java code, j=interpreted, Vv=VM code, C=native code)
V  [jvm.dll+0x6c9029]
V  [jvm.dll+0x854b81]
V  [jvm.dll+0x856e5e]
V  [jvm.dll+0x857543]
V  [jvm.dll+0x280c06]
V  [jvm.dll+0xc3ead]
V  [jvm.dll+0xc43c3]
V  [jvm.dll+0x3b576c]
V  [jvm.dll+0x1e20b9]
V  [jvm.dll+0x249c22]
V  [jvm.dll+0x2490b1]
V  [jvm.dll+0x1c9ca1]
V  [jvm.dll+0x2586b9]
V  [jvm.dll+0x256c9a]
V  [jvm.dll+0x3ef1b6]
V  [jvm.dll+0x7fd728]
V  [jvm.dll+0x6c777d]
C  [ucrtbase.dll+0x14ea0]
C  [KERNEL32.DLL+0x2dbe7]
C  [ntdll.dll+0xdfbec]


---------------  P R O C E S S  ---------------

Threads class SMR info:
_java_thread_list=0x0000016d71ae67b0, length=29, elements={
0x0000016d211bf460, 0x0000016d211c1ed0, 0x0000016d211c3ba0, 0x0000016d211c6750,
0x0000016d21a68090, 0x0000016d21a68af0, 0x0000016d21a69880, 0x0000016d21a7c340,
0x0000016d21caa5b0, 0x0000016d21cad6a0, 0x0000016d671ecdf0, 0x0000016d677fe940,
0x0000016d679ce830, 0x0000016d684b3af0, 0x0000016d68397450, 0x0000016d6839a3f0,
0x0000016d6839aa80, 0x0000016d68399d60, 0x0000016d6839b110, 0x0000016d713d8290,
0x0000016d6839b7a0, 0x0000016d671e7060, 0x0000016d68399040, 0x0000016d683989b0,
0x0000016d71b16ee0, 0x0000016d71b3af60, 0x0000016d683996d0, 0x0000016d71b9db50,
0x0000016d71b9c7a0
}

Java Threads: ( => current thread )
  0x0000016d211bf460 JavaThread "Reference Handler"          daemon [_thread_blocked, id=21436, stack(0x0000003029800000,0x0000003029900000) (1024K)]
  0x0000016d211c1ed0 JavaThread "Finalizer"                  daemon [_thread_blocked, id=26348, stack(0x0000003029900000,0x0000003029a00000) (1024K)]
  0x0000016d211c3ba0 JavaThread "Signal Dispatcher"          daemon [_thread_blocked, id=25364, stack(0x0000003029a00000,0x0000003029b00000) (1024K)]
  0x0000016d211c6750 JavaThread "Attach Listener"            daemon [_thread_blocked, id=25816, stack(0x0000003029b00000,0x0000003029c00000) (1024K)]
  0x0000016d21a68090 JavaThread "Service Thread"             daemon [_thread_blocked, id=25472, stack(0x0000003029c00000,0x0000003029d00000) (1024K)]
  0x0000016d21a68af0 JavaThread "Monitor Deflation Thread"   daemon [_thread_blocked, id=29848, stack(0x0000003029d00000,0x0000003029e00000) (1024K)]
=>0x0000016d21a69880 JavaThread "C2 CompilerThread0"         daemon [_thread_in_native, id=32384, stack(0x0000003029e00000,0x0000003029f00000) (1024K)]
  0x0000016d21a7c340 JavaThread "C1 CompilerThread0"         daemon [_thread_blocked, id=18376, stack(0x0000003029f00000,0x000000302a000000) (1024K)]
  0x0000016d21caa5b0 JavaThread "Notification Thread"        daemon [_thread_blocked, id=30180, stack(0x000000302a100000,0x000000302a200000) (1024K)]
  0x0000016d21cad6a0 JavaThread "Common-Cleaner"             daemon [_thread_blocked, id=20088, stack(0x000000302a200000,0x000000302a300000) (1024K)]
  0x0000016d671ecdf0 JavaThread "Java2D Disposer"            daemon [_thread_blocked, id=31864, stack(0x000000302a400000,0x000000302a500000) (1024K)]
  0x0000016d677fe940 JavaThread "AWT-Shutdown"                      [_thread_blocked, id=26040, stack(0x000000302a500000,0x000000302a600000) (1024K)]
  0x0000016d679ce830 JavaThread "AWT-Windows"                daemon [_thread_in_native, id=7984, stack(0x000000302a600000,0x000000302a700000) (1024K)]
  0x0000016d684b3af0 JavaThread "AWT-EventQueue-0"                  [_thread_blocked, id=7216, stack(0x000000302bf00000,0x000000302c000000) (1024K)]
  0x0000016d68397450 JavaThread "Thread-0"                          [_thread_in_native, id=31836, stack(0x000000302c100000,0x000000302c200000) (1024K)]
  0x0000016d6839a3f0 JavaThread "DestroyJavaVM"                     [_thread_blocked, id=17296, stack(0x0000003029000000,0x0000003029100000) (1024K)]
  0x0000016d6839aa80 JavaThread "D3D Screen Updater"         daemon [_thread_blocked, id=15940, stack(0x000000302c200000,0x000000302c300000) (1024K)]
  0x0000016d68399d60 JavaThread "TimerQueue"                 daemon [_thread_blocked, id=30764, stack(0x000000302c300000,0x000000302c400000) (1024K)]
  0x0000016d6839b110 JavaThread "Image Fetcher 0"            daemon [_thread_blocked, id=13048, stack(0x000000302ba00000,0x000000302bb00000) (1024K)]
  0x0000016d713d8290 JavaThread "C1 CompilerThread1"         daemon [_thread_blocked, id=9252, stack(0x000000302bc20000,0x000000302bd20000) (1024K)]
  0x0000016d6839b7a0 JavaThread "Image Fetcher 1"            daemon [_thread_blocked, id=26900, stack(0x000000302bd20000,0x000000302be20000) (1024K)]
  0x0000016d671e7060 JavaThread "C2 CompilerThread1"         daemon [_thread_blocked, id=9160, stack(0x000000302cd00000,0x000000302ce00000) (1024K)]
  0x0000016d68399040 JavaThread "WebSocketConnectReadThread-51"        [_thread_in_native, id=28180, stack(0x000000302d000000,0x000000302d100000) (1024K)]
  0x0000016d683989b0 JavaThread "Thread-2"                          [_thread_in_native, id=10848, stack(0x000000302d100000,0x000000302d200000) (1024K)]
  0x0000016d71b16ee0 JavaThread "C1 CompilerThread2"         daemon [_thread_blocked, id=20628, stack(0x000000302d200000,0x000000302d300000) (1024K)]
  0x0000016d71b3af60 JavaThread "C1 CompilerThread3"         daemon [_thread_blocked, id=16164, stack(0x000000302d300000,0x000000302d400000) (1024K)]
  0x0000016d683996d0 JavaThread "WebSocketWriteThread-53"           [_thread_blocked, id=28740, stack(0x000000302d400000,0x000000302d500000) (1024K)]
  0x0000016d71b9db50 JavaThread "connectionLostChecker-1"           [_thread_blocked, id=25468, stack(0x000000302d500000,0x000000302d600000) (1024K)]
  0x0000016d71b9c7a0 JavaThread "JavaCPP Deallocator"        daemon [_thread_blocked, id=9172, stack(0x000000302d900000,0x000000302da00000) (1024K)]
Total: 29

Other Threads:
  0x0000016d211a1640 VMThread "VM Thread"                           [id=30272, stack(0x0000003029700000,0x0000003029800000) (1024K)]
  0x0000016d21189eb0 WatcherThread "VM Periodic Task Thread"        [id=21840, stack(0x0000003029600000,0x0000003029700000) (1024K)]
  0x0000016d01fd2650 WorkerThread "GC Thread#0"                     [id=32324, stack(0x0000003029100000,0x0000003029200000) (1024K)]
  0x0000016d6855a290 WorkerThread "GC Thread#1"                     [id=4404, stack(0x000000302c400000,0x000000302c500000) (1024K)]
  0x0000016d6855a630 WorkerThread "GC Thread#2"                     [id=28792, stack(0x000000302c500000,0x000000302c600000) (1024K)]
  0x0000016d6855b1e0 WorkerThread "GC Thread#3"                     [id=15216, stack(0x000000302c600000,0x000000302c700000) (1024K)]
  0x0000016d6855b990 WorkerThread "GC Thread#4"                     [id=31224, stack(0x000000302c700000,0x000000302c800000) (1024K)]
  0x0000016d6856cd60 WorkerThread "GC Thread#5"                     [id=21560, stack(0x000000302c800000,0x000000302c900000) (1024K)]
  0x0000016d6856d100 WorkerThread "GC Thread#6"                     [id=1756, stack(0x000000302c900000,0x000000302ca00000) (1024K)]
  0x0000016d6856fb90 WorkerThread "GC Thread#7"                     [id=25016, stack(0x000000302ca00000,0x000000302cb00000) (1024K)]
  0x0000016d685702d0 WorkerThread "GC Thread#8"                     [id=29768, stack(0x000000302cb00000,0x000000302cc00000) (1024K)]
  0x0000016d6856ed10 WorkerThread "GC Thread#9"                     [id=26356, stack(0x000000302cc00000,0x000000302cd00000) (1024K)]
  0x0000016d6856ff30 WorkerThread "GC Thread#10"                    [id=13744, stack(0x000000302d600000,0x000000302d700000) (1024K)]
  0x0000016d68570670 WorkerThread "GC Thread#11"                    [id=23452, stack(0x000000302d700000,0x000000302d800000) (1024K)]
  0x0000016d6856f0b0 WorkerThread "GC Thread#12"                    [id=29952, stack(0x000000302d800000,0x000000302d900000) (1024K)]
  0x0000016d01fe4420 ConcurrentGCThread "G1 Main Marker"            [id=20260, stack(0x0000003029200000,0x0000003029300000) (1024K)]
  0x0000016d01fe7bc0 WorkerThread "G1 Conc#0"                       [id=30544, stack(0x0000003029300000,0x0000003029400000) (1024K)]
  0x0000016d2105dbf0 ConcurrentGCThread "G1 Refine#0"               [id=13140, stack(0x0000003029400000,0x0000003029500000) (1024K)]
  0x0000016d2105e870 ConcurrentGCThread "G1 Service"                [id=26440, stack(0x0000003029500000,0x0000003029600000) (1024K)]
Total: 19

Threads with active compile tasks:
C2 CompilerThread0    17139 2587   !   4       java.net.URL::<init> (543 bytes)
Total: 1

VM state: not at safepoint (normal execution)

VM Mutex/Monitor currently owned by a thread: None

Heap address: 0x0000000709400000, size: 3948 MB, Compressed Oops mode: Zero based, Oop shift amount: 3

CDS archive(s) mapped at: [0x0000016d22000000-0x0000016d22c90000-0x0000016d22c90000), size 13172736, SharedBaseAddress: 0x0000016d22000000, ArchiveRelocationMode: 1.
Compressed class space mapped at: 0x0000016d23000000-0x0000016d63000000, reserved size: 1073741824
Narrow klass base: 0x0000016d22000000, Narrow klass shift: 0, Narrow klass range: 0x100000000

GC Precious Log:
 CardTable entry size: 512
 Card Set container configuration: InlinePtr #cards 4 size 8 Array Of Cards #cards 16 size 48 Howl #buckets 8 coarsen threshold 3686 Howl Bitmap #cards 512 size 80 coarsen threshold 460 Card regions per heap region 1 cards per card region 4096
 CPUs: 16 total, 16 available
 Memory: 15791M
 Large Page Support: Disabled
 NUMA Support: Disabled
 Compressed Oops: Enabled (Zero based)
 Heap Region Size: 2M
 Heap Min Capacity: 8M
 Heap Initial Capacity: 248M
 Heap Max Capacity: 3948M
 Pre-touch: Disabled
 Parallel Workers: 13
 Concurrent Workers: 3
 Concurrent Refinement Workers: 13
 Periodic GC: Disabled

Heap:
 garbage-first heap   total 253952K, used 72307K [0x0000000709400000, 0x0000000800000000)
  region size 2048K, 30 young (61440K), 1 survivors (2048K)
 Metaspace       used 20313K, committed 20544K, reserved 1114112K
  class space    used 1815K, committed 1920K, reserved 1048576K

Heap Regions: E=young(eden), S=young(survivor), O=old, HS=humongous(starts), HC=humongous(continues), CS=collection set, F=free, TAMS=top-at-mark-start, PB=parsable bottom
|   0|0x0000000709400000, 0x0000000709600000, 0x0000000709600000|100%|HS|  |TAMS 0x0000000709400000| PB 0x0000000709400000| Complete 
|   1|0x0000000709600000, 0x0000000709800000, 0x0000000709800000|100%| O|  |TAMS 0x0000000709600000| PB 0x0000000709600000| Untracked 
|   2|0x0000000709800000, 0x0000000709a00000, 0x0000000709a00000|100%| O|  |TAMS 0x0000000709800000| PB 0x0000000709800000| Untracked 
|   3|0x0000000709a00000, 0x0000000709c00000, 0x0000000709c00000|100%|HS|  |TAMS 0x0000000709a00000| PB 0x0000000709a00000| Complete 
|   4|0x0000000709c00000, 0x0000000709e00000, 0x0000000709e00000|100%|HS|  |TAMS 0x0000000709c00000| PB 0x0000000709c00000| Complete 
|   5|0x0000000709e00000, 0x000000070a000000, 0x000000070a000000|100%| O|  |TAMS 0x0000000709e00000| PB 0x0000000709e00000| Untracked 
|   6|0x000000070a000000, 0x000000070a177310, 0x000000070a200000| 73%| O|  |TAMS 0x000000070a000000| PB 0x000000070a000000| Untracked 
|   7|0x000000070a200000, 0x000000070a200000, 0x000000070a400000|  0%| F|  |TAMS 0x000000070a200000| PB 0x000000070a200000| Untracked 
|   8|0x000000070a400000, 0x000000070a400000, 0x000000070a600000|  0%| F|  |TAMS 0x000000070a400000| PB 0x000000070a400000| Untracked 
|   9|0x000000070a600000, 0x000000070a600000, 0x000000070a800000|  0%| F|  |TAMS 0x000000070a600000| PB 0x000000070a600000| Untracked 
|  10|0x000000070a800000, 0x000000070a800000, 0x000000070aa00000|  0%| F|  |TAMS 0x000000070a800000| PB 0x000000070a800000| Untracked 
|  11|0x000000070aa00000, 0x000000070aa00000, 0x000000070ac00000|  0%| F|  |TAMS 0x000000070aa00000| PB 0x000000070aa00000| Untracked 
|  12|0x000000070ac00000, 0x000000070ac00000, 0x000000070ae00000|  0%| F|  |TAMS 0x000000070ac00000| PB 0x000000070ac00000| Untracked 
|  13|0x000000070ae00000, 0x000000070ae00000, 0x000000070b000000|  0%| F|  |TAMS 0x000000070ae00000| PB 0x000000070ae00000| Untracked 
|  14|0x000000070b000000, 0x000000070b000000, 0x000000070b200000|  0%| F|  |TAMS 0x000000070b000000| PB 0x000000070b000000| Untracked 
|  15|0x000000070b200000, 0x000000070b200000, 0x000000070b400000|  0%| F|  |TAMS 0x000000070b200000| PB 0x000000070b200000| Untracked 
|  16|0x000000070b400000, 0x000000070b400000, 0x000000070b600000|  0%| F|  |TAMS 0x000000070b400000| PB 0x000000070b400000| Untracked 
|  17|0x000000070b600000, 0x000000070b600000, 0x000000070b800000|  0%| F|  |TAMS 0x000000070b600000| PB 0x000000070b600000| Untracked 
|  18|0x000000070b800000, 0x000000070b800000, 0x000000070ba00000|  0%| F|  |TAMS 0x000000070b800000| PB 0x000000070b800000| Untracked 
|  19|0x000000070ba00000, 0x000000070ba00000, 0x000000070bc00000|  0%| F|  |TAMS 0x000000070ba00000| PB 0x000000070ba00000| Untracked 
|  20|0x000000070bc00000, 0x000000070bc00000, 0x000000070be00000|  0%| F|  |TAMS 0x000000070bc00000| PB 0x000000070bc00000| Untracked 
|  21|0x000000070be00000, 0x000000070be00000, 0x000000070c000000|  0%| F|  |TAMS 0x000000070be00000| PB 0x000000070be00000| Untracked 
|  22|0x000000070c000000, 0x000000070c000000, 0x000000070c200000|  0%| F|  |TAMS 0x000000070c000000| PB 0x000000070c000000| Untracked 
|  23|0x000000070c200000, 0x000000070c200000, 0x000000070c400000|  0%| F|  |TAMS 0x000000070c200000| PB 0x000000070c200000| Untracked 
|  24|0x000000070c400000, 0x000000070c400000, 0x000000070c600000|  0%| F|  |TAMS 0x000000070c400000| PB 0x000000070c400000| Untracked 
|  25|0x000000070c600000, 0x000000070c600000, 0x000000070c800000|  0%| F|  |TAMS 0x000000070c600000| PB 0x000000070c600000| Untracked 
|  26|0x000000070c800000, 0x000000070c800000, 0x000000070ca00000|  0%| F|  |TAMS 0x000000070c800000| PB 0x000000070c800000| Untracked 
|  27|0x000000070ca00000, 0x000000070ca00000, 0x000000070cc00000|  0%| F|  |TAMS 0x000000070ca00000| PB 0x000000070ca00000| Untracked 
|  28|0x000000070cc00000, 0x000000070cc00000, 0x000000070ce00000|  0%| F|  |TAMS 0x000000070cc00000| PB 0x000000070cc00000| Untracked 
|  29|0x000000070ce00000, 0x000000070ce00000, 0x000000070d000000|  0%| F|  |TAMS 0x000000070ce00000| PB 0x000000070ce00000| Untracked 
|  30|0x000000070d000000, 0x000000070d000000, 0x000000070d200000|  0%| F|  |TAMS 0x000000070d000000| PB 0x000000070d000000| Untracked 
|  31|0x000000070d200000, 0x000000070d200000, 0x000000070d400000|  0%| F|  |TAMS 0x000000070d200000| PB 0x000000070d200000| Untracked 
|  32|0x000000070d400000, 0x000000070d400000, 0x000000070d600000|  0%| F|  |TAMS 0x000000070d400000| PB 0x000000070d400000| Untracked 
|  33|0x000000070d600000, 0x000000070d600000, 0x000000070d800000|  0%| F|  |TAMS 0x000000070d600000| PB 0x000000070d600000| Untracked 
|  34|0x000000070d800000, 0x000000070d800000, 0x000000070da00000|  0%| F|  |TAMS 0x000000070d800000| PB 0x000000070d800000| Untracked 
|  35|0x000000070da00000, 0x000000070da00000, 0x000000070dc00000|  0%| F|  |TAMS 0x000000070da00000| PB 0x000000070da00000| Untracked 
|  36|0x000000070dc00000, 0x000000070dc00000, 0x000000070de00000|  0%| F|  |TAMS 0x000000070dc00000| PB 0x000000070dc00000| Untracked 
|  37|0x000000070de00000, 0x000000070de00000, 0x000000070e000000|  0%| F|  |TAMS 0x000000070de00000| PB 0x000000070de00000| Untracked 
|  38|0x000000070e000000, 0x000000070e000000, 0x000000070e200000|  0%| F|  |TAMS 0x000000070e000000| PB 0x000000070e000000| Untracked 
|  39|0x000000070e200000, 0x000000070e200000, 0x000000070e400000|  0%| F|  |TAMS 0x000000070e200000| PB 0x000000070e200000| Untracked 
|  40|0x000000070e400000, 0x000000070e400000, 0x000000070e600000|  0%| F|  |TAMS 0x000000070e400000| PB 0x000000070e400000| Untracked 
|  41|0x000000070e600000, 0x000000070e600000, 0x000000070e800000|  0%| F|  |TAMS 0x000000070e600000| PB 0x000000070e600000| Untracked 
|  42|0x000000070e800000, 0x000000070e800000, 0x000000070ea00000|  0%| F|  |TAMS 0x000000070e800000| PB 0x000000070e800000| Untracked 
|  43|0x000000070ea00000, 0x000000070ea00000, 0x000000070ec00000|  0%| F|  |TAMS 0x000000070ea00000| PB 0x000000070ea00000| Untracked 
|  44|0x000000070ec00000, 0x000000070ec00000, 0x000000070ee00000|  0%| F|  |TAMS 0x000000070ec00000| PB 0x000000070ec00000| Untracked 
|  45|0x000000070ee00000, 0x000000070ee00000, 0x000000070f000000|  0%| F|  |TAMS 0x000000070ee00000| PB 0x000000070ee00000| Untracked 
|  46|0x000000070f000000, 0x000000070f000000, 0x000000070f200000|  0%| F|  |TAMS 0x000000070f000000| PB 0x000000070f000000| Untracked 
|  47|0x000000070f200000, 0x000000070f200000, 0x000000070f400000|  0%| F|  |TAMS 0x000000070f200000| PB 0x000000070f200000| Untracked 
|  48|0x000000070f400000, 0x000000070f400000, 0x000000070f600000|  0%| F|  |TAMS 0x000000070f400000| PB 0x000000070f400000| Untracked 
|  49|0x000000070f600000, 0x000000070f600000, 0x000000070f800000|  0%| F|  |TAMS 0x000000070f600000| PB 0x000000070f600000| Untracked 
|  50|0x000000070f800000, 0x000000070f800000, 0x000000070fa00000|  0%| F|  |TAMS 0x000000070f800000| PB 0x000000070f800000| Untracked 
|  51|0x000000070fa00000, 0x000000070fa00000, 0x000000070fc00000|  0%| F|  |TAMS 0x000000070fa00000| PB 0x000000070fa00000| Untracked 
|  52|0x000000070fc00000, 0x000000070fc00000, 0x000000070fe00000|  0%| F|  |TAMS 0x000000070fc00000| PB 0x000000070fc00000| Untracked 
|  53|0x000000070fe00000, 0x000000070fe00000, 0x0000000710000000|  0%| F|  |TAMS 0x000000070fe00000| PB 0x000000070fe00000| Untracked 
|  54|0x0000000710000000, 0x0000000710000000, 0x0000000710200000|  0%| F|  |TAMS 0x0000000710000000| PB 0x0000000710000000| Untracked 
|  55|0x0000000710200000, 0x0000000710200000, 0x0000000710400000|  0%| F|  |TAMS 0x0000000710200000| PB 0x0000000710200000| Untracked 
|  56|0x0000000710400000, 0x0000000710400000, 0x0000000710600000|  0%| F|  |TAMS 0x0000000710400000| PB 0x0000000710400000| Untracked 
|  57|0x0000000710600000, 0x0000000710600000, 0x0000000710800000|  0%| F|  |TAMS 0x0000000710600000| PB 0x0000000710600000| Untracked 
|  58|0x0000000710800000, 0x0000000710800000, 0x0000000710a00000|  0%| F|  |TAMS 0x0000000710800000| PB 0x0000000710800000| Untracked 
|  59|0x0000000710a00000, 0x0000000710a00000, 0x0000000710c00000|  0%| F|  |TAMS 0x0000000710a00000| PB 0x0000000710a00000| Untracked 
|  60|0x0000000710c00000, 0x0000000710c00000, 0x0000000710e00000|  0%| F|  |TAMS 0x0000000710c00000| PB 0x0000000710c00000| Untracked 
|  61|0x0000000710e00000, 0x0000000710e00000, 0x0000000711000000|  0%| F|  |TAMS 0x0000000710e00000| PB 0x0000000710e00000| Untracked 
|  62|0x0000000711000000, 0x0000000711000000, 0x0000000711200000|  0%| F|  |TAMS 0x0000000711000000| PB 0x0000000711000000| Untracked 
|  63|0x0000000711200000, 0x0000000711200000, 0x0000000711400000|  0%| F|  |TAMS 0x0000000711200000| PB 0x0000000711200000| Untracked 
|  64|0x0000000711400000, 0x0000000711400000, 0x0000000711600000|  0%| F|  |TAMS 0x0000000711400000| PB 0x0000000711400000| Untracked 
|  65|0x0000000711600000, 0x0000000711600000, 0x0000000711800000|  0%| F|  |TAMS 0x0000000711600000| PB 0x0000000711600000| Untracked 
|  66|0x0000000711800000, 0x0000000711800000, 0x0000000711a00000|  0%| F|  |TAMS 0x0000000711800000| PB 0x0000000711800000| Untracked 
|  67|0x0000000711a00000, 0x0000000711a00000, 0x0000000711c00000|  0%| F|  |TAMS 0x0000000711a00000| PB 0x0000000711a00000| Untracked 
|  68|0x0000000711c00000, 0x0000000711c00000, 0x0000000711e00000|  0%| F|  |TAMS 0x0000000711c00000| PB 0x0000000711c00000| Untracked 
|  69|0x0000000711e00000, 0x0000000711e00000, 0x0000000712000000|  0%| F|  |TAMS 0x0000000711e00000| PB 0x0000000711e00000| Untracked 
|  70|0x0000000712000000, 0x0000000712000000, 0x0000000712200000|  0%| F|  |TAMS 0x0000000712000000| PB 0x0000000712000000| Untracked 
|  71|0x0000000712200000, 0x0000000712200000, 0x0000000712400000|  0%| F|  |TAMS 0x0000000712200000| PB 0x0000000712200000| Untracked 
|  72|0x0000000712400000, 0x0000000712400000, 0x0000000712600000|  0%| F|  |TAMS 0x0000000712400000| PB 0x0000000712400000| Untracked 
|  73|0x0000000712600000, 0x0000000712600000, 0x0000000712800000|  0%| F|  |TAMS 0x0000000712600000| PB 0x0000000712600000| Untracked 
|  74|0x0000000712800000, 0x0000000712800000, 0x0000000712a00000|  0%| F|  |TAMS 0x0000000712800000| PB 0x0000000712800000| Untracked 
|  75|0x0000000712a00000, 0x0000000712a00000, 0x0000000712c00000|  0%| F|  |TAMS 0x0000000712a00000| PB 0x0000000712a00000| Untracked 
|  76|0x0000000712c00000, 0x0000000712c00000, 0x0000000712e00000|  0%| F|  |TAMS 0x0000000712c00000| PB 0x0000000712c00000| Untracked 
|  77|0x0000000712e00000, 0x0000000712e00000, 0x0000000713000000|  0%| F|  |TAMS 0x0000000712e00000| PB 0x0000000712e00000| Untracked 
|  78|0x0000000713000000, 0x0000000713000000, 0x0000000713200000|  0%| F|  |TAMS 0x0000000713000000| PB 0x0000000713000000| Untracked 
|  79|0x0000000713200000, 0x0000000713200000, 0x0000000713400000|  0%| F|  |TAMS 0x0000000713200000| PB 0x0000000713200000| Untracked 
|  80|0x0000000713400000, 0x0000000713400000, 0x0000000713600000|  0%| F|  |TAMS 0x0000000713400000| PB 0x0000000713400000| Untracked 
|  81|0x0000000713600000, 0x0000000713600000, 0x0000000713800000|  0%| F|  |TAMS 0x0000000713600000| PB 0x0000000713600000| Untracked 
|  82|0x0000000713800000, 0x0000000713800000, 0x0000000713a00000|  0%| F|  |TAMS 0x0000000713800000| PB 0x0000000713800000| Untracked 
|  83|0x0000000713a00000, 0x0000000713a00000, 0x0000000713c00000|  0%| F|  |TAMS 0x0000000713a00000| PB 0x0000000713a00000| Untracked 
|  84|0x0000000713c00000, 0x0000000713d25b30, 0x0000000713e00000| 57%| S|CS|TAMS 0x0000000713c00000| PB 0x0000000713c00000| Complete 
|  85|0x0000000713e00000, 0x0000000713e00000, 0x0000000714000000|  0%| F|  |TAMS 0x0000000713e00000| PB 0x0000000713e00000| Untracked 
|  86|0x0000000714000000, 0x0000000714000000, 0x0000000714200000|  0%| F|  |TAMS 0x0000000714000000| PB 0x0000000714000000| Untracked 
|  87|0x0000000714200000, 0x0000000714200000, 0x0000000714400000|  0%| F|  |TAMS 0x0000000714200000| PB 0x0000000714200000| Untracked 
|  88|0x0000000714400000, 0x0000000714400000, 0x0000000714600000|  0%| F|  |TAMS 0x0000000714400000| PB 0x0000000714400000| Untracked 
|  89|0x0000000714600000, 0x0000000714600000, 0x0000000714800000|  0%| F|  |TAMS 0x0000000714600000| PB 0x0000000714600000| Untracked 
|  90|0x0000000714800000, 0x0000000714800000, 0x0000000714a00000|  0%| F|  |TAMS 0x0000000714800000| PB 0x0000000714800000| Untracked 
|  91|0x0000000714a00000, 0x0000000714a00000, 0x0000000714c00000|  0%| F|  |TAMS 0x0000000714a00000| PB 0x0000000714a00000| Untracked 
|  92|0x0000000714c00000, 0x0000000714c00000, 0x0000000714e00000|  0%| F|  |TAMS 0x0000000714c00000| PB 0x0000000714c00000| Untracked 
|  93|0x0000000714e00000, 0x0000000714e00000, 0x0000000715000000|  0%| F|  |TAMS 0x0000000714e00000| PB 0x0000000714e00000| Untracked 
|  94|0x0000000715000000, 0x0000000715000000, 0x0000000715200000|  0%| F|  |TAMS 0x0000000715000000| PB 0x0000000715000000| Untracked 
|  95|0x0000000715200000, 0x0000000715330a10, 0x0000000715400000| 59%| E|  |TAMS 0x0000000715200000| PB 0x0000000715200000| Complete 
|  96|0x0000000715400000, 0x0000000715600000, 0x0000000715600000|100%| E|CS|TAMS 0x0000000715400000| PB 0x0000000715400000| Complete 
|  97|0x0000000715600000, 0x0000000715800000, 0x0000000715800000|100%| E|CS|TAMS 0x0000000715600000| PB 0x0000000715600000| Complete 
|  98|0x0000000715800000, 0x0000000715a00000, 0x0000000715a00000|100%| E|CS|TAMS 0x0000000715800000| PB 0x0000000715800000| Complete 
|  99|0x0000000715a00000, 0x0000000715c00000, 0x0000000715c00000|100%| E|CS|TAMS 0x0000000715a00000| PB 0x0000000715a00000| Complete 
| 100|0x0000000715c00000, 0x0000000715e00000, 0x0000000715e00000|100%| E|CS|TAMS 0x0000000715c00000| PB 0x0000000715c00000| Complete 
| 101|0x0000000715e00000, 0x0000000716000000, 0x0000000716000000|100%| E|CS|TAMS 0x0000000715e00000| PB 0x0000000715e00000| Complete 
| 102|0x0000000716000000, 0x0000000716200000, 0x0000000716200000|100%| E|CS|TAMS 0x0000000716000000| PB 0x0000000716000000| Complete 
| 103|0x0000000716200000, 0x0000000716400000, 0x0000000716400000|100%| E|CS|TAMS 0x0000000716200000| PB 0x0000000716200000| Complete 
| 104|0x0000000716400000, 0x0000000716600000, 0x0000000716600000|100%| E|CS|TAMS 0x0000000716400000| PB 0x0000000716400000| Complete 
| 105|0x0000000716600000, 0x0000000716800000, 0x0000000716800000|100%| E|CS|TAMS 0x0000000716600000| PB 0x0000000716600000| Complete 
| 106|0x0000000716800000, 0x0000000716a00000, 0x0000000716a00000|100%| E|CS|TAMS 0x0000000716800000| PB 0x0000000716800000| Complete 
| 107|0x0000000716a00000, 0x0000000716c00000, 0x0000000716c00000|100%| E|CS|TAMS 0x0000000716a00000| PB 0x0000000716a00000| Complete 
| 108|0x0000000716c00000, 0x0000000716e00000, 0x0000000716e00000|100%| E|CS|TAMS 0x0000000716c00000| PB 0x0000000716c00000| Complete 
| 109|0x0000000716e00000, 0x0000000717000000, 0x0000000717000000|100%| E|CS|TAMS 0x0000000716e00000| PB 0x0000000716e00000| Complete 
| 110|0x0000000717000000, 0x0000000717200000, 0x0000000717200000|100%| E|CS|TAMS 0x0000000717000000| PB 0x0000000717000000| Complete 
| 111|0x0000000717200000, 0x0000000717400000, 0x0000000717400000|100%| E|CS|TAMS 0x0000000717200000| PB 0x0000000717200000| Complete 
| 112|0x0000000717400000, 0x0000000717600000, 0x0000000717600000|100%| E|CS|TAMS 0x0000000717400000| PB 0x0000000717400000| Complete 
| 113|0x0000000717600000, 0x0000000717800000, 0x0000000717800000|100%| E|CS|TAMS 0x0000000717600000| PB 0x0000000717600000| Complete 
| 114|0x0000000717800000, 0x0000000717a00000, 0x0000000717a00000|100%| E|CS|TAMS 0x0000000717800000| PB 0x0000000717800000| Complete 
| 115|0x0000000717a00000, 0x0000000717c00000, 0x0000000717c00000|100%| E|CS|TAMS 0x0000000717a00000| PB 0x0000000717a00000| Complete 
| 116|0x0000000717c00000, 0x0000000717e00000, 0x0000000717e00000|100%| E|CS|TAMS 0x0000000717c00000| PB 0x0000000717c00000| Complete 
| 117|0x0000000717e00000, 0x0000000718000000, 0x0000000718000000|100%| E|CS|TAMS 0x0000000717e00000| PB 0x0000000717e00000| Complete 
| 118|0x0000000718000000, 0x0000000718200000, 0x0000000718200000|100%| E|CS|TAMS 0x0000000718000000| PB 0x0000000718000000| Complete 
| 119|0x0000000718200000, 0x0000000718400000, 0x0000000718400000|100%| E|CS|TAMS 0x0000000718200000| PB 0x0000000718200000| Complete 
| 120|0x0000000718400000, 0x0000000718600000, 0x0000000718600000|100%| E|CS|TAMS 0x0000000718400000| PB 0x0000000718400000| Complete 
| 121|0x0000000718600000, 0x0000000718800000, 0x0000000718800000|100%| E|CS|TAMS 0x0000000718600000| PB 0x0000000718600000| Complete 
| 122|0x0000000718800000, 0x0000000718a00000, 0x0000000718a00000|100%| E|CS|TAMS 0x0000000718800000| PB 0x0000000718800000| Complete 
| 123|0x0000000718a00000, 0x0000000718c00000, 0x0000000718c00000|100%| E|CS|TAMS 0x0000000718a00000| PB 0x0000000718a00000| Complete 

Card table byte_map: [0x0000016d1a3f0000,0x0000016d1abb0000] _byte_map_base: 0x0000016d16ba6000

Marking Bits: (CMBitMap*) 0x0000016d01fd3470
 Bits: [0x0000016d1abb0000, 0x0000016d1e960000)

Polling page: 0x0000016d01630000

Metaspace:

Usage:
  Non-class:     18.08 MB used.
      Class:      1.78 MB used.
       Both:     19.86 MB used.

Virtual space:
  Non-class space:       64.00 MB reserved,      18.19 MB ( 28%) committed,  1 nodes.
      Class space:        1.00 GB reserved,       1.88 MB ( <1%) committed,  1 nodes.
             Both:        1.06 GB reserved,      20.06 MB (  2%) committed. 

Chunk freelists:
   Non-Class:  13.62 MB
       Class:  14.03 MB
        Both:  27.66 MB

MaxMetaspaceSize: unlimited
CompressedClassSpaceSize: 1.00 GB
Initial GC threshold: 21.00 MB
Current GC threshold: 21.00 MB
CDS: on
 - commit_granule_bytes: 65536.
 - commit_granule_words: 8192.
 - virtual_space_node_default_size: 8388608.
 - enlarge_chunks_in_place: 1.
 - use_allocation_guard: 0.


Internal statistics:

num_allocs_failed_limit: 0.
num_arena_births: 190.
num_arena_deaths: 0.
num_vsnodes_births: 2.
num_vsnodes_deaths: 0.
num_space_committed: 319.
num_space_uncommitted: 0.
num_chunks_returned_to_freelist: 0.
num_chunks_taken_from_freelist: 471.
num_chunk_merges: 0.
num_chunk_splits: 332.
num_chunks_enlarged: 242.
num_inconsistent_stats: 0.

CodeHeap 'non-profiled nmethods': size=119168Kb used=1132Kb max_used=1132Kb free=118035Kb
 bounds [0x0000016d11f40000, 0x0000016d121b0000, 0x0000016d193a0000]
CodeHeap 'profiled nmethods': size=119104Kb used=5712Kb max_used=5712Kb free=113391Kb
 bounds [0x0000016d0a3a0000, 0x0000016d0a940000, 0x0000016d117f0000]
CodeHeap 'non-nmethods': size=7488Kb used=4116Kb max_used=4149Kb free=3371Kb
 bounds [0x0000016d117f0000, 0x0000016d11c00000, 0x0000016d11f40000]
 total_blobs=3947 nmethods=2678 adapters=1170
 compilation: enabled
              stopped_count=0, restarted_count=0
 full_count=0

Compilation events (20 events):
Event: 17.084 Thread 0x0000016d71b16ee0 2649       3       java.lang.ClassLoader::getNamedPackage (73 bytes)
Event: 17.084 Thread 0x0000016d21a7c340 2650       3       jdk.internal.loader.BuiltinClassLoader::defineClass (121 bytes)
Event: 17.084 Thread 0x0000016d71b3af60 nmethod 2646 0x0000016d0a91d790 code [0x0000016d0a91daa0, 0x0000016d0a91e8d0]
Event: 17.084 Thread 0x0000016d713d8290 nmethod 2645 0x0000016d0a91ee90 code [0x0000016d0a91f200, 0x0000016d0a920410]
Event: 17.084 Thread 0x0000016d71b3af60 2655   !   3       jdk.internal.loader.Resource::getBytes (244 bytes)
Event: 17.084 Thread 0x0000016d71b16ee0 nmethod 2649 0x0000016d0a920b10 code [0x0000016d0a920d00, 0x0000016d0a921280]
Event: 17.084 Thread 0x0000016d713d8290 2651   !   3       jdk.internal.loader.BuiltinClassLoader::defineOrCheckPackage (94 bytes)
Event: 17.084 Thread 0x0000016d71b16ee0 2652       3       jdk.internal.loader.BuiltinClassLoader::getAndVerifyPackage (113 bytes)
Event: 17.085 Thread 0x0000016d21a7c340 nmethod 2650 0x0000016d0a921490 code [0x0000016d0a9217c0, 0x0000016d0a922b20]
Event: 17.085 Thread 0x0000016d713d8290 nmethod 2651 0x0000016d0a923090 code [0x0000016d0a923300, 0x0000016d0a923bf8]
Event: 17.085 Thread 0x0000016d21a7c340 2653       3       java.lang.ClassLoader::getDefinedPackage (36 bytes)
Event: 17.086 Thread 0x0000016d71b16ee0 nmethod 2652 0x0000016d0a923f10 code [0x0000016d0a924260, 0x0000016d0a925380]
Event: 17.086 Thread 0x0000016d713d8290 2654       3       jdk.internal.loader.Resource::getByteBuffer (24 bytes)
Event: 17.086 Thread 0x0000016d71b16ee0 2656       3       java.lang.ClassLoader::defineClass (43 bytes)
Event: 17.086 Thread 0x0000016d713d8290 nmethod 2654 0x0000016d0a925990 code [0x0000016d0a925b80, 0x0000016d0a9262a0]
Event: 17.086 Thread 0x0000016d71b3af60 nmethod 2655 0x0000016d0a926410 code [0x0000016d0a926740, 0x0000016d0a927e70]
Event: 17.098 Thread 0x0000016d21a7c340 nmethod 2653 0x0000016d0a928790 code [0x0000016d0a928980, 0x0000016d0a928f18]
Event: 17.098 Thread 0x0000016d713d8290 2657       3       jdk.internal.loader.ClassLoaders$AppClassLoader::defineOrCheckPackage (8 bytes)
Event: 17.098 Thread 0x0000016d71b16ee0 nmethod 2656 0x0000016d0a929110 code [0x0000016d0a929320, 0x0000016d0a929850]
Event: 17.098 Thread 0x0000016d713d8290 nmethod 2657 0x0000016d0a929a90 code [0x0000016d0a929c40, 0x0000016d0a929d88]

GC Heap History (6 events):
Event: 1.230 GC heap before
{Heap before GC invocations=0 (full 0):
 garbage-first heap   total 253952K, used 24576K [0x0000000709400000, 0x0000000800000000)
  region size 2048K, 11 young (22528K), 0 survivors (0K)
 Metaspace       used 9414K, committed 9664K, reserved 1114112K
  class space    used 1070K, committed 1216K, reserved 1048576K
}
Event: 1.238 GC heap after
{Heap after GC invocations=1 (full 0):
 garbage-first heap   total 253952K, used 9718K [0x0000000709400000, 0x0000000800000000)
  region size 2048K, 2 young (4096K), 2 survivors (4096K)
 Metaspace       used 9414K, committed 9664K, reserved 1114112K
  class space    used 1070K, committed 1216K, reserved 1048576K
}
Event: 16.056 GC heap before
{Heap before GC invocations=1 (full 0):
 garbage-first heap   total 253952K, used 34294K [0x0000000709400000, 0x0000000800000000)
  region size 2048K, 13 young (26624K), 2 survivors (4096K)
 Metaspace       used 15070K, committed 15232K, reserved 1114112K
  class space    used 1648K, committed 1728K, reserved 1048576K
}
Event: 16.060 GC heap after
{Heap after GC invocations=2 (full 0):
 garbage-first heap   total 253952K, used 14877K [0x0000000709400000, 0x0000000800000000)
  region size 2048K, 1 young (2048K), 1 survivors (2048K)
 Metaspace       used 15070K, committed 15232K, reserved 1114112K
  class space    used 1648K, committed 1728K, reserved 1048576K
}
Event: 16.762 GC heap before
{Heap before GC invocations=2 (full 0):
 garbage-first heap   total 253952K, used 96797K [0x0000000709400000, 0x0000000800000000)
  region size 2048K, 39 young (79872K), 1 survivors (2048K)
 Metaspace       used 19336K, committed 19584K, reserved 1114112K
  class space    used 1678K, committed 1792K, reserved 1048576K
}
Event: 16.763 GC heap after
{Heap after GC invocations=3 (full 0):
 garbage-first heap   total 253952K, used 14963K [0x0000000709400000, 0x0000000800000000)
  region size 2048K, 1 young (2048K), 1 survivors (2048K)
 Metaspace       used 19336K, committed 19584K, reserved 1114112K
  class space    used 1678K, committed 1792K, reserved 1048576K
}

Dll operation events (20 events):
Event: 16.138 Loaded shared library C:\Users\tranh\.javacpp\cache\javacpp-1.5.9-windows-x86_64.jar\org\bytedeco\javacpp\windows-x86_64\api-ms-win-core-file-l1-2-0.dll
Event: 16.143 Loaded shared library C:\Users\tranh\.javacpp\cache\javacpp-1.5.9-windows-x86_64.jar\org\bytedeco\javacpp\windows-x86_64\api-ms-win-core-profile-l1-1-0.dll
Event: 16.147 Loaded shared library C:\Users\tranh\.javacpp\cache\javacpp-1.5.9-windows-x86_64.jar\org\bytedeco\javacpp\windows-x86_64\api-ms-win-core-memory-l1-1-0.dll
Event: 16.154 Loaded shared library C:\Users\tranh\.javacpp\cache\javacpp-1.5.9-windows-x86_64.jar\org\bytedeco\javacpp\windows-x86_64\api-ms-win-core-util-l1-1-0.dll
Event: 16.161 Loaded shared library C:\Users\tranh\.javacpp\cache\javacpp-1.5.9-windows-x86_64.jar\org\bytedeco\javacpp\windows-x86_64\api-ms-win-core-interlocked-l1-1-0.dll
Event: 16.175 Loaded shared library C:\Users\tranh\.javacpp\cache\javacpp-1.5.9-windows-x86_64.jar\org\bytedeco\javacpp\windows-x86_64\ucrtbase.dll
Event: 16.181 Loaded shared library C:\Users\tranh\.javacpp\cache\javacpp-1.5.9-windows-x86_64.jar\org\bytedeco\javacpp\windows-x86_64\vcruntime140.dll
Event: 16.188 Loaded shared library C:\Users\tranh\.javacpp\cache\javacpp-1.5.9-windows-x86_64.jar\org\bytedeco\javacpp\windows-x86_64\vcruntime140_1.dll
Event: 16.198 Loaded shared library C:\Users\tranh\.javacpp\cache\javacpp-1.5.9-windows-x86_64.jar\org\bytedeco\javacpp\windows-x86_64\msvcp140.dll
Event: 16.204 Loaded shared library C:\Users\tranh\.javacpp\cache\javacpp-1.5.9-windows-x86_64.jar\org\bytedeco\javacpp\windows-x86_64\msvcp140_1.dll
Event: 16.213 Loaded shared library C:\Users\tranh\.javacpp\cache\javacpp-1.5.9-windows-x86_64.jar\org\bytedeco\javacpp\windows-x86_64\concrt140.dll
Event: 16.221 Loaded shared library C:\Users\tranh\.javacpp\cache\javacpp-1.5.9-windows-x86_64.jar\org\bytedeco\javacpp\windows-x86_64\vcomp140.dll
Event: 16.226 Loaded shared library C:\Users\tranh\.javacpp\cache\javacpp-1.5.9-windows-x86_64.jar\org\bytedeco\javacpp\windows-x86_64\jnijavacpp.dll
Event: 16.299 Loaded shared library C:\Users\tranh\.javacpp\cache\openblas-0.3.23-1.5.9-windows-x86_64.jar\org\bytedeco\openblas\windows-x86_64\libopenblas_nolapack.dll
Event: 16.399 Loaded shared library C:\Users\tranh\.javacpp\cache\openblas-0.3.23-1.5.9-windows-x86_64.jar\org\bytedeco\openblas\windows-x86_64\jniopenblas_nolapack.dll
Event: 16.472 Loaded shared library C:\Users\tranh\.javacpp\cache\openblas-0.3.23-1.5.9-windows-x86_64.jar\org\bytedeco\openblas\windows-x86_64\libopenblas.dll
Event: 16.517 Loaded shared library C:\Users\tranh\.javacpp\cache\openblas-0.3.23-1.5.9-windows-x86_64.jar\org\bytedeco\openblas\windows-x86_64\jniopenblas.dll
Event: 16.922 Loaded shared library C:\Users\tranh\.javacpp\cache\opencv-4.7.0-1.5.9-windows-x86_64.jar\org\bytedeco\opencv\windows-x86_64\opencv_core470.dll
Event: 16.956 Loaded shared library C:\Users\tranh\.javacpp\cache\opencv-4.7.0-1.5.9-windows-x86_64.jar\org\bytedeco\opencv\windows-x86_64\opencv_imgproc470.dll
Event: 16.988 Loaded shared library C:\Users\tranh\.javacpp\cache\opencv-4.7.0-1.5.9-windows-x86_64.jar\org\bytedeco\opencv\windows-x86_64\jniopencv_core.dll

Deoptimization events (20 events):
Event: 16.456 Thread 0x0000016d683989b0 DEOPT PACKING pc=0x0000016d0a876dbc sp=0x000000302d1fd540
Event: 16.456 Thread 0x0000016d683989b0 DEOPT UNPACKING pc=0x0000016d11844e42 sp=0x000000302d1fca28 mode 0
Event: 16.577 Thread 0x0000016d683989b0 DEOPT PACKING pc=0x0000016d0a8f4b7c sp=0x000000302d1fd870
Event: 16.577 Thread 0x0000016d683989b0 DEOPT UNPACKING pc=0x0000016d11844e42 sp=0x000000302d1fcd10 mode 0
Event: 16.584 Thread 0x0000016d683989b0 DEOPT PACKING pc=0x0000016d0a8f4b7c sp=0x000000302d1fd870
Event: 16.584 Thread 0x0000016d683989b0 DEOPT UNPACKING pc=0x0000016d11844e42 sp=0x000000302d1fcd10 mode 0
Event: 16.587 Thread 0x0000016d683989b0 DEOPT PACKING pc=0x0000016d0a8f4b7c sp=0x000000302d1fd870
Event: 16.587 Thread 0x0000016d683989b0 DEOPT UNPACKING pc=0x0000016d11844e42 sp=0x000000302d1fcd10 mode 0
Event: 16.596 Thread 0x0000016d683989b0 DEOPT PACKING pc=0x0000016d0a8f4b7c sp=0x000000302d1fd870
Event: 16.596 Thread 0x0000016d683989b0 DEOPT UNPACKING pc=0x0000016d11844e42 sp=0x000000302d1fcd10 mode 0
Event: 16.696 Thread 0x0000016d683989b0 DEOPT PACKING pc=0x0000016d0a8e9a05 sp=0x000000302d1fd740
Event: 16.696 Thread 0x0000016d683989b0 DEOPT UNPACKING pc=0x0000016d11844e42 sp=0x000000302d1fcbc8 mode 0
Event: 16.895 Thread 0x0000016d683989b0 Uncommon trap: trap_request=0xffffff45 fr.pc=0x0000016d1204ca98 relative=0x0000000000000538
Event: 16.895 Thread 0x0000016d683989b0 Uncommon trap: reason=unstable_if action=reinterpret pc=0x0000016d1204ca98 method=java.lang.CompoundEnumeration.next()Z @ 38 c2
Event: 16.895 Thread 0x0000016d683989b0 DEOPT PACKING pc=0x0000016d1204ca98 sp=0x000000302d1fd980
Event: 16.895 Thread 0x0000016d683989b0 DEOPT UNPACKING pc=0x0000016d118446a2 sp=0x000000302d1fd8f8 mode 2
Event: 16.895 Thread 0x0000016d683989b0 Uncommon trap: trap_request=0xffffff45 fr.pc=0x0000016d1204e998 relative=0x0000000000000538
Event: 16.895 Thread 0x0000016d683989b0 Uncommon trap: reason=unstable_if action=reinterpret pc=0x0000016d1204e998 method=java.lang.CompoundEnumeration.next()Z @ 38 c2
Event: 16.895 Thread 0x0000016d683989b0 DEOPT PACKING pc=0x0000016d1204e998 sp=0x000000302d1fd910
Event: 16.895 Thread 0x0000016d683989b0 DEOPT UNPACKING pc=0x0000016d118446a2 sp=0x000000302d1fd8f0 mode 2

Classes loaded (20 events):
Event: 15.928 Loading class java/lang/Class$AnnotationData
Event: 15.929 Loading class java/lang/Class$AnnotationData done
Event: 15.935 Loading class java/lang/ProcessEnvironment
Event: 15.936 Loading class java/lang/ProcessEnvironment done
Event: 15.936 Loading class java/lang/ProcessEnvironment$NameComparator
Event: 15.936 Loading class java/lang/ProcessEnvironment$NameComparator done
Event: 15.936 Loading class java/lang/ProcessEnvironment$EntryComparator
Event: 15.936 Loading class java/lang/ProcessEnvironment$EntryComparator done
Event: 15.936 Loading class java/lang/ProcessEnvironment$CheckedEntrySet
Event: 15.937 Loading class java/lang/ProcessEnvironment$CheckedEntrySet done
Event: 15.937 Loading class java/lang/ProcessEnvironment$CheckedEntrySet$1
Event: 15.937 Loading class java/lang/ProcessEnvironment$CheckedEntrySet$1 done
Event: 15.937 Loading class java/lang/ProcessEnvironment$CheckedEntry
Event: 15.938 Loading class java/lang/ProcessEnvironment$CheckedEntry done
Event: 15.939 Loading class sun/nio/fs/WindowsLinkSupport
Event: 15.939 Loading class sun/nio/fs/WindowsLinkSupport done
Event: 16.259 Loading class java/util/regex/Pattern$BnM
Event: 16.259 Loading class java/util/regex/Pattern$BnM done
Event: 16.259 Loading class java/util/regex/Pattern$SliceS
Event: 16.260 Loading class java/util/regex/Pattern$SliceS done

Classes unloaded (0 events):
No events

Classes redefined (0 events):
No events

Internal exceptions (20 events):
Event: 0.828 Thread 0x0000016d7fae2d40 Exception <a 'java/lang/ClassNotFoundException'{0x0000000717ff8ac8}: com/sun/swing/internal/plaf/metal/resources/spi/metalProvider> (0x0000000717ff8ac8) 
thrown [s\open\src\hotspot\share\classfile\systemDictionary.cpp, line 312]
Event: 0.829 Thread 0x0000016d7fae2d40 Exception <a 'java/lang/ClassNotFoundException'{0x0000000717ffca28}: com/sun/swing/internal/plaf/basic/resources/spi/basicProvider> (0x0000000717ffca28) 
thrown [s\open\src\hotspot\share\classfile\systemDictionary.cpp, line 312]
Event: 0.848 Thread 0x0000016d7fae2d40 Exception <a 'java/lang/NoSuchMethodError'{0x0000000717c1c5d8}: 'int java.lang.invoke.Invokers$Holder.invokeExact_MT(java.lang.Object, java.lang.Object)'> (0x0000000717c1c5d8) 
thrown [s\open\src\hotspot\share\interpreter\linkResolver.cpp, line 773]
Event: 0.877 Thread 0x0000016d682f36c0 Implicit null exception at 0x0000016d11f6f624 to 0x0000016d11f6fc8c
Event: 0.925 Thread 0x0000016d682f36c0 Exception <a 'java/lang/NoSuchMethodError'{0x0000000717af6188}: 'java.lang.Object java.lang.invoke.DirectMethodHandle$Holder.newInvokeSpecial(java.lang.Object, java.lang.Object, java.lang.Object, int, int, int, int, int)'> (0x0000000717af6188) 
thrown [s\open\src\hotspot\share\interpreter\linkResolver.cpp, line 773]
Event: 1.083 Thread 0x0000016d7fae2d40 Exception <a 'java/lang/NoSuchMethodError'{0x00000007179ba9f0}: 'void java.lang.invoke.DirectMethodHandle$Holder.invokeStaticInit(java.lang.Object)'> (0x00000007179ba9f0) 
thrown [s\open\src\hotspot\share\interpreter\linkResolver.cpp, line 773]
Event: 1.130 Thread 0x0000016d679ce830 Exception <a 'java/lang/NoSuchMethodError'{0x0000000717ef0c78}: 'void java.lang.invoke.DirectMethodHandle$Holder.invokeVirtual(java.lang.Object, java.lang.Object)'> (0x0000000717ef0c78) 
thrown [s\open\src\hotspot\share\interpreter\linkResolver.cpp, line 773]
Event: 1.157 Thread 0x0000016d68397450 Exception <a 'java/lang/NoSuchMethodError'{0x00000007176ea050}: 'void java.lang.invoke.DirectMethodHandle$Holder.invokeStatic(java.lang.Object, java.lang.Object, java.lang.Object)'> (0x00000007176ea050) 
thrown [s\open\src\hotspot\share\interpreter\linkResolver.cpp, line 773]
Event: 1.163 Thread 0x0000016d68397450 Exception <a 'java/lang/NoSuchMethodError'{0x00000007176f6f30}: 'java.lang.Object java.lang.invoke.DirectMethodHandle$Holder.newInvokeSpecial(java.lang.Object, java.lang.Object, int, java.lang.Object)'> (0x00000007176f6f30) 
thrown [s\open\src\hotspot\share\interpreter\linkResolver.cpp, line 773]
Event: 1.165 Thread 0x0000016d68397450 Exception <a 'java/lang/NoSuchMethodError'{0x00000007176fb4a8}: 'java.lang.Object java.lang.invoke.DirectMethodHandle$Holder.invokeSpecial(java.lang.Object, java.lang.Object, java.lang.Object, int, java.lang.Object)'> (0x00000007176fb4a8) 
thrown [s\open\src\hotspot\share\interpreter\linkResolver.cpp, line 773]
Event: 1.166 Thread 0x0000016d68397450 Exception <a 'java/lang/NoSuchMethodError'{0x00000007176feb58}: 'java.lang.Object java.lang.invoke.Invokers$Holder.invoke_MT(java.lang.Object, java.lang.Object, int, java.lang.Object, java.lang.Object)'> (0x00000007176feb58) 
thrown [s\open\src\hotspot\share\interpreter\linkResolver.cpp, line 773]
Event: 13.113 Thread 0x0000016d684b3af0 Exception <a 'java/lang/NoSuchMethodError'{0x0000000718885468}: 'void java.lang.invoke.DirectMethodHandle$Holder.invokeStatic(java.lang.Object, java.lang.Object)'> (0x0000000718885468) 
thrown [s\open\src\hotspot\share\interpreter\linkResolver.cpp, line 773]
Event: 13.972 Thread 0x0000016d684b3af0 Exception <a 'java/lang/NoSuchMethodError'{0x00000007188fe870}: 'int java.lang.invoke.DirectMethodHandle$Holder.invokeStatic(java.lang.Object)'> (0x00000007188fe870) 
thrown [s\open\src\hotspot\share\interpreter\linkResolver.cpp, line 773]
Event: 15.823 Thread 0x0000016d684b3af0 Exception <a 'java/lang/NoSuchMethodError'{0x00000007182629c0}: 'java.lang.Object java.lang.invoke.DirectMethodHandle$Holder.invokeStaticInit(java.lang.Object, int, int, int, int)'> (0x00000007182629c0) 
thrown [s\open\src\hotspot\share\interpreter\linkResolver.cpp, line 773]
Event: 15.867 Thread 0x0000016d68399040 Exception <a 'java/lang/NoSuchMethodError'{0x000000071803ff68}: 'java.lang.Object java.lang.invoke.DirectMethodHandle$Holder.invokeStaticInit(java.lang.Object, java.lang.Object, int, int, int, int)'> (0x000000071803ff68) 
thrown [s\open\src\hotspot\share\interpreter\linkResolver.cpp, line 773]
Event: 15.880 Thread 0x0000016d683989b0 Exception <a 'java/lang/NoSuchMethodError'{0x0000000718096110}: 'int java.lang.invoke.DirectMethodHandle$Holder.invokeStaticInit(java.lang.Object, java.lang.Object, java.lang.Object, java.lang.Object)'> (0x0000000718096110) 
thrown [s\open\src\hotspot\share\interpreter\linkResolver.cpp, line 773]
Event: 15.882 Thread 0x0000016d683989b0 Exception <a 'java/lang/NoSuchMethodError'{0x00000007180b1228}: 'java.lang.Object java.lang.invoke.DirectMethodHandle$Holder.invokeInterface(java.lang.Object, java.lang.Object)'> (0x00000007180b1228) 
thrown [s\open\src\hotspot\share\interpreter\linkResolver.cpp, line 773]
Event: 15.883 Thread 0x0000016d683989b0 Exception <a 'java/lang/IncompatibleClassChangeError'{0x00000007180b4520}: Found class java.lang.Object, but interface was expected> (0x00000007180b4520) 
thrown [s\open\src\hotspot\share\interpreter\linkResolver.cpp, line 840]
Event: 15.884 Thread 0x0000016d683989b0 Exception <a 'java/lang/NoSuchMethodError'{0x00000007180b6f18}: 'void java.lang.invoke.DirectMethodHandle$Holder.invokeStaticInit(java.lang.Object, java.lang.Object)'> (0x00000007180b6f18) 
thrown [s\open\src\hotspot\share\interpreter\linkResolver.cpp, line 773]
Event: 15.886 Thread 0x0000016d683989b0 Exception <a 'java/lang/NoSuchMethodError'{0x00000007180caad8}: 'int java.lang.invoke.DirectMethodHandle$Holder.invokeStaticInit(java.lang.Object, java.lang.Object)'> (0x00000007180caad8) 
thrown [s\open\src\hotspot\share\interpreter\linkResolver.cpp, line 773]

ZGC Phase Switch (0 events):
No events

VM Operations (20 events):
Event: 15.616 Executing VM operation: HandshakeAllThreads (Deoptimize)
Event: 15.616 Executing VM operation: HandshakeAllThreads (Deoptimize) done
Event: 15.696 Executing VM operation: HandshakeAllThreads (Deoptimize)
Event: 15.696 Executing VM operation: HandshakeAllThreads (Deoptimize) done
Event: 15.701 Executing VM operation: HandshakeAllThreads (Deoptimize)
Event: 15.701 Executing VM operation: HandshakeAllThreads (Deoptimize) done
Event: 15.789 Executing VM operation: HandshakeAllThreads (Deoptimize)
Event: 15.789 Executing VM operation: HandshakeAllThreads (Deoptimize) done
Event: 15.898 Executing VM operation: HandshakeAllThreads (Deoptimize)
Event: 15.898 Executing VM operation: HandshakeAllThreads (Deoptimize) done
Event: 15.898 Executing VM operation: HandshakeAllThreads (Deoptimize)
Event: 15.898 Executing VM operation: HandshakeAllThreads (Deoptimize) done
Event: 15.919 Executing VM operation: HandshakeAllThreads (Deoptimize)
Event: 15.919 Executing VM operation: HandshakeAllThreads (Deoptimize) done
Event: 15.936 Executing VM operation: HandshakeAllThreads (Deoptimize)
Event: 15.936 Executing VM operation: HandshakeAllThreads (Deoptimize) done
Event: 16.056 Executing VM operation: G1CollectForAllocation (G1 Evacuation Pause)
Event: 16.060 Executing VM operation: G1CollectForAllocation (G1 Evacuation Pause) done
Event: 16.761 Executing VM operation: G1CollectForAllocation (G1 Evacuation Pause)
Event: 16.763 Executing VM operation: G1CollectForAllocation (G1 Evacuation Pause) done

Events (20 events):
Event: 2.260 Thread 0x0000016d68359de0 Thread exited: 0x0000016d68359de0
Event: 3.279 Thread 0x0000016d21c621a0 Thread exited: 0x0000016d21c621a0
Event: 5.995 Thread 0x0000016d682f36c0 Thread exited: 0x0000016d682f36c0
Event: 12.544 Thread 0x0000016d67214480 Thread added: 0x0000016d67214480
Event: 12.733 Thread 0x0000016d67214480 Thread exited: 0x0000016d67214480
Event: 13.912 Thread 0x0000016d6839b110 Thread added: 0x0000016d6839b110
Event: 15.671 Thread 0x0000016d713d8290 Thread added: 0x0000016d713d8290
Event: 15.672 Thread 0x0000016d6839b7a0 Thread added: 0x0000016d6839b7a0
Event: 15.675 Thread 0x0000016d671e7060 Thread added: 0x0000016d671e7060
Event: 15.736 Thread 0x0000016d21d714c0 Thread added: 0x0000016d21d714c0
Event: 15.743 Thread 0x0000016d71764e90 Thread added: 0x0000016d71764e90
Event: 15.830 Thread 0x0000016d68399040 Thread added: 0x0000016d68399040
Event: 15.831 Thread 0x0000016d683989b0 Thread added: 0x0000016d683989b0
Event: 15.864 Thread 0x0000016d71b16ee0 Thread added: 0x0000016d71b16ee0
Event: 15.864 Thread 0x0000016d71b3af60 Thread added: 0x0000016d71b3af60
Event: 15.880 Thread 0x0000016d683996d0 Thread added: 0x0000016d683996d0
Event: 15.900 Thread 0x0000016d71b9db50 Thread added: 0x0000016d71b9db50
Event: 16.238 Thread 0x0000016d71b9c7a0 Thread added: 0x0000016d71b9c7a0
Event: 17.002 Thread 0x0000016d71764e90 Thread exited: 0x0000016d71764e90
Event: 17.002 Thread 0x0000016d21d714c0 Thread exited: 0x0000016d21d714c0


Dynamic libraries:
0x00007ff69b200000 - 0x00007ff69b210000 	C:\Program Files\Java\jdk-21\bin\java.exe
0x00007fffdf5a0000 - 0x00007fffdf803000 	C:\WINDOWS\SYSTEM32\ntdll.dll
0x00007fffde180000 - 0x00007fffde248000 	C:\WINDOWS\System32\KERNEL32.DLL
0x00007fffdce50000 - 0x00007fffdd201000 	C:\WINDOWS\System32\KERNELBASE.dll
0x00007fffdcd00000 - 0x00007fffdce4b000 	C:\WINDOWS\System32\ucrtbase.dll
0x00007fffd58f0000 - 0x00007fffd5909000 	C:\Program Files\Java\jdk-21\bin\jli.dll
0x00007fffd59d0000 - 0x00007fffd59eb000 	C:\Program Files\Java\jdk-21\bin\VCRUNTIME140.dll
0x00007fffdf080000 - 0x00007fffdf134000 	C:\WINDOWS\System32\ADVAPI32.dll
0x00007fffdeed0000 - 0x00007fffdef79000 	C:\WINDOWS\System32\msvcrt.dll
0x00007fffde2f0000 - 0x00007fffde396000 	C:\WINDOWS\System32\sechost.dll
0x00007fffdebe0000 - 0x00007fffdecf6000 	C:\WINDOWS\System32\RPCRT4.dll
0x00007fffddfb0000 - 0x00007fffde178000 	C:\WINDOWS\System32\USER32.dll
0x00007fffdccd0000 - 0x00007fffdccf7000 	C:\WINDOWS\System32\win32u.dll
0x00007fffcc670000 - 0x00007fffcc900000 	C:\WINDOWS\WinSxS\amd64_microsoft.windows.common-controls_6595b64144ccf1df_6.0.26100.2161_none_3e0cadb0e33078e1\COMCTL32.dll
0x00007fffddb20000 - 0x00007fffddb4a000 	C:\WINDOWS\System32\GDI32.dll
0x00007fffdcaf0000 - 0x00007fffdcc15000 	C:\WINDOWS\System32\gdi32full.dll
0x00007fffdcc20000 - 0x00007fffdccc3000 	C:\WINDOWS\System32\msvcp_win.dll
0x00007fffd5170000 - 0x00007fffd517b000 	C:\WINDOWS\SYSTEM32\VERSION.dll
0x00007fffde700000 - 0x00007fffde72f000 	C:\WINDOWS\System32\IMM32.DLL
0x00007fffd9560000 - 0x00007fffd956c000 	C:\Program Files\Java\jdk-21\bin\vcruntime140_1.dll
0x00007fff8b780000 - 0x00007fff8b80e000 	C:\Program Files\Java\jdk-21\bin\msvcp140.dll
0x00007fff41ec0000 - 0x00007fff42bd5000 	C:\Program Files\Java\jdk-21\bin\server\jvm.dll
0x00007fffde3a0000 - 0x00007fffde414000 	C:\WINDOWS\System32\WS2_32.dll
0x00007fffdc820000 - 0x00007fffdc86e000 	C:\WINDOWS\SYSTEM32\POWRPROF.dll
0x00007fffd26a0000 - 0x00007fffd26d6000 	C:\WINDOWS\SYSTEM32\WINMM.dll
0x00007fffdc800000 - 0x00007fffdc814000 	C:\WINDOWS\SYSTEM32\UMPDC.dll
0x00007fffdb7c0000 - 0x00007fffdb7da000 	C:\WINDOWS\SYSTEM32\kernel.appcore.dll
0x00007fffd64d0000 - 0x00007fffd64da000 	C:\Program Files\Java\jdk-21\bin\jimage.dll
0x00007fffdac20000 - 0x00007fffdae61000 	C:\WINDOWS\SYSTEM32\DBGHELP.DLL
0x00007fffddc30000 - 0x00007fffddfad000 	C:\WINDOWS\System32\combase.dll
0x00007fffdefa0000 - 0x00007fffdf076000 	C:\WINDOWS\System32\OLEAUT32.dll
0x00007fffc8460000 - 0x00007fffc8499000 	C:\WINDOWS\SYSTEM32\dbgcore.DLL
0x00007fffdca50000 - 0x00007fffdcae9000 	C:\WINDOWS\System32\bcryptPrimitives.dll
0x00007fffd1430000 - 0x00007fffd144f000 	C:\Program Files\Java\jdk-21\bin\java.dll
0x00007fffdd410000 - 0x00007fffddb0f000 	C:\WINDOWS\System32\SHELL32.dll
0x00007fffda3f0000 - 0x00007fffdac1d000 	C:\WINDOWS\SYSTEM32\windows.storage.dll
0x00007fffddb50000 - 0x00007fffddc23000 	C:\WINDOWS\System32\SHCORE.dll
0x00007fffdf2e0000 - 0x00007fffdf33d000 	C:\WINDOWS\System32\shlwapi.dll
0x00007fffdc8a0000 - 0x00007fffdc8ce000 	C:\WINDOWS\SYSTEM32\profapi.dll
0x00007fff7be40000 - 0x00007fff7bf17000 	C:\Program Files\Java\jdk-21\bin\jsvml.dll
0x00007fffd0a60000 - 0x00007fffd0a70000 	C:\Program Files\Java\jdk-21\bin\net.dll
0x00007fffd8ef0000 - 0x00007fffd9016000 	C:\WINDOWS\SYSTEM32\WINHTTP.dll
0x00007fffdbd50000 - 0x00007fffdbdb8000 	C:\WINDOWS\system32\mswsock.dll
0x00007fffccd80000 - 0x00007fffccd96000 	C:\Program Files\Java\jdk-21\bin\nio.dll
0x00007fffbd230000 - 0x00007fffbd248000 	C:\Program Files\Java\jdk-21\bin\zip.dll
0x00007fff79970000 - 0x00007fff79aff000 	C:\Program Files\Java\jdk-21\bin\awt.dll
0x00007fffd88f0000 - 0x00007fffd898c000 	C:\WINDOWS\SYSTEM32\apphelp.dll
0x00007fffd9ca0000 - 0x00007fffd9cce000 	C:\WINDOWS\system32\DWMAPI.DLL
0x00007fffd9900000 - 0x00007fffd99ad000 	C:\WINDOWS\system32\uxtheme.dll
0x00007fff805c0000 - 0x00007fff806cc000 	C:\WINDOWS\system32\opengl32.dll
0x00007fff9be90000 - 0x00007fff9bebd000 	C:\WINDOWS\SYSTEM32\GLU32.dll
0x00007fffd9aa0000 - 0x00007fffd9ae5000 	C:\WINDOWS\SYSTEM32\dxcore.dll
0x00007fffdf400000 - 0x00007fffdf55b000 	C:\WINDOWS\System32\MSCTF.dll
0x00007fffde510000 - 0x00007fffde6a9000 	C:\WINDOWS\System32\ole32.dll
0x00007fff80820000 - 0x00007fff809c6000 	C:\WINDOWS\system32\d3d9.dll
0x00007fffd9af0000 - 0x00007fffd9b4c000 	C:\WINDOWS\SYSTEM32\directxdatabasehelper.dll
0x00007fffdc060000 - 0x00007fffdc073000 	C:\WINDOWS\SYSTEM32\msasn1.dll
0x00007fffd46d0000 - 0x00007fffd470b000 	C:\WINDOWS\SYSTEM32\cryptnet.dll
0x00007fffdd210000 - 0x00007fffdd386000 	C:\WINDOWS\System32\CRYPT32.dll
0x00007fffdc010000 - 0x00007fffdc01c000 	C:\WINDOWS\SYSTEM32\cryptbase.dll
0x00007fffdd390000 - 0x00007fffdd40a000 	C:\WINDOWS\System32\wintrust.dll
0x00007fffde250000 - 0x00007fffde270000 	C:\WINDOWS\System32\imagehlp.dll
0x00007fffdbff0000 - 0x00007fffdc00c000 	C:\WINDOWS\SYSTEM32\CRYPTSP.dll
0x00007fffdb720000 - 0x00007fffdb758000 	C:\WINDOWS\system32\rsaenh.dll
0x00007fffdc230000 - 0x00007fffdc256000 	C:\WINDOWS\SYSTEM32\bcrypt.dll
0x00007fffc3150000 - 0x00007fffc3211000 	C:\WINDOWS\System32\DriverStore\FileRepository\nvam.inf_amd64_900a074fe80431cd\nvldumdx.dll
0x00007fffdc0d0000 - 0x00007fffdc12d000 	C:\WINDOWS\SYSTEM32\wldp.dll
0x00007fffd4510000 - 0x00007fffd4687000 	C:\WINDOWS\SYSTEM32\drvstore.dll
0x00007fffdc560000 - 0x00007fffdc58d000 	C:\WINDOWS\SYSTEM32\devobj.dll
0x00007fffdc590000 - 0x00007fffdc5ef000 	C:\WINDOWS\SYSTEM32\CFGMGR32.dll
0x00007fff8e7f0000 - 0x00007fff9061f000 	C:\WINDOWS\System32\DriverStore\FileRepository\nvam.inf_amd64_900a074fe80431cd\nvgpucomp64.dll
0x00007fff02a70000 - 0x00007fff04ab3000 	C:\WINDOWS\System32\DriverStore\FileRepository\nvam.inf_amd64_900a074fe80431cd\nvd3dumx.dll
0x00007fffd1610000 - 0x00007fffd17c8000 	C:\WINDOWS\System32\DriverStore\FileRepository\u0382793.inf_amd64_1c9c9d36a5813460\B384051\aticfx64.dll
0x00007fffafae0000 - 0x00007fffafb14000 	C:\WINDOWS\System32\DriverStore\FileRepository\u0382793.inf_amd64_1c9c9d36a5813460\B384051\atiu9p64.dll
0x00007fff437c0000 - 0x00007fff44514000 	C:\WINDOWS\System32\DriverStore\FileRepository\u0382793.inf_amd64_1c9c9d36a5813460\B384051\atiumd64.dll
0x000000005b390000 - 0x000000005c204000 	C:\WINDOWS\System32\DriverStore\FileRepository\u0382793.inf_amd64_1c9c9d36a5813460\B384051\atiumd6a.dll
0x00007fffde740000 - 0x00007fffdebc5000 	C:\WINDOWS\System32\SETUPAPI.dll
0x00007fffd8b50000 - 0x00007fffd8b80000 	C:\WINDOWS\SYSTEM32\amdihk64.dll
0x00007fffba1e0000 - 0x00007fffba20e000 	C:\Program Files\Java\jdk-21\bin\javajpeg.dll
0x00007fff8b830000 - 0x00007fff8b8b7000 	C:\Program Files\Java\jdk-21\bin\freetype.dll
0x00007fff7b630000 - 0x00007fff7b703000 	C:\Program Files\Java\jdk-21\bin\fontmanager.dll
0x00007fffdf340000 - 0x00007fffdf3e8000 	C:\WINDOWS\System32\clbcatq.dll
0x00007fffd9650000 - 0x00007fffd987a000 	C:\WINDOWS\SYSTEM32\WindowsCodecs.dll
0x00007fffcc3d0000 - 0x00007fffcc42a000 	C:\WINDOWS\system32\dataexchange.dll
0x00007fffcd8d0000 - 0x00007fffcdb07000 	C:\WINDOWS\system32\twinapi.appcore.dll
0x00007fffbfb70000 - 0x00007fffbfcb5000 	C:\WINDOWS\SYSTEM32\textinputframework.dll
0x00007fffd0a50000 - 0x00007fffd0a57000 	C:\Program Files\Java\jdk-21\bin\extnet.dll
0x00007fffd7df0000 - 0x00007fffd7f15000 	C:\WINDOWS\SYSTEM32\CoreMessaging.dll
0x00007fffd17d0000 - 0x00007fffd1ab3000 	C:\WINDOWS\SYSTEM32\CoreUIComponents.dll
0x00007fffd7110000 - 0x00007fffd7278000 	C:\WINDOWS\SYSTEM32\wintypes.dll
0x00007fffc4b00000 - 0x00007fffc4b18000 	C:\WINDOWS\system32\napinsp.dll
0x00007fffdb2c0000 - 0x00007fffdb3e5000 	C:\WINDOWS\SYSTEM32\DNSAPI.dll
0x00007fffdb280000 - 0x00007fffdb2b1000 	C:\WINDOWS\SYSTEM32\IPHLPAPI.DLL
0x00007fffdebd0000 - 0x00007fffdebda000 	C:\WINDOWS\System32\NSI.dll
0x00007fffc4aa0000 - 0x00007fffc4ab2000 	C:\WINDOWS\System32\winrnr.dll
0x00007fffc3f60000 - 0x00007fffc3f82000 	C:\WINDOWS\system32\nlansp_c.dll
0x00007fffc3220000 - 0x00007fffc3236000 	C:\WINDOWS\system32\wshbth.dll
0x00007fffd8d20000 - 0x00007fffd8d2b000 	C:\Windows\System32\rasadhlp.dll
0x00007fffd9160000 - 0x00007fffd91e6000 	C:\WINDOWS\System32\fwpuclnt.dll
0x00007fffd12d0000 - 0x00007fffd12e0000 	C:\Program Files\Java\jdk-21\bin\verify.dll
0x00007fffdbdf0000 - 0x00007fffdbe1b000 	C:\WINDOWS\SYSTEM32\USERENV.dll
0x0000016d708e0000 - 0x0000016d708e4000 	C:\Users\tranh\.javacpp\cache\javacpp-1.5.9-windows-x86_64.jar\org\bytedeco\javacpp\windows-x86_64\api-ms-win-crt-locale-l1-1-0.dll
0x0000016d708f0000 - 0x0000016d708f5000 	C:\Users\tranh\.javacpp\cache\javacpp-1.5.9-windows-x86_64.jar\org\bytedeco\javacpp\windows-x86_64\api-ms-win-crt-string-l1-1-0.dll
0x0000016d70900000 - 0x0000016d70905000 	C:\Users\tranh\.javacpp\cache\javacpp-1.5.9-windows-x86_64.jar\org\bytedeco\javacpp\windows-x86_64\api-ms-win-crt-stdio-l1-1-0.dll
0x0000016d70910000 - 0x0000016d70916000 	C:\Users\tranh\.javacpp\cache\javacpp-1.5.9-windows-x86_64.jar\org\bytedeco\javacpp\windows-x86_64\api-ms-win-crt-math-l1-1-0.dll
0x0000016d70920000 - 0x0000016d70924000 	C:\Users\tranh\.javacpp\cache\javacpp-1.5.9-windows-x86_64.jar\org\bytedeco\javacpp\windows-x86_64\api-ms-win-crt-heap-l1-1-0.dll
0x0000016d70930000 - 0x0000016d70935000 	C:\Users\tranh\.javacpp\cache\javacpp-1.5.9-windows-x86_64.jar\org\bytedeco\javacpp\windows-x86_64\api-ms-win-crt-runtime-l1-1-0.dll
0x0000016d70940000 - 0x0000016d70945000 	C:\Users\tranh\.javacpp\cache\javacpp-1.5.9-windows-x86_64.jar\org\bytedeco\javacpp\windows-x86_64\api-ms-win-crt-convert-l1-1-0.dll
0x0000016d70950000 - 0x0000016d70954000 	C:\Users\tranh\.javacpp\cache\javacpp-1.5.9-windows-x86_64.jar\org\bytedeco\javacpp\windows-x86_64\api-ms-win-crt-environment-l1-1-0.dll
0x0000016d70960000 - 0x0000016d70964000 	C:\Users\tranh\.javacpp\cache\javacpp-1.5.9-windows-x86_64.jar\org\bytedeco\javacpp\windows-x86_64\api-ms-win-crt-time-l1-1-0.dll
0x0000016d70970000 - 0x0000016d70974000 	C:\Users\tranh\.javacpp\cache\javacpp-1.5.9-windows-x86_64.jar\org\bytedeco\javacpp\windows-x86_64\api-ms-win-crt-filesystem-l1-1-0.dll
0x0000016d70980000 - 0x0000016d70984000 	C:\Users\tranh\.javacpp\cache\javacpp-1.5.9-windows-x86_64.jar\org\bytedeco\javacpp\windows-x86_64\api-ms-win-crt-utility-l1-1-0.dll
0x0000016d70990000 - 0x0000016d70996000 	C:\Users\tranh\.javacpp\cache\javacpp-1.5.9-windows-x86_64.jar\org\bytedeco\javacpp\windows-x86_64\api-ms-win-crt-multibyte-l1-1-0.dll
0x0000016d709a0000 - 0x0000016d709a4000 	C:\Users\tranh\.javacpp\cache\javacpp-1.5.9-windows-x86_64.jar\org\bytedeco\javacpp\windows-x86_64\api-ms-win-crt-conio-l1-1-0.dll
0x0000016d709b0000 - 0x0000016d709c1000 	C:\Users\tranh\.javacpp\cache\javacpp-1.5.9-windows-x86_64.jar\org\bytedeco\javacpp\windows-x86_64\api-ms-win-crt-private-l1-1-0.dll
0x0000016d709d0000 - 0x0000016d709d4000 	C:\Users\tranh\.javacpp\cache\javacpp-1.5.9-windows-x86_64.jar\org\bytedeco\javacpp\windows-x86_64\api-ms-win-crt-process-l1-1-0.dll
0x0000016d709e0000 - 0x0000016d709e4000 	C:\Users\tranh\.javacpp\cache\javacpp-1.5.9-windows-x86_64.jar\org\bytedeco\javacpp\windows-x86_64\api-ms-win-core-console-l1-2-0.dll
0x0000016d709f0000 - 0x0000016d709f4000 	C:\Users\tranh\.javacpp\cache\javacpp-1.5.9-windows-x86_64.jar\org\bytedeco\javacpp\windows-x86_64\api-ms-win-core-string-l1-1-0.dll
0x0000016d70a00000 - 0x0000016d70a04000 	C:\Users\tranh\.javacpp\cache\javacpp-1.5.9-windows-x86_64.jar\org\bytedeco\javacpp\windows-x86_64\api-ms-win-core-errorhandling-l1-1-0.dll
0x0000016d70a10000 - 0x0000016d70a14000 	C:\Users\tranh\.javacpp\cache\javacpp-1.5.9-windows-x86_64.jar\org\bytedeco\javacpp\windows-x86_64\api-ms-win-core-timezone-l1-1-0.dll
0x0000016d70a20000 - 0x0000016d70a25000 	C:\Users\tranh\.javacpp\cache\javacpp-1.5.9-windows-x86_64.jar\org\bytedeco\javacpp\windows-x86_64\api-ms-win-core-file-l1-1-0.dll
0x0000016d70a30000 - 0x0000016d70a34000 	C:\Users\tranh\.javacpp\cache\javacpp-1.5.9-windows-x86_64.jar\org\bytedeco\javacpp\windows-x86_64\api-ms-win-core-namedpipe-l1-1-0.dll
0x0000016d70a40000 - 0x0000016d70a44000 	C:\Users\tranh\.javacpp\cache\javacpp-1.5.9-windows-x86_64.jar\org\bytedeco\javacpp\windows-x86_64\api-ms-win-core-handle-l1-1-0.dll
0x0000016d70a50000 - 0x0000016d70a54000 	C:\Users\tranh\.javacpp\cache\javacpp-1.5.9-windows-x86_64.jar\org\bytedeco\javacpp\windows-x86_64\api-ms-win-core-file-l2-1-0.dll
0x0000016d70a60000 - 0x0000016d70a64000 	C:\Users\tranh\.javacpp\cache\javacpp-1.5.9-windows-x86_64.jar\org\bytedeco\javacpp\windows-x86_64\api-ms-win-core-heap-l1-1-0.dll
0x0000016d70a70000 - 0x0000016d70a74000 	C:\Users\tranh\.javacpp\cache\javacpp-1.5.9-windows-x86_64.jar\org\bytedeco\javacpp\windows-x86_64\api-ms-win-core-libraryloader-l1-1-0.dll
0x0000016d70a80000 - 0x0000016d70a84000 	C:\Users\tranh\.javacpp\cache\javacpp-1.5.9-windows-x86_64.jar\org\bytedeco\javacpp\windows-x86_64\api-ms-win-core-synch-l1-1-0.dll
0x0000016d70a90000 - 0x0000016d70a94000 	C:\Users\tranh\.javacpp\cache\javacpp-1.5.9-windows-x86_64.jar\org\bytedeco\javacpp\windows-x86_64\api-ms-win-core-processthreads-l1-1-0.dll

dbghelp: loaded successfully - version: 4.0.5 - missing functions: none
symbol engine: initialized successfully - sym options: 0x614 - pdb path: .;C:\Program Files\Java\jdk-21\bin;C:\WINDOWS\SYSTEM32;C:\WINDOWS\WinSxS\amd64_microsoft.windows.common-controls_6595b64144ccf1df_6.0.26100.2161_none_3e0cadb0e33078e1;C:\Program Files\Java\jdk-21\bin\server;C:\WINDOWS\System32\DriverStore\FileRepository\nvam.inf_amd64_900a074fe80431cd;C:\WINDOWS\System32\DriverStore\FileRepository\u0382793.inf_amd64_1c9c9d36a5813460\B384051;C:\Users\tranh\.javacpp\cache\javacpp-1.5.9-windows-x86_64.jar\org\bytedeco\javacpp\windows-x86_64;C:\Users\tranh\.javacpp\cache\openblas-0.3.23-1.5.9-windows-x86_64.jar\org\bytedeco\openblas\windows-x86_64;C:\Users\tranh\.javacpp\cache\opencv-4.7.0-1.5.9-windows-x86_64.jar\org\bytedeco\opencv\windows-x86_64

VM Arguments:
jvm_args: -XX:+ShowCodeDetailsInExceptionMessages 
java_command: org.example.client.LivestreamClient
java_class_path (initial): F:\Workspace\Streaming\target\classes;C:\Users\tranh\.m2\repository\io\socket\socket.io-client\2.1.1\socket.io-client-2.1.1.jar;C:\Users\tranh\.m2\repository\io\socket\engine.io-client\2.1.0\engine.io-client-2.1.0.jar;C:\Users\tranh\.m2\repository\com\squareup\okhttp3\okhttp\3.12.12\okhttp-3.12.12.jar;C:\Users\tranh\.m2\repository\com\squareup\okio\okio\1.15.0\okio-1.15.0.jar;C:\Users\tranh\.m2\repository\org\json\json\20090211\json-20090211.jar;C:\Users\tranh\.m2\repository\io\socket\socket.io-server\1.0.0\socket.io-server-1.0.0.jar;C:\Users\tranh\.m2\repository\com\google\code\findbugs\jsr305\3.0.2\jsr305-3.0.2.jar;C:\Users\tranh\.m2\repository\io\socket\engine.io-server\6.2.1\engine.io-server-6.2.1.jar;C:\Users\tranh\.m2\repository\org\bytedeco\javacv-platform\1.5.9\javacv-platform-1.5.9.jar;C:\Users\tranh\.m2\repository\org\bytedeco\javacv\1.5.9\javacv-1.5.9.jar;C:\Users\tranh\.m2\repository\org\bytedeco\openblas\0.3.23-1.5.9\openblas-0.3.23-1.5.9.jar;C:\Users\tranh\.m2\repository\org\bytedeco\opencv\4.7.0-1.5.9\opencv-4.7.0-1.5.9.jar;C:\Users\tranh\.m2\repository\org\bytedeco\flycapture\2.13.3.31-1.5.9\flycapture-2.13.3.31-1.5.9.jar;C:\Users\tranh\.m2\repository\org\bytedeco\libdc1394\2.2.6-1.5.9\libdc1394-2.2.6-1.5.9.jar;C:\Users\tranh\.m2\repository\org\bytedeco\libfreenect\0.5.7-1.5.9\libfreenect-0.5.7-1.5.9.jar;C:\Users\tranh\.m2\repository\org\bytedeco\libfreenect2\0.2.0-1.5.9\libfreenect2-0.2.0-1.5.9.jar;C:\Users\tranh\.m2\repository\org\bytedeco\librealsense\1.12.4-1.5.9\librealsense-1.12.4-1.5.9.jar;C:\Users\tranh\.m2\repository\org\bytedeco\librealsense2\2.53.1-1.5.9\librealsense2-2.53.1-1.5.9.jar;C:\Users\tranh\.m2\repository\org\bytedeco\artoolkitplus\2.3.1-1.5.9\artoolkitplus-2.3.1-1.5.9.jar;C:\Users\tranh\.m2\repository\org\bytedeco\leptonica\1.83.0-1.5.9\leptonica-1.83.0-1.5.9.jar;C:\Users\tranh\.m2\repository\org\bytedeco\tesseract\5.3.1-1.5.9\tesseract-5.3.1-1.5.9.jar;C:\Users\tranh\.m2\repository\org\openjfx\javafx-graphics\17\javafx-graphics-17.jar;C:\Users\tranh\.m2\repository\org\openjfx\javafx-graphics\17\javafx-graphics-17-win.jar;C:\Users\tranh\.m2\repository\org\openjfx\javafx-base\17\javafx-base-17.jar;C:\Users\tranh\.m2\repository\org\openjfx\javafx-base\17\javafx-base-17-win.jar;C:\Users\tranh\.m2\repository\org\bytedeco\openblas-platform\0.3.23-1.5.9\openblas-platform-0.3.23-1.5.9.jar;C:\Users\tranh\.m2\repository\org\bytedeco\openblas\0.3.23-1.5.9\openblas-0.3.23-1.5.9-android-arm.jar;C:\Users\tranh\.m2\repository\org\bytedeco\openblas\0.3.23-1.5.9\openblas-0.3.23-1.5.9-android-arm64.jar;C:\Users\tranh\.m2\repository\org\bytedeco\openblas\0.3.23-1.5.9\openblas-0.3.23-1.5.9-android-x86.jar;C:\Users\tranh\.m2\repository\org\bytedeco\openblas\0.3.23-1.5.9\openblas-0.3.23-1.5.9-android-x86_64.jar;C:\Users\tranh\.m2\repository\org\bytedeco\openblas\0.3.23-1.5.9\openblas-0.3.23-1.5.9-ios-arm64.jar;C:\Users\tranh\.m2\repository\org\bytedeco\openblas\0.3.23-1.5.9\openblas-0.3.23-1.5.9-ios-x86_64.jar;C:\Users\tranh\.m2\repository\org\bytedeco\openblas\0.3.23-1.5.9\openblas-0.3.23-1.5.9-linux-x86.jar;C:\Users\tranh\.m2\repository\org\bytedeco\openblas\0.3.23-1.5.9\openblas-0.3.23-1.5.9-linux-x86_64.jar;C:\Users\tranh\.m2\repository\org\bytedeco\openblas\0.3.23-1.5.9\openblas-0.3.23-1.5.9-linux-armhf.jar;C:\Users\tranh\.m2\repository\org\bytedeco\openblas\0.3.23-1.5.9\openblas-0.3.23-1.5.9-linux-arm64.jar;C:\Users\tranh\.m2\repository\org\bytedeco\openblas\0.3.23-1.5.9\openblas-0.3.23-1.5.9-linux-ppc64le.jar;C:\Users\tranh\.m2\repository\org\bytedeco\openblas\0.3.23-1.5.9\openblas-0.3.23-1.5.9-macosx-arm64.jar;C:\Users\tranh\.m2\repository\org\bytedeco\openblas\0.3.23-1.5.9\openblas-0.3.23-1.5.9-macosx-x86_64.jar;C:\Users\tranh\.m2\repository\org\bytedeco\openblas\0.3.23-1.5.9\openblas-0.3.23-1.5.9-windows-x86.jar;C:\Users\tranh\.m2\repository\org\bytedeco\openblas\0.3.23-1.5.9\openblas-0.3.23-1.5.9-windows-x86_64.jar;C:\Users\tranh\.m2\repository\org\bytedeco\opencv-platform\4.7.0-1.5.9\opencv-platform-4.7.0-1.5.9.jar;C:\Users\tranh\.m2\repository\org\bytedeco\opencv\4.7.0-1.5.9\opencv-4.7.0-1.5.9-android-arm.jar;C:\Users\tranh\.m2\repository\org\bytedeco\opencv\4.7.0-1.5.9\opencv-4.7.0-1.5.9-android-arm64.jar;C:\Users\tranh\.m2\repository\org\bytedeco\opencv\4.7.0-1.5.9\opencv-4.7.0-1.5.9-android-x86.jar;C:\Users\tranh\.m2\repository\org\bytedeco\opencv\4.7.0-1.5.9\opencv-4.7.0-1.5.9-android-x86_64.jar;C:\Users\tranh\.m2\repository\org\bytedeco\opencv\4.7.0-1.5.9\opencv-4.7.0-1.5.9-ios-arm64.jar;C:\Users\tranh\.m2\repository\org\bytedeco\opencv\4.7.0-1.5.9\opencv-4.7.0-1.5.9-ios-x86_64.jar;C:\Users\tranh\.m2\repository\org\bytedeco\opencv\4.7.0-1.5.9\opencv-4.7.0-1.5.9-linux-x86.jar;C:\Users\tranh\.m2\repository\org\bytedeco\opencv\4.7.0-1.5.9\opencv-4.7.0-1.5.9-linux-x86_64.jar;C:\Users\tranh\.m2\repository\org\bytedeco\opencv\4.7.0-1.5.9\opencv-4.7.0-1.5.9-linux-armhf.jar;C:\Users\tranh\.m2\repository\org\bytedeco\opencv\4.7.0-1.5.9\opencv-4.7.0-1.5.9-linux-arm64.jar;C:\Users\tranh\.m2\repository\org\bytedeco\opencv\4.7.0-1.5.9\opencv-4.7.0-1.5.9-linux-ppc64le.jar;C:\Users\tranh\.m2\repository\org\bytedeco\opencv\4.7.0-1.5.9\opencv-4.7.0-1.5.9-macosx-arm64.jar;C:\Users\tranh\.m2\repository\org\bytedeco\opencv\4.7.0-1.5.9\opencv-4.7.0-1.5.9-macosx-x86_64.jar;C:\Users\tranh\.m2\repository\org\bytedeco\opencv\4.7.0-1.5.9\opencv-4.7.0-1.5.9-windows-x86.jar;C:\Users\tranh\.m2\repository\org\bytedeco\opencv\4.7.0-1.5.9\opencv-4.7.0-1.5.9-windows-x86_64.jar;C:\Users\tranh\.m2\repository\org\bytedeco\flycapture-platform\2.13.3.31-1.5.9\flycapture-platform-2.13.3.31-1.5.9.jar;C:\Users\tranh\.m2\repository\org\bytedeco\flycapture\2.13.3.31-1.5.9\flycapture-2.13.3.31-1.5.9-linux-x86.jar;C:\Users\tranh\.m2\repository\org\bytedeco\flycapture\2.13.3.31-1.5.9\flycapture-2.13.3.31-1.5.9-linux-x86_64.jar;C:\Users\tranh\.m2\repository\org\bytedeco\flycapture\2.13.3.31-1.5.9\flycapture-2.13.3.31-1.5.9-linux-armhf.jar;C:\Users\tranh\.m2\repository\org\bytedeco\flycapture\2.13.3.31-1.5.9\flycapture-2.13.3.31-1.5.9-linux-arm64.jar;C:\Users\tranh\.m2\repository\org\bytedeco\flycapture\2.13.3.31-1.5.9\flycapture-2.13.3.31-1.5.9-windows-x86.jar;C:\Users\tranh\.m2\repository\org\bytedeco\flycapture\2.13.3.31-1.5.9\flycapture-2.13.3.31-1.5.9-windows-x86_64.jar;C:\Users\tranh\.m2\repository\org\bytedeco\libdc1394-platform\2.2.6-1.5.9\libdc1394-platform-2.2.6-1.5.9.jar;C:\Users\tranh\.m2\repository\org\bytedeco\libdc1394\2.2.6-1.5.9\libdc1394-2.2.6-1.5.9-linux-x86.jar;C:\Users\tranh\.m2\repository\org\bytedeco\libdc1394\2.2.6-1.5.9\libdc1394-2.2.6-1.5.9-linux-x86_64.jar;C:\Users\tranh\.m2\repository\org\bytedeco\libdc1394\2.2.6-1.5.9\libdc1394-2.2.6-1.5.9-linux-armhf.jar;C:\Users\tranh\.m2\repository\org\bytedeco\libdc1394\2.2.6-1.5.9\libdc1394-2.2.6-1.5.9-linux-arm64.jar;C:\Users\tranh\.m2\repository\org\bytedeco\libdc1394\2.2.6-1.5.9\libdc1394-2.2.6-1.5.9-linux-ppc64le.jar;C:\Users\tranh\.m2\repository\org\bytedeco\libdc1394\2.2.6-1.5.9\libdc1394-2.2.6-1.5.9-macosx-x86_64.jar;C:\Users\tranh\.m2\repository\org\bytedeco\libdc1394\2.2.6-1.5.9\libdc1394-2.2.6-1.5.9-windows-x86.jar;C:\Users\tranh\.m2\repository\org\bytedeco\libdc1394\2.2.6-1.5.9\libdc1394-2.2.6-1.5.9-windows-x86_64.jar;C:\Users\tranh\.m2\repository\org\bytedeco\libfreenect-platform\0.5.7-1.5.9\libfreenect-platform-0.5.7-1.5.9.jar;C:\Users\tranh\.m2\repository\org\bytedeco\libfreenect\0.5.7-1.5.9\libfreenect-0.5.7-1.5.9-linux-x86.jar;C:\Users\tranh\.m2\repository\org\bytedeco\libfreenect\0.5.7-1.5.9\libfreenect-0.5.7-1.5.9-linux-x86_64.jar;C:\Users\tranh\.m2\repository\org\bytedeco\libfreenect\0.5.7-1.5.9\libfreenect-0.5.7-1.5.9-linux-armhf.jar;C:\Users\tranh\.m2\repository\org\bytedeco\libfreenect\0.5.7-1.5.9\libfreenect-0.5.7-1.5.9-linux-arm64.jar;C:\Users\tranh\.m2\repository\org\bytedeco\libfreenect\0.5.7-1.5.9\libfreenect-0.5.7-1.5.9-linux-ppc64le.jar;C:\Users\tranh\.m2\repository\org\bytedeco\libfreenect\0.5.7-1.5.9\libfreenect-0.5.7-1.5.9-macosx-x86_64.jar;C:\Users\tranh\.m2\repository\org\bytedeco\libfreenect\0.5.7-1.5.9\libfreenect-0.5.7-1.5.9-windows-x86.jar;C:\Users\tranh\.m2\repository\org\bytedeco\libfreenect\0.5.7-1.5.9\libfreenect-0.5.7-1.5.9-windows-x86_64.jar;C:\Users\tranh\.m2\repository\org\bytedeco\libfreenect2-platform\0.2.0-1.5.9\libfreenect2-platform-0.2.0-1.5.9.jar;C:\Users\tranh\.m2\repository\org\bytedeco\libfreenect2\0.2.0-1.5.9\libfreenect2-0.2.0-1.5.9-linux-x86.jar;C:\Users\tranh\.m2\repository\org\bytedeco\libfreenect2\0.2.0-1.5.9\libfreenect2-0.2.0-1.5.9-linux-x86_64.jar;C:\Users\tranh\.m2\repository\org\bytedeco\libfreenect2\0.2.0-1.5.9\libfreenect2-0.2.0-1.5.9-macosx-x86_64.jar;C:\Users\tranh\.m2\repository\org\bytedeco\libfreenect2\0.2.0-1.5.9\libfreenect2-0.2.0-1.5.9-windows-x86_64.jar;C:\Users\tranh\.m2\repository\org\bytedeco\librealsense-platform\1.12.4-1.5.9\librealsense-platform-1.12.4-1.5.9.jar;C:\Users\tranh\.m2\repository\org\bytedeco\librealsense\1.12.4-1.5.9\librealsense-1.12.4-1.5.9-linux-armhf.jar;C:\Users\tranh\.m2\repository\org\bytedeco\librealsense\1.12.4-1.5.9\librealsense-1.12.4-1.5.9-linux-arm64.jar;C:\Users\tranh\.m2\repository\org\bytedeco\librealsense\1.12.4-1.5.9\librealsense-1.12.4-1.5.9-linux-x86.jar;C:\Users\tranh\.m2\repository\org\bytedeco\librealsense\1.12.4-1.5.9\librealsense-1.12.4-1.5.9-linux-x86_64.jar;C:\Users\tranh\.m2\repository\org\bytedeco\librealsense\1.12.4-1.5.9\librealsense-1.12.4-1.5.9-macosx-x86_64.jar;C:\Users\tranh\.m2\repository\org\bytedeco\librealsense\1.12.4-1.5.9\librealsense-1.12.4-1.5.9-windows-x86.jar;C:\Users\tranh\.m2\repository\org\bytedeco\librealsense\1.12.4-1.5.9\librealsense-1.12.4-1.5.9-windows-x86_64.jar;C:\Users\tranh\.m2\repository\org\bytedeco\librealsense2-platform\2.53.1-1.5.9\librealsense2-platform-2.53.1-1.5.9.jar;C:\Users\tranh\.m2\repository\org\bytedeco\librealsense2\2.53.1-1.5.9\librealsense2-2.53.1-1.5.9-linux-armhf.jar;C:\Users\tranh\.m2\repository\org\bytedeco\librealsense2\2.53.1-1.5.9\librealsense2-2.53.1-1.5.9-linux-arm64.jar;C:\Users\tranh\.m2\repository\org\bytedeco\librealsense2\2.53.1-1.5.9\librealsense2-2.53.1-1.5.9-linux-x86.jar;C:\Users\tranh\.m2\repository\org\bytedeco\librealsense2\2.53.1-1.5.9\librealsense2-2.53.1-1.5.9-linux-x86_64.jar;C:\Users\tranh\.m2\repository\org\bytedeco\librealsense2\2.53.1-1.5.9\librealsense2-2.53.1-1.5.9-macosx-x86_64.jar;C:\Users\tranh\.m2\repository\org\bytedeco\librealsense2\2.53.1-1.5.9\librealsense2-2.53.1-1.5.9-windows-x86.jar;C:\Users\tranh\.m2\repository\org\bytedeco\librealsense2\2.53.1-1.5.9\librealsense2-2.53.1-1.5.9-windows-x86_64.jar;C:\Users\tranh\.m2\repository\org\bytedeco\videoinput-platform\0.200-1.5.9\videoinput-platform-0.200-1.5.9.jar;C:\Users\tranh\.m2\repository\org\bytedeco\videoinput\0.200-1.5.9\videoinput-0.200-1.5.9-windows-x86.jar;C:\Users\tranh\.m2\repository\org\bytedeco\videoinput\0.200-1.5.9\videoinput-0.200-1.5.9-windows-x86_64.jar;C:\Users\tranh\.m2\repository\org\bytedeco\artoolkitplus-platform\2.3.1-1.5.9\artoolkitplus-platform-2.3.1-1.5.9.jar;C:\Users\tranh\.m2\repository\org\bytedeco\artoolkitplus\2.3.1-1.5.9\artoolkitplus-2.3.1-1.5.9-android-arm.jar;C:\Users\tranh\.m2\repository\org\bytedeco\artoolkitplus\2.3.1-1.5.9\artoolkitplus-2.3.1-1.5.9-android-arm64.jar;C:\Users\tranh\.m2\repository\org\bytedeco\artoolkitplus\2.3.1-1.5.9\artoolkitplus-2.3.1-1.5.9-android-x86.jar;C:\Users\tranh\.m2\repository\org\bytedeco\artoolkitplus\2.3.1-1.5.9\artoolkitplus-2.3.1-1.5.9-android-x86_64.jar;C:\Users\tranh\.m2\repository\org\bytedeco\artoolkitplus\2.3.1-1.5.9\artoolkitplus-2.3.1-1.5.9-linux-x86.jar;C:\Users\tranh\.m2\repository\org\bytedeco\artoolkitplus\2.3.1-1.5.9\artoolkitplus-2.3.1-1.5.9-linux-x86_64.jar;C:\Users\tranh\.m2\repository\org\bytedeco\artoolkitplus\2.3.1-1.5.9\artoolkitplus-2.3.1-1.5.9-linux-armhf.jar;C:\Users\tranh\.m2\repository\org\bytedeco\artoolkitplus\2.3.1-1.5.9\artoolkitplus-2.3.1-1.5.9-linux-arm64.jar;C:\Users\tranh\.m2\repository\org\bytedeco\artoolkitplus\2.3.1-1.5.9\artoolkitplus-2.3.1-1.5.9-linux-ppc64le.jar;C:\Users\tranh\.m2\repository\org\bytedeco\artoolkitplus\2.3.1-1.5.9\artoolkitplus-2.3.1-1.5.9-macosx-x86_64.jar;C:\Users\tranh\.m2\repository\org\bytedeco\artoolkitplus\2.3.1-1.5.9\artoolkitplus-2.3.1-1.5.9-windows-x86.jar;C:\Users\tranh\.m2\repository\org\bytedeco\artoolkitplus\2.3.1-1.5.9\artoolkitplus-2.3.1-1.5.9-windows-x86_64.jar;C:\Users\tranh\.m2\repository\org\bytedeco\leptonica-platform\1.83.0-1.5.9\leptonica-platform-1.83.0-1.5.9.jar;C:\Users\tranh\.m2\repository\org\bytedeco\leptonica\1.83.0-1.5.9\leptonica-1.83.0-1.5.9-android-arm.jar;C:\Users\tranh\.m2\repository\org\bytedeco\leptonica\1.83.0-1.5.9\leptonica-1.83.0-1.5.9-android-arm64.jar;C:\Users\tranh\.m2\repository\org\bytedeco\leptonica\1.83.0-1.5.9\leptonica-1.83.0-1.5.9-android-x86.jar;C:\Users\tranh\.m2\repository\org\bytedeco\leptonica\1.83.0-1.5.9\leptonica-1.83.0-1.5.9-android-x86_64.jar;C:\Users\tranh\.m2\repository\org\bytedeco\leptonica\1.83.0-1.5.9\leptonica-1.83.0-1.5.9-linux-x86.jar;C:\Users\tranh\.m2\repository\org\bytedeco\leptonica\1.83.0-1.5.9\leptonica-1.83.0-1.5.9-linux-x86_64.jar;C:\Users\tranh\.m2\repository\org\bytedeco\leptonica\1.83.0-1.5.9\leptonica-1.83.0-1.5.9-linux-armhf.jar;C:\Users\tranh\.m2\repository\org\bytedeco\leptonica\1.83.0-1.5.9\leptonica-1.83.0-1.5.9-linux-arm64.jar;C:\Users\tranh\.m2\repository\org\bytedeco\leptonica\1.83.0-1.5.9\leptonica-1.83.0-1.5.9-linux-ppc64le.jar;C:\Users\tranh\.m2\repository\org\bytedeco\leptonica\1.83.0-1.5.9\leptonica-1.83.0-1.5.9-macosx-arm64.jar;C:\Users\tranh\.m2\repository\org\bytedeco\leptonica\1.83.0-1.5.9\leptonica-1.83.0-1.5.9-macosx-x86_64.jar;C:\Users\tranh\.m2\repository\org\bytedeco\leptonica\1.83.0-1.5.9\leptonica-1.83.0-1.5.9-windows-x86.jar;C:\Users\tranh\.m2\repository\org\bytedeco\leptonica\1.83.0-1.5.9\leptonica-1.83.0-1.5.9-windows-x86_64.jar;C:\Users\tranh\.m2\repository\org\bytedeco\tesseract-platform\5.3.1-1.5.9\tesseract-platform-5.3.1-1.5.9.jar;C:\Users\tranh\.m2\repository\org\bytedeco\tesseract\5.3.1-1.5.9\tesseract-5.3.1-1.5.9-android-arm.jar;C:\Users\tranh\.m2\repository\org\bytedeco\tesseract\5.3.1-1.5.9\tesseract-5.3.1-1.5.9-android-arm64.jar;C:\Users\tranh\.m2\repository\org\bytedeco\tesseract\5.3.1-1.5.9\tesseract-5.3.1-1.5.9-android-x86.jar;C:\Users\tranh\.m2\repository\org\bytedeco\tesseract\5.3.1-1.5.9\tesseract-5.3.1-1.5.9-android-x86_64.jar;C:\Users\tranh\.m2\repository\org\bytedeco\tesseract\5.3.1-1.5.9\tesseract-5.3.1-1.5.9-linux-x86.jar;C:\Users\tranh\.m2\repository\org\bytedeco\tesseract\5.3.1-1.5.9\tesseract-5.3.1-1.5.9-linux-x86_64.jar;C:\Users\tranh\.m2\repository\org\bytedeco\tesseract\5.3.1-1.5.9\tesseract-5.3.1-1.5.9-linux-armhf.jar;C:\Users\tranh\.m2\repository\org\bytedeco\tesseract\5.3.1-1.5.9\tesseract-5.3.1-1.5.9-linux-arm64.jar;C:\Users\tranh\.m2\repository\org\bytedeco\tesseract\5.3.1-1.5.9\tesseract-5.3.1-1.5.9-linux-ppc64le.jar;C:\Users\tranh\.m2\repository\org\bytedeco\tesseract\5.3.1-1.5.9\tesseract-5.3.1-1.5.9-macosx-arm64.jar;C:\Users\tranh\.m2\repository\org\bytedeco\tesseract\5.3.1-1.5.9\tesseract-5.3.1-1.5.9-macosx-x86_64.jar;C:\Users\tranh\.m2\repository\org\bytedeco\tesseract\5.3.1-1.5.9\tesseract-5.3.1-1.5.9-windows-x86.jar;C:\Users\tranh\.m2\repository\org\bytedeco\tesseract\5.3.1-1.5.9\tesseract-5.3.1-1.5.9-windows-x86_64.jar;C:\Users\tranh\.m2\repository\org\bytedeco\ffmpeg-platform\6.0-1.5.9\ffmpeg-platform-6.0-1.5.9.jar;C:\Users\tranh\.m2\repository\org\bytedeco\javacpp-platform\1.5.9\javacpp-platform-1.5.9.jar;C:\Users\tranh\.m2\repository\org\bytedeco\javacpp\1.5.9\javacpp-1.5.9-android-arm.jar;C:\Users\tranh\.m2\repository\org\bytedeco\javacpp\1.5.9\javacpp-1.5.9-android-arm64.jar;C:\Users\tranh\.m2\repository\org\bytedeco\javacpp\1.5.9\javacpp-1.5.9-android-x86.jar;C:\Users\tranh\.m2\repository\org\bytedeco\javacpp\1.5.9\javacpp-1.5.9-android-x86_64.jar;C:\Users\tranh\.m2\repository\org\bytedeco\javacpp\1.5.9\javacpp-1.5.9-ios-arm64.jar;C:\Users\tranh\.m2\repository\org\bytedeco\javacpp\1.5.9\javacpp-1.5.9-ios-x86_64.jar;C:\Users\tranh\.m2\repository\org\bytedeco\javacpp\1.5.9\javacpp-1.5.9-linux-armhf.jar;C:\Users\tranh\.m2\repository\org\bytedeco\javacpp\1.5.9\javacpp-1.5.9-linux-arm64.jar;C:\Users\tranh\.m2\repository\org\bytedeco\javacpp\1.5.9\javacpp-1.5.9-linux-ppc64le.jar;C:\Users\tranh\.m2\repository\org\bytedeco\javacpp\1.5.9\javacpp-1.5.9-linux-x86.jar;C:\Users\tranh\.m2\repository\org\bytedeco\javacpp\1.5.9\javacpp-1.5.9-linux-x86_64.jar;C:\Users\tranh\.m2\repository\org\bytedeco\javacpp\1.5.9\javacpp-1.5.9-macosx-arm64.jar;C:\Users\tranh\.m2\repository\org\bytedeco\javacpp\1.5.9\javacpp-1.5.9-macosx-x86_64.jar;C:\Users\tranh\.m2\repository\org\bytedeco\javacpp\1.5.9\javacpp-1.5.9-windows-x86.jar;C:\Users\tranh\.m2\repository\org\bytedeco\javacpp\1.5.9\javacpp-1.5.9-windows-x86_64.jar;C:\Users\tranh\.m2\repository\org\bytedeco\ffmpeg\6.0-1.5.9\ffmpeg-6.0-1.5.9.jar;C:\Users\tranh\.m2\repository\org\bytedeco\ffmpeg\6.0-1.5.9\ffmpeg-6.0-1.5.9-android-arm.jar;C:\Users\tranh\.m2\repository\org\bytedeco\ffmpeg\6.0-1.5.9\ffmpeg-6.0-1.5.9-android-arm64.jar;C:\Users\tranh\.m2\repository\org\bytedeco\ffmpeg\6.0-1.5.9\ffmpeg-6.0-1.5.9-android-x86.jar;C:\Users\tranh\.m2\repository\org\bytedeco\ffmpeg\6.0-1.5.9\ffmpeg-6.0-1.5.9-android-x86_64.jar;C:\Users\tranh\.m2\repository\org\bytedeco\ffmpeg\6.0-1.5.9\ffmpeg-6.0-1.5.9-linux-x86.jar;C:\Users\tranh\.m2\repository\org\bytedeco\ffmpeg\6.0-1.5.9\ffmpeg-6.0-1.5.9-linux-x86_64.jar;C:\Users\tranh\.m2\repository\org\bytedeco\ffmpeg\6.0-1.5.9\ffmpeg-6.0-1.5.9-linux-armhf.jar;C:\Users\tranh\.m2\repository\org\bytedeco\ffmpeg\6.0-1.5.9\ffmpeg-6.0-1.5.9-linux-arm64.jar;C:\Users\tranh\.m2\repository\org\bytedeco\ffmpeg\6.0-1.5.9\ffmpeg-6.0-1.5.9-linux-ppc64le.jar;C:\Users\tranh\.m2\repository\org\bytedeco\ffmpeg\6.0-1.5.9\ffmpeg-6.0-1.5.9-macosx-arm64.jar;C:\Users\tranh\.m2\repository\org\bytedeco\ffmpeg\6.0-1.5.9\ffmpeg-6.0-1.5.9-macosx-x86_64.jar;C:\Users\tranh\.m2\repository\org\bytedeco\ffmpeg\6.0-1.5.9\ffmpeg-6.0-1.5.9-windows-x86.jar;C:\Users\tranh\.m2\repository\org\bytedeco\ffmpeg\6.0-1.5.9\ffmpeg-6.0-1.5.9-windows-x86_64.jar;C:\Users\tranh\.m2\repository\org\java-websocket\Java-WebSocket\1.5.2\Java-WebSocket-1.5.2.jar;C:\Users\tranh\.m2\repository\org\slf4j\slf4j-api\1.7.25\slf4j-api-1.7.25.jar;C:\Users\tranh\.m2\repository\org\slf4j\slf4j-simple\1.7.30\slf4j-simple-1.7.30.jar;C:\Users\tranh\.m2\repository\org\bytedeco\javacpp\1.5.9\javacpp-1.5.9.jar;C:\Users\tranh\.m2\repository\org\bytedeco\videoinput\0.200-1.5.9\videoinput-0.200-1.5.9.jar
Launcher Type: SUN_STANDARD

[Global flags]
     intx CICompilerCount                          = 12                                        {product} {ergonomic}
     uint ConcGCThreads                            = 3                                         {product} {ergonomic}
     uint G1ConcRefinementThreads                  = 13                                        {product} {ergonomic}
   size_t G1HeapRegionSize                         = 2097152                                   {product} {ergonomic}
    uintx GCDrainStackTargetSize                   = 64                                        {product} {ergonomic}
   size_t InitialHeapSize                          = 260046848                                 {product} {ergonomic}
   size_t MarkStackSize                            = 4194304                                   {product} {ergonomic}
   size_t MaxHeapSize                              = 4139778048                                {product} {ergonomic}
   size_t MaxNewSize                               = 2483027968                                {product} {ergonomic}
   size_t MinHeapDeltaBytes                        = 2097152                                   {product} {ergonomic}
   size_t MinHeapSize                              = 8388608                                   {product} {ergonomic}
    uintx NonNMethodCodeHeapSize                   = 7602480                                {pd product} {ergonomic}
    uintx NonProfiledCodeHeapSize                  = 122027880                              {pd product} {ergonomic}
    uintx ProfiledCodeHeapSize                     = 122027880                              {pd product} {ergonomic}
    uintx ReservedCodeCacheSize                    = 251658240                              {pd product} {ergonomic}
     bool SegmentedCodeCache                       = true                                      {product} {ergonomic}
     bool ShowCodeDetailsInExceptionMessages       = true                                   {manageable} {command line}
   size_t SoftMaxHeapSize                          = 4139778048                             {manageable} {ergonomic}
     bool UseCompressedOops                        = true                           {product lp64_product} {ergonomic}
     bool UseG1GC                                  = true                                      {product} {ergonomic}
     bool UseLargePagesIndividualAllocation        = false                                  {pd product} {ergonomic}

Logging:
Log output configuration:
 #0: stdout all=warning uptime,level,tags foldmultilines=false
 #1: stderr all=off uptime,level,tags foldmultilines=false

Environment Variables:
JAVA_HOME=C:\Program Files\Java\jdk-21
PATH=C:\Program Files\Common Files\Oracle\Java\javapath;C:\Windows\system32;C:\Windows;C:\Windows\System32\Wbem;C:\Windows\System32\WindowsPowerShell\v1.0\;C:\Windows\System32\OpenSSH\;C:\Program Files (x86)\NVIDIA Corporation\PhysX\Common;C:\WINDOWS\system32;C:\WINDOWS;C:\WINDOWS\System32\Wbem;C:\WINDOWS\System32\WindowsPowerShell\v1.0\;C:\WINDOWS\System32\OpenSSH\;C:\Program Files\dotnet\;C:\Users\tranh\OneDrive\Documents;C:\Program Files (x86)\Microsoft SQL Server\160\Tools\Binn\;C:\Program Files\Microsoft SQL Server\160\Tools\Binn\;C:\Program Files\Microsoft SQL Server\Client SDK\ODBC\170\Tools\Binn\;C:\Program Files\Microsoft SQL Server\160\DTS\Binn\;C:\Program Files (x86)\Microsoft SQL Server\150\DTS\Binn\;C:\Program Files\Azure Data Studio\bin;C:\xampp\php;C:\composer;C:\xampp\mysql\bin;C:\Program Files\nodejs\;C:\Program Files\Git\cmd;D:\;C:\Program Files\CMake\bin;C:\ProgramData\chocolatey\bin;C:\ProgramData\chocolatey\lib\maven\apache-maven-3.9.9\bin;C:\Users\tranh\AppData\Local\Programs\Python\Python312\Scripts\;C:\Users\tranh\AppData\Local\Programs\Python\Python312\;C:\Users\tranh\AppData\Local\Microsoft\WindowsApps;C:\Users\tranh\AppData\Local\Programs\Microsoft VS Code\bin;C:\Users\tranh\AppData\Roaming\Composer\vendor\bin;C:\Users\tranh\AppData\Roaming\npm;F:\IntelliJ IDEA Community Edition 2024.2.0.1\bin;D:\Program Files (x86)\Python312;;D:\Program Files (x86)\Python312;C:\Program Files\Docker\Docker\resources\bin;C:\Program Files\Common Files\Oracle\Java\javapath;C:\Windows\system32;C:\Windows;C:\Windows\System32\Wbem;C:\Windows\System32\WindowsPowerShell\v1.0\;C:\Windows\System32\OpenSSH\;C:\Program Files (x86)\NVIDIA Corporation\PhysX\Common;C:\WINDOWS\system32;C:\WINDOWS;C:\WINDOWS\System32\Wbem;C:\WINDOWS\System32\WindowsPowerShell\v1.0\;C:\WINDOWS\System32\OpenSSH\;C:\Program Files\dotnet\;C:\Users\tranh\OneDrive\Documents;C:\Program Files (x86)\Microsoft SQL Server\160\Tools\Binn\;C:\Program Files\Microsoft SQL Server\160\Tools\Binn\;C:\Program Files\Microsoft SQL Server\Client SDK\ODBC\170\Tools\Binn\;C:\Program Files\Microsoft SQL Server\160\DTS\Binn\;C:\Program Files (x86)\Microsoft SQL Server\150\DTS\Binn\;C:\Program Files\Azure Data Studio\bin;C:\xampp\php;C:\composer;C:\xampp\mysql\bin;C:\Program Files\nodejs\;C:\Program Files\Git\cmd;D:\;C:\Program Files\CMake\bin;C:\ProgramData\chocolatey\bin;C:\ProgramData\chocolatey\lib\maven\apache-maven-3.9.9\bin;C:\Users\tranh\AppData\Local\Programs\Python\Python312\Scripts\;C:\Users\tranh\AppData\Local\Programs\Python\Python312\;C:\Users\tranh\AppData\Local\Microsoft\WindowsApps;C:\Users\tranh\AppData\Local\Programs\Microsoft VS Code\bin;C:\Users\tranh\AppData\Roaming\Composer\vendor\bin;C:\Users\tranh\AppData\Roaming\npm;F:\IntelliJ IDEA Community Edition 2024.2.0.1\bin;D:\Program Files (x86)\Python312;;D:\Program Files (x86)\Python312;;D:\Program Files (x86)\Python312
USERNAME=tranh
LANG=en_US.UTF-8
OS=Windows_NT
PROCESSOR_IDENTIFIER=AMD64 Family 23 Model 96 Stepping 1, AuthenticAMD
TMP=C:\Users\tranh\AppData\Local\Temp
TEMP=C:\Users\tranh\AppData\Local\Temp




Periodic native trim disabled

---------------  S Y S T E M  ---------------

OS:
 Windows 11 , 64 bit Build 26100 (10.0.26100.2161)
OS uptime: 3 days 2:19 hours
Hyper-V role detected

CPU: total 16 (initial active 16) (16 cores per cpu, 2 threads per core) family 23 model 96 stepping 1 microcode 0x8600106, cx8, cmov, fxsr, ht, mmx, 3dnowpref, sse, sse2, sse3, ssse3, sse4a, sse4.1, sse4.2, popcnt, lzcnt, tsc, tscinvbit, avx, avx2, aes, clmul, bmi1, bmi2, adx, sha, fma, vzeroupper, clflush, clflushopt, hv, rdtscp, rdpid, f16c
Processor Information for all 16 processors :
  Max Mhz: 2901, Current Mhz: 2901, Mhz Limit: 2901

Memory: 4k page, system-wide physical 15791M (2637M free)
TotalPageFile size 31197M (AvailPageFile size 21M)
current process WorkingSet (physical memory assigned to process): 252M, peak: 252M
current process commit charge ("private bytes"): 3030M, peak: 3031M

vm_info: Java HotSpot(TM) 64-Bit Server VM (21.0.1+12-LTS-29) for windows-amd64 JRE (21.0.1+12-LTS-29), built on 2023-10-05T13:27:09Z by "mach5one" with MS VC++ 17.1 (VS2022)

END.
