#
# There is insufficient memory for the Java Runtime Environment to continue.
# Native memory allocation (malloc) failed to allocate 572368 bytes for Chunk::new
# Possible reasons:
#   The system is out of physical RAM or swap space
#   The process is running with CompressedOops enabled, and the Java Heap may be blocking the growth of the native heap
# Possible solutions:
#   Reduce memory load on the system
#   Increase physical memory or swap space
#   Check if swap backing store is full
#   Decrease Java heap size (-Xmx/-Xms)
#   Decrease number of Java threads
#   Decrease Java thread stack sizes (-Xss)
#   Set larger code cache with -XX:ReservedCodeCacheSize=
#   JVM is running with Zero Based Compressed Oops mode in which the Java heap is
#     placed in the first 32GB address space. The Java Heap base address is the
#     maximum limit for the native heap growth. Please use -XX:HeapBaseMinAddress
#     to set the Java Heap base and to place the Java Heap above 32GB virtual address.
# This output file may be truncated or incomplete.
#
#  Out of Memory Error (arena.cpp:168), pid=11316, tid=13376
#
# JRE version: Java(TM) SE Runtime Environment (21.0.1+12) (build 21.0.1+12-LTS-29)
# Java VM: Java HotSpot(TM) 64-Bit Server VM (21.0.1+12-LTS-29, mixed mode, sharing, tiered, compressed oops, compressed class ptrs, g1 gc, windows-amd64)
# No core dump will be written. Minidumps are not enabled by default on client versions of Windows
#

---------------  S U M M A R Y ------------

Command Line: -javaagent:F:\IntelliJ IDEA Community Edition 2024.2.0.1\lib\idea_rt.jar=53210:F:\IntelliJ IDEA Community Edition 2024.2.0.1\bin -Dfile.encoding=UTF-8 -Dsun.stdout.encoding=UTF-8 -Dsun.stderr.encoding=UTF-8 org.example.client.LivestreamClient

Host: AMD Ryzen 7 4800H with Radeon Graphics         , 16 cores, 15G,  Windows 11 , 64 bit Build 26100 (10.0.26100.2161)
Time: Thu Oct 31 20:59:47 2024 SE Asia Standard Time elapsed time: 10.910691 seconds (0d 0h 0m 10s)

---------------  T H R E A D  ---------------

Current thread (0x00000224cd060820):  JavaThread "C2 CompilerThread2" daemon [_thread_in_native, id=13376, stack(0x000000e385500000,0x000000e385600000) (1024K)]


Current CompileTask:
C2:  10910 2400 %     4       jdk.internal.loader.URLClassPath::findResource @ 3 (38 bytes)

Stack: [0x000000e385500000,0x000000e385600000]
Native frames: (J=compiled Java code, j=interpreted, Vv=VM code, C=native code)
V  [jvm.dll+0x6c9029]
V  [jvm.dll+0x854b81]
V  [jvm.dll+0x856e5e]
V  [jvm.dll+0x857543]
V  [jvm.dll+0x280c06]
V  [jvm.dll+0xc3ead]
V  [jvm.dll+0xc43c3]
V  [jvm.dll+0x3b576c]
V  [jvm.dll+0x382475]
V  [jvm.dll+0x3818ea]
V  [jvm.dll+0x249ad0]
V  [jvm.dll+0x2490b1]
V  [jvm.dll+0x1c9ca1]
V  [jvm.dll+0x2586b9]
V  [jvm.dll+0x256c9a]
V  [jvm.dll+0x3ef1b6]
V  [jvm.dll+0x7fd728]
V  [jvm.dll+0x6c777d]
C  [ucrtbase.dll+0x14ea0]
C  [KERNEL32.DLL+0x2dbe7]
C  [ntdll.dll+0xdfbec]


---------------  P R O C E S S  ---------------

Threads class SMR info:
_java_thread_list=0x00000224869e0980, length=30, elements={
0x00000224863d4ef0, 0x00000224863d5950, 0x00000224863de1b0, 0x00000224863e10d0,
0x00000224863df9e0, 0x00000224863e4f80, 0x00000224868490e0, 0x00000224863e9ab0,
0x0000022486ab3420, 0x00000224cc5a9410, 0x00000224cca4d320, 0x00000224cc90f1d0,
0x00000224cc525380, 0x00000224cc52ff10, 0x00000224cd35a870, 0x00000224cd450990,
0x00000224cd3d3b40, 0x00000224cd3d5c10, 0x00000224cd3d62a0, 0x00000224cd3d6930,
0x00000224cd063100, 0x00000224cd062a30, 0x00000224cd3d6fc0, 0x00000224cd063ea0,
0x00000224cd060820, 0x00000224cd064570, 0x00000224cd3d5580, 0x00000224cd3d41d0,
0x00000224cd3d4860, 0x00000224d6e077c0
}

Java Threads: ( => current thread )
  0x00000224863d4ef0 JavaThread "Reference Handler"          daemon [_thread_blocked, id=15928, stack(0x000000e381d00000,0x000000e381e00000) (1024K)]
  0x00000224863d5950 JavaThread "Finalizer"                  daemon [_thread_blocked, id=23128, stack(0x000000e381e00000,0x000000e381f00000) (1024K)]
  0x00000224863de1b0 JavaThread "Signal Dispatcher"          daemon [_thread_blocked, id=25608, stack(0x000000e381f00000,0x000000e382000000) (1024K)]
  0x00000224863e10d0 JavaThread "Attach Listener"            daemon [_thread_blocked, id=26180, stack(0x000000e382000000,0x000000e382100000) (1024K)]
  0x00000224863df9e0 JavaThread "Service Thread"             daemon [_thread_blocked, id=26252, stack(0x000000e382100000,0x000000e382200000) (1024K)]
  0x00000224863e4f80 JavaThread "Monitor Deflation Thread"   daemon [_thread_blocked, id=3900, stack(0x000000e382200000,0x000000e382300000) (1024K)]
  0x00000224868490e0 JavaThread "C2 CompilerThread0"         daemon [_thread_in_native, id=26504, stack(0x000000e382300000,0x000000e382400000) (1024K)]
  0x00000224863e9ab0 JavaThread "C1 CompilerThread0"         daemon [_thread_blocked, id=13268, stack(0x000000e382400000,0x000000e382500000) (1024K)]
  0x0000022486ab3420 JavaThread "Common-Cleaner"             daemon [_thread_blocked, id=16236, stack(0x000000e382500000,0x000000e382600000) (1024K)]
  0x00000224cc5a9410 JavaThread "Monitor Ctrl-Break"         daemon [_thread_in_native, id=2028, stack(0x000000e382900000,0x000000e382a00000) (1024K)]
  0x00000224cca4d320 JavaThread "Notification Thread"        daemon [_thread_blocked, id=26236, stack(0x000000e382a00000,0x000000e382b00000) (1024K)]
  0x00000224cc90f1d0 JavaThread "Java2D Disposer"            daemon [_thread_blocked, id=18312, stack(0x000000e382b00000,0x000000e382c00000) (1024K)]
  0x00000224cc525380 JavaThread "AWT-Shutdown"                      [_thread_blocked, id=6312, stack(0x000000e382c00000,0x000000e382d00000) (1024K)]
  0x00000224cc52ff10 JavaThread "AWT-Windows"                daemon [_thread_in_native, id=24620, stack(0x000000e382d00000,0x000000e382e00000) (1024K)]
  0x00000224cd35a870 JavaThread "AWT-EventQueue-0"                  [_thread_blocked, id=22916, stack(0x000000e384100000,0x000000e384200000) (1024K)]
  0x00000224cd450990 JavaThread "Thread-0"                          [_thread_in_native, id=26124, stack(0x000000e384300000,0x000000e384400000) (1024K)]
  0x00000224cd3d3b40 JavaThread "DestroyJavaVM"                     [_thread_blocked, id=3896, stack(0x000000e381500000,0x000000e381600000) (1024K)]
  0x00000224cd3d5c10 JavaThread "D3D Screen Updater"         daemon [_thread_blocked, id=5400, stack(0x000000e384400000,0x000000e384500000) (1024K)]
  0x00000224cd3d62a0 JavaThread "TimerQueue"                 daemon [_thread_blocked, id=21180, stack(0x000000e384500000,0x000000e384600000) (1024K)]
  0x00000224cd3d6930 JavaThread "Image Fetcher 0"            daemon [_thread_blocked, id=26296, stack(0x000000e384700000,0x000000e384800000) (1024K)]
  0x00000224cd063100 JavaThread "C1 CompilerThread1"         daemon [_thread_blocked, id=25588, stack(0x000000e382600000,0x000000e382700000) (1024K)]
  0x00000224cd062a30 JavaThread "C1 CompilerThread2"         daemon [_thread_blocked, id=5472, stack(0x000000e385200000,0x000000e385300000) (1024K)]
  0x00000224cd3d6fc0 JavaThread "Thread-1"                          [_thread_in_Java, id=2136, stack(0x000000e385300000,0x000000e385400000) (1024K)]
  0x00000224cd063ea0 JavaThread "C2 CompilerThread1"         daemon [_thread_in_native, id=2312, stack(0x000000e385400000,0x000000e385500000) (1024K)]
=>0x00000224cd060820 JavaThread "C2 CompilerThread2"         daemon [_thread_in_native, id=13376, stack(0x000000e385500000,0x000000e385600000) (1024K)]
  0x00000224cd064570 JavaThread "C2 CompilerThread3"         daemon [_thread_in_native, id=25628, stack(0x000000e385600000,0x000000e385700000) (1024K)]
  0x00000224cd3d5580 JavaThread "WebSocketConnectReadThread-52"        [_thread_in_native, id=16668, stack(0x000000e385800000,0x000000e385900000) (1024K)]
  0x00000224cd3d41d0 JavaThread "WebSocketWriteThread-53"           [_thread_blocked, id=5452, stack(0x000000e385900000,0x000000e385a00000) (1024K)]
  0x00000224cd3d4860 JavaThread "connectionLostChecker-1"           [_thread_blocked, id=18160, stack(0x000000e385a00000,0x000000e385b00000) (1024K)]
  0x00000224d6e077c0 JavaThread "JavaCPP Deallocator"        daemon [_thread_blocked, id=6800, stack(0x000000e385d00000,0x000000e385e00000) (1024K)]
Total: 30

Other Threads:
  0x00000224863b4370 VMThread "VM Thread"                           [id=13228, stack(0x000000e381c00000,0x000000e381d00000) (1024K)]
  0x000002248639e000 WatcherThread "VM Periodic Task Thread"        [id=14252, stack(0x000000e381b00000,0x000000e381c00000) (1024K)]
  0x00000224e6cde540 WorkerThread "GC Thread#0"                     [id=25324, stack(0x000000e381600000,0x000000e381700000) (1024K)]
  0x00000224cd35f8b0 WorkerThread "GC Thread#1"                     [id=13024, stack(0x000000e384800000,0x000000e384900000) (1024K)]
  0x00000224cd35ea30 WorkerThread "GC Thread#2"                     [id=26164, stack(0x000000e384900000,0x000000e384a00000) (1024K)]
  0x00000224cd35e2f0 WorkerThread "GC Thread#3"                     [id=4584, stack(0x000000e384a00000,0x000000e384b00000) (1024K)]
  0x00000224cd35f510 WorkerThread "GC Thread#4"                     [id=6324, stack(0x000000e384b00000,0x000000e384c00000) (1024K)]
  0x00000224cd35e690 WorkerThread "GC Thread#5"                     [id=9420, stack(0x000000e384c00000,0x000000e384d00000) (1024K)]
  0x00000224cd35df50 WorkerThread "GC Thread#6"                     [id=23496, stack(0x000000e384d00000,0x000000e384e00000) (1024K)]
  0x00000224cd35edd0 WorkerThread "GC Thread#7"                     [id=5128, stack(0x000000e384e00000,0x000000e384f00000) (1024K)]
  0x00000224d6b57a60 WorkerThread "GC Thread#8"                     [id=11836, stack(0x000000e384f00000,0x000000e385000000) (1024K)]
  0x00000224d6b54ee0 WorkerThread "GC Thread#9"                     [id=9680, stack(0x000000e385000000,0x000000e385100000) (1024K)]
  0x00000224d6b547a0 WorkerThread "GC Thread#10"                    [id=22816, stack(0x000000e385100000,0x000000e385200000) (1024K)]
  0x00000224d6b559c0 WorkerThread "GC Thread#11"                    [id=14356, stack(0x000000e385b00000,0x000000e385c00000) (1024K)]
  0x00000224d6b56840 WorkerThread "GC Thread#12"                    [id=5216, stack(0x000000e385c00000,0x000000e385d00000) (1024K)]
  0x00000224e6cee9f0 ConcurrentGCThread "G1 Main Marker"            [id=4456, stack(0x000000e381700000,0x000000e381800000) (1024K)]
  0x00000224e6cf0370 WorkerThread "G1 Conc#0"                       [id=13500, stack(0x000000e381800000,0x000000e381900000) (1024K)]
  0x0000022486272580 ConcurrentGCThread "G1 Refine#0"               [id=25920, stack(0x000000e381900000,0x000000e381a00000) (1024K)]
  0x0000022486273ea0 ConcurrentGCThread "G1 Service"                [id=10232, stack(0x000000e381a00000,0x000000e381b00000) (1024K)]
Total: 19

Threads with active compile tasks:
C2 CompilerThread0    10941 2397   !   4       java.net.URL::<init> (543 bytes)
C2 CompilerThread1    10941 2398       4       jdk.internal.loader.URLClassPath$1::next (59 bytes)
C2 CompilerThread2    10941 2400 %     4       jdk.internal.loader.URLClassPath::findResource @ 3 (38 bytes)
C2 CompilerThread3    10941 2402   !   4       jdk.internal.loader.BuiltinClassLoader$2::run (114 bytes)
Total: 4

VM state: not at safepoint (normal execution)

VM Mutex/Monitor currently owned by a thread: None

Heap address: 0x0000000709400000, size: 3948 MB, Compressed Oops mode: Zero based, Oop shift amount: 3

CDS archive(s) mapped at: [0x0000022487000000-0x0000022487c90000-0x0000022487c90000), size 13172736, SharedBaseAddress: 0x0000022487000000, ArchiveRelocationMode: 1.
Compressed class space mapped at: 0x0000022488000000-0x00000224c8000000, reserved size: 1073741824
Narrow klass base: 0x0000022487000000, Narrow klass shift: 0, Narrow klass range: 0x100000000

GC Precious Log:
 CardTable entry size: 512
 Card Set container configuration: InlinePtr #cards 4 size 8 Array Of Cards #cards 16 size 48 Howl #buckets 8 coarsen threshold 3686 Howl Bitmap #cards 512 size 80 coarsen threshold 460 Card regions per heap region 1 cards per card region 4096
 CPUs: 16 total, 16 available
 Memory: 15791M
 Large Page Support: Disabled
 NUMA Support: Disabled
 Compressed Oops: Enabled (Zero based)
 Heap Region Size: 2M
 Heap Min Capacity: 8M
 Heap Initial Capacity: 248M
 Heap Max Capacity: 3948M
 Pre-touch: Disabled
 Parallel Workers: 13
 Concurrent Workers: 3
 Concurrent Refinement Workers: 13
 Periodic GC: Disabled

Heap:
 garbage-first heap   total 253952K, used 64773K [0x0000000709400000, 0x0000000800000000)
  region size 2048K, 27 young (55296K), 1 survivors (2048K)
 Metaspace       used 18854K, committed 19072K, reserved 1114112K
  class space    used 1627K, committed 1728K, reserved 1048576K

Heap Regions: E=young(eden), S=young(survivor), O=old, HS=humongous(starts), HC=humongous(continues), CS=collection set, F=free, TAMS=top-at-mark-start, PB=parsable bottom
|   0|0x0000000709400000, 0x0000000709600000, 0x0000000709600000|100%| O|  |TAMS 0x0000000709400000| PB 0x0000000709400000| Untracked 
|   1|0x0000000709600000, 0x0000000709800000, 0x0000000709800000|100%| O|  |TAMS 0x0000000709600000| PB 0x0000000709600000| Untracked 
|   2|0x0000000709800000, 0x0000000709a00000, 0x0000000709a00000|100%| O|  |TAMS 0x0000000709800000| PB 0x0000000709800000| Untracked 
|   3|0x0000000709a00000, 0x0000000709c00000, 0x0000000709c00000|100%| O|  |TAMS 0x0000000709a00000| PB 0x0000000709a00000| Untracked 
|   4|0x0000000709c00000, 0x0000000709c768b0, 0x0000000709e00000| 23%| O|  |TAMS 0x0000000709c00000| PB 0x0000000709c00000| Untracked 
|   5|0x0000000709e00000, 0x000000070a000000, 0x000000070a000000|100%|HS|  |TAMS 0x0000000709e00000| PB 0x0000000709e00000| Complete 
|   6|0x000000070a000000, 0x000000070a200000, 0x000000070a200000|100%|HS|  |TAMS 0x000000070a000000| PB 0x000000070a000000| Complete 
|   7|0x000000070a200000, 0x000000070a400000, 0x000000070a400000|100%|HC|  |TAMS 0x000000070a200000| PB 0x000000070a200000| Complete 
|   8|0x000000070a400000, 0x000000070a400000, 0x000000070a600000|  0%| F|  |TAMS 0x000000070a400000| PB 0x000000070a400000| Untracked 
|   9|0x000000070a600000, 0x000000070a600000, 0x000000070a800000|  0%| F|  |TAMS 0x000000070a600000| PB 0x000000070a600000| Untracked 
|  10|0x000000070a800000, 0x000000070a800000, 0x000000070aa00000|  0%| F|  |TAMS 0x000000070a800000| PB 0x000000070a800000| Untracked 
|  11|0x000000070aa00000, 0x000000070aa00000, 0x000000070ac00000|  0%| F|  |TAMS 0x000000070aa00000| PB 0x000000070aa00000| Untracked 
|  12|0x000000070ac00000, 0x000000070ac00000, 0x000000070ae00000|  0%| F|  |TAMS 0x000000070ac00000| PB 0x000000070ac00000| Untracked 
|  13|0x000000070ae00000, 0x000000070ae00000, 0x000000070b000000|  0%| F|  |TAMS 0x000000070ae00000| PB 0x000000070ae00000| Untracked 
|  14|0x000000070b000000, 0x000000070b000000, 0x000000070b200000|  0%| F|  |TAMS 0x000000070b000000| PB 0x000000070b000000| Untracked 
|  15|0x000000070b200000, 0x000000070b200000, 0x000000070b400000|  0%| F|  |TAMS 0x000000070b200000| PB 0x000000070b200000| Untracked 
|  16|0x000000070b400000, 0x000000070b400000, 0x000000070b600000|  0%| F|  |TAMS 0x000000070b400000| PB 0x000000070b400000| Untracked 
|  17|0x000000070b600000, 0x000000070b600000, 0x000000070b800000|  0%| F|  |TAMS 0x000000070b600000| PB 0x000000070b600000| Untracked 
|  18|0x000000070b800000, 0x000000070b800000, 0x000000070ba00000|  0%| F|  |TAMS 0x000000070b800000| PB 0x000000070b800000| Untracked 
|  19|0x000000070ba00000, 0x000000070ba00000, 0x000000070bc00000|  0%| F|  |TAMS 0x000000070ba00000| PB 0x000000070ba00000| Untracked 
|  20|0x000000070bc00000, 0x000000070bc00000, 0x000000070be00000|  0%| F|  |TAMS 0x000000070bc00000| PB 0x000000070bc00000| Untracked 
|  21|0x000000070be00000, 0x000000070be00000, 0x000000070c000000|  0%| F|  |TAMS 0x000000070be00000| PB 0x000000070be00000| Untracked 
|  22|0x000000070c000000, 0x000000070c000000, 0x000000070c200000|  0%| F|  |TAMS 0x000000070c000000| PB 0x000000070c000000| Untracked 
|  23|0x000000070c200000, 0x000000070c200000, 0x000000070c400000|  0%| F|  |TAMS 0x000000070c200000| PB 0x000000070c200000| Untracked 
|  24|0x000000070c400000, 0x000000070c400000, 0x000000070c600000|  0%| F|  |TAMS 0x000000070c400000| PB 0x000000070c400000| Untracked 
|  25|0x000000070c600000, 0x000000070c600000, 0x000000070c800000|  0%| F|  |TAMS 0x000000070c600000| PB 0x000000070c600000| Untracked 
|  26|0x000000070c800000, 0x000000070c800000, 0x000000070ca00000|  0%| F|  |TAMS 0x000000070c800000| PB 0x000000070c800000| Untracked 
|  27|0x000000070ca00000, 0x000000070ca00000, 0x000000070cc00000|  0%| F|  |TAMS 0x000000070ca00000| PB 0x000000070ca00000| Untracked 
|  28|0x000000070cc00000, 0x000000070cc00000, 0x000000070ce00000|  0%| F|  |TAMS 0x000000070cc00000| PB 0x000000070cc00000| Untracked 
|  29|0x000000070ce00000, 0x000000070ce00000, 0x000000070d000000|  0%| F|  |TAMS 0x000000070ce00000| PB 0x000000070ce00000| Untracked 
|  30|0x000000070d000000, 0x000000070d000000, 0x000000070d200000|  0%| F|  |TAMS 0x000000070d000000| PB 0x000000070d000000| Untracked 
|  31|0x000000070d200000, 0x000000070d200000, 0x000000070d400000|  0%| F|  |TAMS 0x000000070d200000| PB 0x000000070d200000| Untracked 
|  32|0x000000070d400000, 0x000000070d400000, 0x000000070d600000|  0%| F|  |TAMS 0x000000070d400000| PB 0x000000070d400000| Untracked 
|  33|0x000000070d600000, 0x000000070d600000, 0x000000070d800000|  0%| F|  |TAMS 0x000000070d600000| PB 0x000000070d600000| Untracked 
|  34|0x000000070d800000, 0x000000070d800000, 0x000000070da00000|  0%| F|  |TAMS 0x000000070d800000| PB 0x000000070d800000| Untracked 
|  35|0x000000070da00000, 0x000000070da00000, 0x000000070dc00000|  0%| F|  |TAMS 0x000000070da00000| PB 0x000000070da00000| Untracked 
|  36|0x000000070dc00000, 0x000000070dc00000, 0x000000070de00000|  0%| F|  |TAMS 0x000000070dc00000| PB 0x000000070dc00000| Untracked 
|  37|0x000000070de00000, 0x000000070de00000, 0x000000070e000000|  0%| F|  |TAMS 0x000000070de00000| PB 0x000000070de00000| Untracked 
|  38|0x000000070e000000, 0x000000070e000000, 0x000000070e200000|  0%| F|  |TAMS 0x000000070e000000| PB 0x000000070e000000| Untracked 
|  39|0x000000070e200000, 0x000000070e200000, 0x000000070e400000|  0%| F|  |TAMS 0x000000070e200000| PB 0x000000070e200000| Untracked 
|  40|0x000000070e400000, 0x000000070e400000, 0x000000070e600000|  0%| F|  |TAMS 0x000000070e400000| PB 0x000000070e400000| Untracked 
|  41|0x000000070e600000, 0x000000070e600000, 0x000000070e800000|  0%| F|  |TAMS 0x000000070e600000| PB 0x000000070e600000| Untracked 
|  42|0x000000070e800000, 0x000000070e800000, 0x000000070ea00000|  0%| F|  |TAMS 0x000000070e800000| PB 0x000000070e800000| Untracked 
|  43|0x000000070ea00000, 0x000000070ea00000, 0x000000070ec00000|  0%| F|  |TAMS 0x000000070ea00000| PB 0x000000070ea00000| Untracked 
|  44|0x000000070ec00000, 0x000000070ec00000, 0x000000070ee00000|  0%| F|  |TAMS 0x000000070ec00000| PB 0x000000070ec00000| Untracked 
|  45|0x000000070ee00000, 0x000000070ee00000, 0x000000070f000000|  0%| F|  |TAMS 0x000000070ee00000| PB 0x000000070ee00000| Untracked 
|  46|0x000000070f000000, 0x000000070f000000, 0x000000070f200000|  0%| F|  |TAMS 0x000000070f000000| PB 0x000000070f000000| Untracked 
|  47|0x000000070f200000, 0x000000070f200000, 0x000000070f400000|  0%| F|  |TAMS 0x000000070f200000| PB 0x000000070f200000| Untracked 
|  48|0x000000070f400000, 0x000000070f400000, 0x000000070f600000|  0%| F|  |TAMS 0x000000070f400000| PB 0x000000070f400000| Untracked 
|  49|0x000000070f600000, 0x000000070f600000, 0x000000070f800000|  0%| F|  |TAMS 0x000000070f600000| PB 0x000000070f600000| Untracked 
|  50|0x000000070f800000, 0x000000070f800000, 0x000000070fa00000|  0%| F|  |TAMS 0x000000070f800000| PB 0x000000070f800000| Untracked 
|  51|0x000000070fa00000, 0x000000070fa00000, 0x000000070fc00000|  0%| F|  |TAMS 0x000000070fa00000| PB 0x000000070fa00000| Untracked 
|  52|0x000000070fc00000, 0x000000070fc00000, 0x000000070fe00000|  0%| F|  |TAMS 0x000000070fc00000| PB 0x000000070fc00000| Untracked 
|  53|0x000000070fe00000, 0x000000070fe00000, 0x0000000710000000|  0%| F|  |TAMS 0x000000070fe00000| PB 0x000000070fe00000| Untracked 
|  54|0x0000000710000000, 0x0000000710000000, 0x0000000710200000|  0%| F|  |TAMS 0x0000000710000000| PB 0x0000000710000000| Untracked 
|  55|0x0000000710200000, 0x0000000710200000, 0x0000000710400000|  0%| F|  |TAMS 0x0000000710200000| PB 0x0000000710200000| Untracked 
|  56|0x0000000710400000, 0x0000000710400000, 0x0000000710600000|  0%| F|  |TAMS 0x0000000710400000| PB 0x0000000710400000| Untracked 
|  57|0x0000000710600000, 0x0000000710600000, 0x0000000710800000|  0%| F|  |TAMS 0x0000000710600000| PB 0x0000000710600000| Untracked 
|  58|0x0000000710800000, 0x0000000710800000, 0x0000000710a00000|  0%| F|  |TAMS 0x0000000710800000| PB 0x0000000710800000| Untracked 
|  59|0x0000000710a00000, 0x0000000710a00000, 0x0000000710c00000|  0%| F|  |TAMS 0x0000000710a00000| PB 0x0000000710a00000| Untracked 
|  60|0x0000000710c00000, 0x0000000710c00000, 0x0000000710e00000|  0%| F|  |TAMS 0x0000000710c00000| PB 0x0000000710c00000| Untracked 
|  61|0x0000000710e00000, 0x0000000710e00000, 0x0000000711000000|  0%| F|  |TAMS 0x0000000710e00000| PB 0x0000000710e00000| Untracked 
|  62|0x0000000711000000, 0x0000000711000000, 0x0000000711200000|  0%| F|  |TAMS 0x0000000711000000| PB 0x0000000711000000| Untracked 
|  63|0x0000000711200000, 0x0000000711200000, 0x0000000711400000|  0%| F|  |TAMS 0x0000000711200000| PB 0x0000000711200000| Untracked 
|  64|0x0000000711400000, 0x0000000711400000, 0x0000000711600000|  0%| F|  |TAMS 0x0000000711400000| PB 0x0000000711400000| Untracked 
|  65|0x0000000711600000, 0x0000000711600000, 0x0000000711800000|  0%| F|  |TAMS 0x0000000711600000| PB 0x0000000711600000| Untracked 
|  66|0x0000000711800000, 0x0000000711800000, 0x0000000711a00000|  0%| F|  |TAMS 0x0000000711800000| PB 0x0000000711800000| Untracked 
|  67|0x0000000711a00000, 0x0000000711a00000, 0x0000000711c00000|  0%| F|  |TAMS 0x0000000711a00000| PB 0x0000000711a00000| Untracked 
|  68|0x0000000711c00000, 0x0000000711c00000, 0x0000000711e00000|  0%| F|  |TAMS 0x0000000711c00000| PB 0x0000000711c00000| Untracked 
|  69|0x0000000711e00000, 0x0000000711e00000, 0x0000000712000000|  0%| F|  |TAMS 0x0000000711e00000| PB 0x0000000711e00000| Untracked 
|  70|0x0000000712000000, 0x0000000712000000, 0x0000000712200000|  0%| F|  |TAMS 0x0000000712000000| PB 0x0000000712000000| Untracked 
|  71|0x0000000712200000, 0x0000000712200000, 0x0000000712400000|  0%| F|  |TAMS 0x0000000712200000| PB 0x0000000712200000| Untracked 
|  72|0x0000000712400000, 0x0000000712400000, 0x0000000712600000|  0%| F|  |TAMS 0x0000000712400000| PB 0x0000000712400000| Untracked 
|  73|0x0000000712600000, 0x0000000712600000, 0x0000000712800000|  0%| F|  |TAMS 0x0000000712600000| PB 0x0000000712600000| Untracked 
|  74|0x0000000712800000, 0x0000000712800000, 0x0000000712a00000|  0%| F|  |TAMS 0x0000000712800000| PB 0x0000000712800000| Untracked 
|  75|0x0000000712a00000, 0x0000000712a00000, 0x0000000712c00000|  0%| F|  |TAMS 0x0000000712a00000| PB 0x0000000712a00000| Untracked 
|  76|0x0000000712c00000, 0x0000000712c00000, 0x0000000712e00000|  0%| F|  |TAMS 0x0000000712c00000| PB 0x0000000712c00000| Untracked 
|  77|0x0000000712e00000, 0x0000000712e00000, 0x0000000713000000|  0%| F|  |TAMS 0x0000000712e00000| PB 0x0000000712e00000| Untracked 
|  78|0x0000000713000000, 0x0000000713000000, 0x0000000713200000|  0%| F|  |TAMS 0x0000000713000000| PB 0x0000000713000000| Untracked 
|  79|0x0000000713200000, 0x0000000713200000, 0x0000000713400000|  0%| F|  |TAMS 0x0000000713200000| PB 0x0000000713200000| Untracked 
|  80|0x0000000713400000, 0x0000000713400000, 0x0000000713600000|  0%| F|  |TAMS 0x0000000713400000| PB 0x0000000713400000| Untracked 
|  81|0x0000000713600000, 0x0000000713600000, 0x0000000713800000|  0%| F|  |TAMS 0x0000000713600000| PB 0x0000000713600000| Untracked 
|  82|0x0000000713800000, 0x0000000713800000, 0x0000000713a00000|  0%| F|  |TAMS 0x0000000713800000| PB 0x0000000713800000| Untracked 
|  83|0x0000000713a00000, 0x0000000713a00000, 0x0000000713c00000|  0%| F|  |TAMS 0x0000000713a00000| PB 0x0000000713a00000| Untracked 
|  84|0x0000000713c00000, 0x0000000713c00000, 0x0000000713e00000|  0%| F|  |TAMS 0x0000000713c00000| PB 0x0000000713c00000| Untracked 
|  85|0x0000000713e00000, 0x0000000713e00000, 0x0000000714000000|  0%| F|  |TAMS 0x0000000713e00000| PB 0x0000000713e00000| Untracked 
|  86|0x0000000714000000, 0x0000000714000000, 0x0000000714200000|  0%| F|  |TAMS 0x0000000714000000| PB 0x0000000714000000| Untracked 
|  87|0x0000000714200000, 0x0000000714200000, 0x0000000714400000|  0%| F|  |TAMS 0x0000000714200000| PB 0x0000000714200000| Untracked 
|  88|0x0000000714400000, 0x0000000714400000, 0x0000000714600000|  0%| F|  |TAMS 0x0000000714400000| PB 0x0000000714400000| Untracked 
|  89|0x0000000714600000, 0x0000000714600000, 0x0000000714800000|  0%| F|  |TAMS 0x0000000714600000| PB 0x0000000714600000| Untracked 
|  90|0x0000000714800000, 0x0000000714800000, 0x0000000714a00000|  0%| F|  |TAMS 0x0000000714800000| PB 0x0000000714800000| Untracked 
|  91|0x0000000714a00000, 0x0000000714a00000, 0x0000000714c00000|  0%| F|  |TAMS 0x0000000714a00000| PB 0x0000000714a00000| Untracked 
|  92|0x0000000714c00000, 0x0000000714c00000, 0x0000000714e00000|  0%| F|  |TAMS 0x0000000714c00000| PB 0x0000000714c00000| Untracked 
|  93|0x0000000714e00000, 0x0000000714e00000, 0x0000000715000000|  0%| F|  |TAMS 0x0000000714e00000| PB 0x0000000714e00000| Untracked 
|  94|0x0000000715000000, 0x0000000715000000, 0x0000000715200000|  0%| F|  |TAMS 0x0000000715000000| PB 0x0000000715000000| Untracked 
|  95|0x0000000715200000, 0x0000000715200000, 0x0000000715400000|  0%| F|  |TAMS 0x0000000715200000| PB 0x0000000715200000| Untracked 
|  96|0x0000000715400000, 0x0000000715400000, 0x0000000715600000|  0%| F|  |TAMS 0x0000000715400000| PB 0x0000000715400000| Untracked 
|  97|0x0000000715600000, 0x00000007156d8c20, 0x0000000715800000| 42%| E|  |TAMS 0x0000000715600000| PB 0x0000000715600000| Complete 
|  98|0x0000000715800000, 0x0000000715a00000, 0x0000000715a00000|100%| E|CS|TAMS 0x0000000715800000| PB 0x0000000715800000| Complete 
|  99|0x0000000715a00000, 0x0000000715c00000, 0x0000000715c00000|100%| E|CS|TAMS 0x0000000715a00000| PB 0x0000000715a00000| Complete 
| 100|0x0000000715c00000, 0x0000000715e00000, 0x0000000715e00000|100%| E|CS|TAMS 0x0000000715c00000| PB 0x0000000715c00000| Complete 
| 101|0x0000000715e00000, 0x0000000716000000, 0x0000000716000000|100%| E|CS|TAMS 0x0000000715e00000| PB 0x0000000715e00000| Complete 
| 102|0x0000000716000000, 0x0000000716200000, 0x0000000716200000|100%| E|CS|TAMS 0x0000000716000000| PB 0x0000000716000000| Complete 
| 103|0x0000000716200000, 0x0000000716400000, 0x0000000716400000|100%| E|CS|TAMS 0x0000000716200000| PB 0x0000000716200000| Complete 
| 104|0x0000000716400000, 0x0000000716600000, 0x0000000716600000|100%| E|CS|TAMS 0x0000000716400000| PB 0x0000000716400000| Complete 
| 105|0x0000000716600000, 0x0000000716800000, 0x0000000716800000|100%| E|CS|TAMS 0x0000000716600000| PB 0x0000000716600000| Complete 
| 106|0x0000000716800000, 0x0000000716a00000, 0x0000000716a00000|100%| E|CS|TAMS 0x0000000716800000| PB 0x0000000716800000| Complete 
| 107|0x0000000716a00000, 0x0000000716c00000, 0x0000000716c00000|100%| E|CS|TAMS 0x0000000716a00000| PB 0x0000000716a00000| Complete 
| 108|0x0000000716c00000, 0x0000000716e00000, 0x0000000716e00000|100%| E|CS|TAMS 0x0000000716c00000| PB 0x0000000716c00000| Complete 
| 109|0x0000000716e00000, 0x0000000717000000, 0x0000000717000000|100%| E|CS|TAMS 0x0000000716e00000| PB 0x0000000716e00000| Complete 
| 110|0x0000000717000000, 0x0000000717200000, 0x0000000717200000|100%| E|CS|TAMS 0x0000000717000000| PB 0x0000000717000000| Complete 
| 111|0x0000000717200000, 0x0000000717400000, 0x0000000717400000|100%| E|CS|TAMS 0x0000000717200000| PB 0x0000000717200000| Complete 
| 112|0x0000000717400000, 0x0000000717600000, 0x0000000717600000|100%| E|CS|TAMS 0x0000000717400000| PB 0x0000000717400000| Complete 
| 113|0x0000000717600000, 0x00000007176caec0, 0x0000000717800000| 39%| S|CS|TAMS 0x0000000717600000| PB 0x0000000717600000| Complete 
| 114|0x0000000717800000, 0x0000000717a00000, 0x0000000717a00000|100%| E|CS|TAMS 0x0000000717800000| PB 0x0000000717800000| Complete 
| 115|0x0000000717a00000, 0x0000000717c00000, 0x0000000717c00000|100%| E|CS|TAMS 0x0000000717a00000| PB 0x0000000717a00000| Complete 
| 116|0x0000000717c00000, 0x0000000717e00000, 0x0000000717e00000|100%| E|CS|TAMS 0x0000000717c00000| PB 0x0000000717c00000| Complete 
| 117|0x0000000717e00000, 0x0000000718000000, 0x0000000718000000|100%| E|CS|TAMS 0x0000000717e00000| PB 0x0000000717e00000| Complete 
| 118|0x0000000718000000, 0x0000000718200000, 0x0000000718200000|100%| E|CS|TAMS 0x0000000718000000| PB 0x0000000718000000| Complete 
| 119|0x0000000718200000, 0x0000000718400000, 0x0000000718400000|100%| E|CS|TAMS 0x0000000718200000| PB 0x0000000718200000| Complete 
| 120|0x0000000718400000, 0x0000000718600000, 0x0000000718600000|100%| E|  |TAMS 0x0000000718400000| PB 0x0000000718400000| Complete 
| 121|0x0000000718600000, 0x0000000718800000, 0x0000000718800000|100%| E|CS|TAMS 0x0000000718600000| PB 0x0000000718600000| Complete 
| 122|0x0000000718800000, 0x0000000718a00000, 0x0000000718a00000|100%| E|CS|TAMS 0x0000000718800000| PB 0x0000000718800000| Complete 
| 123|0x0000000718a00000, 0x0000000718c00000, 0x0000000718c00000|100%| E|CS|TAMS 0x0000000718a00000| PB 0x0000000718a00000| Complete 

Card table byte_map: [0x00000224ff100000,0x00000224ff8c0000] _byte_map_base: 0x00000224fb8b6000

Marking Bits: (CMBitMap*) 0x00000224e6cdea50
 Bits: [0x0000022480000000, 0x0000022483db0000)

Polling page: 0x00000224e4bd0000

Metaspace:

Usage:
  Non-class:     16.82 MB used.
      Class:      1.59 MB used.
       Both:     18.41 MB used.

Virtual space:
  Non-class space:       64.00 MB reserved,      16.94 MB ( 26%) committed,  1 nodes.
      Class space:        1.00 GB reserved,       1.69 MB ( <1%) committed,  1 nodes.
             Both:        1.06 GB reserved,      18.62 MB (  2%) committed. 

Chunk freelists:
   Non-Class:  14.95 MB
       Class:  14.19 MB
        Both:  29.14 MB

MaxMetaspaceSize: unlimited
CompressedClassSpaceSize: 1.00 GB
Initial GC threshold: 21.00 MB
Current GC threshold: 21.00 MB
CDS: on
 - commit_granule_bytes: 65536.
 - commit_granule_words: 8192.
 - virtual_space_node_default_size: 8388608.
 - enlarge_chunks_in_place: 1.
 - use_allocation_guard: 0.


Internal statistics:

num_allocs_failed_limit: 0.
num_arena_births: 202.
num_arena_deaths: 0.
num_vsnodes_births: 2.
num_vsnodes_deaths: 0.
num_space_committed: 296.
num_space_uncommitted: 0.
num_chunks_returned_to_freelist: 0.
num_chunks_taken_from_freelist: 448.
num_chunk_merges: 0.
num_chunk_splits: 312.
num_chunks_enlarged: 212.
num_inconsistent_stats: 0.

CodeHeap 'non-profiled nmethods': size=119168Kb used=984Kb max_used=984Kb free=118184Kb
 bounds [0x00000224f6c50000, 0x00000224f6ec0000, 0x00000224fe0b0000]
CodeHeap 'profiled nmethods': size=119104Kb used=4783Kb max_used=4783Kb free=114320Kb
 bounds [0x00000224ef0b0000, 0x00000224ef560000, 0x00000224f6500000]
CodeHeap 'non-nmethods': size=7488Kb used=3495Kb max_used=3524Kb free=3992Kb
 bounds [0x00000224f6500000, 0x00000224f6880000, 0x00000224f6c50000]
 total_blobs=3609 nmethods=2398 adapters=1111
 compilation: enabled
              stopped_count=0, restarted_count=0
 full_count=0

Compilation events (20 events):
Event: 10.766 Thread 0x00000224cd060820 nmethod 2390 0x00000224f6d2fe10 code [0x00000224f6d2ffc0, 0x00000224f6d30398]
Event: 10.767 Thread 0x00000224cd060820 2391       4       java.lang.String::indexOf (101 bytes)
Event: 10.767 Thread 0x00000224868490e0 nmethod 2389 0x00000224f6d30610 code [0x00000224f6d30880, 0x00000224f6d31a68]
Event: 10.767 Thread 0x00000224868490e0 2392   !   4       java.util.concurrent.ConcurrentHashMap::putVal (432 bytes)
Event: 10.769 Thread 0x00000224cd060820 nmethod 2391 0x00000224f6d32690 code [0x00000224f6d32840, 0x00000224f6d32bd8]
Event: 10.772 Thread 0x00000224cd060820 2393       4       sun.net.www.ParseUtil::encodePath (41 bytes)
Event: 10.775 Thread 0x00000224cd060820 nmethod 2393 0x00000224f6d32e10 code [0x00000224f6d32fc0, 0x00000224f6d332a0]
Event: 10.775 Thread 0x00000224cd060820 2394       4       jdk.internal.module.Resources::toPackageName (39 bytes)
Event: 10.790 Thread 0x00000224868490e0 nmethod 2392 0x00000224f6d33590 code [0x00000224f6d33800, 0x00000224f6d34998]
Event: 10.790 Thread 0x00000224868490e0 2395   !   4       jdk.internal.loader.BuiltinClassLoader::findMiscResource (122 bytes)
Event: 10.803 Thread 0x00000224868490e0 nmethod 2395 0x00000224f6d35490 code [0x00000224f6d356e0, 0x00000224f6d36050]
Event: 10.804 Thread 0x00000224cd060820 nmethod 2394 0x00000224f6d36790 code [0x00000224f6d369a0, 0x00000224f6d37748]
Event: 10.807 Thread 0x00000224cd064570 nmethod 2386 0x00000224f6d37d90 code [0x00000224f6d380a0, 0x00000224f6d3ab48]
Event: 10.828 Thread 0x00000224868490e0 2396       4       java.io.File::<init> (111 bytes)
Event: 10.838 Thread 0x00000224868490e0 nmethod 2396 0x00000224f6d3c510 code [0x00000224f6d3c760, 0x00000224f6d3d0c0]
Event: 10.842 Thread 0x00000224cd063ea0 nmethod 2388% 0x00000224f6d3d890 code [0x00000224f6d3dcc0, 0x00000224f6d40a38]
Event: 10.845 Thread 0x00000224868490e0 2397   !   4       java.net.URL::<init> (543 bytes)
Event: 10.845 Thread 0x00000224cd063ea0 2398       4       jdk.internal.loader.URLClassPath$1::next (59 bytes)
Event: 10.860 Thread 0x00000224cd064570 2399   !   4       jdk.internal.loader.URLClassPath$FileLoader::getResource (153 bytes)
Event: 10.863 Thread 0x00000224cd060820 2400 %     4       jdk.internal.loader.URLClassPath::findResource @ 3 (38 bytes)

GC Heap History (4 events):
Event: 6.956 GC heap before
{Heap before GC invocations=0 (full 0):
 garbage-first heap   total 253952K, used 22528K [0x0000000709400000, 0x0000000800000000)
  region size 2048K, 11 young (22528K), 0 survivors (0K)
 Metaspace       used 11666K, committed 11968K, reserved 1114112K
  class space    used 1311K, committed 1472K, reserved 1048576K
}
Event: 6.961 GC heap after
{Heap after GC invocations=1 (full 0):
 garbage-first heap   total 253952K, used 8538K [0x0000000709400000, 0x0000000800000000)
  region size 2048K, 2 young (4096K), 2 survivors (4096K)
 Metaspace       used 11666K, committed 11968K, reserved 1114112K
  class space    used 1311K, committed 1472K, reserved 1048576K
}
Event: 10.515 GC heap before
{Heap before GC invocations=1 (full 0):
 garbage-first heap   total 253952K, used 29018K [0x0000000709400000, 0x0000000800000000)
  region size 2048K, 12 young (24576K), 2 survivors (4096K)
 Metaspace       used 14780K, committed 15040K, reserved 1114112K
  class space    used 1598K, committed 1728K, reserved 1048576K
}
Event: 10.520 GC heap after
{Heap after GC invocations=2 (full 0):
 garbage-first heap   total 253952K, used 9477K [0x0000000709400000, 0x0000000800000000)
  region size 2048K, 1 young (2048K), 1 survivors (2048K)
 Metaspace       used 14780K, committed 15040K, reserved 1114112K
  class space    used 1598K, committed 1728K, reserved 1048576K
}

Dll operation events (20 events):
Event: 10.459 Loaded shared library C:\Users\tranh\.javacpp\cache\javacpp-1.5.10-windows-x86_64.jar\org\bytedeco\javacpp\windows-x86_64\api-ms-win-core-debug-l1-1-0.dll
Event: 10.463 Loaded shared library C:\Users\tranh\.javacpp\cache\javacpp-1.5.10-windows-x86_64.jar\org\bytedeco\javacpp\windows-x86_64\api-ms-win-core-rtlsupport-l1-1-0.dll
Event: 10.469 Loaded shared library C:\Users\tranh\.javacpp\cache\javacpp-1.5.10-windows-x86_64.jar\org\bytedeco\javacpp\windows-x86_64\api-ms-win-core-processthreads-l1-1-1.dll
Event: 10.474 Loaded shared library C:\Users\tranh\.javacpp\cache\javacpp-1.5.10-windows-x86_64.jar\org\bytedeco\javacpp\windows-x86_64\api-ms-win-core-file-l1-2-0.dll
Event: 10.477 Loaded shared library C:\Users\tranh\.javacpp\cache\javacpp-1.5.10-windows-x86_64.jar\org\bytedeco\javacpp\windows-x86_64\api-ms-win-core-profile-l1-1-0.dll
Event: 10.483 Loaded shared library C:\Users\tranh\.javacpp\cache\javacpp-1.5.10-windows-x86_64.jar\org\bytedeco\javacpp\windows-x86_64\api-ms-win-core-memory-l1-1-0.dll
Event: 10.488 Loaded shared library C:\Users\tranh\.javacpp\cache\javacpp-1.5.10-windows-x86_64.jar\org\bytedeco\javacpp\windows-x86_64\api-ms-win-core-util-l1-1-0.dll
Event: 10.493 Loaded shared library C:\Users\tranh\.javacpp\cache\javacpp-1.5.10-windows-x86_64.jar\org\bytedeco\javacpp\windows-x86_64\api-ms-win-core-interlocked-l1-1-0.dll
Event: 10.499 Loaded shared library C:\Users\tranh\.javacpp\cache\javacpp-1.5.10-windows-x86_64.jar\org\bytedeco\javacpp\windows-x86_64\ucrtbase.dll
Event: 10.505 Loaded shared library C:\Users\tranh\.javacpp\cache\javacpp-1.5.10-windows-x86_64.jar\org\bytedeco\javacpp\windows-x86_64\vcruntime140.dll
Event: 10.512 Loaded shared library C:\Users\tranh\.javacpp\cache\javacpp-1.5.10-windows-x86_64.jar\org\bytedeco\javacpp\windows-x86_64\vcruntime140_1.dll
Event: 10.525 Loaded shared library C:\Users\tranh\.javacpp\cache\javacpp-1.5.10-windows-x86_64.jar\org\bytedeco\javacpp\windows-x86_64\msvcp140.dll
Event: 10.531 Loaded shared library C:\Users\tranh\.javacpp\cache\javacpp-1.5.10-windows-x86_64.jar\org\bytedeco\javacpp\windows-x86_64\msvcp140_1.dll
Event: 10.535 Loaded shared library C:\Users\tranh\.javacpp\cache\javacpp-1.5.10-windows-x86_64.jar\org\bytedeco\javacpp\windows-x86_64\concrt140.dll
Event: 10.540 Loaded shared library C:\Users\tranh\.javacpp\cache\javacpp-1.5.10-windows-x86_64.jar\org\bytedeco\javacpp\windows-x86_64\vcomp140.dll
Event: 10.545 Loaded shared library C:\Users\tranh\.javacpp\cache\javacpp-1.5.10-windows-x86_64.jar\org\bytedeco\javacpp\windows-x86_64\jnijavacpp.dll
Event: 10.605 Loaded shared library C:\Users\tranh\.javacpp\cache\openblas-0.3.26-1.5.10-windows-x86_64.jar\org\bytedeco\openblas\windows-x86_64\libopenblas_nolapack.dll
Event: 10.620 Loaded shared library C:\Users\tranh\.javacpp\cache\openblas-0.3.26-1.5.10-windows-x86_64.jar\org\bytedeco\openblas\windows-x86_64\jniopenblas_nolapack.dll
Event: 10.682 Loaded shared library C:\Users\tranh\.javacpp\cache\openblas-0.3.26-1.5.10-windows-x86_64.jar\org\bytedeco\openblas\windows-x86_64\libopenblas.dll
Event: 10.697 Loaded shared library C:\Users\tranh\.javacpp\cache\openblas-0.3.26-1.5.10-windows-x86_64.jar\org\bytedeco\openblas\windows-x86_64\jniopenblas.dll

Deoptimization events (20 events):
Event: 10.850 Thread 0x00000224cd3d6fc0 DEOPT PACKING pc=0x00000224ef54fbfc sp=0x000000e3853fd250
Event: 10.850 Thread 0x00000224cd3d6fc0 DEOPT UNPACKING pc=0x00000224f6554e42 sp=0x000000e3853fc6f0 mode 0
Event: 10.859 Thread 0x00000224cd3d6fc0 DEOPT PACKING pc=0x00000224ef54fbfc sp=0x000000e3853fd250
Event: 10.859 Thread 0x00000224cd3d6fc0 DEOPT UNPACKING pc=0x00000224f6554e42 sp=0x000000e3853fc6f0 mode 0
Event: 10.864 Thread 0x00000224cd3d6fc0 DEOPT PACKING pc=0x00000224ef54fbfc sp=0x000000e3853fd250
Event: 10.864 Thread 0x00000224cd3d6fc0 DEOPT UNPACKING pc=0x00000224f6554e42 sp=0x000000e3853fc6f0 mode 0
Event: 10.871 Thread 0x00000224cd3d6fc0 DEOPT PACKING pc=0x00000224ef54fbfc sp=0x000000e3853fd250
Event: 10.871 Thread 0x00000224cd3d6fc0 DEOPT UNPACKING pc=0x00000224f6554e42 sp=0x000000e3853fc6f0 mode 0
Event: 10.875 Thread 0x00000224cd3d6fc0 DEOPT PACKING pc=0x00000224ef54fbfc sp=0x000000e3853fd250
Event: 10.875 Thread 0x00000224cd3d6fc0 DEOPT UNPACKING pc=0x00000224f6554e42 sp=0x000000e3853fc6f0 mode 0
Event: 10.879 Thread 0x00000224cd3d6fc0 DEOPT PACKING pc=0x00000224ef54fbfc sp=0x000000e3853fd250
Event: 10.879 Thread 0x00000224cd3d6fc0 DEOPT UNPACKING pc=0x00000224f6554e42 sp=0x000000e3853fc6f0 mode 0
Event: 10.885 Thread 0x00000224cd3d6fc0 DEOPT PACKING pc=0x00000224ef54fbfc sp=0x000000e3853fd250
Event: 10.885 Thread 0x00000224cd3d6fc0 DEOPT UNPACKING pc=0x00000224f6554e42 sp=0x000000e3853fc6f0 mode 0
Event: 10.894 Thread 0x00000224cd3d6fc0 DEOPT PACKING pc=0x00000224ef54fbfc sp=0x000000e3853fd250
Event: 10.894 Thread 0x00000224cd3d6fc0 DEOPT UNPACKING pc=0x00000224f6554e42 sp=0x000000e3853fc6f0 mode 0
Event: 10.899 Thread 0x00000224cd3d6fc0 DEOPT PACKING pc=0x00000224ef54fbfc sp=0x000000e3853fd250
Event: 10.899 Thread 0x00000224cd3d6fc0 DEOPT UNPACKING pc=0x00000224f6554e42 sp=0x000000e3853fc6f0 mode 0
Event: 10.903 Thread 0x00000224cd3d6fc0 DEOPT PACKING pc=0x00000224ef54fbfc sp=0x000000e3853fd250
Event: 10.903 Thread 0x00000224cd3d6fc0 DEOPT UNPACKING pc=0x00000224f6554e42 sp=0x000000e3853fc6f0 mode 0

Classes loaded (20 events):
Event: 10.375 Loading class java/util/concurrent/RunnableScheduledFuture
Event: 10.375 Loading class java/util/concurrent/RunnableFuture
Event: 10.375 Loading class java/util/concurrent/RunnableFuture done
Event: 10.375 Loading class java/util/concurrent/ScheduledFuture
Event: 10.375 Loading class java/util/concurrent/ScheduledFuture done
Event: 10.375 Loading class java/util/concurrent/RunnableScheduledFuture done
Event: 10.376 Loading class java/util/concurrent/ScheduledThreadPoolExecutor$ScheduledFutureTask
Event: 10.376 Loading class java/util/concurrent/FutureTask
Event: 10.377 Loading class java/util/concurrent/FutureTask done
Event: 10.377 Loading class java/util/concurrent/ScheduledThreadPoolExecutor$ScheduledFutureTask done
Event: 10.377 Loading class java/util/concurrent/FutureTask$WaitNode
Event: 10.377 Loading class java/util/concurrent/FutureTask$WaitNode done
Event: 10.377 Loading class java/util/concurrent/Executors$RunnableAdapter
Event: 10.377 Loading class java/util/concurrent/Executors$RunnableAdapter done
Event: 10.377 Loading class java/util/concurrent/ThreadPoolExecutor$Worker
Event: 10.377 Loading class java/util/concurrent/ThreadPoolExecutor$Worker done
Event: 10.584 Loading class java/util/regex/Pattern$BnM
Event: 10.584 Loading class java/util/regex/Pattern$BnM done
Event: 10.584 Loading class java/util/regex/Pattern$SliceS
Event: 10.584 Loading class java/util/regex/Pattern$SliceS done

Classes unloaded (0 events):
No events

Classes redefined (0 events):
No events

Internal exceptions (20 events):
Event: 0.772 Thread 0x00000224e6c7c960 Exception <a 'java/lang/NoSuchMethodError'{0x0000000717fa11d0}: 'java.lang.Object java.lang.invoke.DirectMethodHandle$Holder.newInvokeSpecial(java.lang.Object, java.lang.Object, java.lang.Object, java.lang.Object, java.lang.Object)'> (0x0000000717fa11d0) 
thrown [s\open\src\hotspot\share\interpreter\linkResolver.cpp, line 773]
Event: 0.777 Thread 0x00000224e6c7c960 Exception <a 'java/lang/NoSuchMethodError'{0x0000000717c09e10}: 'java.lang.Object java.lang.invoke.DirectMethodHandle$Holder.invokeStatic(java.lang.Object, int, java.lang.Object)'> (0x0000000717c09e10) 
thrown [s\open\src\hotspot\share\interpreter\linkResolver.cpp, line 773]
Event: 0.802 Thread 0x00000224e6c7c960 Exception <a 'java/lang/ClassNotFoundException'{0x0000000717ca9228}: com/sun/swing/internal/plaf/metal/resources/spi/metalProvider> (0x0000000717ca9228) 
thrown [s\open\src\hotspot\share\classfile\systemDictionary.cpp, line 312]
Event: 0.804 Thread 0x00000224e6c7c960 Exception <a 'java/lang/ClassNotFoundException'{0x0000000717cad188}: com/sun/swing/internal/plaf/basic/resources/spi/basicProvider> (0x0000000717cad188) 
thrown [s\open\src\hotspot\share\classfile\systemDictionary.cpp, line 312]
Event: 0.819 Thread 0x00000224e6c7c960 Exception <a 'java/lang/NoSuchMethodError'{0x0000000717cc91e8}: 'int java.lang.invoke.Invokers$Holder.invokeExact_MT(java.lang.Object, java.lang.Object)'> (0x0000000717cc91e8) 
thrown [s\open\src\hotspot\share\interpreter\linkResolver.cpp, line 773]
Event: 0.877 Thread 0x00000224e6c7c960 Exception <a 'java/lang/NoSuchMethodError'{0x0000000717d227d0}: 'void java.lang.invoke.DirectMethodHandle$Holder.invokeStaticInit(java.lang.Object)'> (0x0000000717d227d0) 
thrown [s\open\src\hotspot\share\interpreter\linkResolver.cpp, line 773]
Event: 0.966 Thread 0x00000224cc52ff10 Exception <a 'java/lang/NoSuchMethodError'{0x0000000717fd20b0}: 'void java.lang.invoke.DirectMethodHandle$Holder.invokeVirtual(java.lang.Object, java.lang.Object)'> (0x0000000717fd20b0) 
thrown [s\open\src\hotspot\share\interpreter\linkResolver.cpp, line 773]
Event: 0.990 Thread 0x00000224cd450990 Exception <a 'java/lang/NoSuchMethodError'{0x0000000717af37e8}: 'java.lang.Object java.lang.invoke.DirectMethodHandle$Holder.newInvokeSpecial(java.lang.Object, java.lang.Object, int, java.lang.Object)'> (0x0000000717af37e8) 
thrown [s\open\src\hotspot\share\interpreter\linkResolver.cpp, line 773]
Event: 0.992 Thread 0x00000224cd450990 Exception <a 'java/lang/NoSuchMethodError'{0x0000000717af7d60}: 'java.lang.Object java.lang.invoke.DirectMethodHandle$Holder.invokeSpecial(java.lang.Object, java.lang.Object, java.lang.Object, int, java.lang.Object)'> (0x0000000717af7d60) 
thrown [s\open\src\hotspot\share\interpreter\linkResolver.cpp, line 773]
Event: 0.993 Thread 0x00000224cd450990 Exception <a 'java/lang/NoSuchMethodError'{0x0000000717afb410}: 'java.lang.Object java.lang.invoke.Invokers$Holder.invoke_MT(java.lang.Object, java.lang.Object, int, java.lang.Object, java.lang.Object)'> (0x0000000717afb410) 
thrown [s\open\src\hotspot\share\interpreter\linkResolver.cpp, line 773]
Event: 1.119 Thread 0x00000224863e10d0 Exception <a 'java/lang/NoSuchMethodError'{0x00000007179698b0}: 'java.lang.Object java.lang.invoke.Invokers$Holder.invokeExact_MT(java.lang.Object, java.lang.Object, java.lang.Object, java.lang.Object, java.lang.Object, java.lang.Object)'> (0x00000007179698b0) 
thrown [s\open\src\hotspot\share\interpreter\linkResolver.cpp, line 773]
Event: 6.930 Thread 0x00000224cd3d6930 Exception <a 'java/lang/NoSuchMethodError'{0x00000007177ec450}: 'java.lang.Object java.lang.invoke.DirectMethodHandle$Holder.newInvokeSpecial(java.lang.Object, java.lang.Object, java.lang.Object, int, int, int, int, int)'> (0x00000007177ec450) 
thrown [s\open\src\hotspot\share\interpreter\linkResolver.cpp, line 773]
Event: 6.982 Thread 0x00000224cd35a870 Exception <a 'java/lang/NoSuchMethodError'{0x0000000718a0dd68}: 'int java.lang.invoke.DirectMethodHandle$Holder.invokeStatic(java.lang.Object)'> (0x0000000718a0dd68) 
thrown [s\open\src\hotspot\share\interpreter\linkResolver.cpp, line 773]
Event: 10.169 Thread 0x00000224cd3d6fc0 Exception <a 'java/lang/NoSuchMethodError'{0x0000000718772b80}: 'int java.lang.invoke.DirectMethodHandle$Holder.invokeStaticInit(java.lang.Object, java.lang.Object, java.lang.Object, java.lang.Object)'> (0x0000000718772b80) 
thrown [s\open\src\hotspot\share\interpreter\linkResolver.cpp, line 773]
Event: 10.173 Thread 0x00000224cd3d6fc0 Exception <a 'java/lang/NoSuchMethodError'{0x00000007187ae870}: 'java.lang.Object java.lang.invoke.DirectMethodHandle$Holder.invokeInterface(java.lang.Object, java.lang.Object)'> (0x00000007187ae870) 
thrown [s\open\src\hotspot\share\interpreter\linkResolver.cpp, line 773]
Event: 10.173 Thread 0x00000224cd3d6fc0 Exception <a 'java/lang/IncompatibleClassChangeError'{0x00000007187b1ad8}: Found class java.lang.Object, but interface was expected> (0x00000007187b1ad8) 
thrown [s\open\src\hotspot\share\interpreter\linkResolver.cpp, line 840]
Event: 10.174 Thread 0x00000224cd3d6fc0 Exception <a 'java/lang/NoSuchMethodError'{0x00000007187b44d0}: 'void java.lang.invoke.DirectMethodHandle$Holder.invokeStaticInit(java.lang.Object, java.lang.Object)'> (0x00000007187b44d0) 
thrown [s\open\src\hotspot\share\interpreter\linkResolver.cpp, line 773]
Event: 10.175 Thread 0x00000224cd3d6fc0 Exception <a 'java/lang/NoSuchMethodError'{0x00000007187ed440}: 'int java.lang.invoke.DirectMethodHandle$Holder.invokeStaticInit(java.lang.Object, java.lang.Object)'> (0x00000007187ed440) 
thrown [s\open\src\hotspot\share\interpreter\linkResolver.cpp, line 773]
Event: 10.259 Thread 0x00000224cd35a870 Exception <a 'java/lang/NoSuchMethodError'{0x0000000718254390}: 'java.lang.Object java.lang.invoke.DirectMethodHandle$Holder.invokeStaticInit(java.lang.Object, int, int, int, int)'> (0x0000000718254390) 
thrown [s\open\src\hotspot\share\interpreter\linkResolver.cpp, line 773]
Event: 10.302 Thread 0x00000224cd3d5580 Exception <a 'java/lang/NoSuchMethodError'{0x00000007183f7ca0}: 'java.lang.Object java.lang.invoke.DirectMethodHandle$Holder.invokeStaticInit(java.lang.Object, java.lang.Object, int, int, int, int)'> (0x00000007183f7ca0) 
thrown [s\open\src\hotspot\share\interpreter\linkResolver.cpp, line 773]

ZGC Phase Switch (0 events):
No events

VM Operations (20 events):
Event: 7.968 Executing VM operation: Cleanup
Event: 7.969 Executing VM operation: Cleanup done
Event: 8.972 Executing VM operation: Cleanup
Event: 8.972 Executing VM operation: Cleanup done
Event: 9.982 Executing VM operation: Cleanup
Event: 9.982 Executing VM operation: Cleanup done
Event: 10.112 Executing VM operation: HandshakeAllThreads (Deoptimize)
Event: 10.112 Executing VM operation: HandshakeAllThreads (Deoptimize) done
Event: 10.115 Executing VM operation: HandshakeAllThreads (Deoptimize)
Event: 10.115 Executing VM operation: HandshakeAllThreads (Deoptimize) done
Event: 10.188 Executing VM operation: HandshakeAllThreads (Deoptimize)
Event: 10.188 Executing VM operation: HandshakeAllThreads (Deoptimize) done
Event: 10.213 Executing VM operation: HandshakeAllThreads (Deoptimize)
Event: 10.213 Executing VM operation: HandshakeAllThreads (Deoptimize) done
Event: 10.223 Executing VM operation: HandshakeAllThreads (Deoptimize)
Event: 10.223 Executing VM operation: HandshakeAllThreads (Deoptimize) done
Event: 10.241 Executing VM operation: HandshakeAllThreads (Deoptimize)
Event: 10.241 Executing VM operation: HandshakeAllThreads (Deoptimize) done
Event: 10.515 Executing VM operation: G1CollectForAllocation (G1 Evacuation Pause)
Event: 10.520 Executing VM operation: G1CollectForAllocation (G1 Evacuation Pause) done

Events (20 events):
Event: 1.040 Thread 0x00000224cd3d62a0 Thread added: 0x00000224cd3d62a0
Event: 1.107 Thread 0x00000224cd062a30 Thread added: 0x00000224cd062a30
Event: 1.108 Thread 0x00000224cd063100 Thread added: 0x00000224cd063100
Event: 1.298 Thread 0x00000224cd063100 Thread exited: 0x00000224cd063100
Event: 1.298 Thread 0x00000224cd062a30 Thread exited: 0x00000224cd062a30
Event: 5.067 Thread 0x00000224863eca60 Thread exited: 0x00000224863eca60
Event: 6.927 Thread 0x00000224cd3d6930 Thread added: 0x00000224cd3d6930
Event: 9.687 Thread 0x00000224863ea180 Thread exited: 0x00000224863ea180
Event: 10.119 Thread 0x00000224cd063100 Thread added: 0x00000224cd063100
Event: 10.119 Thread 0x00000224cd062a30 Thread added: 0x00000224cd062a30
Event: 10.125 Thread 0x00000224cd3d6fc0 Thread added: 0x00000224cd3d6fc0
Event: 10.146 Thread 0x00000224cd063ea0 Thread added: 0x00000224cd063ea0
Event: 10.184 Thread 0x00000224cd060820 Thread added: 0x00000224cd060820
Event: 10.189 Thread 0x00000224cd064570 Thread added: 0x00000224cd064570
Event: 10.194 Thread 0x00000224cd060ef0 Thread added: 0x00000224cd060ef0
Event: 10.268 Thread 0x00000224cd3d5580 Thread added: 0x00000224cd3d5580
Event: 10.314 Thread 0x00000224cd3d41d0 Thread added: 0x00000224cd3d41d0
Event: 10.378 Thread 0x00000224cd3d4860 Thread added: 0x00000224cd3d4860
Event: 10.564 Thread 0x00000224d6e077c0 Thread added: 0x00000224d6e077c0
Event: 10.712 Thread 0x00000224cd060ef0 Thread exited: 0x00000224cd060ef0


Dynamic libraries:
0x00007ff783890000 - 0x00007ff7838a0000 	C:\Program Files\Java\jdk-21\bin\java.exe
0x00007ff904540000 - 0x00007ff9047a3000 	C:\WINDOWS\SYSTEM32\ntdll.dll
0x00007ff902ce0000 - 0x00007ff902da8000 	C:\WINDOWS\System32\KERNEL32.DLL
0x00007ff901cb0000 - 0x00007ff902061000 	C:\WINDOWS\System32\KERNELBASE.dll
0x00007ff902260000 - 0x00007ff9023ab000 	C:\WINDOWS\System32\ucrtbase.dll
0x00007ff8f1070000 - 0x00007ff8f1089000 	C:\Program Files\Java\jdk-21\bin\jli.dll
0x00007ff8f9950000 - 0x00007ff8f996b000 	C:\Program Files\Java\jdk-21\bin\VCRUNTIME140.dll
0x00007ff9030a0000 - 0x00007ff903154000 	C:\WINDOWS\System32\ADVAPI32.dll
0x00007ff9039c0000 - 0x00007ff903a69000 	C:\WINDOWS\System32\msvcrt.dll
0x00007ff904450000 - 0x00007ff9044f6000 	C:\WINDOWS\System32\sechost.dll
0x00007ff903710000 - 0x00007ff903826000 	C:\WINDOWS\System32\RPCRT4.dll
0x00007ff9023b0000 - 0x00007ff902578000 	C:\WINDOWS\System32\USER32.dll
0x00007ff901930000 - 0x00007ff901957000 	C:\WINDOWS\System32\win32u.dll
0x00007ff8ed6e0000 - 0x00007ff8ed970000 	C:\WINDOWS\WinSxS\amd64_microsoft.windows.common-controls_6595b64144ccf1df_6.0.26100.2161_none_3e0cadb0e33078e1\COMCTL32.dll
0x00007ff903330000 - 0x00007ff90335a000 	C:\WINDOWS\System32\GDI32.dll
0x00007ff901960000 - 0x00007ff901a85000 	C:\WINDOWS\System32\gdi32full.dll
0x00007ff902070000 - 0x00007ff902113000 	C:\WINDOWS\System32\msvcp_win.dll
0x00007ff8facd0000 - 0x00007ff8facdb000 	C:\WINDOWS\SYSTEM32\VERSION.dll
0x00007ff903360000 - 0x00007ff90338f000 	C:\WINDOWS\System32\IMM32.DLL
0x00007ff8fd870000 - 0x00007ff8fd87c000 	C:\Program Files\Java\jdk-21\bin\vcruntime140_1.dll
0x00007ff8d9690000 - 0x00007ff8d971e000 	C:\Program Files\Java\jdk-21\bin\msvcp140.dll
0x00007ff894b20000 - 0x00007ff895835000 	C:\Program Files\Java\jdk-21\bin\server\jvm.dll
0x00007ff902f90000 - 0x00007ff903004000 	C:\WINDOWS\System32\WS2_32.dll
0x00007ff9017c0000 - 0x00007ff90180e000 	C:\WINDOWS\SYSTEM32\POWRPROF.dll
0x00007ff8f7280000 - 0x00007ff8f72b6000 	C:\WINDOWS\SYSTEM32\WINMM.dll
0x00007ff9017a0000 - 0x00007ff9017b4000 	C:\WINDOWS\SYSTEM32\UMPDC.dll
0x00007ff900760000 - 0x00007ff90077a000 	C:\WINDOWS\SYSTEM32\kernel.appcore.dll
0x00007ff8e8140000 - 0x00007ff8e814a000 	C:\Program Files\Java\jdk-21\bin\jimage.dll
0x00007ff8ff390000 - 0x00007ff8ff5d1000 	C:\WINDOWS\SYSTEM32\DBGHELP.DLL
0x00007ff903a70000 - 0x00007ff903ded000 	C:\WINDOWS\System32\combase.dll
0x00007ff903620000 - 0x00007ff9036f6000 	C:\WINDOWS\System32\OLEAUT32.dll
0x00007ff8ebfb0000 - 0x00007ff8ebfe9000 	C:\WINDOWS\SYSTEM32\dbgcore.DLL
0x00007ff901c10000 - 0x00007ff901ca9000 	C:\WINDOWS\System32\bcryptPrimitives.dll
0x00007ff8fd7b0000 - 0x00007ff8fd7bf000 	C:\Program Files\Java\jdk-21\bin\instrument.dll
0x00007ff8d9a30000 - 0x00007ff8d9a4f000 	C:\Program Files\Java\jdk-21\bin\java.dll
0x00007ff902580000 - 0x00007ff902c7f000 	C:\WINDOWS\System32\SHELL32.dll
0x00007ff8ff670000 - 0x00007ff8ffe9d000 	C:\WINDOWS\SYSTEM32\windows.storage.dll
0x00007ff903540000 - 0x00007ff903613000 	C:\WINDOWS\System32\SHCORE.dll
0x00007ff9043f0000 - 0x00007ff90444d000 	C:\WINDOWS\System32\shlwapi.dll
0x00007ff901840000 - 0x00007ff90186e000 	C:\WINDOWS\SYSTEM32\profapi.dll
0x00007ff8d95b0000 - 0x00007ff8d9687000 	C:\Program Files\Java\jdk-21\bin\jsvml.dll
0x00007ff8d9770000 - 0x00007ff8d9788000 	C:\Program Files\Java\jdk-21\bin\zip.dll
0x00007ff8e8130000 - 0x00007ff8e8140000 	C:\Program Files\Java\jdk-21\bin\net.dll
0x00007ff8fdda0000 - 0x00007ff8fdec6000 	C:\WINDOWS\SYSTEM32\WINHTTP.dll
0x00007ff900c80000 - 0x00007ff900ce8000 	C:\WINDOWS\system32\mswsock.dll
0x00007ff8d9790000 - 0x00007ff8d97a6000 	C:\Program Files\Java\jdk-21\bin\nio.dll
0x00007ff8fc940000 - 0x00007ff8fc95a000 	F:\IntelliJ IDEA Community Edition 2024.2.0.1\bin\breakgen64.dll
0x00007ff8d9580000 - 0x00007ff8d9587000 	C:\Program Files\Java\jdk-21\bin\extnet.dll
0x00007ff8d88a0000 - 0x00007ff8d8a2f000 	C:\Program Files\Java\jdk-21\bin\awt.dll
0x00007ff8fd8b0000 - 0x00007ff8fd94c000 	C:\WINDOWS\SYSTEM32\apphelp.dll
0x00007ff8fee30000 - 0x00007ff8fee5e000 	C:\WINDOWS\system32\DWMAPI.DLL
0x00007ff8fe940000 - 0x00007ff8fe9ed000 	C:\WINDOWS\system32\uxtheme.dll
0x00007ff886c80000 - 0x00007ff886d8c000 	C:\WINDOWS\system32\opengl32.dll
0x00007ff8b4a30000 - 0x00007ff8b4a5d000 	C:\WINDOWS\SYSTEM32\GLU32.dll
0x00007ff8fea40000 - 0x00007ff8fea85000 	C:\WINDOWS\SYSTEM32\dxcore.dll
0x00007ff903830000 - 0x00007ff90398b000 	C:\WINDOWS\System32\MSCTF.dll
0x00007ff9033a0000 - 0x00007ff903539000 	C:\WINDOWS\System32\ole32.dll
0x00007ff8904c0000 - 0x00007ff890666000 	C:\WINDOWS\system32\d3d9.dll
0x00007ff8fea90000 - 0x00007ff8feaec000 	C:\WINDOWS\SYSTEM32\directxdatabasehelper.dll
0x00007ff900f90000 - 0x00007ff900fa3000 	C:\WINDOWS\SYSTEM32\msasn1.dll
0x00007ff8f94e0000 - 0x00007ff8f951b000 	C:\WINDOWS\SYSTEM32\cryptnet.dll
0x00007ff901a90000 - 0x00007ff901c06000 	C:\WINDOWS\System32\CRYPT32.dll
0x00007ff900f40000 - 0x00007ff900f4c000 	C:\WINDOWS\SYSTEM32\cryptbase.dll
0x00007ff902120000 - 0x00007ff90219a000 	C:\WINDOWS\System32\wintrust.dll
0x00007ff903990000 - 0x00007ff9039b0000 	C:\WINDOWS\System32\imagehlp.dll
0x00007ff900f20000 - 0x00007ff900f3c000 	C:\WINDOWS\SYSTEM32\CRYPTSP.dll
0x00007ff9006c0000 - 0x00007ff9006f8000 	C:\WINDOWS\system32\rsaenh.dll
0x00007ff901160000 - 0x00007ff901186000 	C:\WINDOWS\SYSTEM32\bcrypt.dll
0x00007ff8d32a0000 - 0x00007ff8d3361000 	C:\WINDOWS\System32\DriverStore\FileRepository\nvam.inf_amd64_900a074fe80431cd\nvldumdx.dll
0x00007ff901000000 - 0x00007ff90105d000 	C:\WINDOWS\SYSTEM32\wldp.dll
0x00007ff8f9350000 - 0x00007ff8f94c7000 	C:\WINDOWS\SYSTEM32\drvstore.dll
0x00007ff901490000 - 0x00007ff9014bd000 	C:\WINDOWS\SYSTEM32\devobj.dll
0x00007ff9014e0000 - 0x00007ff90153f000 	C:\WINDOWS\SYSTEM32\cfgmgr32.dll
0x00007ff8d1470000 - 0x00007ff8d329f000 	C:\WINDOWS\System32\DriverStore\FileRepository\nvam.inf_amd64_900a074fe80431cd\nvgpucomp64.dll
0x00007ff89dde0000 - 0x00007ff89fe23000 	C:\WINDOWS\System32\DriverStore\FileRepository\nvam.inf_amd64_900a074fe80431cd\nvd3dumx.dll
0x00007ff8f5af0000 - 0x00007ff8f5ca8000 	C:\WINDOWS\System32\DriverStore\FileRepository\u0382793.inf_amd64_1c9c9d36a5813460\B384051\aticfx64.dll
0x00007ff8f6fe0000 - 0x00007ff8f7014000 	C:\WINDOWS\System32\DriverStore\FileRepository\u0382793.inf_amd64_1c9c9d36a5813460\B384051\atiu9p64.dll
0x00007ff8c84d0000 - 0x00007ff8c9224000 	C:\WINDOWS\System32\DriverStore\FileRepository\u0382793.inf_amd64_1c9c9d36a5813460\B384051\atiumd64.dll
0x0000000067f40000 - 0x0000000068db4000 	C:\WINDOWS\System32\DriverStore\FileRepository\u0382793.inf_amd64_1c9c9d36a5813460\B384051\atiumd6a.dll
0x00007ff903df0000 - 0x00007ff904275000 	C:\WINDOWS\System32\SETUPAPI.dll
0x00007ff8f3580000 - 0x00007ff8f35b0000 	C:\WINDOWS\SYSTEM32\amdihk64.dll
0x00007ff8d8810000 - 0x00007ff8d8897000 	C:\Program Files\Java\jdk-21\bin\freetype.dll
0x00007ff8d8730000 - 0x00007ff8d8803000 	C:\Program Files\Java\jdk-21\bin\fontmanager.dll
0x00007ff9031e0000 - 0x00007ff903288000 	C:\WINDOWS\System32\clbcatq.dll
0x00007ff8fe6e0000 - 0x00007ff8fe90a000 	C:\WINDOWS\SYSTEM32\WindowsCodecs.dll
0x00007ff8d3510000 - 0x00007ff8d356a000 	C:\WINDOWS\system32\dataexchange.dll
0x00007ff8f3030000 - 0x00007ff8f3267000 	C:\WINDOWS\system32\twinapi.appcore.dll
0x00007ff8f29f0000 - 0x00007ff8f2b35000 	C:\WINDOWS\SYSTEM32\textinputframework.dll
0x00007ff8fd250000 - 0x00007ff8fd375000 	C:\WINDOWS\SYSTEM32\CoreMessaging.dll
0x00007ff8f6270000 - 0x00007ff8f6553000 	C:\WINDOWS\SYSTEM32\CoreUIComponents.dll
0x00007ff8fafb0000 - 0x00007ff8fb118000 	C:\WINDOWS\SYSTEM32\wintypes.dll
0x00007ff8e6860000 - 0x00007ff8e6878000 	C:\WINDOWS\system32\napinsp.dll
0x00007ff900250000 - 0x00007ff900375000 	C:\WINDOWS\SYSTEM32\DNSAPI.dll
0x00007ff900210000 - 0x00007ff900241000 	C:\WINDOWS\SYSTEM32\IPHLPAPI.DLL
0x00007ff902f80000 - 0x00007ff902f8a000 	C:\WINDOWS\System32\NSI.dll
0x00007ff8e6d30000 - 0x00007ff8e6d42000 	C:\WINDOWS\System32\winrnr.dll
0x00007ff8e5f20000 - 0x00007ff8e5f42000 	C:\WINDOWS\system32\nlansp_c.dll
0x00007ff8e5f00000 - 0x00007ff8e5f16000 	C:\WINDOWS\system32\wshbth.dll
0x00007ff8fd9d0000 - 0x00007ff8fd9db000 	C:\Windows\System32\rasadhlp.dll
0x00007ff8fe0b0000 - 0x00007ff8fe136000 	C:\WINDOWS\System32\fwpuclnt.dll
0x00007ff8d9550000 - 0x00007ff8d9560000 	C:\Program Files\Java\jdk-21\bin\verify.dll
0x00000224d79f0000 - 0x00000224d79f4000 	C:\Users\tranh\.javacpp\cache\javacpp-1.5.10-windows-x86_64.jar\org\bytedeco\javacpp\windows-x86_64\api-ms-win-crt-locale-l1-1-0.dll
0x00000224d7a00000 - 0x00000224d7a05000 	C:\Users\tranh\.javacpp\cache\javacpp-1.5.10-windows-x86_64.jar\org\bytedeco\javacpp\windows-x86_64\api-ms-win-crt-string-l1-1-0.dll
0x00000224d7a10000 - 0x00000224d7a15000 	C:\Users\tranh\.javacpp\cache\javacpp-1.5.10-windows-x86_64.jar\org\bytedeco\javacpp\windows-x86_64\api-ms-win-crt-stdio-l1-1-0.dll
0x00000224d7a20000 - 0x00000224d7a26000 	C:\Users\tranh\.javacpp\cache\javacpp-1.5.10-windows-x86_64.jar\org\bytedeco\javacpp\windows-x86_64\api-ms-win-crt-math-l1-1-0.dll
0x00007ff900d20000 - 0x00007ff900d4b000 	C:\WINDOWS\SYSTEM32\USERENV.dll
0x00000224d7a30000 - 0x00000224d7a34000 	C:\Users\tranh\.javacpp\cache\javacpp-1.5.10-windows-x86_64.jar\org\bytedeco\javacpp\windows-x86_64\api-ms-win-crt-heap-l1-1-0.dll
0x00000224d7a40000 - 0x00000224d7a45000 	C:\Users\tranh\.javacpp\cache\javacpp-1.5.10-windows-x86_64.jar\org\bytedeco\javacpp\windows-x86_64\api-ms-win-crt-runtime-l1-1-0.dll
0x00000224d7a50000 - 0x00000224d7a55000 	C:\Users\tranh\.javacpp\cache\javacpp-1.5.10-windows-x86_64.jar\org\bytedeco\javacpp\windows-x86_64\api-ms-win-crt-convert-l1-1-0.dll
0x00000224d7a60000 - 0x00000224d7a64000 	C:\Users\tranh\.javacpp\cache\javacpp-1.5.10-windows-x86_64.jar\org\bytedeco\javacpp\windows-x86_64\api-ms-win-crt-environment-l1-1-0.dll
0x00000224d7a70000 - 0x00000224d7a74000 	C:\Users\tranh\.javacpp\cache\javacpp-1.5.10-windows-x86_64.jar\org\bytedeco\javacpp\windows-x86_64\api-ms-win-crt-time-l1-1-0.dll
0x00000224d7a80000 - 0x00000224d7a84000 	C:\Users\tranh\.javacpp\cache\javacpp-1.5.10-windows-x86_64.jar\org\bytedeco\javacpp\windows-x86_64\api-ms-win-crt-filesystem-l1-1-0.dll
0x00000224d7a90000 - 0x00000224d7a94000 	C:\Users\tranh\.javacpp\cache\javacpp-1.5.10-windows-x86_64.jar\org\bytedeco\javacpp\windows-x86_64\api-ms-win-crt-utility-l1-1-0.dll
0x00000224d7aa0000 - 0x00000224d7aa6000 	C:\Users\tranh\.javacpp\cache\javacpp-1.5.10-windows-x86_64.jar\org\bytedeco\javacpp\windows-x86_64\api-ms-win-crt-multibyte-l1-1-0.dll
0x00000224d7ab0000 - 0x00000224d7ab4000 	C:\Users\tranh\.javacpp\cache\javacpp-1.5.10-windows-x86_64.jar\org\bytedeco\javacpp\windows-x86_64\api-ms-win-crt-conio-l1-1-0.dll
0x00000224d7ac0000 - 0x00000224d7ad1000 	C:\Users\tranh\.javacpp\cache\javacpp-1.5.10-windows-x86_64.jar\org\bytedeco\javacpp\windows-x86_64\api-ms-win-crt-private-l1-1-0.dll
0x00000224d7ae0000 - 0x00000224d7ae4000 	C:\Users\tranh\.javacpp\cache\javacpp-1.5.10-windows-x86_64.jar\org\bytedeco\javacpp\windows-x86_64\api-ms-win-crt-process-l1-1-0.dll
0x00000224d7af0000 - 0x00000224d7af4000 	C:\Users\tranh\.javacpp\cache\javacpp-1.5.10-windows-x86_64.jar\org\bytedeco\javacpp\windows-x86_64\api-ms-win-core-console-l1-2-0.dll
0x00000224d7b00000 - 0x00000224d7b04000 	C:\Users\tranh\.javacpp\cache\javacpp-1.5.10-windows-x86_64.jar\org\bytedeco\javacpp\windows-x86_64\api-ms-win-core-string-l1-1-0.dll
0x00000224d7b10000 - 0x00000224d7b14000 	C:\Users\tranh\.javacpp\cache\javacpp-1.5.10-windows-x86_64.jar\org\bytedeco\javacpp\windows-x86_64\api-ms-win-core-errorhandling-l1-1-0.dll
0x00000224d7b20000 - 0x00000224d7b24000 	C:\Users\tranh\.javacpp\cache\javacpp-1.5.10-windows-x86_64.jar\org\bytedeco\javacpp\windows-x86_64\api-ms-win-core-timezone-l1-1-0.dll
0x00000224d7b30000 - 0x00000224d7b35000 	C:\Users\tranh\.javacpp\cache\javacpp-1.5.10-windows-x86_64.jar\org\bytedeco\javacpp\windows-x86_64\api-ms-win-core-file-l1-1-0.dll
0x00000224d7b40000 - 0x00000224d7b44000 	C:\Users\tranh\.javacpp\cache\javacpp-1.5.10-windows-x86_64.jar\org\bytedeco\javacpp\windows-x86_64\api-ms-win-core-namedpipe-l1-1-0.dll
0x00000224d7b50000 - 0x00000224d7b54000 	C:\Users\tranh\.javacpp\cache\javacpp-1.5.10-windows-x86_64.jar\org\bytedeco\javacpp\windows-x86_64\api-ms-win-core-handle-l1-1-0.dll
0x00000224d7b60000 - 0x00000224d7b64000 	C:\Users\tranh\.javacpp\cache\javacpp-1.5.10-windows-x86_64.jar\org\bytedeco\javacpp\windows-x86_64\api-ms-win-core-file-l2-1-0.dll
0x00000224d7b70000 - 0x00000224d7b74000 	C:\Users\tranh\.javacpp\cache\javacpp-1.5.10-windows-x86_64.jar\org\bytedeco\javacpp\windows-x86_64\api-ms-win-core-heap-l1-1-0.dll
0x00000224d7b80000 - 0x00000224d7b84000 	C:\Users\tranh\.javacpp\cache\javacpp-1.5.10-windows-x86_64.jar\org\bytedeco\javacpp\windows-x86_64\api-ms-win-core-libraryloader-l1-1-0.dll
0x00000224d7b90000 - 0x00000224d7b94000 	C:\Users\tranh\.javacpp\cache\javacpp-1.5.10-windows-x86_64.jar\org\bytedeco\javacpp\windows-x86_64\api-ms-win-core-synch-l1-1-0.dll

dbghelp: loaded successfully - version: 4.0.5 - missing functions: none
symbol engine: initialized successfully - sym options: 0x614 - pdb path: .;C:\Program Files\Java\jdk-21\bin;C:\WINDOWS\SYSTEM32;C:\WINDOWS\WinSxS\amd64_microsoft.windows.common-controls_6595b64144ccf1df_6.0.26100.2161_none_3e0cadb0e33078e1;C:\Program Files\Java\jdk-21\bin\server;F:\IntelliJ IDEA Community Edition 2024.2.0.1\bin;C:\WINDOWS\System32\DriverStore\FileRepository\nvam.inf_amd64_900a074fe80431cd;C:\WINDOWS\System32\DriverStore\FileRepository\u0382793.inf_amd64_1c9c9d36a5813460\B384051;C:\Users\tranh\.javacpp\cache\javacpp-1.5.10-windows-x86_64.jar\org\bytedeco\javacpp\windows-x86_64;C:\Users\tranh\.javacpp\cache\openblas-0.3.26-1.5.10-windows-x86_64.jar\org\bytedeco\openblas\windows-x86_64

VM Arguments:
jvm_args: -javaagent:F:\IntelliJ IDEA Community Edition 2024.2.0.1\lib\idea_rt.jar=53210:F:\IntelliJ IDEA Community Edition 2024.2.0.1\bin -Dfile.encoding=UTF-8 -Dsun.stdout.encoding=UTF-8 -Dsun.stderr.encoding=UTF-8 
java_command: org.example.client.LivestreamClient
java_class_path (initial): C:\Users\tranh\.m2\repository\org\bytedeco\opencv\4.5.1-1.5.5;C:\Users\tranh\.m2\repository\org\bytedeco\opencv\4.5.1-1.5.5\opencv-4.5.1-1.5.5-android-arm64.jar;C:\Users\tranh\.m2\repository\org\bytedeco\opencv\4.5.1-1.5.5\opencv-4.5.1-1.5.5-android-arm64.jar.sha1;C:\Users\tranh\.m2\repository\org\bytedeco\opencv\4.5.1-1.5.5\opencv-4.5.1-1.5.5-android-x86_64.jar;C:\Users\tranh\.m2\repository\org\bytedeco\opencv\4.5.1-1.5.5\opencv-4.5.1-1.5.5-android-x86_64.jar.sha1;C:\Users\tranh\.m2\repository\org\bytedeco\opencv\4.5.1-1.5.5\opencv-4.5.1-1.5.5-ios-x86_64.jar;C:\Users\tranh\.m2\repository\org\bytedeco\opencv\4.5.1-1.5.5\opencv-4.5.1-1.5.5-ios-x86_64.jar.sha1;C:\Users\tranh\.m2\repository\org\bytedeco\opencv\4.5.1-1.5.5\opencv-4.5.1-1.5.5-linux-arm64.jar;C:\Users\tranh\.m2\repository\org\bytedeco\opencv\4.5.1-1.5.5\opencv-4.5.1-1.5.5-linux-arm64.jar.sha1;C:\Users\tranh\.m2\repository\org\bytedeco\opencv\4.5.1-1.5.5\opencv-4.5.1-1.5.5-linux-armhf.jar;C:\Users\tranh\.m2\repository\org\bytedeco\opencv\4.5.1-1.5.5\opencv-4.5.1-1.5.5-linux-armhf.jar.sha1;C:\Users\tranh\.m2\repository\org\bytedeco\opencv\4.5.1-1.5.5\opencv-4.5.1-1.5.5-linux-ppc64le.jar;C:\Users\tranh\.m2\repository\org\bytedeco\opencv\4.5.1-1.5.5\opencv-4.5.1-1.5.5-linux-ppc64le.jar.sha1;C:\Users\tranh\.m2\repository\org\bytedeco\opencv\4.5.1-1.5.5\opencv-4.5.1-1.5.5-linux-x86.jar;C:\Users\tranh\.m2\repository\org\bytedeco\opencv\4.5.1-1.5.5\opencv-4.5.1-1.5.5-linux-x86.jar.sha1;C:\Users\tranh\.m2\repository\org\bytedeco\opencv\4.5.1-1.5.5\opencv-4.5.1-1.5.5-macosx-x86_64.jar;C:\Users\tranh\.m2\repository\org\bytedeco\opencv\4.5.1-1.5.5\opencv-4.5.1-1.5.5-macosx-x86_64.jar.sha1;C:\Users\tranh\.m2\repository\org\bytedeco\opencv\4.5.1-1.5.5\opencv-4.5.1-1.5.5-windows-x86.jar;C:\Users\tranh\.m2\repository\org\bytedeco\opencv\4.5.1-1.5.5\opencv-4.5.1-1.5.5-windows-x86.jar.sha1;C:\Users\tranh\.m2\repository\org\bytedeco\opencv\4.5.1-1.5.5\opencv-4.5.1-1.5.5-windows-x86_64.jar;C:\Users\tranh\.m2\repository\org\bytedeco\opencv\4.5.1-1.5.5\opencv-4.5.1-1.5.5-windows-x86_64.jar.sha1;C:\Users\tranh\.m2\repository\org\bytedeco\opencv\4.5.1-1.5.5\opencv-4.5.1-1.5.5.jar;C:\Users\tranh\.m2\repository\org\bytedeco\opencv\4.5.1-1.5.5\opencv-4.5.1-1.5.5.jar.sha1;C:\Users\tranh\.m2\repository\org\bytedeco\opencv\4.5.1-1.5.5\opencv-4.5.1-1.5.5.pom;C:\Users\tranh\.m2\repository\org\bytedeco\opencv\4.5.1-1.5.5\opencv-4.5.1-1.5.5.pom.sha1;C:\Users\tranh\.m2\repository\org\bytedeco\opencv\4.5.1-1.5.5\_remote.repositories;F:\Workspace\Streaming\target\classes;C:\Users\tranh\.m2\repository\org\bytedeco\openblas\0.3.13-1.5.5\openblas-0.3.13-1.5.5.jar;C:\Users\tranh\.m2\repository\io\socket\socket.io-client\2.1.1\socket.io-client-2.1.1.jar;C:\Users\tranh\.m2\repository\io\socket\engine.io-client\2.1.0\engine.io-client-2.1.0.jar;C:\Users\tranh\.m2\repository\com\squareup\okhttp3\okhttp\3.12.12\okhttp-3.12.12.jar;C:\Users\tranh\.m2\repository\com\squareup\okio\okio\1.15.0\okio-1.15.0.jar;C:\Users\tranh\.m2\repository\org\json\json\20090211\json-20090211.jar;C:\Users\tranh\.m2\repository\io\socket\socket.io-server\1.0.0\socket.io-server-1.0.0.jar;C:\Users\tranh\.m2\repository\com\google\code\findbugs\jsr305\3.0.2\jsr305-3.0.2.jar;C:\Users\tranh\.m2\repository\io\socket\engine.io-server\6.2.1\engine.io-server-6.2.1.jar;C:\Users\tranh\.m2\repository\org\bytedeco\javacv-platform\1.5.10\javacv-platform-1.5.10.jar;C:\Users\tranh\.m2\repository\org\bytedeco\javacv\1.5.10\javacv-1.5.10.jar;C:\Users\tranh\.m2\repository\org\bytedeco\flycapture\2.13.3.31-1.5.9\flycapture-2.13.3.31-1.5.9.jar;C:\Users\tranh\.m2\repository\org\bytedeco\libdc1394\2.2.6-1.5.9\libdc1394-2.2.6-1.5.9.jar;C:\Users\tranh\.m2\repository\org\bytedeco\libfreenect\0.5.7-1.5.9\libfreenect-0.5.7-1.5.9.jar;C:\Users\tranh\.m2\repository\org\bytedeco\libfreenect2\0.2.0-1.5.9\libfreenect2-0.2.0-1.5.9.jar;C:\Users\tranh\.m2\repository\org\bytedeco\librealsense\1.12.4-1.5.9\librealsense-1.12.4-1.5.9.jar;C:\Users\tranh\.m2\repository\org\bytedeco\librealsense2\2.53.1-1.5.9\librealsense2-2.53.1-1.5.9.jar;C:\Users\tranh\.m2\repository\org\bytedeco\artoolkitplus\2.3.1-1.5.9\artoolkitplus-2.3.1-1.5.9.jar;C:\Users\tranh\.m2\repository\org\bytedeco\leptonica\1.84.1-1.5.10\leptonica-1.84.1-1.5.10.jar;C:\Users\tranh\.m2\repository\org\bytedeco\tesseract\5.3.4-1.5.10\tesseract-5.3.4-1.5.10.jar;C:\Users\tranh\.m2\repository\org\bytedeco\javacpp-platform\1.5.10\javacpp-platform-1.5.10.jar;C:\Users\tranh\.m2\repository\org\bytedeco\javacpp\1.5.10\javacpp-1.5.10-android-arm64.jar;C:\Users\tranh\.m2\repository\org\bytedeco\javacpp\1.5.10\javacpp-1.5.10-android-x86_64.jar;C:\Users\tranh\.m2\repository\org\bytedeco\javacpp\1.5.10\javacpp-1.5.10-ios-arm64.jar;C:\Users\tranh\.m2\repository\org\bytedeco\javacpp\1.5.10\javacpp-1.5.10-ios-x86_64.jar;C:\Users\tranh\.m2\repository\org\bytedeco\javacpp\1.5.10\javacpp-1.5.10-linux-arm64.jar;C:\Users\tranh\.m2\repository\org\bytedeco\javacpp\1.5.10\javacpp-1.5.10-linux-ppc64le.jar;C:\Users\tranh\.m2\repository\org\bytedeco\javacpp\1.5.10\javacpp-1.5.10-linux-x86_64.jar;C:\Users\tranh\.m2\repository\org\bytedeco\javacpp\1.5.10\javacpp-1.5.10-macosx-arm64.jar;C:\Users\tranh\.m2\repository\org\bytedeco\javacpp\1.5.10\javacpp-1.5.10-macosx-x86_64.jar;C:\Users\tranh\.m2\repository\org\bytedeco\javacpp\1.5.10\javacpp-1.5.10-windows-x86_64.jar;C:\Users\tranh\.m2\repository\org\bytedeco\openblas-platform\0.3.26-1.5.10\openblas-platform-0.3.26-1.5.10.jar;C:\Users\tranh\.m2\repository\org\bytedeco\openblas\0.3.26-1.5.10\openblas-0.3.26-1.5.10-android-arm64.jar;C:\Users\tranh\.m2\repository\org\bytedeco\openblas\0.3.26-1.5.10\openblas-0.3.26-1.5.10-android-x86_64.jar;C:\Users\tranh\.m2\repository\org\bytedeco\openblas\0.3.26-1.5.10\openblas-0.3.26-1.5.10-ios-arm64.jar;C:\Users\tranh\.m2\repository\org\bytedeco\openblas\0.3.26-1.5.10\openblas-0.3.26-1.5.10-ios-x86_64.jar;C:\Users\tranh\.m2\repository\org\bytedeco\openblas\0.3.26-1.5.10\openblas-0.3.26-1.5.10-linux-x86_64.jar;C:\Users\tranh\.m2\repository\org\bytedeco\openblas\0.3.26-1.5.10\openblas-0.3.26-1.5.10-linux-arm64.jar;C:\Users\tranh\.m2\repository\org\bytedeco\openblas\0.3.26-1.5.10\openblas-0.3.26-1.5.10-linux-ppc64le.jar;C:\Users\tranh\.m2\repository\org\bytedeco\openblas\0.3.26-1.5.10\openblas-0.3.26-1.5.10-macosx-arm64.jar;C:\Users\tranh\.m2\repository\org\bytedeco\openblas\0.3.26-1.5.10\openblas-0.3.26-1.5.10-macosx-x86_64.jar;C:\Users\tranh\.m2\repository\org\bytedeco\openblas\0.3.26-1.5.10\openblas-0.3.26-1.5.10-windows-x86_64.jar;C:\Users\tranh\.m2\repository\org\bytedeco\opencv-platform\4.9.0-1.5.10\opencv-platform-4.9.0-1.5.10.jar;C:\Users\tranh\.m2\repository\org\bytedeco\opencv\4.9.0-1.5.10\opencv-4.9.0-1.5.10-android-arm64.jar;C:\Users\tranh\.m2\repository\org\bytedeco\opencv\4.9.0-1.5.10\opencv-4.9.0-1.5.10-android-x86_64.jar;C:\Users\tranh\.m2\repository\org\bytedeco\opencv\4.9.0-1.5.10\opencv-4.9.0-1.5.10-ios-arm64.jar;C:\Users\tranh\.m2\repository\org\bytedeco\opencv\4.9.0-1.5.10\opencv-4.9.0-1.5.10-ios-x86_64.jar;C:\Users\tranh\.m2\repository\org\bytedeco\opencv\4.9.0-1.5.10\opencv-4.9.0-1.5.10-linux-x86_64.jar;C:\Users\tranh\.m2\repository\org\bytedeco\opencv\4.9.0-1.5.10\opencv-4.9.0-1.5.10-linux-arm64.jar;C:\Users\tranh\.m2\repository\org\bytedeco\opencv\4.9.0-1.5.10\opencv-4.9.0-1.5.10-linux-ppc64le.jar;C:\Users\tranh\.m2\repository\org\bytedeco\opencv\4.9.0-1.5.10\opencv-4.9.0-1.5.10-macosx-arm64.jar;C:\Users\tranh\.m2\repository\org\bytedeco\opencv\4.9.0-1.5.10\opencv-4.9.0-1.5.10-macosx-x86_64.jar;C:\Users\tranh\.m2\repository\org\bytedeco\opencv\4.9.0-1.5.10\opencv-4.9.0-1.5.10-windows-x86_64.jar;C:\Users\tranh\.m2\repository\org\bytedeco\flycapture-platform\2.13.3.31-1.5.9\flycapture-platform-2.13.3.31-1.5.9.jar;C:\Users\tranh\.m2\repository\org\bytedeco\flycapture\2.13.3.31-1.5.9\flycapture-2.13.3.31-1.5.9-linux-x86.jar;C:\Users\tranh\.m2\repository\org\bytedeco\flycapture\2.13.3.31-1.5.9\flycapture-2.13.3.31-1.5.9-linux-x86_64.jar;C:\Users\tranh\.m2\repository\org\bytedeco\flycapture\2.13.3.31-1.5.9\flycapture-2.13.3.31-1.5.9-linux-armhf.jar;C:\Users\tranh\.m2\repository\org\bytedeco\flycapture\2.13.3.31-1.5.9\flycapture-2.13.3.31-1.5.9-linux-arm64.jar;C:\Users\tranh\.m2\repository\org\bytedeco\flycapture\2.13.3.31-1.5.9\flycapture-2.13.3.31-1.5.9-windows-x86.jar;C:\Users\tranh\.m2\repository\org\bytedeco\flycapture\2.13.3.31-1.5.9\flycapture-2.13.3.31-1.5.9-windows-x86_64.jar;C:\Users\tranh\.m2\repository\org\bytedeco\libdc1394-platform\2.2.6-1.5.9\libdc1394-platform-2.2.6-1.5.9.jar;C:\Users\tranh\.m2\repository\org\bytedeco\libdc1394\2.2.6-1.5.9\libdc1394-2.2.6-1.5.9-linux-x86.jar;C:\Users\tranh\.m2\repository\org\bytedeco\libdc1394\2.2.6-1.5.9\libdc1394-2.2.6-1.5.9-linux-x86_64.jar;C:\Users\tranh\.m2\repository\org\bytedeco\libdc1394\2.2.6-1.5.9\libdc1394-2.2.6-1.5.9-linux-armhf.jar;C:\Users\tranh\.m2\repository\org\bytedeco\libdc1394\2.2.6-1.5.9\libdc1394-2.2.6-1.5.9-linux-arm64.jar;C:\Users\tranh\.m2\repository\org\bytedeco\libdc1394\2.2.6-1.5.9\libdc1394-2.2.6-1.5.9-linux-ppc64le.jar;C:\Users\tranh\.m2\repository\org\bytedeco\libdc1394\2.2.6-1.5.9\libdc1394-2.2.6-1.5.9-macosx-x86_64.jar;C:\Users\tranh\.m2\repository\org\bytedeco\libdc1394\2.2.6-1.5.9\libdc1394-2.2.6-1.5.9-windows-x86.jar;C:\Users\tranh\.m2\repository\org\bytedeco\libdc1394\2.2.6-1.5.9\libdc1394-2.2.6-1.5.9-windows-x86_64.jar;C:\Users\tranh\.m2\repository\org\bytedeco\libfreenect-platform\0.5.7-1.5.9\libfreenect-platform-0.5.7-1.5.9.jar;C:\Users\tranh\.m2\repository\org\bytedeco\libfreenect\0.5.7-1.5.9\libfreenect-0.5.7-1.5.9-linux-x86.jar;C:\Users\tranh\.m2\repository\org\bytedeco\libfreenect\0.5.7-1.5.9\libfreenect-0.5.7-1.5.9-linux-x86_64.jar;C:\Users\tranh\.m2\repository\org\bytedeco\libfreenect\0.5.7-1.5.9\libfreenect-0.5.7-1.5.9-linux-armhf.jar;C:\Users\tranh\.m2\repository\org\bytedeco\libfreenect\0.5.7-1.5.9\libfreenect-0.5.7-1.5.9-linux-arm64.jar;C:\Users\tranh\.m2\repository\org\bytedeco\libfreenect\0.5.7-1.5.9\libfreenect-0.5.7-1.5.9-linux-ppc64le.jar;C:\Users\tranh\.m2\repository\org\bytedeco\libfreenect\0.5.7-1.5.9\libfreenect-0.5.7-1.5.9-macosx-x86_64.jar;C:\Users\tranh\.m2\repository\org\bytedeco\libfreenect\0.5.7-1.5.9\libfreenect-0.5.7-1.5.9-windows-x86.jar;C:\Users\tranh\.m2\repository\org\bytedeco\libfreenect\0.5.7-1.5.9\libfreenect-0.5.7-1.5.9-windows-x86_64.jar;C:\Users\tranh\.m2\repository\org\bytedeco\libfreenect2-platform\0.2.0-1.5.9\libfreenect2-platform-0.2.0-1.5.9.jar;C:\Users\tranh\.m2\repository\org\bytedeco\libfreenect2\0.2.0-1.5.9\libfreenect2-0.2.0-1.5.9-linux-x86.jar;C:\Users\tranh\.m2\repository\org\bytedeco\libfreenect2\0.2.0-1.5.9\libfreenect2-0.2.0-1.5.9-linux-x86_64.jar;C:\Users\tranh\.m2\repository\org\bytedeco\libfreenect2\0.2.0-1.5.9\libfreenect2-0.2.0-1.5.9-macosx-x86_64.jar;C:\Users\tranh\.m2\repository\org\bytedeco\libfreenect2\0.2.0-1.5.9\libfreenect2-0.2.0-1.5.9-windows-x86_64.jar;C:\Users\tranh\.m2\repository\org\bytedeco\librealsense-platform\1.12.4-1.5.9\librealsense-platform-1.12.4-1.5.9.jar;C:\Users\tranh\.m2\repository\org\bytedeco\librealsense\1.12.4-1.5.9\librealsense-1.12.4-1.5.9-linux-armhf.jar;C:\Users\tranh\.m2\repository\org\bytedeco\librealsense\1.12.4-1.5.9\librealsense-1.12.4-1.5.9-linux-arm64.jar;C:\Users\tranh\.m2\repository\org\bytedeco\librealsense\1.12.4-1.5.9\librealsense-1.12.4-1.5.9-linux-x86.jar;C:\Users\tranh\.m2\repository\org\bytedeco\librealsense\1.12.4-1.5.9\librealsense-1.12.4-1.5.9-linux-x86_64.jar;C:\Users\tranh\.m2\repository\org\bytedeco\librealsense\1.12.4-1.5.9\librealsense-1.12.4-1.5.9-macosx-x86_64.jar;C:\Users\tranh\.m2\repository\org\bytedeco\librealsense\1.12.4-1.5.9\librealsense-1.12.4-1.5.9-windows-x86.jar;C:\Users\tranh\.m2\repository\org\bytedeco\librealsense\1.12.4-1.5.9\librealsense-1.12.4-1.5.9-windows-x86_64.jar;C:\Users\tranh\.m2\repository\org\bytedeco\librealsense2-platform\2.53.1-1.5.9\librealsense2-platform-2.53.1-1.5.9.jar;C:\Users\tranh\.m2\repository\org\bytedeco\librealsense2\2.53.1-1.5.9\librealsense2-2.53.1-1.5.9-linux-armhf.jar;C:\Users\tranh\.m2\repository\org\bytedeco\librealsense2\2.53.1-1.5.9\librealsense2-2.53.1-1.5.9-linux-arm64.jar;C:\Users\tranh\.m2\repository\org\bytedeco\librealsense2\2.53.1-1.5.9\librealsense2-2.53.1-1.5.9-linux-x86.jar;C:\Users\tranh\.m2\repository\org\bytedeco\librealsense2\2.53.1-1.5.9\librealsense2-2.53.1-1.5.9-linux-x86_64.jar;C:\Users\tranh\.m2\repository\org\bytedeco\librealsense2\2.53.1-1.5.9\librealsense2-2.53.1-1.5.9-macosx-x86_64.jar;C:\Users\tranh\.m2\repository\org\bytedeco\librealsense2\2.53.1-1.5.9\librealsense2-2.53.1-1.5.9-windows-x86.jar;C:\Users\tranh\.m2\repository\org\bytedeco\librealsense2\2.53.1-1.5.9\librealsense2-2.53.1-1.5.9-windows-x86_64.jar;C:\Users\tranh\.m2\repository\org\bytedeco\videoinput-platform\0.200-1.5.9\videoinput-platform-0.200-1.5.9.jar;C:\Users\tranh\.m2\repository\org\bytedeco\videoinput\0.200-1.5.9\videoinput-0.200-1.5.9-windows-x86.jar;C:\Users\tranh\.m2\repository\org\bytedeco\videoinput\0.200-1.5.9\videoinput-0.200-1.5.9-windows-x86_64.jar;C:\Users\tranh\.m2\repository\org\bytedeco\artoolkitplus-platform\2.3.1-1.5.9\artoolkitplus-platform-2.3.1-1.5.9.jar;C:\Users\tranh\.m2\repository\org\bytedeco\artoolkitplus\2.3.1-1.5.9\artoolkitplus-2.3.1-1.5.9-android-arm.jar;C:\Users\tranh\.m2\repository\org\bytedeco\artoolkitplus\2.3.1-1.5.9\artoolkitplus-2.3.1-1.5.9-android-arm64.jar;C:\Users\tranh\.m2\repository\org\bytedeco\artoolkitplus\2.3.1-1.5.9\artoolkitplus-2.3.1-1.5.9-android-x86.jar;C:\Users\tranh\.m2\repository\org\bytedeco\artoolkitplus\2.3.1-1.5.9\artoolkitplus-2.3.1-1.5.9-android-x86_64.jar;C:\Users\tranh\.m2\repository\org\bytedeco\artoolkitplus\2.3.1-1.5.9\artoolkitplus-2.3.1-1.5.9-linux-x86.jar;C:\Users\tranh\.m2\repository\org\bytedeco\artoolkitplus\2.3.1-1.5.9\artoolkitplus-2.3.1-1.5.9-linux-x86_64.jar;C:\Users\tranh\.m2\repository\org\bytedeco\artoolkitplus\2.3.1-1.5.9\artoolkitplus-2.3.1-1.5.9-linux-armhf.jar;C:\Users\tranh\.m2\repository\org\bytedeco\artoolkitplus\2.3.1-1.5.9\artoolkitplus-2.3.1-1.5.9-linux-arm64.jar;C:\Users\tranh\.m2\repository\org\bytedeco\artoolkitplus\2.3.1-1.5.9\artoolkitplus-2.3.1-1.5.9-linux-ppc64le.jar;C:\Users\tranh\.m2\repository\org\bytedeco\artoolkitplus\2.3.1-1.5.9\artoolkitplus-2.3.1-1.5.9-macosx-x86_64.jar;C:\Users\tranh\.m2\repository\org\bytedeco\artoolkitplus\2.3.1-1.5.9\artoolkitplus-2.3.1-1.5.9-windows-x86.jar;C:\Users\tranh\.m2\repository\org\bytedeco\artoolkitplus\2.3.1-1.5.9\artoolkitplus-2.3.1-1.5.9-windows-x86_64.jar;C:\Users\tranh\.m2\repository\org\bytedeco\leptonica-platform\1.84.1-1.5.10\leptonica-platform-1.84.1-1.5.10.jar;C:\Users\tranh\.m2\repository\org\bytedeco\leptonica\1.84.1-1.5.10\leptonica-1.84.1-1.5.10-android-arm64.jar;C:\Users\tranh\.m2\repository\org\bytedeco\leptonica\1.84.1-1.5.10\leptonica-1.84.1-1.5.10-android-x86_64.jar;C:\Users\tranh\.m2\repository\org\bytedeco\leptonica\1.84.1-1.5.10\leptonica-1.84.1-1.5.10-linux-x86_64.jar;C:\Users\tranh\.m2\repository\org\bytedeco\leptonica\1.84.1-1.5.10\leptonica-1.84.1-1.5.10-linux-arm64.jar;C:\Users\tranh\.m2\repository\org\bytedeco\leptonica\1.84.1-1.5.10\leptonica-1.84.1-1.5.10-linux-ppc64le.jar;C:\Users\tranh\.m2\repository\org\bytedeco\leptonica\1.84.1-1.5.10\leptonica-1.84.1-1.5.10-macosx-arm64.jar;C:\Users\tranh\.m2\repository\org\bytedeco\leptonica\1.84.1-1.5.10\leptonica-1.84.1-1.5.10-macosx-x86_64.jar;C:\Users\tranh\.m2\repository\org\bytedeco\leptonica\1.84.1-1.5.10\leptonica-1.84.1-1.5.10-windows-x86_64.jar;C:\Users\tranh\.m2\repository\org\bytedeco\tesseract-platform\5.3.4-1.5.10\tesseract-platform-5.3.4-1.5.10.jar;C:\Users\tranh\.m2\repository\org\bytedeco\tesseract\5.3.4-1.5.10\tesseract-5.3.4-1.5.10-android-arm64.jar;C:\Users\tranh\.m2\repository\org\bytedeco\tesseract\5.3.4-1.5.10\tesseract-5.3.4-1.5.10-android-x86_64.jar;C:\Users\tranh\.m2\repository\org\bytedeco\tesseract\5.3.4-1.5.10\tesseract-5.3.4-1.5.10-linux-x86_64.jar;C:\Users\tranh\.m2\repository\org\bytedeco\tesseract\5.3.4-1.5.10\tesseract-5.3.4-1.5.10-linux-arm64.jar;C:\Users\tranh\.m2\repository\org\bytedeco\tesseract\5.3.4-1.5.10\tesseract-5.3.4-1.5.10-linux-ppc64le.jar;C:\Users\tranh\.m2\repository\org\bytedeco\tesseract\5.3.4-1.5.10\tesseract-5.3.4-1.5.10-macosx-arm64.jar;C:\Users\tranh\.m2\repository\org\bytedeco\tesseract\5.3.4-1.5.10\tesseract-5.3.4-1.5.10-macosx-x86_64.jar;C:\Users\tranh\.m2\repository\org\bytedeco\tesseract\5.3.4-1.5.10\tesseract-5.3.4-1.5.10-windows-x86_64.jar;C:\Users\tranh\.m2\repository\org\bytedeco\ffmpeg-platform\6.0-1.5.9\ffmpeg-platform-6.0-1.5.9.jar;C:\Users\tranh\.m2\repository\org\bytedeco\ffmpeg\6.0-1.5.9\ffmpeg-6.0-1.5.9.jar;C:\Users\tranh\.m2\repository\org\bytedeco\ffmpeg\6.0-1.5.9\ffmpeg-6.0-1.5.9-android-arm.jar;C:\Users\tranh\.m2\repository\org\bytedeco\ffmpeg\6.0-1.5.9\ffmpeg-6.0-1.5.9-android-arm64.jar;C:\Users\tranh\.m2\repository\org\bytedeco\ffmpeg\6.0-1.5.9\ffmpeg-6.0-1.5.9-android-x86.jar;C:\Users\tranh\.m2\repository\org\bytedeco\ffmpeg\6.0-1.5.9\ffmpeg-6.0-1.5.9-android-x86_64.jar;C:\Users\tranh\.m2\repository\org\bytedeco\ffmpeg\6.0-1.5.9\ffmpeg-6.0-1.5.9-linux-x86.jar;C:\Users\tranh\.m2\repository\org\bytedeco\ffmpeg\6.0-1.5.9\ffmpeg-6.0-1.5.9-linux-x86_64.jar;C:\Users\tranh\.m2\repository\org\bytedeco\ffmpeg\6.0-1.5.9\ffmpeg-6.0-1.5.9-linux-armhf.jar;C:\Users\tranh\.m2\repository\org\bytedeco\ffmpeg\6.0-1.5.9\ffmpeg-6.0-1.5.9-linux-arm64.jar;C:\Users\tranh\.m2\repository\org\bytedeco\ffmpeg\6.0-1.5.9\ffmpeg-6.0-1.5.9-linux-ppc64le.jar;C:\Users\tranh\.m2\repository\org\bytedeco\ffmpeg\6.0-1.5.9\ffmpeg-6.0-1.5.9-macosx-arm64.jar;C:\Users\tranh\.m2\repository\org\bytedeco\ffmpeg\6.0-1.5.9\ffmpeg-6.0-1.5.9-macosx-x86_64.jar;C:\Users\tranh\.m2\repository\org\bytedeco\ffmpeg\6.0-1.5.9\ffmpeg-6.0-1.5.9-windows-x86.jar;C:\Users\tranh\.m2\repository\org\bytedeco\ffmpeg\6.0-1.5.9\ffmpeg-6.0-1.5.9-windows-x86_64.jar;C:\Users\tranh\.m2\repository\org\java-websocket\Java-WebSocket\1.5.2\Java-WebSocket-1.5.2.jar;C:\Users\tranh\.m2\repository\org\slf4j\slf4j-api\1.7.25\slf4j-api-1.7.25.jar;C:\Users\tranh\.m2\repository\org\slf4j\slf4j-simple\1.7.30\slf4j-simple-1.7.30.jar;C:\Users\tranh\.m2\repository\org\bytedeco\javacpp\1.5.9\javacpp-1.5.9.jar;C:\Users\tranh\.m2\repository\org\bytedeco\videoinput\0.200-1.5.9\videoinput-0.200-1.5.9.jar
Launcher Type: SUN_STANDARD

[Global flags]
     intx CICompilerCount                          = 12                                        {product} {ergonomic}
     uint ConcGCThreads                            = 3                                         {product} {ergonomic}
     uint G1ConcRefinementThreads                  = 13                                        {product} {ergonomic}
   size_t G1HeapRegionSize                         = 2097152                                   {product} {ergonomic}
    uintx GCDrainStackTargetSize                   = 64                                        {product} {ergonomic}
   size_t InitialHeapSize                          = 260046848                                 {product} {ergonomic}
   size_t MarkStackSize                            = 4194304                                   {product} {ergonomic}
   size_t MaxHeapSize                              = 4139778048                                {product} {ergonomic}
   size_t MaxNewSize                               = 2483027968                                {product} {ergonomic}
   size_t MinHeapDeltaBytes                        = 2097152                                   {product} {ergonomic}
   size_t MinHeapSize                              = 8388608                                   {product} {ergonomic}
    uintx NonNMethodCodeHeapSize                   = 7602480                                {pd product} {ergonomic}
    uintx NonProfiledCodeHeapSize                  = 122027880                              {pd product} {ergonomic}
    uintx ProfiledCodeHeapSize                     = 122027880                              {pd product} {ergonomic}
    uintx ReservedCodeCacheSize                    = 251658240                              {pd product} {ergonomic}
     bool SegmentedCodeCache                       = true                                      {product} {ergonomic}
   size_t SoftMaxHeapSize                          = 4139778048                             {manageable} {ergonomic}
     bool UseCompressedOops                        = true                           {product lp64_product} {ergonomic}
     bool UseG1GC                                  = true                                      {product} {ergonomic}
     bool UseLargePagesIndividualAllocation        = false                                  {pd product} {ergonomic}

Logging:
Log output configuration:
 #0: stdout all=warning uptime,level,tags foldmultilines=false
 #1: stderr all=off uptime,level,tags foldmultilines=false

Environment Variables:
JAVA_HOME=C:\Program Files\Java\jdk-21
PATH=C:\Program Files\Common Files\Oracle\Java\javapath;C:\Windows\system32;C:\Windows;C:\Windows\System32\Wbem;C:\Windows\System32\WindowsPowerShell\v1.0\;C:\Windows\System32\OpenSSH\;C:\Program Files (x86)\NVIDIA Corporation\PhysX\Common;C:\WINDOWS\system32;C:\WINDOWS;C:\WINDOWS\System32\Wbem;C:\WINDOWS\System32\WindowsPowerShell\v1.0\;C:\WINDOWS\System32\OpenSSH\;C:\Program Files\dotnet\;C:\Users\tranh\OneDrive\Documents;C:\Program Files (x86)\Microsoft SQL Server\160\Tools\Binn\;C:\Program Files\Microsoft SQL Server\160\Tools\Binn\;C:\Program Files\Microsoft SQL Server\Client SDK\ODBC\170\Tools\Binn\;C:\Program Files\Microsoft SQL Server\160\DTS\Binn\;C:\Program Files (x86)\Microsoft SQL Server\150\DTS\Binn\;C:\Program Files\Azure Data Studio\bin;C:\xampp\php;C:\composer;C:\xampp\mysql\bin;C:\Program Files\nodejs\;C:\Program Files\Git\cmd;D:\;C:\Program Files\CMake\bin;C:\ProgramData\chocolatey\bin;C:\ProgramData\chocolatey\lib\maven\apache-maven-3.9.9\bin;C:\Users\tranh\AppData\Local\Programs\Python\Python312\Scripts\;C:\Users\tranh\AppData\Local\Programs\Python\Python312\;C:\Users\tranh\AppData\Local\Microsoft\WindowsApps;C:\Users\tranh\AppData\Local\Programs\Microsoft VS Code\bin;C:\Users\tranh\AppData\Roaming\Composer\vendor\bin;C:\Users\tranh\AppData\Roaming\npm;F:\IntelliJ IDEA Community Edition 2024.2.0.1\bin;D:\Program Files (x86)\Python312;;D:\Program Files (x86)\Python312;C:\Program Files\Common Files\Oracle\Java\javapath;C:\Windows\system32;C:\Windows;C:\Windows\System32\Wbem;C:\Windows\System32\WindowsPowerShell\v1.0\;C:\Windows\System32\OpenSSH\;C:\Program Files (x86)\NVIDIA Corporation\PhysX\Common;C:\WINDOWS\system32;C:\WINDOWS;C:\WINDOWS\System32\Wbem;C:\WINDOWS\System32\WindowsPowerShell\v1.0\;C:\WINDOWS\System32\OpenSSH\;C:\Program Files\dotnet\;C:\Users\tranh\OneDrive\Documents;C:\Program Files (x86)\Microsoft SQL Server\160\Tools\Binn\;C:\Program Files\Microsoft SQL Server\160\Tools\Binn\;C:\Program Files\Microsoft SQL Server\Client SDK\ODBC\170\Tools\Binn\;C:\Program Files\Microsoft SQL Server\160\DTS\Binn\;C:\Program Files (x86)\Microsoft SQL Server\150\DTS\Binn\;C:\Program Files\Azure Data Studio\bin;C:\xampp\php;C:\composer;C:\xampp\mysql\bin;C:\Program Files\nodejs\;C:\Program Files\Git\cmd;D:\;C:\Program Files\CMake\bin;C:\ProgramData\chocolatey\bin;C:\ProgramData\chocolatey\lib\maven\apache-maven-3.9.9\bin;C:\Users\tranh\AppData\Local\Programs\Python\Python312\Scripts\;C:\Users\tranh\AppData\Local\Programs\Python\Python312\;C:\Users\tranh\AppData\Local\Microsoft\WindowsApps;C:\Users\tranh\AppData\Local\Programs\Microsoft VS Code\bin;C:\Users\tranh\AppData\Roaming\Composer\vendor\bin;C:\Users\tranh\AppData\Roaming\npm;F:\IntelliJ IDEA Community Edition 2024.2.0.1\bin;D:\Program Files (x86)\Python312;;D:\Program Files (x86)\Python312;;D:\Program Files (x86)\Python312
USERNAME=tranh
OS=Windows_NT
PROCESSOR_IDENTIFIER=AMD64 Family 23 Model 96 Stepping 1, AuthenticAMD
TMP=C:\Users\tranh\AppData\Local\Temp
TEMP=C:\Users\tranh\AppData\Local\Temp




Periodic native trim disabled

---------------  S Y S T E M  ---------------

OS:
 Windows 11 , 64 bit Build 26100 (10.0.26100.2161)
OS uptime: 0 days 0:21 hours
Hyper-V role detected

CPU: total 16 (initial active 16) (16 cores per cpu, 2 threads per core) family 23 model 96 stepping 1 microcode 0x8600106, cx8, cmov, fxsr, ht, mmx, 3dnowpref, sse, sse2, sse3, ssse3, sse4a, sse4.1, sse4.2, popcnt, lzcnt, tsc, tscinvbit, avx, avx2, aes, clmul, bmi1, bmi2, adx, sha, fma, vzeroupper, clflush, clflushopt, hv, rdtscp, rdpid, f16c
Processor Information for all 16 processors :
  Max Mhz: 2901, Current Mhz: 2901, Mhz Limit: 2901

Memory: 4k page, system-wide physical 15791M (1888M free)
TotalPageFile size 22893M (AvailPageFile size 6M)
current process WorkingSet (physical memory assigned to process): 225M, peak: 225M
current process commit charge ("private bytes"): 4181M, peak: 4182M

vm_info: Java HotSpot(TM) 64-Bit Server VM (21.0.1+12-LTS-29) for windows-amd64 JRE (21.0.1+12-LTS-29), built on 2023-10-05T13:27:09Z by "mach5one" with MS VC++ 17.1 (VS2022)

END.
