#
# There is insufficient memory for the Java Runtime Environment to continue.
# Native memory allocation (malloc) failed to allocate 1752016 bytes. Error detail: Chunk::new
# Possible reasons:
#   The system is out of physical RAM or swap space
#   This process is running with CompressedOops enabled, and the Java Heap may be blocking the growth of the native heap
# Possible solutions:
#   Reduce memory load on the system
#   Increase physical memory or swap space
#   Check if swap backing store is full
#   Decrease Java heap size (-Xmx/-Xms)
#   Decrease number of Java threads
#   Decrease Java thread stack sizes (-Xss)
#   Set larger code cache with -XX:ReservedCodeCacheSize=
#   JVM is running with Unscaled Compressed Oops mode in which the Java heap is
#     placed in the first 4GB address space. The Java Heap base address is the
#     maximum limit for the native heap growth. Please use -XX:HeapBaseMinAddress
#     to set the Java Heap base and to place the Java Heap above 4GB virtual address.
# This output file may be truncated or incomplete.
#
#  Out of Memory Error (arena.cpp:191), pid=17792, tid=37616
#
# JRE version: OpenJDK Runtime Environment Temurin-17.0.12+7 (17.0.12+7) (build 17.0.12+7)
# Java VM: OpenJDK 64-Bit Server VM Temurin-17.0.12+7 (17.0.12+7, mixed mode, tiered, compressed oops, compressed class ptrs, parallel gc, windows-amd64)
# No core dump will be written. Minidumps are not enabled by default on client versions of Windows
#

---------------  S U M M A R Y ------------

Command Line: --add-modules=ALL-SYSTEM --add-opens=java.base/java.util=ALL-UNNAMED --add-opens=java.base/java.lang=ALL-UNNAMED --add-opens=java.base/sun.nio.fs=ALL-UNNAMED -Declipse.application=org.eclipse.jdt.ls.core.id1 -Dosgi.bundles.defaultStartLevel=4 -Declipse.product=org.eclipse.jdt.ls.core.product -Djava.import.generatesMetadataFilesAtProjectRoot=false -DDetectVMInstallationsJob.disabled=true -Dfile.encoding=utf8 -XX:+UseParallelGC -XX:GCTimeRatio=4 -XX:AdaptiveSizePolicyWeight=90 -Dsun.zip.disableMemoryMapping=true -Xmx1G -Xms100m -Xlog:disable -javaagent:c:\Users\tranh\.vscode\extensions\redhat.java-1.35.1-win32-x64\lombok\lombok-1.18.33.jar -XX:+HeapDumpOnOutOfMemoryError -XX:HeapDumpPath=c:\Users\tranh\AppData\Roaming\Code\User\workspaceStorage\30131ee24ff7eef906f10b08128f440c\redhat.java -Daether.dependencyCollector.impl=bf c:\Users\tranh\.vscode\extensions\redhat.java-1.35.1-win32-x64\server\plugins\org.eclipse.equinox.launcher_1.6.900.v20240613-2009.jar -configuration c:\Users\tranh\AppData\Roaming\Code\User\globalStorage\redhat.java\1.35.1\config_win -data c:\Users\tranh\AppData\Roaming\Code\User\workspaceStorage\30131ee24ff7eef906f10b08128f440c\redhat.java\jdt_ws --pipe=\\.\pipe\lsp-029dd1b3946e4c7851205ec173471c50-sock

Host: AMD Ryzen 7 4800H with Radeon Graphics         , 16 cores, 15G,  Windows 11 , 64 bit Build 26100 (10.0.26100.2161)
Time: Mon Oct 28 22:50:48 2024 SE Asia Standard Time elapsed time: 3402.783935 seconds (0d 0h 56m 42s)

---------------  T H R E A D  ---------------

Current thread (0x000001d4a4f0f750):  JavaThread "C2 CompilerThread0" daemon [_thread_in_native, id=37616, stack(0x000000b38b500000,0x000000b38b600000)]


Current CompileTask:
C2:3402783 21082       4       lombok.eclipse.EclipseAST::buildMethod (110 bytes)

Stack: [0x000000b38b500000,0x000000b38b600000]
Native frames: (J=compiled Java code, j=interpreted, Vv=VM code, C=native code)
V  [jvm.dll+0x67f929]
V  [jvm.dll+0x8371ba]
V  [jvm.dll+0x838c7e]
V  [jvm.dll+0x8392e3]
V  [jvm.dll+0x24834f]
V  [jvm.dll+0xac9d4]
V  [jvm.dll+0xad01c]
V  [jvm.dll+0x367452]
V  [jvm.dll+0x33197a]
V  [jvm.dll+0x330e1a]
V  [jvm.dll+0x21a8b1]
V  [jvm.dll+0x219cf1]
V  [jvm.dll+0x1a58bd]
V  [jvm.dll+0x229a2d]
V  [jvm.dll+0x227bdc]
V  [jvm.dll+0x7ec1f7]
V  [jvm.dll+0x7e65dc]
V  [jvm.dll+0x67e7f7]
C  [ucrtbase.dll+0x14ea0]
C  [KERNEL32.DLL+0x2dbe7]
C  [ntdll.dll+0xdfbec]


---------------  P R O C E S S  ---------------

Threads class SMR info:
_java_thread_list=0x000001d4aa2c6eb0, length=80, elements={
0x000001d48b6ddf20, 0x000001d49fd33030, 0x000001d49fd34470, 0x000001d49fd3ce70,
0x000001d49fd3d740, 0x000001d4a4ede7b0, 0x000001d4a4efffb0, 0x000001d4a4f0f750,
0x000001d4a4f16180, 0x000001d4a4f16a90, 0x000001d48b744100, 0x000001d4a7158d80,
0x000001d4a724a570, 0x000001d4a7249130, 0x000001d4a7249b50, 0x000001d4a7248200,
0x000001d4a724b4a0, 0x000001d4a7248710, 0x000001d4a724a060, 0x000001d4a83cc950,
0x000001d4a83cb510, 0x000001d4a83cecc0, 0x000001d4a83cce60, 0x000001d4a83cba20,
0x000001d4a83cd880, 0x000001d4a83ce2a0, 0x000001d4a83cd370, 0x000001d4a83cc440,
0x000001d4a83ce7b0, 0x000001d4a83cbf30, 0x000001d4a83cdd90, 0x000001d4a908dff0,
0x000001d4a908ea10, 0x000001d4a908ef20, 0x000001d4a908e500, 0x000001d4a9090360,
0x000001d4a9090870, 0x000001d4a908fe50, 0x000001d4a9091290, 0x000001d4a90917a0,
0x000001d4a9458100, 0x000001d4a9458b20, 0x000001d4a945ccf0, 0x000001d4a9459a50,
0x000001d4a945dc20, 0x000001d4a945eb50, 0x000001d4a945f060, 0x000001d4a945f570,
0x000001d4a90926d0, 0x000001d4a9092be0, 0x000001d4a908f430, 0x000001d4a9094f50,
0x000001d4a9093600, 0x000001d4a90930f0, 0x000001d4a9459030, 0x000001d4a945e130,
0x000001d4a908f940, 0x000001d4a9093b10, 0x000001d4a9094020, 0x000001d4a90921c0,
0x000001d4a724aa80, 0x000001d4a7248c20, 0x000001d4a7249640, 0x000001d4a945e640,
0x000001d4aaf50700, 0x000001d4aaf52050, 0x000001d4aaf52560, 0x000001d4aaf52f80,
0x000001d4aaf50c10, 0x000001d4aaf53490, 0x000001d4aaf51120, 0x000001d4aaf54de0,
0x000001d4aaf56730, 0x000001d4aaf57150, 0x000001d4aaf548d0, 0x000001d4aaf56220,
0x000001d4aaf56c40, 0x000001d4aaf53eb0, 0x000001d4aaf55800, 0x000001d4aaf58080
}

Java Threads: ( => current thread )
  0x000001d48b6ddf20 JavaThread "main" [_thread_blocked, id=19472, stack(0x000000b38ac00000,0x000000b38ad00000)]
  0x000001d49fd33030 JavaThread "Reference Handler" daemon [_thread_blocked, id=36528, stack(0x000000b38af00000,0x000000b38b000000)]
  0x000001d49fd34470 JavaThread "Finalizer" daemon [_thread_blocked, id=22668, stack(0x000000b38b000000,0x000000b38b100000)]
  0x000001d49fd3ce70 JavaThread "Signal Dispatcher" daemon [_thread_blocked, id=35340, stack(0x000000b38b100000,0x000000b38b200000)]
  0x000001d49fd3d740 JavaThread "Attach Listener" daemon [_thread_blocked, id=37652, stack(0x000000b38b200000,0x000000b38b300000)]
  0x000001d4a4ede7b0 JavaThread "Service Thread" daemon [_thread_blocked, id=11588, stack(0x000000b38b300000,0x000000b38b400000)]
  0x000001d4a4efffb0 JavaThread "Monitor Deflation Thread" daemon [_thread_blocked, id=19044, stack(0x000000b38b400000,0x000000b38b500000)]
=>0x000001d4a4f0f750 JavaThread "C2 CompilerThread0" daemon [_thread_in_native, id=37616, stack(0x000000b38b500000,0x000000b38b600000)]
  0x000001d4a4f16180 JavaThread "C1 CompilerThread0" daemon [_thread_blocked, id=33536, stack(0x000000b38b600000,0x000000b38b700000)]
  0x000001d4a4f16a90 JavaThread "Sweeper thread" daemon [_thread_blocked, id=13188, stack(0x000000b38b700000,0x000000b38b800000)]
  0x000001d48b744100 JavaThread "Common-Cleaner" daemon [_thread_blocked, id=37748, stack(0x000000b38b800000,0x000000b38b900000)]
  0x000001d4a7158d80 JavaThread "Notification Thread" daemon [_thread_blocked, id=19348, stack(0x000000b38be00000,0x000000b38bf00000)]
  0x000001d4a724a570 JavaThread "Active Thread: Equinox Container: ff7f73df-c08e-463d-b2eb-a02b220f6286" [_thread_blocked, id=19324, stack(0x000000b38c600000,0x000000b38c700000)]
  0x000001d4a7249130 JavaThread "Framework Event Dispatcher: Equinox Container: ff7f73df-c08e-463d-b2eb-a02b220f6286" daemon [_thread_blocked, id=36820, stack(0x000000b38ba00000,0x000000b38bb00000)]
  0x000001d4a7249b50 JavaThread "Start Level: Equinox Container: ff7f73df-c08e-463d-b2eb-a02b220f6286" daemon [_thread_blocked, id=31428, stack(0x000000b38bb00000,0x000000b38bc00000)]
  0x000001d4a7248200 JavaThread "Bundle File Closer" daemon [_thread_blocked, id=13516, stack(0x000000b38b900000,0x000000b38ba00000)]
  0x000001d4a724b4a0 JavaThread "SCR Component Actor" daemon [_thread_blocked, id=31840, stack(0x000000b38c700000,0x000000b38c800000)]
  0x000001d4a7248710 JavaThread "Worker-JM" [_thread_blocked, id=32388, stack(0x000000b38cf00000,0x000000b38d000000)]
  0x000001d4a724a060 JavaThread "Java indexing" daemon [_thread_blocked, id=31192, stack(0x000000b38d600000,0x000000b38d700000)]
  0x000001d4a83cc950 JavaThread "JNA Cleaner" daemon [_thread_blocked, id=24732, stack(0x000000b38d500000,0x000000b38d600000)]
  0x000001d4a83cb510 JavaThread "Thread-2" daemon [_thread_in_native, id=28044, stack(0x000000b38d900000,0x000000b38da00000)]
  0x000001d4a83cecc0 JavaThread "Thread-3" daemon [_thread_in_native, id=31888, stack(0x000000b38da00000,0x000000b38db00000)]
  0x000001d4a83cce60 JavaThread "Thread-4" daemon [_thread_in_native, id=30668, stack(0x000000b38db00000,0x000000b38dc00000)]
  0x000001d4a83cba20 JavaThread "Thread-5" daemon [_thread_in_native, id=26992, stack(0x000000b38dc00000,0x000000b38dd00000)]
  0x000001d4a83cd880 JavaThread "Thread-6" daemon [_thread_in_native, id=11772, stack(0x000000b38dd00000,0x000000b38de00000)]
  0x000001d4a83ce2a0 JavaThread "Thread-7" daemon [_thread_in_native, id=30144, stack(0x000000b38de00000,0x000000b38df00000)]
  0x000001d4a83cd370 JavaThread "Thread-8" daemon [_thread_in_native, id=5244, stack(0x000000b38df00000,0x000000b38e000000)]
  0x000001d4a83cc440 JavaThread "Thread-9" daemon [_thread_in_native, id=21468, stack(0x000000b38e000000,0x000000b38e100000)]
  0x000001d4a83ce7b0 JavaThread "Thread-10" daemon [_thread_in_native, id=29692, stack(0x000000b38e100000,0x000000b38e200000)]
  0x000001d4a83cbf30 JavaThread "Thread-11" daemon [_thread_in_native, id=15112, stack(0x000000b38e200000,0x000000b38e300000)]
  0x000001d4a83cdd90 JavaThread "Thread-12" daemon [_thread_in_native, id=10780, stack(0x000000b38e300000,0x000000b38e400000)]
  0x000001d4a908dff0 JavaThread "Thread-13" daemon [_thread_in_native, id=15156, stack(0x000000b38e400000,0x000000b38e500000)]
  0x000001d4a908ea10 JavaThread "Thread-14" daemon [_thread_in_native, id=11792, stack(0x000000b38e500000,0x000000b38e600000)]
  0x000001d4a908ef20 JavaThread "Thread-15" daemon [_thread_in_native, id=14088, stack(0x000000b38e600000,0x000000b38e700000)]
  0x000001d4a908e500 JavaThread "Thread-16" daemon [_thread_in_native, id=35764, stack(0x000000b38e700000,0x000000b38e800000)]
  0x000001d4a9090360 JavaThread "Thread-17" daemon [_thread_in_native, id=28580, stack(0x000000b38e800000,0x000000b38e900000)]
  0x000001d4a9090870 JavaThread "Thread-18" daemon [_thread_in_native, id=31584, stack(0x000000b38e900000,0x000000b38ea00000)]
  0x000001d4a908fe50 JavaThread "pool-2-thread-1" [_thread_blocked, id=28528, stack(0x000000b38ea00000,0x000000b38eb00000)]
  0x000001d4a9091290 JavaThread "WorkspaceEventsHandler" [_thread_blocked, id=30036, stack(0x000000b38eb00000,0x000000b38ec00000)]
  0x000001d4a90917a0 JavaThread "pool-1-thread-1" [_thread_blocked, id=17464, stack(0x000000b38ec00000,0x000000b38ed00000)]
  0x000001d4a9458100 JavaThread "Worker-4" [_thread_blocked, id=11180, stack(0x000000b38cb00000,0x000000b38cc00000)]
  0x000001d4a9458b20 JavaThread "Cleaner-0" daemon [_thread_blocked, id=11444, stack(0x000000b38f900000,0x000000b38fa00000)]
  0x000001d4a945ccf0 JavaThread "Compiler Source File Reader" daemon [_thread_blocked, id=17656, stack(0x000000b38fa00000,0x000000b38fb00000)]
  0x000001d4a9459a50 JavaThread "Compiler Source File Reader" daemon [_thread_blocked, id=37236, stack(0x000000b38fb00000,0x000000b38fc00000)]
  0x000001d4a945dc20 JavaThread "Compiler Source File Reader" daemon [_thread_blocked, id=28460, stack(0x000000b38fc00000,0x000000b38fd00000)]
  0x000001d4a945eb50 JavaThread "Compiler Source File Reader" daemon [_thread_blocked, id=32832, stack(0x000000b38fd00000,0x000000b38fe00000)]
  0x000001d4a945f060 JavaThread "Compiler Source File Reader" daemon [_thread_blocked, id=35096, stack(0x000000b38fe00000,0x000000b38ff00000)]
  0x000001d4a945f570 JavaThread "Compiler Source File Reader" daemon [_thread_blocked, id=15240, stack(0x000000b38ff00000,0x000000b390000000)]
  0x000001d4a90926d0 JavaThread "Compiler Source File Reader" daemon [_thread_blocked, id=29540, stack(0x000000b390000000,0x000000b390100000)]
  0x000001d4a9092be0 JavaThread "Compiler Source File Reader" daemon [_thread_blocked, id=35156, stack(0x000000b390100000,0x000000b390200000)]
  0x000001d4a908f430 JavaThread "Compiler Source File Reader" daemon [_thread_blocked, id=35076, stack(0x000000b390200000,0x000000b390300000)]
  0x000001d4a9094f50 JavaThread "Java Debug Server" daemon [_thread_in_native, id=5424, stack(0x000000b38ca00000,0x000000b38cb00000)]
  0x000001d4a9093600 JavaThread "RxSchedulerPurge-1" daemon [_thread_blocked, id=26068, stack(0x000000b38d200000,0x000000b38d300000)]
  0x000001d4a90930f0 JavaThread "RxCachedWorkerPoolEvictor-1" daemon [_thread_blocked, id=34464, stack(0x000000b38d300000,0x000000b38d400000)]
  0x000001d4a9459030 JavaThread "ForkJoinPool.commonPool-worker-23" daemon [_thread_blocked, id=8584, stack(0x000000b38a900000,0x000000b38aa00000)]
  0x000001d4a945e130 JavaThread "ForkJoinPool.commonPool-worker-30" daemon [_thread_blocked, id=37560, stack(0x000000b38ef00000,0x000000b38f000000)]
  0x000001d4a908f940 JavaThread "ForkJoinPool.commonPool-worker-33" daemon [_thread_blocked, id=22872, stack(0x000000b38f300000,0x000000b38f400000)]
  0x000001d4a9093b10 JavaThread "ForkJoinPool.commonPool-worker-36" daemon [_thread_blocked, id=29748, stack(0x000000b38d720000,0x000000b38d820000)]
  0x000001d4a9094020 JavaThread "ForkJoinPool.commonPool-worker-37" daemon [_thread_blocked, id=34140, stack(0x000000b38f000000,0x000000b38f100000)]
  0x000001d4a90921c0 JavaThread "ForkJoinPool.commonPool-worker-39" daemon [_thread_blocked, id=35592, stack(0x000000b38f200000,0x000000b38f300000)]
  0x000001d4a724aa80 JavaThread "ForkJoinPool.commonPool-worker-40" daemon [_thread_blocked, id=12316, stack(0x000000b38f400000,0x000000b38f500000)]
  0x000001d4a7248c20 JavaThread "ForkJoinPool.commonPool-worker-41" daemon [_thread_blocked, id=4560, stack(0x000000b38f500000,0x000000b38f600000)]
  0x000001d4a7249640 JavaThread "ForkJoinPool.commonPool-worker-42" daemon [_thread_blocked, id=18236, stack(0x000000b38f600000,0x000000b38f700000)]
  0x000001d4a945e640 JavaThread "Compiler Source File Reader" daemon [_thread_blocked, id=33204, stack(0x000000b390400000,0x000000b390500000)]
  0x000001d4aaf50700 JavaThread "Compiler Source File Reader" daemon [_thread_blocked, id=23740, stack(0x000000b390700000,0x000000b390800000)]
  0x000001d4aaf52050 JavaThread "Compiler Source File Reader" daemon [_thread_blocked, id=17988, stack(0x000000b390300000,0x000000b390400000)]
  0x000001d4aaf52560 JavaThread "Compiler Source File Reader" daemon [_thread_blocked, id=27996, stack(0x000000b38f700000,0x000000b38f800000)]
  0x000001d4aaf52f80 JavaThread "pool-6-thread-2" [_thread_in_native, id=10352, stack(0x000000b390900000,0x000000b390a00000)]
  0x000001d4aaf50c10 JavaThread "RxNewThreadScheduler-5" daemon [_thread_blocked, id=29460, stack(0x000000b390a00000,0x000000b390b00000)]
  0x000001d4aaf53490 JavaThread "process reaper (pid 28100)" daemon [_thread_in_native, id=36712, stack(0x000000b38d820000,0x000000b38d840000)]
  0x000001d4aaf51120 JavaThread "ForkJoinPool.commonPool-worker-43" daemon [_thread_blocked, id=7456, stack(0x000000b38ab00000,0x000000b38ac00000)]
  0x000001d4aaf54de0 JavaThread "ForkJoinPool.commonPool-worker-44" daemon [_thread_blocked, id=15688, stack(0x000000b38c900000,0x000000b38ca00000)]
  0x000001d4aaf56730 JavaThread "Compiler Source File Reader" daemon [_thread_blocked, id=15752, stack(0x000000b390800000,0x000000b390900000)]
  0x000001d4aaf57150 JavaThread "ForkJoinPool.commonPool-worker-46" daemon [_thread_blocked, id=20208, stack(0x000000b38aa00000,0x000000b38ab00000)]
  0x000001d4aaf548d0 JavaThread "ForkJoinPool.commonPool-worker-47" daemon [_thread_blocked, id=12548, stack(0x000000b38ed00000,0x000000b38ee00000)]
  0x000001d4aaf56220 JavaThread "Worker-15" [_thread_blocked, id=3968, stack(0x000000b38d100000,0x000000b38d200000)]
  0x000001d4aaf56c40 JavaThread "ForkJoinPool.commonPool-worker-48" daemon [_thread_blocked, id=36580, stack(0x000000b38c800000,0x000000b38c900000)]
  0x000001d4aaf53eb0 JavaThread "ForkJoinPool.commonPool-worker-49" daemon [_thread_blocked, id=36080, stack(0x000000b38d400000,0x000000b38d500000)]
  0x000001d4aaf55800 JavaThread "Worker-16" [_thread_blocked, id=34600, stack(0x000000b38f100000,0x000000b38f200000)]
  0x000001d4aaf58080 JavaThread "Compiler Processing Task" daemon [_thread_blocked, id=22356, stack(0x000000b390500000,0x000000b390600000)]

Other Threads:
  0x000001d48b76bc60 VMThread "VM Thread" [stack: 0x000000b38ae00000,0x000000b38af00000] [id=16652]
  0x000001d4a7157260 WatcherThread [stack: 0x000000b38bf00000,0x000000b38c000000] [id=35920]
  0x000001d48b6f6ed0 GCTaskThread "GC Thread#0" [stack: 0x000000b38ad00000,0x000000b38ae00000] [id=27876]
  0x000001d4a7663c30 GCTaskThread "GC Thread#1" [stack: 0x000000b38c000000,0x000000b38c100000] [id=15332]
  0x000001d4a7662fe0 GCTaskThread "GC Thread#2" [stack: 0x000000b38c100000,0x000000b38c200000] [id=35660]
  0x000001d4a7663ef0 GCTaskThread "GC Thread#3" [stack: 0x000000b38c200000,0x000000b38c300000] [id=36256]
  0x000001d4a76641b0 GCTaskThread "GC Thread#4" [stack: 0x000000b38c300000,0x000000b38c400000] [id=32420]
  0x000001d4a727cac0 GCTaskThread "GC Thread#5" [stack: 0x000000b38c400000,0x000000b38c500000] [id=15884]
  0x000001d4a7986c40 GCTaskThread "GC Thread#6" [stack: 0x000000b38bc00000,0x000000b38bd00000] [id=33196]
  0x000001d4a7ad62a0 GCTaskThread "GC Thread#7" [stack: 0x000000b38bd00000,0x000000b38be00000] [id=6744]
  0x000001d4a7384d40 GCTaskThread "GC Thread#8" [stack: 0x000000b38c500000,0x000000b38c600000] [id=34360]
  0x000001d4a705d1c0 GCTaskThread "GC Thread#9" [stack: 0x000000b38cc00000,0x000000b38cd00000] [id=33780]
  0x000001d4a705db00 GCTaskThread "GC Thread#10" [stack: 0x000000b38cd00000,0x000000b38ce00000] [id=27644]
  0x000001d4a705ddc0 GCTaskThread "GC Thread#11" [stack: 0x000000b38ce00000,0x000000b38cf00000] [id=15960]
  0x000001d4a725f320 GCTaskThread "GC Thread#12" [stack: 0x000000b38d000000,0x000000b38d100000] [id=21332]

Threads with active compile tasks:
C2 CompilerThread0  3402805 21082       4       lombok.eclipse.EclipseAST::buildMethod (110 bytes)

VM state: not at safepoint (normal execution)

VM Mutex/Monitor currently owned by a thread: None

Heap address: 0x00000000c0000000, size: 1024 MB, Compressed Oops mode: 32-bit

CDS archive(s) not mapped
Compressed class space mapped at: 0x0000000100000000-0x0000000140000000, reserved size: 1073741824
Narrow klass base: 0x0000000000000000, Narrow klass shift: 3, Narrow klass range: 0x140000000

GC Precious Log:
 CPUs: 16 total, 16 available
 Memory: 15791M
 Large Page Support: Disabled
 NUMA Support: Disabled
 Compressed Oops: Enabled (32-bit)
 Alignments: Space 512K, Generation 512K, Heap 2M
 Heap Min Capacity: 100M
 Heap Initial Capacity: 100M
 Heap Max Capacity: 1G
 Pre-touch: Disabled
 Parallel Workers: 13

Heap:
 PSYoungGen      total 6144K, used 5493K [0x00000000eab00000, 0x00000000eb380000, 0x0000000100000000)
  eden space 4608K, 86% used [0x00000000eab00000,0x00000000eaee55d0,0x00000000eaf80000)
  from space 1536K, 97% used [0x00000000eb180000,0x00000000eb2f8040,0x00000000eb300000)
  to   space 2048K, 0% used [0x00000000eaf80000,0x00000000eaf80000,0x00000000eb180000)
 ParOldGen       total 397312K, used 384148K [0x00000000c0000000, 0x00000000d8400000, 0x00000000eab00000)
  object space 397312K, 96% used [0x00000000c0000000,0x00000000d77252b0,0x00000000d8400000)
 Metaspace       used 97518K, committed 99008K, reserved 1179648K
  class space    used 10074K, committed 10752K, reserved 1048576K

Card table byte_map: [0x000001d49d5d0000,0x000001d49d7e0000] _byte_map_base: 0x000001d49cfd0000

Marking Bits: (ParMarkBitMap*) 0x00007ffeb00458b0
 Begin Bits: [0x000001d49d940000, 0x000001d49e940000)
 End Bits:   [0x000001d49e940000, 0x000001d49f940000)

Polling page: 0x000001d489e20000

Metaspace:

Usage:
  Non-class:     85.39 MB used.
      Class:      9.84 MB used.
       Both:     95.23 MB used.

Virtual space:
  Non-class space:      128.00 MB reserved,      86.19 MB ( 67%) committed,  2 nodes.
      Class space:        1.00 GB reserved,      10.50 MB (  1%) committed,  1 nodes.
             Both:        1.12 GB reserved,      96.69 MB (  8%) committed. 

Chunk freelists:
   Non-Class:  9.08 MB
       Class:  5.42 MB
        Both:  14.50 MB

MaxMetaspaceSize: unlimited
CompressedClassSpaceSize: 1.00 GB
Initial GC threshold: 21.00 MB
Current GC threshold: 146.81 MB
CDS: off
MetaspaceReclaimPolicy: balanced
 - commit_granule_bytes: 65536.
 - commit_granule_words: 8192.
 - virtual_space_node_default_size: 8388608.
 - enlarge_chunks_in_place: 1.
 - new_chunks_are_fully_committed: 0.
 - uncommit_free_chunks: 1.
 - use_allocation_guard: 0.
 - handle_deallocations: 1.


Internal statistics:

num_allocs_failed_limit: 9.
num_arena_births: 1312.
num_arena_deaths: 304.
num_vsnodes_births: 3.
num_vsnodes_deaths: 0.
num_space_committed: 1547.
num_space_uncommitted: 0.
num_chunks_returned_to_freelist: 385.
num_chunks_taken_from_freelist: 5523.
num_chunk_merges: 132.
num_chunk_splits: 3351.
num_chunks_enlarged: 2019.
num_inconsistent_stats: 0.

CodeHeap 'non-profiled nmethods': size=119168Kb used=17552Kb max_used=17552Kb free=101615Kb
 bounds [0x000001d495f90000, 0x000001d4970c0000, 0x000001d49d3f0000]
CodeHeap 'profiled nmethods': size=119104Kb used=36263Kb max_used=36263Kb free=82840Kb
 bounds [0x000001d48e3f0000, 0x000001d490770000, 0x000001d495840000]
CodeHeap 'non-nmethods': size=7488Kb used=1466Kb max_used=3236Kb free=6021Kb
 bounds [0x000001d495840000, 0x000001d495ba0000, 0x000001d495f90000]
 total_blobs=17114 nmethods=16284 adapters=741
 compilation: enabled
              stopped_count=0, restarted_count=0
 full_count=0

Compilation events (20 events):
Event: 3402.609 Thread 0x000001d4a4f0f750 nmethod 21081 0x000001d4970b3890 code [0x000001d4970b3a40, 0x000001d4970b3dd8]
Event: 3402.610 Thread 0x000001d4a4f0f750 21082       4       lombok.eclipse.EclipseAST::buildMethod (110 bytes)
Event: 3402.618 Thread 0x000001d4a4f16180 21084       3       org.eclipse.jdt.internal.compiler.ast.SingleNameReference::analyseAssignment (750 bytes)
Event: 3402.621 Thread 0x000001d4a4f16180 nmethod 21084 0x000001d49075a610 code [0x000001d49075aba0, 0x000001d49075e518]
Event: 3402.622 Thread 0x000001d4a4f16180 21085       3       org.eclipse.core.internal.runtime.InternalPlatform$$Lambda$181/0x0000000100257048::<init> (10 bytes)
Event: 3402.622 Thread 0x000001d4a4f16180 nmethod 21085 0x000001d49075f390 code [0x000001d49075f520, 0x000001d49075f698]
Event: 3402.622 Thread 0x000001d4a4f16180 21088   !   3       org.eclipse.osgi.internal.log.ExtendedLogReaderServiceFactory::logPrivileged (215 bytes)
Event: 3402.624 Thread 0x000001d4a4f16180 nmethod 21088 0x000001d49075f790 code [0x000001d49075fb60, 0x000001d490761698]
Event: 3402.624 Thread 0x000001d4a4f16180 21086       3       org.eclipse.osgi.internal.log.ExtendedLogServiceFactory::log (23 bytes)
Event: 3402.624 Thread 0x000001d4a4f16180 nmethod 21086 0x000001d490762510 code [0x000001d4907626c0, 0x000001d490762848]
Event: 3402.624 Thread 0x000001d4a4f16180 21087       3       org.eclipse.osgi.internal.log.ExtendedLogReaderServiceFactory::log (56 bytes)
Event: 3402.624 Thread 0x000001d4a4f16180 nmethod 21087 0x000001d490762990 code [0x000001d490762ba0, 0x000001d490763238]
Event: 3402.624 Thread 0x000001d4a4f16180 21089   !   3       org.eclipse.osgi.internal.log.ExtendedLogEntryImpl::<init> (115 bytes)
Event: 3402.624 Thread 0x000001d4a4f16180 nmethod 21089 0x000001d490763490 code [0x000001d490763660, 0x000001d490763aa8]
Event: 3402.624 Thread 0x000001d4a4f16180 21090       3       org.eclipse.osgi.internal.log.ExtendedLogEntryImpl::getId (57 bytes)
Event: 3402.624 Thread 0x000001d4a4f16180 nmethod 21090 0x000001d490763c90 code [0x000001d490763e20, 0x000001d490763fb8]
Event: 3402.624 Thread 0x000001d4a4f16180 21091   !   3       org.eclipse.osgi.internal.log.ExtendedLogReaderServiceFactory::storeEntry (53 bytes)
Event: 3402.625 Thread 0x000001d4a4f16180 nmethod 21091 0x000001d490764090 code [0x000001d490764280, 0x000001d4907648c8]
Event: 3402.625 Thread 0x000001d4a4f16180 21092       3       org.eclipse.osgi.internal.log.EquinoxLogWriter::writeln (10 bytes)
Event: 3402.625 Thread 0x000001d4a4f16180 nmethod 21092 0x000001d490764c10 code [0x000001d490764e40, 0x000001d490765658]

GC Heap History (20 events):
Event: 3400.705 GC heap before
{Heap before GC invocations=266 (full 9):
 PSYoungGen      total 5120K, used 5088K [0x00000000eab00000, 0x00000000eb380000, 0x0000000100000000)
  eden space 4608K, 100% used [0x00000000eab00000,0x00000000eaf80000,0x00000000eaf80000)
  from space 512K, 93% used [0x00000000eb300000,0x00000000eb378040,0x00000000eb380000)
  to   space 1536K, 0% used [0x00000000eb080000,0x00000000eb080000,0x00000000eb200000)
 ParOldGen       total 397312K, used 379551K [0x00000000c0000000, 0x00000000d8400000, 0x00000000eab00000)
  object space 397312K, 95% used [0x00000000c0000000,0x00000000d72a7ff0,0x00000000d8400000)
 Metaspace       used 97479K, committed 99008K, reserved 1179648K
  class space    used 10074K, committed 10752K, reserved 1048576K
}
Event: 3400.707 GC heap after
{Heap after GC invocations=266 (full 9):
 PSYoungGen      total 6144K, used 1504K [0x00000000eab00000, 0x00000000eb380000, 0x0000000100000000)
  eden space 4608K, 0% used [0x00000000eab00000,0x00000000eab00000,0x00000000eaf80000)
  from space 1536K, 97% used [0x00000000eb080000,0x00000000eb1f8020,0x00000000eb200000)
  to   space 1536K, 0% used [0x00000000eb200000,0x00000000eb200000,0x00000000eb380000)
 ParOldGen       total 397312K, used 379840K [0x00000000c0000000, 0x00000000d8400000, 0x00000000eab00000)
  object space 397312K, 95% used [0x00000000c0000000,0x00000000d72f0030,0x00000000d8400000)
 Metaspace       used 97479K, committed 99008K, reserved 1179648K
  class space    used 10074K, committed 10752K, reserved 1048576K
}
Event: 3400.720 GC heap before
{Heap before GC invocations=267 (full 9):
 PSYoungGen      total 6144K, used 6112K [0x00000000eab00000, 0x00000000eb380000, 0x0000000100000000)
  eden space 4608K, 99% used [0x00000000eab00000,0x00000000eaf7fff8,0x00000000eaf80000)
  from space 1536K, 97% used [0x00000000eb080000,0x00000000eb1f8020,0x00000000eb200000)
  to   space 1536K, 0% used [0x00000000eb200000,0x00000000eb200000,0x00000000eb380000)
 ParOldGen       total 397312K, used 379840K [0x00000000c0000000, 0x00000000d8400000, 0x00000000eab00000)
  object space 397312K, 95% used [0x00000000c0000000,0x00000000d72f0030,0x00000000d8400000)
 Metaspace       used 97484K, committed 99008K, reserved 1179648K
  class space    used 10074K, committed 10752K, reserved 1048576K
}
Event: 3400.722 GC heap after
{Heap after GC invocations=267 (full 9):
 PSYoungGen      total 6144K, used 1520K [0x00000000eab00000, 0x00000000eb380000, 0x0000000100000000)
  eden space 4608K, 0% used [0x00000000eab00000,0x00000000eab00000,0x00000000eaf80000)
  from space 1536K, 98% used [0x00000000eb200000,0x00000000eb37c010,0x00000000eb380000)
  to   space 2048K, 0% used [0x00000000eaf80000,0x00000000eaf80000,0x00000000eb180000)
 ParOldGen       total 397312K, used 380266K [0x00000000c0000000, 0x00000000d8400000, 0x00000000eab00000)
  object space 397312K, 95% used [0x00000000c0000000,0x00000000d735a950,0x00000000d8400000)
 Metaspace       used 97484K, committed 99008K, reserved 1179648K
  class space    used 10074K, committed 10752K, reserved 1048576K
}
Event: 3400.744 GC heap before
{Heap before GC invocations=268 (full 9):
 PSYoungGen      total 6144K, used 6128K [0x00000000eab00000, 0x00000000eb380000, 0x0000000100000000)
  eden space 4608K, 100% used [0x00000000eab00000,0x00000000eaf80000,0x00000000eaf80000)
  from space 1536K, 98% used [0x00000000eb200000,0x00000000eb37c010,0x00000000eb380000)
  to   space 2048K, 0% used [0x00000000eaf80000,0x00000000eaf80000,0x00000000eb180000)
 ParOldGen       total 397312K, used 380266K [0x00000000c0000000, 0x00000000d8400000, 0x00000000eab00000)
  object space 397312K, 95% used [0x00000000c0000000,0x00000000d735a950,0x00000000d8400000)
 Metaspace       used 97485K, committed 99008K, reserved 1179648K
  class space    used 10074K, committed 10752K, reserved 1048576K
}
Event: 3400.746 GC heap after
{Heap after GC invocations=268 (full 9):
 PSYoungGen      total 6656K, used 448K [0x00000000eab00000, 0x00000000eb280000, 0x0000000100000000)
  eden space 4608K, 0% used [0x00000000eab00000,0x00000000eab00000,0x00000000eaf80000)
  from space 2048K, 21% used [0x00000000eaf80000,0x00000000eaff0000,0x00000000eb180000)
  to   space 1024K, 0% used [0x00000000eb180000,0x00000000eb180000,0x00000000eb280000)
 ParOldGen       total 397312K, used 381090K [0x00000000c0000000, 0x00000000d8400000, 0x00000000eab00000)
  object space 397312K, 95% used [0x00000000c0000000,0x00000000d7428970,0x00000000d8400000)
 Metaspace       used 97485K, committed 99008K, reserved 1179648K
  class space    used 10074K, committed 10752K, reserved 1048576K
}
Event: 3401.526 GC heap before
{Heap before GC invocations=269 (full 9):
 PSYoungGen      total 6656K, used 5056K [0x00000000eab00000, 0x00000000eb280000, 0x0000000100000000)
  eden space 4608K, 100% used [0x00000000eab00000,0x00000000eaf80000,0x00000000eaf80000)
  from space 2048K, 21% used [0x00000000eaf80000,0x00000000eaff0000,0x00000000eb180000)
  to   space 1024K, 0% used [0x00000000eb180000,0x00000000eb180000,0x00000000eb280000)
 ParOldGen       total 397312K, used 381090K [0x00000000c0000000, 0x00000000d8400000, 0x00000000eab00000)
  object space 397312K, 95% used [0x00000000c0000000,0x00000000d7428970,0x00000000d8400000)
 Metaspace       used 97486K, committed 99008K, reserved 1179648K
  class space    used 10074K, committed 10752K, reserved 1048576K
}
Event: 3401.527 GC heap after
{Heap after GC invocations=269 (full 9):
 PSYoungGen      total 5632K, used 960K [0x00000000eab00000, 0x00000000eb280000, 0x0000000100000000)
  eden space 4608K, 0% used [0x00000000eab00000,0x00000000eab00000,0x00000000eaf80000)
  from space 1024K, 93% used [0x00000000eb180000,0x00000000eb270020,0x00000000eb280000)
  to   space 1536K, 0% used [0x00000000eaf80000,0x00000000eaf80000,0x00000000eb100000)
 ParOldGen       total 397312K, used 381090K [0x00000000c0000000, 0x00000000d8400000, 0x00000000eab00000)
  object space 397312K, 95% used [0x00000000c0000000,0x00000000d7428970,0x00000000d8400000)
 Metaspace       used 97486K, committed 99008K, reserved 1179648K
  class space    used 10074K, committed 10752K, reserved 1048576K
}
Event: 3401.539 GC heap before
{Heap before GC invocations=270 (full 9):
 PSYoungGen      total 5632K, used 5568K [0x00000000eab00000, 0x00000000eb280000, 0x0000000100000000)
  eden space 4608K, 100% used [0x00000000eab00000,0x00000000eaf80000,0x00000000eaf80000)
  from space 1024K, 93% used [0x00000000eb180000,0x00000000eb270020,0x00000000eb280000)
  to   space 1536K, 0% used [0x00000000eaf80000,0x00000000eaf80000,0x00000000eb100000)
 ParOldGen       total 397312K, used 381090K [0x00000000c0000000, 0x00000000d8400000, 0x00000000eab00000)
  object space 397312K, 95% used [0x00000000c0000000,0x00000000d7428970,0x00000000d8400000)
 Metaspace       used 97486K, committed 99008K, reserved 1179648K
  class space    used 10074K, committed 10752K, reserved 1048576K
}
Event: 3401.542 GC heap after
{Heap after GC invocations=270 (full 9):
 PSYoungGen      total 6144K, used 1514K [0x00000000eab00000, 0x00000000eb780000, 0x0000000100000000)
  eden space 4608K, 0% used [0x00000000eab00000,0x00000000eab00000,0x00000000eaf80000)
  from space 1536K, 98% used [0x00000000eaf80000,0x00000000eb0fa9a0,0x00000000eb100000)
  to   space 4096K, 0% used [0x00000000eb380000,0x00000000eb380000,0x00000000eb780000)
 ParOldGen       total 397312K, used 383114K [0x00000000c0000000, 0x00000000d8400000, 0x00000000eab00000)
  object space 397312K, 96% used [0x00000000c0000000,0x00000000d7622970,0x00000000d8400000)
 Metaspace       used 97486K, committed 99008K, reserved 1179648K
  class space    used 10074K, committed 10752K, reserved 1048576K
}
Event: 3401.560 GC heap before
{Heap before GC invocations=271 (full 9):
 PSYoungGen      total 6144K, used 6122K [0x00000000eab00000, 0x00000000eb780000, 0x0000000100000000)
  eden space 4608K, 100% used [0x00000000eab00000,0x00000000eaf80000,0x00000000eaf80000)
  from space 1536K, 98% used [0x00000000eaf80000,0x00000000eb0fa9a0,0x00000000eb100000)
  to   space 4096K, 0% used [0x00000000eb380000,0x00000000eb380000,0x00000000eb780000)
 ParOldGen       total 397312K, used 383114K [0x00000000c0000000, 0x00000000d8400000, 0x00000000eab00000)
  object space 397312K, 96% used [0x00000000c0000000,0x00000000d7622970,0x00000000d8400000)
 Metaspace       used 97488K, committed 99008K, reserved 1179648K
  class space    used 10074K, committed 10752K, reserved 1048576K
}
Event: 3401.561 GC heap after
{Heap after GC invocations=271 (full 9):
 PSYoungGen      total 5632K, used 960K [0x00000000eab00000, 0x00000000eb480000, 0x0000000100000000)
  eden space 4608K, 0% used [0x00000000eab00000,0x00000000eab00000,0x00000000eaf80000)
  from space 1024K, 93% used [0x00000000eb380000,0x00000000eb470020,0x00000000eb480000)
  to   space 2048K, 0% used [0x00000000eb080000,0x00000000eb080000,0x00000000eb280000)
 ParOldGen       total 397312K, used 383322K [0x00000000c0000000, 0x00000000d8400000, 0x00000000eab00000)
  object space 397312K, 96% used [0x00000000c0000000,0x00000000d7656970,0x00000000d8400000)
 Metaspace       used 97488K, committed 99008K, reserved 1179648K
  class space    used 10074K, committed 10752K, reserved 1048576K
}
Event: 3401.573 GC heap before
{Heap before GC invocations=272 (full 9):
 PSYoungGen      total 5632K, used 5568K [0x00000000eab00000, 0x00000000eb480000, 0x0000000100000000)
  eden space 4608K, 100% used [0x00000000eab00000,0x00000000eaf80000,0x00000000eaf80000)
  from space 1024K, 93% used [0x00000000eb380000,0x00000000eb470020,0x00000000eb480000)
  to   space 2048K, 0% used [0x00000000eb080000,0x00000000eb080000,0x00000000eb280000)
 ParOldGen       total 397312K, used 383322K [0x00000000c0000000, 0x00000000d8400000, 0x00000000eab00000)
  object space 397312K, 96% used [0x00000000c0000000,0x00000000d7656970,0x00000000d8400000)
 Metaspace       used 97498K, committed 99008K, reserved 1179648K
  class space    used 10074K, committed 10752K, reserved 1048576K
}
Event: 3401.574 GC heap after
{Heap after GC invocations=272 (full 9):
 PSYoungGen      total 6656K, used 960K [0x00000000eab00000, 0x00000000eb400000, 0x0000000100000000)
  eden space 4608K, 0% used [0x00000000eab00000,0x00000000eab00000,0x00000000eaf80000)
  from space 2048K, 46% used [0x00000000eb080000,0x00000000eb170020,0x00000000eb280000)
  to   space 1536K, 0% used [0x00000000eb280000,0x00000000eb280000,0x00000000eb400000)
 ParOldGen       total 397312K, used 383322K [0x00000000c0000000, 0x00000000d8400000, 0x00000000eab00000)
  object space 397312K, 96% used [0x00000000c0000000,0x00000000d7656970,0x00000000d8400000)
 Metaspace       used 97498K, committed 99008K, reserved 1179648K
  class space    used 10074K, committed 10752K, reserved 1048576K
}
Event: 3401.876 GC heap before
{Heap before GC invocations=273 (full 9):
 PSYoungGen      total 6656K, used 5568K [0x00000000eab00000, 0x00000000eb400000, 0x0000000100000000)
  eden space 4608K, 100% used [0x00000000eab00000,0x00000000eaf80000,0x00000000eaf80000)
  from space 2048K, 46% used [0x00000000eb080000,0x00000000eb170020,0x00000000eb280000)
  to   space 1536K, 0% used [0x00000000eb280000,0x00000000eb280000,0x00000000eb400000)
 ParOldGen       total 397312K, used 383322K [0x00000000c0000000, 0x00000000d8400000, 0x00000000eab00000)
  object space 397312K, 96% used [0x00000000c0000000,0x00000000d7656970,0x00000000d8400000)
 Metaspace       used 97498K, committed 99008K, reserved 1179648K
  class space    used 10074K, committed 10752K, reserved 1048576K
}
Event: 3401.877 GC heap after
{Heap after GC invocations=273 (full 9):
 PSYoungGen      total 6144K, used 1520K [0x00000000eab00000, 0x00000000eb400000, 0x0000000100000000)
  eden space 4608K, 0% used [0x00000000eab00000,0x00000000eab00000,0x00000000eaf80000)
  from space 1536K, 98% used [0x00000000eb280000,0x00000000eb3fc050,0x00000000eb400000)
  to   space 2048K, 0% used [0x00000000eb000000,0x00000000eb000000,0x00000000eb200000)
 ParOldGen       total 397312K, used 383354K [0x00000000c0000000, 0x00000000d8400000, 0x00000000eab00000)
  object space 397312K, 96% used [0x00000000c0000000,0x00000000d765e970,0x00000000d8400000)
 Metaspace       used 97498K, committed 99008K, reserved 1179648K
  class space    used 10074K, committed 10752K, reserved 1048576K
}
Event: 3402.208 GC heap before
{Heap before GC invocations=274 (full 9):
 PSYoungGen      total 6144K, used 6128K [0x00000000eab00000, 0x00000000eb400000, 0x0000000100000000)
  eden space 4608K, 100% used [0x00000000eab00000,0x00000000eaf80000,0x00000000eaf80000)
  from space 1536K, 98% used [0x00000000eb280000,0x00000000eb3fc050,0x00000000eb400000)
  to   space 2048K, 0% used [0x00000000eb000000,0x00000000eb000000,0x00000000eb200000)
 ParOldGen       total 397312K, used 383354K [0x00000000c0000000, 0x00000000d8400000, 0x00000000eab00000)
  object space 397312K, 96% used [0x00000000c0000000,0x00000000d765e970,0x00000000d8400000)
 Metaspace       used 97505K, committed 99008K, reserved 1179648K
  class space    used 10074K, committed 10752K, reserved 1048576K
}
Event: 3402.209 GC heap after
{Heap after GC invocations=274 (full 9):
 PSYoungGen      total 6144K, used 1040K [0x00000000eab00000, 0x00000000eb300000, 0x0000000100000000)
  eden space 4608K, 0% used [0x00000000eab00000,0x00000000eab00000,0x00000000eaf80000)
  from space 1536K, 67% used [0x00000000eb000000,0x00000000eb104050,0x00000000eb180000)
  to   space 1536K, 0% used [0x00000000eb180000,0x00000000eb180000,0x00000000eb300000)
 ParOldGen       total 397312K, used 384100K [0x00000000c0000000, 0x00000000d8400000, 0x00000000eab00000)
  object space 397312K, 96% used [0x00000000c0000000,0x00000000d77192b0,0x00000000d8400000)
 Metaspace       used 97505K, committed 99008K, reserved 1179648K
  class space    used 10074K, committed 10752K, reserved 1048576K
}
Event: 3402.607 GC heap before
{Heap before GC invocations=275 (full 9):
 PSYoungGen      total 6144K, used 5648K [0x00000000eab00000, 0x00000000eb300000, 0x0000000100000000)
  eden space 4608K, 99% used [0x00000000eab00000,0x00000000eaf7fff8,0x00000000eaf80000)
  from space 1536K, 67% used [0x00000000eb000000,0x00000000eb104050,0x00000000eb180000)
  to   space 1536K, 0% used [0x00000000eb180000,0x00000000eb180000,0x00000000eb300000)
 ParOldGen       total 397312K, used 384100K [0x00000000c0000000, 0x00000000d8400000, 0x00000000eab00000)
  object space 397312K, 96% used [0x00000000c0000000,0x00000000d77192b0,0x00000000d8400000)
 Metaspace       used 97505K, committed 99008K, reserved 1179648K
  class space    used 10074K, committed 10752K, reserved 1048576K
}
Event: 3402.608 GC heap after
{Heap after GC invocations=275 (full 9):
 PSYoungGen      total 6144K, used 1504K [0x00000000eab00000, 0x00000000eb380000, 0x0000000100000000)
  eden space 4608K, 0% used [0x00000000eab00000,0x00000000eab00000,0x00000000eaf80000)
  from space 1536K, 97% used [0x00000000eb180000,0x00000000eb2f8040,0x00000000eb300000)
  to   space 2048K, 0% used [0x00000000eaf80000,0x00000000eaf80000,0x00000000eb180000)
 ParOldGen       total 397312K, used 384148K [0x00000000c0000000, 0x00000000d8400000, 0x00000000eab00000)
  object space 397312K, 96% used [0x00000000c0000000,0x00000000d77252b0,0x00000000d8400000)
 Metaspace       used 97505K, committed 99008K, reserved 1179648K
  class space    used 10074K, committed 10752K, reserved 1048576K
}

Dll operation events (14 events):
Event: 0.057 Loaded shared library c:\Users\tranh\.vscode\extensions\redhat.java-1.35.1-win32-x64\jre\17.0.12-win32-x86_64\bin\java.dll
Event: 0.217 Loaded shared library c:\Users\tranh\.vscode\extensions\redhat.java-1.35.1-win32-x64\jre\17.0.12-win32-x86_64\bin\zip.dll
Event: 0.220 Loaded shared library C:\Users\tranh\.vscode\extensions\redhat.java-1.35.1-win32-x64\jre\17.0.12-win32-x86_64\bin\instrument.dll
Event: 0.230 Loaded shared library C:\Users\tranh\.vscode\extensions\redhat.java-1.35.1-win32-x64\jre\17.0.12-win32-x86_64\bin\net.dll
Event: 0.233 Loaded shared library C:\Users\tranh\.vscode\extensions\redhat.java-1.35.1-win32-x64\jre\17.0.12-win32-x86_64\bin\nio.dll
Event: 0.237 Loaded shared library C:\Users\tranh\.vscode\extensions\redhat.java-1.35.1-win32-x64\jre\17.0.12-win32-x86_64\bin\zip.dll
Event: 0.251 Loaded shared library C:\Users\tranh\.vscode\extensions\redhat.java-1.35.1-win32-x64\jre\17.0.12-win32-x86_64\bin\jimage.dll
Event: 0.296 Loaded shared library c:\Users\tranh\.vscode\extensions\redhat.java-1.35.1-win32-x64\jre\17.0.12-win32-x86_64\bin\verify.dll
Event: 3.973 Loaded shared library C:\Users\tranh\AppData\Roaming\Code\User\globalStorage\redhat.java\1.35.1\config_win\org.eclipse.equinox.launcher\org.eclipse.equinox.launcher.win32.win32.x86_64_1.2.1100.v20240722-2106\eclipse_11904.dll
Event: 12.523 Loaded shared library C:\Users\tranh\.vscode\extensions\redhat.java-1.35.1-win32-x64\jre\17.0.12-win32-x86_64\bin\management.dll
Event: 12.525 Loaded shared library C:\Users\tranh\.vscode\extensions\redhat.java-1.35.1-win32-x64\jre\17.0.12-win32-x86_64\bin\management_ext.dll
Event: 13.585 Loaded shared library C:\Users\tranh\AppData\Local\Temp\jna-110621341\jna14845700599063072443.dll
Event: 15.134 Loaded shared library C:\Users\tranh\.vscode\extensions\redhat.java-1.35.1-win32-x64\jre\17.0.12-win32-x86_64\bin\sunmscapi.dll
Event: 15.369 Loaded shared library C:\Users\tranh\.vscode\extensions\redhat.java-1.35.1-win32-x64\jre\17.0.12-win32-x86_64\bin\extnet.dll

Deoptimization events (20 events):
Event: 3388.610 Thread 0x000001d4a945f570 DEOPT PACKING pc=0x000001d48ef7974c sp=0x000000b38ffff220
Event: 3388.610 Thread 0x000001d4a945f570 DEOPT UNPACKING pc=0x000001d495896e43 sp=0x000000b38fffe6e0 mode 0
Event: 3388.637 Thread 0x000001d4a724a060 Uncommon trap: trap_request=0xffffff6e fr.pc=0x000001d496b5f35c relative=0x00000000000017dc
Event: 3388.637 Thread 0x000001d4a724a060 Uncommon trap: reason=loop_limit_check action=maybe_recompile pc=0x000001d496b5f35c method=org.eclipse.jdt.internal.compiler.lookup.Scope.findExactMethod(Lorg/eclipse/jdt/internal/compiler/lookup/ReferenceBinding;[C[Lorg/eclipse/jdt/internal/compiler/look
Event: 3388.637 Thread 0x000001d4a724a060 DEOPT PACKING pc=0x000001d496b5f35c sp=0x000000b38d6fec10
Event: 3388.637 Thread 0x000001d4a724a060 DEOPT UNPACKING pc=0x000001d4958966a3 sp=0x000000b38d6feb60 mode 2
Event: 3396.408 Thread 0x000001d4a724a060 DEOPT PACKING pc=0x000001d48e60a1e1 sp=0x000000b38d6fee30
Event: 3396.408 Thread 0x000001d4a724a060 DEOPT UNPACKING pc=0x000001d495896e43 sp=0x000000b38d6fe308 mode 0
Event: 3396.489 Thread 0x000001d4a9092be0 DEOPT PACKING pc=0x000001d48ef7974c sp=0x000000b3901ff320
Event: 3396.489 Thread 0x000001d4a9092be0 DEOPT UNPACKING pc=0x000001d495896e43 sp=0x000000b3901fe7e0 mode 0
Event: 3396.536 Thread 0x000001d4aaf58080 DEOPT PACKING pc=0x000001d48f097a7c sp=0x000000b3905fe220
Event: 3396.536 Thread 0x000001d4aaf58080 DEOPT UNPACKING pc=0x000001d495896e43 sp=0x000000b3905fd710 mode 0
Event: 3400.299 Thread 0x000001d4a7248c20 DEOPT PACKING pc=0x000001d490044a31 sp=0x000000b38f5fe2a0
Event: 3400.299 Thread 0x000001d4a7248c20 DEOPT UNPACKING pc=0x000001d495896e43 sp=0x000000b38f5fd798 mode 0
Event: 3400.309 Thread 0x000001d4a7248c20 Uncommon trap: trap_request=0xffffffc6 fr.pc=0x000001d496974670 relative=0x00000000000003f0
Event: 3400.309 Thread 0x000001d4a7248c20 Uncommon trap: reason=bimorphic_or_optimized_type_check action=maybe_recompile pc=0x000001d496974670 method=org.eclipse.jdt.internal.core.util.Util.isExcluded(Lorg/eclipse/jdt/core/IJavaElement;)Z @ 1 c2
Event: 3400.310 Thread 0x000001d4a7248c20 DEOPT PACKING pc=0x000001d496974670 sp=0x000000b38f5fd8b0
Event: 3400.310 Thread 0x000001d4a7248c20 DEOPT UNPACKING pc=0x000001d4958966a3 sp=0x000000b38f5fd860 mode 2
Event: 3401.577 Thread 0x000001d4a7248c20 DEOPT PACKING pc=0x000001d48f097a7c sp=0x000000b38f5fd450
Event: 3401.577 Thread 0x000001d4a7248c20 DEOPT UNPACKING pc=0x000001d495896e43 sp=0x000000b38f5fc940 mode 0

Classes loaded (20 events):
Event: 223.866 Loading class java/lang/ProcessHandleImpl$ExitCompletion
Event: 223.866 Loading class java/lang/ProcessHandleImpl$ExitCompletion done
Event: 223.866 Loading class java/lang/ProcessHandleImpl$1
Event: 223.866 Loading class java/lang/ProcessHandleImpl$1 done
Event: 223.867 Loading class java/util/concurrent/CompletableFuture$UniHandle
Event: 223.867 Loading class java/util/concurrent/CompletableFuture$UniHandle done
Event: 955.237 Loading class java/io/CharArrayReader
Event: 955.238 Loading class java/io/CharArrayReader done
Event: 955.238 Loading class java/util/regex/Pattern$Bound
Event: 955.238 Loading class java/util/regex/Pattern$Bound done
Event: 2493.569 Loading class java/util/stream/DistinctOps
Event: 2493.570 Loading class java/util/stream/DistinctOps done
Event: 2493.570 Loading class java/util/stream/DistinctOps$1
Event: 2493.570 Loading class java/util/stream/DistinctOps$1 done
Event: 2493.571 Loading class java/util/stream/DistinctOps$1$2
Event: 2493.571 Loading class java/util/stream/DistinctOps$1$2 done
Event: 2509.869 Loading class java/util/stream/ReferencePipeline$15
Event: 2509.869 Loading class java/util/stream/ReferencePipeline$15 done
Event: 2509.870 Loading class java/util/stream/ReferencePipeline$15$1
Event: 2509.870 Loading class java/util/stream/ReferencePipeline$15$1 done

Classes unloaded (20 events):
Event: 964.826 Thread 0x000001d48b76bc60 Unloading class 0x0000000100829800 'jdk/internal/reflect/GeneratedSerializationConstructorAccessor19'
Event: 964.826 Thread 0x000001d48b76bc60 Unloading class 0x0000000100828400 'jdk/internal/reflect/GeneratedSerializationConstructorAccessor18'
Event: 964.826 Thread 0x000001d48b76bc60 Unloading class 0x0000000100828000 'jdk/internal/reflect/GeneratedSerializationConstructorAccessor17'
Event: 964.826 Thread 0x000001d48b76bc60 Unloading class 0x0000000100821400 'jdk/internal/reflect/GeneratedSerializationConstructorAccessor16'
Event: 964.826 Thread 0x000001d48b76bc60 Unloading class 0x0000000100812400 'jdk/internal/reflect/GeneratedSerializationConstructorAccessor15'
Event: 964.826 Thread 0x000001d48b76bc60 Unloading class 0x0000000100812000 'jdk/internal/reflect/GeneratedSerializationConstructorAccessor14'
Event: 964.826 Thread 0x000001d48b76bc60 Unloading class 0x0000000100811c00 'jdk/internal/reflect/GeneratedSerializationConstructorAccessor13'
Event: 964.826 Thread 0x000001d48b76bc60 Unloading class 0x0000000100811000 'jdk/internal/reflect/GeneratedMethodAccessor24'
Event: 964.826 Thread 0x000001d48b76bc60 Unloading class 0x0000000100810c00 'jdk/internal/reflect/GeneratedMethodAccessor23'
Event: 964.826 Thread 0x000001d48b76bc60 Unloading class 0x0000000100810800 'jdk/internal/reflect/GeneratedSerializationConstructorAccessor10'
Event: 964.826 Thread 0x000001d48b76bc60 Unloading class 0x0000000100810400 'jdk/internal/reflect/GeneratedSerializationConstructorAccessor9'
Event: 964.826 Thread 0x000001d48b76bc60 Unloading class 0x0000000100810000 'jdk/internal/reflect/GeneratedSerializationConstructorAccessor8'
Event: 964.826 Thread 0x000001d48b76bc60 Unloading class 0x0000000100659400 'jdk/internal/reflect/GeneratedSerializationConstructorAccessor2'
Event: 964.826 Thread 0x000001d48b76bc60 Unloading class 0x0000000100659000 'jdk/internal/reflect/GeneratedSerializationConstructorAccessor1'
Event: 964.826 Thread 0x000001d48b76bc60 Unloading class 0x0000000100269000 'java/lang/invoke/LambdaForm$MH+0x0000000100269000'
Event: 964.826 Thread 0x000001d48b76bc60 Unloading class 0x0000000100268c00 'java/lang/invoke/LambdaForm$MH+0x0000000100268c00'
Event: 964.826 Thread 0x000001d48b76bc60 Unloading class 0x0000000100268400 'java/lang/invoke/LambdaForm$MH+0x0000000100268400'
Event: 964.826 Thread 0x000001d48b76bc60 Unloading class 0x0000000100220c00 'java/lang/invoke/LambdaForm$MH+0x0000000100220c00'
Event: 964.826 Thread 0x000001d48b76bc60 Unloading class 0x0000000100220800 'java/lang/invoke/LambdaForm$MH+0x0000000100220800'
Event: 964.826 Thread 0x000001d48b76bc60 Unloading class 0x0000000100220000 'java/lang/invoke/LambdaForm$MH+0x0000000100220000'

Classes redefined (0 events):
No events

Internal exceptions (20 events):
Event: 3096.560 Thread 0x000001d4a945bdc0 Exception <a 'java/lang/ArrayIndexOutOfBoundsException'{0x00000000eae72218}: Index 4419 out of bounds for length 4419> (0x00000000eae72218) 
thrown [s\src\hotspot\share\interpreter\interpreterRuntime.cpp, line 428]
Event: 3097.217 Thread 0x000001d4a724a060 Exception <a 'sun/nio/fs/WindowsException'{0x00000000ebc458e8}> (0x00000000ebc458e8) 
thrown [s\src\hotspot\share\prims\jni.cpp, line 516]
Event: 3097.297 Thread 0x000001d4a724a060 Exception <a 'sun/nio/fs/WindowsException'{0x00000000eb230ab0}> (0x00000000eb230ab0) 
thrown [s\src\hotspot\share\prims\jni.cpp, line 516]
Event: 3099.935 Thread 0x000001d4a724a060 Exception <a 'sun/nio/fs/WindowsException'{0x00000000eb900b70}> (0x00000000eb900b70) 
thrown [s\src\hotspot\share\prims\jni.cpp, line 516]
Event: 3100.005 Thread 0x000001d4a724a060 Exception <a 'sun/nio/fs/WindowsException'{0x00000000eae57b48}> (0x00000000eae57b48) 
thrown [s\src\hotspot\share\prims\jni.cpp, line 516]
Event: 3103.734 Thread 0x000001d4aaf53eb0 Exception <a 'sun/nio/fs/WindowsException'{0x00000000eafca1a8}> (0x00000000eafca1a8) 
thrown [s\src\hotspot\share\prims\jni.cpp, line 516]
Event: 3177.997 Thread 0x000001d4a9091290 Implicit null exception at 0x000001d496a0eeef to 0x000001d496a0fb44
Event: 3178.147 Thread 0x000001d4a9458100 Exception <a 'sun/nio/fs/WindowsException'{0x00000000ebc78790}> (0x00000000ebc78790) 
thrown [s\src\hotspot\share\prims\jni.cpp, line 516]
Event: 3178.152 Thread 0x000001d4a9458100 Exception <a 'sun/nio/fs/WindowsException'{0x00000000eab00130}> (0x00000000eab00130) 
thrown [s\src\hotspot\share\prims\jni.cpp, line 516]
Event: 3209.822 Thread 0x000001d4a9095970 Implicit null exception at 0x000001d496f99c5f to 0x000001d496f99e60
Event: 3210.139 Thread 0x000001d4a9094020 Exception <a 'java/lang/ArrayIndexOutOfBoundsException'{0x00000000eb86a4f8}> (0x00000000eb86a4f8) 
thrown [s\src\hotspot\share\runtime\sharedRuntime.cpp, line 631]
Event: 3215.611 Thread 0x000001d4a9095970 Exception <a 'java/lang/ArrayIndexOutOfBoundsException'{0x00000000eb532d28}: Index 3237 out of bounds for length 3236> (0x00000000eb532d28) 
thrown [s\src\hotspot\share\interpreter\interpreterRuntime.cpp, line 428]
Event: 3220.669 Thread 0x000001d4a724a060 Exception <a 'sun/nio/fs/WindowsException'{0x00000000eac925b0}> (0x00000000eac925b0) 
thrown [s\src\hotspot\share\prims\jni.cpp, line 516]
Event: 3220.774 Thread 0x000001d4a724a060 Exception <a 'sun/nio/fs/WindowsException'{0x00000000eb94f670}> (0x00000000eb94f670) 
thrown [s\src\hotspot\share\prims\jni.cpp, line 516]
Event: 3220.781 Thread 0x000001d4aaf53eb0 Exception <a 'sun/nio/fs/WindowsException'{0x00000000ebacd8b0}> (0x00000000ebacd8b0) 
thrown [s\src\hotspot\share\prims\jni.cpp, line 516]
Event: 3377.662 Thread 0x000001d4aaf56220 Exception <a 'sun/nio/fs/WindowsException'{0x00000000eb18c4b8}> (0x00000000eb18c4b8) 
thrown [s\src\hotspot\share\prims\jni.cpp, line 516]
Event: 3388.506 Thread 0x000001d4a724a060 Exception <a 'sun/nio/fs/WindowsException'{0x00000000eae762a8}> (0x00000000eae762a8) 
thrown [s\src\hotspot\share\prims\jni.cpp, line 516]
Event: 3388.593 Thread 0x000001d4a724a060 Exception <a 'sun/nio/fs/WindowsException'{0x00000000eae9d168}> (0x00000000eae9d168) 
thrown [s\src\hotspot\share\prims\jni.cpp, line 516]
Event: 3396.385 Thread 0x000001d4a724a060 Exception <a 'sun/nio/fs/WindowsException'{0x00000000eac4d8f0}> (0x00000000eac4d8f0) 
thrown [s\src\hotspot\share\prims\jni.cpp, line 516]
Event: 3396.514 Thread 0x000001d4a724a060 Exception <a 'sun/nio/fs/WindowsException'{0x00000000eab24cc8}> (0x00000000eab24cc8) 
thrown [s\src\hotspot\share\prims\jni.cpp, line 516]

VM Operations (20 events):
Event: 3400.705 Executing VM operation: ParallelGCFailedAllocation
Event: 3400.707 Executing VM operation: ParallelGCFailedAllocation done
Event: 3400.720 Executing VM operation: ParallelGCFailedAllocation
Event: 3400.722 Executing VM operation: ParallelGCFailedAllocation done
Event: 3400.744 Executing VM operation: ParallelGCFailedAllocation
Event: 3400.746 Executing VM operation: ParallelGCFailedAllocation done
Event: 3401.526 Executing VM operation: ParallelGCFailedAllocation
Event: 3401.527 Executing VM operation: ParallelGCFailedAllocation done
Event: 3401.539 Executing VM operation: ParallelGCFailedAllocation
Event: 3401.542 Executing VM operation: ParallelGCFailedAllocation done
Event: 3401.560 Executing VM operation: ParallelGCFailedAllocation
Event: 3401.561 Executing VM operation: ParallelGCFailedAllocation done
Event: 3401.573 Executing VM operation: ParallelGCFailedAllocation
Event: 3401.574 Executing VM operation: ParallelGCFailedAllocation done
Event: 3401.876 Executing VM operation: ParallelGCFailedAllocation
Event: 3401.877 Executing VM operation: ParallelGCFailedAllocation done
Event: 3402.208 Executing VM operation: ParallelGCFailedAllocation
Event: 3402.209 Executing VM operation: ParallelGCFailedAllocation done
Event: 3402.607 Executing VM operation: ParallelGCFailedAllocation
Event: 3402.608 Executing VM operation: ParallelGCFailedAllocation done

Events (20 events):
Event: 3387.388 Thread 0x000001d4a4f16a90 flushing nmethod 0x000001d4900fa090
Event: 3387.388 Thread 0x000001d4a4f16a90 flushing nmethod 0x000001d4900fa610
Event: 3387.388 Thread 0x000001d4a4f16a90 flushing nmethod 0x000001d490100590
Event: 3387.388 Thread 0x000001d4a4f16a90 flushing nmethod 0x000001d490107790
Event: 3387.388 Thread 0x000001d4a4f16a90 flushing nmethod 0x000001d490115910
Event: 3387.389 Thread 0x000001d4a4f16a90 flushing nmethod 0x000001d490184710
Event: 3387.389 Thread 0x000001d4a4f16a90 flushing nmethod 0x000001d4901b3210
Event: 3387.389 Thread 0x000001d4a4f16a90 flushing nmethod 0x000001d490332790
Event: 3387.390 Thread 0x000001d4a4f16a90 flushing nmethod 0x000001d4903d0790
Event: 3387.390 Thread 0x000001d4a4f16a90 flushing nmethod 0x000001d490424210
Event: 3387.966 Thread 0x000001d4abff4540 Thread exited: 0x000001d4abff4540
Event: 3387.966 Thread 0x000001d4abff3ff0 Thread exited: 0x000001d4abff3ff0
Event: 3388.493 Thread 0x000001d4abff3aa0 Thread exited: 0x000001d4abff3aa0
Event: 3388.596 Thread 0x000001d4aaf55800 Thread added: 0x000001d4aaf55800
Event: 3388.619 Thread 0x000001d4abff5a80 Thread added: 0x000001d4abff5a80
Event: 3388.634 Thread 0x000001d4aaf58080 Thread added: 0x000001d4aaf58080
Event: 3393.706 Thread 0x000001d4abff5a80 Thread exited: 0x000001d4abff5a80
Event: 3393.706 Thread 0x000001d4abff2ab0 Thread exited: 0x000001d4abff2ab0
Event: 3400.713 Thread 0x000001d4abff6fc0 Thread added: 0x000001d4abff6fc0
Event: 3401.516 Thread 0x000001d4abff6fc0 Thread exited: 0x000001d4abff6fc0


Dynamic libraries:
0x00007ff743700000 - 0x00007ff74370e000 	c:\Users\tranh\.vscode\extensions\redhat.java-1.35.1-win32-x64\jre\17.0.12-win32-x86_64\bin\java.exe
0x00007fff273c0000 - 0x00007fff27623000 	C:\WINDOWS\SYSTEM32\ntdll.dll
0x00007fff26310000 - 0x00007fff263d8000 	C:\WINDOWS\System32\KERNEL32.DLL
0x00007fff24e70000 - 0x00007fff25221000 	C:\WINDOWS\System32\KERNELBASE.dll
0x00007fff247b0000 - 0x00007fff248fb000 	C:\WINDOWS\System32\ucrtbase.dll
0x00007fff10630000 - 0x00007fff10647000 	c:\Users\tranh\.vscode\extensions\redhat.java-1.35.1-win32-x64\jre\17.0.12-win32-x86_64\bin\jli.dll
0x00007fff10370000 - 0x00007fff1038b000 	c:\Users\tranh\.vscode\extensions\redhat.java-1.35.1-win32-x64\jre\17.0.12-win32-x86_64\bin\VCRUNTIME140.dll
0x00007fff25ab0000 - 0x00007fff25c78000 	C:\WINDOWS\System32\USER32.dll
0x00007fff13c60000 - 0x00007fff13ef0000 	C:\WINDOWS\WinSxS\amd64_microsoft.windows.common-controls_6595b64144ccf1df_6.0.26100.2161_none_3e0cadb0e33078e1\COMCTL32.dll
0x00007fff24900000 - 0x00007fff24927000 	C:\WINDOWS\System32\win32u.dll
0x00007fff26ad0000 - 0x00007fff26afa000 	C:\WINDOWS\System32\GDI32.dll
0x00007fff25420000 - 0x00007fff254c9000 	C:\WINDOWS\System32\msvcrt.dll
0x00007fff24c80000 - 0x00007fff24da5000 	C:\WINDOWS\System32\gdi32full.dll
0x00007fff24930000 - 0x00007fff249d3000 	C:\WINDOWS\System32\msvcp_win.dll
0x00007fff26b80000 - 0x00007fff26baf000 	C:\WINDOWS\System32\IMM32.DLL
0x00007fff17780000 - 0x00007fff1778c000 	c:\Users\tranh\.vscode\extensions\redhat.java-1.35.1-win32-x64\jre\17.0.12-win32-x86_64\bin\vcruntime140_1.dll
0x00007ffeeabb0000 - 0x00007ffeeac3d000 	c:\Users\tranh\.vscode\extensions\redhat.java-1.35.1-win32-x64\jre\17.0.12-win32-x86_64\bin\msvcp140.dll
0x00007ffeaf4a0000 - 0x00007ffeb010a000 	c:\Users\tranh\.vscode\extensions\redhat.java-1.35.1-win32-x64\jre\17.0.12-win32-x86_64\bin\server\jvm.dll
0x00007fff26820000 - 0x00007fff268d4000 	C:\WINDOWS\System32\ADVAPI32.dll
0x00007fff269c0000 - 0x00007fff26a66000 	C:\WINDOWS\System32\sechost.dll
0x00007fff25d30000 - 0x00007fff25e46000 	C:\WINDOWS\System32\RPCRT4.dll
0x00007fff26590000 - 0x00007fff26604000 	C:\WINDOWS\System32\WS2_32.dll
0x00007fff1ac60000 - 0x00007fff1ac96000 	C:\WINDOWS\SYSTEM32\WINMM.dll
0x00007fff24640000 - 0x00007fff2468e000 	C:\WINDOWS\SYSTEM32\POWRPROF.dll
0x00007fff1d790000 - 0x00007fff1d79b000 	C:\WINDOWS\SYSTEM32\VERSION.dll
0x00007fff24570000 - 0x00007fff24584000 	C:\WINDOWS\SYSTEM32\UMPDC.dll
0x00007fff235a0000 - 0x00007fff235ba000 	C:\WINDOWS\SYSTEM32\kernel.appcore.dll
0x00007fff0e8d0000 - 0x00007fff0e8da000 	c:\Users\tranh\.vscode\extensions\redhat.java-1.35.1-win32-x64\jre\17.0.12-win32-x86_64\bin\jimage.dll
0x00007fff21f10000 - 0x00007fff22151000 	C:\WINDOWS\SYSTEM32\DBGHELP.DLL
0x00007fff25650000 - 0x00007fff259cd000 	C:\WINDOWS\System32\combase.dll
0x00007fff268e0000 - 0x00007fff269b6000 	C:\WINDOWS\System32\OLEAUT32.dll
0x00007fff15d60000 - 0x00007fff15d99000 	C:\WINDOWS\SYSTEM32\dbgcore.DLL
0x00007fff24be0000 - 0x00007fff24c79000 	C:\WINDOWS\System32\bcryptPrimitives.dll
0x00007fff0ea30000 - 0x00007fff0ea3e000 	c:\Users\tranh\.vscode\extensions\redhat.java-1.35.1-win32-x64\jre\17.0.12-win32-x86_64\bin\instrument.dll
0x00007ffee7c60000 - 0x00007ffee7c85000 	c:\Users\tranh\.vscode\extensions\redhat.java-1.35.1-win32-x64\jre\17.0.12-win32-x86_64\bin\java.dll
0x00007fff0cee0000 - 0x00007fff0cef8000 	c:\Users\tranh\.vscode\extensions\redhat.java-1.35.1-win32-x64\jre\17.0.12-win32-x86_64\bin\zip.dll
0x00007fff26c70000 - 0x00007fff2736f000 	C:\WINDOWS\System32\SHELL32.dll
0x00007fff22550000 - 0x00007fff22d7d000 	C:\WINDOWS\SYSTEM32\windows.storage.dll
0x00007fff259d0000 - 0x00007fff25aa3000 	C:\WINDOWS\System32\SHCORE.dll
0x00007fff26a70000 - 0x00007fff26acd000 	C:\WINDOWS\System32\shlwapi.dll
0x00007fff246c0000 - 0x00007fff246ee000 	C:\WINDOWS\SYSTEM32\profapi.dll
0x00007fff0cd80000 - 0x00007fff0cd99000 	C:\Users\tranh\.vscode\extensions\redhat.java-1.35.1-win32-x64\jre\17.0.12-win32-x86_64\bin\net.dll
0x00007fff1e300000 - 0x00007fff1e426000 	C:\WINDOWS\SYSTEM32\WINHTTP.dll
0x00007fff23b00000 - 0x00007fff23b68000 	C:\WINDOWS\system32\mswsock.dll
0x00007fff0cac0000 - 0x00007fff0cad6000 	C:\Users\tranh\.vscode\extensions\redhat.java-1.35.1-win32-x64\jre\17.0.12-win32-x86_64\bin\nio.dll
0x00007fff0ea20000 - 0x00007fff0ea30000 	c:\Users\tranh\.vscode\extensions\redhat.java-1.35.1-win32-x64\jre\17.0.12-win32-x86_64\bin\verify.dll
0x00007ffee1af0000 - 0x00007ffee1b35000 	C:\Users\tranh\AppData\Roaming\Code\User\globalStorage\redhat.java\1.35.1\config_win\org.eclipse.equinox.launcher\org.eclipse.equinox.launcher.win32.win32.x86_64_1.2.1100.v20240722-2106\eclipse_11904.dll
0x00007fff263f0000 - 0x00007fff26589000 	C:\WINDOWS\System32\ole32.dll
0x00007fff0e870000 - 0x00007fff0e879000 	C:\Users\tranh\.vscode\extensions\redhat.java-1.35.1-win32-x64\jre\17.0.12-win32-x86_64\bin\management.dll
0x00007fff0e170000 - 0x00007fff0e17b000 	C:\Users\tranh\.vscode\extensions\redhat.java-1.35.1-win32-x64\jre\17.0.12-win32-x86_64\bin\management_ext.dll
0x00007fff254d0000 - 0x00007fff254d8000 	C:\WINDOWS\System32\PSAPI.DLL
0x00007fff23da0000 - 0x00007fff23dbc000 	C:\WINDOWS\SYSTEM32\CRYPTSP.dll
0x00007fff23560000 - 0x00007fff23598000 	C:\WINDOWS\system32\rsaenh.dll
0x00007fff23ba0000 - 0x00007fff23bcb000 	C:\WINDOWS\SYSTEM32\USERENV.dll
0x00007fff23f70000 - 0x00007fff23f96000 	C:\WINDOWS\SYSTEM32\bcrypt.dll
0x00007fff23dc0000 - 0x00007fff23dcc000 	C:\WINDOWS\SYSTEM32\CRYPTBASE.dll
0x00007fff23040000 - 0x00007fff23071000 	C:\WINDOWS\SYSTEM32\IPHLPAPI.DLL
0x00007fff26610000 - 0x00007fff2661a000 	C:\WINDOWS\System32\NSI.dll
0x00007fff20870000 - 0x00007fff2088e000 	C:\WINDOWS\SYSTEM32\dhcpcsvc6.DLL
0x00007fff1f5c0000 - 0x00007fff1f5e5000 	C:\WINDOWS\SYSTEM32\dhcpcsvc.DLL
0x00007fff230d0000 - 0x00007fff231f5000 	C:\WINDOWS\SYSTEM32\DNSAPI.dll
0x00007ffed9160000 - 0x00007ffed91a9000 	C:\Users\tranh\AppData\Local\Temp\jna-110621341\jna14845700599063072443.dll
0x00007fff0e000000 - 0x00007fff0e00e000 	C:\Users\tranh\.vscode\extensions\redhat.java-1.35.1-win32-x64\jre\17.0.12-win32-x86_64\bin\sunmscapi.dll
0x00007fff249e0000 - 0x00007fff24b56000 	C:\WINDOWS\System32\CRYPT32.dll
0x00007fff23f30000 - 0x00007fff23f60000 	C:\WINDOWS\SYSTEM32\ncrypt.dll
0x00007fff23ee0000 - 0x00007fff23f1f000 	C:\WINDOWS\SYSTEM32\NTASN1.dll
0x00007fff1e1f0000 - 0x00007fff1e1fb000 	C:\Windows\System32\rasadhlp.dll
0x00007fff20df0000 - 0x00007fff20e76000 	C:\WINDOWS\System32\fwpuclnt.dll
0x00007fff0d3d0000 - 0x00007fff0d3d9000 	C:\Users\tranh\.vscode\extensions\redhat.java-1.35.1-win32-x64\jre\17.0.12-win32-x86_64\bin\extnet.dll
0x00007fff23720000 - 0x00007fff23755000 	C:\WINDOWS\SYSTEM32\ntmarta.dll

dbghelp: loaded successfully - version: 4.0.5 - missing functions: none
symbol engine: initialized successfully - sym options: 0x614 - pdb path: .;c:\Users\tranh\.vscode\extensions\redhat.java-1.35.1-win32-x64\jre\17.0.12-win32-x86_64\bin;C:\WINDOWS\SYSTEM32;C:\WINDOWS\WinSxS\amd64_microsoft.windows.common-controls_6595b64144ccf1df_6.0.26100.2161_none_3e0cadb0e33078e1;c:\Users\tranh\.vscode\extensions\redhat.java-1.35.1-win32-x64\jre\17.0.12-win32-x86_64\bin\server;C:\Users\tranh\AppData\Roaming\Code\User\globalStorage\redhat.java\1.35.1\config_win\org.eclipse.equinox.launcher\org.eclipse.equinox.launcher.win32.win32.x86_64_1.2.1100.v20240722-2106;C:\Users\tranh\AppData\Local\Temp\jna-110621341

VM Arguments:
jvm_args: --add-modules=ALL-SYSTEM --add-opens=java.base/java.util=ALL-UNNAMED --add-opens=java.base/java.lang=ALL-UNNAMED --add-opens=java.base/sun.nio.fs=ALL-UNNAMED -Declipse.application=org.eclipse.jdt.ls.core.id1 -Dosgi.bundles.defaultStartLevel=4 -Declipse.product=org.eclipse.jdt.ls.core.product -Djava.import.generatesMetadataFilesAtProjectRoot=false -DDetectVMInstallationsJob.disabled=true -Dfile.encoding=utf8 -XX:+UseParallelGC -XX:GCTimeRatio=4 -XX:AdaptiveSizePolicyWeight=90 -Dsun.zip.disableMemoryMapping=true -Xmx1G -Xms100m -Xlog:disable -javaagent:c:\Users\tranh\.vscode\extensions\redhat.java-1.35.1-win32-x64\lombok\lombok-1.18.33.jar -XX:+HeapDumpOnOutOfMemoryError -XX:HeapDumpPath=c:\Users\tranh\AppData\Roaming\Code\User\workspaceStorage\30131ee24ff7eef906f10b08128f440c\redhat.java -Daether.dependencyCollector.impl=bf 
java_command: c:\Users\tranh\.vscode\extensions\redhat.java-1.35.1-win32-x64\server\plugins\org.eclipse.equinox.launcher_1.6.900.v20240613-2009.jar -configuration c:\Users\tranh\AppData\Roaming\Code\User\globalStorage\redhat.java\1.35.1\config_win -data c:\Users\tranh\AppData\Roaming\Code\User\workspaceStorage\30131ee24ff7eef906f10b08128f440c\redhat.java\jdt_ws --pipe=\\.\pipe\lsp-029dd1b3946e4c7851205ec173471c50-sock
java_class_path (initial): c:\Users\tranh\.vscode\extensions\redhat.java-1.35.1-win32-x64\server\plugins\org.eclipse.equinox.launcher_1.6.900.v20240613-2009.jar
Launcher Type: SUN_STANDARD

[Global flags]
    uintx AdaptiveSizePolicyWeight                 = 90                                        {product} {command line}
     intx CICompilerCount                          = 12                                        {product} {ergonomic}
    uintx GCTimeRatio                              = 4                                         {product} {command line}
     bool HeapDumpOnOutOfMemoryError               = true                                   {manageable} {command line}
    ccstr HeapDumpPath                             = c:\Users\tranh\AppData\Roaming\Code\User\workspaceStorage\30131ee24ff7eef906f10b08128f440c\redhat.java         {manageable} {command line}
   size_t InitialHeapSize                          = 104857600                                 {product} {command line}
   size_t MaxHeapSize                              = 1073741824                                {product} {command line}
   size_t MaxNewSize                               = 357564416                                 {product} {ergonomic}
   size_t MinHeapDeltaBytes                        = 524288                                    {product} {ergonomic}
   size_t MinHeapSize                              = 104857600                                 {product} {command line}
   size_t NewSize                                  = 34603008                                  {product} {ergonomic}
    uintx NonNMethodCodeHeapSize                   = 7602480                                {pd product} {ergonomic}
    uintx NonProfiledCodeHeapSize                  = 122027880                              {pd product} {ergonomic}
   size_t OldSize                                  = 70254592                                  {product} {ergonomic}
    uintx ProfiledCodeHeapSize                     = 122027880                              {pd product} {ergonomic}
    uintx ReservedCodeCacheSize                    = 251658240                              {pd product} {ergonomic}
     bool SegmentedCodeCache                       = true                                      {product} {ergonomic}
   size_t SoftMaxHeapSize                          = 1073741824                             {manageable} {ergonomic}
     bool UseCompressedClassPointers               = true                           {product lp64_product} {ergonomic}
     bool UseCompressedOops                        = true                           {product lp64_product} {ergonomic}
     bool UseLargePagesIndividualAllocation        = false                                  {pd product} {ergonomic}
     bool UseParallelGC                            = true                                      {product} {command line}

Logging:
Log output configuration:
 #0: stdout all=off uptime,level,tags
 #1: stderr all=off uptime,level,tags

Environment Variables:
JAVA_HOME=C:\Program Files\Java\jdk-21
PATH=C:\Program Files\Common Files\Oracle\Java\javapath;C:\Windows\system32;C:\Windows;C:\Windows\System32\Wbem;C:\Windows\System32\WindowsPowerShell\v1.0\;C:\Windows\System32\OpenSSH\;C:\Program Files (x86)\NVIDIA Corporation\PhysX\Common;C:\WINDOWS\system32;C:\WINDOWS;C:\WINDOWS\System32\Wbem;C:\WINDOWS\System32\WindowsPowerShell\v1.0\;C:\WINDOWS\System32\OpenSSH\;C:\Program Files\dotnet\;C:\Users\tranh\OneDrive\Documents;C:\Program Files (x86)\Microsoft SQL Server\160\Tools\Binn\;C:\Program Files\Microsoft SQL Server\160\Tools\Binn\;C:\Program Files\Microsoft SQL Server\Client SDK\ODBC\170\Tools\Binn\;C:\Program Files\Microsoft SQL Server\160\DTS\Binn\;C:\Program Files (x86)\Microsoft SQL Server\150\DTS\Binn\;C:\Program Files\Azure Data Studio\bin;C:\xampp\php;C:\composer;C:\xampp\mysql\bin;C:\Program Files\nodejs\;C:\Program Files\Git\cmd;D:\;C:\Program Files\CMake\bin;C:\ProgramData\chocolatey\bin;C:\ProgramData\chocolatey\lib\maven\apache-maven-3.9.9\bin;C:\Users\tranh\AppData\Local\Programs\Python\Python312\Scripts\;C:\Users\tranh\AppData\Local\Programs\Python\Python312\;C:\Users\tranh\AppData\Local\Microsoft\WindowsApps;C:\Users\tranh\AppData\Local\Programs\Microsoft VS Code\bin;C:\Users\tranh\AppData\Roaming\Composer\vendor\bin;C:\Users\tranh\AppData\Roaming\npm;F:\IntelliJ IDEA Community Edition 2024.2.0.1\bin;D:\Program Files (x86)\Python312;;D:\Program Files (x86)\Python312;C:\Program Files\Common Files\Oracle\Java\javapath;C:\Windows\system32;C:\Windows;C:\Windows\System32\Wbem;C:\Windows\System32\WindowsPowerShell\v1.0\;C:\Windows\System32\OpenSSH\;C:\Program Files (x86)\NVIDIA Corporation\PhysX\Common;C:\WINDOWS\system32;C:\WINDOWS;C:\WINDOWS\System32\Wbem;C:\WINDOWS\System32\WindowsPowerShell\v1.0\;C:\WINDOWS\System32\OpenSSH\;C:\Program Files\dotnet\;C:\Users\tranh\OneDrive\Documents;C:\Program Files (x86)\Microsoft SQL Server\160\Tools\Binn\;C:\Program Files\Microsoft SQL Server\160\Tools\Binn\;C:\Program Files\Microsoft SQL Server\Client SDK\ODBC\170
USERNAME=tranh
OS=Windows_NT
PROCESSOR_IDENTIFIER=AMD64 Family 23 Model 96 Stepping 1, AuthenticAMD
TMP=C:\Users\tranh\AppData\Local\Temp
TEMP=C:\Users\tranh\AppData\Local\Temp



Periodic native trim disabled


---------------  S Y S T E M  ---------------

OS:
 Windows 11 , 64 bit Build 26100 (10.0.26100.2161)
OS uptime: 1 days 7:18 hours

CPU: total 16 (initial active 16) (16 cores per cpu, 2 threads per core) family 23 model 96 stepping 1 microcode 0x8600106, cx8, cmov, fxsr, ht, mmx, 3dnowpref, sse, sse2, sse3, ssse3, sse4a, sse4.1, sse4.2, popcnt, lzcnt, tsc, tscinvbit, avx, avx2, aes, clmul, bmi1, bmi2, adx, sha, fma, vzeroupper, clflush, clflushopt
Processor Information for all 16 processors :
  Max Mhz: 2901, Current Mhz: 2901, Mhz Limit: 2901

Memory: 4k page, system-wide physical 15791M (2695M free)
TotalPageFile size 22936M (AvailPageFile size 20M)
current process WorkingSet (physical memory assigned to process): 672M, peak: 986M
current process commit charge ("private bytes"): 798M, peak: 978M

vm_info: OpenJDK 64-Bit Server VM (17.0.12+7) for windows-amd64 JRE (17.0.12+7), built on Jul 16 2024 22:08:24 by "admin" with MS VC++ 16.10 / 16.11 (VS2019)

END.
