#
# There is insufficient memory for the Java Runtime Environment to continue.
# Native memory allocation (malloc) failed to allocate 680960 bytes for Chunk::new
# Possible reasons:
#   The system is out of physical RAM or swap space
#   The process is running with CompressedOops enabled, and the Java Heap may be blocking the growth of the native heap
# Possible solutions:
#   Reduce memory load on the system
#   Increase physical memory or swap space
#   Check if swap backing store is full
#   Decrease Java heap size (-Xmx/-Xms)
#   Decrease number of Java threads
#   Decrease Java thread stack sizes (-Xss)
#   Set larger code cache with -XX:ReservedCodeCacheSize=
#   JVM is running with Zero Based Compressed Oops mode in which the Java heap is
#     placed in the first 32GB address space. The Java Heap base address is the
#     maximum limit for the native heap growth. Please use -XX:HeapBaseMinAddress
#     to set the Java Heap base and to place the Java Heap above 32GB virtual address.
# This output file may be truncated or incomplete.
#
#  Out of Memory Error (arena.cpp:168), pid=11456, tid=14624
#
# JRE version: Java(TM) SE Runtime Environment (21.0.1+12) (build 21.0.1+12-LTS-29)
# Java VM: Java HotSpot(TM) 64-Bit Server VM (21.0.1+12-LTS-29, mixed mode, sharing, tiered, compressed oops, compressed class ptrs, g1 gc, windows-amd64)
# No core dump will be written. Minidumps are not enabled by default on client versions of Windows
#

---------------  S U M M A R Y ------------

Command Line: -javaagent:F:\IntelliJ IDEA Community Edition 2024.2.0.1\lib\idea_rt.jar=56489:F:\IntelliJ IDEA Community Edition 2024.2.0.1\bin -Dfile.encoding=UTF-8 -Dsun.stdout.encoding=UTF-8 -Dsun.stderr.encoding=UTF-8 org.example.client.LivestreamClient

Host: AMD Ryzen 7 4800H with Radeon Graphics         , 16 cores, 15G,  Windows 11 , 64 bit Build 26100 (10.0.26100.2161)
Time: Thu Oct 31 18:45:23 2024 SE Asia Standard Time elapsed time: 11.606189 seconds (0d 0h 0m 11s)

---------------  T H R E A D  ---------------

Current thread (0x0000026f10002b30):  JavaThread "C2 CompilerThread0" daemon [_thread_in_native, id=14624, stack(0x000000eb56f00000,0x000000eb57000000) (1024K)]


Current CompileTask:
C2:  11606 2435   !   4       java.net.URL::<init> (543 bytes)

Stack: [0x000000eb56f00000,0x000000eb57000000]
Native frames: (J=compiled Java code, j=interpreted, Vv=VM code, C=native code)
V  [jvm.dll+0x6c9029]
V  [jvm.dll+0x854b81]
V  [jvm.dll+0x856e5e]
V  [jvm.dll+0x857543]
V  [jvm.dll+0x280c06]
V  [jvm.dll+0xc3ead]
V  [jvm.dll+0xc43c3]
V  [jvm.dll+0x3b576c]
V  [jvm.dll+0x1e20b9]
V  [jvm.dll+0x249c22]
V  [jvm.dll+0x2490b1]
V  [jvm.dll+0x1c9ca1]
V  [jvm.dll+0x2586b9]
V  [jvm.dll+0x256c9a]
V  [jvm.dll+0x3ef1b6]
V  [jvm.dll+0x7fd728]
V  [jvm.dll+0x6c777d]
C  [ucrtbase.dll+0x14ea0]
C  [KERNEL32.DLL+0x2dbe7]
C  [ntdll.dll+0xdfbec]


---------------  P R O C E S S  ---------------

Threads class SMR info:
_java_thread_list=0x0000026f117d4ad0, length=29, elements={
0x0000026eca97ab80, 0x0000026eca97b5e0, 0x0000026eca97e3b0, 0x0000026eca97ef40,
0x0000026eca9884b0, 0x0000026eca98db20, 0x0000026f10002b30, 0x0000026f10009070,
0x0000026eca98b3c0, 0x0000026eca98ce00, 0x0000026eca98ba50, 0x0000026eca98e1b0,
0x0000026eca98ad30, 0x0000026eca98c0e0, 0x0000026f116b98d0, 0x0000026f116bac80,
0x0000026f116bb310, 0x0000026f116b9240, 0x0000026f116b8bb0, 0x0000026f116b8520,
0x0000026f116bb9a0, 0x0000026f11394b00, 0x0000026f113951d0, 0x0000026f116ba5f0,
0x0000026f1b9fb0a0, 0x0000026f1b9fc510, 0x0000026f1b9fa9d0, 0x0000026f1b9f8e90,
0x0000026f1b9fa300
}

Java Threads: ( => current thread )
  0x0000026eca97ab80 JavaThread "Reference Handler"          daemon [_thread_blocked, id=12132, stack(0x000000eb56900000,0x000000eb56a00000) (1024K)]
  0x0000026eca97b5e0 JavaThread "Finalizer"                  daemon [_thread_blocked, id=20496, stack(0x000000eb56a00000,0x000000eb56b00000) (1024K)]
  0x0000026eca97e3b0 JavaThread "Signal Dispatcher"          daemon [_thread_blocked, id=15684, stack(0x000000eb56b00000,0x000000eb56c00000) (1024K)]
  0x0000026eca97ef40 JavaThread "Attach Listener"            daemon [_thread_blocked, id=1652, stack(0x000000eb56c00000,0x000000eb56d00000) (1024K)]
  0x0000026eca9884b0 JavaThread "Service Thread"             daemon [_thread_blocked, id=30856, stack(0x000000eb56d00000,0x000000eb56e00000) (1024K)]
  0x0000026eca98db20 JavaThread "Monitor Deflation Thread"   daemon [_thread_blocked, id=8920, stack(0x000000eb56e00000,0x000000eb56f00000) (1024K)]
=>0x0000026f10002b30 JavaThread "C2 CompilerThread0"         daemon [_thread_in_native, id=14624, stack(0x000000eb56f00000,0x000000eb57000000) (1024K)]
  0x0000026f10009070 JavaThread "C1 CompilerThread0"         daemon [_thread_blocked, id=1972, stack(0x000000eb57000000,0x000000eb57100000) (1024K)]
  0x0000026eca98b3c0 JavaThread "Common-Cleaner"             daemon [_thread_blocked, id=29068, stack(0x000000eb57200000,0x000000eb57300000) (1024K)]
  0x0000026eca98ce00 JavaThread "Monitor Ctrl-Break"         daemon [_thread_in_native, id=15396, stack(0x000000eb57400000,0x000000eb57500000) (1024K)]
  0x0000026eca98ba50 JavaThread "Notification Thread"        daemon [_thread_blocked, id=25300, stack(0x000000eb57500000,0x000000eb57600000) (1024K)]
  0x0000026eca98e1b0 JavaThread "Java2D Disposer"            daemon [_thread_blocked, id=11356, stack(0x000000eb57300000,0x000000eb57400000) (1024K)]
  0x0000026eca98ad30 JavaThread "AWT-Shutdown"                      [_thread_blocked, id=21048, stack(0x000000eb57600000,0x000000eb57700000) (1024K)]
  0x0000026eca98c0e0 JavaThread "AWT-Windows"                daemon [_thread_in_native, id=20112, stack(0x000000eb57700000,0x000000eb57800000) (1024K)]
  0x0000026f116b98d0 JavaThread "AWT-EventQueue-0"                  [_thread_in_Java, id=26784, stack(0x000000eb58c00000,0x000000eb58d00000) (1024K)]
  0x0000026f116bac80 JavaThread "Thread-0"                          [_thread_in_native, id=11996, stack(0x000000eb58e00000,0x000000eb58f00000) (1024K)]
  0x0000026f116bb310 JavaThread "DestroyJavaVM"                     [_thread_blocked, id=12776, stack(0x000000eb56100000,0x000000eb56200000) (1024K)]
  0x0000026f116b9240 JavaThread "D3D Screen Updater"         daemon [_thread_blocked, id=10168, stack(0x000000eb58f00000,0x000000eb59000000) (1024K)]
  0x0000026f116b8bb0 JavaThread "TimerQueue"                 daemon [_thread_blocked, id=14332, stack(0x000000eb59000000,0x000000eb59100000) (1024K)]
  0x0000026f116b8520 JavaThread "Image Fetcher 0"            daemon [_thread_blocked, id=31376, stack(0x000000eb59d00000,0x000000eb59e00000) (1024K)]
  0x0000026f116bb9a0 JavaThread "WebSocketConnectReadThread-51"        [_thread_in_native, id=31576, stack(0x000000eb57100000,0x000000eb57200000) (1024K)]
  0x0000026f11394b00 JavaThread "C1 CompilerThread1"         daemon [_thread_blocked, id=30076, stack(0x000000eb59e00000,0x000000eb59f00000) (1024K)]
  0x0000026f113951d0 JavaThread "C1 CompilerThread2"         daemon [_thread_blocked, id=7580, stack(0x000000eb59f00000,0x000000eb5a000000) (1024K)]
  0x0000026f116ba5f0 JavaThread "JavaCPP Deallocator"        daemon [_thread_blocked, id=18272, stack(0x000000eb5a400000,0x000000eb5a500000) (1024K)]
  0x0000026f1b9fb0a0 JavaThread "C2 CompilerThread1"         daemon [_thread_blocked, id=31000, stack(0x000000eb5a000000,0x000000eb5a100000) (1024K)]
  0x0000026f1b9fc510 JavaThread "C2 CompilerThread2"         daemon [_thread_blocked, id=30036, stack(0x000000eb5c200000,0x000000eb5c300000) (1024K)]
  0x0000026f1b9fa9d0 JavaThread "C2 CompilerThread3"         daemon [_thread_in_native, id=19992, stack(0x000000eb5c300000,0x000000eb5c400000) (1024K)]
  0x0000026f1b9f8e90 JavaThread "C2 CompilerThread4"         daemon [_thread_blocked, id=13364, stack(0x000000eb5c400000,0x000000eb5c500000) (1024K)]
  0x0000026f1b9fa300 JavaThread "C2 CompilerThread5"         daemon [_thread_in_native, id=13664, stack(0x000000eb5c500000,0x000000eb5c600000) (1024K)]
Total: 29

Other Threads:
  0x0000026eca9587d0 VMThread "VM Thread"                           [id=1392, stack(0x000000eb56800000,0x000000eb56900000) (1024K)]
  0x0000026eca942fd0 WatcherThread "VM Periodic Task Thread"        [id=31704, stack(0x000000eb56700000,0x000000eb56800000) (1024K)]
  0x0000026eab47b650 WorkerThread "GC Thread#0"                     [id=3988, stack(0x000000eb56200000,0x000000eb56300000) (1024K)]
  0x0000026f10c176d0 WorkerThread "GC Thread#1"                     [id=20632, stack(0x000000eb59100000,0x000000eb59200000) (1024K)]
  0x0000026f10c17a70 WorkerThread "GC Thread#2"                     [id=31176, stack(0x000000eb59400000,0x000000eb59500000) (1024K)]
  0x0000026f1b1bfd50 WorkerThread "GC Thread#3"                     [id=12940, stack(0x000000eb59500000,0x000000eb59600000) (1024K)]
  0x0000026f1b1c00f0 WorkerThread "GC Thread#4"                     [id=15892, stack(0x000000eb59600000,0x000000eb59700000) (1024K)]
  0x0000026f1b1c18c0 WorkerThread "GC Thread#5"                     [id=4592, stack(0x000000eb59700000,0x000000eb59800000) (1024K)]
  0x0000026f11bcb3a0 WorkerThread "GC Thread#6"                     [id=14940, stack(0x000000eb59800000,0x000000eb59900000) (1024K)]
  0x0000026f11bcc960 WorkerThread "GC Thread#7"                     [id=26888, stack(0x000000eb59900000,0x000000eb59a00000) (1024K)]
  0x0000026f11bcb740 WorkerThread "GC Thread#8"                     [id=6176, stack(0x000000eb59a00000,0x000000eb59b00000) (1024K)]
  0x0000026f11bcc5c0 WorkerThread "GC Thread#9"                     [id=30268, stack(0x000000eb59b00000,0x000000eb59c00000) (1024K)]
  0x0000026f11bccd00 WorkerThread "GC Thread#10"                    [id=8024, stack(0x000000eb59c00000,0x000000eb59d00000) (1024K)]
  0x0000026f11bcbe80 WorkerThread "GC Thread#11"                    [id=26304, stack(0x000000eb5a300000,0x000000eb5a400000) (1024K)]
  0x0000026f1ba29af0 WorkerThread "GC Thread#12"                    [id=4944, stack(0x000000eb5a100000,0x000000eb5a200000) (1024K)]
  0x0000026eab48bcf0 ConcurrentGCThread "G1 Main Marker"            [id=13768, stack(0x000000eb56300000,0x000000eb56400000) (1024K)]
  0x0000026eab48f980 WorkerThread "G1 Conc#0"                       [id=15196, stack(0x000000eb56400000,0x000000eb56500000) (1024K)]
  0x0000026eca811200 ConcurrentGCThread "G1 Refine#0"               [id=14516, stack(0x000000eb56500000,0x000000eb56600000) (1024K)]
  0x0000026eca811c70 ConcurrentGCThread "G1 Service"                [id=22240, stack(0x000000eb56600000,0x000000eb56700000) (1024K)]
Total: 19

Threads with active compile tasks:
C2 CompilerThread0    11641 2435   !   4       java.net.URL::<init> (543 bytes)
C2 CompilerThread3    11641 2453       4       jdk.internal.loader.URLClassPath::findResource (38 bytes)
C2 CompilerThread5    11641 2450       4       java.lang.ClassLoader::getResources (55 bytes)
Total: 3

VM state: not at safepoint (normal execution)

VM Mutex/Monitor currently owned by a thread: None

Heap address: 0x0000000709400000, size: 3948 MB, Compressed Oops mode: Zero based, Oop shift amount: 3

CDS archive(s) mapped at: [0x0000026ecb000000-0x0000026ecbc90000-0x0000026ecbc90000), size 13172736, SharedBaseAddress: 0x0000026ecb000000, ArchiveRelocationMode: 1.
Compressed class space mapped at: 0x0000026ecc000000-0x0000026f0c000000, reserved size: 1073741824
Narrow klass base: 0x0000026ecb000000, Narrow klass shift: 0, Narrow klass range: 0x100000000

GC Precious Log:
 CardTable entry size: 512
 Card Set container configuration: InlinePtr #cards 4 size 8 Array Of Cards #cards 16 size 48 Howl #buckets 8 coarsen threshold 3686 Howl Bitmap #cards 512 size 80 coarsen threshold 460 Card regions per heap region 1 cards per card region 4096
 CPUs: 16 total, 16 available
 Memory: 15791M
 Large Page Support: Disabled
 NUMA Support: Disabled
 Compressed Oops: Enabled (Zero based)
 Heap Region Size: 2M
 Heap Min Capacity: 8M
 Heap Initial Capacity: 248M
 Heap Max Capacity: 3948M
 Pre-touch: Disabled
 Parallel Workers: 13
 Concurrent Workers: 3
 Concurrent Refinement Workers: 13
 Periodic GC: Disabled

Heap:
 garbage-first heap   total 253952K, used 123148K [0x0000000709400000, 0x0000000800000000)
  region size 2048K, 57 young (116736K), 1 survivors (2048K)
 Metaspace       used 18581K, committed 18816K, reserved 1114112K
  class space    used 1582K, committed 1664K, reserved 1048576K

Heap Regions: E=young(eden), S=young(survivor), O=old, HS=humongous(starts), HC=humongous(continues), CS=collection set, F=free, TAMS=top-at-mark-start, PB=parsable bottom
|   0|0x0000000709400000, 0x0000000709600000, 0x0000000709600000|100%| O|  |TAMS 0x0000000709400000| PB 0x0000000709400000| Untracked 
|   1|0x0000000709600000, 0x0000000709800000, 0x0000000709800000|100%| O|  |TAMS 0x0000000709600000| PB 0x0000000709600000| Untracked 
|   2|0x0000000709800000, 0x0000000709a00000, 0x0000000709a00000|100%| O|  |TAMS 0x0000000709800000| PB 0x0000000709800000| Untracked 
|   3|0x0000000709a00000, 0x0000000709c00000, 0x0000000709c00000|100%| O|  |TAMS 0x0000000709a00000| PB 0x0000000709a00000| Untracked 
|   4|0x0000000709c00000, 0x0000000709d6fa58, 0x0000000709e00000| 71%| O|  |TAMS 0x0000000709c00000| PB 0x0000000709c00000| Untracked 
|   5|0x0000000709e00000, 0x0000000709e00000, 0x000000070a000000|  0%| F|  |TAMS 0x0000000709e00000| PB 0x0000000709e00000| Untracked 
|   6|0x000000070a000000, 0x000000070a000000, 0x000000070a200000|  0%| F|  |TAMS 0x000000070a000000| PB 0x000000070a000000| Untracked 
|   7|0x000000070a200000, 0x000000070a200000, 0x000000070a400000|  0%| F|  |TAMS 0x000000070a200000| PB 0x000000070a200000| Untracked 
|   8|0x000000070a400000, 0x000000070a400000, 0x000000070a600000|  0%| F|  |TAMS 0x000000070a400000| PB 0x000000070a400000| Untracked 
|   9|0x000000070a600000, 0x000000070a600000, 0x000000070a800000|  0%| F|  |TAMS 0x000000070a600000| PB 0x000000070a600000| Untracked 
|  10|0x000000070a800000, 0x000000070a800000, 0x000000070aa00000|  0%| F|  |TAMS 0x000000070a800000| PB 0x000000070a800000| Untracked 
|  11|0x000000070aa00000, 0x000000070aa00000, 0x000000070ac00000|  0%| F|  |TAMS 0x000000070aa00000| PB 0x000000070aa00000| Untracked 
|  12|0x000000070ac00000, 0x000000070ac00000, 0x000000070ae00000|  0%| F|  |TAMS 0x000000070ac00000| PB 0x000000070ac00000| Untracked 
|  13|0x000000070ae00000, 0x000000070ae00000, 0x000000070b000000|  0%| F|  |TAMS 0x000000070ae00000| PB 0x000000070ae00000| Untracked 
|  14|0x000000070b000000, 0x000000070b000000, 0x000000070b200000|  0%| F|  |TAMS 0x000000070b000000| PB 0x000000070b000000| Untracked 
|  15|0x000000070b200000, 0x000000070b200000, 0x000000070b400000|  0%| F|  |TAMS 0x000000070b200000| PB 0x000000070b200000| Untracked 
|  16|0x000000070b400000, 0x000000070b400000, 0x000000070b600000|  0%| F|  |TAMS 0x000000070b400000| PB 0x000000070b400000| Untracked 
|  17|0x000000070b600000, 0x000000070b600000, 0x000000070b800000|  0%| F|  |TAMS 0x000000070b600000| PB 0x000000070b600000| Untracked 
|  18|0x000000070b800000, 0x000000070b800000, 0x000000070ba00000|  0%| F|  |TAMS 0x000000070b800000| PB 0x000000070b800000| Untracked 
|  19|0x000000070ba00000, 0x000000070ba00000, 0x000000070bc00000|  0%| F|  |TAMS 0x000000070ba00000| PB 0x000000070ba00000| Untracked 
|  20|0x000000070bc00000, 0x000000070bc00000, 0x000000070be00000|  0%| F|  |TAMS 0x000000070bc00000| PB 0x000000070bc00000| Untracked 
|  21|0x000000070be00000, 0x000000070be00000, 0x000000070c000000|  0%| F|  |TAMS 0x000000070be00000| PB 0x000000070be00000| Untracked 
|  22|0x000000070c000000, 0x000000070c000000, 0x000000070c200000|  0%| F|  |TAMS 0x000000070c000000| PB 0x000000070c000000| Untracked 
|  23|0x000000070c200000, 0x000000070c200000, 0x000000070c400000|  0%| F|  |TAMS 0x000000070c200000| PB 0x000000070c200000| Untracked 
|  24|0x000000070c400000, 0x000000070c400000, 0x000000070c600000|  0%| F|  |TAMS 0x000000070c400000| PB 0x000000070c400000| Untracked 
|  25|0x000000070c600000, 0x000000070c600000, 0x000000070c800000|  0%| F|  |TAMS 0x000000070c600000| PB 0x000000070c600000| Untracked 
|  26|0x000000070c800000, 0x000000070c800000, 0x000000070ca00000|  0%| F|  |TAMS 0x000000070c800000| PB 0x000000070c800000| Untracked 
|  27|0x000000070ca00000, 0x000000070ca00000, 0x000000070cc00000|  0%| F|  |TAMS 0x000000070ca00000| PB 0x000000070ca00000| Untracked 
|  28|0x000000070cc00000, 0x000000070cc00000, 0x000000070ce00000|  0%| F|  |TAMS 0x000000070cc00000| PB 0x000000070cc00000| Untracked 
|  29|0x000000070ce00000, 0x000000070ce00000, 0x000000070d000000|  0%| F|  |TAMS 0x000000070ce00000| PB 0x000000070ce00000| Untracked 
|  30|0x000000070d000000, 0x000000070d000000, 0x000000070d200000|  0%| F|  |TAMS 0x000000070d000000| PB 0x000000070d000000| Untracked 
|  31|0x000000070d200000, 0x000000070d200000, 0x000000070d400000|  0%| F|  |TAMS 0x000000070d200000| PB 0x000000070d200000| Untracked 
|  32|0x000000070d400000, 0x000000070d400000, 0x000000070d600000|  0%| F|  |TAMS 0x000000070d400000| PB 0x000000070d400000| Untracked 
|  33|0x000000070d600000, 0x000000070d600000, 0x000000070d800000|  0%| F|  |TAMS 0x000000070d600000| PB 0x000000070d600000| Untracked 
|  34|0x000000070d800000, 0x000000070d800000, 0x000000070da00000|  0%| F|  |TAMS 0x000000070d800000| PB 0x000000070d800000| Untracked 
|  35|0x000000070da00000, 0x000000070da00000, 0x000000070dc00000|  0%| F|  |TAMS 0x000000070da00000| PB 0x000000070da00000| Untracked 
|  36|0x000000070dc00000, 0x000000070dc00000, 0x000000070de00000|  0%| F|  |TAMS 0x000000070dc00000| PB 0x000000070dc00000| Untracked 
|  37|0x000000070de00000, 0x000000070de00000, 0x000000070e000000|  0%| F|  |TAMS 0x000000070de00000| PB 0x000000070de00000| Untracked 
|  38|0x000000070e000000, 0x000000070e000000, 0x000000070e200000|  0%| F|  |TAMS 0x000000070e000000| PB 0x000000070e000000| Untracked 
|  39|0x000000070e200000, 0x000000070e200000, 0x000000070e400000|  0%| F|  |TAMS 0x000000070e200000| PB 0x000000070e200000| Untracked 
|  40|0x000000070e400000, 0x000000070e400000, 0x000000070e600000|  0%| F|  |TAMS 0x000000070e400000| PB 0x000000070e400000| Untracked 
|  41|0x000000070e600000, 0x000000070e600000, 0x000000070e800000|  0%| F|  |TAMS 0x000000070e600000| PB 0x000000070e600000| Untracked 
|  42|0x000000070e800000, 0x000000070e800000, 0x000000070ea00000|  0%| F|  |TAMS 0x000000070e800000| PB 0x000000070e800000| Untracked 
|  43|0x000000070ea00000, 0x000000070ea00000, 0x000000070ec00000|  0%| F|  |TAMS 0x000000070ea00000| PB 0x000000070ea00000| Untracked 
|  44|0x000000070ec00000, 0x000000070ec00000, 0x000000070ee00000|  0%| F|  |TAMS 0x000000070ec00000| PB 0x000000070ec00000| Untracked 
|  45|0x000000070ee00000, 0x000000070ee00000, 0x000000070f000000|  0%| F|  |TAMS 0x000000070ee00000| PB 0x000000070ee00000| Untracked 
|  46|0x000000070f000000, 0x000000070f000000, 0x000000070f200000|  0%| F|  |TAMS 0x000000070f000000| PB 0x000000070f000000| Untracked 
|  47|0x000000070f200000, 0x000000070f200000, 0x000000070f400000|  0%| F|  |TAMS 0x000000070f200000| PB 0x000000070f200000| Untracked 
|  48|0x000000070f400000, 0x000000070f400000, 0x000000070f600000|  0%| F|  |TAMS 0x000000070f400000| PB 0x000000070f400000| Untracked 
|  49|0x000000070f600000, 0x000000070f600000, 0x000000070f800000|  0%| F|  |TAMS 0x000000070f600000| PB 0x000000070f600000| Untracked 
|  50|0x000000070f800000, 0x000000070f800000, 0x000000070fa00000|  0%| F|  |TAMS 0x000000070f800000| PB 0x000000070f800000| Untracked 
|  51|0x000000070fa00000, 0x000000070fa00000, 0x000000070fc00000|  0%| F|  |TAMS 0x000000070fa00000| PB 0x000000070fa00000| Untracked 
|  52|0x000000070fc00000, 0x000000070fc00000, 0x000000070fe00000|  0%| F|  |TAMS 0x000000070fc00000| PB 0x000000070fc00000| Untracked 
|  53|0x000000070fe00000, 0x000000070fe00000, 0x0000000710000000|  0%| F|  |TAMS 0x000000070fe00000| PB 0x000000070fe00000| Untracked 
|  54|0x0000000710000000, 0x0000000710000000, 0x0000000710200000|  0%| F|  |TAMS 0x0000000710000000| PB 0x0000000710000000| Untracked 
|  55|0x0000000710200000, 0x0000000710200000, 0x0000000710400000|  0%| F|  |TAMS 0x0000000710200000| PB 0x0000000710200000| Untracked 
|  56|0x0000000710400000, 0x0000000710400000, 0x0000000710600000|  0%| F|  |TAMS 0x0000000710400000| PB 0x0000000710400000| Untracked 
|  57|0x0000000710600000, 0x0000000710600000, 0x0000000710800000|  0%| F|  |TAMS 0x0000000710600000| PB 0x0000000710600000| Untracked 
|  58|0x0000000710800000, 0x0000000710800000, 0x0000000710a00000|  0%| F|  |TAMS 0x0000000710800000| PB 0x0000000710800000| Untracked 
|  59|0x0000000710a00000, 0x0000000710a00000, 0x0000000710c00000|  0%| F|  |TAMS 0x0000000710a00000| PB 0x0000000710a00000| Untracked 
|  60|0x0000000710c00000, 0x0000000710c00000, 0x0000000710e00000|  0%| F|  |TAMS 0x0000000710c00000| PB 0x0000000710c00000| Untracked 
|  61|0x0000000710e00000, 0x0000000710e00000, 0x0000000711000000|  0%| F|  |TAMS 0x0000000710e00000| PB 0x0000000710e00000| Untracked 
|  62|0x0000000711000000, 0x0000000711000000, 0x0000000711200000|  0%| F|  |TAMS 0x0000000711000000| PB 0x0000000711000000| Untracked 
|  63|0x0000000711200000, 0x0000000711200000, 0x0000000711400000|  0%| F|  |TAMS 0x0000000711200000| PB 0x0000000711200000| Untracked 
|  64|0x0000000711400000, 0x0000000711400000, 0x0000000711600000|  0%| F|  |TAMS 0x0000000711400000| PB 0x0000000711400000| Untracked 
|  65|0x0000000711600000, 0x0000000711600000, 0x0000000711800000|  0%| F|  |TAMS 0x0000000711600000| PB 0x0000000711600000| Untracked 
|  66|0x0000000711800000, 0x0000000711800000, 0x0000000711a00000|  0%| F|  |TAMS 0x0000000711800000| PB 0x0000000711800000| Untracked 
|  67|0x0000000711a00000, 0x0000000711b00800, 0x0000000711c00000| 50%| E|  |TAMS 0x0000000711a00000| PB 0x0000000711a00000| Complete 
|  68|0x0000000711c00000, 0x0000000711e00000, 0x0000000711e00000|100%| E|CS|TAMS 0x0000000711c00000| PB 0x0000000711c00000| Complete 
|  69|0x0000000711e00000, 0x0000000712000000, 0x0000000712000000|100%| E|CS|TAMS 0x0000000711e00000| PB 0x0000000711e00000| Complete 
|  70|0x0000000712000000, 0x0000000712200000, 0x0000000712200000|100%| E|CS|TAMS 0x0000000712000000| PB 0x0000000712000000| Complete 
|  71|0x0000000712200000, 0x0000000712400000, 0x0000000712400000|100%| E|CS|TAMS 0x0000000712200000| PB 0x0000000712200000| Complete 
|  72|0x0000000712400000, 0x0000000712600000, 0x0000000712600000|100%| E|CS|TAMS 0x0000000712400000| PB 0x0000000712400000| Complete 
|  73|0x0000000712600000, 0x0000000712800000, 0x0000000712800000|100%| E|CS|TAMS 0x0000000712600000| PB 0x0000000712600000| Complete 
|  74|0x0000000712800000, 0x0000000712a00000, 0x0000000712a00000|100%| E|CS|TAMS 0x0000000712800000| PB 0x0000000712800000| Complete 
|  75|0x0000000712a00000, 0x0000000712c00000, 0x0000000712c00000|100%| E|CS|TAMS 0x0000000712a00000| PB 0x0000000712a00000| Complete 
|  76|0x0000000712c00000, 0x0000000712e00000, 0x0000000712e00000|100%| E|CS|TAMS 0x0000000712c00000| PB 0x0000000712c00000| Complete 
|  77|0x0000000712e00000, 0x0000000713000000, 0x0000000713000000|100%| E|CS|TAMS 0x0000000712e00000| PB 0x0000000712e00000| Complete 
|  78|0x0000000713000000, 0x0000000713200000, 0x0000000713200000|100%| E|CS|TAMS 0x0000000713000000| PB 0x0000000713000000| Complete 
|  79|0x0000000713200000, 0x0000000713400000, 0x0000000713400000|100%| E|CS|TAMS 0x0000000713200000| PB 0x0000000713200000| Complete 
|  80|0x0000000713400000, 0x0000000713600000, 0x0000000713600000|100%| E|CS|TAMS 0x0000000713400000| PB 0x0000000713400000| Complete 
|  81|0x0000000713600000, 0x0000000713800000, 0x0000000713800000|100%| E|CS|TAMS 0x0000000713600000| PB 0x0000000713600000| Complete 
|  82|0x0000000713800000, 0x0000000713a00000, 0x0000000713a00000|100%| E|CS|TAMS 0x0000000713800000| PB 0x0000000713800000| Complete 
|  83|0x0000000713a00000, 0x0000000713ad3978, 0x0000000713c00000| 41%| S|CS|TAMS 0x0000000713a00000| PB 0x0000000713a00000| Complete 
|  84|0x0000000713c00000, 0x0000000713e00000, 0x0000000713e00000|100%| E|CS|TAMS 0x0000000713c00000| PB 0x0000000713c00000| Complete 
|  85|0x0000000713e00000, 0x0000000714000000, 0x0000000714000000|100%| E|CS|TAMS 0x0000000713e00000| PB 0x0000000713e00000| Complete 
|  86|0x0000000714000000, 0x0000000714200000, 0x0000000714200000|100%| E|CS|TAMS 0x0000000714000000| PB 0x0000000714000000| Complete 
|  87|0x0000000714200000, 0x0000000714400000, 0x0000000714400000|100%| E|CS|TAMS 0x0000000714200000| PB 0x0000000714200000| Complete 
|  88|0x0000000714400000, 0x0000000714600000, 0x0000000714600000|100%| E|CS|TAMS 0x0000000714400000| PB 0x0000000714400000| Complete 
|  89|0x0000000714600000, 0x0000000714800000, 0x0000000714800000|100%| E|CS|TAMS 0x0000000714600000| PB 0x0000000714600000| Complete 
|  90|0x0000000714800000, 0x0000000714a00000, 0x0000000714a00000|100%| E|CS|TAMS 0x0000000714800000| PB 0x0000000714800000| Complete 
|  91|0x0000000714a00000, 0x0000000714c00000, 0x0000000714c00000|100%| E|CS|TAMS 0x0000000714a00000| PB 0x0000000714a00000| Complete 
|  92|0x0000000714c00000, 0x0000000714e00000, 0x0000000714e00000|100%| E|CS|TAMS 0x0000000714c00000| PB 0x0000000714c00000| Complete 
|  93|0x0000000714e00000, 0x0000000715000000, 0x0000000715000000|100%| E|CS|TAMS 0x0000000714e00000| PB 0x0000000714e00000| Complete 
|  94|0x0000000715000000, 0x0000000715200000, 0x0000000715200000|100%| E|CS|TAMS 0x0000000715000000| PB 0x0000000715000000| Complete 
|  95|0x0000000715200000, 0x0000000715400000, 0x0000000715400000|100%| E|CS|TAMS 0x0000000715200000| PB 0x0000000715200000| Complete 
|  96|0x0000000715400000, 0x0000000715600000, 0x0000000715600000|100%| E|CS|TAMS 0x0000000715400000| PB 0x0000000715400000| Complete 
|  97|0x0000000715600000, 0x0000000715800000, 0x0000000715800000|100%| E|CS|TAMS 0x0000000715600000| PB 0x0000000715600000| Complete 
|  98|0x0000000715800000, 0x0000000715a00000, 0x0000000715a00000|100%| E|CS|TAMS 0x0000000715800000| PB 0x0000000715800000| Complete 
|  99|0x0000000715a00000, 0x0000000715c00000, 0x0000000715c00000|100%| E|CS|TAMS 0x0000000715a00000| PB 0x0000000715a00000| Complete 
| 100|0x0000000715c00000, 0x0000000715e00000, 0x0000000715e00000|100%| E|CS|TAMS 0x0000000715c00000| PB 0x0000000715c00000| Complete 
| 101|0x0000000715e00000, 0x0000000716000000, 0x0000000716000000|100%| E|CS|TAMS 0x0000000715e00000| PB 0x0000000715e00000| Complete 
| 102|0x0000000716000000, 0x0000000716200000, 0x0000000716200000|100%| E|CS|TAMS 0x0000000716000000| PB 0x0000000716000000| Complete 
| 103|0x0000000716200000, 0x0000000716400000, 0x0000000716400000|100%| E|CS|TAMS 0x0000000716200000| PB 0x0000000716200000| Complete 
| 104|0x0000000716400000, 0x0000000716600000, 0x0000000716600000|100%| E|CS|TAMS 0x0000000716400000| PB 0x0000000716400000| Complete 
| 105|0x0000000716600000, 0x0000000716800000, 0x0000000716800000|100%| E|CS|TAMS 0x0000000716600000| PB 0x0000000716600000| Complete 
| 106|0x0000000716800000, 0x0000000716a00000, 0x0000000716a00000|100%| E|CS|TAMS 0x0000000716800000| PB 0x0000000716800000| Complete 
| 107|0x0000000716a00000, 0x0000000716c00000, 0x0000000716c00000|100%| E|CS|TAMS 0x0000000716a00000| PB 0x0000000716a00000| Complete 
| 108|0x0000000716c00000, 0x0000000716e00000, 0x0000000716e00000|100%| E|CS|TAMS 0x0000000716c00000| PB 0x0000000716c00000| Complete 
| 109|0x0000000716e00000, 0x0000000717000000, 0x0000000717000000|100%| E|CS|TAMS 0x0000000716e00000| PB 0x0000000716e00000| Complete 
| 110|0x0000000717000000, 0x0000000717200000, 0x0000000717200000|100%| E|CS|TAMS 0x0000000717000000| PB 0x0000000717000000| Complete 
| 111|0x0000000717200000, 0x0000000717400000, 0x0000000717400000|100%| E|CS|TAMS 0x0000000717200000| PB 0x0000000717200000| Complete 
| 112|0x0000000717400000, 0x0000000717600000, 0x0000000717600000|100%| E|CS|TAMS 0x0000000717400000| PB 0x0000000717400000| Complete 
| 113|0x0000000717600000, 0x0000000717800000, 0x0000000717800000|100%| E|CS|TAMS 0x0000000717600000| PB 0x0000000717600000| Complete 
| 114|0x0000000717800000, 0x0000000717a00000, 0x0000000717a00000|100%| E|CS|TAMS 0x0000000717800000| PB 0x0000000717800000| Complete 
| 115|0x0000000717a00000, 0x0000000717c00000, 0x0000000717c00000|100%| E|CS|TAMS 0x0000000717a00000| PB 0x0000000717a00000| Complete 
| 116|0x0000000717c00000, 0x0000000717e00000, 0x0000000717e00000|100%| E|CS|TAMS 0x0000000717c00000| PB 0x0000000717c00000| Complete 
| 117|0x0000000717e00000, 0x0000000718000000, 0x0000000718000000|100%| E|CS|TAMS 0x0000000717e00000| PB 0x0000000717e00000| Complete 
| 118|0x0000000718000000, 0x0000000718200000, 0x0000000718200000|100%| E|CS|TAMS 0x0000000718000000| PB 0x0000000718000000| Complete 
| 119|0x0000000718200000, 0x0000000718400000, 0x0000000718400000|100%| E|CS|TAMS 0x0000000718200000| PB 0x0000000718200000| Complete 
| 120|0x0000000718400000, 0x0000000718600000, 0x0000000718600000|100%| E|CS|TAMS 0x0000000718400000| PB 0x0000000718400000| Complete 
| 121|0x0000000718600000, 0x0000000718800000, 0x0000000718800000|100%| E|CS|TAMS 0x0000000718600000| PB 0x0000000718600000| Complete 
| 122|0x0000000718800000, 0x0000000718a00000, 0x0000000718a00000|100%| E|CS|TAMS 0x0000000718800000| PB 0x0000000718800000| Complete 
| 123|0x0000000718a00000, 0x0000000718c00000, 0x0000000718c00000|100%| E|CS|TAMS 0x0000000718a00000| PB 0x0000000718a00000| Complete 

Card table byte_map: [0x0000026ec3890000,0x0000026ec4050000] _byte_map_base: 0x0000026ec0046000

Marking Bits: (CMBitMap*) 0x0000026eab47bd50
 Bits: [0x0000026ec4050000, 0x0000026ec7e00000)

Polling page: 0x0000026ea9310000

Metaspace:

Usage:
  Non-class:     16.60 MB used.
      Class:      1.55 MB used.
       Both:     18.15 MB used.

Virtual space:
  Non-class space:       64.00 MB reserved,      16.75 MB ( 26%) committed,  1 nodes.
      Class space:        1.00 GB reserved,       1.62 MB ( <1%) committed,  1 nodes.
             Both:        1.06 GB reserved,      18.38 MB (  2%) committed. 

Chunk freelists:
   Non-Class:  14.67 MB
       Class:  14.20 MB
        Both:  28.88 MB

MaxMetaspaceSize: unlimited
CompressedClassSpaceSize: 1.00 GB
Initial GC threshold: 21.00 MB
Current GC threshold: 21.00 MB
CDS: on
 - commit_granule_bytes: 65536.
 - commit_granule_words: 8192.
 - virtual_space_node_default_size: 8388608.
 - enlarge_chunks_in_place: 1.
 - use_allocation_guard: 0.


Internal statistics:

num_allocs_failed_limit: 0.
num_arena_births: 198.
num_arena_deaths: 0.
num_vsnodes_births: 2.
num_vsnodes_deaths: 0.
num_space_committed: 292.
num_space_uncommitted: 0.
num_chunks_returned_to_freelist: 0.
num_chunks_taken_from_freelist: 441.
num_chunk_merges: 0.
num_chunk_splits: 304.
num_chunks_enlarged: 206.
num_inconsistent_stats: 0.

CodeHeap 'non-profiled nmethods': size=119168Kb used=1104Kb max_used=1104Kb free=118063Kb
 bounds [0x0000026ebb3f0000, 0x0000026ebb660000, 0x0000026ec2850000]
CodeHeap 'profiled nmethods': size=119104Kb used=4858Kb max_used=4858Kb free=114246Kb
 bounds [0x0000026eb3850000, 0x0000026eb3d10000, 0x0000026ebaca0000]
CodeHeap 'non-nmethods': size=7488Kb used=3461Kb max_used=3490Kb free=4026Kb
 bounds [0x0000026ebaca0000, 0x0000026ebb070000, 0x0000026ebb3f0000]
 total_blobs=3659 nmethods=2452 adapters=1109
 compilation: enabled
              stopped_count=0, restarted_count=0
 full_count=0

Compilation events (20 events):
Event: 11.520 Thread 0x0000026f1b9f8e90 nmethod 2441 0x0000026ebb4edd10 code [0x0000026ebb4edf00, 0x0000026ebb4ee2c8]
Event: 11.520 Thread 0x0000026f1b9fa300 nmethod 2442 0x0000026ebb4ee590 code [0x0000026ebb4ee780, 0x0000026ebb4eeb48]
Event: 11.521 Thread 0x0000026f1b9fc510 nmethod 2446 0x0000026ebb4eee10 code [0x0000026ebb4eefa0, 0x0000026ebb4ef0b8]
Event: 11.521 Thread 0x0000026f1b9f8e90 2447       4       jdk.internal.loader.BuiltinClassLoader::findResources (182 bytes)
Event: 11.521 Thread 0x0000026f1b9fc510 2449       4       java.lang.CompoundEnumeration::hasMoreElements (5 bytes)
Event: 11.521 Thread 0x0000026f1b9fa300 2436       4       java.lang.String::<init> (15 bytes)
Event: 11.524 Thread 0x0000026f1b9fa300 nmethod 2436 0x0000026ebb4ef190 code [0x0000026ebb4ef320, 0x0000026ebb4ef490]
Event: 11.524 Thread 0x0000026f1b9fa300 2450       4       java.lang.ClassLoader::getResources (55 bytes)
Event: 11.534 Thread 0x0000026f1b9fb0a0 nmethod 2433% 0x0000026ebb4ef510 code [0x0000026ebb4ef940, 0x0000026ebb4f2b28]
Event: 11.539 Thread 0x0000026f1b9fb0a0 2434       4       java.io.File::<init> (111 bytes)
Event: 11.556 Thread 0x0000026f1b9fa9d0 nmethod 2448 0x0000026ebb4f4690 code [0x0000026ebb4f4940, 0x0000026ebb4f53b8]
Event: 11.557 Thread 0x0000026f1b9fa9d0 2453       4       jdk.internal.loader.URLClassPath::findResource (38 bytes)
Event: 11.560 Thread 0x0000026f1b9fc510 nmethod 2449 0x0000026ebb4f5b10 code [0x0000026ebb4f5dc0, 0x0000026ebb4f6838]
Event: 11.560 Thread 0x0000026f1b9fc510 2437   !   4       jdk.internal.loader.URLClassPath$FileLoader::getResource (153 bytes)
Event: 11.563 Thread 0x0000026f1b9fb0a0 nmethod 2434 0x0000026ebb4f6f90 code [0x0000026ebb4f71e0, 0x0000026ebb4f7b48]
Event: 11.563 Thread 0x0000026f1b9fb0a0 2455       4       jdk.internal.jimage.ImageLocation::verify (218 bytes)
Event: 11.569 Thread 0x0000026f1b9f8e90 nmethod 2447 0x0000026ebb4f8310 code [0x0000026ebb4f8600, 0x0000026ebb4f9868]
Event: 11.569 Thread 0x0000026f1b9f8e90 2440       4       jdk.internal.loader.URLClassPath$FileLoader::findResource (18 bytes)
Event: 11.600 Thread 0x0000026f1b9fb0a0 nmethod 2455 0x0000026ebb4fa590 code [0x0000026ebb4fa840, 0x0000026ebb4fbd18]
Event: 11.601 Thread 0x0000026f1b9fb0a0 2454       4       java.util.ArrayDeque::pollFirst (36 bytes)

GC Heap History (6 events):
Event: 7.041 GC heap before
{Heap before GC invocations=0 (full 0):
 garbage-first heap   total 253952K, used 22528K [0x0000000709400000, 0x0000000800000000)
  region size 2048K, 11 young (22528K), 0 survivors (0K)
 Metaspace       used 11173K, committed 11392K, reserved 1114112K
  class space    used 1255K, committed 1408K, reserved 1048576K
}
Event: 7.046 GC heap after
{Heap after GC invocations=1 (full 0):
 garbage-first heap   total 253952K, used 8920K [0x0000000709400000, 0x0000000800000000)
  region size 2048K, 2 young (4096K), 2 survivors (4096K)
 Metaspace       used 11173K, committed 11392K, reserved 1114112K
  class space    used 1255K, committed 1408K, reserved 1048576K
}
Event: 10.312 GC heap before
{Heap before GC invocations=1 (full 0):
 garbage-first heap   total 253952K, used 27352K [0x0000000709400000, 0x0000000800000000)
  region size 2048K, 11 young (22528K), 2 survivors (4096K)
 Metaspace       used 14425K, committed 14656K, reserved 1114112K
  class space    used 1552K, committed 1664K, reserved 1048576K
}
Event: 10.316 GC heap after
{Heap after GC invocations=2 (full 0):
 garbage-first heap   total 253952K, used 10439K [0x0000000709400000, 0x0000000800000000)
  region size 2048K, 1 young (2048K), 1 survivors (2048K)
 Metaspace       used 14425K, committed 14656K, reserved 1114112K
  class space    used 1552K, committed 1664K, reserved 1048576K
}
Event: 11.275 GC heap before
{Heap before GC invocations=2 (full 0):
 garbage-first heap   total 253952K, used 94407K [0x0000000709400000, 0x0000000800000000)
  region size 2048K, 40 young (81920K), 1 survivors (2048K)
 Metaspace       used 18579K, committed 18816K, reserved 1114112K
  class space    used 1582K, committed 1664K, reserved 1048576K
}
Event: 11.278 GC heap after
{Heap after GC invocations=3 (full 0):
 garbage-first heap   total 253952K, used 10508K [0x0000000709400000, 0x0000000800000000)
  region size 2048K, 1 young (2048K), 1 survivors (2048K)
 Metaspace       used 18579K, committed 18816K, reserved 1114112K
  class space    used 1582K, committed 1664K, reserved 1048576K
}

Dll operation events (20 events):
Event: 10.378 Loaded shared library C:\Users\tranh\.javacpp\cache\javacpp-1.5.10-windows-x86_64.jar\org\bytedeco\javacpp\windows-x86_64\api-ms-win-core-debug-l1-1-0.dll
Event: 10.386 Loaded shared library C:\Users\tranh\.javacpp\cache\javacpp-1.5.10-windows-x86_64.jar\org\bytedeco\javacpp\windows-x86_64\api-ms-win-core-rtlsupport-l1-1-0.dll
Event: 10.395 Loaded shared library C:\Users\tranh\.javacpp\cache\javacpp-1.5.10-windows-x86_64.jar\org\bytedeco\javacpp\windows-x86_64\api-ms-win-core-processthreads-l1-1-1.dll
Event: 10.405 Loaded shared library C:\Users\tranh\.javacpp\cache\javacpp-1.5.10-windows-x86_64.jar\org\bytedeco\javacpp\windows-x86_64\api-ms-win-core-file-l1-2-0.dll
Event: 10.414 Loaded shared library C:\Users\tranh\.javacpp\cache\javacpp-1.5.10-windows-x86_64.jar\org\bytedeco\javacpp\windows-x86_64\api-ms-win-core-profile-l1-1-0.dll
Event: 10.422 Loaded shared library C:\Users\tranh\.javacpp\cache\javacpp-1.5.10-windows-x86_64.jar\org\bytedeco\javacpp\windows-x86_64\api-ms-win-core-memory-l1-1-0.dll
Event: 10.430 Loaded shared library C:\Users\tranh\.javacpp\cache\javacpp-1.5.10-windows-x86_64.jar\org\bytedeco\javacpp\windows-x86_64\api-ms-win-core-util-l1-1-0.dll
Event: 10.439 Loaded shared library C:\Users\tranh\.javacpp\cache\javacpp-1.5.10-windows-x86_64.jar\org\bytedeco\javacpp\windows-x86_64\api-ms-win-core-interlocked-l1-1-0.dll
Event: 10.453 Loaded shared library C:\Users\tranh\.javacpp\cache\javacpp-1.5.10-windows-x86_64.jar\org\bytedeco\javacpp\windows-x86_64\ucrtbase.dll
Event: 10.462 Loaded shared library C:\Users\tranh\.javacpp\cache\javacpp-1.5.10-windows-x86_64.jar\org\bytedeco\javacpp\windows-x86_64\vcruntime140.dll
Event: 10.469 Loaded shared library C:\Users\tranh\.javacpp\cache\javacpp-1.5.10-windows-x86_64.jar\org\bytedeco\javacpp\windows-x86_64\vcruntime140_1.dll
Event: 10.480 Loaded shared library C:\Users\tranh\.javacpp\cache\javacpp-1.5.10-windows-x86_64.jar\org\bytedeco\javacpp\windows-x86_64\msvcp140.dll
Event: 10.487 Loaded shared library C:\Users\tranh\.javacpp\cache\javacpp-1.5.10-windows-x86_64.jar\org\bytedeco\javacpp\windows-x86_64\msvcp140_1.dll
Event: 10.499 Loaded shared library C:\Users\tranh\.javacpp\cache\javacpp-1.5.10-windows-x86_64.jar\org\bytedeco\javacpp\windows-x86_64\concrt140.dll
Event: 10.509 Loaded shared library C:\Users\tranh\.javacpp\cache\javacpp-1.5.10-windows-x86_64.jar\org\bytedeco\javacpp\windows-x86_64\vcomp140.dll
Event: 10.517 Loaded shared library C:\Users\tranh\.javacpp\cache\javacpp-1.5.10-windows-x86_64.jar\org\bytedeco\javacpp\windows-x86_64\jnijavacpp.dll
Event: 10.736 Loaded shared library C:\Users\tranh\.javacpp\cache\openblas-0.3.26-1.5.10-windows-x86_64.jar\org\bytedeco\openblas\windows-x86_64\libopenblas_nolapack.dll
Event: 10.752 Loaded shared library C:\Users\tranh\.javacpp\cache\openblas-0.3.26-1.5.10-windows-x86_64.jar\org\bytedeco\openblas\windows-x86_64\jniopenblas_nolapack.dll
Event: 10.967 Loaded shared library C:\Users\tranh\.javacpp\cache\openblas-0.3.26-1.5.10-windows-x86_64.jar\org\bytedeco\openblas\windows-x86_64\libopenblas.dll
Event: 11.051 Loaded shared library C:\Users\tranh\.javacpp\cache\openblas-0.3.26-1.5.10-windows-x86_64.jar\org\bytedeco\openblas\windows-x86_64\jniopenblas.dll

Deoptimization events (20 events):
Event: 11.194 Thread 0x0000026f116b98d0 DEOPT PACKING pc=0x0000026eb3cf767c sp=0x000000eb58cfcb20
Event: 11.194 Thread 0x0000026f116b98d0 DEOPT UNPACKING pc=0x0000026ebacf4e42 sp=0x000000eb58cfbfc0 mode 0
Event: 11.198 Thread 0x0000026f116b98d0 DEOPT PACKING pc=0x0000026eb3cf767c sp=0x000000eb58cfcb20
Event: 11.198 Thread 0x0000026f116b98d0 DEOPT UNPACKING pc=0x0000026ebacf4e42 sp=0x000000eb58cfbfc0 mode 0
Event: 11.202 Thread 0x0000026f116b98d0 DEOPT PACKING pc=0x0000026eb3cf767c sp=0x000000eb58cfcb20
Event: 11.202 Thread 0x0000026f116b98d0 DEOPT UNPACKING pc=0x0000026ebacf4e42 sp=0x000000eb58cfbfc0 mode 0
Event: 11.205 Thread 0x0000026f116b98d0 DEOPT PACKING pc=0x0000026eb3cf767c sp=0x000000eb58cfcb20
Event: 11.205 Thread 0x0000026f116b98d0 DEOPT UNPACKING pc=0x0000026ebacf4e42 sp=0x000000eb58cfbfc0 mode 0
Event: 11.209 Thread 0x0000026f116b98d0 DEOPT PACKING pc=0x0000026eb3cf767c sp=0x000000eb58cfcb20
Event: 11.209 Thread 0x0000026f116b98d0 DEOPT UNPACKING pc=0x0000026ebacf4e42 sp=0x000000eb58cfbfc0 mode 0
Event: 11.314 Thread 0x0000026f116b98d0 Uncommon trap: trap_request=0xffffff45 fr.pc=0x0000026ebb4d6134 relative=0x0000000000000bd4
Event: 11.314 Thread 0x0000026f116b98d0 Uncommon trap: reason=unstable_if action=reinterpret pc=0x0000026ebb4d6134 method=jdk.internal.jimage.ImageStringsReader.stringFromByteBufferMatches(Ljava/nio/ByteBuffer;ILjava/lang/String;I)I @ 48 c2
Event: 11.314 Thread 0x0000026f116b98d0 DEOPT PACKING pc=0x0000026ebb4d6134 sp=0x000000eb58cfc870
Event: 11.314 Thread 0x0000026f116b98d0 DEOPT UNPACKING pc=0x0000026ebacf46a2 sp=0x000000eb58cfc5a8 mode 2
Event: 11.543 Thread 0x0000026f116b98d0 DEOPT PACKING pc=0x0000026eb3ce9a05 sp=0x000000eb58cfcad0
Event: 11.543 Thread 0x0000026f116b98d0 DEOPT UNPACKING pc=0x0000026ebacf4e42 sp=0x000000eb58cfbf58 mode 0
Event: 11.566 Thread 0x0000026f116b98d0 DEOPT PACKING pc=0x0000026eb3ce9a05 sp=0x000000eb58cfcad0
Event: 11.566 Thread 0x0000026f116b98d0 DEOPT UNPACKING pc=0x0000026ebacf4e42 sp=0x000000eb58cfbf58 mode 0
Event: 11.590 Thread 0x0000026f116b98d0 DEOPT PACKING pc=0x0000026eb3ce9a05 sp=0x000000eb58cfcad0
Event: 11.590 Thread 0x0000026f116b98d0 DEOPT UNPACKING pc=0x0000026ebacf4e42 sp=0x000000eb58cfbf58 mode 0

Classes loaded (20 events):
Event: 10.126 Loading class java/lang/ProcessEnvironment$CheckedEntrySet$1
Event: 10.126 Loading class java/lang/ProcessEnvironment$CheckedEntrySet$1 done
Event: 10.126 Loading class java/lang/ProcessEnvironment$CheckedEntry
Event: 10.126 Loading class java/lang/ProcessEnvironment$CheckedEntry done
Event: 10.133 Loading class sun/nio/ch/FileLockImpl
Event: 10.133 Loading class java/nio/channels/FileLock
Event: 10.133 Loading class java/nio/channels/FileLock done
Event: 10.133 Loading class sun/nio/ch/FileLockImpl done
Event: 10.133 Loading class sun/nio/ch/FileLockTable
Event: 10.133 Loading class sun/nio/ch/FileLockTable done
Event: 10.133 Loading class sun/nio/ch/FileKey
Event: 10.133 Loading class sun/nio/ch/FileKey done
Event: 10.134 Loading class sun/nio/ch/FileLockTable$FileLockReference
Event: 10.134 Loading class sun/nio/ch/FileLockTable$FileLockReference done
Event: 10.137 Loading class java/io/FileOutputStream$1
Event: 10.137 Loading class java/io/FileOutputStream$1 done
Event: 10.701 Loading class sun/nio/fs/WindowsLinkSupport
Event: 10.701 Loading class sun/nio/fs/WindowsLinkSupport done
Event: 10.703 Loading class sun/nio/fs/WindowsException
Event: 10.703 Loading class sun/nio/fs/WindowsException done

Classes unloaded (0 events):
No events

Classes redefined (0 events):
No events

Internal exceptions (20 events):
Event: 0.871 Thread 0x0000026ea904b8d0 Exception <a 'java/lang/ClassNotFoundException'{0x0000000717d309f8}: com/sun/swing/internal/plaf/metal/resources/spi/metalProvider> (0x0000000717d309f8) 
thrown [s\open\src\hotspot\share\classfile\systemDictionary.cpp, line 312]
Event: 0.872 Thread 0x0000026ea904b8d0 Exception <a 'java/lang/ClassNotFoundException'{0x0000000717d34958}: com/sun/swing/internal/plaf/basic/resources/spi/basicProvider> (0x0000000717d34958) 
thrown [s\open\src\hotspot\share\classfile\systemDictionary.cpp, line 312]
Event: 0.884 Thread 0x0000026ea904b8d0 Exception <a 'java/lang/NoSuchMethodError'{0x0000000717d509b8}: 'int java.lang.invoke.Invokers$Holder.invokeExact_MT(java.lang.Object, java.lang.Object)'> (0x0000000717d509b8) 
thrown [s\open\src\hotspot\share\interpreter\linkResolver.cpp, line 773]
Event: 0.939 Thread 0x0000026ea904b8d0 Exception <a 'java/lang/NoSuchMethodError'{0x0000000717daa108}: 'void java.lang.invoke.DirectMethodHandle$Holder.invokeStaticInit(java.lang.Object)'> (0x0000000717daa108) 
thrown [s\open\src\hotspot\share\interpreter\linkResolver.cpp, line 773]
Event: 1.025 Thread 0x0000026eca98c0e0 Exception <a 'java/lang/NoSuchMethodError'{0x0000000717c0f168}: 'void java.lang.invoke.DirectMethodHandle$Holder.invokeVirtual(java.lang.Object, java.lang.Object)'> (0x0000000717c0f168) 
thrown [s\open\src\hotspot\share\interpreter\linkResolver.cpp, line 773]
Event: 1.045 Thread 0x0000026f116bac80 Exception <a 'java/lang/NoSuchMethodError'{0x0000000717af37c0}: 'java.lang.Object java.lang.invoke.DirectMethodHandle$Holder.newInvokeSpecial(java.lang.Object, java.lang.Object, int, java.lang.Object)'> (0x0000000717af37c0) 
thrown [s\open\src\hotspot\share\interpreter\linkResolver.cpp, line 773]
Event: 1.047 Thread 0x0000026f116bac80 Exception <a 'java/lang/NoSuchMethodError'{0x0000000717af7d38}: 'java.lang.Object java.lang.invoke.DirectMethodHandle$Holder.invokeSpecial(java.lang.Object, java.lang.Object, java.lang.Object, int, java.lang.Object)'> (0x0000000717af7d38) 
thrown [s\open\src\hotspot\share\interpreter\linkResolver.cpp, line 773]
Event: 1.047 Thread 0x0000026f116bac80 Exception <a 'java/lang/NoSuchMethodError'{0x0000000717afb3e8}: 'java.lang.Object java.lang.invoke.Invokers$Holder.invoke_MT(java.lang.Object, java.lang.Object, int, java.lang.Object, java.lang.Object)'> (0x0000000717afb3e8) 
thrown [s\open\src\hotspot\share\interpreter\linkResolver.cpp, line 773]
Event: 1.585 Thread 0x0000026eca97ef40 Exception <a 'java/lang/NoSuchMethodError'{0x00000007178f8e38}: 'java.lang.Object java.lang.invoke.Invokers$Holder.invokeExact_MT(java.lang.Object, java.lang.Object, java.lang.Object, java.lang.Object, java.lang.Object, java.lang.Object)'> (0x00000007178f8e38) 
thrown [s\open\src\hotspot\share\interpreter\linkResolver.cpp, line 773]
Event: 8.353 Thread 0x0000026f116b8520 Exception <a 'java/lang/NoSuchMethodError'{0x0000000718b7f908}: 'java.lang.Object java.lang.invoke.DirectMethodHandle$Holder.newInvokeSpecial(java.lang.Object, java.lang.Object, java.lang.Object, int, int, int, int, int)'> (0x0000000718b7f908) 
thrown [s\open\src\hotspot\share\interpreter\linkResolver.cpp, line 773]
Event: 8.387 Thread 0x0000026f116b98d0 Exception <a 'java/lang/NoSuchMethodError'{0x0000000718bbb988}: 'int java.lang.invoke.DirectMethodHandle$Holder.invokeStatic(java.lang.Object)'> (0x0000000718bbb988) 
thrown [s\open\src\hotspot\share\interpreter\linkResolver.cpp, line 773]
Event: 10.037 Thread 0x0000026f116b98d0 Exception <a 'java/lang/NoClassDefFoundError'{0x0000000718946128}: org/slf4j/impl/StaticLoggerBinder> (0x0000000718946128) 
thrown [s\open\src\hotspot\share\classfile\systemDictionary.cpp, line 301]
Event: 10.062 Thread 0x0000026f116b98d0 Exception <a 'java/lang/NoSuchMethodError'{0x000000071899eaf0}: 'java.lang.Object java.lang.invoke.DirectMethodHandle$Holder.invokeStaticInit(java.lang.Object, int, int, int, int)'> (0x000000071899eaf0) 
thrown [s\open\src\hotspot\share\interpreter\linkResolver.cpp, line 773]
Event: 10.092 Thread 0x0000026f116b98d0 Exception <a 'java/lang/NoSuchMethodError'{0x00000007186f8968}: 'int java.lang.invoke.DirectMethodHandle$Holder.invokeStaticInit(java.lang.Object, java.lang.Object, java.lang.Object, java.lang.Object)'> (0x00000007186f8968) 
thrown [s\open\src\hotspot\share\interpreter\linkResolver.cpp, line 773]
Event: 10.093 Thread 0x0000026f116b98d0 Exception <a 'java/lang/NoSuchMethodError'{0x0000000718700f48}: 'java.lang.Object java.lang.invoke.DirectMethodHandle$Holder.invokeInterface(java.lang.Object, java.lang.Object)'> (0x0000000718700f48) 
thrown [s\open\src\hotspot\share\interpreter\linkResolver.cpp, line 773]
Event: 10.093 Thread 0x0000026f116b98d0 Exception <a 'java/lang/IncompatibleClassChangeError'{0x0000000718704558}: Found class java.lang.Object, but interface was expected> (0x0000000718704558) 
thrown [s\open\src\hotspot\share\interpreter\linkResolver.cpp, line 840]
Event: 10.093 Thread 0x0000026f116b98d0 Exception <a 'java/lang/NoSuchMethodError'{0x0000000718707200}: 'void java.lang.invoke.DirectMethodHandle$Holder.invokeStaticInit(java.lang.Object, java.lang.Object)'> (0x0000000718707200) 
thrown [s\open\src\hotspot\share\interpreter\linkResolver.cpp, line 773]
Event: 10.094 Thread 0x0000026f116b98d0 Exception <a 'java/lang/NoSuchMethodError'{0x000000071870c900}: 'int java.lang.invoke.DirectMethodHandle$Holder.invokeStaticInit(java.lang.Object, java.lang.Object)'> (0x000000071870c900) 
thrown [s\open\src\hotspot\share\interpreter\linkResolver.cpp, line 773]
Event: 10.703 Thread 0x0000026f116b98d0 Exception <a 'sun/nio/fs/WindowsException'{0x0000000716e82d18}> (0x0000000716e82d18) 
thrown [s\open\src\hotspot\share\prims\jni.cpp, line 520]
Event: 10.704 Thread 0x0000026f116b98d0 Exception <a 'sun/nio/fs/WindowsException'{0x0000000716e82f90}> (0x0000000716e82f90) 
thrown [s\open\src\hotspot\share\prims\jni.cpp, line 520]

ZGC Phase Switch (0 events):
No events

VM Operations (20 events):
Event: 8.349 Executing VM operation: HandshakeAllThreads (Deoptimize)
Event: 8.349 Executing VM operation: HandshakeAllThreads (Deoptimize) done
Event: 9.356 Executing VM operation: Cleanup
Event: 9.356 Executing VM operation: Cleanup done
Event: 9.988 Executing VM operation: HandshakeAllThreads (Deoptimize)
Event: 9.988 Executing VM operation: HandshakeAllThreads (Deoptimize) done
Event: 9.991 Executing VM operation: HandshakeAllThreads (Deoptimize)
Event: 9.991 Executing VM operation: HandshakeAllThreads (Deoptimize) done
Event: 10.040 Executing VM operation: HandshakeAllThreads (Deoptimize)
Event: 10.040 Executing VM operation: HandshakeAllThreads (Deoptimize) done
Event: 10.099 Executing VM operation: HandshakeAllThreads (Deoptimize)
Event: 10.099 Executing VM operation: HandshakeAllThreads (Deoptimize) done
Event: 10.113 Executing VM operation: HandshakeAllThreads (Deoptimize)
Event: 10.113 Executing VM operation: HandshakeAllThreads (Deoptimize) done
Event: 10.126 Executing VM operation: HandshakeAllThreads (Deoptimize)
Event: 10.126 Executing VM operation: HandshakeAllThreads (Deoptimize) done
Event: 10.312 Executing VM operation: G1CollectForAllocation (G1 Evacuation Pause)
Event: 10.316 Executing VM operation: G1CollectForAllocation (G1 Evacuation Pause) done
Event: 11.231 Executing VM operation: G1CollectForAllocation (G1 Evacuation Pause)
Event: 11.278 Executing VM operation: G1CollectForAllocation (G1 Evacuation Pause) done

Events (20 events):
Event: 6.119 Thread 0x0000026f113951d0 Thread exited: 0x0000026f113951d0
Event: 6.119 Thread 0x0000026f10007c00 Thread exited: 0x0000026f10007c00
Event: 6.347 Thread 0x0000026f11394b00 Thread added: 0x0000026f11394b00
Event: 8.351 Thread 0x0000026f116b8520 Thread added: 0x0000026f116b8520
Event: 8.924 Thread 0x0000026f11394b00 Thread exited: 0x0000026f11394b00
Event: 10.068 Thread 0x0000026f116bb9a0 Thread added: 0x0000026f116bb9a0
Event: 10.096 Thread 0x0000026f11394b00 Thread added: 0x0000026f11394b00
Event: 10.097 Thread 0x0000026f113951d0 Thread added: 0x0000026f113951d0
Event: 10.168 Thread 0x0000026f113958a0 Thread added: 0x0000026f113958a0
Event: 10.192 Thread 0x0000026f11392220 Thread added: 0x0000026f11392220
Event: 10.224 Thread 0x0000026f11395f70 Thread added: 0x0000026f11395f70
Event: 10.523 Thread 0x0000026f116ba5f0 Thread added: 0x0000026f116ba5f0
Event: 10.702 Thread 0x0000026f11395f70 Thread exited: 0x0000026f11395f70
Event: 10.968 Thread 0x0000026f11392220 Thread exited: 0x0000026f11392220
Event: 10.969 Thread 0x0000026f113958a0 Thread exited: 0x0000026f113958a0
Event: 11.278 Thread 0x0000026f1b9fb0a0 Thread added: 0x0000026f1b9fb0a0
Event: 11.470 Thread 0x0000026f1b9fc510 Thread added: 0x0000026f1b9fc510
Event: 11.497 Thread 0x0000026f1b9fa9d0 Thread added: 0x0000026f1b9fa9d0
Event: 11.512 Thread 0x0000026f1b9f8e90 Thread added: 0x0000026f1b9f8e90
Event: 11.515 Thread 0x0000026f1b9fa300 Thread added: 0x0000026f1b9fa300


Dynamic libraries:
0x00007ff747cc0000 - 0x00007ff747cd0000 	C:\Program Files\Java\jdk-21\bin\java.exe
0x00007fffe2de0000 - 0x00007fffe3043000 	C:\WINDOWS\SYSTEM32\ntdll.dll
0x00007fffe2290000 - 0x00007fffe2358000 	C:\WINDOWS\System32\KERNEL32.DLL
0x00007fffe0410000 - 0x00007fffe07c1000 	C:\WINDOWS\System32\KERNELBASE.dll
0x00007fffe01d0000 - 0x00007fffe031b000 	C:\WINDOWS\System32\ucrtbase.dll
0x00007fffdac40000 - 0x00007fffdac5b000 	C:\Program Files\Java\jdk-21\bin\VCRUNTIME140.dll
0x00007fffd7460000 - 0x00007fffd7479000 	C:\Program Files\Java\jdk-21\bin\jli.dll
0x00007fffe2b50000 - 0x00007fffe2c04000 	C:\WINDOWS\System32\ADVAPI32.dll
0x00007fffe2010000 - 0x00007fffe20b9000 	C:\WINDOWS\System32\msvcrt.dll
0x00007fffe2360000 - 0x00007fffe2406000 	C:\WINDOWS\System32\sechost.dll
0x00007fffe1b70000 - 0x00007fffe1c86000 	C:\WINDOWS\System32\RPCRT4.dll
0x00007fffe1e20000 - 0x00007fffe1fe8000 	C:\WINDOWS\System32\USER32.dll
0x00007fffe0320000 - 0x00007fffe0347000 	C:\WINDOWS\System32\win32u.dll
0x00007fffccda0000 - 0x00007fffcd030000 	C:\WINDOWS\WinSxS\amd64_microsoft.windows.common-controls_6595b64144ccf1df_6.0.26100.2161_none_3e0cadb0e33078e1\COMCTL32.dll
0x00007fffe0c50000 - 0x00007fffe0c7a000 	C:\WINDOWS\System32\GDI32.dll
0x00007fffe0a80000 - 0x00007fffe0ba5000 	C:\WINDOWS\System32\gdi32full.dll
0x00007fffe0850000 - 0x00007fffe08f3000 	C:\WINDOWS\System32\msvcp_win.dll
0x00007fffd8610000 - 0x00007fffd861b000 	C:\WINDOWS\SYSTEM32\VERSION.dll
0x00007fffe2c70000 - 0x00007fffe2c9f000 	C:\WINDOWS\System32\IMM32.DLL
0x00007fffdcd10000 - 0x00007fffdcd1c000 	C:\Program Files\Java\jdk-21\bin\vcruntime140_1.dll
0x00007fffaf270000 - 0x00007fffaf2fe000 	C:\Program Files\Java\jdk-21\bin\msvcp140.dll
0x00007fff76710000 - 0x00007fff77425000 	C:\Program Files\Java\jdk-21\bin\server\jvm.dll
0x00007fffe19d0000 - 0x00007fffe1a44000 	C:\WINDOWS\System32\WS2_32.dll
0x00007fffdfeb0000 - 0x00007fffdfefe000 	C:\WINDOWS\SYSTEM32\POWRPROF.dll
0x00007fffd72e0000 - 0x00007fffd7316000 	C:\WINDOWS\SYSTEM32\WINMM.dll
0x00007fffdfe90000 - 0x00007fffdfea4000 	C:\WINDOWS\SYSTEM32\UMPDC.dll
0x00007fffdf000000 - 0x00007fffdf01a000 	C:\WINDOWS\SYSTEM32\kernel.appcore.dll
0x00007fffdbf50000 - 0x00007fffdbf5a000 	C:\Program Files\Java\jdk-21\bin\jimage.dll
0x00007fffddab0000 - 0x00007fffddcf1000 	C:\WINDOWS\SYSTEM32\DBGHELP.DLL
0x00007fffe1070000 - 0x00007fffe13ed000 	C:\WINDOWS\System32\combase.dll
0x00007fffe1d40000 - 0x00007fffe1e16000 	C:\WINDOWS\System32\OLEAUT32.dll
0x00007fffcc500000 - 0x00007fffcc539000 	C:\WINDOWS\SYSTEM32\dbgcore.DLL
0x00007fffe0bb0000 - 0x00007fffe0c49000 	C:\WINDOWS\System32\bcryptPrimitives.dll
0x00007fffce400000 - 0x00007fffce40f000 	C:\Program Files\Java\jdk-21\bin\instrument.dll
0x00007fffcab50000 - 0x00007fffcab6f000 	C:\Program Files\Java\jdk-21\bin\java.dll
0x00007fffe2440000 - 0x00007fffe2b3f000 	C:\WINDOWS\System32\SHELL32.dll
0x00007fffddf20000 - 0x00007fffde74d000 	C:\WINDOWS\SYSTEM32\windows.storage.dll
0x00007fffe0f90000 - 0x00007fffe1063000 	C:\WINDOWS\System32\SHCORE.dll
0x00007fffe1960000 - 0x00007fffe19bd000 	C:\WINDOWS\System32\shlwapi.dll
0x00007fffe00e0000 - 0x00007fffe010e000 	C:\WINDOWS\SYSTEM32\profapi.dll
0x00007fffaf840000 - 0x00007fffaf917000 	C:\Program Files\Java\jdk-21\bin\jsvml.dll
0x00007fffd1b30000 - 0x00007fffd1b48000 	C:\Program Files\Java\jdk-21\bin\zip.dll
0x00007fffda870000 - 0x00007fffda880000 	C:\Program Files\Java\jdk-21\bin\net.dll
0x00007fffdc480000 - 0x00007fffdc5a6000 	C:\WINDOWS\SYSTEM32\WINHTTP.dll
0x00007fffdf520000 - 0x00007fffdf588000 	C:\WINDOWS\system32\mswsock.dll
0x00007fffd1b50000 - 0x00007fffd1b66000 	C:\Program Files\Java\jdk-21\bin\nio.dll
0x00007fffca410000 - 0x00007fffca42a000 	F:\IntelliJ IDEA Community Edition 2024.2.0.1\bin\breakgen64.dll
0x00007fffda020000 - 0x00007fffda027000 	C:\Program Files\Java\jdk-21\bin\extnet.dll
0x00007fffac6b0000 - 0x00007fffac83f000 	C:\Program Files\Java\jdk-21\bin\awt.dll
0x00007fffda900000 - 0x00007fffda99c000 	C:\WINDOWS\SYSTEM32\apphelp.dll
0x00007fffdd4e0000 - 0x00007fffdd50e000 	C:\WINDOWS\system32\DWMAPI.DLL
0x00007fffdd100000 - 0x00007fffdd1ad000 	C:\WINDOWS\system32\uxtheme.dll
0x00007fffa9610000 - 0x00007fffa971c000 	C:\WINDOWS\system32\opengl32.dll
0x00007fffc86e0000 - 0x00007fffc870d000 	C:\WINDOWS\SYSTEM32\GLU32.dll
0x00007fffdd2e0000 - 0x00007fffdd325000 	C:\WINDOWS\SYSTEM32\dxcore.dll
0x00007fffe0c80000 - 0x00007fffe0ddb000 	C:\WINDOWS\System32\MSCTF.dll
0x00007fffe0df0000 - 0x00007fffe0f89000 	C:\WINDOWS\System32\ole32.dll
0x00007fff8c340000 - 0x00007fff8c4e6000 	C:\WINDOWS\system32\d3d9.dll
0x00007fffdd330000 - 0x00007fffdd38c000 	C:\WINDOWS\SYSTEM32\directxdatabasehelper.dll
0x00007fffdf830000 - 0x00007fffdf843000 	C:\WINDOWS\SYSTEM32\msasn1.dll
0x00007fffd8510000 - 0x00007fffd854b000 	C:\WINDOWS\SYSTEM32\cryptnet.dll
0x00007fffe0900000 - 0x00007fffe0a76000 	C:\WINDOWS\System32\CRYPT32.dll
0x00007fffdf7c0000 - 0x00007fffdf7cc000 	C:\WINDOWS\SYSTEM32\cryptbase.dll
0x00007fffe07d0000 - 0x00007fffe084a000 	C:\WINDOWS\System32\wintrust.dll
0x00007fffe2410000 - 0x00007fffe2430000 	C:\WINDOWS\System32\imagehlp.dll
0x00007fffdf7d0000 - 0x00007fffdf7ec000 	C:\WINDOWS\SYSTEM32\CRYPTSP.dll
0x00007fffdef60000 - 0x00007fffdef98000 	C:\WINDOWS\system32\rsaenh.dll
0x00007fffdfa00000 - 0x00007fffdfa26000 	C:\WINDOWS\SYSTEM32\bcrypt.dll
0x00007fffb52c0000 - 0x00007fffb5381000 	C:\WINDOWS\System32\DriverStore\FileRepository\nvam.inf_amd64_900a074fe80431cd\nvldumdx.dll
0x00007fffdf8a0000 - 0x00007fffdf8fd000 	C:\WINDOWS\SYSTEM32\wldp.dll
0x00007fffda1c0000 - 0x00007fffda337000 	C:\WINDOWS\SYSTEM32\drvstore.dll
0x00007fffdfda0000 - 0x00007fffdfdcd000 	C:\WINDOWS\SYSTEM32\devobj.dll
0x00007fffdfdd0000 - 0x00007fffdfe2f000 	C:\WINDOWS\SYSTEM32\CFGMGR32.dll
0x00007fffa3280000 - 0x00007fffa50af000 	C:\WINDOWS\System32\DriverStore\FileRepository\nvam.inf_amd64_900a074fe80431cd\nvgpucomp64.dll
0x00007fff65d20000 - 0x00007fff67d63000 	C:\WINDOWS\System32\DriverStore\FileRepository\nvam.inf_amd64_900a074fe80431cd\nvd3dumx.dll
0x00007fffd49f0000 - 0x00007fffd4ba8000 	C:\WINDOWS\System32\DriverStore\FileRepository\u0382793.inf_amd64_1c9c9d36a5813460\B384051\aticfx64.dll
0x00007fffc3fc0000 - 0x00007fffc3ff4000 	C:\WINDOWS\System32\DriverStore\FileRepository\u0382793.inf_amd64_1c9c9d36a5813460\B384051\atiu9p64.dll
0x00007fff6fc40000 - 0x00007fff70994000 	C:\WINDOWS\System32\DriverStore\FileRepository\u0382793.inf_amd64_1c9c9d36a5813460\B384051\atiumd64.dll
0x000000006f860000 - 0x00000000706d4000 	C:\WINDOWS\System32\DriverStore\FileRepository\u0382793.inf_amd64_1c9c9d36a5813460\B384051\atiumd6a.dll
0x00007fffe1470000 - 0x00007fffe18f5000 	C:\WINDOWS\System32\SETUPAPI.dll
0x00007fffd74a0000 - 0x00007fffd74d0000 	C:\WINDOWS\SYSTEM32\amdihk64.dll
0x00007fffaf7b0000 - 0x00007fffaf837000 	C:\Program Files\Java\jdk-21\bin\freetype.dll
0x00007fff983d0000 - 0x00007fff984a3000 	C:\Program Files\Java\jdk-21\bin\fontmanager.dll
0x00007fffe1c90000 - 0x00007fffe1d38000 	C:\WINDOWS\System32\clbcatq.dll
0x00007fffdce90000 - 0x00007fffdd0ba000 	C:\WINDOWS\SYSTEM32\WindowsCodecs.dll
0x00007fffc8580000 - 0x00007fffc85da000 	C:\WINDOWS\system32\dataexchange.dll
0x00007fffd1c50000 - 0x00007fffd1e87000 	C:\WINDOWS\system32\twinapi.appcore.dll
0x00007fffb41f0000 - 0x00007fffb4335000 	C:\WINDOWS\SYSTEM32\textinputframework.dll
0x00007fffd9d30000 - 0x00007fffd9e55000 	C:\WINDOWS\SYSTEM32\CoreMessaging.dll
0x00007fffd5af0000 - 0x00007fffd5dd3000 	C:\WINDOWS\SYSTEM32\CoreUIComponents.dll
0x00007fffdb7f0000 - 0x00007fffdb958000 	C:\WINDOWS\SYSTEM32\wintypes.dll
0x00007fffd0fc0000 - 0x00007fffd0fd8000 	C:\WINDOWS\system32\napinsp.dll
0x00007fffdea40000 - 0x00007fffdeb65000 	C:\WINDOWS\SYSTEM32\DNSAPI.dll
0x00007fffdea00000 - 0x00007fffdea31000 	C:\WINDOWS\SYSTEM32\IPHLPAPI.DLL
0x00007fffe0de0000 - 0x00007fffe0dea000 	C:\WINDOWS\System32\NSI.dll
0x00007fffce210000 - 0x00007fffce222000 	C:\WINDOWS\System32\winrnr.dll
0x00007fffcdcd0000 - 0x00007fffcdcf2000 	C:\WINDOWS\system32\nlansp_c.dll
0x00007fffcdcb0000 - 0x00007fffcdcc6000 	C:\WINDOWS\system32\wshbth.dll
0x00007fffdb500000 - 0x00007fffdb50b000 	C:\Windows\System32\rasadhlp.dll
0x00007fffdc950000 - 0x00007fffdc9d6000 	C:\WINDOWS\System32\fwpuclnt.dll
0x00007fffcede0000 - 0x00007fffcedf0000 	C:\Program Files\Java\jdk-21\bin\verify.dll
0x0000026f1bfe0000 - 0x0000026f1bfe4000 	C:\Users\tranh\.javacpp\cache\javacpp-1.5.10-windows-x86_64.jar\org\bytedeco\javacpp\windows-x86_64\api-ms-win-crt-locale-l1-1-0.dll
0x0000026f1bff0000 - 0x0000026f1bff5000 	C:\Users\tranh\.javacpp\cache\javacpp-1.5.10-windows-x86_64.jar\org\bytedeco\javacpp\windows-x86_64\api-ms-win-crt-string-l1-1-0.dll
0x0000026f1c000000 - 0x0000026f1c005000 	C:\Users\tranh\.javacpp\cache\javacpp-1.5.10-windows-x86_64.jar\org\bytedeco\javacpp\windows-x86_64\api-ms-win-crt-stdio-l1-1-0.dll
0x0000026f1c010000 - 0x0000026f1c016000 	C:\Users\tranh\.javacpp\cache\javacpp-1.5.10-windows-x86_64.jar\org\bytedeco\javacpp\windows-x86_64\api-ms-win-crt-math-l1-1-0.dll
0x0000026f1c020000 - 0x0000026f1c024000 	C:\Users\tranh\.javacpp\cache\javacpp-1.5.10-windows-x86_64.jar\org\bytedeco\javacpp\windows-x86_64\api-ms-win-crt-heap-l1-1-0.dll
0x0000026f1c030000 - 0x0000026f1c035000 	C:\Users\tranh\.javacpp\cache\javacpp-1.5.10-windows-x86_64.jar\org\bytedeco\javacpp\windows-x86_64\api-ms-win-crt-runtime-l1-1-0.dll
0x0000026f1c040000 - 0x0000026f1c045000 	C:\Users\tranh\.javacpp\cache\javacpp-1.5.10-windows-x86_64.jar\org\bytedeco\javacpp\windows-x86_64\api-ms-win-crt-convert-l1-1-0.dll
0x0000026f1c050000 - 0x0000026f1c054000 	C:\Users\tranh\.javacpp\cache\javacpp-1.5.10-windows-x86_64.jar\org\bytedeco\javacpp\windows-x86_64\api-ms-win-crt-environment-l1-1-0.dll
0x0000026f1c060000 - 0x0000026f1c064000 	C:\Users\tranh\.javacpp\cache\javacpp-1.5.10-windows-x86_64.jar\org\bytedeco\javacpp\windows-x86_64\api-ms-win-crt-time-l1-1-0.dll
0x0000026f1c070000 - 0x0000026f1c074000 	C:\Users\tranh\.javacpp\cache\javacpp-1.5.10-windows-x86_64.jar\org\bytedeco\javacpp\windows-x86_64\api-ms-win-crt-filesystem-l1-1-0.dll
0x0000026f1c080000 - 0x0000026f1c084000 	C:\Users\tranh\.javacpp\cache\javacpp-1.5.10-windows-x86_64.jar\org\bytedeco\javacpp\windows-x86_64\api-ms-win-crt-utility-l1-1-0.dll
0x0000026f1c090000 - 0x0000026f1c096000 	C:\Users\tranh\.javacpp\cache\javacpp-1.5.10-windows-x86_64.jar\org\bytedeco\javacpp\windows-x86_64\api-ms-win-crt-multibyte-l1-1-0.dll
0x0000026f1c0a0000 - 0x0000026f1c0a4000 	C:\Users\tranh\.javacpp\cache\javacpp-1.5.10-windows-x86_64.jar\org\bytedeco\javacpp\windows-x86_64\api-ms-win-core-string-l1-1-0.dll
0x0000026f1c0b0000 - 0x0000026f1c0b4000 	C:\Users\tranh\.javacpp\cache\javacpp-1.5.10-windows-x86_64.jar\org\bytedeco\javacpp\windows-x86_64\api-ms-win-core-errorhandling-l1-1-0.dll
0x0000026f1c0c0000 - 0x0000026f1c0c4000 	C:\Users\tranh\.javacpp\cache\javacpp-1.5.10-windows-x86_64.jar\org\bytedeco\javacpp\windows-x86_64\api-ms-win-core-timezone-l1-1-0.dll
0x0000026f1c0d0000 - 0x0000026f1c0d5000 	C:\Users\tranh\.javacpp\cache\javacpp-1.5.10-windows-x86_64.jar\org\bytedeco\javacpp\windows-x86_64\api-ms-win-core-file-l1-1-0.dll
0x0000026f1c0e0000 - 0x0000026f1c0e4000 	C:\Users\tranh\.javacpp\cache\javacpp-1.5.10-windows-x86_64.jar\org\bytedeco\javacpp\windows-x86_64\api-ms-win-core-namedpipe-l1-1-0.dll
0x0000026f1c0f0000 - 0x0000026f1c0f4000 	C:\Users\tranh\.javacpp\cache\javacpp-1.5.10-windows-x86_64.jar\org\bytedeco\javacpp\windows-x86_64\api-ms-win-core-handle-l1-1-0.dll
0x0000026f1c100000 - 0x0000026f1c104000 	C:\Users\tranh\.javacpp\cache\javacpp-1.5.10-windows-x86_64.jar\org\bytedeco\javacpp\windows-x86_64\api-ms-win-core-file-l2-1-0.dll
0x0000026f1c110000 - 0x0000026f1c114000 	C:\Users\tranh\.javacpp\cache\javacpp-1.5.10-windows-x86_64.jar\org\bytedeco\javacpp\windows-x86_64\api-ms-win-core-heap-l1-1-0.dll
0x0000026f1c120000 - 0x0000026f1c124000 	C:\Users\tranh\.javacpp\cache\javacpp-1.5.10-windows-x86_64.jar\org\bytedeco\javacpp\windows-x86_64\api-ms-win-core-libraryloader-l1-1-0.dll
0x0000026f1c130000 - 0x0000026f1c134000 	C:\Users\tranh\.javacpp\cache\javacpp-1.5.10-windows-x86_64.jar\org\bytedeco\javacpp\windows-x86_64\api-ms-win-core-synch-l1-1-0.dll
0x0000026f1c140000 - 0x0000026f1c144000 	C:\Users\tranh\.javacpp\cache\javacpp-1.5.10-windows-x86_64.jar\org\bytedeco\javacpp\windows-x86_64\api-ms-win-core-processthreads-l1-1-0.dll
0x0000026f1c150000 - 0x0000026f1c154000 	C:\Users\tranh\.javacpp\cache\javacpp-1.5.10-windows-x86_64.jar\org\bytedeco\javacpp\windows-x86_64\api-ms-win-core-processenvironment-l1-1-0.dll
0x0000026f1c160000 - 0x0000026f1c164000 	C:\Users\tranh\.javacpp\cache\javacpp-1.5.10-windows-x86_64.jar\org\bytedeco\javacpp\windows-x86_64\api-ms-win-core-datetime-l1-1-0.dll
0x0000026f1c170000 - 0x0000026f1c174000 	C:\Users\tranh\.javacpp\cache\javacpp-1.5.10-windows-x86_64.jar\org\bytedeco\javacpp\windows-x86_64\api-ms-win-core-localization-l1-2-0.dll
0x0000026f1c180000 - 0x0000026f1c184000 	C:\Users\tranh\.javacpp\cache\javacpp-1.5.10-windows-x86_64.jar\org\bytedeco\javacpp\windows-x86_64\api-ms-win-core-sysinfo-l1-1-0.dll

dbghelp: loaded successfully - version: 4.0.5 - missing functions: none
symbol engine: initialized successfully - sym options: 0x614 - pdb path: .;C:\Program Files\Java\jdk-21\bin;C:\WINDOWS\SYSTEM32;C:\WINDOWS\WinSxS\amd64_microsoft.windows.common-controls_6595b64144ccf1df_6.0.26100.2161_none_3e0cadb0e33078e1;C:\Program Files\Java\jdk-21\bin\server;F:\IntelliJ IDEA Community Edition 2024.2.0.1\bin;C:\WINDOWS\System32\DriverStore\FileRepository\nvam.inf_amd64_900a074fe80431cd;C:\WINDOWS\System32\DriverStore\FileRepository\u0382793.inf_amd64_1c9c9d36a5813460\B384051;C:\Users\tranh\.javacpp\cache\javacpp-1.5.10-windows-x86_64.jar\org\bytedeco\javacpp\windows-x86_64;C:\Users\tranh\.javacpp\cache\openblas-0.3.26-1.5.10-windows-x86_64.jar\org\bytedeco\openblas\windows-x86_64

VM Arguments:
jvm_args: -javaagent:F:\IntelliJ IDEA Community Edition 2024.2.0.1\lib\idea_rt.jar=56489:F:\IntelliJ IDEA Community Edition 2024.2.0.1\bin -Dfile.encoding=UTF-8 -Dsun.stdout.encoding=UTF-8 -Dsun.stderr.encoding=UTF-8 
java_command: org.example.client.LivestreamClient
java_class_path (initial): C:\Users\tranh\.m2\repository\org\bytedeco\opencv\4.5.1-1.5.5;C:\Users\tranh\.m2\repository\org\bytedeco\opencv\4.5.1-1.5.5\opencv-4.5.1-1.5.5-android-arm64.jar;C:\Users\tranh\.m2\repository\org\bytedeco\opencv\4.5.1-1.5.5\opencv-4.5.1-1.5.5-android-arm64.jar.sha1;C:\Users\tranh\.m2\repository\org\bytedeco\opencv\4.5.1-1.5.5\opencv-4.5.1-1.5.5-android-x86_64.jar;C:\Users\tranh\.m2\repository\org\bytedeco\opencv\4.5.1-1.5.5\opencv-4.5.1-1.5.5-android-x86_64.jar.sha1;C:\Users\tranh\.m2\repository\org\bytedeco\opencv\4.5.1-1.5.5\opencv-4.5.1-1.5.5-ios-x86_64.jar;C:\Users\tranh\.m2\repository\org\bytedeco\opencv\4.5.1-1.5.5\opencv-4.5.1-1.5.5-ios-x86_64.jar.sha1;C:\Users\tranh\.m2\repository\org\bytedeco\opencv\4.5.1-1.5.5\opencv-4.5.1-1.5.5-linux-arm64.jar;C:\Users\tranh\.m2\repository\org\bytedeco\opencv\4.5.1-1.5.5\opencv-4.5.1-1.5.5-linux-arm64.jar.sha1;C:\Users\tranh\.m2\repository\org\bytedeco\opencv\4.5.1-1.5.5\opencv-4.5.1-1.5.5-linux-armhf.jar;C:\Users\tranh\.m2\repository\org\bytedeco\opencv\4.5.1-1.5.5\opencv-4.5.1-1.5.5-linux-armhf.jar.sha1;C:\Users\tranh\.m2\repository\org\bytedeco\opencv\4.5.1-1.5.5\opencv-4.5.1-1.5.5-linux-ppc64le.jar;C:\Users\tranh\.m2\repository\org\bytedeco\opencv\4.5.1-1.5.5\opencv-4.5.1-1.5.5-linux-ppc64le.jar.sha1;C:\Users\tranh\.m2\repository\org\bytedeco\opencv\4.5.1-1.5.5\opencv-4.5.1-1.5.5-linux-x86.jar;C:\Users\tranh\.m2\repository\org\bytedeco\opencv\4.5.1-1.5.5\opencv-4.5.1-1.5.5-linux-x86.jar.sha1;C:\Users\tranh\.m2\repository\org\bytedeco\opencv\4.5.1-1.5.5\opencv-4.5.1-1.5.5-macosx-x86_64.jar;C:\Users\tranh\.m2\repository\org\bytedeco\opencv\4.5.1-1.5.5\opencv-4.5.1-1.5.5-macosx-x86_64.jar.sha1;C:\Users\tranh\.m2\repository\org\bytedeco\opencv\4.5.1-1.5.5\opencv-4.5.1-1.5.5-windows-x86.jar;C:\Users\tranh\.m2\repository\org\bytedeco\opencv\4.5.1-1.5.5\opencv-4.5.1-1.5.5-windows-x86.jar.sha1;C:\Users\tranh\.m2\repository\org\bytedeco\opencv\4.5.1-1.5.5\opencv-4.5.1-1.5.5-windows-x86_64.jar;C:\Users\tranh\.m2\repository\org\bytedeco\opencv\4.5.1-1.5.5\opencv-4.5.1-1.5.5-windows-x86_64.jar.sha1;C:\Users\tranh\.m2\repository\org\bytedeco\opencv\4.5.1-1.5.5\opencv-4.5.1-1.5.5.jar;C:\Users\tranh\.m2\repository\org\bytedeco\opencv\4.5.1-1.5.5\opencv-4.5.1-1.5.5.jar.sha1;C:\Users\tranh\.m2\repository\org\bytedeco\opencv\4.5.1-1.5.5\opencv-4.5.1-1.5.5.pom;C:\Users\tranh\.m2\repository\org\bytedeco\opencv\4.5.1-1.5.5\opencv-4.5.1-1.5.5.pom.sha1;C:\Users\tranh\.m2\repository\org\bytedeco\opencv\4.5.1-1.5.5\_remote.repositories;F:\Workspace\Streaming\target\classes;C:\Users\tranh\.m2\repository\org\bytedeco\openblas\0.3.13-1.5.5\openblas-0.3.13-1.5.5.jar;C:\Users\tranh\.m2\repository\org\bytedeco\javacpp\1.5.5\javacpp-1.5.5.jar;C:\Users\tranh\.m2\repository\io\socket\socket.io-client\2.1.1\socket.io-client-2.1.1.jar;C:\Users\tranh\.m2\repository\io\socket\engine.io-client\2.1.0\engine.io-client-2.1.0.jar;C:\Users\tranh\.m2\repository\com\squareup\okhttp3\okhttp\3.12.12\okhttp-3.12.12.jar;C:\Users\tranh\.m2\repository\com\squareup\okio\okio\1.15.0\okio-1.15.0.jar;C:\Users\tranh\.m2\repository\org\json\json\20090211\json-20090211.jar;C:\Users\tranh\.m2\repository\io\socket\socket.io-server\1.0.0\socket.io-server-1.0.0.jar;C:\Users\tranh\.m2\repository\org\java-websocket\Java-WebSocket\1.5.2\Java-WebSocket-1.5.2.jar;C:\Users\tranh\.m2\repository\org\slf4j\slf4j-api\1.7.25\slf4j-api-1.7.25.jar;C:\Users\tranh\.m2\repository\com\google\code\findbugs\jsr305\3.0.2\jsr305-3.0.2.jar;C:\Users\tranh\.m2\repository\io\socket\engine.io-server\6.2.1\engine.io-server-6.2.1.jar;C:\Users\tranh\.m2\repository\org\bytedeco\javacv-platform\1.5.10\javacv-platform-1.5.10.jar;C:\Users\tranh\.m2\repository\org\bytedeco\javacv\1.5.10\javacv-1.5.10.jar;C:\Users\tranh\.m2\repository\org\bytedeco\flycapture\2.13.3.31-1.5.9\flycapture-2.13.3.31-1.5.9.jar;C:\Users\tranh\.m2\repository\org\bytedeco\libdc1394\2.2.6-1.5.9\libdc1394-2.2.6-1.5.9.jar;C:\Users\tranh\.m2\repository\org\bytedeco\libfreenect\0.5.7-1.5.9\libfreenect-0.5.7-1.5.9.jar;C:\Users\tranh\.m2\repository\org\bytedeco\libfreenect2\0.2.0-1.5.9\libfreenect2-0.2.0-1.5.9.jar;C:\Users\tranh\.m2\repository\org\bytedeco\librealsense\1.12.4-1.5.9\librealsense-1.12.4-1.5.9.jar;C:\Users\tranh\.m2\repository\org\bytedeco\librealsense2\2.53.1-1.5.9\librealsense2-2.53.1-1.5.9.jar;C:\Users\tranh\.m2\repository\org\bytedeco\videoinput\0.200-1.5.9\videoinput-0.200-1.5.9.jar;C:\Users\tranh\.m2\repository\org\bytedeco\artoolkitplus\2.3.1-1.5.9\artoolkitplus-2.3.1-1.5.9.jar;C:\Users\tranh\.m2\repository\org\bytedeco\leptonica\1.84.1-1.5.10\leptonica-1.84.1-1.5.10.jar;C:\Users\tranh\.m2\repository\org\bytedeco\tesseract\5.3.4-1.5.10\tesseract-5.3.4-1.5.10.jar;C:\Users\tranh\.m2\repository\org\bytedeco\javacpp-platform\1.5.10\javacpp-platform-1.5.10.jar;C:\Users\tranh\.m2\repository\org\bytedeco\javacpp\1.5.10\javacpp-1.5.10-android-arm64.jar;C:\Users\tranh\.m2\repository\org\bytedeco\javacpp\1.5.10\javacpp-1.5.10-android-x86_64.jar;C:\Users\tranh\.m2\repository\org\bytedeco\javacpp\1.5.10\javacpp-1.5.10-ios-arm64.jar;C:\Users\tranh\.m2\repository\org\bytedeco\javacpp\1.5.10\javacpp-1.5.10-ios-x86_64.jar;C:\Users\tranh\.m2\repository\org\bytedeco\javacpp\1.5.10\javacpp-1.5.10-linux-arm64.jar;C:\Users\tranh\.m2\repository\org\bytedeco\javacpp\1.5.10\javacpp-1.5.10-linux-ppc64le.jar;C:\Users\tranh\.m2\repository\org\bytedeco\javacpp\1.5.10\javacpp-1.5.10-linux-x86_64.jar;C:\Users\tranh\.m2\repository\org\bytedeco\javacpp\1.5.10\javacpp-1.5.10-macosx-arm64.jar;C:\Users\tranh\.m2\repository\org\bytedeco\javacpp\1.5.10\javacpp-1.5.10-macosx-x86_64.jar;C:\Users\tranh\.m2\repository\org\bytedeco\javacpp\1.5.10\javacpp-1.5.10-windows-x86_64.jar;C:\Users\tranh\.m2\repository\org\bytedeco\openblas-platform\0.3.26-1.5.10\openblas-platform-0.3.26-1.5.10.jar;C:\Users\tranh\.m2\repository\org\bytedeco\openblas\0.3.26-1.5.10\openblas-0.3.26-1.5.10-android-arm64.jar;C:\Users\tranh\.m2\repository\org\bytedeco\openblas\0.3.26-1.5.10\openblas-0.3.26-1.5.10-android-x86_64.jar;C:\Users\tranh\.m2\repository\org\bytedeco\openblas\0.3.26-1.5.10\openblas-0.3.26-1.5.10-ios-arm64.jar;C:\Users\tranh\.m2\repository\org\bytedeco\openblas\0.3.26-1.5.10\openblas-0.3.26-1.5.10-ios-x86_64.jar;C:\Users\tranh\.m2\repository\org\bytedeco\openblas\0.3.26-1.5.10\openblas-0.3.26-1.5.10-linux-x86_64.jar;C:\Users\tranh\.m2\repository\org\bytedeco\openblas\0.3.26-1.5.10\openblas-0.3.26-1.5.10-linux-arm64.jar;C:\Users\tranh\.m2\repository\org\bytedeco\openblas\0.3.26-1.5.10\openblas-0.3.26-1.5.10-linux-ppc64le.jar;C:\Users\tranh\.m2\repository\org\bytedeco\openblas\0.3.26-1.5.10\openblas-0.3.26-1.5.10-macosx-arm64.jar;C:\Users\tranh\.m2\repository\org\bytedeco\openblas\0.3.26-1.5.10\openblas-0.3.26-1.5.10-macosx-x86_64.jar;C:\Users\tranh\.m2\repository\org\bytedeco\openblas\0.3.26-1.5.10\openblas-0.3.26-1.5.10-windows-x86_64.jar;C:\Users\tranh\.m2\repository\org\bytedeco\opencv-platform\4.9.0-1.5.10\opencv-platform-4.9.0-1.5.10.jar;C:\Users\tranh\.m2\repository\org\bytedeco\opencv\4.9.0-1.5.10\opencv-4.9.0-1.5.10-android-arm64.jar;C:\Users\tranh\.m2\repository\org\bytedeco\opencv\4.9.0-1.5.10\opencv-4.9.0-1.5.10-android-x86_64.jar;C:\Users\tranh\.m2\repository\org\bytedeco\opencv\4.9.0-1.5.10\opencv-4.9.0-1.5.10-ios-arm64.jar;C:\Users\tranh\.m2\repository\org\bytedeco\opencv\4.9.0-1.5.10\opencv-4.9.0-1.5.10-ios-x86_64.jar;C:\Users\tranh\.m2\repository\org\bytedeco\opencv\4.9.0-1.5.10\opencv-4.9.0-1.5.10-linux-x86_64.jar;C:\Users\tranh\.m2\repository\org\bytedeco\opencv\4.9.0-1.5.10\opencv-4.9.0-1.5.10-linux-arm64.jar;C:\Users\tranh\.m2\repository\org\bytedeco\opencv\4.9.0-1.5.10\opencv-4.9.0-1.5.10-linux-ppc64le.jar;C:\Users\tranh\.m2\repository\org\bytedeco\opencv\4.9.0-1.5.10\opencv-4.9.0-1.5.10-macosx-arm64.jar;C:\Users\tranh\.m2\repository\org\bytedeco\opencv\4.9.0-1.5.10\opencv-4.9.0-1.5.10-macosx-x86_64.jar;C:\Users\tranh\.m2\repository\org\bytedeco\opencv\4.9.0-1.5.10\opencv-4.9.0-1.5.10-windows-x86_64.jar;C:\Users\tranh\.m2\repository\org\bytedeco\flycapture-platform\2.13.3.31-1.5.9\flycapture-platform-2.13.3.31-1.5.9.jar;C:\Users\tranh\.m2\repository\org\bytedeco\flycapture\2.13.3.31-1.5.9\flycapture-2.13.3.31-1.5.9-linux-x86.jar;C:\Users\tranh\.m2\repository\org\bytedeco\flycapture\2.13.3.31-1.5.9\flycapture-2.13.3.31-1.5.9-linux-x86_64.jar;C:\Users\tranh\.m2\repository\org\bytedeco\flycapture\2.13.3.31-1.5.9\flycapture-2.13.3.31-1.5.9-linux-armhf.jar;C:\Users\tranh\.m2\repository\org\bytedeco\flycapture\2.13.3.31-1.5.9\flycapture-2.13.3.31-1.5.9-linux-arm64.jar;C:\Users\tranh\.m2\repository\org\bytedeco\flycapture\2.13.3.31-1.5.9\flycapture-2.13.3.31-1.5.9-windows-x86.jar;C:\Users\tranh\.m2\repository\org\bytedeco\flycapture\2.13.3.31-1.5.9\flycapture-2.13.3.31-1.5.9-windows-x86_64.jar;C:\Users\tranh\.m2\repository\org\bytedeco\libdc1394-platform\2.2.6-1.5.9\libdc1394-platform-2.2.6-1.5.9.jar;C:\Users\tranh\.m2\repository\org\bytedeco\libdc1394\2.2.6-1.5.9\libdc1394-2.2.6-1.5.9-linux-x86.jar;C:\Users\tranh\.m2\repository\org\bytedeco\libdc1394\2.2.6-1.5.9\libdc1394-2.2.6-1.5.9-linux-x86_64.jar;C:\Users\tranh\.m2\repository\org\bytedeco\libdc1394\2.2.6-1.5.9\libdc1394-2.2.6-1.5.9-linux-armhf.jar;C:\Users\tranh\.m2\repository\org\bytedeco\libdc1394\2.2.6-1.5.9\libdc1394-2.2.6-1.5.9-linux-arm64.jar;C:\Users\tranh\.m2\repository\org\bytedeco\libdc1394\2.2.6-1.5.9\libdc1394-2.2.6-1.5.9-linux-ppc64le.jar;C:\Users\tranh\.m2\repository\org\bytedeco\libdc1394\2.2.6-1.5.9\libdc1394-2.2.6-1.5.9-macosx-x86_64.jar;C:\Users\tranh\.m2\repository\org\bytedeco\libdc1394\2.2.6-1.5.9\libdc1394-2.2.6-1.5.9-windows-x86.jar;C:\Users\tranh\.m2\repository\org\bytedeco\libdc1394\2.2.6-1.5.9\libdc1394-2.2.6-1.5.9-windows-x86_64.jar;C:\Users\tranh\.m2\repository\org\bytedeco\libfreenect-platform\0.5.7-1.5.9\libfreenect-platform-0.5.7-1.5.9.jar;C:\Users\tranh\.m2\repository\org\bytedeco\libfreenect\0.5.7-1.5.9\libfreenect-0.5.7-1.5.9-linux-x86.jar;C:\Users\tranh\.m2\repository\org\bytedeco\libfreenect\0.5.7-1.5.9\libfreenect-0.5.7-1.5.9-linux-x86_64.jar;C:\Users\tranh\.m2\repository\org\bytedeco\libfreenect\0.5.7-1.5.9\libfreenect-0.5.7-1.5.9-linux-armhf.jar;C:\Users\tranh\.m2\repository\org\bytedeco\libfreenect\0.5.7-1.5.9\libfreenect-0.5.7-1.5.9-linux-arm64.jar;C:\Users\tranh\.m2\repository\org\bytedeco\libfreenect\0.5.7-1.5.9\libfreenect-0.5.7-1.5.9-linux-ppc64le.jar;C:\Users\tranh\.m2\repository\org\bytedeco\libfreenect\0.5.7-1.5.9\libfreenect-0.5.7-1.5.9-macosx-x86_64.jar;C:\Users\tranh\.m2\repository\org\bytedeco\libfreenect\0.5.7-1.5.9\libfreenect-0.5.7-1.5.9-windows-x86.jar;C:\Users\tranh\.m2\repository\org\bytedeco\libfreenect\0.5.7-1.5.9\libfreenect-0.5.7-1.5.9-windows-x86_64.jar;C:\Users\tranh\.m2\repository\org\bytedeco\libfreenect2-platform\0.2.0-1.5.9\libfreenect2-platform-0.2.0-1.5.9.jar;C:\Users\tranh\.m2\repository\org\bytedeco\libfreenect2\0.2.0-1.5.9\libfreenect2-0.2.0-1.5.9-linux-x86.jar;C:\Users\tranh\.m2\repository\org\bytedeco\libfreenect2\0.2.0-1.5.9\libfreenect2-0.2.0-1.5.9-linux-x86_64.jar;C:\Users\tranh\.m2\repository\org\bytedeco\libfreenect2\0.2.0-1.5.9\libfreenect2-0.2.0-1.5.9-macosx-x86_64.jar;C:\Users\tranh\.m2\repository\org\bytedeco\libfreenect2\0.2.0-1.5.9\libfreenect2-0.2.0-1.5.9-windows-x86_64.jar;C:\Users\tranh\.m2\repository\org\bytedeco\librealsense-platform\1.12.4-1.5.9\librealsense-platform-1.12.4-1.5.9.jar;C:\Users\tranh\.m2\repository\org\bytedeco\librealsense\1.12.4-1.5.9\librealsense-1.12.4-1.5.9-linux-armhf.jar;C:\Users\tranh\.m2\repository\org\bytedeco\librealsense\1.12.4-1.5.9\librealsense-1.12.4-1.5.9-linux-arm64.jar;C:\Users\tranh\.m2\repository\org\bytedeco\librealsense\1.12.4-1.5.9\librealsense-1.12.4-1.5.9-linux-x86.jar;C:\Users\tranh\.m2\repository\org\bytedeco\librealsense\1.12.4-1.5.9\librealsense-1.12.4-1.5.9-linux-x86_64.jar;C:\Users\tranh\.m2\repository\org\bytedeco\librealsense\1.12.4-1.5.9\librealsense-1.12.4-1.5.9-macosx-x86_64.jar;C:\Users\tranh\.m2\repository\org\bytedeco\librealsense\1.12.4-1.5.9\librealsense-1.12.4-1.5.9-windows-x86.jar;C:\Users\tranh\.m2\repository\org\bytedeco\librealsense\1.12.4-1.5.9\librealsense-1.12.4-1.5.9-windows-x86_64.jar;C:\Users\tranh\.m2\repository\org\bytedeco\librealsense2-platform\2.53.1-1.5.9\librealsense2-platform-2.53.1-1.5.9.jar;C:\Users\tranh\.m2\repository\org\bytedeco\librealsense2\2.53.1-1.5.9\librealsense2-2.53.1-1.5.9-linux-armhf.jar;C:\Users\tranh\.m2\repository\org\bytedeco\librealsense2\2.53.1-1.5.9\librealsense2-2.53.1-1.5.9-linux-arm64.jar;C:\Users\tranh\.m2\repository\org\bytedeco\librealsense2\2.53.1-1.5.9\librealsense2-2.53.1-1.5.9-linux-x86.jar;C:\Users\tranh\.m2\repository\org\bytedeco\librealsense2\2.53.1-1.5.9\librealsense2-2.53.1-1.5.9-linux-x86_64.jar;C:\Users\tranh\.m2\repository\org\bytedeco\librealsense2\2.53.1-1.5.9\librealsense2-2.53.1-1.5.9-macosx-x86_64.jar;C:\Users\tranh\.m2\repository\org\bytedeco\librealsense2\2.53.1-1.5.9\librealsense2-2.53.1-1.5.9-windows-x86.jar;C:\Users\tranh\.m2\repository\org\bytedeco\librealsense2\2.53.1-1.5.9\librealsense2-2.53.1-1.5.9-windows-x86_64.jar;C:\Users\tranh\.m2\repository\org\bytedeco\videoinput-platform\0.200-1.5.9\videoinput-platform-0.200-1.5.9.jar;C:\Users\tranh\.m2\repository\org\bytedeco\videoinput\0.200-1.5.9\videoinput-0.200-1.5.9-windows-x86.jar;C:\Users\tranh\.m2\repository\org\bytedeco\videoinput\0.200-1.5.9\videoinput-0.200-1.5.9-windows-x86_64.jar;C:\Users\tranh\.m2\repository\org\bytedeco\artoolkitplus-platform\2.3.1-1.5.9\artoolkitplus-platform-2.3.1-1.5.9.jar;C:\Users\tranh\.m2\repository\org\bytedeco\artoolkitplus\2.3.1-1.5.9\artoolkitplus-2.3.1-1.5.9-android-arm.jar;C:\Users\tranh\.m2\repository\org\bytedeco\artoolkitplus\2.3.1-1.5.9\artoolkitplus-2.3.1-1.5.9-android-arm64.jar;C:\Users\tranh\.m2\repository\org\bytedeco\artoolkitplus\2.3.1-1.5.9\artoolkitplus-2.3.1-1.5.9-android-x86.jar;C:\Users\tranh\.m2\repository\org\bytedeco\artoolkitplus\2.3.1-1.5.9\artoolkitplus-2.3.1-1.5.9-android-x86_64.jar;C:\Users\tranh\.m2\repository\org\bytedeco\artoolkitplus\2.3.1-1.5.9\artoolkitplus-2.3.1-1.5.9-linux-x86.jar;C:\Users\tranh\.m2\repository\org\bytedeco\artoolkitplus\2.3.1-1.5.9\artoolkitplus-2.3.1-1.5.9-linux-x86_64.jar;C:\Users\tranh\.m2\repository\org\bytedeco\artoolkitplus\2.3.1-1.5.9\artoolkitplus-2.3.1-1.5.9-linux-armhf.jar;C:\Users\tranh\.m2\repository\org\bytedeco\artoolkitplus\2.3.1-1.5.9\artoolkitplus-2.3.1-1.5.9-linux-arm64.jar;C:\Users\tranh\.m2\repository\org\bytedeco\artoolkitplus\2.3.1-1.5.9\artoolkitplus-2.3.1-1.5.9-linux-ppc64le.jar;C:\Users\tranh\.m2\repository\org\bytedeco\artoolkitplus\2.3.1-1.5.9\artoolkitplus-2.3.1-1.5.9-macosx-x86_64.jar;C:\Users\tranh\.m2\repository\org\bytedeco\artoolkitplus\2.3.1-1.5.9\artoolkitplus-2.3.1-1.5.9-windows-x86.jar;C:\Users\tranh\.m2\repository\org\bytedeco\artoolkitplus\2.3.1-1.5.9\artoolkitplus-2.3.1-1.5.9-windows-x86_64.jar;C:\Users\tranh\.m2\repository\org\bytedeco\leptonica-platform\1.84.1-1.5.10\leptonica-platform-1.84.1-1.5.10.jar;C:\Users\tranh\.m2\repository\org\bytedeco\leptonica\1.84.1-1.5.10\leptonica-1.84.1-1.5.10-android-arm64.jar;C:\Users\tranh\.m2\repository\org\bytedeco\leptonica\1.84.1-1.5.10\leptonica-1.84.1-1.5.10-android-x86_64.jar;C:\Users\tranh\.m2\repository\org\bytedeco\leptonica\1.84.1-1.5.10\leptonica-1.84.1-1.5.10-linux-x86_64.jar;C:\Users\tranh\.m2\repository\org\bytedeco\leptonica\1.84.1-1.5.10\leptonica-1.84.1-1.5.10-linux-arm64.jar;C:\Users\tranh\.m2\repository\org\bytedeco\leptonica\1.84.1-1.5.10\leptonica-1.84.1-1.5.10-linux-ppc64le.jar;C:\Users\tranh\.m2\repository\org\bytedeco\leptonica\1.84.1-1.5.10\leptonica-1.84.1-1.5.10-macosx-arm64.jar;C:\Users\tranh\.m2\repository\org\bytedeco\leptonica\1.84.1-1.5.10\leptonica-1.84.1-1.5.10-macosx-x86_64.jar;C:\Users\tranh\.m2\repository\org\bytedeco\leptonica\1.84.1-1.5.10\leptonica-1.84.1-1.5.10-windows-x86_64.jar;C:\Users\tranh\.m2\repository\org\bytedeco\tesseract-platform\5.3.4-1.5.10\tesseract-platform-5.3.4-1.5.10.jar;C:\Users\tranh\.m2\repository\org\bytedeco\tesseract\5.3.4-1.5.10\tesseract-5.3.4-1.5.10-android-arm64.jar;C:\Users\tranh\.m2\repository\org\bytedeco\tesseract\5.3.4-1.5.10\tesseract-5.3.4-1.5.10-android-x86_64.jar;C:\Users\tranh\.m2\repository\org\bytedeco\tesseract\5.3.4-1.5.10\tesseract-5.3.4-1.5.10-linux-x86_64.jar;C:\Users\tranh\.m2\repository\org\bytedeco\tesseract\5.3.4-1.5.10\tesseract-5.3.4-1.5.10-linux-arm64.jar;C:\Users\tranh\.m2\repository\org\bytedeco\tesseract\5.3.4-1.5.10\tesseract-5.3.4-1.5.10-linux-ppc64le.jar;C:\Users\tranh\.m2\repository\org\bytedeco\tesseract\5.3.4-1.5.10\tesseract-5.3.4-1.5.10-macosx-arm64.jar;C:\Users\tranh\.m2\repository\org\bytedeco\tesseract\5.3.4-1.5.10\tesseract-5.3.4-1.5.10-macosx-x86_64.jar;C:\Users\tranh\.m2\repository\org\bytedeco\tesseract\5.3.4-1.5.10\tesseract-5.3.4-1.5.10-windows-x86_64.jar;C:\Users\tranh\.m2\repository\org\bytedeco\opencv-platform-gpu\4.9.0-1.5.10\opencv-platform-gpu-4.9.0-1.5.10.jar;C:\Users\tranh\.m2\repository\org\bytedeco\opencv\4.9.0-1.5.10\opencv-4.9.0-1.5.10-linux-x86_64-gpu.jar;C:\Users\tranh\.m2\repository\org\bytedeco\opencv\4.9.0-1.5.10\opencv-4.9.0-1.5.10-windows-x86_64-gpu.jar;C:\Users\tranh\.m2\repository\org\bytedeco\ffmpeg-platform\6.1.1-1.5.10\ffmpeg-platform-6.1.1-1.5.10.jar;C:\Users\tranh\.m2\repository\org\bytedeco\ffmpeg\6.1.1-1.5.10\ffmpeg-6.1.1-1.5.10.jar;C:\Users\tranh\.m2\repository\org\bytedeco\ffmpeg\6.1.1-1.5.10\ffmpeg-6.1.1-1.5.10-android-arm64.jar;C:\Users\tranh\.m2\repository\org\bytedeco\ffmpeg\6.1.1-1.5.10\ffmpeg-6.1.1-1.5.10-android-x86_64.jar;C:\Users\tranh\.m2\repository\org\bytedeco\ffmpeg\6.1.1-1.5.10\ffmpeg-6.1.1-1.5.10-linux-x86_64.jar;C:\Users\tranh\.m2\repository\org\bytedeco\ffmpeg\6.1.1-1.5.10\ffmpeg-6.1.1-1.5.10-linux-arm64.jar;C:\Users\tranh\.m2\repository\org\bytedeco\ffmpeg\6.1.1-1.5.10\ffmpeg-6.1.1-1.5.10-linux-ppc64le.jar;C:\Users\tranh\.m2\repository\org\bytedeco\ffmpeg\6.1.1-1.5.10\ffmpeg-6.1.1-1.5.10-macosx-arm64.jar;C:\Users\tranh\.m2\repository\org\bytedeco\ffmpeg\6.1.1-1.5.10\ffmpeg-6.1.1-1.5.10-macosx-x86_64.jar;C:\Users\tranh\.m2\repository\org\bytedeco\ffmpeg\6.1.1-1.5.10\ffmpeg-6.1.1-1.5.10-windows-x86_64.jar
Launcher Type: SUN_STANDARD

[Global flags]
     intx CICompilerCount                          = 12                                        {product} {ergonomic}
     uint ConcGCThreads                            = 3                                         {product} {ergonomic}
     uint G1ConcRefinementThreads                  = 13                                        {product} {ergonomic}
   size_t G1HeapRegionSize                         = 2097152                                   {product} {ergonomic}
    uintx GCDrainStackTargetSize                   = 64                                        {product} {ergonomic}
   size_t InitialHeapSize                          = 260046848                                 {product} {ergonomic}
   size_t MarkStackSize                            = 4194304                                   {product} {ergonomic}
   size_t MaxHeapSize                              = 4139778048                                {product} {ergonomic}
   size_t MaxNewSize                               = 2483027968                                {product} {ergonomic}
   size_t MinHeapDeltaBytes                        = 2097152                                   {product} {ergonomic}
   size_t MinHeapSize                              = 8388608                                   {product} {ergonomic}
    uintx NonNMethodCodeHeapSize                   = 7602480                                {pd product} {ergonomic}
    uintx NonProfiledCodeHeapSize                  = 122027880                              {pd product} {ergonomic}
    uintx ProfiledCodeHeapSize                     = 122027880                              {pd product} {ergonomic}
    uintx ReservedCodeCacheSize                    = 251658240                              {pd product} {ergonomic}
     bool SegmentedCodeCache                       = true                                      {product} {ergonomic}
   size_t SoftMaxHeapSize                          = 4139778048                             {manageable} {ergonomic}
     bool UseCompressedOops                        = true                           {product lp64_product} {ergonomic}
     bool UseG1GC                                  = true                                      {product} {ergonomic}
     bool UseLargePagesIndividualAllocation        = false                                  {pd product} {ergonomic}

Logging:
Log output configuration:
 #0: stdout all=warning uptime,level,tags foldmultilines=false
 #1: stderr all=off uptime,level,tags foldmultilines=false

Environment Variables:
JAVA_HOME=C:\Program Files\Java\jdk-21
PATH=C:\Program Files\Common Files\Oracle\Java\javapath;C:\Windows\system32;C:\Windows;C:\Windows\System32\Wbem;C:\Windows\System32\WindowsPowerShell\v1.0\;C:\Windows\System32\OpenSSH\;C:\Program Files (x86)\NVIDIA Corporation\PhysX\Common;C:\WINDOWS\system32;C:\WINDOWS;C:\WINDOWS\System32\Wbem;C:\WINDOWS\System32\WindowsPowerShell\v1.0\;C:\WINDOWS\System32\OpenSSH\;C:\Program Files\dotnet\;C:\Users\tranh\OneDrive\Documents;C:\Program Files (x86)\Microsoft SQL Server\160\Tools\Binn\;C:\Program Files\Microsoft SQL Server\160\Tools\Binn\;C:\Program Files\Microsoft SQL Server\Client SDK\ODBC\170\Tools\Binn\;C:\Program Files\Microsoft SQL Server\160\DTS\Binn\;C:\Program Files (x86)\Microsoft SQL Server\150\DTS\Binn\;C:\Program Files\Azure Data Studio\bin;C:\xampp\php;C:\composer;C:\xampp\mysql\bin;C:\Program Files\nodejs\;C:\Program Files\Git\cmd;D:\;C:\Program Files\CMake\bin;C:\ProgramData\chocolatey\bin;C:\ProgramData\chocolatey\lib\maven\apache-maven-3.9.9\bin;C:\Users\tranh\AppData\Local\Programs\Python\Python312\Scripts\;C:\Users\tranh\AppData\Local\Programs\Python\Python312\;C:\Users\tranh\AppData\Local\Microsoft\WindowsApps;C:\Users\tranh\AppData\Local\Programs\Microsoft VS Code\bin;C:\Users\tranh\AppData\Roaming\Composer\vendor\bin;C:\Users\tranh\AppData\Roaming\npm;F:\IntelliJ IDEA Community Edition 2024.2.0.1\bin;D:\Program Files (x86)\Python312;;D:\Program Files (x86)\Python312;C:\Program Files\Common Files\Oracle\Java\javapath;C:\Windows\system32;C:\Windows;C:\Windows\System32\Wbem;C:\Windows\System32\WindowsPowerShell\v1.0\;C:\Windows\System32\OpenSSH\;C:\Program Files (x86)\NVIDIA Corporation\PhysX\Common;C:\WINDOWS\system32;C:\WINDOWS;C:\WINDOWS\System32\Wbem;C:\WINDOWS\System32\WindowsPowerShell\v1.0\;C:\WINDOWS\System32\OpenSSH\;C:\Program Files\dotnet\;C:\Users\tranh\OneDrive\Documents;C:\Program Files (x86)\Microsoft SQL Server\160\Tools\Binn\;C:\Program Files\Microsoft SQL Server\160\Tools\Binn\;C:\Program Files\Microsoft SQL Server\Client SDK\ODBC\170\Tools\Binn\;C:\Program Files\Microsoft SQL Server\160\DTS\Binn\;C:\Program Files (x86)\Microsoft SQL Server\150\DTS\Binn\;C:\Program Files\Azure Data Studio\bin;C:\xampp\php;C:\composer;C:\xampp\mysql\bin;C:\Program Files\nodejs\;C:\Program Files\Git\cmd;D:\;C:\Program Files\CMake\bin;C:\ProgramData\chocolatey\bin;C:\ProgramData\chocolatey\lib\maven\apache-maven-3.9.9\bin;C:\Users\tranh\AppData\Local\Programs\Python\Python312\Scripts\;C:\Users\tranh\AppData\Local\Programs\Python\Python312\;C:\Users\tranh\AppData\Local\Microsoft\WindowsApps;C:\Users\tranh\AppData\Local\Programs\Microsoft VS Code\bin;C:\Users\tranh\AppData\Roaming\Composer\vendor\bin;C:\Users\tranh\AppData\Roaming\npm;F:\IntelliJ IDEA Community Edition 2024.2.0.1\bin;D:\Program Files (x86)\Python312;;D:\Program Files (x86)\Python312;;D:\Program Files (x86)\Python312
USERNAME=tranh
OS=Windows_NT
PROCESSOR_IDENTIFIER=AMD64 Family 23 Model 96 Stepping 1, AuthenticAMD
TMP=C:\Users\tranh\AppData\Local\Temp
TEMP=C:\Users\tranh\AppData\Local\Temp




Periodic native trim disabled

---------------  S Y S T E M  ---------------

OS:
 Windows 11 , 64 bit Build 26100 (10.0.26100.2161)
OS uptime: 2 days 9:21 hours
Hyper-V role detected

CPU: total 16 (initial active 16) (16 cores per cpu, 2 threads per core) family 23 model 96 stepping 1 microcode 0x8600106, cx8, cmov, fxsr, ht, mmx, 3dnowpref, sse, sse2, sse3, ssse3, sse4a, sse4.1, sse4.2, popcnt, lzcnt, tsc, tscinvbit, avx, avx2, aes, clmul, bmi1, bmi2, adx, sha, fma, vzeroupper, clflush, clflushopt, hv, rdtscp, rdpid, f16c
Processor Information for all 16 processors :
  Max Mhz: 2901, Current Mhz: 2901, Mhz Limit: 2901

Memory: 4k page, system-wide physical 15791M (2832M free)
TotalPageFile size 22409M (AvailPageFile size 16M)
current process WorkingSet (physical memory assigned to process): 293M, peak: 293M
current process commit charge ("private bytes"): 2523M, peak: 2651M

vm_info: Java HotSpot(TM) 64-Bit Server VM (21.0.1+12-LTS-29) for windows-amd64 JRE (21.0.1+12-LTS-29), built on 2023-10-05T13:27:09Z by "mach5one" with MS VC++ 17.1 (VS2022)

END.
