#
# There is insufficient memory for the Java Runtime Environment to continue.
# Native memory allocation (mmap) failed to map 260046848 bytes for G1 virtual space
# Possible reasons:
#   The system is out of physical RAM or swap space
#   The process is running with CompressedOops enabled, and the Java Heap may be blocking the growth of the native heap
# Possible solutions:
#   Reduce memory load on the system
#   Increase physical memory or swap space
#   Check if swap backing store is full
#   Decrease Java heap size (-Xmx/-Xms)
#   Decrease number of Java threads
#   Decrease Java thread stack sizes (-Xss)
#   Set larger code cache with -XX:ReservedCodeCacheSize=
#   JVM is running with Zero Based Compressed Oops mode in which the Java heap is
#     placed in the first 32GB address space. The Java Heap base address is the
#     maximum limit for the native heap growth. Please use -XX:HeapBaseMinAddress
#     to set the Java Heap base and to place the Java Heap above 32GB virtual address.
# This output file may be truncated or incomplete.
#
#  Out of Memory Error (os_windows.cpp:3600), pid=27496, tid=25456
#
# JRE version:  (21.0.1+12) (build )
# Java VM: Java HotSpot(TM) 64-Bit Server VM (21.0.1+12-LTS-29, mixed mode, sharing, tiered, compressed oops, compressed class ptrs, g1 gc, windows-amd64)
# No core dump will be written. Minidumps are not enabled by default on client versions of Windows
#

---------------  S U M M A R Y ------------

Command Line: -Dclassworlds.conf=C:\ProgramData\chocolatey\lib\maven\apache-maven-3.9.9\bin\m2.conf -Dmaven.home=C:\ProgramData\chocolatey\lib\maven\apache-maven-3.9.9 -Dlibrary.jansi.path=C:\ProgramData\chocolatey\lib\maven\apache-maven-3.9.9\lib\jansi-native -Dmaven.multiModuleProjectDirectory=F:\Workspace\Streaming org.codehaus.plexus.classworlds.launcher.Launcher exec:java -Dexec .mainClass=org.example.client.LivestreamClient

Host: AMD Ryzen 7 4800H with Radeon Graphics         , 16 cores, 15G,  Windows 11 , 64 bit Build 26100 (10.0.26100.2161)
Time: Thu Oct 31 20:28:13 2024 SE Asia Standard Time elapsed time: 0.012921 seconds (0d 0h 0m 0s)

---------------  T H R E A D  ---------------

Current thread (0x000001afcb1e39c0):  JavaThread "Unknown thread" [_thread_in_vm, id=25456, stack(0x0000003ad6c00000,0x0000003ad6d00000) (1024K)]

Stack: [0x0000003ad6c00000,0x0000003ad6d00000]
Native frames: (J=compiled Java code, j=interpreted, Vv=VM code, C=native code)
V  [jvm.dll+0x6c9029]
V  [jvm.dll+0x854b81]
V  [jvm.dll+0x856e5e]
V  [jvm.dll+0x857543]
V  [jvm.dll+0x280c06]
V  [jvm.dll+0x6c5715]
V  [jvm.dll+0x6ba10a]
V  [jvm.dll+0x3557ea]
V  [jvm.dll+0x35d436]
V  [jvm.dll+0x3ae1be]
V  [jvm.dll+0x3ae468]
V  [jvm.dll+0x3291fc]
V  [jvm.dll+0x329d8b]
V  [jvm.dll+0x81d179]
V  [jvm.dll+0x3bb4f1]
V  [jvm.dll+0x805ae8]
V  [jvm.dll+0x44effe]
V  [jvm.dll+0x450901]
C  [jli.dll+0x52a3]
C  [ucrtbase.dll+0x14ea0]
C  [KERNEL32.DLL+0x2dbe7]
C  [ntdll.dll+0xdfbec]


---------------  P R O C E S S  ---------------

Threads class SMR info:
_java_thread_list=0x00007fff772d9b88, length=0, elements={
}

Java Threads: ( => current thread )
Total: 0

Other Threads:
  0x000001afcd58ffb0 WorkerThread "GC Thread#0"                     [id=31672, stack(0x0000003ad6d00000,0x0000003ad6e00000) (1024K)]
  0x000001afcd5a0560 ConcurrentGCThread "G1 Main Marker"            [id=27464, stack(0x0000003ad6e00000,0x0000003ad6f00000) (1024K)]
  0x000001afcd5a3d00 WorkerThread "G1 Conc#0"                       [id=24044, stack(0x0000003ad6f00000,0x0000003ad7000000) (1024K)]

[error occurred during error reporting (printing all threads), id 0xc0000005, EXCEPTION_ACCESS_VIOLATION (0xc0000005) at pc=0x00007fff76a4c2c7]
VM state: not at safepoint (not fully initialized)

VM Mutex/Monitor currently owned by a thread:  ([mutex/lock_event])
[0x00007fff7734a6f8] Heap_lock - owner thread: 0x000001afcb1e39c0

Heap address: 0x0000000709400000, size: 3948 MB, Compressed Oops mode: Zero based, Oop shift amount: 3

CDS archive(s) mapped at: [0x0000000000000000-0x0000000000000000-0x0000000000000000), size 0, SharedBaseAddress: 0x0000000800000000, ArchiveRelocationMode: 1.
Narrow klass base: 0x0000000000000000, Narrow klass shift: 0, Narrow klass range: 0x0

GC Precious Log:
 CardTable entry size: 512
 Card Set container configuration: InlinePtr #cards 4 size 8 Array Of Cards #cards 16 size 48 Howl #buckets 8 coarsen threshold 3686 Howl Bitmap #cards 512 size 80 coarsen threshold 460 Card regions per heap region 1 cards per card region 4096

Heap:
 garbage-first heap   total 0K, used 0K [0x0000000709400000, 0x0000000800000000)
  region size 2048K, 0 young (0K), 0 survivors (0K)

[error occurred during error reporting (printing heap information), id 0xc0000005, EXCEPTION_ACCESS_VIOLATION (0xc0000005) at pc=0x00007fff76e31be9]
GC Heap History (0 events):
No events

Dll operation events (1 events):
Event: 0.007 Loaded shared library C:\Program Files\Java\jdk-21\bin\java.dll

Deoptimization events (0 events):
No events

Classes loaded (0 events):
No events

Classes unloaded (0 events):
No events

Classes redefined (0 events):
No events

Internal exceptions (0 events):
No events

ZGC Phase Switch (0 events):
No events

VM Operations (0 events):
No events

Events (0 events):
No events


Dynamic libraries:
0x00007ff747cc0000 - 0x00007ff747cd0000 	C:\Program Files\Java\jdk-21\bin\java.exe
0x00007fffe2de0000 - 0x00007fffe3043000 	C:\WINDOWS\SYSTEM32\ntdll.dll
0x00007fffe2290000 - 0x00007fffe2358000 	C:\WINDOWS\System32\KERNEL32.DLL
0x00007fffe0410000 - 0x00007fffe07c1000 	C:\WINDOWS\System32\KERNELBASE.dll
0x00007fffe01d0000 - 0x00007fffe031b000 	C:\WINDOWS\System32\ucrtbase.dll
0x00007fffdac40000 - 0x00007fffdac5b000 	C:\Program Files\Java\jdk-21\bin\VCRUNTIME140.dll
0x00007fffd7460000 - 0x00007fffd7479000 	C:\Program Files\Java\jdk-21\bin\jli.dll
0x00007fffe2b50000 - 0x00007fffe2c04000 	C:\WINDOWS\System32\ADVAPI32.dll
0x00007fffe2010000 - 0x00007fffe20b9000 	C:\WINDOWS\System32\msvcrt.dll
0x00007fffe2360000 - 0x00007fffe2406000 	C:\WINDOWS\System32\sechost.dll
0x00007fffe1b70000 - 0x00007fffe1c86000 	C:\WINDOWS\System32\RPCRT4.dll
0x00007fffe1e20000 - 0x00007fffe1fe8000 	C:\WINDOWS\System32\USER32.dll
0x00007fffe0320000 - 0x00007fffe0347000 	C:\WINDOWS\System32\win32u.dll
0x00007fffccda0000 - 0x00007fffcd030000 	C:\WINDOWS\WinSxS\amd64_microsoft.windows.common-controls_6595b64144ccf1df_6.0.26100.2161_none_3e0cadb0e33078e1\COMCTL32.dll
0x00007fffe0c50000 - 0x00007fffe0c7a000 	C:\WINDOWS\System32\GDI32.dll
0x00007fffe0a80000 - 0x00007fffe0ba5000 	C:\WINDOWS\System32\gdi32full.dll
0x00007fffe0850000 - 0x00007fffe08f3000 	C:\WINDOWS\System32\msvcp_win.dll
0x00007fffd8610000 - 0x00007fffd861b000 	C:\WINDOWS\SYSTEM32\VERSION.dll
0x00007fffe2c70000 - 0x00007fffe2c9f000 	C:\WINDOWS\System32\IMM32.DLL
0x00007fffdcd10000 - 0x00007fffdcd1c000 	C:\Program Files\Java\jdk-21\bin\vcruntime140_1.dll
0x00007fffaf270000 - 0x00007fffaf2fe000 	C:\Program Files\Java\jdk-21\bin\msvcp140.dll
0x00007fff76710000 - 0x00007fff77425000 	C:\Program Files\Java\jdk-21\bin\server\jvm.dll
0x00007fffe19d0000 - 0x00007fffe1a44000 	C:\WINDOWS\System32\WS2_32.dll
0x00007fffdfeb0000 - 0x00007fffdfefe000 	C:\WINDOWS\SYSTEM32\POWRPROF.dll
0x00007fffd72e0000 - 0x00007fffd7316000 	C:\WINDOWS\SYSTEM32\WINMM.dll
0x00007fffdfe90000 - 0x00007fffdfea4000 	C:\WINDOWS\SYSTEM32\UMPDC.dll
0x00007fffdf000000 - 0x00007fffdf01a000 	C:\WINDOWS\SYSTEM32\kernel.appcore.dll
0x00007fffdbf50000 - 0x00007fffdbf5a000 	C:\Program Files\Java\jdk-21\bin\jimage.dll
0x00007fffddab0000 - 0x00007fffddcf1000 	C:\WINDOWS\SYSTEM32\DBGHELP.DLL
0x00007fffe1070000 - 0x00007fffe13ed000 	C:\WINDOWS\System32\combase.dll
0x00007fffe1d40000 - 0x00007fffe1e16000 	C:\WINDOWS\System32\OLEAUT32.dll
0x00007fffcc500000 - 0x00007fffcc539000 	C:\WINDOWS\SYSTEM32\dbgcore.DLL
0x00007fffe0bb0000 - 0x00007fffe0c49000 	C:\WINDOWS\System32\bcryptPrimitives.dll
0x00007fffcab50000 - 0x00007fffcab6f000 	C:\Program Files\Java\jdk-21\bin\java.dll

dbghelp: loaded successfully - version: 4.0.5 - missing functions: none
symbol engine: initialized successfully - sym options: 0x614 - pdb path: .;C:\Program Files\Java\jdk-21\bin;C:\WINDOWS\SYSTEM32;C:\WINDOWS\WinSxS\amd64_microsoft.windows.common-controls_6595b64144ccf1df_6.0.26100.2161_none_3e0cadb0e33078e1;C:\Program Files\Java\jdk-21\bin\server

VM Arguments:
jvm_args: -Dclassworlds.conf=C:\ProgramData\chocolatey\lib\maven\apache-maven-3.9.9\bin\m2.conf -Dmaven.home=C:\ProgramData\chocolatey\lib\maven\apache-maven-3.9.9 -Dlibrary.jansi.path=C:\ProgramData\chocolatey\lib\maven\apache-maven-3.9.9\lib\jansi-native -Dmaven.multiModuleProjectDirectory=F:\Workspace\Streaming 
java_command: org.codehaus.plexus.classworlds.launcher.Launcher exec:java -Dexec .mainClass=org.example.client.LivestreamClient
java_class_path (initial): C:\ProgramData\chocolatey\lib\maven\apache-maven-3.9.9\boot\plexus-classworlds-2.8.0.jar
Launcher Type: SUN_STANDARD

[Global flags]
     intx CICompilerCount                          = 12                                        {product} {ergonomic}
     uint ConcGCThreads                            = 3                                         {product} {ergonomic}
     uint G1ConcRefinementThreads                  = 13                                        {product} {ergonomic}
   size_t G1HeapRegionSize                         = 2097152                                   {product} {ergonomic}
    uintx GCDrainStackTargetSize                   = 64                                        {product} {ergonomic}
   size_t InitialHeapSize                          = 260046848                                 {product} {ergonomic}
   size_t MarkStackSize                            = 4194304                                   {product} {ergonomic}
   size_t MaxHeapSize                              = 4139778048                                {product} {ergonomic}
   size_t MinHeapDeltaBytes                        = 2097152                                   {product} {ergonomic}
   size_t MinHeapSize                              = 8388608                                   {product} {ergonomic}
    uintx NonNMethodCodeHeapSize                   = 7602480                                {pd product} {ergonomic}
    uintx NonProfiledCodeHeapSize                  = 122027880                              {pd product} {ergonomic}
    uintx ProfiledCodeHeapSize                     = 122027880                              {pd product} {ergonomic}
    uintx ReservedCodeCacheSize                    = 251658240                              {pd product} {ergonomic}
     bool SegmentedCodeCache                       = true                                      {product} {ergonomic}
   size_t SoftMaxHeapSize                          = 4139778048                             {manageable} {ergonomic}
     bool UseCompressedOops                        = true                           {product lp64_product} {ergonomic}
     bool UseG1GC                                  = true                                      {product} {ergonomic}
     bool UseLargePagesIndividualAllocation        = false                                  {pd product} {ergonomic}

Logging:
Log output configuration:
 #0: stdout all=warning uptime,level,tags foldmultilines=false
 #1: stderr all=off uptime,level,tags foldmultilines=false

Environment Variables:
JAVA_HOME=C:\Program Files\Java\jdk-21
PATH=C:\Program Files\Common Files\Oracle\Java\javapath;C:\Windows\system32;C:\Windows;C:\Windows\System32\Wbem;C:\Windows\System32\WindowsPowerShell\v1.0\;C:\Windows\System32\OpenSSH\;C:\Program Files (x86)\NVIDIA Corporation\PhysX\Common;C:\WINDOWS\system32;C:\WINDOWS;C:\WINDOWS\System32\Wbem;C:\WINDOWS\System32\WindowsPowerShell\v1.0\;C:\WINDOWS\System32\OpenSSH\;C:\Program Files\dotnet\;C:\Users\tranh\OneDrive\Documents;C:\Program Files (x86)\Microsoft SQL Server\160\Tools\Binn\;C:\Program Files\Microsoft SQL Server\160\Tools\Binn\;C:\Program Files\Microsoft SQL Server\Client SDK\ODBC\170\Tools\Binn\;C:\Program Files\Microsoft SQL Server\160\DTS\Binn\;C:\Program Files (x86)\Microsoft SQL Server\150\DTS\Binn\;C:\Program Files\Azure Data Studio\bin;C:\xampp\php;C:\composer;C:\xampp\mysql\bin;C:\Program Files\nodejs\;C:\Program Files\Git\cmd;D:\;C:\Program Files\CMake\bin;C:\ProgramData\chocolatey\bin;C:\ProgramData\chocolatey\lib\maven\apache-maven-3.9.9\bin;C:\Users\tranh\AppData\Local\Programs\Python\Python312\Scripts\;C:\Users\tranh\AppData\Local\Programs\Python\Python312\;C:\Users\tranh\AppData\Local\Microsoft\WindowsApps;C:\Users\tranh\AppData\Local\Programs\Microsoft VS Code\bin;C:\Users\tranh\AppData\Roaming\Composer\vendor\bin;C:\Users\tranh\AppData\Roaming\npm;F:\IntelliJ IDEA Community Edition 2024.2.0.1\bin;D:\Program Files (x86)\Python312;;D:\Program Files (x86)\Python312;C:\Program Files\Common Files\Oracle\Java\javapath;C:\Windows\system32;C:\Windows;C:\Windows\System32\Wbem;C:\Windows\System32\WindowsPowerShell\v1.0\;C:\Windows\System32\OpenSSH\;C:\Program Files (x86)\NVIDIA Corporation\PhysX\Common;C:\WINDOWS\system32;C:\WINDOWS;C:\WINDOWS\System32\Wbem;C:\WINDOWS\System32\WindowsPowerShell\v1.0\;C:\WINDOWS\System32\OpenSSH\;C:\Program Files\dotnet\;C:\Users\tranh\OneDrive\Documents;C:\Program Files (x86)\Microsoft SQL Server\160\Tools\Binn\;C:\Program Files\Microsoft SQL Server\160\Tools\Binn\;C:\Program Files\Microsoft SQL Server\Client SDK\ODBC\170\Tools\Binn\;C:\Program Files\Microsoft SQL Server\160\DTS\Binn\;C:\Program Files (x86)\Microsoft SQL Server\150\DTS\Binn\;C:\Program Files\Azure Data Studio\bin;C:\xampp\php;C:\composer;C:\xampp\mysql\bin;C:\Program Files\nodejs\;C:\Program Files\Git\cmd;D:\;C:\Program Files\CMake\bin;C:\ProgramData\chocolatey\bin;C:\ProgramData\chocolatey\lib\maven\apache-maven-3.9.9\bin;C:\Users\tranh\AppData\Local\Programs\Python\Python312\Scripts\;C:\Users\tranh\AppData\Local\Programs\Python\Python312\;C:\Users\tranh\AppData\Local\Microsoft\WindowsApps;C:\Users\tranh\AppData\Local\Programs\Microsoft VS Code\bin;C:\Users\tranh\AppData\Roaming\Composer\vendor\bin;C:\Users\tranh\AppData\Roaming\npm;F:\IntelliJ IDEA Community Edition 2024.2.0.1\bin;D:\Program Files (x86)\Python312;;D:\Program Files (x86)\Python312;;D:\Program Files (x86)\Python312
USERNAME=tranh
LANG=en_US.UTF-8
OS=Windows_NT
PROCESSOR_IDENTIFIER=AMD64 Family 23 Model 96 Stepping 1, AuthenticAMD
TMP=C:\Users\tranh\AppData\Local\Temp
TEMP=C:\Users\tranh\AppData\Local\Temp




Periodic native trim disabled

---------------  S Y S T E M  ---------------

OS:
 Windows 11 , 64 bit Build 26100 (10.0.26100.2161)
OS uptime: 2 days 11:04 hours
Hyper-V role detected

CPU: total 16 (initial active 16) (16 cores per cpu, 2 threads per core) family 23 model 96 stepping 1 microcode 0x8600106, cx8, cmov, fxsr, ht, mmx, 3dnowpref, sse, sse2, sse3, ssse3, sse4a, sse4.1, sse4.2, popcnt, lzcnt, tsc, tscinvbit, avx, avx2, aes, clmul, bmi1, bmi2, adx, sha, fma, vzeroupper, clflush, clflushopt, hv, rdtscp, rdpid, f16c
Processor Information for all 16 processors :
  Max Mhz: 2901, Current Mhz: 2901, Mhz Limit: 2901

Memory: 4k page, system-wide physical 15791M (1783M free)
TotalPageFile size 22606M (AvailPageFile size 115M)
current process WorkingSet (physical memory assigned to process): 12M, peak: 12M
current process commit charge ("private bytes"): 71M, peak: 318M

vm_info: Java HotSpot(TM) 64-Bit Server VM (21.0.1+12-LTS-29) for windows-amd64 JRE (21.0.1+12-LTS-29), built on 2023-10-05T13:27:09Z by "mach5one" with MS VC++ 17.1 (VS2022)

END.
