#
# There is insufficient memory for the Java Runtime Environment to continue.
# Native memory allocation (malloc) failed to allocate 32744 bytes for Chunk::new
# Possible reasons:
#   The system is out of physical RAM or swap space
#   The process is running with CompressedOops enabled, and the Java Heap may be blocking the growth of the native heap
# Possible solutions:
#   Reduce memory load on the system
#   Increase physical memory or swap space
#   Check if swap backing store is full
#   Decrease Java heap size (-Xmx/-Xms)
#   Decrease number of Java threads
#   Decrease Java thread stack sizes (-Xss)
#   Set larger code cache with -XX:ReservedCodeCacheSize=
#   JVM is running with Zero Based Compressed Oops mode in which the Java heap is
#     placed in the first 32GB address space. The Java Heap base address is the
#     maximum limit for the native heap growth. Please use -XX:HeapBaseMinAddress
#     to set the Java Heap base and to place the Java Heap above 32GB virtual address.
# This output file may be truncated or incomplete.
#
#  Out of Memory Error (arena.cpp:168), pid=17480, tid=19240
#
# JRE version: Java(TM) SE Runtime Environment (21.0.1+12) (build 21.0.1+12-LTS-29)
# Java VM: Java HotSpot(TM) 64-Bit Server VM (21.0.1+12-LTS-29, mixed mode, sharing, tiered, compressed oops, compressed class ptrs, g1 gc, windows-amd64)
# No core dump will be written. Minidumps are not enabled by default on client versions of Windows
#

---------------  S U M M A R Y ------------

Command Line: -javaagent:F:\IntelliJ IDEA Community Edition 2024.2.0.1\lib\idea_rt.jar=54877:F:\IntelliJ IDEA Community Edition 2024.2.0.1\bin -Dfile.encoding=UTF-8 -Dsun.stdout.encoding=UTF-8 -Dsun.stderr.encoding=UTF-8 org.example.server.LivestreamServerMain

Host: AMD Ryzen 7 4800H with Radeon Graphics         , 16 cores, 15G,  Windows 11 , 64 bit Build 26100 (10.0.26100.2454)
Time: Fri Dec 13 04:01:40 2024 SE Asia Standard Time elapsed time: 6952.284140 seconds (0d 1h 55m 52s)

---------------  T H R E A D  ---------------

Current thread (0x000002a6c81aa960):  JavaThread "C1 CompilerThread0" daemon [_thread_in_native, id=19240, stack(0x000000e996000000,0x000000e996100000) (1024K)]


Current CompileTask:
C1:6952284 3576       3       jdk.internal.reflect.Reflection::verifyMemberAccess (200 bytes)

Stack: [0x000000e996000000,0x000000e996100000]
Native frames: (J=compiled Java code, j=interpreted, Vv=VM code, C=native code)
V  [jvm.dll+0x6c9029]
V  [jvm.dll+0x854b81]
V  [jvm.dll+0x856e5e]
V  [jvm.dll+0x857543]
V  [jvm.dll+0x280c06]
V  [jvm.dll+0xc3ead]
V  [jvm.dll+0xc43c3]
V  [jvm.dll+0x13ef0e]
V  [jvm.dll+0x13e2a7]
V  [jvm.dll+0x19a3ed]
V  [jvm.dll+0x19afd6]
V  [jvm.dll+0x154753]
V  [jvm.dll+0x154008]
V  [jvm.dll+0x154244]
V  [jvm.dll+0x153686]
V  [jvm.dll+0x1553ed]
V  [jvm.dll+0x2586b9]
V  [jvm.dll+0x256c9a]
V  [jvm.dll+0x3ef1b6]
V  [jvm.dll+0x7fd728]
V  [jvm.dll+0x6c777d]
C  [ucrtbase.dll+0x14ea0]
C  [KERNEL32.DLL+0x2e8d7]
C  [ntdll.dll+0xdfbcc]


---------------  P R O C E S S  ---------------

Threads class SMR info:
_java_thread_list=0x000002a70e4f82c0, length=33, elements={
0x000002a6c7c423a0, 0x000002a6c7c42e00, 0x000002a6c7c45c00, 0x000002a6c7c468c0,
0x000002a6c7c476d0, 0x000002a6c7c49140, 0x000002a6c7c4c010, 0x000002a6c81aa960,
0x000002a6c83b8840, 0x000002a70e0cc970, 0x000002a70e0ccfe0, 0x000002a6c8b4c2c0,
0x000002a70e28cf40, 0x000002a6a6301130, 0x000002a70e102ce0, 0x000002a6c8cded60,
0x000002a70e1076e0, 0x000002a70e107d50, 0x000002a6c8c3b570, 0x000002a6c8c39b30,
0x000002a6c8c394a0, 0x000002a6c8c38e10, 0x000002a6c8c3a1c0, 0x000002a6c8c38780,
0x000002a6c8c3a850, 0x000002a6c8c3aee0, 0x000002a6c8c380f0, 0x000002a70e592be0,
0x000002a70e593f90, 0x000002a70e592550, 0x000002a70e5966f0, 0x000002a70e5959d0,
0x000002a70e593900
}

Java Threads: ( => current thread )
  0x000002a6c7c423a0 JavaThread "Reference Handler"          daemon [_thread_blocked, id=3536, stack(0x000000e995900000,0x000000e995a00000) (1024K)]
  0x000002a6c7c42e00 JavaThread "Finalizer"                  daemon [_thread_blocked, id=22384, stack(0x000000e995a00000,0x000000e995b00000) (1024K)]
  0x000002a6c7c45c00 JavaThread "Signal Dispatcher"          daemon [_thread_blocked, id=10260, stack(0x000000e995b00000,0x000000e995c00000) (1024K)]
  0x000002a6c7c468c0 JavaThread "Attach Listener"            daemon [_thread_blocked, id=24688, stack(0x000000e995c00000,0x000000e995d00000) (1024K)]
  0x000002a6c7c476d0 JavaThread "Service Thread"             daemon [_thread_blocked, id=4136, stack(0x000000e995d00000,0x000000e995e00000) (1024K)]
  0x000002a6c7c49140 JavaThread "Monitor Deflation Thread"   daemon [_thread_blocked, id=16552, stack(0x000000e995e00000,0x000000e995f00000) (1024K)]
  0x000002a6c7c4c010 JavaThread "C2 CompilerThread0"         daemon [_thread_in_native, id=22000, stack(0x000000e995f00000,0x000000e996000000) (1024K)]
=>0x000002a6c81aa960 JavaThread "C1 CompilerThread0"         daemon [_thread_in_native, id=19240, stack(0x000000e996000000,0x000000e996100000) (1024K)]
  0x000002a6c83b8840 JavaThread "Common-Cleaner"             daemon [_thread_blocked, id=19072, stack(0x000000e996100000,0x000000e996200000) (1024K)]
  0x000002a70e0cc970 JavaThread "Monitor Ctrl-Break"         daemon [_thread_in_native, id=14172, stack(0x000000e996400000,0x000000e996500000) (1024K)]
  0x000002a70e0ccfe0 JavaThread "Notification Thread"        daemon [_thread_blocked, id=7788, stack(0x000000e996500000,0x000000e996600000) (1024K)]
  0x000002a6c8b4c2c0 JavaThread "Thread-0"                          [_thread_in_native, id=14568, stack(0x000000e996600000,0x000000e996700000) (1024K)]
  0x000002a70e28cf40 JavaThread "WebSocketSelector-47"              [_thread_in_native, id=19424, stack(0x000000e996800000,0x000000e996900000) (1024K)]
  0x000002a6a6301130 JavaThread "DestroyJavaVM"                     [_thread_blocked, id=13956, stack(0x000000e995100000,0x000000e995200000) (1024K)]
  0x000002a70e102ce0 JavaThread "connectionLostChecker-1"           [_thread_blocked, id=9124, stack(0x000000e996a00000,0x000000e996b00000) (1024K)]
  0x000002a6c8cded60 JavaThread "WebSocketWorker-31"                [_thread_blocked, id=20240, stack(0x000000e996b00000,0x000000e996c00000) (1024K)]
  0x000002a70e1076e0 JavaThread "WebSocketWorker-32"                [_thread_blocked, id=4088, stack(0x000000e996c00000,0x000000e996d00000) (1024K)]
  0x000002a70e107d50 JavaThread "WebSocketWorker-33"                [_thread_blocked, id=1744, stack(0x000000e996d00000,0x000000e996e00000) (1024K)]
  0x000002a6c8c3b570 JavaThread "WebSocketWorker-34"                [_thread_blocked, id=24988, stack(0x000000e996e00000,0x000000e996f00000) (1024K)]
  0x000002a6c8c39b30 JavaThread "WebSocketWorker-35"                [_thread_blocked, id=20268, stack(0x000000e996f00000,0x000000e997000000) (1024K)]
  0x000002a6c8c394a0 JavaThread "WebSocketWorker-36"                [_thread_blocked, id=25180, stack(0x000000e997000000,0x000000e997100000) (1024K)]
  0x000002a6c8c38e10 JavaThread "WebSocketWorker-37"                [_thread_blocked, id=15600, stack(0x000000e997100000,0x000000e997200000) (1024K)]
  0x000002a6c8c3a1c0 JavaThread "WebSocketWorker-38"                [_thread_blocked, id=6044, stack(0x000000e997200000,0x000000e997300000) (1024K)]
  0x000002a6c8c38780 JavaThread "WebSocketWorker-39"                [_thread_blocked, id=21724, stack(0x000000e997300000,0x000000e997400000) (1024K)]
  0x000002a6c8c3a850 JavaThread "WebSocketWorker-40"                [_thread_blocked, id=24820, stack(0x000000e997400000,0x000000e997500000) (1024K)]
  0x000002a6c8c3aee0 JavaThread "WebSocketWorker-41"                [_thread_blocked, id=15668, stack(0x000000e997500000,0x000000e997600000) (1024K)]
  0x000002a6c8c380f0 JavaThread "WebSocketWorker-42"                [_thread_blocked, id=13456, stack(0x000000e997600000,0x000000e997700000) (1024K)]
  0x000002a70e592be0 JavaThread "WebSocketWorker-43"                [_thread_blocked, id=17608, stack(0x000000e997700000,0x000000e997800000) (1024K)]
  0x000002a70e593f90 JavaThread "WebSocketWorker-44"                [_thread_blocked, id=1844, stack(0x000000e997800000,0x000000e997900000) (1024K)]
  0x000002a70e592550 JavaThread "WebSocketWorker-45"                [_thread_blocked, id=20776, stack(0x000000e997900000,0x000000e997a00000) (1024K)]
  0x000002a70e5966f0 JavaThread "WebSocketWorker-46"                [_thread_blocked, id=17988, stack(0x000000e997a00000,0x000000e997b00000) (1024K)]
  0x000002a70e5959d0 JavaThread "mysql-cj-abandoned-connection-cleanup" daemon [_thread_blocked, id=20336, stack(0x000000e996200000,0x000000e996300000) (1024K)]
  0x000002a70e593900 JavaThread "pool-18-thread-1"                  [_thread_blocked, id=19508, stack(0x000000e994e00000,0x000000e994f00000) (1024K)]
Total: 33

Other Threads:
  0x000002a6c7c24660 VMThread "VM Thread"                           [id=17844, stack(0x000000e995800000,0x000000e995900000) (1024K)]
  0x000002a6c7c03330 WatcherThread "VM Periodic Task Thread"        [id=8356, stack(0x000000e995700000,0x000000e995800000) (1024K)]
  0x000002a6a7f709e0 WorkerThread "GC Thread#0"                     [id=14260, stack(0x000000e995200000,0x000000e995300000) (1024K)]
  0x000002a6c8c3e830 WorkerThread "GC Thread#1"                     [id=13444, stack(0x000000e997b00000,0x000000e997c00000) (1024K)]
  0x000002a70e497190 WorkerThread "GC Thread#2"                     [id=23292, stack(0x000000e997c00000,0x000000e997d00000) (1024K)]
  0x000002a70e497530 WorkerThread "GC Thread#3"                     [id=13460, stack(0x000000e997d00000,0x000000e997e00000) (1024K)]
  0x000002a70e4978d0 WorkerThread "GC Thread#4"                     [id=22296, stack(0x000000e997e00000,0x000000e997f00000) (1024K)]
  0x000002a6c859ebb0 WorkerThread "GC Thread#5"                     [id=20872, stack(0x000000e997f00000,0x000000e998000000) (1024K)]
  0x000002a70e62baf0 WorkerThread "GC Thread#6"                     [id=15708, stack(0x000000e998000000,0x000000e998100000) (1024K)]
  0x000002a6c8b37380 WorkerThread "GC Thread#7"                     [id=21956, stack(0x000000e998100000,0x000000e998200000) (1024K)]
  0x000002a6c8b37b20 WorkerThread "GC Thread#8"                     [id=6844, stack(0x000000e998200000,0x000000e998300000) (1024K)]
  0x000002a6c8b384d0 WorkerThread "GC Thread#9"                     [id=2196, stack(0x000000e998300000,0x000000e998400000) (1024K)]
  0x000002a6c8b96d10 WorkerThread "GC Thread#10"                    [id=6296, stack(0x000000e998400000,0x000000e998500000) (1024K)]
  0x000002a6c8b95750 WorkerThread "GC Thread#11"                    [id=13392, stack(0x000000e998500000,0x000000e998600000) (1024K)]
  0x000002a6c8b96230 WorkerThread "GC Thread#12"                    [id=24000, stack(0x000000e998600000,0x000000e998700000) (1024K)]
  0x000002a6a7f81080 ConcurrentGCThread "G1 Main Marker"            [id=20024, stack(0x000000e995300000,0x000000e995400000) (1024K)]
  0x000002a6a7f82a00 WorkerThread "G1 Conc#0"                       [id=18704, stack(0x000000e995400000,0x000000e995500000) (1024K)]
  0x000002a6c7ad0aa0 ConcurrentGCThread "G1 Refine#0"               [id=15228, stack(0x000000e995500000,0x000000e995600000) (1024K)]
  0x000002a6c7ad43d0 ConcurrentGCThread "G1 Service"                [id=23480, stack(0x000000e995600000,0x000000e995700000) (1024K)]
Total: 19

Threads with active compile tasks:
C2 CompilerThread0  6952303 3578 %     4       sun.security.ssl.SSLConfiguration::getEnabledExtensions @ 19 (79 bytes)
C1 CompilerThread0  6952303 3576       3       jdk.internal.reflect.Reflection::verifyMemberAccess (200 bytes)
Total: 2

VM state: not at safepoint (normal execution)

VM Mutex/Monitor currently owned by a thread: None

Heap address: 0x0000000709400000, size: 3948 MB, Compressed Oops mode: Zero based, Oop shift amount: 3

CDS archive(s) mapped at: [0x000002a6c9000000-0x000002a6c9c90000-0x000002a6c9c90000), size 13172736, SharedBaseAddress: 0x000002a6c9000000, ArchiveRelocationMode: 1.
Compressed class space mapped at: 0x000002a6ca000000-0x000002a70a000000, reserved size: 1073741824
Narrow klass base: 0x000002a6c9000000, Narrow klass shift: 0, Narrow klass range: 0x100000000

GC Precious Log:
 CardTable entry size: 512
 Card Set container configuration: InlinePtr #cards 4 size 8 Array Of Cards #cards 16 size 48 Howl #buckets 8 coarsen threshold 3686 Howl Bitmap #cards 512 size 80 coarsen threshold 460 Card regions per heap region 1 cards per card region 4096
 CPUs: 16 total, 16 available
 Memory: 15791M
 Large Page Support: Disabled
 NUMA Support: Disabled
 Compressed Oops: Enabled (Zero based)
 Heap Region Size: 2M
 Heap Min Capacity: 8M
 Heap Initial Capacity: 248M
 Heap Max Capacity: 3948M
 Pre-touch: Disabled
 Parallel Workers: 13
 Concurrent Workers: 3
 Concurrent Refinement Workers: 13
 Periodic GC: Disabled

Heap:
 garbage-first heap   total 253952K, used 49903K [0x0000000709400000, 0x0000000800000000)
  region size 2048K, 22 young (45056K), 2 survivors (4096K)
 Metaspace       used 12978K, committed 13248K, reserved 1114112K
  class space    used 1279K, committed 1408K, reserved 1048576K

Heap Regions: E=young(eden), S=young(survivor), O=old, HS=humongous(starts), HC=humongous(continues), CS=collection set, F=free, TAMS=top-at-mark-start, PB=parsable bottom
|   0|0x0000000709400000, 0x0000000709600000, 0x0000000709600000|100%| O|  |TAMS 0x0000000709400000| PB 0x0000000709400000| Untracked 
|   1|0x0000000709600000, 0x0000000709800000, 0x0000000709800000|100%| O|  |TAMS 0x0000000709600000| PB 0x0000000709600000| Untracked 
|   2|0x0000000709800000, 0x0000000709a00000, 0x0000000709a00000|100%| O|  |TAMS 0x0000000709800000| PB 0x0000000709800000| Untracked 
|   3|0x0000000709a00000, 0x0000000709b75d60, 0x0000000709c00000| 73%| O|  |TAMS 0x0000000709a00000| PB 0x0000000709a00000| Untracked 
|   4|0x0000000709c00000, 0x0000000709c00000, 0x0000000709e00000|  0%| F|  |TAMS 0x0000000709c00000| PB 0x0000000709c00000| Untracked 
|   5|0x0000000709e00000, 0x0000000709e00000, 0x000000070a000000|  0%| F|  |TAMS 0x0000000709e00000| PB 0x0000000709e00000| Untracked 
|   6|0x000000070a000000, 0x000000070a000000, 0x000000070a200000|  0%| F|  |TAMS 0x000000070a000000| PB 0x000000070a000000| Untracked 
|   7|0x000000070a200000, 0x000000070a200000, 0x000000070a400000|  0%| F|  |TAMS 0x000000070a200000| PB 0x000000070a200000| Untracked 
|   8|0x000000070a400000, 0x000000070a400000, 0x000000070a600000|  0%| F|  |TAMS 0x000000070a400000| PB 0x000000070a400000| Untracked 
|   9|0x000000070a600000, 0x000000070a600000, 0x000000070a800000|  0%| F|  |TAMS 0x000000070a600000| PB 0x000000070a600000| Untracked 
|  10|0x000000070a800000, 0x000000070a800000, 0x000000070aa00000|  0%| F|  |TAMS 0x000000070a800000| PB 0x000000070a800000| Untracked 
|  11|0x000000070aa00000, 0x000000070aa00000, 0x000000070ac00000|  0%| F|  |TAMS 0x000000070aa00000| PB 0x000000070aa00000| Untracked 
|  12|0x000000070ac00000, 0x000000070ac00000, 0x000000070ae00000|  0%| F|  |TAMS 0x000000070ac00000| PB 0x000000070ac00000| Untracked 
|  13|0x000000070ae00000, 0x000000070ae00000, 0x000000070b000000|  0%| F|  |TAMS 0x000000070ae00000| PB 0x000000070ae00000| Untracked 
|  14|0x000000070b000000, 0x000000070b000000, 0x000000070b200000|  0%| F|  |TAMS 0x000000070b000000| PB 0x000000070b000000| Untracked 
|  15|0x000000070b200000, 0x000000070b200000, 0x000000070b400000|  0%| F|  |TAMS 0x000000070b200000| PB 0x000000070b200000| Untracked 
|  16|0x000000070b400000, 0x000000070b400000, 0x000000070b600000|  0%| F|  |TAMS 0x000000070b400000| PB 0x000000070b400000| Untracked 
|  17|0x000000070b600000, 0x000000070b600000, 0x000000070b800000|  0%| F|  |TAMS 0x000000070b600000| PB 0x000000070b600000| Untracked 
|  18|0x000000070b800000, 0x000000070b800000, 0x000000070ba00000|  0%| F|  |TAMS 0x000000070b800000| PB 0x000000070b800000| Untracked 
|  19|0x000000070ba00000, 0x000000070ba00000, 0x000000070bc00000|  0%| F|  |TAMS 0x000000070ba00000| PB 0x000000070ba00000| Untracked 
|  20|0x000000070bc00000, 0x000000070bc00000, 0x000000070be00000|  0%| F|  |TAMS 0x000000070bc00000| PB 0x000000070bc00000| Untracked 
|  21|0x000000070be00000, 0x000000070be00000, 0x000000070c000000|  0%| F|  |TAMS 0x000000070be00000| PB 0x000000070be00000| Untracked 
|  22|0x000000070c000000, 0x000000070c000000, 0x000000070c200000|  0%| F|  |TAMS 0x000000070c000000| PB 0x000000070c000000| Untracked 
|  23|0x000000070c200000, 0x000000070c200000, 0x000000070c400000|  0%| F|  |TAMS 0x000000070c200000| PB 0x000000070c200000| Untracked 
|  24|0x000000070c400000, 0x000000070c400000, 0x000000070c600000|  0%| F|  |TAMS 0x000000070c400000| PB 0x000000070c400000| Untracked 
|  25|0x000000070c600000, 0x000000070c600000, 0x000000070c800000|  0%| F|  |TAMS 0x000000070c600000| PB 0x000000070c600000| Untracked 
|  26|0x000000070c800000, 0x000000070c800000, 0x000000070ca00000|  0%| F|  |TAMS 0x000000070c800000| PB 0x000000070c800000| Untracked 
|  27|0x000000070ca00000, 0x000000070ca00000, 0x000000070cc00000|  0%| F|  |TAMS 0x000000070ca00000| PB 0x000000070ca00000| Untracked 
|  28|0x000000070cc00000, 0x000000070cc00000, 0x000000070ce00000|  0%| F|  |TAMS 0x000000070cc00000| PB 0x000000070cc00000| Untracked 
|  29|0x000000070ce00000, 0x000000070ce00000, 0x000000070d000000|  0%| F|  |TAMS 0x000000070ce00000| PB 0x000000070ce00000| Untracked 
|  30|0x000000070d000000, 0x000000070d000000, 0x000000070d200000|  0%| F|  |TAMS 0x000000070d000000| PB 0x000000070d000000| Untracked 
|  31|0x000000070d200000, 0x000000070d200000, 0x000000070d400000|  0%| F|  |TAMS 0x000000070d200000| PB 0x000000070d200000| Untracked 
|  32|0x000000070d400000, 0x000000070d400000, 0x000000070d600000|  0%| F|  |TAMS 0x000000070d400000| PB 0x000000070d400000| Untracked 
|  33|0x000000070d600000, 0x000000070d600000, 0x000000070d800000|  0%| F|  |TAMS 0x000000070d600000| PB 0x000000070d600000| Untracked 
|  34|0x000000070d800000, 0x000000070d800000, 0x000000070da00000|  0%| F|  |TAMS 0x000000070d800000| PB 0x000000070d800000| Untracked 
|  35|0x000000070da00000, 0x000000070da00000, 0x000000070dc00000|  0%| F|  |TAMS 0x000000070da00000| PB 0x000000070da00000| Untracked 
|  36|0x000000070dc00000, 0x000000070dc00000, 0x000000070de00000|  0%| F|  |TAMS 0x000000070dc00000| PB 0x000000070dc00000| Untracked 
|  37|0x000000070de00000, 0x000000070de00000, 0x000000070e000000|  0%| F|  |TAMS 0x000000070de00000| PB 0x000000070de00000| Untracked 
|  38|0x000000070e000000, 0x000000070e000000, 0x000000070e200000|  0%| F|  |TAMS 0x000000070e000000| PB 0x000000070e000000| Untracked 
|  39|0x000000070e200000, 0x000000070e200000, 0x000000070e400000|  0%| F|  |TAMS 0x000000070e200000| PB 0x000000070e200000| Untracked 
|  40|0x000000070e400000, 0x000000070e400000, 0x000000070e600000|  0%| F|  |TAMS 0x000000070e400000| PB 0x000000070e400000| Untracked 
|  41|0x000000070e600000, 0x000000070e600000, 0x000000070e800000|  0%| F|  |TAMS 0x000000070e600000| PB 0x000000070e600000| Untracked 
|  42|0x000000070e800000, 0x000000070e800000, 0x000000070ea00000|  0%| F|  |TAMS 0x000000070e800000| PB 0x000000070e800000| Untracked 
|  43|0x000000070ea00000, 0x000000070ea00000, 0x000000070ec00000|  0%| F|  |TAMS 0x000000070ea00000| PB 0x000000070ea00000| Untracked 
|  44|0x000000070ec00000, 0x000000070ec00000, 0x000000070ee00000|  0%| F|  |TAMS 0x000000070ec00000| PB 0x000000070ec00000| Untracked 
|  45|0x000000070ee00000, 0x000000070ee00000, 0x000000070f000000|  0%| F|  |TAMS 0x000000070ee00000| PB 0x000000070ee00000| Untracked 
|  46|0x000000070f000000, 0x000000070f000000, 0x000000070f200000|  0%| F|  |TAMS 0x000000070f000000| PB 0x000000070f000000| Untracked 
|  47|0x000000070f200000, 0x000000070f200000, 0x000000070f400000|  0%| F|  |TAMS 0x000000070f200000| PB 0x000000070f200000| Untracked 
|  48|0x000000070f400000, 0x000000070f400000, 0x000000070f600000|  0%| F|  |TAMS 0x000000070f400000| PB 0x000000070f400000| Untracked 
|  49|0x000000070f600000, 0x000000070f600000, 0x000000070f800000|  0%| F|  |TAMS 0x000000070f600000| PB 0x000000070f600000| Untracked 
|  50|0x000000070f800000, 0x000000070f800000, 0x000000070fa00000|  0%| F|  |TAMS 0x000000070f800000| PB 0x000000070f800000| Untracked 
|  51|0x000000070fa00000, 0x000000070fa00000, 0x000000070fc00000|  0%| F|  |TAMS 0x000000070fa00000| PB 0x000000070fa00000| Untracked 
|  52|0x000000070fc00000, 0x000000070fc00000, 0x000000070fe00000|  0%| F|  |TAMS 0x000000070fc00000| PB 0x000000070fc00000| Untracked 
|  53|0x000000070fe00000, 0x000000070fe00000, 0x0000000710000000|  0%| F|  |TAMS 0x000000070fe00000| PB 0x000000070fe00000| Untracked 
|  54|0x0000000710000000, 0x0000000710000000, 0x0000000710200000|  0%| F|  |TAMS 0x0000000710000000| PB 0x0000000710000000| Untracked 
|  55|0x0000000710200000, 0x0000000710200000, 0x0000000710400000|  0%| F|  |TAMS 0x0000000710200000| PB 0x0000000710200000| Untracked 
|  56|0x0000000710400000, 0x0000000710400000, 0x0000000710600000|  0%| F|  |TAMS 0x0000000710400000| PB 0x0000000710400000| Untracked 
|  57|0x0000000710600000, 0x0000000710600000, 0x0000000710800000|  0%| F|  |TAMS 0x0000000710600000| PB 0x0000000710600000| Untracked 
|  58|0x0000000710800000, 0x0000000710800000, 0x0000000710a00000|  0%| F|  |TAMS 0x0000000710800000| PB 0x0000000710800000| Untracked 
|  59|0x0000000710a00000, 0x0000000710a00000, 0x0000000710c00000|  0%| F|  |TAMS 0x0000000710a00000| PB 0x0000000710a00000| Untracked 
|  60|0x0000000710c00000, 0x0000000710c00000, 0x0000000710e00000|  0%| F|  |TAMS 0x0000000710c00000| PB 0x0000000710c00000| Untracked 
|  61|0x0000000710e00000, 0x0000000710e00000, 0x0000000711000000|  0%| F|  |TAMS 0x0000000710e00000| PB 0x0000000710e00000| Untracked 
|  62|0x0000000711000000, 0x0000000711000000, 0x0000000711200000|  0%| F|  |TAMS 0x0000000711000000| PB 0x0000000711000000| Untracked 
|  63|0x0000000711200000, 0x0000000711200000, 0x0000000711400000|  0%| F|  |TAMS 0x0000000711200000| PB 0x0000000711200000| Untracked 
|  64|0x0000000711400000, 0x0000000711400000, 0x0000000711600000|  0%| F|  |TAMS 0x0000000711400000| PB 0x0000000711400000| Untracked 
|  65|0x0000000711600000, 0x0000000711600000, 0x0000000711800000|  0%| F|  |TAMS 0x0000000711600000| PB 0x0000000711600000| Untracked 
|  66|0x0000000711800000, 0x0000000711800000, 0x0000000711a00000|  0%| F|  |TAMS 0x0000000711800000| PB 0x0000000711800000| Untracked 
|  67|0x0000000711a00000, 0x0000000711a00000, 0x0000000711c00000|  0%| F|  |TAMS 0x0000000711a00000| PB 0x0000000711a00000| Untracked 
|  68|0x0000000711c00000, 0x0000000711c00000, 0x0000000711e00000|  0%| F|  |TAMS 0x0000000711c00000| PB 0x0000000711c00000| Untracked 
|  69|0x0000000711e00000, 0x0000000711e00000, 0x0000000712000000|  0%| F|  |TAMS 0x0000000711e00000| PB 0x0000000711e00000| Untracked 
|  70|0x0000000712000000, 0x0000000712000000, 0x0000000712200000|  0%| F|  |TAMS 0x0000000712000000| PB 0x0000000712000000| Untracked 
|  71|0x0000000712200000, 0x0000000712200000, 0x0000000712400000|  0%| F|  |TAMS 0x0000000712200000| PB 0x0000000712200000| Untracked 
|  72|0x0000000712400000, 0x0000000712400000, 0x0000000712600000|  0%| F|  |TAMS 0x0000000712400000| PB 0x0000000712400000| Untracked 
|  73|0x0000000712600000, 0x0000000712600000, 0x0000000712800000|  0%| F|  |TAMS 0x0000000712600000| PB 0x0000000712600000| Untracked 
|  74|0x0000000712800000, 0x0000000712800000, 0x0000000712a00000|  0%| F|  |TAMS 0x0000000712800000| PB 0x0000000712800000| Untracked 
|  75|0x0000000712a00000, 0x0000000712a00000, 0x0000000712c00000|  0%| F|  |TAMS 0x0000000712a00000| PB 0x0000000712a00000| Untracked 
|  76|0x0000000712c00000, 0x0000000712c00000, 0x0000000712e00000|  0%| F|  |TAMS 0x0000000712c00000| PB 0x0000000712c00000| Untracked 
|  77|0x0000000712e00000, 0x0000000712e00000, 0x0000000713000000|  0%| F|  |TAMS 0x0000000712e00000| PB 0x0000000712e00000| Untracked 
|  78|0x0000000713000000, 0x0000000713000000, 0x0000000713200000|  0%| F|  |TAMS 0x0000000713000000| PB 0x0000000713000000| Untracked 
|  79|0x0000000713200000, 0x0000000713200000, 0x0000000713400000|  0%| F|  |TAMS 0x0000000713200000| PB 0x0000000713200000| Untracked 
|  80|0x0000000713400000, 0x0000000713400000, 0x0000000713600000|  0%| F|  |TAMS 0x0000000713400000| PB 0x0000000713400000| Untracked 
|  81|0x0000000713600000, 0x0000000713600000, 0x0000000713800000|  0%| F|  |TAMS 0x0000000713600000| PB 0x0000000713600000| Untracked 
|  82|0x0000000713800000, 0x0000000713800000, 0x0000000713a00000|  0%| F|  |TAMS 0x0000000713800000| PB 0x0000000713800000| Untracked 
|  83|0x0000000713a00000, 0x0000000713a00000, 0x0000000713c00000|  0%| F|  |TAMS 0x0000000713a00000| PB 0x0000000713a00000| Untracked 
|  84|0x0000000713c00000, 0x0000000713c00000, 0x0000000713e00000|  0%| F|  |TAMS 0x0000000713c00000| PB 0x0000000713c00000| Untracked 
|  85|0x0000000713e00000, 0x0000000713e00000, 0x0000000714000000|  0%| F|  |TAMS 0x0000000713e00000| PB 0x0000000713e00000| Untracked 
|  86|0x0000000714000000, 0x0000000714000000, 0x0000000714200000|  0%| F|  |TAMS 0x0000000714000000| PB 0x0000000714000000| Untracked 
|  87|0x0000000714200000, 0x0000000714200000, 0x0000000714400000|  0%| F|  |TAMS 0x0000000714200000| PB 0x0000000714200000| Untracked 
|  88|0x0000000714400000, 0x0000000714400000, 0x0000000714600000|  0%| F|  |TAMS 0x0000000714400000| PB 0x0000000714400000| Untracked 
|  89|0x0000000714600000, 0x0000000714600000, 0x0000000714800000|  0%| F|  |TAMS 0x0000000714600000| PB 0x0000000714600000| Untracked 
|  90|0x0000000714800000, 0x0000000714800000, 0x0000000714a00000|  0%| F|  |TAMS 0x0000000714800000| PB 0x0000000714800000| Untracked 
|  91|0x0000000714a00000, 0x0000000714a00000, 0x0000000714c00000|  0%| F|  |TAMS 0x0000000714a00000| PB 0x0000000714a00000| Untracked 
|  92|0x0000000714c00000, 0x0000000714c00000, 0x0000000714e00000|  0%| F|  |TAMS 0x0000000714c00000| PB 0x0000000714c00000| Untracked 
|  93|0x0000000714e00000, 0x0000000714e00000, 0x0000000715000000|  0%| F|  |TAMS 0x0000000714e00000| PB 0x0000000714e00000| Untracked 
|  94|0x0000000715000000, 0x0000000715000000, 0x0000000715200000|  0%| F|  |TAMS 0x0000000715000000| PB 0x0000000715000000| Untracked 
|  95|0x0000000715200000, 0x0000000715200000, 0x0000000715400000|  0%| F|  |TAMS 0x0000000715200000| PB 0x0000000715200000| Untracked 
|  96|0x0000000715400000, 0x0000000715400000, 0x0000000715600000|  0%| F|  |TAMS 0x0000000715400000| PB 0x0000000715400000| Untracked 
|  97|0x0000000715600000, 0x0000000715600000, 0x0000000715800000|  0%| F|  |TAMS 0x0000000715600000| PB 0x0000000715600000| Untracked 
|  98|0x0000000715800000, 0x0000000715800000, 0x0000000715a00000|  0%| F|  |TAMS 0x0000000715800000| PB 0x0000000715800000| Untracked 
|  99|0x0000000715a00000, 0x0000000715a00000, 0x0000000715c00000|  0%| F|  |TAMS 0x0000000715a00000| PB 0x0000000715a00000| Untracked 
| 100|0x0000000715c00000, 0x0000000715c00000, 0x0000000715e00000|  0%| F|  |TAMS 0x0000000715c00000| PB 0x0000000715c00000| Untracked 
| 101|0x0000000715e00000, 0x0000000715e00000, 0x0000000716000000|  0%| F|  |TAMS 0x0000000715e00000| PB 0x0000000715e00000| Untracked 
| 102|0x0000000716000000, 0x0000000716174c50, 0x0000000716200000| 72%| E|  |TAMS 0x0000000716000000| PB 0x0000000716000000| Complete 
| 103|0x0000000716200000, 0x0000000716400000, 0x0000000716400000|100%| E|CS|TAMS 0x0000000716200000| PB 0x0000000716200000| Complete 
| 104|0x0000000716400000, 0x0000000716600000, 0x0000000716600000|100%| E|CS|TAMS 0x0000000716400000| PB 0x0000000716400000| Complete 
| 105|0x0000000716600000, 0x0000000716800000, 0x0000000716800000|100%| E|CS|TAMS 0x0000000716600000| PB 0x0000000716600000| Complete 
| 106|0x0000000716800000, 0x0000000716a00000, 0x0000000716a00000|100%| E|CS|TAMS 0x0000000716800000| PB 0x0000000716800000| Complete 
| 107|0x0000000716a00000, 0x0000000716c00000, 0x0000000716c00000|100%| E|CS|TAMS 0x0000000716a00000| PB 0x0000000716a00000| Complete 
| 108|0x0000000716c00000, 0x0000000716d460e0, 0x0000000716e00000| 63%| S|CS|TAMS 0x0000000716c00000| PB 0x0000000716c00000| Complete 
| 109|0x0000000716e00000, 0x0000000717000000, 0x0000000717000000|100%| S|CS|TAMS 0x0000000716e00000| PB 0x0000000716e00000| Complete 
| 110|0x0000000717000000, 0x0000000717200000, 0x0000000717200000|100%| E|CS|TAMS 0x0000000717000000| PB 0x0000000717000000| Complete 
| 111|0x0000000717200000, 0x0000000717400000, 0x0000000717400000|100%| E|CS|TAMS 0x0000000717200000| PB 0x0000000717200000| Complete 
| 112|0x0000000717400000, 0x0000000717600000, 0x0000000717600000|100%| E|CS|TAMS 0x0000000717400000| PB 0x0000000717400000| Complete 
| 113|0x0000000717600000, 0x0000000717800000, 0x0000000717800000|100%| E|CS|TAMS 0x0000000717600000| PB 0x0000000717600000| Complete 
| 114|0x0000000717800000, 0x0000000717a00000, 0x0000000717a00000|100%| E|CS|TAMS 0x0000000717800000| PB 0x0000000717800000| Complete 
| 115|0x0000000717a00000, 0x0000000717c00000, 0x0000000717c00000|100%| E|CS|TAMS 0x0000000717a00000| PB 0x0000000717a00000| Complete 
| 116|0x0000000717c00000, 0x0000000717e00000, 0x0000000717e00000|100%| E|CS|TAMS 0x0000000717c00000| PB 0x0000000717c00000| Complete 
| 117|0x0000000717e00000, 0x0000000718000000, 0x0000000718000000|100%| E|CS|TAMS 0x0000000717e00000| PB 0x0000000717e00000| Complete 
| 118|0x0000000718000000, 0x0000000718200000, 0x0000000718200000|100%| E|CS|TAMS 0x0000000718000000| PB 0x0000000718000000| Complete 
| 119|0x0000000718200000, 0x0000000718400000, 0x0000000718400000|100%| E|CS|TAMS 0x0000000718200000| PB 0x0000000718200000| Complete 
| 120|0x0000000718400000, 0x0000000718600000, 0x0000000718600000|100%| E|CS|TAMS 0x0000000718400000| PB 0x0000000718400000| Complete 
| 121|0x0000000718600000, 0x0000000718800000, 0x0000000718800000|100%| E|CS|TAMS 0x0000000718600000| PB 0x0000000718600000| Complete 
| 122|0x0000000718800000, 0x0000000718a00000, 0x0000000718a00000|100%| E|CS|TAMS 0x0000000718800000| PB 0x0000000718800000| Complete 
| 123|0x0000000718a00000, 0x0000000718c00000, 0x0000000718c00000|100%| E|CS|TAMS 0x0000000718a00000| PB 0x0000000718a00000| Complete 

Card table byte_map: [0x000002a6c0b50000,0x000002a6c1310000] _byte_map_base: 0x000002a6bd306000

Marking Bits: (CMBitMap*) 0x000002a6a7f710e0
 Bits: [0x000002a6c1310000, 0x000002a6c50c0000)

Polling page: 0x000002a6a6610000

Metaspace:

Usage:
  Non-class:     11.43 MB used.
      Class:      1.25 MB used.
       Both:     12.67 MB used.

Virtual space:
  Non-class space:       64.00 MB reserved,      11.56 MB ( 18%) committed,  1 nodes.
      Class space:        1.00 GB reserved,       1.38 MB ( <1%) committed,  1 nodes.
             Both:        1.06 GB reserved,      12.94 MB (  1%) committed. 

Chunk freelists:
   Non-Class:  4.28 MB
       Class:  14.62 MB
        Both:  18.90 MB

MaxMetaspaceSize: unlimited
CompressedClassSpaceSize: 1.00 GB
Initial GC threshold: 21.00 MB
Current GC threshold: 21.00 MB
CDS: on
 - commit_granule_bytes: 65536.
 - commit_granule_words: 8192.
 - virtual_space_node_default_size: 8388608.
 - enlarge_chunks_in_place: 1.
 - use_allocation_guard: 0.


Internal statistics:

num_allocs_failed_limit: 0.
num_arena_births: 204.
num_arena_deaths: 0.
num_vsnodes_births: 2.
num_vsnodes_deaths: 0.
num_space_committed: 207.
num_space_uncommitted: 0.
num_chunks_returned_to_freelist: 0.
num_chunks_taken_from_freelist: 415.
num_chunk_merges: 0.
num_chunk_splits: 268.
num_chunks_enlarged: 165.
num_inconsistent_stats: 0.

CodeHeap 'non-profiled nmethods': size=119168Kb used=1503Kb max_used=1503Kb free=117664Kb
 bounds [0x000002a6b7f80000, 0x000002a6b81f0000, 0x000002a6bf3e0000]
CodeHeap 'profiled nmethods': size=119104Kb used=7079Kb max_used=7079Kb free=112024Kb
 bounds [0x000002a6b03e0000, 0x000002a6b0ad0000, 0x000002a6b7830000]
CodeHeap 'non-nmethods': size=7488Kb used=1506Kb max_used=3212Kb free=5981Kb
 bounds [0x000002a6b7830000, 0x000002a6b7bd0000, 0x000002a6b7f80000]
 total_blobs=4152 nmethods=3576 adapters=480
 compilation: enabled
              stopped_count=0, restarted_count=0
 full_count=0

Compilation events (20 events):
Event: 6940.895 Thread 0x000002a6c81aa960 3566       1       com.mysql.cj.protocol.a.result.AbstractResultsetRows::getMetadata (5 bytes)
Event: 6940.895 Thread 0x000002a6c81aa960 nmethod 3566 0x000002a6b80f4e90 code [0x000002a6b80f5020, 0x000002a6b80f50f0]
Event: 6940.896 Thread 0x000002a6c81aa960 3567       3       sun.util.locale.LocaleUtils::isAlphaNumeric (20 bytes)
Event: 6940.897 Thread 0x000002a6c81aa960 nmethod 3567 0x000002a6b0ac6910 code [0x000002a6b0ac6ac0, 0x000002a6b0ac6e90]
Event: 6940.897 Thread 0x000002a6c81aa960 3568       1       com.mysql.cj.AbstractQuery::getCurrentDatabase (5 bytes)
Event: 6940.897 Thread 0x000002a6c81aa960 nmethod 3568 0x000002a6b80f5190 code [0x000002a6b80f5320, 0x000002a6b80f53f0]
Event: 6940.902 Thread 0x000002a6c81aa960 3569       3       java.net.URI$Parser::scan (53 bytes)
Event: 6940.903 Thread 0x000002a6c81aa960 nmethod 3569 0x000002a6b0ac6f90 code [0x000002a6b0ac71e0, 0x000002a6b0ac7a98]
Event: 6940.917 Thread 0x000002a6c81aa960 3570       3       com.mysql.cj.jdbc.ClientPreparedStatement::getQueryInfo (13 bytes)
Event: 6940.918 Thread 0x000002a6c81aa960 nmethod 3570 0x000002a6b0ac7f10 code [0x000002a6b0ac80c0, 0x000002a6b0ac8350]
Event: 6940.918 Thread 0x000002a6c81aa960 3571       3       sun.security.ssl.SSLCipher$SSLReadCipher::dispose (1 bytes)
Event: 6940.918 Thread 0x000002a6c81aa960 nmethod 3571 0x000002a6b0ac8490 code [0x000002a6b0ac8620, 0x000002a6b0ac8730]
Event: 6940.918 Thread 0x000002a6c81aa960 3572       3       java.net.Socket::getSoTimeout (47 bytes)
Event: 6940.918 Thread 0x000002a6c81aa960 nmethod 3572 0x000002a6b0ac8790 code [0x000002a6b0ac89a0, 0x000002a6b0ac8ff8]
Event: 6940.918 Thread 0x000002a6c81aa960 3574       3       java.lang.StringBuilder::<init> (6 bytes)
Event: 6940.919 Thread 0x000002a6c81aa960 nmethod 3574 0x000002a6b0ac9190 code [0x000002a6b0ac9340, 0x000002a6b0ac9480]
Event: 6940.919 Thread 0x000002a6c81aa960 3575       3       java.lang.AbstractStringBuilder::<init> (63 bytes)
Event: 6940.919 Thread 0x000002a6c81aa960 nmethod 3575 0x000002a6b0ac9510 code [0x000002a6b0ac9700, 0x000002a6b0ac9ca8]
Event: 6940.932 Thread 0x000002a6c7c4c010 nmethod 3565% 0x000002a6b80f5890 code [0x000002a6b80f5ac0, 0x000002a6b80f7128]
Event: 6952.280 Thread 0x000002a6c81aa960 3576       3       jdk.internal.reflect.Reflection::verifyMemberAccess (200 bytes)

GC Heap History (4 events):
Event: 0.474 GC heap before
{Heap before GC invocations=0 (full 0):
 garbage-first heap   total 253952K, used 20480K [0x0000000709400000, 0x0000000800000000)
  region size 2048K, 11 young (22528K), 0 survivors (0K)
 Metaspace       used 3223K, committed 3392K, reserved 1114112K
  class space    used 314K, committed 384K, reserved 1048576K
}
Event: 0.479 GC heap after
{Heap after GC invocations=1 (full 0):
 garbage-first heap   total 253952K, used 7493K [0x0000000709400000, 0x0000000800000000)
  region size 2048K, 2 young (4096K), 2 survivors (4096K)
 Metaspace       used 3223K, committed 3392K, reserved 1114112K
  class space    used 314K, committed 384K, reserved 1048576K
}
Event: 25.044 GC heap before
{Heap before GC invocations=1 (full 0):
 garbage-first heap   total 253952K, used 30021K [0x0000000709400000, 0x0000000800000000)
  region size 2048K, 14 young (28672K), 2 survivors (4096K)
 Metaspace       used 11774K, committed 11968K, reserved 1114112K
  class space    used 1240K, committed 1344K, reserved 1048576K
}
Event: 25.047 GC heap after
{Heap after GC invocations=2 (full 0):
 garbage-first heap   total 253952K, used 10991K [0x0000000709400000, 0x0000000800000000)
  region size 2048K, 2 young (4096K), 2 survivors (4096K)
 Metaspace       used 11774K, committed 11968K, reserved 1114112K
  class space    used 1240K, committed 1344K, reserved 1048576K
}

Dll operation events (12 events):
Event: 0.007 Loaded shared library C:\Program Files\Java\jdk-21\bin\java.dll
Event: 0.034 Loaded shared library C:\Program Files\Java\jdk-21\bin\jsvml.dll
Event: 0.142 Loaded shared library C:\Program Files\Java\jdk-21\bin\zip.dll
Event: 0.145 Loaded shared library C:\Program Files\Java\jdk-21\bin\instrument.dll
Event: 0.149 Loaded shared library C:\Program Files\Java\jdk-21\bin\net.dll
Event: 0.151 Loaded shared library C:\Program Files\Java\jdk-21\bin\nio.dll
Event: 0.155 Loaded shared library C:\Program Files\Java\jdk-21\bin\zip.dll
Event: 0.307 Loaded shared library F:\IntelliJ IDEA Community Edition 2024.2.0.1\bin\breakgen64.dll
Event: 0.310 Loaded shared library C:\Program Files\Java\jdk-21\bin\jimage.dll
Event: 0.313 Loaded shared library C:\Program Files\Java\jdk-21\bin\extnet.dll
Event: 0.337 Loaded shared library C:\Program Files\Java\jdk-21\bin\verify.dll
Event: 0.419 Loaded shared library C:\Program Files\Java\jdk-21\bin\sunmscapi.dll

Deoptimization events (20 events):
Event: 5748.950 Thread 0x000002a6c8b4c2c0 Uncommon trap: trap_request=0xffffffdc fr.pc=0x000002a6b80e0e10 relative=0x0000000000000e10
Event: 5748.950 Thread 0x000002a6c8b4c2c0 Uncommon trap: reason=class_check action=make_not_entrant pc=0x000002a6b80e0e10 method=java.util.ArrayList.toArray([Ljava/lang/Object;)[Ljava/lang/Object; @ 21 c2
Event: 5748.950 Thread 0x000002a6c8b4c2c0 DEOPT PACKING pc=0x000002a6b80e0e10 sp=0x000000e9966fdef0
Event: 5748.950 Thread 0x000002a6c8b4c2c0 DEOPT UNPACKING pc=0x000002a6b78846a2 sp=0x000000e9966fde70 mode 2
Event: 5748.951 Thread 0x000002a6c8b4c2c0 Uncommon trap: trap_request=0xffffffbe fr.pc=0x000002a6b80f1c0c relative=0x0000000000001aac
Event: 5748.951 Thread 0x000002a6c8b4c2c0 Uncommon trap: reason=profile_predicate action=maybe_recompile pc=0x000002a6b80f1c0c method=com.sun.crypto.provider.AESCrypt.makeSessionKey([B)V @ 538 c2
Event: 5748.951 Thread 0x000002a6c8b4c2c0 DEOPT PACKING pc=0x000002a6b80f1c0c sp=0x000000e9966fd570
Event: 5748.951 Thread 0x000002a6c8b4c2c0 DEOPT UNPACKING pc=0x000002a6b78846a2 sp=0x000000e9966fd4e8 mode 2
Event: 5748.952 Thread 0x000002a6c8b4c2c0 Uncommon trap: trap_request=0xffffffbe fr.pc=0x000002a6b80f1c0c relative=0x0000000000001aac
Event: 5748.952 Thread 0x000002a6c8b4c2c0 Uncommon trap: reason=profile_predicate action=maybe_recompile pc=0x000002a6b80f1c0c method=com.sun.crypto.provider.AESCrypt.makeSessionKey([B)V @ 538 c2
Event: 5748.952 Thread 0x000002a6c8b4c2c0 DEOPT PACKING pc=0x000002a6b80f1c0c sp=0x000000e9966fdd20
Event: 5748.952 Thread 0x000002a6c8b4c2c0 DEOPT UNPACKING pc=0x000002a6b78846a2 sp=0x000000e9966fdc98 mode 2
Event: 5748.952 Thread 0x000002a6c8b4c2c0 Uncommon trap: trap_request=0xffffffbe fr.pc=0x000002a6b80f1c0c relative=0x0000000000001aac
Event: 5748.952 Thread 0x000002a6c8b4c2c0 Uncommon trap: reason=profile_predicate action=maybe_recompile pc=0x000002a6b80f1c0c method=com.sun.crypto.provider.AESCrypt.makeSessionKey([B)V @ 538 c2
Event: 5748.952 Thread 0x000002a6c8b4c2c0 DEOPT PACKING pc=0x000002a6b80f1c0c sp=0x000000e9966fd700
Event: 5748.952 Thread 0x000002a6c8b4c2c0 DEOPT UNPACKING pc=0x000002a6b78846a2 sp=0x000000e9966fd678 mode 2
Event: 6940.893 Thread 0x000002a6c8b4c2c0 Uncommon trap: trap_request=0xffffffcc fr.pc=0x000002a6b80f3c58 relative=0x0000000000000e78
Event: 6940.893 Thread 0x000002a6c8b4c2c0 Uncommon trap: reason=intrinsic_or_type_checked_inlining action=make_not_entrant pc=0x000002a6b80f3c58 method=java.util.ArrayList.toArray([Ljava/lang/Object;)[Ljava/lang/Object; @ 36 c2
Event: 6940.893 Thread 0x000002a6c8b4c2c0 DEOPT PACKING pc=0x000002a6b80f3c58 sp=0x000000e9966fdb40
Event: 6940.893 Thread 0x000002a6c8b4c2c0 DEOPT UNPACKING pc=0x000002a6b78846a2 sp=0x000000e9966fdab0 mode 2

Classes loaded (20 events):
Event: 25.063 Loading class sun/text/resources/cldr/FormatData_en
Event: 25.064 Loading class sun/text/resources/cldr/FormatData_en done
Event: 25.064 Loading class sun/text/resources/cldr/FormatData_en_US
Event: 25.064 Loading class sun/text/resources/cldr/FormatData_en_US done
Event: 25.092 Loading class jdk/internal/event/ThreadSleepEvent
Event: 25.092 Loading class jdk/internal/event/ThreadSleepEvent done
Event: 29.403 Loading class sun/nio/ch/DatagramSocketAdaptor$NetworkInterfaces
Event: 29.404 Loading class sun/nio/ch/DatagramSocketAdaptor$NetworkInterfaces done
Event: 29.405 Loading class sun/nio/ch/MembershipRegistry
Event: 29.405 Loading class sun/nio/ch/MembershipRegistry done
Event: 29.405 Loading class sun/nio/ch/Net$2
Event: 29.405 Loading class sun/nio/ch/Net$2 done
Event: 29.405 Loading class sun/nio/ch/MembershipKeyImpl$Type4
Event: 29.405 Loading class sun/nio/ch/MembershipKeyImpl
Event: 29.405 Loading class java/nio/channels/MembershipKey
Event: 29.405 Loading class java/nio/channels/MembershipKey done
Event: 29.405 Loading class sun/nio/ch/MembershipKeyImpl done
Event: 29.405 Loading class sun/nio/ch/MembershipKeyImpl$Type4 done
Event: 1430.236 Loading class java/lang/foreign/MemorySegment
Event: 1430.236 Loading class java/lang/foreign/MemorySegment done

Classes unloaded (0 events):
No events

Classes redefined (0 events):
No events

Internal exceptions (20 events):
Event: 3225.044 Thread 0x000002a70e593270 Exception <a 'java/lang/InterruptedException'{0x00000007174955a8}: sleep interrupted> (0x00000007174955a8) 
thrown [s\open\src\hotspot\share\prims\jvm.cpp, line 3074]
Event: 3298.312 Thread 0x000002a70e593900 Exception <a 'java/lang/InterruptedException'{0x000000071724b5b8}: sleep interrupted> (0x000000071724b5b8) 
thrown [s\open\src\hotspot\share\prims\jvm.cpp, line 3074]
Event: 3768.771 Thread 0x000002a6c8b4c2c0 Exception <a 'java/net/SocketException'{0x00000007173a4b58}: Connection reset by peer: shutdown> (0x00000007173a4b58) 
thrown [s\open\src\hotspot\share\prims\jni.cpp, line 539]
Event: 3778.256 Thread 0x000002a70e593900 Exception <a 'java/lang/InterruptedException'{0x000000071704a3e8}: sleep interrupted> (0x000000071704a3e8) 
thrown [s\open\src\hotspot\share\prims\jvm.cpp, line 3074]
Event: 3897.225 Thread 0x000002a6c8b4c2c0 Exception <a 'java/net/SocketException'{0x000000071715a268}: Connection reset by peer: shutdown> (0x000000071715a268) 
thrown [s\open\src\hotspot\share\prims\jni.cpp, line 539]
Event: 3909.124 Thread 0x000002a6c8b4c2c0 Exception <a 'java/net/SocketException'{0x00000007171b99f0}: Connection reset by peer: shutdown> (0x00000007171b99f0) 
thrown [s\open\src\hotspot\share\prims\jni.cpp, line 539]
Event: 3943.359 Thread 0x000002a6c8b4c2c0 Exception <a 'java/io/IOException'{0x0000000716aaef30}> (0x0000000716aaef30) 
thrown [s\open\src\hotspot\share\prims\jni.cpp, line 520]
Event: 3947.018 Thread 0x000002a6c8b4c2c0 Exception <a 'java/io/IOException'{0x0000000716bc0970}> (0x0000000716bc0970) 
thrown [s\open\src\hotspot\share\prims\jni.cpp, line 520]
Event: 3952.040 Thread 0x000002a6c8b4c2c0 Exception <a 'java/io/IOException'{0x000000071681a288}> (0x000000071681a288) 
thrown [s\open\src\hotspot\share\prims\jni.cpp, line 520]
Event: 3963.843 Thread 0x000002a70e594620 Exception <a 'java/lang/InterruptedException'{0x0000000716a4ff58}: sleep interrupted> (0x0000000716a4ff58) 
thrown [s\open\src\hotspot\share\prims\jvm.cpp, line 3074]
Event: 4211.394 Thread 0x000002a6c8b4c2c0 Exception <a 'java/io/IOException'{0x0000000716926ab0}> (0x0000000716926ab0) 
thrown [s\open\src\hotspot\share\prims\jni.cpp, line 520]
Event: 4215.583 Thread 0x000002a6c8b4c2c0 Exception <a 'java/io/IOException'{0x0000000716981330}> (0x0000000716981330) 
thrown [s\open\src\hotspot\share\prims\jni.cpp, line 520]
Event: 4246.450 Thread 0x000002a70e595340 Exception <a 'java/lang/InterruptedException'{0x0000000716601600}: sleep interrupted> (0x0000000716601600) 
thrown [s\open\src\hotspot\share\prims\jvm.cpp, line 3074]
Event: 4907.381 Thread 0x000002a6c8b4c2c0 Exception <a 'java/io/IOException'{0x00000007166d1dd0}> (0x00000007166d1dd0) 
thrown [s\open\src\hotspot\share\prims\jni.cpp, line 520]
Event: 4910.986 Thread 0x000002a6c8b4c2c0 Exception <a 'java/net/SocketException'{0x000000071672c640}: Connection reset by peer: shutdown> (0x000000071672c640) 
thrown [s\open\src\hotspot\share\prims\jni.cpp, line 539]
Event: 4992.729 Thread 0x000002a6c8b4c2c0 Exception <a 'java/net/SocketException'{0x0000000716473ab8}: Connection reset by peer: shutdown> (0x0000000716473ab8) 
thrown [s\open\src\hotspot\share\prims\jni.cpp, line 539]
Event: 4992.730 Thread 0x000002a70e593270 Exception <a 'java/lang/InterruptedException'{0x00000007167b6dd0}: sleep interrupted> (0x00000007167b6dd0) 
thrown [s\open\src\hotspot\share\prims\jvm.cpp, line 3074]
Event: 5432.869 Thread 0x000002a70e593900 Exception <a 'java/lang/InterruptedException'{0x00000007165c0618}: sleep interrupted> (0x00000007165c0618) 
thrown [s\open\src\hotspot\share\prims\jvm.cpp, line 3074]
Event: 5687.621 Thread 0x000002a6c8b4c2c0 Exception <a 'java/io/IOException'{0x0000000716325980}> (0x0000000716325980) 
thrown [s\open\src\hotspot\share\prims\jni.cpp, line 520]
Event: 5748.959 Thread 0x000002a70e593270 Exception <a 'java/lang/InterruptedException'{0x00000007163badb8}: sleep interrupted> (0x00000007163badb8) 
thrown [s\open\src\hotspot\share\prims\jvm.cpp, line 3074]

ZGC Phase Switch (0 events):
No events

VM Operations (20 events):
Event: 4215.729 Executing VM operation: Cleanup
Event: 4215.729 Executing VM operation: Cleanup done
Event: 4218.759 Executing VM operation: Cleanup
Event: 4218.759 Executing VM operation: Cleanup done
Event: 4245.932 Executing VM operation: Cleanup
Event: 4245.933 Executing VM operation: Cleanup done
Event: 4246.933 Executing VM operation: Cleanup
Event: 4246.933 Executing VM operation: Cleanup done
Event: 4907.853 Executing VM operation: Cleanup
Event: 4907.853 Executing VM operation: Cleanup done
Event: 4911.868 Executing VM operation: Cleanup
Event: 4911.868 Executing VM operation: Cleanup done
Event: 4993.478 Executing VM operation: Cleanup
Event: 4993.478 Executing VM operation: Cleanup done
Event: 5688.418 Executing VM operation: Cleanup
Event: 5688.418 Executing VM operation: Cleanup done
Event: 5749.758 Executing VM operation: Cleanup
Event: 5749.758 Executing VM operation: Cleanup done
Event: 6941.428 Executing VM operation: Cleanup
Event: 6941.429 Executing VM operation: Cleanup done

Events (20 events):
Event: 3298.312 Thread 0x000002a70e593900 Thread exited: 0x000002a70e593900
Event: 3768.784 Thread 0x000002a70e593900 Thread added: 0x000002a70e593900
Event: 3778.256 Thread 0x000002a70e593900 Thread exited: 0x000002a70e593900
Event: 3909.138 Thread 0x000002a70e594620 Thread added: 0x000002a70e594620
Event: 3943.344 Thread 0x000002a6c81a94f0 Thread added: 0x000002a6c81a94f0
Event: 3943.351 Thread 0x000002a6c81a9bc0 Thread added: 0x000002a6c81a9bc0
Event: 3943.352 Thread 0x000002a6c81abdd0 Thread added: 0x000002a6c81abdd0
Event: 3947.003 Thread 0x000002a6c81abdd0 Thread exited: 0x000002a6c81abdd0
Event: 3947.008 Thread 0x000002a6c81a9bc0 Thread exited: 0x000002a6c81a9bc0
Event: 3947.010 Thread 0x000002a6c81a94f0 Thread exited: 0x000002a6c81a94f0
Event: 3963.843 Thread 0x000002a70e594620 Thread exited: 0x000002a70e594620
Event: 4215.593 Thread 0x000002a70e595340 Thread added: 0x000002a70e595340
Event: 4246.450 Thread 0x000002a70e595340 Thread exited: 0x000002a70e595340
Event: 4910.997 Thread 0x000002a70e593270 Thread added: 0x000002a70e593270
Event: 4992.730 Thread 0x000002a70e593270 Thread exited: 0x000002a70e593270
Event: 5423.960 Thread 0x000002a70e593900 Thread added: 0x000002a70e593900
Event: 5432.869 Thread 0x000002a70e593900 Thread exited: 0x000002a70e593900
Event: 5687.634 Thread 0x000002a70e593270 Thread added: 0x000002a70e593270
Event: 5748.959 Thread 0x000002a70e593270 Thread exited: 0x000002a70e593270
Event: 6940.918 Thread 0x000002a70e593900 Thread added: 0x000002a70e593900


Dynamic libraries:
0x00007ff6a5dc0000 - 0x00007ff6a5dd0000 	C:\Program Files\Java\jdk-21\bin\java.exe
0x00007ffb20ea0000 - 0x00007ffb21103000 	C:\WINDOWS\SYSTEM32\ntdll.dll
0x00007ffb1fb70000 - 0x00007ffb1fc38000 	C:\WINDOWS\System32\KERNEL32.DLL
0x00007ffb1e300000 - 0x00007ffb1e6b2000 	C:\WINDOWS\System32\KERNELBASE.dll
0x00007ffb1ea20000 - 0x00007ffb1eb6b000 	C:\WINDOWS\System32\ucrtbase.dll
0x00007ffb1ac60000 - 0x00007ffb1ac7b000 	C:\Program Files\Java\jdk-21\bin\VCRUNTIME140.dll
0x00007ffb1ac80000 - 0x00007ffb1ac99000 	C:\Program Files\Java\jdk-21\bin\jli.dll
0x00007ffb20170000 - 0x00007ffb20224000 	C:\WINDOWS\System32\ADVAPI32.dll
0x00007ffb20980000 - 0x00007ffb20a29000 	C:\WINDOWS\System32\msvcrt.dll
0x00007ffb202b0000 - 0x00007ffb20356000 	C:\WINDOWS\System32\sechost.dll
0x00007ffb20440000 - 0x00007ffb20556000 	C:\WINDOWS\System32\RPCRT4.dll
0x00007ffb20ac0000 - 0x00007ffb20c88000 	C:\WINDOWS\System32\USER32.dll
0x00007ffb09720000 - 0x00007ffb099b0000 	C:\WINDOWS\WinSxS\amd64_microsoft.windows.common-controls_6595b64144ccf1df_6.0.26100.2454_none_3e0b68a2e331ad60\COMCTL32.dll
0x00007ffb1ecd0000 - 0x00007ffb1ecf7000 	C:\WINDOWS\System32\win32u.dll
0x00007ffb1fcb0000 - 0x00007ffb1fcda000 	C:\WINDOWS\System32\GDI32.dll
0x00007ffb1e6c0000 - 0x00007ffb1e7eb000 	C:\WINDOWS\System32\gdi32full.dll
0x00007ffb1e7f0000 - 0x00007ffb1e893000 	C:\WINDOWS\System32\msvcp_win.dll
0x00007ffb143a0000 - 0x00007ffb143ab000 	C:\WINDOWS\SYSTEM32\VERSION.dll
0x00007ffb1fc40000 - 0x00007ffb1fc6f000 	C:\WINDOWS\System32\IMM32.DLL
0x00007ffb1ac50000 - 0x00007ffb1ac5c000 	C:\Program Files\Java\jdk-21\bin\vcruntime140_1.dll
0x00007ffb17840000 - 0x00007ffb178ce000 	C:\Program Files\Java\jdk-21\bin\msvcp140.dll
0x00007ffa76630000 - 0x00007ffa77345000 	C:\Program Files\Java\jdk-21\bin\server\jvm.dll
0x00007ffb1f860000 - 0x00007ffb1f8d4000 	C:\WINDOWS\System32\WS2_32.dll
0x00007ffb1df40000 - 0x00007ffb1df8e000 	C:\WINDOWS\SYSTEM32\POWRPROF.dll
0x00007ffb14320000 - 0x00007ffb14356000 	C:\WINDOWS\SYSTEM32\WINMM.dll
0x00007ffb1df20000 - 0x00007ffb1df34000 	C:\WINDOWS\SYSTEM32\UMPDC.dll
0x00007ffb1d0b0000 - 0x00007ffb1d0ca000 	C:\WINDOWS\SYSTEM32\kernel.appcore.dll
0x00007ffb1ac40000 - 0x00007ffb1ac4a000 	C:\Program Files\Java\jdk-21\bin\jimage.dll
0x00007ffb1baa0000 - 0x00007ffb1bce1000 	C:\WINDOWS\SYSTEM32\DBGHELP.DLL
0x00007ffb205e0000 - 0x00007ffb2095e000 	C:\WINDOWS\System32\combase.dll
0x00007ffb1f620000 - 0x00007ffb1f6f6000 	C:\WINDOWS\System32\OLEAUT32.dll
0x00007ffb04610000 - 0x00007ffb04649000 	C:\WINDOWS\SYSTEM32\dbgcore.DLL
0x00007ffb1ec30000 - 0x00007ffb1ecc9000 	C:\WINDOWS\System32\bcryptPrimitives.dll
0x00007ffb17ee0000 - 0x00007ffb17eef000 	C:\Program Files\Java\jdk-21\bin\instrument.dll
0x00007ffb17820000 - 0x00007ffb1783f000 	C:\Program Files\Java\jdk-21\bin\java.dll
0x00007ffb1ee90000 - 0x00007ffb1f590000 	C:\WINDOWS\System32\SHELL32.dll
0x00007ffb1bf50000 - 0x00007ffb1c781000 	C:\WINDOWS\SYSTEM32\windows.storage.dll
0x00007ffb20360000 - 0x00007ffb2043a000 	C:\WINDOWS\System32\SHCORE.dll
0x00007ffb20a60000 - 0x00007ffb20abd000 	C:\WINDOWS\System32\shlwapi.dll
0x00007ffb1e180000 - 0x00007ffb1e1ae000 	C:\WINDOWS\SYSTEM32\profapi.dll
0x00007ffb08d50000 - 0x00007ffb08e27000 	C:\Program Files\Java\jdk-21\bin\jsvml.dll
0x00007ffb177b0000 - 0x00007ffb177c8000 	C:\Program Files\Java\jdk-21\bin\zip.dll
0x00007ffb17810000 - 0x00007ffb17820000 	C:\Program Files\Java\jdk-21\bin\net.dll
0x00007ffb18f60000 - 0x00007ffb19086000 	C:\WINDOWS\SYSTEM32\WINHTTP.dll
0x00007ffb1d5b0000 - 0x00007ffb1d618000 	C:\WINDOWS\system32\mswsock.dll
0x00007ffb177d0000 - 0x00007ffb177e6000 	C:\Program Files\Java\jdk-21\bin\nio.dll
0x00007ffb17590000 - 0x00007ffb175aa000 	F:\IntelliJ IDEA Community Edition 2024.2.0.1\bin\breakgen64.dll
0x00007ffb10f50000 - 0x00007ffb10f57000 	C:\Program Files\Java\jdk-21\bin\extnet.dll
0x00007ffb177a0000 - 0x00007ffb177b0000 	C:\Program Files\Java\jdk-21\bin\verify.dll
0x00007ffb004c0000 - 0x00007ffb004d8000 	C:\WINDOWS\system32\napinsp.dll
0x00007ffb1cb90000 - 0x00007ffb1ccb5000 	C:\WINDOWS\SYSTEM32\DNSAPI.dll
0x00007ffb1caf0000 - 0x00007ffb1cb22000 	C:\WINDOWS\SYSTEM32\IPHLPAPI.DLL
0x00007ffb20560000 - 0x00007ffb2056a000 	C:\WINDOWS\System32\NSI.dll
0x00007ffafea60000 - 0x00007ffafea72000 	C:\WINDOWS\System32\winrnr.dll
0x00007ffafea30000 - 0x00007ffafea52000 	C:\WINDOWS\system32\nlansp_c.dll
0x00007ffb15e60000 - 0x00007ffb15e76000 	C:\WINDOWS\system32\wshbth.dll
0x00007ffb18ec0000 - 0x00007ffb18ecb000 	C:\Windows\System32\rasadhlp.dll
0x00007ffb196c0000 - 0x00007ffb19745000 	C:\WINDOWS\System32\fwpuclnt.dll
0x00007ffb157f0000 - 0x00007ffb157fe000 	C:\Program Files\Java\jdk-21\bin\sunmscapi.dll
0x00007ffb1e8a0000 - 0x00007ffb1ea16000 	C:\WINDOWS\System32\CRYPT32.dll
0x00007ffb1da50000 - 0x00007ffb1da80000 	C:\WINDOWS\SYSTEM32\ncrypt.dll
0x00007ffb1da00000 - 0x00007ffb1da3f000 	C:\WINDOWS\SYSTEM32\NTASN1.dll
0x00007ffae9470000 - 0x00007ffae9478000 	C:\WINDOWS\system32\wshunix.dll
0x00007ffb1d850000 - 0x00007ffb1d86c000 	C:\WINDOWS\SYSTEM32\CRYPTSP.dll
0x00007ffb1d010000 - 0x00007ffb1d048000 	C:\WINDOWS\system32\rsaenh.dll
0x00007ffb1d650000 - 0x00007ffb1d67b000 	C:\WINDOWS\SYSTEM32\USERENV.dll
0x00007ffb1da90000 - 0x00007ffb1dab6000 	C:\WINDOWS\SYSTEM32\bcrypt.dll
0x00007ffb1d870000 - 0x00007ffb1d87c000 	C:\WINDOWS\SYSTEM32\CRYPTBASE.dll

dbghelp: loaded successfully - version: 4.0.5 - missing functions: none
symbol engine: initialized successfully - sym options: 0x614 - pdb path: .;C:\Program Files\Java\jdk-21\bin;C:\WINDOWS\SYSTEM32;C:\WINDOWS\WinSxS\amd64_microsoft.windows.common-controls_6595b64144ccf1df_6.0.26100.2454_none_3e0b68a2e331ad60;C:\Program Files\Java\jdk-21\bin\server;F:\IntelliJ IDEA Community Edition 2024.2.0.1\bin

VM Arguments:
jvm_args: -javaagent:F:\IntelliJ IDEA Community Edition 2024.2.0.1\lib\idea_rt.jar=54877:F:\IntelliJ IDEA Community Edition 2024.2.0.1\bin -Dfile.encoding=UTF-8 -Dsun.stdout.encoding=UTF-8 -Dsun.stderr.encoding=UTF-8 
java_command: org.example.server.LivestreamServerMain
java_class_path (initial): C:\Users\tranh\.m2\repository\org\bytedeco\opencv\4.5.1-1.5.5;C:\Users\tranh\.m2\repository\org\bytedeco\opencv\4.5.1-1.5.5\opencv-4.5.1-1.5.5-android-arm64.jar;C:\Users\tranh\.m2\repository\org\bytedeco\opencv\4.5.1-1.5.5\opencv-4.5.1-1.5.5-android-arm64.jar.sha1;C:\Users\tranh\.m2\repository\org\bytedeco\opencv\4.5.1-1.5.5\opencv-4.5.1-1.5.5-android-x86_64.jar;C:\Users\tranh\.m2\repository\org\bytedeco\opencv\4.5.1-1.5.5\opencv-4.5.1-1.5.5-android-x86_64.jar.sha1;C:\Users\tranh\.m2\repository\org\bytedeco\opencv\4.5.1-1.5.5\opencv-4.5.1-1.5.5-ios-x86_64.jar;C:\Users\tranh\.m2\repository\org\bytedeco\opencv\4.5.1-1.5.5\opencv-4.5.1-1.5.5-ios-x86_64.jar.sha1;C:\Users\tranh\.m2\repository\org\bytedeco\opencv\4.5.1-1.5.5\opencv-4.5.1-1.5.5-linux-arm64.jar;C:\Users\tranh\.m2\repository\org\bytedeco\opencv\4.5.1-1.5.5\opencv-4.5.1-1.5.5-linux-arm64.jar.sha1;C:\Users\tranh\.m2\repository\org\bytedeco\opencv\4.5.1-1.5.5\opencv-4.5.1-1.5.5-linux-armhf.jar;C:\Users\tranh\.m2\repository\org\bytedeco\opencv\4.5.1-1.5.5\opencv-4.5.1-1.5.5-linux-armhf.jar.sha1;C:\Users\tranh\.m2\repository\org\bytedeco\opencv\4.5.1-1.5.5\opencv-4.5.1-1.5.5-linux-ppc64le.jar;C:\Users\tranh\.m2\repository\org\bytedeco\opencv\4.5.1-1.5.5\opencv-4.5.1-1.5.5-linux-ppc64le.jar.sha1;C:\Users\tranh\.m2\repository\org\bytedeco\opencv\4.5.1-1.5.5\opencv-4.5.1-1.5.5-linux-x86.jar;C:\Users\tranh\.m2\repository\org\bytedeco\opencv\4.5.1-1.5.5\opencv-4.5.1-1.5.5-linux-x86.jar.sha1;C:\Users\tranh\.m2\repository\org\bytedeco\opencv\4.5.1-1.5.5\opencv-4.5.1-1.5.5-macosx-x86_64.jar;C:\Users\tranh\.m2\repository\org\bytedeco\opencv\4.5.1-1.5.5\opencv-4.5.1-1.5.5-macosx-x86_64.jar.sha1;C:\Users\tranh\.m2\repository\org\bytedeco\opencv\4.5.1-1.5.5\opencv-4.5.1-1.5.5-windows-x86.jar;C:\Users\tranh\.m2\repository\org\bytedeco\opencv\4.5.1-1.5.5\opencv-4.5.1-1.5.5-windows-x86.jar.sha1;C:\Users\tranh\.m2\repository\org\bytedeco\opencv\4.5.1-1.5.5\opencv-4.5.1-1.5.5-windows-x86_64.jar;C:\Users\tranh\.m2\repository\org\bytedeco\opencv\4.5.1-1.5.5\opencv-4.5.1-1.5.5-windows-x86_64.jar.sha1;C:\Users\tranh\.m2\repository\org\bytedeco\opencv\4.5.1-1.5.5\opencv-4.5.1-1.5.5.jar;C:\Users\tranh\.m2\repository\org\bytedeco\opencv\4.5.1-1.5.5\opencv-4.5.1-1.5.5.jar.sha1;C:\Users\tranh\.m2\repository\org\bytedeco\opencv\4.5.1-1.5.5\opencv-4.5.1-1.5.5.pom;C:\Users\tranh\.m2\repository\org\bytedeco\opencv\4.5.1-1.5.5\opencv-4.5.1-1.5.5.pom.sha1;C:\Users\tranh\.m2\repository\org\bytedeco\opencv\4.5.1-1.5.5\_remote.repositories;F:\Workspace\Streaming\target\classes;C:\Users\tranh\.m2\repository\io\socket\socket.io-client\2.1.1\socket.io-client-2.1.1.jar;C:\Users\tranh\.m2\repository\io\socket\engine.io-client\2.1.0\engine.io-client-2.1.0.jar;C:\Users\tranh\.m2\repository\com\squareup\okhttp3\okhttp\3.12.12\okhttp-3.12.12.jar;C:\Users\tranh\.m2\repository\com\squareup\okio\okio\1.15.0\okio-1.15.0.jar;C:\Users\tranh\.m2\repository\org\json\json\20090211\json-20090211.jar;C:\Users\tranh\.m2\repository\io\socket\socket.io-server\1.0.0\socket.io-server-1.0.0.jar;C:\Users\tranh\.m2\repository\com\google\code\findbugs\jsr305\3.0.2\jsr305-3.0.2.jar;C:\Users\tranh\.m2\repository\io\socket\engine.io-server\6.2.1\engine.io-server-6.2.1.jar;C:\Users\tranh\.m2\repository\org\bytedeco\javacv-platform\1.5.9\javacv-platform-1.5.9.jar;C:\Users\tranh\.m2\repository\org\bytedeco\javacv\1.5.9\javacv-1.5.9.jar;C:\Users\tranh\.m2\repository\org\bytedeco\openblas\0.3.23-1.5.9\openblas-0.3.23-1.5.9.jar;C:\Users\tranh\.m2\repository\org\bytedeco\opencv\4.7.0-1.5.9\opencv-4.7.0-1.5.9.jar;C:\Users\tranh\.m2\repository\org\bytedeco\flycapture\2.13.3.31-1.5.9\flycapture-2.13.3.31-1.5.9.jar;C:\Users\tranh\.m2\repository\org\bytedeco\libdc1394\2.2.6-1.5.9\libdc1394-2.2.6-1.5.9.jar;C:\Users\tranh\.m2\repository\org\bytedeco\libfreenect\0.5.7-1.5.9\libfreenect-0.5.7-1.5.9.jar;C:\Users\tranh\.m2\repository\org\bytedeco\libfreenect2\0.2.0-1.5.9\libfreenect2-0.2.0-1.5.9.jar;C:\Users\tranh\.m2\repository\org\bytedeco\librealsense\1.12.4-1.5.9\librealsense-1.12.4-1.5.9.jar;C:\Users\tranh\.m2\repository\org\bytedeco\librealsense2\2.53.1-1.5.9\librealsense2-2.53.1-1.5.9.jar;C:\Users\tranh\.m2\repository\org\bytedeco\artoolkitplus\2.3.1-1.5.9\artoolkitplus-2.3.1-1.5.9.jar;C:\Users\tranh\.m2\repository\org\bytedeco\leptonica\1.83.0-1.5.9\leptonica-1.83.0-1.5.9.jar;C:\Users\tranh\.m2\repository\org\bytedeco\tesseract\5.3.1-1.5.9\tesseract-5.3.1-1.5.9.jar;C:\Users\tranh\.m2\repository\org\bytedeco\openblas-platform\0.3.23-1.5.9\openblas-platform-0.3.23-1.5.9.jar;C:\Users\tranh\.m2\repository\org\bytedeco\openblas\0.3.23-1.5.9\openblas-0.3.23-1.5.9-android-arm.jar;C:\Users\tranh\.m2\repository\org\bytedeco\openblas\0.3.23-1.5.9\openblas-0.3.23-1.5.9-android-arm64.jar;C:\Users\tranh\.m2\repository\org\bytedeco\openblas\0.3.23-1.5.9\openblas-0.3.23-1.5.9-android-x86.jar;C:\Users\tranh\.m2\repository\org\bytedeco\openblas\0.3.23-1.5.9\openblas-0.3.23-1.5.9-android-x86_64.jar;C:\Users\tranh\.m2\repository\org\bytedeco\openblas\0.3.23-1.5.9\openblas-0.3.23-1.5.9-ios-arm64.jar;C:\Users\tranh\.m2\repository\org\bytedeco\openblas\0.3.23-1.5.9\openblas-0.3.23-1.5.9-ios-x86_64.jar;C:\Users\tranh\.m2\repository\org\bytedeco\openblas\0.3.23-1.5.9\openblas-0.3.23-1.5.9-linux-x86.jar;C:\Users\tranh\.m2\repository\org\bytedeco\openblas\0.3.23-1.5.9\openblas-0.3.23-1.5.9-linux-x86_64.jar;C:\Users\tranh\.m2\repository\org\bytedeco\openblas\0.3.23-1.5.9\openblas-0.3.23-1.5.9-linux-armhf.jar;C:\Users\tranh\.m2\repository\org\bytedeco\openblas\0.3.23-1.5.9\openblas-0.3.23-1.5.9-linux-arm64.jar;C:\Users\tranh\.m2\repository\org\bytedeco\openblas\0.3.23-1.5.9\openblas-0.3.23-1.5.9-linux-ppc64le.jar;C:\Users\tranh\.m2\repository\org\bytedeco\openblas\0.3.23-1.5.9\openblas-0.3.23-1.5.9-macosx-arm64.jar;C:\Users\tranh\.m2\repository\org\bytedeco\openblas\0.3.23-1.5.9\openblas-0.3.23-1.5.9-macosx-x86_64.jar;C:\Users\tranh\.m2\repository\org\bytedeco\openblas\0.3.23-1.5.9\openblas-0.3.23-1.5.9-windows-x86.jar;C:\Users\tranh\.m2\repository\org\bytedeco\openblas\0.3.23-1.5.9\openblas-0.3.23-1.5.9-windows-x86_64.jar;C:\Users\tranh\.m2\repository\org\bytedeco\opencv-platform\4.7.0-1.5.9\opencv-platform-4.7.0-1.5.9.jar;C:\Users\tranh\.m2\repository\org\bytedeco\opencv\4.7.0-1.5.9\opencv-4.7.0-1.5.9-android-arm.jar;C:\Users\tranh\.m2\repository\org\bytedeco\opencv\4.7.0-1.5.9\opencv-4.7.0-1.5.9-android-arm64.jar;C:\Users\tranh\.m2\repository\org\bytedeco\opencv\4.7.0-1.5.9\opencv-4.7.0-1.5.9-android-x86.jar;C:\Users\tranh\.m2\repository\org\bytedeco\opencv\4.7.0-1.5.9\opencv-4.7.0-1.5.9-android-x86_64.jar;C:\Users\tranh\.m2\repository\org\bytedeco\opencv\4.7.0-1.5.9\opencv-4.7.0-1.5.9-ios-arm64.jar;C:\Users\tranh\.m2\repository\org\bytedeco\opencv\4.7.0-1.5.9\opencv-4.7.0-1.5.9-ios-x86_64.jar;C:\Users\tranh\.m2\repository\org\bytedeco\opencv\4.7.0-1.5.9\opencv-4.7.0-1.5.9-linux-x86.jar;C:\Users\tranh\.m2\repository\org\bytedeco\opencv\4.7.0-1.5.9\opencv-4.7.0-1.5.9-linux-x86_64.jar;C:\Users\tranh\.m2\repository\org\bytedeco\opencv\4.7.0-1.5.9\opencv-4.7.0-1.5.9-linux-armhf.jar;C:\Users\tranh\.m2\repository\org\bytedeco\opencv\4.7.0-1.5.9\opencv-4.7.0-1.5.9-linux-arm64.jar;C:\Users\tranh\.m2\repository\org\bytedeco\opencv\4.7.0-1.5.9\opencv-4.7.0-1.5.9-linux-ppc64le.jar;C:\Users\tranh\.m2\repository\org\bytedeco\opencv\4.7.0-1.5.9\opencv-4.7.0-1.5.9-macosx-arm64.jar;C:\Users\tranh\.m2\repository\org\bytedeco\opencv\4.7.0-1.5.9\opencv-4.7.0-1.5.9-macosx-x86_64.jar;C:\Users\tranh\.m2\repository\org\bytedeco\opencv\4.7.0-1.5.9\opencv-4.7.0-1.5.9-windows-x86.jar;C:\Users\tranh\.m2\repository\org\bytedeco\opencv\4.7.0-1.5.9\opencv-4.7.0-1.5.9-windows-x86_64.jar;C:\Users\tranh\.m2\repository\org\bytedeco\flycapture-platform\2.13.3.31-1.5.9\flycapture-platform-2.13.3.31-1.5.9.jar;C:\Users\tranh\.m2\repository\org\bytedeco\flycapture\2.13.3.31-1.5.9\flycapture-2.13.3.31-1.5.9-linux-x86.jar;C:\Users\tranh\.m2\repository\org\bytedeco\flycapture\2.13.3.31-1.5.9\flycapture-2.13.3.31-1.5.9-linux-x86_64.jar;C:\Users\tranh\.m2\repository\org\bytedeco\flycapture\2.13.3.31-1.5.9\flycapture-2.13.3.31-1.5.9-linux-armhf.jar;C:\Users\tranh\.m2\repository\org\bytedeco\flycapture\2.13.3.31-1.5.9\flycapture-2.13.3.31-1.5.9-linux-arm64.jar;C:\Users\tranh\.m2\repository\org\bytedeco\flycapture\2.13.3.31-1.5.9\flycapture-2.13.3.31-1.5.9-windows-x86.jar;C:\Users\tranh\.m2\repository\org\bytedeco\flycapture\2.13.3.31-1.5.9\flycapture-2.13.3.31-1.5.9-windows-x86_64.jar;C:\Users\tranh\.m2\repository\org\bytedeco\libdc1394-platform\2.2.6-1.5.9\libdc1394-platform-2.2.6-1.5.9.jar;C:\Users\tranh\.m2\repository\org\bytedeco\libdc1394\2.2.6-1.5.9\libdc1394-2.2.6-1.5.9-linux-x86.jar;C:\Users\tranh\.m2\repository\org\bytedeco\libdc1394\2.2.6-1.5.9\libdc1394-2.2.6-1.5.9-linux-x86_64.jar;C:\Users\tranh\.m2\repository\org\bytedeco\libdc1394\2.2.6-1.5.9\libdc1394-2.2.6-1.5.9-linux-armhf.jar;C:\Users\tranh\.m2\repository\org\bytedeco\libdc1394\2.2.6-1.5.9\libdc1394-2.2.6-1.5.9-linux-arm64.jar;C:\Users\tranh\.m2\repository\org\bytedeco\libdc1394\2.2.6-1.5.9\libdc1394-2.2.6-1.5.9-linux-ppc64le.jar;C:\Users\tranh\.m2\repository\org\bytedeco\libdc1394\2.2.6-1.5.9\libdc1394-2.2.6-1.5.9-macosx-x86_64.jar;C:\Users\tranh\.m2\repository\org\bytedeco\libdc1394\2.2.6-1.5.9\libdc1394-2.2.6-1.5.9-windows-x86.jar;C:\Users\tranh\.m2\repository\org\bytedeco\libdc1394\2.2.6-1.5.9\libdc1394-2.2.6-1.5.9-windows-x86_64.jar;C:\Users\tranh\.m2\repository\org\bytedeco\libfreenect-platform\0.5.7-1.5.9\libfreenect-platform-0.5.7-1.5.9.jar;C:\Users\tranh\.m2\repository\org\bytedeco\libfreenect\0.5.7-1.5.9\libfreenect-0.5.7-1.5.9-linux-x86.jar;C:\Users\tranh\.m2\repository\org\bytedeco\libfreenect\0.5.7-1.5.9\libfreenect-0.5.7-1.5.9-linux-x86_64.jar;C:\Users\tranh\.m2\repository\org\bytedeco\libfreenect\0.5.7-1.5.9\libfreenect-0.5.7-1.5.9-linux-armhf.jar;C:\Users\tranh\.m2\repository\org\bytedeco\libfreenect\0.5.7-1.5.9\libfreenect-0.5.7-1.5.9-linux-arm64.jar;C:\Users\tranh\.m2\repository\org\bytedeco\libfreenect\0.5.7-1.5.9\libfreenect-0.5.7-1.5.9-linux-ppc64le.jar;C:\Users\tranh\.m2\repository\org\bytedeco\libfreenect\0.5.7-1.5.9\libfreenect-0.5.7-1.5.9-macosx-x86_64.jar;C:\Users\tranh\.m2\repository\org\bytedeco\libfreenect\0.5.7-1.5.9\libfreenect-0.5.7-1.5.9-windows-x86.jar;C:\Users\tranh\.m2\repository\org\bytedeco\libfreenect\0.5.7-1.5.9\libfreenect-0.5.7-1.5.9-windows-x86_64.jar;C:\Users\tranh\.m2\repository\org\bytedeco\libfreenect2-platform\0.2.0-1.5.9\libfreenect2-platform-0.2.0-1.5.9.jar;C:\Users\tranh\.m2\repository\org\bytedeco\libfreenect2\0.2.0-1.5.9\libfreenect2-0.2.0-1.5.9-linux-x86.jar;C:\Users\tranh\.m2\repository\org\bytedeco\libfreenect2\0.2.0-1.5.9\libfreenect2-0.2.0-1.5.9-linux-x86_64.jar;C:\Users\tranh\.m2\repository\org\bytedeco\libfreenect2\0.2.0-1.5.9\libfreenect2-0.2.0-1.5.9-macosx-x86_64.jar;C:\Users\tranh\.m2\repository\org\bytedeco\libfreenect2\0.2.0-1.5.9\libfreenect2-0.2.0-1.5.9-windows-x86_64.jar;C:\Users\tranh\.m2\repository\org\bytedeco\librealsense-platform\1.12.4-1.5.9\librealsense-platform-1.12.4-1.5.9.jar;C:\Users\tranh\.m2\repository\org\bytedeco\librealsense\1.12.4-1.5.9\librealsense-1.12.4-1.5.9-linux-armhf.jar;C:\Users\tranh\.m2\repository\org\bytedeco\librealsense\1.12.4-1.5.9\librealsense-1.12.4-1.5.9-linux-arm64.jar;C:\Users\tranh\.m2\repository\org\bytedeco\librealsense\1.12.4-1.5.9\librealsense-1.12.4-1.5.9-linux-x86.jar;C:\Users\tranh\.m2\repository\org\bytedeco\librealsense\1.12.4-1.5.9\librealsense-1.12.4-1.5.9-linux-x86_64.jar;C:\Users\tranh\.m2\repository\org\bytedeco\librealsense\1.12.4-1.5.9\librealsense-1.12.4-1.5.9-macosx-x86_64.jar;C:\Users\tranh\.m2\repository\org\bytedeco\librealsense\1.12.4-1.5.9\librealsense-1.12.4-1.5.9-windows-x86.jar;C:\Users\tranh\.m2\repository\org\bytedeco\librealsense\1.12.4-1.5.9\librealsense-1.12.4-1.5.9-windows-x86_64.jar;C:\Users\tranh\.m2\repository\org\bytedeco\librealsense2-platform\2.53.1-1.5.9\librealsense2-platform-2.53.1-1.5.9.jar;C:\Users\tranh\.m2\repository\org\bytedeco\librealsense2\2.53.1-1.5.9\librealsense2-2.53.1-1.5.9-linux-armhf.jar;C:\Users\tranh\.m2\repository\org\bytedeco\librealsense2\2.53.1-1.5.9\librealsense2-2.53.1-1.5.9-linux-arm64.jar;C:\Users\tranh\.m2\repository\org\bytedeco\librealsense2\2.53.1-1.5.9\librealsense2-2.53.1-1.5.9-linux-x86.jar;C:\Users\tranh\.m2\repository\org\bytedeco\librealsense2\2.53.1-1.5.9\librealsense2-2.53.1-1.5.9-linux-x86_64.jar;C:\Users\tranh\.m2\repository\org\bytedeco\librealsense2\2.53.1-1.5.9\librealsense2-2.53.1-1.5.9-macosx-x86_64.jar;C:\Users\tranh\.m2\repository\org\bytedeco\librealsense2\2.53.1-1.5.9\librealsense2-2.53.1-1.5.9-windows-x86.jar;C:\Users\tranh\.m2\repository\org\bytedeco\librealsense2\2.53.1-1.5.9\librealsense2-2.53.1-1.5.9-windows-x86_64.jar;C:\Users\tranh\.m2\repository\org\bytedeco\videoinput-platform\0.200-1.5.9\videoinput-platform-0.200-1.5.9.jar;C:\Users\tranh\.m2\repository\org\bytedeco\videoinput\0.200-1.5.9\videoinput-0.200-1.5.9-windows-x86.jar;C:\Users\tranh\.m2\repository\org\bytedeco\videoinput\0.200-1.5.9\videoinput-0.200-1.5.9-windows-x86_64.jar;C:\Users\tranh\.m2\repository\org\bytedeco\artoolkitplus-platform\2.3.1-1.5.9\artoolkitplus-platform-2.3.1-1.5.9.jar;C:\Users\tranh\.m2\repository\org\bytedeco\artoolkitplus\2.3.1-1.5.9\artoolkitplus-2.3.1-1.5.9-android-arm.jar;C:\Users\tranh\.m2\repository\org\bytedeco\artoolkitplus\2.3.1-1.5.9\artoolkitplus-2.3.1-1.5.9-android-arm64.jar;C:\Users\tranh\.m2\repository\org\bytedeco\artoolkitplus\2.3.1-1.5.9\artoolkitplus-2.3.1-1.5.9-android-x86.jar;C:\Users\tranh\.m2\repository\org\bytedeco\artoolkitplus\2.3.1-1.5.9\artoolkitplus-2.3.1-1.5.9-android-x86_64.jar;C:\Users\tranh\.m2\repository\org\bytedeco\artoolkitplus\2.3.1-1.5.9\artoolkitplus-2.3.1-1.5.9-linux-x86.jar;C:\Users\tranh\.m2\repository\org\bytedeco\artoolkitplus\2.3.1-1.5.9\artoolkitplus-2.3.1-1.5.9-linux-x86_64.jar;C:\Users\tranh\.m2\repository\org\bytedeco\artoolkitplus\2.3.1-1.5.9\artoolkitplus-2.3.1-1.5.9-linux-armhf.jar;C:\Users\tranh\.m2\repository\org\bytedeco\artoolkitplus\2.3.1-1.5.9\artoolkitplus-2.3.1-1.5.9-linux-arm64.jar;C:\Users\tranh\.m2\repository\org\bytedeco\artoolkitplus\2.3.1-1.5.9\artoolkitplus-2.3.1-1.5.9-linux-ppc64le.jar;C:\Users\tranh\.m2\repository\org\bytedeco\artoolkitplus\2.3.1-1.5.9\artoolkitplus-2.3.1-1.5.9-macosx-x86_64.jar;C:\Users\tranh\.m2\repository\org\bytedeco\artoolkitplus\2.3.1-1.5.9\artoolkitplus-2.3.1-1.5.9-windows-x86.jar;C:\Users\tranh\.m2\repository\org\bytedeco\artoolkitplus\2.3.1-1.5.9\artoolkitplus-2.3.1-1.5.9-windows-x86_64.jar;C:\Users\tranh\.m2\repository\org\bytedeco\leptonica-platform\1.83.0-1.5.9\leptonica-platform-1.83.0-1.5.9.jar;C:\Users\tranh\.m2\repository\org\bytedeco\leptonica\1.83.0-1.5.9\leptonica-1.83.0-1.5.9-android-arm.jar;C:\Users\tranh\.m2\repository\org\bytedeco\leptonica\1.83.0-1.5.9\leptonica-1.83.0-1.5.9-android-arm64.jar;C:\Users\tranh\.m2\repository\org\bytedeco\leptonica\1.83.0-1.5.9\leptonica-1.83.0-1.5.9-android-x86.jar;C:\Users\tranh\.m2\repository\org\bytedeco\leptonica\1.83.0-1.5.9\leptonica-1.83.0-1.5.9-android-x86_64.jar;C:\Users\tranh\.m2\repository\org\bytedeco\leptonica\1.83.0-1.5.9\leptonica-1.83.0-1.5.9-linux-x86.jar;C:\Users\tranh\.m2\repository\org\bytedeco\leptonica\1.83.0-1.5.9\leptonica-1.83.0-1.5.9-linux-x86_64.jar;C:\Users\tranh\.m2\repository\org\bytedeco\leptonica\1.83.0-1.5.9\leptonica-1.83.0-1.5.9-linux-armhf.jar;C:\Users\tranh\.m2\repository\org\bytedeco\leptonica\1.83.0-1.5.9\leptonica-1.83.0-1.5.9-linux-arm64.jar;C:\Users\tranh\.m2\repository\org\bytedeco\leptonica\1.83.0-1.5.9\leptonica-1.83.0-1.5.9-linux-ppc64le.jar;C:\Users\tranh\.m2\repository\org\bytedeco\leptonica\1.83.0-1.5.9\leptonica-1.83.0-1.5.9-macosx-arm64.jar;C:\Users\tranh\.m2\repository\org\bytedeco\leptonica\1.83.0-1.5.9\leptonica-1.83.0-1.5.9-macosx-x86_64.jar;C:\Users\tranh\.m2\repository\org\bytedeco\leptonica\1.83.0-1.5.9\leptonica-1.83.0-1.5.9-windows-x86.jar;C:\Users\tranh\.m2\repository\org\bytedeco\leptonica\1.83.0-1.5.9\leptonica-1.83.0-1.5.9-windows-x86_64.jar;C:\Users\tranh\.m2\repository\org\bytedeco\tesseract-platform\5.3.1-1.5.9\tesseract-platform-5.3.1-1.5.9.jar;C:\Users\tranh\.m2\repository\org\bytedeco\tesseract\5.3.1-1.5.9\tesseract-5.3.1-1.5.9-android-arm.jar;C:\Users\tranh\.m2\repository\org\bytedeco\tesseract\5.3.1-1.5.9\tesseract-5.3.1-1.5.9-android-arm64.jar;C:\Users\tranh\.m2\repository\org\bytedeco\tesseract\5.3.1-1.5.9\tesseract-5.3.1-1.5.9-android-x86.jar;C:\Users\tranh\.m2\repository\org\bytedeco\tesseract\5.3.1-1.5.9\tesseract-5.3.1-1.5.9-android-x86_64.jar;C:\Users\tranh\.m2\repository\org\bytedeco\tesseract\5.3.1-1.5.9\tesseract-5.3.1-1.5.9-linux-x86.jar;C:\Users\tranh\.m2\repository\org\bytedeco\tesseract\5.3.1-1.5.9\tesseract-5.3.1-1.5.9-linux-x86_64.jar;C:\Users\tranh\.m2\repository\org\bytedeco\tesseract\5.3.1-1.5.9\tesseract-5.3.1-1.5.9-linux-armhf.jar;C:\Users\tranh\.m2\repository\org\bytedeco\tesseract\5.3.1-1.5.9\tesseract-5.3.1-1.5.9-linux-arm64.jar;C:\Users\tranh\.m2\repository\org\bytedeco\tesseract\5.3.1-1.5.9\tesseract-5.3.1-1.5.9-linux-ppc64le.jar;C:\Users\tranh\.m2\repository\org\bytedeco\tesseract\5.3.1-1.5.9\tesseract-5.3.1-1.5.9-macosx-arm64.jar;C:\Users\tranh\.m2\repository\org\bytedeco\tesseract\5.3.1-1.5.9\tesseract-5.3.1-1.5.9-macosx-x86_64.jar;C:\Users\tranh\.m2\repository\org\bytedeco\tesseract\5.3.1-1.5.9\tesseract-5.3.1-1.5.9-windows-x86.jar;C:\Users\tranh\.m2\repository\org\bytedeco\tesseract\5.3.1-1.5.9\tesseract-5.3.1-1.5.9-windows-x86_64.jar;C:\Users\tranh\.m2\repository\org\bytedeco\ffmpeg-platform\6.0-1.5.9\ffmpeg-platform-6.0-1.5.9.jar;C:\Users\tranh\.m2\repository\org\bytedeco\javacpp-platform\1.5.9\javacpp-platform-1.5.9.jar;C:\Users\tranh\.m2\repository\org\bytedeco\javacpp\1.5.9\javacpp-1.5.9-android-arm.jar;C:\Users\tranh\.m2\repository\org\bytedeco\javacpp\1.5.9\javacpp-1.5.9-android-arm64.jar;C:\Users\tranh\.m2\repository\org\bytedeco\javacpp\1.5.9\javacpp-1.5.9-android-x86.jar;C:\Users\tranh\.m2\repository\org\bytedeco\javacpp\1.5.9\javacpp-1.5.9-android-x86_64.jar;C:\Users\tranh\.m2\repository\org\bytedeco\javacpp\1.5.9\javacpp-1.5.9-ios-arm64.jar;C:\Users\tranh\.m2\repository\org\bytedeco\javacpp\1.5.9\javacpp-1.5.9-ios-x86_64.jar;C:\Users\tranh\.m2\repository\org\bytedeco\javacpp\1.5.9\javacpp-1.5.9-linux-armhf.jar;C:\Users\tranh\.m2\repository\org\bytedeco\javacpp\1.5.9\javacpp-1.5.9-linux-arm64.jar;C:\Users\tranh\.m2\repository\org\bytedeco\javacpp\1.5.9\javacpp-1.5.9-linux-ppc64le.jar;C:\Users\tranh\.m2\repository\org\bytedeco\javacpp\1.5.9\javacpp-1.5.9-linux-x86.jar;C:\Users\tranh\.m2\repository\org\bytedeco\javacpp\1.5.9\javacpp-1.5.9-linux-x86_64.jar;C:\Users\tranh\.m2\repository\org\bytedeco\javacpp\1.5.9\javacpp-1.5.9-macosx-arm64.jar;C:\Users\tranh\.m2\repository\org\bytedeco\javacpp\1.5.9\javacpp-1.5.9-macosx-x86_64.jar;C:\Users\tranh\.m2\repository\org\bytedeco\javacpp\1.5.9\javacpp-1.5.9-windows-x86.jar;C:\Users\tranh\.m2\repository\org\bytedeco\javacpp\1.5.9\javacpp-1.5.9-windows-x86_64.jar;C:\Users\tranh\.m2\repository\org\bytedeco\ffmpeg\6.0-1.5.9\ffmpeg-6.0-1.5.9.jar;C:\Users\tranh\.m2\repository\org\bytedeco\ffmpeg\6.0-1.5.9\ffmpeg-6.0-1.5.9-android-arm.jar;C:\Users\tranh\.m2\repository\org\bytedeco\ffmpeg\6.0-1.5.9\ffmpeg-6.0-1.5.9-android-arm64.jar;C:\Users\tranh\.m2\repository\org\bytedeco\ffmpeg\6.0-1.5.9\ffmpeg-6.0-1.5.9-android-x86.jar;C:\Users\tranh\.m2\repository\org\bytedeco\ffmpeg\6.0-1.5.9\ffmpeg-6.0-1.5.9-android-x86_64.jar;C:\Users\tranh\.m2\repository\org\bytedeco\ffmpeg\6.0-1.5.9\ffmpeg-6.0-1.5.9-linux-x86.jar;C:\Users\tranh\.m2\repository\org\bytedeco\ffmpeg\6.0-1.5.9\ffmpeg-6.0-1.5.9-linux-x86_64.jar;C:\Users\tranh\.m2\repository\org\bytedeco\ffmpeg\6.0-1.5.9\ffmpeg-6.0-1.5.9-linux-armhf.jar;C:\Users\tranh\.m2\repository\org\bytedeco\ffmpeg\6.0-1.5.9\ffmpeg-6.0-1.5.9-linux-arm64.jar;C:\Users\tranh\.m2\repository\org\bytedeco\ffmpeg\6.0-1.5.9\ffmpeg-6.0-1.5.9-linux-ppc64le.jar;C:\Users\tranh\.m2\repository\org\bytedeco\ffmpeg\6.0-1.5.9\ffmpeg-6.0-1.5.9-macosx-arm64.jar;C:\Users\tranh\.m2\repository\org\bytedeco\ffmpeg\6.0-1.5.9\ffmpeg-6.0-1.5.9-macosx-x86_64.jar;C:\Users\tranh\.m2\repository\org\bytedeco\ffmpeg\6.0-1.5.9\ffmpeg-6.0-1.5.9-windows-x86.jar;C:\Users\tranh\.m2\repository\org\bytedeco\ffmpeg\6.0-1.5.9\ffmpeg-6.0-1.5.9-windows-x86_64.jar;C:\Users\tranh\.m2\repository\org\java-websocket\Java-WebSocket\1.5.2\Java-WebSocket-1.5.2.jar;C:\Users\tranh\.m2\repository\org\slf4j\slf4j-api\1.7.25\slf4j-api-1.7.25.jar;C:\Users\tranh\.m2\repository\org\slf4j\slf4j-simple\1.7.30\slf4j-simple-1.7.30.jar;C:\Users\tranh\.m2\repository\org\bytedeco\javacpp\1.5.9\javacpp-1.5.9.jar;C:\Users\tranh\.m2\repository\org\bytedeco\videoinput\0.200-1.5.9\videoinput-0.200-1.5.9.jar;C:\Users\tranh\.m2\repository\com\mysql\mysql-connector-j\8.0.33\mysql-connector-j-8.0.33.jar;C:\Users\tranh\.m2\repository\com\google\protobuf\protobuf-java\3.21.9\protobuf-java-3.21.9.jar
Launcher Type: SUN_STANDARD

[Global flags]
     intx CICompilerCount                          = 12                                        {product} {ergonomic}
     uint ConcGCThreads                            = 3                                         {product} {ergonomic}
     uint G1ConcRefinementThreads                  = 13                                        {product} {ergonomic}
   size_t G1HeapRegionSize                         = 2097152                                   {product} {ergonomic}
    uintx GCDrainStackTargetSize                   = 64                                        {product} {ergonomic}
   size_t InitialHeapSize                          = 260046848                                 {product} {ergonomic}
   size_t MarkStackSize                            = 4194304                                   {product} {ergonomic}
   size_t MaxHeapSize                              = 4139778048                                {product} {ergonomic}
   size_t MaxNewSize                               = 2483027968                                {product} {ergonomic}
   size_t MinHeapDeltaBytes                        = 2097152                                   {product} {ergonomic}
   size_t MinHeapSize                              = 8388608                                   {product} {ergonomic}
    uintx NonNMethodCodeHeapSize                   = 7602480                                {pd product} {ergonomic}
    uintx NonProfiledCodeHeapSize                  = 122027880                              {pd product} {ergonomic}
    uintx ProfiledCodeHeapSize                     = 122027880                              {pd product} {ergonomic}
    uintx ReservedCodeCacheSize                    = 251658240                              {pd product} {ergonomic}
     bool SegmentedCodeCache                       = true                                      {product} {ergonomic}
   size_t SoftMaxHeapSize                          = 4139778048                             {manageable} {ergonomic}
     bool UseCompressedOops                        = true                           {product lp64_product} {ergonomic}
     bool UseG1GC                                  = true                                      {product} {ergonomic}
     bool UseLargePagesIndividualAllocation        = false                                  {pd product} {ergonomic}

Logging:
Log output configuration:
 #0: stdout all=warning uptime,level,tags foldmultilines=false
 #1: stderr all=off uptime,level,tags foldmultilines=false

Environment Variables:
JAVA_HOME=C:\Program Files\Java\jdk-21
PATH=C:\Program Files\Common Files\Oracle\Java\javapath;C:\Windows\system32;C:\Windows;C:\Windows\System32\Wbem;C:\Windows\System32\WindowsPowerShell\v1.0\;C:\Windows\System32\OpenSSH\;C:\Program Files (x86)\NVIDIA Corporation\PhysX\Common;C:\WINDOWS\system32;C:\WINDOWS;C:\WINDOWS\System32\Wbem;C:\WINDOWS\System32\WindowsPowerShell\v1.0\;C:\WINDOWS\System32\OpenSSH\;C:\Program Files\dotnet\;C:\Users\tranh\OneDrive\Documents;C:\Program Files (x86)\Microsoft SQL Server\160\Tools\Binn\;C:\Program Files\Microsoft SQL Server\160\Tools\Binn\;C:\Program Files\Microsoft SQL Server\Client SDK\ODBC\170\Tools\Binn\;C:\Program Files\Microsoft SQL Server\160\DTS\Binn\;C:\Program Files (x86)\Microsoft SQL Server\150\DTS\Binn\;C:\Program Files\Azure Data Studio\bin;C:\xampp\php;C:\composer;C:\xampp\mysql\bin;C:\Program Files\nodejs\;C:\Program Files\Git\cmd;D:\;C:\Program Files\CMake\bin;C:\ProgramData\chocolatey\bin;C:\ProgramData\chocolatey\lib\maven\apache-maven-3.9.9\bin;C:\Users\tranh\AppData\Local\Programs\Python\Python312\Scripts\;C:\Users\tranh\AppData\Local\Programs\Python\Python312\;C:\Users\tranh\AppData\Local\Microsoft\WindowsApps;C:\Users\tranh\AppData\Local\Programs\Microsoft VS Code\bin;C:\Users\tranh\AppData\Roaming\Composer\vendor\bin;C:\Users\tranh\AppData\Roaming\npm;F:\IntelliJ IDEA Community Edition 2024.2.0.1\bin;D:\Program Files (x86)\Python312;;D:\Program Files (x86)\Python312;C:\Program Files\Docker\Docker\resources\bin;C:\Program Files\WireGuard\;C:\Program Files\Common Files\Oracle\Java\javapath;C:\Windows\system32;C:\Windows;C:\Windows\System32\Wbem;C:\Windows\System32\WindowsPowerShell\v1.0\;C:\Windows\System32\OpenSSH\;C:\Program Files (x86)\NVIDIA Corporation\PhysX\Common;C:\WINDOWS\system32;C:\WINDOWS;C:\WINDOWS\System32\Wbem;C:\WINDOWS\System32\WindowsPowerShell\v1.0\;C:\WINDOWS\System32\OpenSSH\;C:\Program Files\dotnet\;C:\Users\tranh\OneDrive\Documents;C:\Program Files (x86)\Microsoft SQL Server\160\Tools\Binn\;C:\Program Files\Microsoft SQL Server\160\Tools\Binn\;C:\Program Files\Microsoft SQL Server\Client SDK\ODBC\170\Tools\Binn\;C:\Program Files\Microsoft SQL Server\160\DTS\Binn\;C:\Program Files (x86)\Microsoft SQL Server\150\DTS\Binn\;C:\Program Files\Azure Data Studio\bin;C:\xampp\php;C:\composer;C:\xampp\mysql\bin;C:\Program Files\nodejs\;C:\Program Files\Git\cmd;D:\;C:\Program Files\CMake\bin;C:\ProgramData\chocolatey\bin;C:\ProgramData\chocolatey\lib\maven\apache-maven-3.9.9\bin;C:\Users\tranh\AppData\Local\Programs\Python\Python312\Scripts\;C:\Users\tranh\AppData\Local\Programs\Python\Python312\;C:\Users\tranh\AppData\Local\Microsoft\WindowsApps;C:\Users\tranh\AppData\Local\Programs\Microsoft VS Code\bin;C:\Users\tranh\AppData\Roaming\Composer\vendor\bin;C:\Users\tranh\AppData\Roaming\npm;F:\IntelliJ IDEA Community Edition 2024.2.0.1\bin;D:\Program Files (x86)\Python312;;D:\Program Files (x86)\Python312;;D:\Program Files (x86)\Python312;C:\ProgramData\mingw64\mingw64\bin
USERNAME=tranh
OS=Windows_NT
PROCESSOR_IDENTIFIER=AMD64 Family 23 Model 96 Stepping 1, AuthenticAMD
TMP=C:\Users\tranh\AppData\Local\Temp
TEMP=C:\Users\tranh\AppData\Local\Temp




Periodic native trim disabled

---------------  S Y S T E M  ---------------

OS:
 Windows 11 , 64 bit Build 26100 (10.0.26100.2454)
OS uptime: 0 days 8:59 hours
Hyper-V role detected

CPU: total 16 (initial active 16) (16 cores per cpu, 2 threads per core) family 23 model 96 stepping 1 microcode 0x8600106, cx8, cmov, fxsr, ht, mmx, 3dnowpref, sse, sse2, sse3, ssse3, sse4a, sse4.1, sse4.2, popcnt, lzcnt, tsc, tscinvbit, avx, avx2, aes, clmul, bmi1, bmi2, adx, sha, fma, vzeroupper, clflush, clflushopt, hv, rdtscp, rdpid, f16c
Processor Information for all 16 processors :
  Max Mhz: 2901, Current Mhz: 2901, Mhz Limit: 2901

Memory: 4k page, system-wide physical 15791M (2901M free)
TotalPageFile size 22577M (AvailPageFile size 0M)
current process WorkingSet (physical memory assigned to process): 59M, peak: 143M
current process commit charge ("private bytes"): 380M, peak: 406M

vm_info: Java HotSpot(TM) 64-Bit Server VM (21.0.1+12-LTS-29) for windows-amd64 JRE (21.0.1+12-LTS-29), built on 2023-10-05T13:27:09Z by "mach5one" with MS VC++ 17.1 (VS2022)

END.
