#
# There is insufficient memory for the Java Runtime Environment to continue.
# Native memory allocation (malloc) failed to allocate 32784 bytes for Chunk::new
# Possible reasons:
#   The system is out of physical RAM or swap space
#   The process is running with CompressedOops enabled, and the Java Heap may be blocking the growth of the native heap
# Possible solutions:
#   Reduce memory load on the system
#   Increase physical memory or swap space
#   Check if swap backing store is full
#   Decrease Java heap size (-Xmx/-Xms)
#   Decrease number of Java threads
#   Decrease Java thread stack sizes (-Xss)
#   Set larger code cache with -XX:ReservedCodeCacheSize=
#   JVM is running with Zero Based Compressed Oops mode in which the Java heap is
#     placed in the first 32GB address space. The Java Heap base address is the
#     maximum limit for the native heap growth. Please use -XX:HeapBaseMinAddress
#     to set the Java Heap base and to place the Java Heap above 32GB virtual address.
# This output file may be truncated or incomplete.
#
#  Out of Memory Error (arena.cpp:168), pid=10992, tid=9648
#
# JRE version: Java(TM) SE Runtime Environment (21.0.1+12) (build 21.0.1+12-LTS-29)
# Java VM: Java HotSpot(TM) 64-Bit Server VM (21.0.1+12-LTS-29, mixed mode, sharing, tiered, compressed oops, compressed class ptrs, g1 gc, windows-amd64)
# No core dump will be written. Minidumps are not enabled by default on client versions of Windows
#

---------------  S U M M A R Y ------------

Command Line: -javaagent:F:\IntelliJ IDEA Community Edition 2024.2.0.1\lib\idea_rt.jar=56198:F:\IntelliJ IDEA Community Edition 2024.2.0.1\bin -Dfile.encoding=UTF-8 -Dsun.stdout.encoding=UTF-8 -Dsun.stderr.encoding=UTF-8 org.example.server.LivestreamServerMain

Host: AMD Ryzen 7 4800H with Radeon Graphics         , 16 cores, 15G,  Windows 11 , 64 bit Build 26100 (10.0.26100.2454)
Time: Thu Dec 12 00:45:26 2024 SE Asia Standard Time elapsed time: 421.831889 seconds (0d 0h 7m 1s)

---------------  T H R E A D  ---------------

Current thread (0x00000237f50014f0):  JavaThread "C2 CompilerThread0" daemon [_thread_in_native, id=9648, stack(0x000000d799200000,0x000000d799300000) (1024K)]


Current CompileTask:
C2: 421831 2108       4       org.java_websocket.drafts.Draft_6455::translateSingleFrame (447 bytes)

Stack: [0x000000d799200000,0x000000d799300000]
Native frames: (J=compiled Java code, j=interpreted, Vv=VM code, C=native code)
V  [jvm.dll+0x6c9029]
V  [jvm.dll+0x854b81]
V  [jvm.dll+0x856e5e]
V  [jvm.dll+0x857543]
V  [jvm.dll+0x280c06]
V  [jvm.dll+0xc3ead]
V  [jvm.dll+0xc43c3]
V  [jvm.dll+0xc3fd5]
V  [jvm.dll+0x6a5c9c]
V  [jvm.dll+0x25438f]
V  [jvm.dll+0x24ac02]
V  [jvm.dll+0x248fa3]
V  [jvm.dll+0x1c9ca1]
V  [jvm.dll+0x2586b9]
V  [jvm.dll+0x256c9a]
V  [jvm.dll+0x3ef1b6]
V  [jvm.dll+0x7fd728]
V  [jvm.dll+0x6c777d]
C  [ucrtbase.dll+0x14ea0]
C  [KERNEL32.DLL+0x2e8d7]
C  [ntdll.dll+0xdfbcc]


---------------  P R O C E S S  ---------------

Threads class SMR info:
_java_thread_list=0x00000237f5d65a40, length=33, elements={
0x00000237af8f3e00, 0x00000237af8f4860, 0x00000237af8f98d0, 0x00000237af8fa7c0,
0x00000237af8fb350, 0x00000237f50048c0, 0x00000237f50014f0, 0x00000237f5001f90,
0x00000237f5007020, 0x00000237f50055e0, 0x00000237f5003ba0, 0x00000237f5006990,
0x00000237f5004230, 0x00000237f5006300, 0x00000237f5004f50, 0x00000237f629f6d0,
0x00000237f629fd60, 0x00000237f62a1e30, 0x00000237f629e9b0, 0x00000237f62a1110,
0x00000237f62a03f0, 0x00000237f62a24c0, 0x00000237f62a0a80, 0x00000237f62a17a0,
0x00000237f629f040, 0x00000237f62a2b50, 0x00000237f62a31e0, 0x00000237f62a52b0,
0x00000237f62a3f00, 0x00000237f62a5940, 0x00000237f62a5fd0, 0x00000237f62a3870,
0x00000237f62a4590
}

Java Threads: ( => current thread )
  0x00000237af8f3e00 JavaThread "Reference Handler"          daemon [_thread_blocked, id=23864, stack(0x000000d798c00000,0x000000d798d00000) (1024K)]
  0x00000237af8f4860 JavaThread "Finalizer"                  daemon [_thread_blocked, id=1916, stack(0x000000d798d00000,0x000000d798e00000) (1024K)]
  0x00000237af8f98d0 JavaThread "Signal Dispatcher"          daemon [_thread_blocked, id=23216, stack(0x000000d798e00000,0x000000d798f00000) (1024K)]
  0x00000237af8fa7c0 JavaThread "Attach Listener"            daemon [_thread_blocked, id=22292, stack(0x000000d798f00000,0x000000d799000000) (1024K)]
  0x00000237af8fb350 JavaThread "Service Thread"             daemon [_thread_blocked, id=3428, stack(0x000000d799000000,0x000000d799100000) (1024K)]
  0x00000237f50048c0 JavaThread "Monitor Deflation Thread"   daemon [_thread_blocked, id=3904, stack(0x000000d799100000,0x000000d799200000) (1024K)]
=>0x00000237f50014f0 JavaThread "C2 CompilerThread0"         daemon [_thread_in_native, id=9648, stack(0x000000d799200000,0x000000d799300000) (1024K)]
  0x00000237f5001f90 JavaThread "C1 CompilerThread0"         daemon [_thread_blocked, id=21428, stack(0x000000d799300000,0x000000d799400000) (1024K)]
  0x00000237f5007020 JavaThread "Common-Cleaner"             daemon [_thread_blocked, id=23984, stack(0x000000d799400000,0x000000d799500000) (1024K)]
  0x00000237f50055e0 JavaThread "Monitor Ctrl-Break"         daemon [_thread_in_native, id=21736, stack(0x000000d799700000,0x000000d799800000) (1024K)]
  0x00000237f5003ba0 JavaThread "Notification Thread"        daemon [_thread_blocked, id=4288, stack(0x000000d799800000,0x000000d799900000) (1024K)]
  0x00000237f5006990 JavaThread "Thread-0"                          [_thread_in_native, id=20852, stack(0x000000d799900000,0x000000d799a00000) (1024K)]
  0x00000237f5004230 JavaThread "WebSocketSelector-47"              [_thread_in_native, id=15736, stack(0x000000d799b00000,0x000000d799c00000) (1024K)]
  0x00000237f5006300 JavaThread "DestroyJavaVM"                     [_thread_blocked, id=16640, stack(0x000000d798400000,0x000000d798500000) (1024K)]
  0x00000237f5004f50 JavaThread "connectionLostChecker-1"           [_thread_blocked, id=11192, stack(0x000000d799e00000,0x000000d799f00000) (1024K)]
  0x00000237f629f6d0 JavaThread "WebSocketWorker-31"                [_thread_blocked, id=1652, stack(0x000000d799f00000,0x000000d79a000000) (1024K)]
  0x00000237f629fd60 JavaThread "WebSocketWorker-32"                [_thread_blocked, id=20232, stack(0x000000d79a000000,0x000000d79a100000) (1024K)]
  0x00000237f62a1e30 JavaThread "WebSocketWorker-33"                [_thread_blocked, id=3828, stack(0x000000d79a100000,0x000000d79a200000) (1024K)]
  0x00000237f629e9b0 JavaThread "WebSocketWorker-34"                [_thread_blocked, id=164, stack(0x000000d79a200000,0x000000d79a300000) (1024K)]
  0x00000237f62a1110 JavaThread "WebSocketWorker-35"                [_thread_blocked, id=13784, stack(0x000000d79a300000,0x000000d79a400000) (1024K)]
  0x00000237f62a03f0 JavaThread "WebSocketWorker-36"                [_thread_blocked, id=21132, stack(0x000000d79a400000,0x000000d79a500000) (1024K)]
  0x00000237f62a24c0 JavaThread "WebSocketWorker-37"                [_thread_blocked, id=18900, stack(0x000000d79a500000,0x000000d79a600000) (1024K)]
  0x00000237f62a0a80 JavaThread "WebSocketWorker-38"                [_thread_blocked, id=25948, stack(0x000000d79a600000,0x000000d79a700000) (1024K)]
  0x00000237f62a17a0 JavaThread "WebSocketWorker-39"                [_thread_blocked, id=19368, stack(0x000000d79a700000,0x000000d79a800000) (1024K)]
  0x00000237f629f040 JavaThread "WebSocketWorker-40"                [_thread_blocked, id=19640, stack(0x000000d79a800000,0x000000d79a900000) (1024K)]
  0x00000237f62a2b50 JavaThread "WebSocketWorker-41"                [_thread_blocked, id=21780, stack(0x000000d79a900000,0x000000d79aa00000) (1024K)]
  0x00000237f62a31e0 JavaThread "WebSocketWorker-42"                [_thread_blocked, id=16704, stack(0x000000d79aa00000,0x000000d79ab00000) (1024K)]
  0x00000237f62a52b0 JavaThread "WebSocketWorker-43"                [_thread_blocked, id=10724, stack(0x000000d79ab00000,0x000000d79ac00000) (1024K)]
  0x00000237f62a3f00 JavaThread "WebSocketWorker-44"                [_thread_blocked, id=12360, stack(0x000000d79ac00000,0x000000d79ad00000) (1024K)]
  0x00000237f62a5940 JavaThread "WebSocketWorker-45"                [_thread_blocked, id=10896, stack(0x000000d79ad00000,0x000000d79ae00000) (1024K)]
  0x00000237f62a5fd0 JavaThread "WebSocketWorker-46"                [_thread_blocked, id=21240, stack(0x000000d79ae00000,0x000000d79af00000) (1024K)]
  0x00000237f62a3870 JavaThread "mysql-cj-abandoned-connection-cleanup" daemon [_thread_blocked, id=18700, stack(0x000000d798100000,0x000000d798200000) (1024K)]
  0x00000237f62a4590 JavaThread "pool-2-thread-1"                   [_thread_blocked, id=2056, stack(0x000000d798300000,0x000000d798400000) (1024K)]
Total: 33

Other Threads:
  0x00000237af8d3490 VMThread "VM Thread"                           [id=3896, stack(0x000000d798b00000,0x000000d798c00000) (1024K)]
  0x00000237af8b3090 WatcherThread "VM Periodic Task Thread"        [id=4912, stack(0x000000d798a00000,0x000000d798b00000) (1024K)]
  0x00000237904e2610 WorkerThread "GC Thread#0"                     [id=26692, stack(0x000000d798500000,0x000000d798600000) (1024K)]
  0x00000237af8d3830 WorkerThread "GC Thread#1"                     [id=25176, stack(0x000000d79af00000,0x000000d79b000000) (1024K)]
  0x00000237af8d4df0 WorkerThread "GC Thread#2"                     [id=3812, stack(0x000000d79b000000,0x000000d79b100000) (1024K)]
  0x00000237af8d3bd0 WorkerThread "GC Thread#3"                     [id=13196, stack(0x000000d79b100000,0x000000d79b200000) (1024K)]
  0x00000237af8d3f70 WorkerThread "GC Thread#4"                     [id=9140, stack(0x000000d79b200000,0x000000d79b300000) (1024K)]
  0x00000237af8d4310 WorkerThread "GC Thread#5"                     [id=23148, stack(0x000000d79b300000,0x000000d79b400000) (1024K)]
  0x00000237af8d4a50 WorkerThread "GC Thread#6"                     [id=20876, stack(0x000000d79b400000,0x000000d79b500000) (1024K)]
  0x00000237af8d46b0 WorkerThread "GC Thread#7"                     [id=10688, stack(0x000000d79b500000,0x000000d79b600000) (1024K)]
  0x00000237f62b4010 WorkerThread "GC Thread#8"                     [id=3132, stack(0x000000d79b600000,0x000000d79b700000) (1024K)]
  0x00000237f62b43b0 WorkerThread "GC Thread#9"                     [id=13780, stack(0x000000d79b700000,0x000000d79b800000) (1024K)]
  0x00000237f62b55d0 WorkerThread "GC Thread#10"                    [id=20928, stack(0x000000d79b800000,0x000000d79b900000) (1024K)]
  0x00000237f62b38d0 WorkerThread "GC Thread#11"                    [id=22336, stack(0x000000d79b900000,0x000000d79ba00000) (1024K)]
  0x00000237f62b4af0 WorkerThread "GC Thread#12"                    [id=24228, stack(0x000000d79ba00000,0x000000d79bb00000) (1024K)]
  0x00000237904f4a50 ConcurrentGCThread "G1 Main Marker"            [id=11484, stack(0x000000d798600000,0x000000d798700000) (1024K)]
  0x00000237904f5c00 WorkerThread "G1 Conc#0"                       [id=3164, stack(0x000000d798700000,0x000000d798800000) (1024K)]
  0x00000237af783f00 ConcurrentGCThread "G1 Refine#0"               [id=12044, stack(0x000000d798800000,0x000000d798900000) (1024K)]
  0x00000237af785b30 ConcurrentGCThread "G1 Service"                [id=10792, stack(0x000000d798900000,0x000000d798a00000) (1024K)]
Total: 19

Threads with active compile tasks:
C2 CompilerThread0   421850 2108       4       org.java_websocket.drafts.Draft_6455::translateSingleFrame (447 bytes)
Total: 1

VM state: not at safepoint (normal execution)

VM Mutex/Monitor currently owned by a thread: None

Heap address: 0x0000000709400000, size: 3948 MB, Compressed Oops mode: Zero based, Oop shift amount: 3

CDS archive(s) mapped at: [0x00000237b0000000-0x00000237b0c90000-0x00000237b0c90000), size 13172736, SharedBaseAddress: 0x00000237b0000000, ArchiveRelocationMode: 1.
Compressed class space mapped at: 0x00000237b1000000-0x00000237f1000000, reserved size: 1073741824
Narrow klass base: 0x00000237b0000000, Narrow klass shift: 0, Narrow klass range: 0x100000000

GC Precious Log:
 CardTable entry size: 512
 Card Set container configuration: InlinePtr #cards 4 size 8 Array Of Cards #cards 16 size 48 Howl #buckets 8 coarsen threshold 3686 Howl Bitmap #cards 512 size 80 coarsen threshold 460 Card regions per heap region 1 cards per card region 4096
 CPUs: 16 total, 16 available
 Memory: 15791M
 Large Page Support: Disabled
 NUMA Support: Disabled
 Compressed Oops: Enabled (Zero based)
 Heap Region Size: 2M
 Heap Min Capacity: 8M
 Heap Initial Capacity: 248M
 Heap Max Capacity: 3948M
 Pre-touch: Disabled
 Parallel Workers: 13
 Concurrent Workers: 3
 Concurrent Refinement Workers: 13
 Periodic GC: Disabled

Heap:
 garbage-first heap   total 253952K, used 18554K [0x0000000709400000, 0x0000000800000000)
  region size 2048K, 7 young (14336K), 2 survivors (4096K)
 Metaspace       used 12257K, committed 12480K, reserved 1114112K
  class space    used 1290K, committed 1344K, reserved 1048576K

Heap Regions: E=young(eden), S=young(survivor), O=old, HS=humongous(starts), HC=humongous(continues), CS=collection set, F=free, TAMS=top-at-mark-start, PB=parsable bottom
|   0|0x0000000709400000, 0x0000000709600000, 0x0000000709600000|100%| O|  |TAMS 0x0000000709400000| PB 0x0000000709400000| Untracked 
|   1|0x0000000709600000, 0x0000000709800000, 0x0000000709800000|100%| O|  |TAMS 0x0000000709600000| PB 0x0000000709600000| Untracked 
|   2|0x0000000709800000, 0x0000000709a00000, 0x0000000709a00000|100%| O|  |TAMS 0x0000000709800000| PB 0x0000000709800000| Untracked 
|   3|0x0000000709a00000, 0x0000000709b58480, 0x0000000709c00000| 67%| O|  |TAMS 0x0000000709a00000| PB 0x0000000709a00000| Untracked 
|   4|0x0000000709c00000, 0x0000000709c00000, 0x0000000709e00000|  0%| F|  |TAMS 0x0000000709c00000| PB 0x0000000709c00000| Untracked 
|   5|0x0000000709e00000, 0x0000000709e00000, 0x000000070a000000|  0%| F|  |TAMS 0x0000000709e00000| PB 0x0000000709e00000| Untracked 
|   6|0x000000070a000000, 0x000000070a000000, 0x000000070a200000|  0%| F|  |TAMS 0x000000070a000000| PB 0x000000070a000000| Untracked 
|   7|0x000000070a200000, 0x000000070a200000, 0x000000070a400000|  0%| F|  |TAMS 0x000000070a200000| PB 0x000000070a200000| Untracked 
|   8|0x000000070a400000, 0x000000070a400000, 0x000000070a600000|  0%| F|  |TAMS 0x000000070a400000| PB 0x000000070a400000| Untracked 
|   9|0x000000070a600000, 0x000000070a600000, 0x000000070a800000|  0%| F|  |TAMS 0x000000070a600000| PB 0x000000070a600000| Untracked 
|  10|0x000000070a800000, 0x000000070a800000, 0x000000070aa00000|  0%| F|  |TAMS 0x000000070a800000| PB 0x000000070a800000| Untracked 
|  11|0x000000070aa00000, 0x000000070aa00000, 0x000000070ac00000|  0%| F|  |TAMS 0x000000070aa00000| PB 0x000000070aa00000| Untracked 
|  12|0x000000070ac00000, 0x000000070ac00000, 0x000000070ae00000|  0%| F|  |TAMS 0x000000070ac00000| PB 0x000000070ac00000| Untracked 
|  13|0x000000070ae00000, 0x000000070ae00000, 0x000000070b000000|  0%| F|  |TAMS 0x000000070ae00000| PB 0x000000070ae00000| Untracked 
|  14|0x000000070b000000, 0x000000070b000000, 0x000000070b200000|  0%| F|  |TAMS 0x000000070b000000| PB 0x000000070b000000| Untracked 
|  15|0x000000070b200000, 0x000000070b200000, 0x000000070b400000|  0%| F|  |TAMS 0x000000070b200000| PB 0x000000070b200000| Untracked 
|  16|0x000000070b400000, 0x000000070b400000, 0x000000070b600000|  0%| F|  |TAMS 0x000000070b400000| PB 0x000000070b400000| Untracked 
|  17|0x000000070b600000, 0x000000070b600000, 0x000000070b800000|  0%| F|  |TAMS 0x000000070b600000| PB 0x000000070b600000| Untracked 
|  18|0x000000070b800000, 0x000000070b800000, 0x000000070ba00000|  0%| F|  |TAMS 0x000000070b800000| PB 0x000000070b800000| Untracked 
|  19|0x000000070ba00000, 0x000000070ba00000, 0x000000070bc00000|  0%| F|  |TAMS 0x000000070ba00000| PB 0x000000070ba00000| Untracked 
|  20|0x000000070bc00000, 0x000000070bc00000, 0x000000070be00000|  0%| F|  |TAMS 0x000000070bc00000| PB 0x000000070bc00000| Untracked 
|  21|0x000000070be00000, 0x000000070be00000, 0x000000070c000000|  0%| F|  |TAMS 0x000000070be00000| PB 0x000000070be00000| Untracked 
|  22|0x000000070c000000, 0x000000070c000000, 0x000000070c200000|  0%| F|  |TAMS 0x000000070c000000| PB 0x000000070c000000| Untracked 
|  23|0x000000070c200000, 0x000000070c200000, 0x000000070c400000|  0%| F|  |TAMS 0x000000070c200000| PB 0x000000070c200000| Untracked 
|  24|0x000000070c400000, 0x000000070c400000, 0x000000070c600000|  0%| F|  |TAMS 0x000000070c400000| PB 0x000000070c400000| Untracked 
|  25|0x000000070c600000, 0x000000070c600000, 0x000000070c800000|  0%| F|  |TAMS 0x000000070c600000| PB 0x000000070c600000| Untracked 
|  26|0x000000070c800000, 0x000000070c800000, 0x000000070ca00000|  0%| F|  |TAMS 0x000000070c800000| PB 0x000000070c800000| Untracked 
|  27|0x000000070ca00000, 0x000000070ca00000, 0x000000070cc00000|  0%| F|  |TAMS 0x000000070ca00000| PB 0x000000070ca00000| Untracked 
|  28|0x000000070cc00000, 0x000000070cc00000, 0x000000070ce00000|  0%| F|  |TAMS 0x000000070cc00000| PB 0x000000070cc00000| Untracked 
|  29|0x000000070ce00000, 0x000000070ce00000, 0x000000070d000000|  0%| F|  |TAMS 0x000000070ce00000| PB 0x000000070ce00000| Untracked 
|  30|0x000000070d000000, 0x000000070d000000, 0x000000070d200000|  0%| F|  |TAMS 0x000000070d000000| PB 0x000000070d000000| Untracked 
|  31|0x000000070d200000, 0x000000070d200000, 0x000000070d400000|  0%| F|  |TAMS 0x000000070d200000| PB 0x000000070d200000| Untracked 
|  32|0x000000070d400000, 0x000000070d400000, 0x000000070d600000|  0%| F|  |TAMS 0x000000070d400000| PB 0x000000070d400000| Untracked 
|  33|0x000000070d600000, 0x000000070d600000, 0x000000070d800000|  0%| F|  |TAMS 0x000000070d600000| PB 0x000000070d600000| Untracked 
|  34|0x000000070d800000, 0x000000070d800000, 0x000000070da00000|  0%| F|  |TAMS 0x000000070d800000| PB 0x000000070d800000| Untracked 
|  35|0x000000070da00000, 0x000000070da00000, 0x000000070dc00000|  0%| F|  |TAMS 0x000000070da00000| PB 0x000000070da00000| Untracked 
|  36|0x000000070dc00000, 0x000000070dc00000, 0x000000070de00000|  0%| F|  |TAMS 0x000000070dc00000| PB 0x000000070dc00000| Untracked 
|  37|0x000000070de00000, 0x000000070de00000, 0x000000070e000000|  0%| F|  |TAMS 0x000000070de00000| PB 0x000000070de00000| Untracked 
|  38|0x000000070e000000, 0x000000070e000000, 0x000000070e200000|  0%| F|  |TAMS 0x000000070e000000| PB 0x000000070e000000| Untracked 
|  39|0x000000070e200000, 0x000000070e200000, 0x000000070e400000|  0%| F|  |TAMS 0x000000070e200000| PB 0x000000070e200000| Untracked 
|  40|0x000000070e400000, 0x000000070e400000, 0x000000070e600000|  0%| F|  |TAMS 0x000000070e400000| PB 0x000000070e400000| Untracked 
|  41|0x000000070e600000, 0x000000070e600000, 0x000000070e800000|  0%| F|  |TAMS 0x000000070e600000| PB 0x000000070e600000| Untracked 
|  42|0x000000070e800000, 0x000000070e800000, 0x000000070ea00000|  0%| F|  |TAMS 0x000000070e800000| PB 0x000000070e800000| Untracked 
|  43|0x000000070ea00000, 0x000000070ea00000, 0x000000070ec00000|  0%| F|  |TAMS 0x000000070ea00000| PB 0x000000070ea00000| Untracked 
|  44|0x000000070ec00000, 0x000000070ec00000, 0x000000070ee00000|  0%| F|  |TAMS 0x000000070ec00000| PB 0x000000070ec00000| Untracked 
|  45|0x000000070ee00000, 0x000000070ee00000, 0x000000070f000000|  0%| F|  |TAMS 0x000000070ee00000| PB 0x000000070ee00000| Untracked 
|  46|0x000000070f000000, 0x000000070f000000, 0x000000070f200000|  0%| F|  |TAMS 0x000000070f000000| PB 0x000000070f000000| Untracked 
|  47|0x000000070f200000, 0x000000070f200000, 0x000000070f400000|  0%| F|  |TAMS 0x000000070f200000| PB 0x000000070f200000| Untracked 
|  48|0x000000070f400000, 0x000000070f400000, 0x000000070f600000|  0%| F|  |TAMS 0x000000070f400000| PB 0x000000070f400000| Untracked 
|  49|0x000000070f600000, 0x000000070f600000, 0x000000070f800000|  0%| F|  |TAMS 0x000000070f600000| PB 0x000000070f600000| Untracked 
|  50|0x000000070f800000, 0x000000070f800000, 0x000000070fa00000|  0%| F|  |TAMS 0x000000070f800000| PB 0x000000070f800000| Untracked 
|  51|0x000000070fa00000, 0x000000070fa00000, 0x000000070fc00000|  0%| F|  |TAMS 0x000000070fa00000| PB 0x000000070fa00000| Untracked 
|  52|0x000000070fc00000, 0x000000070fc00000, 0x000000070fe00000|  0%| F|  |TAMS 0x000000070fc00000| PB 0x000000070fc00000| Untracked 
|  53|0x000000070fe00000, 0x000000070fe00000, 0x0000000710000000|  0%| F|  |TAMS 0x000000070fe00000| PB 0x000000070fe00000| Untracked 
|  54|0x0000000710000000, 0x0000000710000000, 0x0000000710200000|  0%| F|  |TAMS 0x0000000710000000| PB 0x0000000710000000| Untracked 
|  55|0x0000000710200000, 0x0000000710200000, 0x0000000710400000|  0%| F|  |TAMS 0x0000000710200000| PB 0x0000000710200000| Untracked 
|  56|0x0000000710400000, 0x0000000710400000, 0x0000000710600000|  0%| F|  |TAMS 0x0000000710400000| PB 0x0000000710400000| Untracked 
|  57|0x0000000710600000, 0x0000000710600000, 0x0000000710800000|  0%| F|  |TAMS 0x0000000710600000| PB 0x0000000710600000| Untracked 
|  58|0x0000000710800000, 0x0000000710800000, 0x0000000710a00000|  0%| F|  |TAMS 0x0000000710800000| PB 0x0000000710800000| Untracked 
|  59|0x0000000710a00000, 0x0000000710a00000, 0x0000000710c00000|  0%| F|  |TAMS 0x0000000710a00000| PB 0x0000000710a00000| Untracked 
|  60|0x0000000710c00000, 0x0000000710c00000, 0x0000000710e00000|  0%| F|  |TAMS 0x0000000710c00000| PB 0x0000000710c00000| Untracked 
|  61|0x0000000710e00000, 0x0000000710e00000, 0x0000000711000000|  0%| F|  |TAMS 0x0000000710e00000| PB 0x0000000710e00000| Untracked 
|  62|0x0000000711000000, 0x0000000711000000, 0x0000000711200000|  0%| F|  |TAMS 0x0000000711000000| PB 0x0000000711000000| Untracked 
|  63|0x0000000711200000, 0x0000000711200000, 0x0000000711400000|  0%| F|  |TAMS 0x0000000711200000| PB 0x0000000711200000| Untracked 
|  64|0x0000000711400000, 0x0000000711400000, 0x0000000711600000|  0%| F|  |TAMS 0x0000000711400000| PB 0x0000000711400000| Untracked 
|  65|0x0000000711600000, 0x0000000711600000, 0x0000000711800000|  0%| F|  |TAMS 0x0000000711600000| PB 0x0000000711600000| Untracked 
|  66|0x0000000711800000, 0x0000000711800000, 0x0000000711a00000|  0%| F|  |TAMS 0x0000000711800000| PB 0x0000000711800000| Untracked 
|  67|0x0000000711a00000, 0x0000000711a00000, 0x0000000711c00000|  0%| F|  |TAMS 0x0000000711a00000| PB 0x0000000711a00000| Untracked 
|  68|0x0000000711c00000, 0x0000000711c00000, 0x0000000711e00000|  0%| F|  |TAMS 0x0000000711c00000| PB 0x0000000711c00000| Untracked 
|  69|0x0000000711e00000, 0x0000000711e00000, 0x0000000712000000|  0%| F|  |TAMS 0x0000000711e00000| PB 0x0000000711e00000| Untracked 
|  70|0x0000000712000000, 0x0000000712000000, 0x0000000712200000|  0%| F|  |TAMS 0x0000000712000000| PB 0x0000000712000000| Untracked 
|  71|0x0000000712200000, 0x0000000712200000, 0x0000000712400000|  0%| F|  |TAMS 0x0000000712200000| PB 0x0000000712200000| Untracked 
|  72|0x0000000712400000, 0x0000000712400000, 0x0000000712600000|  0%| F|  |TAMS 0x0000000712400000| PB 0x0000000712400000| Untracked 
|  73|0x0000000712600000, 0x0000000712600000, 0x0000000712800000|  0%| F|  |TAMS 0x0000000712600000| PB 0x0000000712600000| Untracked 
|  74|0x0000000712800000, 0x0000000712800000, 0x0000000712a00000|  0%| F|  |TAMS 0x0000000712800000| PB 0x0000000712800000| Untracked 
|  75|0x0000000712a00000, 0x0000000712a00000, 0x0000000712c00000|  0%| F|  |TAMS 0x0000000712a00000| PB 0x0000000712a00000| Untracked 
|  76|0x0000000712c00000, 0x0000000712c00000, 0x0000000712e00000|  0%| F|  |TAMS 0x0000000712c00000| PB 0x0000000712c00000| Untracked 
|  77|0x0000000712e00000, 0x0000000712e00000, 0x0000000713000000|  0%| F|  |TAMS 0x0000000712e00000| PB 0x0000000712e00000| Untracked 
|  78|0x0000000713000000, 0x0000000713000000, 0x0000000713200000|  0%| F|  |TAMS 0x0000000713000000| PB 0x0000000713000000| Untracked 
|  79|0x0000000713200000, 0x0000000713200000, 0x0000000713400000|  0%| F|  |TAMS 0x0000000713200000| PB 0x0000000713200000| Untracked 
|  80|0x0000000713400000, 0x0000000713400000, 0x0000000713600000|  0%| F|  |TAMS 0x0000000713400000| PB 0x0000000713400000| Untracked 
|  81|0x0000000713600000, 0x0000000713600000, 0x0000000713800000|  0%| F|  |TAMS 0x0000000713600000| PB 0x0000000713600000| Untracked 
|  82|0x0000000713800000, 0x0000000713800000, 0x0000000713a00000|  0%| F|  |TAMS 0x0000000713800000| PB 0x0000000713800000| Untracked 
|  83|0x0000000713a00000, 0x0000000713a00000, 0x0000000713c00000|  0%| F|  |TAMS 0x0000000713a00000| PB 0x0000000713a00000| Untracked 
|  84|0x0000000713c00000, 0x0000000713c00000, 0x0000000713e00000|  0%| F|  |TAMS 0x0000000713c00000| PB 0x0000000713c00000| Untracked 
|  85|0x0000000713e00000, 0x0000000713e00000, 0x0000000714000000|  0%| F|  |TAMS 0x0000000713e00000| PB 0x0000000713e00000| Untracked 
|  86|0x0000000714000000, 0x0000000714000000, 0x0000000714200000|  0%| F|  |TAMS 0x0000000714000000| PB 0x0000000714000000| Untracked 
|  87|0x0000000714200000, 0x0000000714200000, 0x0000000714400000|  0%| F|  |TAMS 0x0000000714200000| PB 0x0000000714200000| Untracked 
|  88|0x0000000714400000, 0x0000000714400000, 0x0000000714600000|  0%| F|  |TAMS 0x0000000714400000| PB 0x0000000714400000| Untracked 
|  89|0x0000000714600000, 0x0000000714600000, 0x0000000714800000|  0%| F|  |TAMS 0x0000000714600000| PB 0x0000000714600000| Untracked 
|  90|0x0000000714800000, 0x0000000714800000, 0x0000000714a00000|  0%| F|  |TAMS 0x0000000714800000| PB 0x0000000714800000| Untracked 
|  91|0x0000000714a00000, 0x0000000714a00000, 0x0000000714c00000|  0%| F|  |TAMS 0x0000000714a00000| PB 0x0000000714a00000| Untracked 
|  92|0x0000000714c00000, 0x0000000714c00000, 0x0000000714e00000|  0%| F|  |TAMS 0x0000000714c00000| PB 0x0000000714c00000| Untracked 
|  93|0x0000000714e00000, 0x0000000714e00000, 0x0000000715000000|  0%| F|  |TAMS 0x0000000714e00000| PB 0x0000000714e00000| Untracked 
|  94|0x0000000715000000, 0x0000000715000000, 0x0000000715200000|  0%| F|  |TAMS 0x0000000715000000| PB 0x0000000715000000| Untracked 
|  95|0x0000000715200000, 0x0000000715200000, 0x0000000715400000|  0%| F|  |TAMS 0x0000000715200000| PB 0x0000000715200000| Untracked 
|  96|0x0000000715400000, 0x0000000715400000, 0x0000000715600000|  0%| F|  |TAMS 0x0000000715400000| PB 0x0000000715400000| Untracked 
|  97|0x0000000715600000, 0x0000000715600000, 0x0000000715800000|  0%| F|  |TAMS 0x0000000715600000| PB 0x0000000715600000| Untracked 
|  98|0x0000000715800000, 0x0000000715800000, 0x0000000715a00000|  0%| F|  |TAMS 0x0000000715800000| PB 0x0000000715800000| Untracked 
|  99|0x0000000715a00000, 0x0000000715a00000, 0x0000000715c00000|  0%| F|  |TAMS 0x0000000715a00000| PB 0x0000000715a00000| Untracked 
| 100|0x0000000715c00000, 0x0000000715c00000, 0x0000000715e00000|  0%| F|  |TAMS 0x0000000715c00000| PB 0x0000000715c00000| Untracked 
| 101|0x0000000715e00000, 0x0000000715e00000, 0x0000000716000000|  0%| F|  |TAMS 0x0000000715e00000| PB 0x0000000715e00000| Untracked 
| 102|0x0000000716000000, 0x0000000716000000, 0x0000000716200000|  0%| F|  |TAMS 0x0000000716000000| PB 0x0000000716000000| Untracked 
| 103|0x0000000716200000, 0x0000000716200000, 0x0000000716400000|  0%| F|  |TAMS 0x0000000716200000| PB 0x0000000716200000| Untracked 
| 104|0x0000000716400000, 0x0000000716400000, 0x0000000716600000|  0%| F|  |TAMS 0x0000000716400000| PB 0x0000000716400000| Untracked 
| 105|0x0000000716600000, 0x0000000716600000, 0x0000000716800000|  0%| F|  |TAMS 0x0000000716600000| PB 0x0000000716600000| Untracked 
| 106|0x0000000716800000, 0x0000000716800000, 0x0000000716a00000|  0%| F|  |TAMS 0x0000000716800000| PB 0x0000000716800000| Untracked 
| 107|0x0000000716a00000, 0x0000000716a00000, 0x0000000716c00000|  0%| F|  |TAMS 0x0000000716a00000| PB 0x0000000716a00000| Untracked 
| 108|0x0000000716c00000, 0x0000000716cc63a0, 0x0000000716e00000| 38%| S|CS|TAMS 0x0000000716c00000| PB 0x0000000716c00000| Complete 
| 109|0x0000000716e00000, 0x0000000717000000, 0x0000000717000000|100%| S|CS|TAMS 0x0000000716e00000| PB 0x0000000716e00000| Complete 
| 110|0x0000000717000000, 0x0000000717000000, 0x0000000717200000|  0%| F|  |TAMS 0x0000000717000000| PB 0x0000000717000000| Untracked 
| 111|0x0000000717200000, 0x0000000717200000, 0x0000000717400000|  0%| F|  |TAMS 0x0000000717200000| PB 0x0000000717200000| Untracked 
| 112|0x0000000717400000, 0x0000000717400000, 0x0000000717600000|  0%| F|  |TAMS 0x0000000717400000| PB 0x0000000717400000| Untracked 
| 113|0x0000000717600000, 0x0000000717600000, 0x0000000717800000|  0%| F|  |TAMS 0x0000000717600000| PB 0x0000000717600000| Untracked 
| 114|0x0000000717800000, 0x0000000717800000, 0x0000000717a00000|  0%| F|  |TAMS 0x0000000717800000| PB 0x0000000717800000| Untracked 
| 115|0x0000000717a00000, 0x0000000717a00000, 0x0000000717c00000|  0%| F|  |TAMS 0x0000000717a00000| PB 0x0000000717a00000| Untracked 
| 116|0x0000000717c00000, 0x0000000717c00000, 0x0000000717e00000|  0%| F|  |TAMS 0x0000000717c00000| PB 0x0000000717c00000| Untracked 
| 117|0x0000000717e00000, 0x0000000717e00000, 0x0000000718000000|  0%| F|  |TAMS 0x0000000717e00000| PB 0x0000000717e00000| Untracked 
| 118|0x0000000718000000, 0x0000000718000000, 0x0000000718200000|  0%| F|  |TAMS 0x0000000718000000| PB 0x0000000718000000| Untracked 
| 119|0x0000000718200000, 0x00000007182a3258, 0x0000000718400000| 31%| E|  |TAMS 0x0000000718200000| PB 0x0000000718200000| Complete 
| 120|0x0000000718400000, 0x0000000718600000, 0x0000000718600000|100%| E|CS|TAMS 0x0000000718400000| PB 0x0000000718400000| Complete 
| 121|0x0000000718600000, 0x0000000718800000, 0x0000000718800000|100%| E|CS|TAMS 0x0000000718600000| PB 0x0000000718600000| Complete 
| 122|0x0000000718800000, 0x0000000718a00000, 0x0000000718a00000|100%| E|CS|TAMS 0x0000000718800000| PB 0x0000000718800000| Complete 
| 123|0x0000000718a00000, 0x0000000718c00000, 0x0000000718c00000|100%| E|CS|TAMS 0x0000000718a00000| PB 0x0000000718a00000| Complete 

Card table byte_map: [0x00000237a8900000,0x00000237a90c0000] _byte_map_base: 0x00000237a50b6000

Marking Bits: (CMBitMap*) 0x00000237904e2c20
 Bits: [0x00000237a90c0000, 0x00000237ace70000)

Polling page: 0x000002378e390000

Metaspace:

Usage:
  Non-class:     10.71 MB used.
      Class:      1.26 MB used.
       Both:     11.97 MB used.

Virtual space:
  Non-class space:       64.00 MB reserved,      10.88 MB ( 17%) committed,  1 nodes.
      Class space:        1.00 GB reserved,       1.31 MB ( <1%) committed,  1 nodes.
             Both:        1.06 GB reserved,      12.19 MB (  1%) committed. 

Chunk freelists:
   Non-Class:  4.36 MB
       Class:  14.64 MB
        Both:  19.00 MB

MaxMetaspaceSize: unlimited
CompressedClassSpaceSize: 1.00 GB
Initial GC threshold: 21.00 MB
Current GC threshold: 21.00 MB
CDS: on
 - commit_granule_bytes: 65536.
 - commit_granule_words: 8192.
 - virtual_space_node_default_size: 8388608.
 - enlarge_chunks_in_place: 1.
 - use_allocation_guard: 0.


Internal statistics:

num_allocs_failed_limit: 0.
num_arena_births: 140.
num_arena_deaths: 0.
num_vsnodes_births: 2.
num_vsnodes_deaths: 0.
num_space_committed: 195.
num_space_uncommitted: 0.
num_chunks_returned_to_freelist: 0.
num_chunks_taken_from_freelist: 335.
num_chunk_merges: 0.
num_chunk_splits: 222.
num_chunks_enlarged: 151.
num_inconsistent_stats: 0.

CodeHeap 'non-profiled nmethods': size=119168Kb used=929Kb max_used=929Kb free=118238Kb
 bounds [0x00000237a0450000, 0x00000237a06c0000, 0x00000237a78b0000]
CodeHeap 'profiled nmethods': size=119104Kb used=4065Kb max_used=4065Kb free=115039Kb
 bounds [0x00000237988b0000, 0x0000023798cb0000, 0x000002379fd00000]
CodeHeap 'non-nmethods': size=7488Kb used=1499Kb max_used=3212Kb free=5988Kb
 bounds [0x000002379fd00000, 0x00000237a0090000, 0x00000237a0450000]
 total_blobs=2678 nmethods=2107 adapters=475
 compilation: enabled
              stopped_count=0, restarted_count=0
 full_count=0

Compilation events (20 events):
Event: 421.050 Thread 0x00000237f5001f90 nmethod 2100 0x0000023798ca4290 code [0x0000023798ca4440, 0x0000023798ca4678]
Event: 421.050 Thread 0x00000237f5001f90 2098       3       java.util.concurrent.atomic.AtomicInteger::getAndDecrement (12 bytes)
Event: 421.051 Thread 0x00000237f5001f90 nmethod 2098 0x0000023798ca4790 code [0x0000023798ca4920, 0x0000023798ca4a40]
Event: 421.267 Thread 0x00000237f5001f90 2101       3       java.nio.channels.spi.AbstractInterruptibleChannel::blockedOn (10 bytes)
Event: 421.268 Thread 0x00000237f5001f90 nmethod 2101 0x0000023798ca4b10 code [0x0000023798ca4ce0, 0x0000023798ca4f18]
Event: 421.268 Thread 0x00000237f5001f90 2102       3       java.lang.System$2::blockedOn (5 bytes)
Event: 421.268 Thread 0x00000237f5001f90 nmethod 2102 0x0000023798ca5090 code [0x0000023798ca5240, 0x0000023798ca5380]
Event: 421.268 Thread 0x00000237f5001f90 2103   !   3       java.lang.Thread::blockedOn (27 bytes)
Event: 421.268 Thread 0x00000237f5001f90 nmethod 2103 0x0000023798ca5410 code [0x0000023798ca55c0, 0x0000023798ca5838]
Event: 421.379 Thread 0x00000237f5001f90 2104       3       sun.nio.ch.SelectorImpl::ensureOpen (16 bytes)
Event: 421.379 Thread 0x00000237f5001f90 nmethod 2104 0x0000023798ca5910 code [0x0000023798ca5ae0, 0x0000023798ca5d68]
Event: 421.489 Thread 0x00000237f5001f90 2105       3       java.util.concurrent.locks.AbstractQueuedSynchronizer$ConditionNode::isReleasable (23 bytes)
Event: 421.490 Thread 0x00000237f5001f90 nmethod 2105 0x0000023798ca5e90 code [0x0000023798ca6040, 0x0000023798ca62a8]
Event: 421.490 Thread 0x00000237f50014f0 2106       4       java.lang.StringCoding::countPositives (33 bytes)
Event: 421.490 Thread 0x00000237f5001f90 2107   !   3       sun.nio.ch.SelectorImpl::processDeregisterQueue (145 bytes)
Event: 421.491 Thread 0x00000237f5001f90 nmethod 2107 0x0000023798ca6390 code [0x0000023798ca6640, 0x0000023798ca76b0]
Event: 421.493 Thread 0x00000237f50014f0 nmethod 2106 0x00000237a0538290 code [0x00000237a0538420, 0x00000237a05385e8]
Event: 421.818 Thread 0x00000237f50014f0 2108       4       org.java_websocket.drafts.Draft_6455::translateSingleFrame (447 bytes)
Event: 421.818 Thread 0x00000237f5001f90 2109       3       org.slf4j.impl.SimpleLogger::formatAndLog (34 bytes)
Event: 421.819 Thread 0x00000237f5001f90 nmethod 2109 0x0000023798ca7d90 code [0x0000023798ca7f80, 0x0000023798ca82a0]

GC Heap History (4 events):
Event: 0.933 GC heap before
{Heap before GC invocations=0 (full 0):
 garbage-first heap   total 253952K, used 20480K [0x0000000709400000, 0x0000000800000000)
  region size 2048K, 11 young (22528K), 0 survivors (0K)
 Metaspace       used 3262K, committed 3456K, reserved 1114112K
  class space    used 320K, committed 384K, reserved 1048576K
}
Event: 0.940 GC heap after
{Heap after GC invocations=1 (full 0):
 garbage-first heap   total 253952K, used 7508K [0x0000000709400000, 0x0000000800000000)
  region size 2048K, 2 young (4096K), 2 survivors (4096K)
 Metaspace       used 3262K, committed 3456K, reserved 1114112K
  class space    used 320K, committed 384K, reserved 1048576K
}
Event: 140.243 GC heap before
{Heap before GC invocations=1 (full 0):
 garbage-first heap   total 253952K, used 32084K [0x0000000709400000, 0x0000000800000000)
  region size 2048K, 14 young (28672K), 2 survivors (4096K)
 Metaspace       used 11567K, committed 11840K, reserved 1114112K
  class space    used 1225K, committed 1344K, reserved 1048576K
}
Event: 140.250 GC heap after
{Heap after GC invocations=2 (full 0):
 garbage-first heap   total 253952K, used 10362K [0x0000000709400000, 0x0000000800000000)
  region size 2048K, 2 young (4096K), 2 survivors (4096K)
 Metaspace       used 11567K, committed 11840K, reserved 1114112K
  class space    used 1225K, committed 1344K, reserved 1048576K
}

Dll operation events (12 events):
Event: 0.016 Loaded shared library C:\Program Files\Java\jdk-21\bin\java.dll
Event: 0.074 Loaded shared library C:\Program Files\Java\jdk-21\bin\jsvml.dll
Event: 0.363 Loaded shared library C:\Program Files\Java\jdk-21\bin\zip.dll
Event: 0.369 Loaded shared library C:\Program Files\Java\jdk-21\bin\instrument.dll
Event: 0.378 Loaded shared library C:\Program Files\Java\jdk-21\bin\net.dll
Event: 0.381 Loaded shared library C:\Program Files\Java\jdk-21\bin\nio.dll
Event: 0.390 Loaded shared library C:\Program Files\Java\jdk-21\bin\zip.dll
Event: 0.644 Loaded shared library F:\IntelliJ IDEA Community Edition 2024.2.0.1\bin\breakgen64.dll
Event: 0.653 Loaded shared library C:\Program Files\Java\jdk-21\bin\jimage.dll
Event: 0.660 Loaded shared library C:\Program Files\Java\jdk-21\bin\extnet.dll
Event: 0.701 Loaded shared library C:\Program Files\Java\jdk-21\bin\verify.dll
Event: 0.857 Loaded shared library C:\Program Files\Java\jdk-21\bin\sunmscapi.dll

Deoptimization events (20 events):
Event: 421.156 Thread 0x00000237f629f6d0 DEOPT PACKING pc=0x0000023798ca2b93 sp=0x000000d799fff380
Event: 421.156 Thread 0x00000237f629f6d0 DEOPT UNPACKING pc=0x000002379fd54e42 sp=0x000000d799ffe8d8 mode 0
Event: 421.156 Thread 0x00000237f629f6d0 DEOPT PACKING pc=0x0000023798ca45e7 sp=0x000000d799fff0b0
Event: 421.156 Thread 0x00000237f629f6d0 DEOPT UNPACKING pc=0x000002379fd54e42 sp=0x000000d799ffe520 mode 0
Event: 421.267 Thread 0x00000237f629f6d0 DEOPT PACKING pc=0x0000023798ca2b93 sp=0x000000d799fff380
Event: 421.267 Thread 0x00000237f629f6d0 DEOPT UNPACKING pc=0x000002379fd54e42 sp=0x000000d799ffe8d8 mode 0
Event: 421.267 Thread 0x00000237f629f6d0 DEOPT PACKING pc=0x0000023798ca45e7 sp=0x000000d799fff040
Event: 421.267 Thread 0x00000237f629f6d0 DEOPT UNPACKING pc=0x000002379fd54e42 sp=0x000000d799ffe4c8 mode 0
Event: 421.379 Thread 0x00000237f629f6d0 DEOPT PACKING pc=0x0000023798ca45e7 sp=0x000000d799fff040
Event: 421.379 Thread 0x00000237f629f6d0 DEOPT UNPACKING pc=0x000002379fd54e42 sp=0x000000d799ffe4c8 mode 0
Event: 421.379 Thread 0x00000237f629f6d0 DEOPT PACKING pc=0x0000023798ca45e7 sp=0x000000d799fff0b0
Event: 421.379 Thread 0x00000237f629f6d0 DEOPT UNPACKING pc=0x000002379fd54e42 sp=0x000000d799ffe520 mode 0
Event: 421.489 Thread 0x00000237f629f6d0 DEOPT PACKING pc=0x0000023798ca2b93 sp=0x000000d799fff380
Event: 421.489 Thread 0x00000237f629f6d0 DEOPT UNPACKING pc=0x000002379fd54e42 sp=0x000000d799ffe8d8 mode 0
Event: 421.490 Thread 0x00000237f629f6d0 DEOPT PACKING pc=0x0000023798ca45e7 sp=0x000000d799fff0b0
Event: 421.490 Thread 0x00000237f629f6d0 DEOPT UNPACKING pc=0x000002379fd54e42 sp=0x000000d799ffe520 mode 0
Event: 421.598 Thread 0x00000237f629f6d0 DEOPT PACKING pc=0x0000023798ca2b93 sp=0x000000d799fff380
Event: 421.598 Thread 0x00000237f629f6d0 DEOPT UNPACKING pc=0x000002379fd54e42 sp=0x000000d799ffe8d8 mode 0
Event: 421.818 Thread 0x00000237f629f6d0 DEOPT PACKING pc=0x0000023798ca2b93 sp=0x000000d799fff380
Event: 421.818 Thread 0x00000237f629f6d0 DEOPT UNPACKING pc=0x000002379fd54e42 sp=0x000000d799ffe8d8 mode 0

Classes loaded (20 events):
Event: 410.439 Loading class sun/text/resources/cldr/FormatData_en_US
Event: 410.439 Loading class sun/text/resources/cldr/FormatData_en_US done
Event: 410.483 Loading class jdk/internal/event/ThreadSleepEvent
Event: 410.483 Loading class jdk/internal/event/ThreadSleepEvent done
Event: 410.639 Loading class sun/nio/ch/SocketAdaptor
Event: 410.640 Loading class sun/nio/ch/SocketAdaptor done
Event: 410.640 Loading class sun/nio/ch/SocketChannelImpl$DefaultOptionsHolder
Event: 410.640 Loading class sun/nio/ch/SocketChannelImpl$DefaultOptionsHolder done
Event: 410.672 Loading class java/nio/charset/CharacterCodingException
Event: 410.672 Loading class java/nio/charset/CharacterCodingException done
Event: 416.742 Loading class java/util/stream/MatchOps$MatchKind
Event: 416.742 Loading class java/util/stream/MatchOps$MatchKind done
Event: 416.742 Loading class java/util/stream/MatchOps
Event: 416.742 Loading class java/util/stream/MatchOps done
Event: 416.742 Loading class java/util/stream/MatchOps$MatchOp
Event: 416.742 Loading class java/util/stream/MatchOps$MatchOp done
Event: 416.742 Loading class java/util/stream/MatchOps$BooleanTerminalSink
Event: 416.742 Loading class java/util/stream/MatchOps$BooleanTerminalSink done
Event: 416.743 Loading class java/util/stream/MatchOps$1MatchSink
Event: 416.743 Loading class java/util/stream/MatchOps$1MatchSink done

Classes unloaded (0 events):
No events

Classes redefined (0 events):
No events

Internal exceptions (20 events):
Event: 0.624 Thread 0x000002378e151160 Exception <a 'java/lang/NoSuchMethodError'{0x0000000717f14538}: 'void java.lang.invoke.DirectMethodHandle$Holder.invokeStatic(java.lang.Object, java.lang.Object, java.lang.Object)'> (0x0000000717f14538) 
thrown [s\open\src\hotspot\share\interpreter\linkResolver.cpp, line 773]
Event: 0.633 Thread 0x000002378e151160 Exception <a 'java/lang/NoSuchMethodError'{0x0000000717f2bb30}: 'java.lang.Object java.lang.invoke.Invokers$Holder.invokeExact_MT(java.lang.Object, java.lang.Object, java.lang.Object, java.lang.Object, java.lang.Object)'> (0x0000000717f2bb30) 
thrown [s\open\src\hotspot\share\interpreter\linkResolver.cpp, line 773]
Event: 0.663 Thread 0x00000237f50055e0 Exception <a 'java/lang/NoSuchMethodError'{0x0000000717f87130}: 'void java.lang.invoke.DirectMethodHandle$Holder.invokeStatic(java.lang.Object, java.lang.Object)'> (0x0000000717f87130) 
thrown [s\open\src\hotspot\share\interpreter\linkResolver.cpp, line 773]
Event: 0.688 Thread 0x00000237f5006990 Exception <a 'java/lang/NoSuchMethodError'{0x0000000717ffddd8}: 'java.lang.Object java.lang.invoke.DirectMethodHandle$Holder.newInvokeSpecial(java.lang.Object, java.lang.Object, int, java.lang.Object)'> (0x0000000717ffddd8) 
thrown [s\open\src\hotspot\share\interpreter\linkResolver.cpp, line 773]
Event: 0.691 Thread 0x00000237f5006990 Exception <a 'java/lang/NoSuchMethodError'{0x0000000717ce5c18}: 'java.lang.Object java.lang.invoke.DirectMethodHandle$Holder.invokeSpecial(java.lang.Object, java.lang.Object, java.lang.Object, int, java.lang.Object)'> (0x0000000717ce5c18) 
thrown [s\open\src\hotspot\share\interpreter\linkResolver.cpp, line 773]
Event: 0.691 Thread 0x00000237f5006990 Exception <a 'java/lang/NoSuchMethodError'{0x0000000717ce92c8}: 'java.lang.Object java.lang.invoke.Invokers$Holder.invoke_MT(java.lang.Object, java.lang.Object, int, java.lang.Object, java.lang.Object)'> (0x0000000717ce92c8) 
thrown [s\open\src\hotspot\share\interpreter\linkResolver.cpp, line 773]
Event: 0.818 Thread 0x00000237f5004230 Exception <a 'java/lang/NoSuchMethodError'{0x0000000717bae948}: 'java.lang.Object java.lang.invoke.DirectMethodHandle$Holder.invokeStaticInit(java.lang.Object, int, int, int, int)'> (0x0000000717bae948) 
thrown [s\open\src\hotspot\share\interpreter\linkResolver.cpp, line 773]
Event: 0.907 Thread 0x00000237f5004230 Exception <a 'java/lang/NoSuchMethodError'{0x0000000717967c90}: 'java.lang.Object java.lang.invoke.DirectMethodHandle$Holder.invokeStaticInit(java.lang.Object, java.lang.Object, int, int, int, int)'> (0x0000000717967c90) 
thrown [s\open\src\hotspot\share\interpreter\linkResolver.cpp, line 773]
Event: 1.089 Thread 0x00000237af8fa7c0 Exception <a 'java/lang/NoSuchMethodError'{0x000000071869a108}: 'java.lang.Object java.lang.invoke.Invokers$Holder.invokeExact_MT(java.lang.Object, java.lang.Object, java.lang.Object, java.lang.Object, java.lang.Object, java.lang.Object)'> (0x000000071869a108) 
thrown [s\open\src\hotspot\share\interpreter\linkResolver.cpp, line 773]
Event: 139.383 Thread 0x00000237f5006990 Exception <a 'java/lang/NoSuchMethodError'{0x00000007185edde8}: 'java.lang.Object java.lang.invoke.DirectMethodHandle$Holder.invokeInterface(java.lang.Object, java.lang.Object)'> (0x00000007185edde8) 
thrown [s\open\src\hotspot\share\interpreter\linkResolver.cpp, line 773]
Event: 139.423 Thread 0x00000237f5006990 Exception <a 'java/lang/NoSuchMethodError'{0x00000007182c43f0}: 'void java.lang.invoke.DirectMethodHandle$Holder.invokeSpecial(java.lang.Object, java.lang.Object, java.lang.Object)'> (0x00000007182c43f0) 
thrown [s\open\src\hotspot\share\interpreter\linkResolver.cpp, line 773]
Event: 139.426 Thread 0x00000237f5006990 Exception <a 'java/lang/NoSuchMethodError'{0x00000007182cfb68}: 'java.lang.Object java.lang.invoke.DirectMethodHandle$Holder.invokeVirtual(java.lang.Object, java.lang.Object, java.lang.Object)'> (0x00000007182cfb68) 
thrown [s\open\src\hotspot\share\interpreter\linkResolver.cpp, line 773]
Event: 139.779 Thread 0x00000237f5006990 Exception <a 'java/lang/NoSuchMethodError'{0x0000000717836e78}: 'void java.lang.invoke.DirectMethodHandle$Holder.invokeStaticInit(java.lang.Object, java.lang.Object)'> (0x0000000717836e78) 
thrown [s\open\src\hotspot\share\interpreter\linkResolver.cpp, line 773]
Event: 139.808 Thread 0x00000237f5006990 Exception <a 'sun/nio/fs/WindowsException'{0x0000000717880ed8}> (0x0000000717880ed8) 
thrown [s\open\src\hotspot\share\prims\jni.cpp, line 520]
Event: 140.072 Thread 0x00000237f5006990 Exception <a 'java/lang/NoSuchMethodError'{0x000000071768c238}: 'void java.lang.invoke.DirectMethodHandle$Holder.invokeVirtual(java.lang.Object, java.lang.Object)'> (0x000000071768c238) 
thrown [s\open\src\hotspot\share\interpreter\linkResolver.cpp, line 773]
Event: 140.315 Thread 0x00000237f5006990 Exception <a 'java/io/IOException'{0x0000000718bac3c8}> (0x0000000718bac3c8) 
thrown [s\open\src\hotspot\share\prims\jni.cpp, line 520]
Event: 140.316 Thread 0x00000237f5006990 Exception <a 'java/lang/NoSuchMethodError'{0x0000000718baeb58}: 'void java.lang.invoke.DirectMethodHandle$Holder.invokeInterface(java.lang.Object, java.lang.Object)'> (0x0000000718baeb58) 
thrown [s\open\src\hotspot\share\interpreter\linkResolver.cpp, line 773]
Event: 397.633 Thread 0x00000237f5006990 Exception <a 'java/io/IOException'{0x00000007188431a8}> (0x00000007188431a8) 
thrown [s\open\src\hotspot\share\prims\jni.cpp, line 520]
Event: 410.451 Thread 0x00000237f5006990 Exception <a 'java/io/IOException'{0x000000071894ac50}> (0x000000071894ac50) 
thrown [s\open\src\hotspot\share\prims\jni.cpp, line 520]
Event: 410.478 Thread 0x00000237f5006990 Exception <a 'java/io/IOException'{0x00000007189a8650}> (0x00000007189a8650) 
thrown [s\open\src\hotspot\share\prims\jni.cpp, line 520]

ZGC Phase Switch (0 events):
No events

VM Operations (20 events):
Event: 398.351 Executing VM operation: Cleanup
Event: 398.352 Executing VM operation: Cleanup done
Event: 410.442 Executing VM operation: HandshakeAllThreads (Deoptimize)
Event: 410.442 Executing VM operation: HandshakeAllThreads (Deoptimize) done
Event: 410.442 Executing VM operation: Cleanup
Event: 410.442 Executing VM operation: Cleanup done
Event: 411.454 Executing VM operation: Cleanup
Event: 411.454 Executing VM operation: Cleanup done
Event: 415.506 Executing VM operation: Cleanup
Event: 415.506 Executing VM operation: Cleanup done
Event: 417.517 Executing VM operation: Cleanup
Event: 417.517 Executing VM operation: Cleanup done
Event: 418.529 Executing VM operation: Cleanup
Event: 418.529 Executing VM operation: Cleanup done
Event: 420.941 Executing VM operation: HandshakeAllThreads (Deoptimize)
Event: 420.941 Executing VM operation: HandshakeAllThreads (Deoptimize) done
Event: 421.158 Executing VM operation: HandshakeAllThreads (HandshakeForDeflation)
Event: 421.158 Executing VM operation: HandshakeAllThreads (HandshakeForDeflation) done
Event: 421.158 Executing VM operation: RendezvousGCThreads
Event: 421.158 Executing VM operation: RendezvousGCThreads done

Events (20 events):
Event: 139.882 Thread 0x00000237f50dd290 Thread exited: 0x00000237f50dd290
Event: 139.968 Thread 0x00000237f50dd290 Thread added: 0x00000237f50dd290
Event: 139.970 Thread 0x00000237f50de030 Thread added: 0x00000237f50de030
Event: 139.978 Thread 0x00000237f64273f0 Thread added: 0x00000237f64273f0
Event: 139.985 Thread 0x00000237f6427ac0 Thread added: 0x00000237f6427ac0
Event: 140.142 Thread 0x00000237f6427ac0 Thread exited: 0x00000237f6427ac0
Event: 140.258 Thread 0x00000237f6429cd0 Thread added: 0x00000237f6429cd0
Event: 140.268 Thread 0x00000237f6427ac0 Thread added: 0x00000237f6427ac0
Event: 145.319 Thread 0x00000237f6427ac0 Thread exited: 0x00000237f6427ac0
Event: 145.395 Thread 0x00000237f64273f0 Thread exited: 0x00000237f64273f0
Event: 150.321 Thread 0x00000237f6429cd0 Thread exited: 0x00000237f6429cd0
Event: 150.321 Thread 0x00000237f50de030 Thread exited: 0x00000237f50de030
Event: 150.321 Thread 0x00000237f50dd960 Thread exited: 0x00000237f50dd960
Event: 150.330 Thread 0x00000237f50dd290 Thread exited: 0x00000237f50dd290
Event: 155.326 Thread 0x00000237f50dcbc0 Thread exited: 0x00000237f50dcbc0
Event: 397.632 Thread 0x00000237f50dd290 Thread added: 0x00000237f50dd290
Event: 402.640 Thread 0x00000237f50dd290 Thread exited: 0x00000237f50dd290
Event: 410.418 Thread 0x00000237f50dd290 Thread added: 0x00000237f50dd290
Event: 410.482 Thread 0x00000237f62a4590 Thread added: 0x00000237f62a4590
Event: 413.481 Thread 0x00000237f50dd290 Thread exited: 0x00000237f50dd290


Dynamic libraries:
0x00007ff7cf290000 - 0x00007ff7cf2a0000 	C:\Program Files\Java\jdk-21\bin\java.exe
0x00007ffec5940000 - 0x00007ffec5ba3000 	C:\WINDOWS\SYSTEM32\ntdll.dll
0x00007ffec45a0000 - 0x00007ffec4668000 	C:\WINDOWS\System32\KERNEL32.DLL
0x00007ffec2d10000 - 0x00007ffec30c2000 	C:\WINDOWS\System32\KERNELBASE.dll
0x00007ffec31c0000 - 0x00007ffec330b000 	C:\WINDOWS\System32\ucrtbase.dll
0x00007ffeba5e0000 - 0x00007ffeba5fb000 	C:\Program Files\Java\jdk-21\bin\VCRUNTIME140.dll
0x00007ffebb000000 - 0x00007ffebb019000 	C:\Program Files\Java\jdk-21\bin\jli.dll
0x00007ffec43a0000 - 0x00007ffec4454000 	C:\WINDOWS\System32\ADVAPI32.dll
0x00007ffec54e0000 - 0x00007ffec5589000 	C:\WINDOWS\System32\msvcrt.dll
0x00007ffec4460000 - 0x00007ffec4506000 	C:\WINDOWS\System32\sechost.dll
0x00007ffec3e80000 - 0x00007ffec3f96000 	C:\WINDOWS\System32\RPCRT4.dll
0x00007ffec37a0000 - 0x00007ffec3968000 	C:\WINDOWS\System32\USER32.dll
0x00007ffec3190000 - 0x00007ffec31b7000 	C:\WINDOWS\System32\win32u.dll
0x00007ffeb05a0000 - 0x00007ffeb0830000 	C:\WINDOWS\WinSxS\amd64_microsoft.windows.common-controls_6595b64144ccf1df_6.0.26100.2454_none_3e0b68a2e331ad60\COMCTL32.dll
0x00007ffec5590000 - 0x00007ffec55ba000 	C:\WINDOWS\System32\GDI32.dll
0x00007ffec33b0000 - 0x00007ffec34db000 	C:\WINDOWS\System32\gdi32full.dll
0x00007ffec34e0000 - 0x00007ffec3583000 	C:\WINDOWS\System32\msvcp_win.dll
0x00007ffeb97b0000 - 0x00007ffeb97bb000 	C:\WINDOWS\SYSTEM32\VERSION.dll
0x00007ffec4e30000 - 0x00007ffec4e5f000 	C:\WINDOWS\System32\IMM32.DLL
0x00007ffebaff0000 - 0x00007ffebaffc000 	C:\Program Files\Java\jdk-21\bin\vcruntime140_1.dll
0x00007ffeac930000 - 0x00007ffeac9be000 	C:\Program Files\Java\jdk-21\bin\msvcp140.dll
0x00007ffe561e0000 - 0x00007ffe56ef5000 	C:\Program Files\Java\jdk-21\bin\server\jvm.dll
0x00007ffec5640000 - 0x00007ffec56b4000 	C:\WINDOWS\System32\WS2_32.dll
0x00007ffec29e0000 - 0x00007ffec2a2e000 	C:\WINDOWS\SYSTEM32\POWRPROF.dll
0x00007ffeb7d00000 - 0x00007ffeb7d36000 	C:\WINDOWS\SYSTEM32\WINMM.dll
0x00007ffec29c0000 - 0x00007ffec29d4000 	C:\WINDOWS\SYSTEM32\UMPDC.dll
0x00007ffec1b50000 - 0x00007ffec1b6a000 	C:\WINDOWS\SYSTEM32\kernel.appcore.dll
0x00007ffebaf90000 - 0x00007ffebaf9a000 	C:\Program Files\Java\jdk-21\bin\jimage.dll
0x00007ffec0580000 - 0x00007ffec07c1000 	C:\WINDOWS\SYSTEM32\DBGHELP.DLL
0x00007ffec50f0000 - 0x00007ffec546e000 	C:\WINDOWS\System32\combase.dll
0x00007ffec42c0000 - 0x00007ffec4396000 	C:\WINDOWS\System32\OLEAUT32.dll
0x00007ffeb09c0000 - 0x00007ffeb09f9000 	C:\WINDOWS\SYSTEM32\dbgcore.DLL
0x00007ffec3310000 - 0x00007ffec33a9000 	C:\WINDOWS\System32\bcryptPrimitives.dll
0x00007ffebaee0000 - 0x00007ffebaeef000 	C:\Program Files\Java\jdk-21\bin\instrument.dll
0x00007ffeba5c0000 - 0x00007ffeba5df000 	C:\Program Files\Java\jdk-21\bin\java.dll
0x00007ffec4670000 - 0x00007ffec4d70000 	C:\WINDOWS\System32\SHELL32.dll
0x00007ffec09f0000 - 0x00007ffec1221000 	C:\WINDOWS\SYSTEM32\windows.storage.dll
0x00007ffec5820000 - 0x00007ffec58fa000 	C:\WINDOWS\System32\SHCORE.dll
0x00007ffec5480000 - 0x00007ffec54dd000 	C:\WINDOWS\System32\shlwapi.dll
0x00007ffec2c20000 - 0x00007ffec2c4e000 	C:\WINDOWS\SYSTEM32\profapi.dll
0x00007ffeac410000 - 0x00007ffeac4e7000 	C:\Program Files\Java\jdk-21\bin\jsvml.dll
0x00007ffeb4150000 - 0x00007ffeb4168000 	C:\Program Files\Java\jdk-21\bin\zip.dll
0x00007ffeba5b0000 - 0x00007ffeba5c0000 	C:\Program Files\Java\jdk-21\bin\net.dll
0x00007ffebe210000 - 0x00007ffebe336000 	C:\WINDOWS\SYSTEM32\WINHTTP.dll
0x00007ffec2050000 - 0x00007ffec20b8000 	C:\WINDOWS\system32\mswsock.dll
0x00007ffeb9f10000 - 0x00007ffeb9f26000 	C:\Program Files\Java\jdk-21\bin\nio.dll
0x00007ffead4b0000 - 0x00007ffead4ca000 	F:\IntelliJ IDEA Community Edition 2024.2.0.1\bin\breakgen64.dll
0x00007ffeb4270000 - 0x00007ffeb4277000 	C:\Program Files\Java\jdk-21\bin\extnet.dll
0x00007ffeb3de0000 - 0x00007ffeb3df0000 	C:\Program Files\Java\jdk-21\bin\verify.dll
0x00007ffea8eb0000 - 0x00007ffea8ec8000 	C:\WINDOWS\system32\napinsp.dll
0x00007ffec1630000 - 0x00007ffec1755000 	C:\WINDOWS\SYSTEM32\DNSAPI.dll
0x00007ffec1590000 - 0x00007ffec15c2000 	C:\WINDOWS\SYSTEM32\IPHLPAPI.DLL
0x00007ffec4e20000 - 0x00007ffec4e2a000 	C:\WINDOWS\System32\NSI.dll
0x00007ffea84c0000 - 0x00007ffea84d2000 	C:\WINDOWS\System32\winrnr.dll
0x00007ffea8e30000 - 0x00007ffea8e52000 	C:\WINDOWS\system32\nlansp_c.dll
0x00007ffeba070000 - 0x00007ffeba086000 	C:\WINDOWS\system32\wshbth.dll
0x00007ffebb910000 - 0x00007ffebb91b000 	C:\Windows\System32\rasadhlp.dll
0x00007ffebebd0000 - 0x00007ffebec55000 	C:\WINDOWS\System32\fwpuclnt.dll
0x00007ffeb42a0000 - 0x00007ffeb42ae000 	C:\Program Files\Java\jdk-21\bin\sunmscapi.dll
0x00007ffec3620000 - 0x00007ffec3796000 	C:\WINDOWS\System32\CRYPT32.dll
0x00007ffec24f0000 - 0x00007ffec2520000 	C:\WINDOWS\SYSTEM32\ncrypt.dll
0x00007ffec24a0000 - 0x00007ffec24df000 	C:\WINDOWS\SYSTEM32\NTASN1.dll
0x00007ffe9d070000 - 0x00007ffe9d078000 	C:\WINDOWS\system32\wshunix.dll
0x00007ffec22f0000 - 0x00007ffec230c000 	C:\WINDOWS\SYSTEM32\CRYPTSP.dll
0x00007ffec1ab0000 - 0x00007ffec1ae8000 	C:\WINDOWS\system32\rsaenh.dll
0x00007ffec20f0000 - 0x00007ffec211b000 	C:\WINDOWS\SYSTEM32\USERENV.dll
0x00007ffec2530000 - 0x00007ffec2556000 	C:\WINDOWS\SYSTEM32\bcrypt.dll
0x00007ffec2310000 - 0x00007ffec231c000 	C:\WINDOWS\SYSTEM32\CRYPTBASE.dll

dbghelp: loaded successfully - version: 4.0.5 - missing functions: none
symbol engine: initialized successfully - sym options: 0x614 - pdb path: .;C:\Program Files\Java\jdk-21\bin;C:\WINDOWS\SYSTEM32;C:\WINDOWS\WinSxS\amd64_microsoft.windows.common-controls_6595b64144ccf1df_6.0.26100.2454_none_3e0b68a2e331ad60;C:\Program Files\Java\jdk-21\bin\server;F:\IntelliJ IDEA Community Edition 2024.2.0.1\bin

VM Arguments:
jvm_args: -javaagent:F:\IntelliJ IDEA Community Edition 2024.2.0.1\lib\idea_rt.jar=56198:F:\IntelliJ IDEA Community Edition 2024.2.0.1\bin -Dfile.encoding=UTF-8 -Dsun.stdout.encoding=UTF-8 -Dsun.stderr.encoding=UTF-8 
java_command: org.example.server.LivestreamServerMain
java_class_path (initial): C:\Users\tranh\.m2\repository\org\bytedeco\opencv\4.5.1-1.5.5;C:\Users\tranh\.m2\repository\org\bytedeco\opencv\4.5.1-1.5.5\opencv-4.5.1-1.5.5-android-arm64.jar;C:\Users\tranh\.m2\repository\org\bytedeco\opencv\4.5.1-1.5.5\opencv-4.5.1-1.5.5-android-arm64.jar.sha1;C:\Users\tranh\.m2\repository\org\bytedeco\opencv\4.5.1-1.5.5\opencv-4.5.1-1.5.5-android-x86_64.jar;C:\Users\tranh\.m2\repository\org\bytedeco\opencv\4.5.1-1.5.5\opencv-4.5.1-1.5.5-android-x86_64.jar.sha1;C:\Users\tranh\.m2\repository\org\bytedeco\opencv\4.5.1-1.5.5\opencv-4.5.1-1.5.5-ios-x86_64.jar;C:\Users\tranh\.m2\repository\org\bytedeco\opencv\4.5.1-1.5.5\opencv-4.5.1-1.5.5-ios-x86_64.jar.sha1;C:\Users\tranh\.m2\repository\org\bytedeco\opencv\4.5.1-1.5.5\opencv-4.5.1-1.5.5-linux-arm64.jar;C:\Users\tranh\.m2\repository\org\bytedeco\opencv\4.5.1-1.5.5\opencv-4.5.1-1.5.5-linux-arm64.jar.sha1;C:\Users\tranh\.m2\repository\org\bytedeco\opencv\4.5.1-1.5.5\opencv-4.5.1-1.5.5-linux-armhf.jar;C:\Users\tranh\.m2\repository\org\bytedeco\opencv\4.5.1-1.5.5\opencv-4.5.1-1.5.5-linux-armhf.jar.sha1;C:\Users\tranh\.m2\repository\org\bytedeco\opencv\4.5.1-1.5.5\opencv-4.5.1-1.5.5-linux-ppc64le.jar;C:\Users\tranh\.m2\repository\org\bytedeco\opencv\4.5.1-1.5.5\opencv-4.5.1-1.5.5-linux-ppc64le.jar.sha1;C:\Users\tranh\.m2\repository\org\bytedeco\opencv\4.5.1-1.5.5\opencv-4.5.1-1.5.5-linux-x86.jar;C:\Users\tranh\.m2\repository\org\bytedeco\opencv\4.5.1-1.5.5\opencv-4.5.1-1.5.5-linux-x86.jar.sha1;C:\Users\tranh\.m2\repository\org\bytedeco\opencv\4.5.1-1.5.5\opencv-4.5.1-1.5.5-macosx-x86_64.jar;C:\Users\tranh\.m2\repository\org\bytedeco\opencv\4.5.1-1.5.5\opencv-4.5.1-1.5.5-macosx-x86_64.jar.sha1;C:\Users\tranh\.m2\repository\org\bytedeco\opencv\4.5.1-1.5.5\opencv-4.5.1-1.5.5-windows-x86.jar;C:\Users\tranh\.m2\repository\org\bytedeco\opencv\4.5.1-1.5.5\opencv-4.5.1-1.5.5-windows-x86.jar.sha1;C:\Users\tranh\.m2\repository\org\bytedeco\opencv\4.5.1-1.5.5\opencv-4.5.1-1.5.5-windows-x86_64.jar;C:\Users\tranh\.m2\repository\org\bytedeco\opencv\4.5.1-1.5.5\opencv-4.5.1-1.5.5-windows-x86_64.jar.sha1;C:\Users\tranh\.m2\repository\org\bytedeco\opencv\4.5.1-1.5.5\opencv-4.5.1-1.5.5.jar;C:\Users\tranh\.m2\repository\org\bytedeco\opencv\4.5.1-1.5.5\opencv-4.5.1-1.5.5.jar.sha1;C:\Users\tranh\.m2\repository\org\bytedeco\opencv\4.5.1-1.5.5\opencv-4.5.1-1.5.5.pom;C:\Users\tranh\.m2\repository\org\bytedeco\opencv\4.5.1-1.5.5\opencv-4.5.1-1.5.5.pom.sha1;C:\Users\tranh\.m2\repository\org\bytedeco\opencv\4.5.1-1.5.5\_remote.repositories;F:\Workspace\Streaming\target\classes;C:\Users\tranh\.m2\repository\io\socket\socket.io-client\2.1.1\socket.io-client-2.1.1.jar;C:\Users\tranh\.m2\repository\io\socket\engine.io-client\2.1.0\engine.io-client-2.1.0.jar;C:\Users\tranh\.m2\repository\com\squareup\okhttp3\okhttp\3.12.12\okhttp-3.12.12.jar;C:\Users\tranh\.m2\repository\com\squareup\okio\okio\1.15.0\okio-1.15.0.jar;C:\Users\tranh\.m2\repository\org\json\json\20090211\json-20090211.jar;C:\Users\tranh\.m2\repository\io\socket\socket.io-server\1.0.0\socket.io-server-1.0.0.jar;C:\Users\tranh\.m2\repository\com\google\code\findbugs\jsr305\3.0.2\jsr305-3.0.2.jar;C:\Users\tranh\.m2\repository\io\socket\engine.io-server\6.2.1\engine.io-server-6.2.1.jar;C:\Users\tranh\.m2\repository\org\bytedeco\javacv-platform\1.5.9\javacv-platform-1.5.9.jar;C:\Users\tranh\.m2\repository\org\bytedeco\javacv\1.5.9\javacv-1.5.9.jar;C:\Users\tranh\.m2\repository\org\bytedeco\openblas\0.3.23-1.5.9\openblas-0.3.23-1.5.9.jar;C:\Users\tranh\.m2\repository\org\bytedeco\opencv\4.7.0-1.5.9\opencv-4.7.0-1.5.9.jar;C:\Users\tranh\.m2\repository\org\bytedeco\flycapture\2.13.3.31-1.5.9\flycapture-2.13.3.31-1.5.9.jar;C:\Users\tranh\.m2\repository\org\bytedeco\libdc1394\2.2.6-1.5.9\libdc1394-2.2.6-1.5.9.jar;C:\Users\tranh\.m2\repository\org\bytedeco\libfreenect\0.5.7-1.5.9\libfreenect-0.5.7-1.5.9.jar;C:\Users\tranh\.m2\repository\org\bytedeco\libfreenect2\0.2.0-1.5.9\libfreenect2-0.2.0-1.5.9.jar;C:\Users\tranh\.m2\repository\org\bytedeco\librealsense\1.12.4-1.5.9\librealsense-1.12.4-1.5.9.jar;C:\Users\tranh\.m2\repository\org\bytedeco\librealsense2\2.53.1-1.5.9\librealsense2-2.53.1-1.5.9.jar;C:\Users\tranh\.m2\repository\org\bytedeco\artoolkitplus\2.3.1-1.5.9\artoolkitplus-2.3.1-1.5.9.jar;C:\Users\tranh\.m2\repository\org\bytedeco\leptonica\1.83.0-1.5.9\leptonica-1.83.0-1.5.9.jar;C:\Users\tranh\.m2\repository\org\bytedeco\tesseract\5.3.1-1.5.9\tesseract-5.3.1-1.5.9.jar;C:\Users\tranh\.m2\repository\org\bytedeco\openblas-platform\0.3.23-1.5.9\openblas-platform-0.3.23-1.5.9.jar;C:\Users\tranh\.m2\repository\org\bytedeco\openblas\0.3.23-1.5.9\openblas-0.3.23-1.5.9-android-arm.jar;C:\Users\tranh\.m2\repository\org\bytedeco\openblas\0.3.23-1.5.9\openblas-0.3.23-1.5.9-android-arm64.jar;C:\Users\tranh\.m2\repository\org\bytedeco\openblas\0.3.23-1.5.9\openblas-0.3.23-1.5.9-android-x86.jar;C:\Users\tranh\.m2\repository\org\bytedeco\openblas\0.3.23-1.5.9\openblas-0.3.23-1.5.9-android-x86_64.jar;C:\Users\tranh\.m2\repository\org\bytedeco\openblas\0.3.23-1.5.9\openblas-0.3.23-1.5.9-ios-arm64.jar;C:\Users\tranh\.m2\repository\org\bytedeco\openblas\0.3.23-1.5.9\openblas-0.3.23-1.5.9-ios-x86_64.jar;C:\Users\tranh\.m2\repository\org\bytedeco\openblas\0.3.23-1.5.9\openblas-0.3.23-1.5.9-linux-x86.jar;C:\Users\tranh\.m2\repository\org\bytedeco\openblas\0.3.23-1.5.9\openblas-0.3.23-1.5.9-linux-x86_64.jar;C:\Users\tranh\.m2\repository\org\bytedeco\openblas\0.3.23-1.5.9\openblas-0.3.23-1.5.9-linux-armhf.jar;C:\Users\tranh\.m2\repository\org\bytedeco\openblas\0.3.23-1.5.9\openblas-0.3.23-1.5.9-linux-arm64.jar;C:\Users\tranh\.m2\repository\org\bytedeco\openblas\0.3.23-1.5.9\openblas-0.3.23-1.5.9-linux-ppc64le.jar;C:\Users\tranh\.m2\repository\org\bytedeco\openblas\0.3.23-1.5.9\openblas-0.3.23-1.5.9-macosx-arm64.jar;C:\Users\tranh\.m2\repository\org\bytedeco\openblas\0.3.23-1.5.9\openblas-0.3.23-1.5.9-macosx-x86_64.jar;C:\Users\tranh\.m2\repository\org\bytedeco\openblas\0.3.23-1.5.9\openblas-0.3.23-1.5.9-windows-x86.jar;C:\Users\tranh\.m2\repository\org\bytedeco\openblas\0.3.23-1.5.9\openblas-0.3.23-1.5.9-windows-x86_64.jar;C:\Users\tranh\.m2\repository\org\bytedeco\opencv-platform\4.7.0-1.5.9\opencv-platform-4.7.0-1.5.9.jar;C:\Users\tranh\.m2\repository\org\bytedeco\opencv\4.7.0-1.5.9\opencv-4.7.0-1.5.9-android-arm.jar;C:\Users\tranh\.m2\repository\org\bytedeco\opencv\4.7.0-1.5.9\opencv-4.7.0-1.5.9-android-arm64.jar;C:\Users\tranh\.m2\repository\org\bytedeco\opencv\4.7.0-1.5.9\opencv-4.7.0-1.5.9-android-x86.jar;C:\Users\tranh\.m2\repository\org\bytedeco\opencv\4.7.0-1.5.9\opencv-4.7.0-1.5.9-android-x86_64.jar;C:\Users\tranh\.m2\repository\org\bytedeco\opencv\4.7.0-1.5.9\opencv-4.7.0-1.5.9-ios-arm64.jar;C:\Users\tranh\.m2\repository\org\bytedeco\opencv\4.7.0-1.5.9\opencv-4.7.0-1.5.9-ios-x86_64.jar;C:\Users\tranh\.m2\repository\org\bytedeco\opencv\4.7.0-1.5.9\opencv-4.7.0-1.5.9-linux-x86.jar;C:\Users\tranh\.m2\repository\org\bytedeco\opencv\4.7.0-1.5.9\opencv-4.7.0-1.5.9-linux-x86_64.jar;C:\Users\tranh\.m2\repository\org\bytedeco\opencv\4.7.0-1.5.9\opencv-4.7.0-1.5.9-linux-armhf.jar;C:\Users\tranh\.m2\repository\org\bytedeco\opencv\4.7.0-1.5.9\opencv-4.7.0-1.5.9-linux-arm64.jar;C:\Users\tranh\.m2\repository\org\bytedeco\opencv\4.7.0-1.5.9\opencv-4.7.0-1.5.9-linux-ppc64le.jar;C:\Users\tranh\.m2\repository\org\bytedeco\opencv\4.7.0-1.5.9\opencv-4.7.0-1.5.9-macosx-arm64.jar;C:\Users\tranh\.m2\repository\org\bytedeco\opencv\4.7.0-1.5.9\opencv-4.7.0-1.5.9-macosx-x86_64.jar;C:\Users\tranh\.m2\repository\org\bytedeco\opencv\4.7.0-1.5.9\opencv-4.7.0-1.5.9-windows-x86.jar;C:\Users\tranh\.m2\repository\org\bytedeco\opencv\4.7.0-1.5.9\opencv-4.7.0-1.5.9-windows-x86_64.jar;C:\Users\tranh\.m2\repository\org\bytedeco\flycapture-platform\2.13.3.31-1.5.9\flycapture-platform-2.13.3.31-1.5.9.jar;C:\Users\tranh\.m2\repository\org\bytedeco\flycapture\2.13.3.31-1.5.9\flycapture-2.13.3.31-1.5.9-linux-x86.jar;C:\Users\tranh\.m2\repository\org\bytedeco\flycapture\2.13.3.31-1.5.9\flycapture-2.13.3.31-1.5.9-linux-x86_64.jar;C:\Users\tranh\.m2\repository\org\bytedeco\flycapture\2.13.3.31-1.5.9\flycapture-2.13.3.31-1.5.9-linux-armhf.jar;C:\Users\tranh\.m2\repository\org\bytedeco\flycapture\2.13.3.31-1.5.9\flycapture-2.13.3.31-1.5.9-linux-arm64.jar;C:\Users\tranh\.m2\repository\org\bytedeco\flycapture\2.13.3.31-1.5.9\flycapture-2.13.3.31-1.5.9-windows-x86.jar;C:\Users\tranh\.m2\repository\org\bytedeco\flycapture\2.13.3.31-1.5.9\flycapture-2.13.3.31-1.5.9-windows-x86_64.jar;C:\Users\tranh\.m2\repository\org\bytedeco\libdc1394-platform\2.2.6-1.5.9\libdc1394-platform-2.2.6-1.5.9.jar;C:\Users\tranh\.m2\repository\org\bytedeco\libdc1394\2.2.6-1.5.9\libdc1394-2.2.6-1.5.9-linux-x86.jar;C:\Users\tranh\.m2\repository\org\bytedeco\libdc1394\2.2.6-1.5.9\libdc1394-2.2.6-1.5.9-linux-x86_64.jar;C:\Users\tranh\.m2\repository\org\bytedeco\libdc1394\2.2.6-1.5.9\libdc1394-2.2.6-1.5.9-linux-armhf.jar;C:\Users\tranh\.m2\repository\org\bytedeco\libdc1394\2.2.6-1.5.9\libdc1394-2.2.6-1.5.9-linux-arm64.jar;C:\Users\tranh\.m2\repository\org\bytedeco\libdc1394\2.2.6-1.5.9\libdc1394-2.2.6-1.5.9-linux-ppc64le.jar;C:\Users\tranh\.m2\repository\org\bytedeco\libdc1394\2.2.6-1.5.9\libdc1394-2.2.6-1.5.9-macosx-x86_64.jar;C:\Users\tranh\.m2\repository\org\bytedeco\libdc1394\2.2.6-1.5.9\libdc1394-2.2.6-1.5.9-windows-x86.jar;C:\Users\tranh\.m2\repository\org\bytedeco\libdc1394\2.2.6-1.5.9\libdc1394-2.2.6-1.5.9-windows-x86_64.jar;C:\Users\tranh\.m2\repository\org\bytedeco\libfreenect-platform\0.5.7-1.5.9\libfreenect-platform-0.5.7-1.5.9.jar;C:\Users\tranh\.m2\repository\org\bytedeco\libfreenect\0.5.7-1.5.9\libfreenect-0.5.7-1.5.9-linux-x86.jar;C:\Users\tranh\.m2\repository\org\bytedeco\libfreenect\0.5.7-1.5.9\libfreenect-0.5.7-1.5.9-linux-x86_64.jar;C:\Users\tranh\.m2\repository\org\bytedeco\libfreenect\0.5.7-1.5.9\libfreenect-0.5.7-1.5.9-linux-armhf.jar;C:\Users\tranh\.m2\repository\org\bytedeco\libfreenect\0.5.7-1.5.9\libfreenect-0.5.7-1.5.9-linux-arm64.jar;C:\Users\tranh\.m2\repository\org\bytedeco\libfreenect\0.5.7-1.5.9\libfreenect-0.5.7-1.5.9-linux-ppc64le.jar;C:\Users\tranh\.m2\repository\org\bytedeco\libfreenect\0.5.7-1.5.9\libfreenect-0.5.7-1.5.9-macosx-x86_64.jar;C:\Users\tranh\.m2\repository\org\bytedeco\libfreenect\0.5.7-1.5.9\libfreenect-0.5.7-1.5.9-windows-x86.jar;C:\Users\tranh\.m2\repository\org\bytedeco\libfreenect\0.5.7-1.5.9\libfreenect-0.5.7-1.5.9-windows-x86_64.jar;C:\Users\tranh\.m2\repository\org\bytedeco\libfreenect2-platform\0.2.0-1.5.9\libfreenect2-platform-0.2.0-1.5.9.jar;C:\Users\tranh\.m2\repository\org\bytedeco\libfreenect2\0.2.0-1.5.9\libfreenect2-0.2.0-1.5.9-linux-x86.jar;C:\Users\tranh\.m2\repository\org\bytedeco\libfreenect2\0.2.0-1.5.9\libfreenect2-0.2.0-1.5.9-linux-x86_64.jar;C:\Users\tranh\.m2\repository\org\bytedeco\libfreenect2\0.2.0-1.5.9\libfreenect2-0.2.0-1.5.9-macosx-x86_64.jar;C:\Users\tranh\.m2\repository\org\bytedeco\libfreenect2\0.2.0-1.5.9\libfreenect2-0.2.0-1.5.9-windows-x86_64.jar;C:\Users\tranh\.m2\repository\org\bytedeco\librealsense-platform\1.12.4-1.5.9\librealsense-platform-1.12.4-1.5.9.jar;C:\Users\tranh\.m2\repository\org\bytedeco\librealsense\1.12.4-1.5.9\librealsense-1.12.4-1.5.9-linux-armhf.jar;C:\Users\tranh\.m2\repository\org\bytedeco\librealsense\1.12.4-1.5.9\librealsense-1.12.4-1.5.9-linux-arm64.jar;C:\Users\tranh\.m2\repository\org\bytedeco\librealsense\1.12.4-1.5.9\librealsense-1.12.4-1.5.9-linux-x86.jar;C:\Users\tranh\.m2\repository\org\bytedeco\librealsense\1.12.4-1.5.9\librealsense-1.12.4-1.5.9-linux-x86_64.jar;C:\Users\tranh\.m2\repository\org\bytedeco\librealsense\1.12.4-1.5.9\librealsense-1.12.4-1.5.9-macosx-x86_64.jar;C:\Users\tranh\.m2\repository\org\bytedeco\librealsense\1.12.4-1.5.9\librealsense-1.12.4-1.5.9-windows-x86.jar;C:\Users\tranh\.m2\repository\org\bytedeco\librealsense\1.12.4-1.5.9\librealsense-1.12.4-1.5.9-windows-x86_64.jar;C:\Users\tranh\.m2\repository\org\bytedeco\librealsense2-platform\2.53.1-1.5.9\librealsense2-platform-2.53.1-1.5.9.jar;C:\Users\tranh\.m2\repository\org\bytedeco\librealsense2\2.53.1-1.5.9\librealsense2-2.53.1-1.5.9-linux-armhf.jar;C:\Users\tranh\.m2\repository\org\bytedeco\librealsense2\2.53.1-1.5.9\librealsense2-2.53.1-1.5.9-linux-arm64.jar;C:\Users\tranh\.m2\repository\org\bytedeco\librealsense2\2.53.1-1.5.9\librealsense2-2.53.1-1.5.9-linux-x86.jar;C:\Users\tranh\.m2\repository\org\bytedeco\librealsense2\2.53.1-1.5.9\librealsense2-2.53.1-1.5.9-linux-x86_64.jar;C:\Users\tranh\.m2\repository\org\bytedeco\librealsense2\2.53.1-1.5.9\librealsense2-2.53.1-1.5.9-macosx-x86_64.jar;C:\Users\tranh\.m2\repository\org\bytedeco\librealsense2\2.53.1-1.5.9\librealsense2-2.53.1-1.5.9-windows-x86.jar;C:\Users\tranh\.m2\repository\org\bytedeco\librealsense2\2.53.1-1.5.9\librealsense2-2.53.1-1.5.9-windows-x86_64.jar;C:\Users\tranh\.m2\repository\org\bytedeco\videoinput-platform\0.200-1.5.9\videoinput-platform-0.200-1.5.9.jar;C:\Users\tranh\.m2\repository\org\bytedeco\videoinput\0.200-1.5.9\videoinput-0.200-1.5.9-windows-x86.jar;C:\Users\tranh\.m2\repository\org\bytedeco\videoinput\0.200-1.5.9\videoinput-0.200-1.5.9-windows-x86_64.jar;C:\Users\tranh\.m2\repository\org\bytedeco\artoolkitplus-platform\2.3.1-1.5.9\artoolkitplus-platform-2.3.1-1.5.9.jar;C:\Users\tranh\.m2\repository\org\bytedeco\artoolkitplus\2.3.1-1.5.9\artoolkitplus-2.3.1-1.5.9-android-arm.jar;C:\Users\tranh\.m2\repository\org\bytedeco\artoolkitplus\2.3.1-1.5.9\artoolkitplus-2.3.1-1.5.9-android-arm64.jar;C:\Users\tranh\.m2\repository\org\bytedeco\artoolkitplus\2.3.1-1.5.9\artoolkitplus-2.3.1-1.5.9-android-x86.jar;C:\Users\tranh\.m2\repository\org\bytedeco\artoolkitplus\2.3.1-1.5.9\artoolkitplus-2.3.1-1.5.9-android-x86_64.jar;C:\Users\tranh\.m2\repository\org\bytedeco\artoolkitplus\2.3.1-1.5.9\artoolkitplus-2.3.1-1.5.9-linux-x86.jar;C:\Users\tranh\.m2\repository\org\bytedeco\artoolkitplus\2.3.1-1.5.9\artoolkitplus-2.3.1-1.5.9-linux-x86_64.jar;C:\Users\tranh\.m2\repository\org\bytedeco\artoolkitplus\2.3.1-1.5.9\artoolkitplus-2.3.1-1.5.9-linux-armhf.jar;C:\Users\tranh\.m2\repository\org\bytedeco\artoolkitplus\2.3.1-1.5.9\artoolkitplus-2.3.1-1.5.9-linux-arm64.jar;C:\Users\tranh\.m2\repository\org\bytedeco\artoolkitplus\2.3.1-1.5.9\artoolkitplus-2.3.1-1.5.9-linux-ppc64le.jar;C:\Users\tranh\.m2\repository\org\bytedeco\artoolkitplus\2.3.1-1.5.9\artoolkitplus-2.3.1-1.5.9-macosx-x86_64.jar;C:\Users\tranh\.m2\repository\org\bytedeco\artoolkitplus\2.3.1-1.5.9\artoolkitplus-2.3.1-1.5.9-windows-x86.jar;C:\Users\tranh\.m2\repository\org\bytedeco\artoolkitplus\2.3.1-1.5.9\artoolkitplus-2.3.1-1.5.9-windows-x86_64.jar;C:\Users\tranh\.m2\repository\org\bytedeco\leptonica-platform\1.83.0-1.5.9\leptonica-platform-1.83.0-1.5.9.jar;C:\Users\tranh\.m2\repository\org\bytedeco\leptonica\1.83.0-1.5.9\leptonica-1.83.0-1.5.9-android-arm.jar;C:\Users\tranh\.m2\repository\org\bytedeco\leptonica\1.83.0-1.5.9\leptonica-1.83.0-1.5.9-android-arm64.jar;C:\Users\tranh\.m2\repository\org\bytedeco\leptonica\1.83.0-1.5.9\leptonica-1.83.0-1.5.9-android-x86.jar;C:\Users\tranh\.m2\repository\org\bytedeco\leptonica\1.83.0-1.5.9\leptonica-1.83.0-1.5.9-android-x86_64.jar;C:\Users\tranh\.m2\repository\org\bytedeco\leptonica\1.83.0-1.5.9\leptonica-1.83.0-1.5.9-linux-x86.jar;C:\Users\tranh\.m2\repository\org\bytedeco\leptonica\1.83.0-1.5.9\leptonica-1.83.0-1.5.9-linux-x86_64.jar;C:\Users\tranh\.m2\repository\org\bytedeco\leptonica\1.83.0-1.5.9\leptonica-1.83.0-1.5.9-linux-armhf.jar;C:\Users\tranh\.m2\repository\org\bytedeco\leptonica\1.83.0-1.5.9\leptonica-1.83.0-1.5.9-linux-arm64.jar;C:\Users\tranh\.m2\repository\org\bytedeco\leptonica\1.83.0-1.5.9\leptonica-1.83.0-1.5.9-linux-ppc64le.jar;C:\Users\tranh\.m2\repository\org\bytedeco\leptonica\1.83.0-1.5.9\leptonica-1.83.0-1.5.9-macosx-arm64.jar;C:\Users\tranh\.m2\repository\org\bytedeco\leptonica\1.83.0-1.5.9\leptonica-1.83.0-1.5.9-macosx-x86_64.jar;C:\Users\tranh\.m2\repository\org\bytedeco\leptonica\1.83.0-1.5.9\leptonica-1.83.0-1.5.9-windows-x86.jar;C:\Users\tranh\.m2\repository\org\bytedeco\leptonica\1.83.0-1.5.9\leptonica-1.83.0-1.5.9-windows-x86_64.jar;C:\Users\tranh\.m2\repository\org\bytedeco\tesseract-platform\5.3.1-1.5.9\tesseract-platform-5.3.1-1.5.9.jar;C:\Users\tranh\.m2\repository\org\bytedeco\tesseract\5.3.1-1.5.9\tesseract-5.3.1-1.5.9-android-arm.jar;C:\Users\tranh\.m2\repository\org\bytedeco\tesseract\5.3.1-1.5.9\tesseract-5.3.1-1.5.9-android-arm64.jar;C:\Users\tranh\.m2\repository\org\bytedeco\tesseract\5.3.1-1.5.9\tesseract-5.3.1-1.5.9-android-x86.jar;C:\Users\tranh\.m2\repository\org\bytedeco\tesseract\5.3.1-1.5.9\tesseract-5.3.1-1.5.9-android-x86_64.jar;C:\Users\tranh\.m2\repository\org\bytedeco\tesseract\5.3.1-1.5.9\tesseract-5.3.1-1.5.9-linux-x86.jar;C:\Users\tranh\.m2\repository\org\bytedeco\tesseract\5.3.1-1.5.9\tesseract-5.3.1-1.5.9-linux-x86_64.jar;C:\Users\tranh\.m2\repository\org\bytedeco\tesseract\5.3.1-1.5.9\tesseract-5.3.1-1.5.9-linux-armhf.jar;C:\Users\tranh\.m2\repository\org\bytedeco\tesseract\5.3.1-1.5.9\tesseract-5.3.1-1.5.9-linux-arm64.jar;C:\Users\tranh\.m2\repository\org\bytedeco\tesseract\5.3.1-1.5.9\tesseract-5.3.1-1.5.9-linux-ppc64le.jar;C:\Users\tranh\.m2\repository\org\bytedeco\tesseract\5.3.1-1.5.9\tesseract-5.3.1-1.5.9-macosx-arm64.jar;C:\Users\tranh\.m2\repository\org\bytedeco\tesseract\5.3.1-1.5.9\tesseract-5.3.1-1.5.9-macosx-x86_64.jar;C:\Users\tranh\.m2\repository\org\bytedeco\tesseract\5.3.1-1.5.9\tesseract-5.3.1-1.5.9-windows-x86.jar;C:\Users\tranh\.m2\repository\org\bytedeco\tesseract\5.3.1-1.5.9\tesseract-5.3.1-1.5.9-windows-x86_64.jar;C:\Users\tranh\.m2\repository\org\bytedeco\ffmpeg-platform\6.0-1.5.9\ffmpeg-platform-6.0-1.5.9.jar;C:\Users\tranh\.m2\repository\org\bytedeco\javacpp-platform\1.5.9\javacpp-platform-1.5.9.jar;C:\Users\tranh\.m2\repository\org\bytedeco\javacpp\1.5.9\javacpp-1.5.9-android-arm.jar;C:\Users\tranh\.m2\repository\org\bytedeco\javacpp\1.5.9\javacpp-1.5.9-android-arm64.jar;C:\Users\tranh\.m2\repository\org\bytedeco\javacpp\1.5.9\javacpp-1.5.9-android-x86.jar;C:\Users\tranh\.m2\repository\org\bytedeco\javacpp\1.5.9\javacpp-1.5.9-android-x86_64.jar;C:\Users\tranh\.m2\repository\org\bytedeco\javacpp\1.5.9\javacpp-1.5.9-ios-arm64.jar;C:\Users\tranh\.m2\repository\org\bytedeco\javacpp\1.5.9\javacpp-1.5.9-ios-x86_64.jar;C:\Users\tranh\.m2\repository\org\bytedeco\javacpp\1.5.9\javacpp-1.5.9-linux-armhf.jar;C:\Users\tranh\.m2\repository\org\bytedeco\javacpp\1.5.9\javacpp-1.5.9-linux-arm64.jar;C:\Users\tranh\.m2\repository\org\bytedeco\javacpp\1.5.9\javacpp-1.5.9-linux-ppc64le.jar;C:\Users\tranh\.m2\repository\org\bytedeco\javacpp\1.5.9\javacpp-1.5.9-linux-x86.jar;C:\Users\tranh\.m2\repository\org\bytedeco\javacpp\1.5.9\javacpp-1.5.9-linux-x86_64.jar;C:\Users\tranh\.m2\repository\org\bytedeco\javacpp\1.5.9\javacpp-1.5.9-macosx-arm64.jar;C:\Users\tranh\.m2\repository\org\bytedeco\javacpp\1.5.9\javacpp-1.5.9-macosx-x86_64.jar;C:\Users\tranh\.m2\repository\org\bytedeco\javacpp\1.5.9\javacpp-1.5.9-windows-x86.jar;C:\Users\tranh\.m2\repository\org\bytedeco\javacpp\1.5.9\javacpp-1.5.9-windows-x86_64.jar;C:\Users\tranh\.m2\repository\org\bytedeco\ffmpeg\6.0-1.5.9\ffmpeg-6.0-1.5.9.jar;C:\Users\tranh\.m2\repository\org\bytedeco\ffmpeg\6.0-1.5.9\ffmpeg-6.0-1.5.9-android-arm.jar;C:\Users\tranh\.m2\repository\org\bytedeco\ffmpeg\6.0-1.5.9\ffmpeg-6.0-1.5.9-android-arm64.jar;C:\Users\tranh\.m2\repository\org\bytedeco\ffmpeg\6.0-1.5.9\ffmpeg-6.0-1.5.9-android-x86.jar;C:\Users\tranh\.m2\repository\org\bytedeco\ffmpeg\6.0-1.5.9\ffmpeg-6.0-1.5.9-android-x86_64.jar;C:\Users\tranh\.m2\repository\org\bytedeco\ffmpeg\6.0-1.5.9\ffmpeg-6.0-1.5.9-linux-x86.jar;C:\Users\tranh\.m2\repository\org\bytedeco\ffmpeg\6.0-1.5.9\ffmpeg-6.0-1.5.9-linux-x86_64.jar;C:\Users\tranh\.m2\repository\org\bytedeco\ffmpeg\6.0-1.5.9\ffmpeg-6.0-1.5.9-linux-armhf.jar;C:\Users\tranh\.m2\repository\org\bytedeco\ffmpeg\6.0-1.5.9\ffmpeg-6.0-1.5.9-linux-arm64.jar;C:\Users\tranh\.m2\repository\org\bytedeco\ffmpeg\6.0-1.5.9\ffmpeg-6.0-1.5.9-linux-ppc64le.jar;C:\Users\tranh\.m2\repository\org\bytedeco\ffmpeg\6.0-1.5.9\ffmpeg-6.0-1.5.9-macosx-arm64.jar;C:\Users\tranh\.m2\repository\org\bytedeco\ffmpeg\6.0-1.5.9\ffmpeg-6.0-1.5.9-macosx-x86_64.jar;C:\Users\tranh\.m2\repository\org\bytedeco\ffmpeg\6.0-1.5.9\ffmpeg-6.0-1.5.9-windows-x86.jar;C:\Users\tranh\.m2\repository\org\bytedeco\ffmpeg\6.0-1.5.9\ffmpeg-6.0-1.5.9-windows-x86_64.jar;C:\Users\tranh\.m2\repository\org\java-websocket\Java-WebSocket\1.5.2\Java-WebSocket-1.5.2.jar;C:\Users\tranh\.m2\repository\org\slf4j\slf4j-api\1.7.25\slf4j-api-1.7.25.jar;C:\Users\tranh\.m2\repository\org\slf4j\slf4j-simple\1.7.30\slf4j-simple-1.7.30.jar;C:\Users\tranh\.m2\repository\org\bytedeco\javacpp\1.5.9\javacpp-1.5.9.jar;C:\Users\tranh\.m2\repository\org\bytedeco\videoinput\0.200-1.5.9\videoinput-0.200-1.5.9.jar;C:\Users\tranh\.m2\repository\com\mysql\mysql-connector-j\8.0.33\mysql-connector-j-8.0.33.jar;C:\Users\tranh\.m2\repository\com\google\protobuf\protobuf-java\3.21.9\protobuf-java-3.21.9.jar
Launcher Type: SUN_STANDARD

[Global flags]
     intx CICompilerCount                          = 12                                        {product} {ergonomic}
     uint ConcGCThreads                            = 3                                         {product} {ergonomic}
     uint G1ConcRefinementThreads                  = 13                                        {product} {ergonomic}
   size_t G1HeapRegionSize                         = 2097152                                   {product} {ergonomic}
    uintx GCDrainStackTargetSize                   = 64                                        {product} {ergonomic}
   size_t InitialHeapSize                          = 260046848                                 {product} {ergonomic}
   size_t MarkStackSize                            = 4194304                                   {product} {ergonomic}
   size_t MaxHeapSize                              = 4139778048                                {product} {ergonomic}
   size_t MaxNewSize                               = 2483027968                                {product} {ergonomic}
   size_t MinHeapDeltaBytes                        = 2097152                                   {product} {ergonomic}
   size_t MinHeapSize                              = 8388608                                   {product} {ergonomic}
    uintx NonNMethodCodeHeapSize                   = 7602480                                {pd product} {ergonomic}
    uintx NonProfiledCodeHeapSize                  = 122027880                              {pd product} {ergonomic}
    uintx ProfiledCodeHeapSize                     = 122027880                              {pd product} {ergonomic}
    uintx ReservedCodeCacheSize                    = 251658240                              {pd product} {ergonomic}
     bool SegmentedCodeCache                       = true                                      {product} {ergonomic}
   size_t SoftMaxHeapSize                          = 4139778048                             {manageable} {ergonomic}
     bool UseCompressedOops                        = true                           {product lp64_product} {ergonomic}
     bool UseG1GC                                  = true                                      {product} {ergonomic}
     bool UseLargePagesIndividualAllocation        = false                                  {pd product} {ergonomic}

Logging:
Log output configuration:
 #0: stdout all=warning uptime,level,tags foldmultilines=false
 #1: stderr all=off uptime,level,tags foldmultilines=false

Environment Variables:
JAVA_HOME=C:\Program Files\Java\jdk-21
PATH=C:\Program Files\Common Files\Oracle\Java\javapath;C:\Windows\system32;C:\Windows;C:\Windows\System32\Wbem;C:\Windows\System32\WindowsPowerShell\v1.0\;C:\Windows\System32\OpenSSH\;C:\Program Files (x86)\NVIDIA Corporation\PhysX\Common;C:\WINDOWS\system32;C:\WINDOWS;C:\WINDOWS\System32\Wbem;C:\WINDOWS\System32\WindowsPowerShell\v1.0\;C:\WINDOWS\System32\OpenSSH\;C:\Program Files\dotnet\;C:\Users\tranh\OneDrive\Documents;C:\Program Files (x86)\Microsoft SQL Server\160\Tools\Binn\;C:\Program Files\Microsoft SQL Server\160\Tools\Binn\;C:\Program Files\Microsoft SQL Server\Client SDK\ODBC\170\Tools\Binn\;C:\Program Files\Microsoft SQL Server\160\DTS\Binn\;C:\Program Files (x86)\Microsoft SQL Server\150\DTS\Binn\;C:\Program Files\Azure Data Studio\bin;C:\xampp\php;C:\composer;C:\xampp\mysql\bin;C:\Program Files\nodejs\;C:\Program Files\Git\cmd;D:\;C:\Program Files\CMake\bin;C:\ProgramData\chocolatey\bin;C:\ProgramData\chocolatey\lib\maven\apache-maven-3.9.9\bin;C:\Users\tranh\AppData\Local\Programs\Python\Python312\Scripts\;C:\Users\tranh\AppData\Local\Programs\Python\Python312\;C:\Users\tranh\AppData\Local\Microsoft\WindowsApps;C:\Users\tranh\AppData\Local\Programs\Microsoft VS Code\bin;C:\Users\tranh\AppData\Roaming\Composer\vendor\bin;C:\Users\tranh\AppData\Roaming\npm;F:\IntelliJ IDEA Community Edition 2024.2.0.1\bin;D:\Program Files (x86)\Python312;;D:\Program Files (x86)\Python312;C:\Program Files\Docker\Docker\resources\bin;C:\Program Files\WireGuard\;C:\Program Files\Common Files\Oracle\Java\javapath;C:\Windows\system32;C:\Windows;C:\Windows\System32\Wbem;C:\Windows\System32\WindowsPowerShell\v1.0\;C:\Windows\System32\OpenSSH\;C:\Program Files (x86)\NVIDIA Corporation\PhysX\Common;C:\WINDOWS\system32;C:\WINDOWS;C:\WINDOWS\System32\Wbem;C:\WINDOWS\System32\WindowsPowerShell\v1.0\;C:\WINDOWS\System32\OpenSSH\;C:\Program Files\dotnet\;C:\Users\tranh\OneDrive\Documents;C:\Program Files (x86)\Microsoft SQL Server\160\Tools\Binn\;C:\Program Files\Microsoft SQL Server\160\Tools\Binn\;C:\Program Files\Microsoft SQL Server\Client SDK\ODBC\170\Tools\Binn\;C:\Program Files\Microsoft SQL Server\160\DTS\Binn\;C:\Program Files (x86)\Microsoft SQL Server\150\DTS\Binn\;C:\Program Files\Azure Data Studio\bin;C:\xampp\php;C:\composer;C:\xampp\mysql\bin;C:\Program Files\nodejs\;C:\Program Files\Git\cmd;D:\;C:\Program Files\CMake\bin;C:\ProgramData\chocolatey\bin;C:\ProgramData\chocolatey\lib\maven\apache-maven-3.9.9\bin;C:\Users\tranh\AppData\Local\Programs\Python\Python312\Scripts\;C:\Users\tranh\AppData\Local\Programs\Python\Python312\;C:\Users\tranh\AppData\Local\Microsoft\WindowsApps;C:\Users\tranh\AppData\Local\Programs\Microsoft VS Code\bin;C:\Users\tranh\AppData\Roaming\Composer\vendor\bin;C:\Users\tranh\AppData\Roaming\npm;F:\IntelliJ IDEA Community Edition 2024.2.0.1\bin;D:\Program Files (x86)\Python312;;D:\Program Files (x86)\Python312;;D:\Program Files (x86)\Python312;C:\ProgramData\mingw64\mingw64\bin
USERNAME=tranh
OS=Windows_NT
PROCESSOR_IDENTIFIER=AMD64 Family 23 Model 96 Stepping 1, AuthenticAMD
TMP=C:\Users\tranh\AppData\Local\Temp
TEMP=C:\Users\tranh\AppData\Local\Temp




Periodic native trim disabled

---------------  S Y S T E M  ---------------

OS:
 Windows 11 , 64 bit Build 26100 (10.0.26100.2454)
OS uptime: 0 days 7:52 hours
Hyper-V role detected

CPU: total 16 (initial active 16) (16 cores per cpu, 2 threads per core) family 23 model 96 stepping 1 microcode 0x8600106, cx8, cmov, fxsr, ht, mmx, 3dnowpref, sse, sse2, sse3, ssse3, sse4a, sse4.1, sse4.2, popcnt, lzcnt, tsc, tscinvbit, avx, avx2, aes, clmul, bmi1, bmi2, adx, sha, fma, vzeroupper, clflush, clflushopt, hv, rdtscp, rdpid, f16c
Processor Information for all 16 processors :
  Max Mhz: 2901, Current Mhz: 2901, Mhz Limit: 2901

Memory: 4k page, system-wide physical 15791M (3855M free)
TotalPageFile size 22139M (AvailPageFile size 8M)
current process WorkingSet (physical memory assigned to process): 113M, peak: 130M
current process commit charge ("private bytes"): 376M, peak: 395M

vm_info: Java HotSpot(TM) 64-Bit Server VM (21.0.1+12-LTS-29) for windows-amd64 JRE (21.0.1+12-LTS-29), built on 2023-10-05T13:27:09Z by "mach5one" with MS VC++ 17.1 (VS2022)

END.
