#
# There is insufficient memory for the Java Runtime Environment to continue.
# Native memory allocation (mmap) failed to map 20971520 bytes for G1 virtual space
# Possible reasons:
#   The system is out of physical RAM or swap space
#   The process is running with CompressedOops enabled, and the Java Heap may be blocking the growth of the native heap
# Possible solutions:
#   Reduce memory load on the system
#   Increase physical memory or swap space
#   Check if swap backing store is full
#   Decrease Java heap size (-Xmx/-Xms)
#   Decrease number of Java threads
#   Decrease Java thread stack sizes (-Xss)
#   Set larger code cache with -XX:ReservedCodeCacheSize=
#   JVM is running with Zero Based Compressed Oops mode in which the Java heap is
#     placed in the first 32GB address space. The Java Heap base address is the
#     maximum limit for the native heap growth. Please use -XX:HeapBaseMinAddress
#     to set the Java Heap base and to place the Java Heap above 32GB virtual address.
# This output file may be truncated or incomplete.
#
#  Out of Memory Error (os_windows.cpp:3600), pid=21840, tid=21656
#
# JRE version: Java(TM) SE Runtime Environment (21.0.1+12) (build 21.0.1+12-LTS-29)
# Java VM: Java HotSpot(TM) 64-Bit Server VM (21.0.1+12-LTS-29, mixed mode, sharing, tiered, compressed oops, compressed class ptrs, g1 gc, windows-amd64)
# No core dump will be written. Minidumps are not enabled by default on client versions of Windows
#

---------------  S U M M A R Y ------------

Command Line: -javaagent:F:\IntelliJ IDEA Community Edition 2024.2.0.1\lib\idea_rt.jar=57323:F:\IntelliJ IDEA Community Edition 2024.2.0.1\bin -Dfile.encoding=UTF-8 -Dsun.stdout.encoding=UTF-8 -Dsun.stderr.encoding=UTF-8 org.example.client.LivestreamClient

Host: AMD Ryzen 7 4800H with Radeon Graphics         , 16 cores, 15G,  Windows 11 , 64 bit Build 26100 (10.0.26100.2454)
Time: Thu Dec 12 21:18:46 2024 SE Asia Standard Time elapsed time: 11.320390 seconds (0d 0h 0m 11s)

---------------  T H R E A D  ---------------

Current thread (0x0000019de668a0e0):  VMThread "VM Thread"          [id=21656, stack(0x0000000830600000,0x0000000830700000) (1024K)]

Stack: [0x0000000830600000,0x0000000830700000]
Native frames: (J=compiled Java code, j=interpreted, Vv=VM code, C=native code)
V  [jvm.dll+0x6c9029]
V  [jvm.dll+0x854b81]
V  [jvm.dll+0x856e5e]
V  [jvm.dll+0x857543]
V  [jvm.dll+0x280c06]
V  [jvm.dll+0x6c5715]
V  [jvm.dll+0x6ba10a]
V  [jvm.dll+0x3557ea]
V  [jvm.dll+0x35d436]
V  [jvm.dll+0x3ae1be]
V  [jvm.dll+0x3ae468]
V  [jvm.dll+0x3291fc]
V  [jvm.dll+0x329287]
V  [jvm.dll+0x36db3c]
V  [jvm.dll+0x36c33d]
V  [jvm.dll+0x328971]
V  [jvm.dll+0x36ba4a]
V  [jvm.dll+0x85d048]
V  [jvm.dll+0x85e144]
V  [jvm.dll+0x85e680]
V  [jvm.dll+0x85e923]
V  [jvm.dll+0x7fd728]
V  [jvm.dll+0x6c777d]
C  [ucrtbase.dll+0x14ea0]
C  [KERNEL32.DLL+0x2e8d7]
C  [ntdll.dll+0xdfbcc]

VM_Operation (0x000000083480cad0): G1CollectForAllocation, mode: safepoint, requested by thread 0x0000019df5fc0f60


---------------  P R O C E S S  ---------------

Threads class SMR info:
_java_thread_list=0x0000019df73f5d70, length=29, elements={
0x0000019de66a9b50, 0x0000019de66aa5b0, 0x0000019de66b3ed0, 0x0000019de66b4dc0,
0x0000019de66b6f00, 0x0000019de66b8970, 0x0000019deb008090, 0x0000019de66bb190,
0x0000019de66728b0, 0x0000019debad9be0, 0x0000019debada660, 0x0000019debaf8c00,
0x0000019debc8f160, 0x0000019debc96810, 0x0000019df5c40d50, 0x0000019df5c42100,
0x0000019df5c3f9a0, 0x0000019df5c41a70, 0x0000019df5c3ec80, 0x0000019df5c3f310,
0x0000019de66bb860, 0x0000019df5c406c0, 0x0000019df5fc1c80, 0x0000019df5fc08d0,
0x0000019df5fc15f0, 0x0000019df5fc0f60, 0x0000019df5fc2310, 0x0000019df5fbee90,
0x0000019df5fc0240
}

Java Threads: ( => current thread )
  0x0000019de66a9b50 JavaThread "Reference Handler"          daemon [_thread_blocked, id=21828, stack(0x0000000830700000,0x0000000830800000) (1024K)]
  0x0000019de66aa5b0 JavaThread "Finalizer"                  daemon [_thread_blocked, id=10412, stack(0x0000000830800000,0x0000000830900000) (1024K)]
  0x0000019de66b3ed0 JavaThread "Signal Dispatcher"          daemon [_thread_blocked, id=11800, stack(0x0000000830900000,0x0000000830a00000) (1024K)]
  0x0000019de66b4dc0 JavaThread "Attach Listener"            daemon [_thread_blocked, id=20568, stack(0x0000000830a00000,0x0000000830b00000) (1024K)]
  0x0000019de66b6f00 JavaThread "Service Thread"             daemon [_thread_blocked, id=17732, stack(0x0000000830b00000,0x0000000830c00000) (1024K)]
  0x0000019de66b8970 JavaThread "Monitor Deflation Thread"   daemon [_thread_blocked, id=12712, stack(0x0000000830c00000,0x0000000830d00000) (1024K)]
  0x0000019deb008090 JavaThread "C2 CompilerThread0"         daemon [_thread_blocked, id=17700, stack(0x0000000830d00000,0x0000000830e00000) (1024K)]
  0x0000019de66bb190 JavaThread "C1 CompilerThread0"         daemon [_thread_blocked, id=22140, stack(0x0000000830e00000,0x0000000830f00000) (1024K)]
  0x0000019de66728b0 JavaThread "Common-Cleaner"             daemon [_thread_blocked, id=19380, stack(0x0000000831000000,0x0000000831100000) (1024K)]
  0x0000019debad9be0 JavaThread "Monitor Ctrl-Break"         daemon [_thread_in_native, id=11956, stack(0x0000000831200000,0x0000000831300000) (1024K)]
  0x0000019debada660 JavaThread "Notification Thread"        daemon [_thread_blocked, id=20740, stack(0x0000000831300000,0x0000000831400000) (1024K)]
  0x0000019debaf8c00 JavaThread "Java2D Disposer"            daemon [_thread_blocked, id=20372, stack(0x0000000831400000,0x0000000831500000) (1024K)]
  0x0000019debc8f160 JavaThread "AWT-Shutdown"                      [_thread_blocked, id=15804, stack(0x0000000831500000,0x0000000831600000) (1024K)]
  0x0000019debc96810 JavaThread "AWT-Windows"                daemon [_thread_in_native, id=18664, stack(0x0000000831600000,0x0000000831700000) (1024K)]
  0x0000019df5c40d50 JavaThread "AWT-EventQueue-0"                  [_thread_blocked, id=6196, stack(0x0000000833800000,0x0000000833900000) (1024K)]
  0x0000019df5c42100 JavaThread "Thread-0"                          [_thread_in_native, id=7912, stack(0x0000000833a00000,0x0000000833b00000) (1024K)]
  0x0000019df5c3f9a0 JavaThread "DestroyJavaVM"                     [_thread_blocked, id=21292, stack(0x000000082ff00000,0x0000000830000000) (1024K)]
  0x0000019df5c41a70 JavaThread "D3D Screen Updater"         daemon [_thread_blocked, id=11528, stack(0x0000000833700000,0x0000000833800000) (1024K)]
  0x0000019df5c3ec80 JavaThread "TimerQueue"                 daemon [_thread_blocked, id=13476, stack(0x0000000833c10000,0x0000000833d10000) (1024K)]
  0x0000019df5c3f310 JavaThread "mysql-cj-abandoned-connection-cleanup" daemon [_thread_blocked, id=3016, stack(0x0000000832a00000,0x0000000832b00000) (1024K)]
  0x0000019de66bb860 JavaThread "C1 CompilerThread1"         daemon [_thread_blocked, id=5272, stack(0x0000000833d10000,0x0000000833e10000) (1024K)]
  0x0000019df5c406c0 JavaThread "Image Fetcher 0"            daemon [_thread_blocked, id=7756, stack(0x0000000830f00000,0x0000000831000000) (1024K)]
  0x0000019df5fc1c80 JavaThread "Thread-1"                          [_thread_in_native, id=22188, stack(0x0000000834310000,0x0000000834410000) (1024K)]
  0x0000019df5fc08d0 JavaThread "Image Fetcher 1"            daemon [_thread_blocked, id=3924, stack(0x0000000834410000,0x0000000834510000) (1024K)]
  0x0000019df5fc15f0 JavaThread "WebSocketConnectReadThread-59"        [_thread_in_native, id=20692, stack(0x0000000834610000,0x0000000834710000) (1024K)]
  0x0000019df5fc0f60 JavaThread "Thread-3"                          [_thread_blocked, id=9080, stack(0x0000000834710000,0x0000000834810000) (1024K)]
  0x0000019df5fc2310 JavaThread "WebSocketWriteThread-61"           [_thread_blocked, id=18832, stack(0x0000000834810000,0x0000000834910000) (1024K)]
  0x0000019df5fbee90 JavaThread "connectionLostChecker-1"           [_thread_blocked, id=22244, stack(0x0000000834910000,0x0000000834a10000) (1024K)]
  0x0000019df5fc0240 JavaThread "JavaCPP Deallocator"        daemon [_thread_blocked, id=21508, stack(0x0000000834a10000,0x0000000834b10000) (1024K)]
Total: 29

Other Threads:
=>0x0000019de668a0e0 VMThread "VM Thread"                           [id=21656, stack(0x0000000830600000,0x0000000830700000) (1024K)]
  0x0000019de6672020 WatcherThread "VM Periodic Task Thread"        [id=20892, stack(0x0000000830500000,0x0000000830600000) (1024K)]
  0x0000019dc6950a60 WorkerThread "GC Thread#0"                     [id=14268, stack(0x0000000830000000,0x0000000830100000) (1024K)]
  0x0000019decbc2640 WorkerThread "GC Thread#1"                     [id=22284, stack(0x0000000832e00000,0x0000000832f00000) (1024K)]
  0x0000019decbc29e0 WorkerThread "GC Thread#2"                     [id=21536, stack(0x0000000832f00000,0x0000000833000000) (1024K)]
  0x0000019dec9111b0 WorkerThread "GC Thread#3"                     [id=14172, stack(0x0000000833000000,0x0000000833100000) (1024K)]
  0x0000019dec911550 WorkerThread "GC Thread#4"                     [id=13948, stack(0x0000000833100000,0x0000000833200000) (1024K)]
  0x0000019dec9ed4b0 WorkerThread "GC Thread#5"                     [id=3052, stack(0x0000000833200000,0x0000000833300000) (1024K)]
  0x0000019decab5570 WorkerThread "GC Thread#6"                     [id=19984, stack(0x0000000833300000,0x0000000833400000) (1024K)]
  0x0000019decab5910 WorkerThread "GC Thread#7"                     [id=21952, stack(0x0000000833400000,0x0000000833500000) (1024K)]
  0x0000019deca18710 WorkerThread "GC Thread#8"                     [id=940, stack(0x0000000833500000,0x0000000833600000) (1024K)]
  0x0000019deca18ab0 WorkerThread "GC Thread#9"                     [id=21592, stack(0x0000000833e10000,0x0000000833f10000) (1024K)]
  0x0000019deca18370 WorkerThread "GC Thread#10"                    [id=3140, stack(0x0000000833f10000,0x0000000834010000) (1024K)]
  0x0000019deca17fd0 WorkerThread "GC Thread#11"                    [id=22240, stack(0x0000000834010000,0x0000000834110000) (1024K)]
  0x0000019deca17150 WorkerThread "GC Thread#12"                    [id=10832, stack(0x0000000834110000,0x0000000834210000) (1024K)]
  0x0000019dc6962020 ConcurrentGCThread "G1 Main Marker"            [id=3376, stack(0x0000000830100000,0x0000000830200000) (1024K)]
  0x0000019dc69638b0 WorkerThread "G1 Conc#0"                       [id=6324, stack(0x0000000830200000,0x0000000830300000) (1024K)]
  0x0000019deca17890 WorkerThread "G1 Conc#1"                       [id=22512, stack(0x0000000833b00000,0x0000000833c00000) (1024K)]
  0x0000019df58dcdb0 WorkerThread "G1 Conc#2"                       [id=19820, stack(0x0000000834210000,0x0000000834310000) (1024K)]
  0x0000019de6546ea0 ConcurrentGCThread "G1 Refine#0"               [id=16756, stack(0x0000000830300000,0x0000000830400000) (1024K)]
  0x0000019de65486d0 ConcurrentGCThread "G1 Service"                [id=22072, stack(0x0000000830400000,0x0000000830500000) (1024K)]
Total: 21

Threads with active compile tasks:
Total: 0

VM state: at safepoint (normal execution)

VM Mutex/Monitor currently owned by a thread:  ([mutex/lock_event])
[0x00007ffa7726a5f8] Threads_lock - owner thread: 0x0000019de668a0e0
[0x00007ffa7726a6f8] Heap_lock - owner thread: 0x0000019df5fc0f60

Heap address: 0x0000000709400000, size: 3948 MB, Compressed Oops mode: Zero based, Oop shift amount: 3

CDS archive(s) mapped at: [0x0000019d80000000-0x0000019d80c90000-0x0000019d80c90000), size 13172736, SharedBaseAddress: 0x0000019d80000000, ArchiveRelocationMode: 1.
Compressed class space mapped at: 0x0000019d81000000-0x0000019dc1000000, reserved size: 1073741824
Narrow klass base: 0x0000019d80000000, Narrow klass shift: 0, Narrow klass range: 0x100000000

GC Precious Log:
 CardTable entry size: 512
 Card Set container configuration: InlinePtr #cards 4 size 8 Array Of Cards #cards 16 size 48 Howl #buckets 8 coarsen threshold 3686 Howl Bitmap #cards 512 size 80 coarsen threshold 460 Card regions per heap region 1 cards per card region 4096
 CPUs: 16 total, 16 available
 Memory: 15791M
 Large Page Support: Disabled
 NUMA Support: Disabled
 Compressed Oops: Enabled (Zero based)
 Heap Region Size: 2M
 Heap Min Capacity: 8M
 Heap Initial Capacity: 248M
 Heap Max Capacity: 3948M
 Pre-touch: Disabled
 Parallel Workers: 13
 Concurrent Workers: 3
 Concurrent Refinement Workers: 13
 Periodic GC: Disabled

Heap:
 garbage-first heap   total 77824K, used 29150K [0x0000000709400000, 0x0000000800000000)
  region size 2048K, 2 young (4096K), 2 survivors (4096K)
 Metaspace       used 29550K, committed 29760K, reserved 1114112K
  class space    used 2841K, committed 2944K, reserved 1048576K

Heap Regions: E=young(eden), S=young(survivor), O=old, HS=humongous(starts), HC=humongous(continues), CS=collection set, F=free, TAMS=top-at-mark-start, PB=parsable bottom
|   0|0x0000000709400000, 0x0000000709600000, 0x0000000709600000|100%| O|  |TAMS 0x0000000709400000| PB 0x0000000709400000| Untracked 
|   1|0x0000000709600000, 0x0000000709800000, 0x0000000709800000|100%| O|  |TAMS 0x0000000709600000| PB 0x0000000709600000| Untracked 
|   2|0x0000000709800000, 0x0000000709a00000, 0x0000000709a00000|100%| O|  |TAMS 0x0000000709800000| PB 0x0000000709800000| Untracked 
|   3|0x0000000709a00000, 0x0000000709c00000, 0x0000000709c00000|100%|HS|  |TAMS 0x0000000709a00000| PB 0x0000000709a00000| Complete 
|   4|0x0000000709c00000, 0x0000000709e00000, 0x0000000709e00000|100%| O|  |TAMS 0x0000000709c00000| PB 0x0000000709c00000| Untracked 
|   5|0x0000000709e00000, 0x0000000709e00000, 0x000000070a000000|  0%| F|  |TAMS 0x0000000709e00000| PB 0x0000000709e00000| Untracked 
|   6|0x000000070a000000, 0x000000070a200000, 0x000000070a200000|100%|HS|  |TAMS 0x000000070a000000| PB 0x000000070a000000| Complete 
|   7|0x000000070a200000, 0x000000070a400000, 0x000000070a400000|100%|HS|  |TAMS 0x000000070a200000| PB 0x000000070a200000| Complete 
|   8|0x000000070a400000, 0x000000070a600000, 0x000000070a600000|100%|HS|  |TAMS 0x000000070a400000| PB 0x000000070a400000| Complete 
|   9|0x000000070a600000, 0x000000070a800000, 0x000000070a800000|100%|HS|  |TAMS 0x000000070a600000| PB 0x000000070a600000| Complete 
|  10|0x000000070a800000, 0x000000070aa00000, 0x000000070aa00000|100%|HS|  |TAMS 0x000000070a800000| PB 0x000000070a800000| Complete 
|  11|0x000000070aa00000, 0x000000070ac00000, 0x000000070ac00000|100%|HS|  |TAMS 0x000000070aa00000| PB 0x000000070aa00000| Complete 
|  12|0x000000070ac00000, 0x000000070ac00000, 0x000000070ae00000|  0%| F|  |TAMS 0x000000070ac00000| PB 0x000000070ac00000| Untracked 
|  13|0x000000070ae00000, 0x000000070ae00000, 0x000000070b000000|  0%| F|  |TAMS 0x000000070ae00000| PB 0x000000070ae00000| Untracked 
|  14|0x000000070b000000, 0x000000070b000000, 0x000000070b200000|  0%| F|  |TAMS 0x000000070b000000| PB 0x000000070b000000| Untracked 
|  15|0x000000070b200000, 0x000000070b400000, 0x000000070b400000|100%| O|  |TAMS 0x000000070b200000| PB 0x000000070b200000| Untracked 
|  16|0x000000070b400000, 0x000000070b5abe60, 0x000000070b600000| 83%| O|  |TAMS 0x000000070b400000| PB 0x000000070b400000| Untracked 
|  17|0x000000070b600000, 0x000000070b600000, 0x000000070b800000|  0%| F|  |TAMS 0x000000070b600000| PB 0x000000070b600000| Untracked 
|  18|0x000000070b800000, 0x000000070b8cbd98, 0x000000070ba00000| 39%| S|CS|TAMS 0x000000070b800000| PB 0x000000070b800000| Complete 
|  19|0x000000070ba00000, 0x000000070bc00000, 0x000000070bc00000|100%| S|CS|TAMS 0x000000070ba00000| PB 0x000000070ba00000| Complete 
|  20|0x000000070bc00000, 0x000000070bc00000, 0x000000070be00000|  0%| F|  |TAMS 0x000000070bc00000| PB 0x000000070bc00000| Untracked 
|  21|0x000000070be00000, 0x000000070be00000, 0x000000070c000000|  0%| F|  |TAMS 0x000000070be00000| PB 0x000000070be00000| Untracked 
|  22|0x000000070c000000, 0x000000070c000000, 0x000000070c200000|  0%| F|  |TAMS 0x000000070c000000| PB 0x000000070c000000| Untracked 
|  23|0x000000070c200000, 0x000000070c200000, 0x000000070c400000|  0%| F|  |TAMS 0x000000070c200000| PB 0x000000070c200000| Untracked 
|  24|0x000000070c400000, 0x000000070c400000, 0x000000070c600000|  0%| F|  |TAMS 0x000000070c400000| PB 0x000000070c400000| Untracked 
|  25|0x000000070c600000, 0x000000070c600000, 0x000000070c800000|  0%| F|  |TAMS 0x000000070c600000| PB 0x000000070c600000| Untracked 
|  26|0x000000070c800000, 0x000000070c800000, 0x000000070ca00000|  0%| F|  |TAMS 0x000000070c800000| PB 0x000000070c800000| Untracked 
|  27|0x000000070ca00000, 0x000000070ca00000, 0x000000070cc00000|  0%| F|  |TAMS 0x000000070ca00000| PB 0x000000070ca00000| Untracked 
|  28|0x000000070cc00000, 0x000000070cc00000, 0x000000070ce00000|  0%| F|  |TAMS 0x000000070cc00000| PB 0x000000070cc00000| Untracked 
|  29|0x000000070ce00000, 0x000000070ce00000, 0x000000070d000000|  0%| F|  |TAMS 0x000000070ce00000| PB 0x000000070ce00000| Untracked 
|  30|0x000000070d000000, 0x000000070d000000, 0x000000070d200000|  0%| F|  |TAMS 0x000000070d000000| PB 0x000000070d000000| Untracked 
|  31|0x000000070d200000, 0x000000070d200000, 0x000000070d400000|  0%| F|  |TAMS 0x000000070d200000| PB 0x000000070d200000| Untracked 
|  32|0x000000070d400000, 0x000000070d400000, 0x000000070d600000|  0%| F|  |TAMS 0x000000070d400000| PB 0x000000070d400000| Untracked 
|  33|0x000000070d600000, 0x000000070d600000, 0x000000070d800000|  0%| F|  |TAMS 0x000000070d600000| PB 0x000000070d600000| Untracked 
| 115|0x0000000717a00000, 0x0000000717a00000, 0x0000000717c00000|  0%| F|  |TAMS 0x0000000717a00000| PB 0x0000000717a00000| Untracked 
| 116|0x0000000717c00000, 0x0000000717c00000, 0x0000000717e00000|  0%| F|  |TAMS 0x0000000717c00000| PB 0x0000000717c00000| Untracked 
| 117|0x0000000717e00000, 0x0000000717e00000, 0x0000000718000000|  0%| F|  |TAMS 0x0000000717e00000| PB 0x0000000717e00000| Untracked 
| 123|0x0000000718a00000, 0x0000000718a00000, 0x0000000718c00000|  0%| F|  |TAMS 0x0000000718a00000| PB 0x0000000718a00000| Untracked 

Card table byte_map: [0x0000019ddf500000,0x0000019ddfcc0000] _byte_map_base: 0x0000019ddbcb6000

Marking Bits: (CMBitMap*) 0x0000019dc6951070
 Bits: [0x0000019ddfcc0000, 0x0000019de3a70000)

Polling page: 0x0000019dc5240000

Metaspace:

Usage:
  Non-class:     26.08 MB used.
      Class:      2.78 MB used.
       Both:     28.86 MB used.

Virtual space:
  Non-class space:       64.00 MB reserved,      26.19 MB ( 41%) committed,  1 nodes.
      Class space:        1.00 GB reserved,       2.88 MB ( <1%) committed,  1 nodes.
             Both:        1.06 GB reserved,      29.06 MB (  3%) committed. 

Chunk freelists:
   Non-Class:  5.19 MB
       Class:  12.94 MB
        Both:  18.12 MB

MaxMetaspaceSize: unlimited
CompressedClassSpaceSize: 1.00 GB
Initial GC threshold: 21.00 MB
Current GC threshold: 35.12 MB
CDS: on
 - commit_granule_bytes: 65536.
 - commit_granule_words: 8192.
 - virtual_space_node_default_size: 8388608.
 - enlarge_chunks_in_place: 1.
 - use_allocation_guard: 0.


Internal statistics:

num_allocs_failed_limit: 3.
num_arena_births: 232.
num_arena_deaths: 0.
num_vsnodes_births: 2.
num_vsnodes_deaths: 0.
num_space_committed: 463.
num_space_uncommitted: 0.
num_chunks_returned_to_freelist: 3.
num_chunks_taken_from_freelist: 707.
num_chunk_merges: 0.
num_chunk_splits: 487.
num_chunks_enlarged: 360.
num_inconsistent_stats: 0.

CodeHeap 'non-profiled nmethods': size=119168Kb used=1721Kb max_used=1721Kb free=117446Kb
 bounds [0x0000019dd6910000, 0x0000019dd6b80000, 0x0000019dddd70000]
CodeHeap 'profiled nmethods': size=119104Kb used=7469Kb max_used=7469Kb free=111634Kb
 bounds [0x0000019dced70000, 0x0000019dcf4c0000, 0x0000019dd61c0000]
CodeHeap 'non-nmethods': size=7488Kb used=3107Kb max_used=3355Kb free=4380Kb
 bounds [0x0000019dd61c0000, 0x0000019dd6510000, 0x0000019dd6910000]
 total_blobs=4784 nmethods=3429 adapters=1257
 compilation: enabled
              stopped_count=0, restarted_count=0
 full_count=0

Compilation events (20 events):
Event: 11.282 Thread 0x0000019deb008090 3420       4       java.util.LinkedHashMap::get (29 bytes)
Event: 11.282 Thread 0x0000019de66bb860 3421       3       java.util.regex.Pattern::sequence (647 bytes)
Event: 11.284 Thread 0x0000019de66bb860 nmethod 3421 0x0000019dcf4b1f10 code [0x0000019dcf4b2520, 0x0000019dcf4b5728]
Event: 11.285 Thread 0x0000019deb008090 nmethod 3420 0x0000019dd6abdc10 code [0x0000019dd6abdde0, 0x0000019dd6abe218]
Event: 11.290 Thread 0x0000019de66bb860 3422       3       org.bytedeco.javacpp.ClassProperties::setProperty (53 bytes)
Event: 11.290 Thread 0x0000019de66bb190 3423       3       java.lang.Class::getAnnotation (22 bytes)
Event: 11.290 Thread 0x0000019de66bb190 nmethod 3423 0x0000019dcf4b6590 code [0x0000019dcf4b6780, 0x0000019dcf4b6c18]
Event: 11.290 Thread 0x0000019de66bb190 3424       3       java.util.regex.Pattern$BnM::optimize (179 bytes)
Event: 11.290 Thread 0x0000019de66bb860 nmethod 3422 0x0000019dcf4b6d90 code [0x0000019dcf4b6fe0, 0x0000019dcf4b7b38]
Event: 11.290 Thread 0x0000019de66bb860 3425       3       java.util.ArrayList::add (65 bytes)
Event: 11.290 Thread 0x0000019de66bb190 nmethod 3424 0x0000019dcf4b7e90 code [0x0000019dcf4b8100, 0x0000019dcf4b8f30]
Event: 11.290 Thread 0x0000019de66bb860 nmethod 3425 0x0000019dcf4b9310 code [0x0000019dcf4b9520, 0x0000019dcf4b9bf0]
Event: 11.304 Thread 0x0000019de66bb190 3426   !   3       jdk.proxy2.$Proxy2::not (29 bytes)
Event: 11.304 Thread 0x0000019de66bb860 3427   !   3       jdk.proxy2.$Proxy2::pattern (29 bytes)
Event: 11.304 Thread 0x0000019de66bb190 nmethod 3426 0x0000019dcf4b9e90 code [0x0000019dcf4ba060, 0x0000019dcf4ba430]
Event: 11.304 Thread 0x0000019de66bb860 nmethod 3427 0x0000019dcf4ba610 code [0x0000019dcf4ba7e0, 0x0000019dcf4babb0]
Event: 11.311 Thread 0x0000019de66bb190 3429       3       java.util.ArrayDeque::sub (14 bytes)
Event: 11.311 Thread 0x0000019de66bb860 3428       3       java.util.ArrayDeque::size (17 bytes)
Event: 11.311 Thread 0x0000019de66bb190 nmethod 3429 0x0000019dcf4bad90 code [0x0000019dcf4baf20, 0x0000019dcf4bb050]
Event: 11.311 Thread 0x0000019de66bb860 nmethod 3428 0x0000019dcf4bb110 code [0x0000019dcf4bb2c0, 0x0000019dcf4bb480]

GC Heap History (15 events):
Event: 0.888 GC heap before
{Heap before GC invocations=0 (full 0):
 garbage-first heap   total 253952K, used 20480K [0x0000000709400000, 0x0000000800000000)
  region size 2048K, 11 young (22528K), 0 survivors (0K)
 Metaspace       used 5882K, committed 6144K, reserved 1114112K
  class space    used 609K, committed 704K, reserved 1048576K
}
Event: 0.893 GC heap after
{Heap after GC invocations=1 (full 0):
 garbage-first heap   total 253952K, used 8857K [0x0000000709400000, 0x0000000800000000)
  region size 2048K, 2 young (4096K), 2 survivors (4096K)
 Metaspace       used 5882K, committed 6144K, reserved 1114112K
  class space    used 609K, committed 704K, reserved 1048576K
}
Event: 7.264 GC heap before
{Heap before GC invocations=1 (full 0):
 garbage-first heap   total 253952K, used 27289K [0x0000000709400000, 0x0000000800000000)
  region size 2048K, 11 young (22528K), 2 survivors (4096K)
 Metaspace       used 13990K, committed 14272K, reserved 1114112K
  class space    used 1476K, committed 1600K, reserved 1048576K
}
Event: 7.267 GC heap after
{Heap after GC invocations=2 (full 0):
 garbage-first heap   total 253952K, used 14459K [0x0000000709400000, 0x0000000800000000)
  region size 2048K, 2 young (4096K), 2 survivors (4096K)
 Metaspace       used 13990K, committed 14272K, reserved 1114112K
  class space    used 1476K, committed 1600K, reserved 1048576K
}
Event: 8.186 GC heap before
{Heap before GC invocations=2 (full 0):
 garbage-first heap   total 253952K, used 24699K [0x0000000709400000, 0x0000000800000000)
  region size 2048K, 8 young (16384K), 2 survivors (4096K)
 Metaspace       used 21295K, committed 21504K, reserved 1114112K
  class space    used 2361K, committed 2496K, reserved 1048576K
}
Event: 8.189 GC heap after
{Heap after GC invocations=3 (full 0):
 garbage-first heap   total 253952K, used 16228K [0x0000000709400000, 0x0000000800000000)
  region size 2048K, 3 young (6144K), 3 survivors (6144K)
 Metaspace       used 21295K, committed 21504K, reserved 1114112K
  class space    used 2361K, committed 2496K, reserved 1048576K
}
Event: 10.063 GC heap before
{Heap before GC invocations=4 (full 0):
 garbage-first heap   total 69632K, used 65380K [0x0000000709400000, 0x0000000800000000)
  region size 2048K, 22 young (45056K), 3 survivors (6144K)
 Metaspace       used 23625K, committed 23936K, reserved 1114112K
  class space    used 2582K, committed 2752K, reserved 1048576K
}
Event: 10.067 GC heap after
{Heap after GC invocations=5 (full 0):
 garbage-first heap   total 77824K, used 29860K [0x0000000709400000, 0x0000000800000000)
  region size 2048K, 4 young (8192K), 4 survivors (8192K)
 Metaspace       used 23625K, committed 23936K, reserved 1114112K
  class space    used 2582K, committed 2752K, reserved 1048576K
}
Event: 10.289 GC heap before
{Heap before GC invocations=5 (full 0):
 garbage-first heap   total 77824K, used 62628K [0x0000000709400000, 0x0000000800000000)
  region size 2048K, 18 young (36864K), 4 survivors (8192K)
 Metaspace       used 27807K, committed 28096K, reserved 1114112K
  class space    used 2610K, committed 2752K, reserved 1048576K
}
Event: 10.293 GC heap after
{Heap after GC invocations=6 (full 0):
 garbage-first heap   total 77824K, used 29180K [0x0000000709400000, 0x0000000800000000)
  region size 2048K, 2 young (4096K), 2 survivors (4096K)
 Metaspace       used 27807K, committed 28096K, reserved 1114112K
  class space    used 2610K, committed 2752K, reserved 1048576K
}
Event: 10.408 GC heap before
{Heap before GC invocations=6 (full 0):
 garbage-first heap   total 77824K, used 61948K [0x0000000709400000, 0x0000000800000000)
  region size 2048K, 18 young (36864K), 2 survivors (4096K)
 Metaspace       used 27808K, committed 28096K, reserved 1114112K
  class space    used 2610K, committed 2752K, reserved 1048576K
}
Event: 10.410 GC heap after
{Heap after GC invocations=7 (full 0):
 garbage-first heap   total 77824K, used 28895K [0x0000000709400000, 0x0000000800000000)
  region size 2048K, 2 young (4096K), 2 survivors (4096K)
 Metaspace       used 27808K, committed 28096K, reserved 1114112K
  class space    used 2610K, committed 2752K, reserved 1048576K
}
Event: 10.580 GC heap before
{Heap before GC invocations=7 (full 0):
 garbage-first heap   total 77824K, used 65759K [0x0000000709400000, 0x0000000800000000)
  region size 2048K, 20 young (40960K), 2 survivors (4096K)
 Metaspace       used 27816K, committed 28096K, reserved 1114112K
  class space    used 2610K, committed 2752K, reserved 1048576K
}
Event: 10.585 GC heap after
{Heap after GC invocations=8 (full 0):
 garbage-first heap   total 77824K, used 28922K [0x0000000709400000, 0x0000000800000000)
  region size 2048K, 2 young (4096K), 2 survivors (4096K)
 Metaspace       used 27816K, committed 28096K, reserved 1114112K
  class space    used 2610K, committed 2752K, reserved 1048576K
}
Event: 11.315 GC heap before
{Heap before GC invocations=8 (full 0):
 garbage-first heap   total 77824K, used 65786K [0x0000000709400000, 0x0000000800000000)
  region size 2048K, 20 young (40960K), 2 survivors (4096K)
 Metaspace       used 29550K, committed 29760K, reserved 1114112K
  class space    used 2841K, committed 2944K, reserved 1048576K
}

Dll operation events (20 events):
Event: 10.053 Loaded shared library C:\Users\tranh\.javacpp\cache\javacpp-1.5.9-windows-x86_64.jar\org\bytedeco\javacpp\windows-x86_64\api-ms-win-core-util-l1-1-0.dll
Event: 10.057 Loaded shared library C:\Users\tranh\.javacpp\cache\javacpp-1.5.9-windows-x86_64.jar\org\bytedeco\javacpp\windows-x86_64\api-ms-win-core-interlocked-l1-1-0.dll
Event: 10.062 Loaded shared library C:\Users\tranh\.javacpp\cache\javacpp-1.5.9-windows-x86_64.jar\org\bytedeco\javacpp\windows-x86_64\ucrtbase.dll
Event: 10.071 Loaded shared library C:\Users\tranh\.javacpp\cache\javacpp-1.5.9-windows-x86_64.jar\org\bytedeco\javacpp\windows-x86_64\vcruntime140.dll
Event: 10.076 Loaded shared library C:\Users\tranh\.javacpp\cache\javacpp-1.5.9-windows-x86_64.jar\org\bytedeco\javacpp\windows-x86_64\vcruntime140_1.dll
Event: 10.080 Loaded shared library C:\Users\tranh\.javacpp\cache\javacpp-1.5.9-windows-x86_64.jar\org\bytedeco\javacpp\windows-x86_64\msvcp140.dll
Event: 10.084 Loaded shared library C:\Users\tranh\.javacpp\cache\javacpp-1.5.9-windows-x86_64.jar\org\bytedeco\javacpp\windows-x86_64\msvcp140_1.dll
Event: 10.088 Loaded shared library C:\Users\tranh\.javacpp\cache\javacpp-1.5.9-windows-x86_64.jar\org\bytedeco\javacpp\windows-x86_64\concrt140.dll
Event: 10.093 Loaded shared library C:\Users\tranh\.javacpp\cache\javacpp-1.5.9-windows-x86_64.jar\org\bytedeco\javacpp\windows-x86_64\vcomp140.dll
Event: 10.098 Loaded shared library C:\Users\tranh\.javacpp\cache\javacpp-1.5.9-windows-x86_64.jar\org\bytedeco\javacpp\windows-x86_64\jnijavacpp.dll
Event: 10.140 Loaded shared library C:\Users\tranh\.javacpp\cache\openblas-0.3.23-1.5.9-windows-x86_64.jar\org\bytedeco\openblas\windows-x86_64\libopenblas_nolapack.dll
Event: 10.151 Loaded shared library C:\Users\tranh\.javacpp\cache\openblas-0.3.23-1.5.9-windows-x86_64.jar\org\bytedeco\openblas\windows-x86_64\jniopenblas_nolapack.dll
Event: 10.201 Loaded shared library C:\Users\tranh\.javacpp\cache\openblas-0.3.23-1.5.9-windows-x86_64.jar\org\bytedeco\openblas\windows-x86_64\libopenblas.dll
Event: 10.214 Loaded shared library C:\Users\tranh\.javacpp\cache\openblas-0.3.23-1.5.9-windows-x86_64.jar\org\bytedeco\openblas\windows-x86_64\jniopenblas.dll
Event: 10.621 Loaded shared library C:\Users\tranh\.javacpp\cache\opencv-4.5.1-1.5.5-windows-x86_64.jar\org\bytedeco\opencv\windows-x86_64\opencv_core451.dll
Event: 10.643 Loaded shared library C:\Users\tranh\.javacpp\cache\opencv-4.5.1-1.5.5-windows-x86_64.jar\org\bytedeco\opencv\windows-x86_64\opencv_imgproc451.dll
Event: 10.660 Loaded shared library C:\Users\tranh\.javacpp\cache\opencv-4.5.1-1.5.5-windows-x86_64.jar\org\bytedeco\opencv\windows-x86_64\jniopencv_core.dll
Event: 10.772 Loaded shared library C:\Windows\System32\ole32.dll
Event: 10.775 Loaded shared library C:\Windows\System32\oleaut32.dll
Event: 10.797 Loaded shared library C:\Users\tranh\.javacpp\cache\videoinput-0.200-1.5.9-windows-x86_64.jar\org\bytedeco\videoinput\windows-x86_64\jnivideoInputLib.dll

Deoptimization events (20 events):
Event: 10.383 Thread 0x0000019df5fc0f60 DEOPT PACKING pc=0x0000019dcf42cf7c sp=0x000000083480d370
Event: 10.383 Thread 0x0000019df5fc0f60 DEOPT UNPACKING pc=0x0000019dd6214e42 sp=0x000000083480c810 mode 0
Event: 10.386 Thread 0x0000019df5fc0f60 DEOPT PACKING pc=0x0000019dcf42cf7c sp=0x000000083480d370
Event: 10.386 Thread 0x0000019df5fc0f60 DEOPT UNPACKING pc=0x0000019dd6214e42 sp=0x000000083480c810 mode 0
Event: 10.392 Thread 0x0000019df5fc0f60 DEOPT PACKING pc=0x0000019dcf42cf7c sp=0x000000083480d370
Event: 10.392 Thread 0x0000019df5fc0f60 DEOPT UNPACKING pc=0x0000019dd6214e42 sp=0x000000083480c810 mode 0
Event: 10.394 Thread 0x0000019df5fc0f60 DEOPT PACKING pc=0x0000019dcf3f9c85 sp=0x000000083480d240
Event: 10.394 Thread 0x0000019df5fc0f60 DEOPT UNPACKING pc=0x0000019dd6214e42 sp=0x000000083480c6c8 mode 0
Event: 10.543 Thread 0x0000019df5fc0f60 DEOPT PACKING pc=0x0000019dcf3d213c sp=0x000000083480d090
Event: 10.543 Thread 0x0000019df5fc0f60 DEOPT UNPACKING pc=0x0000019dd6214e42 sp=0x000000083480c578 mode 0
Event: 10.573 Thread 0x0000019df5fc0f60 DEOPT PACKING pc=0x0000019dcf3d213c sp=0x000000083480cfb0
Event: 10.573 Thread 0x0000019df5fc0f60 DEOPT UNPACKING pc=0x0000019dd6214e42 sp=0x000000083480c498 mode 0
Event: 10.630 Thread 0x0000019df5fc0f60 Uncommon trap: trap_request=0xffffff45 fr.pc=0x0000019dd6ab2698 relative=0x0000000000000538
Event: 10.630 Thread 0x0000019df5fc0f60 Uncommon trap: reason=unstable_if action=reinterpret pc=0x0000019dd6ab2698 method=java.lang.CompoundEnumeration.next()Z @ 38 c2
Event: 10.630 Thread 0x0000019df5fc0f60 DEOPT PACKING pc=0x0000019dd6ab2698 sp=0x000000083480d480
Event: 10.630 Thread 0x0000019df5fc0f60 DEOPT UNPACKING pc=0x0000019dd62146a2 sp=0x000000083480d3f8 mode 2
Event: 10.630 Thread 0x0000019df5fc0f60 Uncommon trap: trap_request=0xffffff45 fr.pc=0x0000019dd6aafa18 relative=0x0000000000000538
Event: 10.630 Thread 0x0000019df5fc0f60 Uncommon trap: reason=unstable_if action=reinterpret pc=0x0000019dd6aafa18 method=java.lang.CompoundEnumeration.next()Z @ 38 c2
Event: 10.630 Thread 0x0000019df5fc0f60 DEOPT PACKING pc=0x0000019dd6aafa18 sp=0x000000083480d410
Event: 10.630 Thread 0x0000019df5fc0f60 DEOPT UNPACKING pc=0x0000019dd62146a2 sp=0x000000083480d3f0 mode 2

Classes loaded (20 events):
Event: 9.879 Loading class java/lang/ProcessEnvironment$NameComparator
Event: 9.879 Loading class java/lang/ProcessEnvironment$NameComparator done
Event: 9.879 Loading class java/lang/ProcessEnvironment$EntryComparator
Event: 9.880 Loading class java/lang/ProcessEnvironment$EntryComparator done
Event: 9.880 Loading class java/lang/ProcessEnvironment$CheckedEntrySet
Event: 9.880 Loading class java/lang/ProcessEnvironment$CheckedEntrySet done
Event: 9.880 Loading class java/lang/ProcessEnvironment$CheckedEntrySet$1
Event: 9.880 Loading class java/lang/ProcessEnvironment$CheckedEntrySet$1 done
Event: 9.880 Loading class java/lang/ProcessEnvironment$CheckedEntry
Event: 9.880 Loading class java/lang/ProcessEnvironment$CheckedEntry done
Event: 9.880 Loading class sun/nio/fs/WindowsLinkSupport
Event: 9.881 Loading class sun/nio/fs/WindowsLinkSupport done
Event: 11.267 Loading class java/awt/image/ComponentSampleModel
Event: 11.267 Loading class java/awt/image/ComponentSampleModel done
Event: 11.267 Loading class java/awt/image/ComponentColorModel
Event: 11.267 Loading class java/awt/image/ComponentColorModel done
Event: 11.268 Loading class java/nio/FloatBuffer
Event: 11.268 Loading class java/nio/FloatBuffer done
Event: 11.268 Loading class java/nio/DoubleBuffer
Event: 11.268 Loading class java/nio/DoubleBuffer done

Classes unloaded (0 events):
No events

Classes redefined (0 events):
No events

Internal exceptions (20 events):
Event: 1.188 Thread 0x0000019df5c40d50 Exception <a 'java/io/FileNotFoundException'{0x0000000718744b98}> (0x0000000718744b98) 
thrown [s\open\src\hotspot\share\prims\jni.cpp, line 520]
Event: 1.193 Thread 0x0000019df5c40d50 Exception <a 'java/io/FileNotFoundException'{0x000000071875efa8}> (0x000000071875efa8) 
thrown [s\open\src\hotspot\share\prims\jni.cpp, line 520]
Event: 7.125 Thread 0x0000019df5c40d50 Exception <a 'java/lang/NoSuchMethodError'{0x00000007183135a8}: 'java.lang.Object java.lang.invoke.DirectMethodHandle$Holder.invokeInterface(java.lang.Object, java.lang.Object)'> (0x00000007183135a8) 
thrown [s\open\src\hotspot\share\interpreter\linkResolver.cpp, line 773]
Event: 7.139 Thread 0x0000019df5c40d50 Exception <a 'java/lang/NoSuchMethodError'{0x00000007183f10c8}: 'java.lang.Object java.lang.invoke.DirectMethodHandle$Holder.invokeVirtual(java.lang.Object, java.lang.Object, java.lang.Object)'> (0x00000007183f10c8) 
thrown [s\open\src\hotspot\share\interpreter\linkResolver.cpp, line 773]
Event: 7.295 Thread 0x0000019df5c40d50 Exception <a 'java/lang/NoSuchMethodError'{0x0000000718bd3440}: 'void java.lang.invoke.DirectMethodHandle$Holder.invokeStaticInit(java.lang.Object, java.lang.Object)'> (0x0000000718bd3440) 
thrown [s\open\src\hotspot\share\interpreter\linkResolver.cpp, line 773]
Event: 7.353 Thread 0x0000019df5c40d50 Exception <a 'sun/nio/fs/WindowsException'{0x000000071893c0e0}> (0x000000071893c0e0) 
thrown [s\open\src\hotspot\share\prims\jni.cpp, line 520]
Event: 7.387 Thread 0x0000019df5c40d50 Exception <a 'java/lang/NoSuchMethodError'{0x00000007189eb670}: 'java.lang.Object java.lang.invoke.DirectMethodHandle$Holder.invokeStaticInit(java.lang.Object, int, int, int, int)'> (0x00000007189eb670) 
thrown [s\open\src\hotspot\share\interpreter\linkResolver.cpp, line 773]
Event: 7.405 Thread 0x0000019df5c40d50 Exception <a 'java/lang/NoSuchMethodError'{0x00000007186af770}: 'java.lang.Object java.lang.invoke.DirectMethodHandle$Holder.invokeStaticInit(java.lang.Object, java.lang.Object, int, int, int, int)'> (0x00000007186af770) 
thrown [s\open\src\hotspot\share\interpreter\linkResolver.cpp, line 773]
Event: 7.600 Thread 0x0000019df5c40d50 Exception <a 'java/io/IOException'{0x00000007183d4a28}> (0x00000007183d4a28) 
thrown [s\open\src\hotspot\share\prims\jni.cpp, line 520]
Event: 7.601 Thread 0x0000019df5c40d50 Exception <a 'java/lang/NoSuchMethodError'{0x00000007183d8470}: 'void java.lang.invoke.DirectMethodHandle$Holder.invokeInterface(java.lang.Object, java.lang.Object)'> (0x00000007183d8470) 
thrown [s\open\src\hotspot\share\interpreter\linkResolver.cpp, line 773]
Event: 8.160 Thread 0x0000019df5c406c0 Implicit null exception at 0x0000019dd697b9dd to 0x0000019dd697d994
Event: 8.204 Thread 0x0000019df5c40d50 Exception <a 'java/lang/NoSuchMethodError'{0x0000000718a03750}: 'int java.lang.invoke.DirectMethodHandle$Holder.invokeStatic(java.lang.Object)'> (0x0000000718a03750) 
thrown [s\open\src\hotspot\share\interpreter\linkResolver.cpp, line 773]
Event: 9.678 Thread 0x0000019df5c40d50 Exception <a 'java/lang/NoSuchMethodError'{0x0000000718a3ad30}: 'void java.lang.invoke.DirectMethodHandle$Holder.invokeStatic(java.lang.Object, int, java.lang.Object)'> (0x0000000718a3ad30) 
thrown [s\open\src\hotspot\share\interpreter\linkResolver.cpp, line 773]
Event: 9.678 Thread 0x0000019df5c40d50 Exception <a 'java/lang/NoSuchMethodError'{0x0000000718a405e8}: 'java.lang.Object java.lang.invoke.DirectMethodHandle$Holder.newInvokeSpecial(java.lang.Object, int, java.lang.Object)'> (0x0000000718a405e8) 
thrown [s\open\src\hotspot\share\interpreter\linkResolver.cpp, line 773]
Event: 9.680 Thread 0x0000019df5fc1c80 Exception <a 'java/lang/NoSuchMethodError'{0x0000000718b8b498}: 'java.lang.Object java.lang.invoke.DirectMethodHandle$Holder.newInvokeSpecial(java.lang.Object, java.lang.Object, int, java.lang.Object)'> (0x0000000718b8b498) 
thrown [s\open\src\hotspot\share\interpreter\linkResolver.cpp, line 773]
Event: 9.681 Thread 0x0000019df5fc1c80 Exception <a 'java/lang/NoSuchMethodError'{0x0000000718b8f5e0}: 'java.lang.Object java.lang.invoke.DirectMethodHandle$Holder.invokeSpecial(java.lang.Object, java.lang.Object, java.lang.Object, int, java.lang.Object)'> (0x0000000718b8f5e0) 
thrown [s\open\src\hotspot\share\interpreter\linkResolver.cpp, line 773]
Event: 9.681 Thread 0x0000019df5fc1c80 Exception <a 'java/lang/NoSuchMethodError'{0x0000000718b92c90}: 'java.lang.Object java.lang.invoke.Invokers$Holder.invoke_MT(java.lang.Object, java.lang.Object, int, java.lang.Object, java.lang.Object)'> (0x0000000718b92c90) 
thrown [s\open\src\hotspot\share\interpreter\linkResolver.cpp, line 773]
Event: 9.857 Thread 0x0000019df5fc0f60 Exception <a 'java/lang/NoSuchMethodError'{0x000000070c4d3c58}: 'int java.lang.invoke.DirectMethodHandle$Holder.invokeStaticInit(java.lang.Object, java.lang.Object, java.lang.Object, java.lang.Object)'> (0x000000070c4d3c58) 
thrown [s\open\src\hotspot\share\interpreter\linkResolver.cpp, line 773]
Event: 9.857 Thread 0x0000019df5fc0f60 Exception <a 'java/lang/IncompatibleClassChangeError'{0x000000070c4dbc30}: Found class java.lang.Object, but interface was expected> (0x000000070c4dbc30) 
thrown [s\open\src\hotspot\share\interpreter\linkResolver.cpp, line 840]
Event: 9.858 Thread 0x0000019df5fc0f60 Exception <a 'java/lang/NoSuchMethodError'{0x000000070c4e0998}: 'int java.lang.invoke.DirectMethodHandle$Holder.invokeStaticInit(java.lang.Object, java.lang.Object)'> (0x000000070c4e0998) 
thrown [s\open\src\hotspot\share\interpreter\linkResolver.cpp, line 773]

ZGC Phase Switch (0 events):
No events

VM Operations (20 events):
Event: 8.194 Executing VM operation: G1PauseRemark done
Event: 8.195 Executing VM operation: G1PauseCleanup
Event: 8.195 Executing VM operation: G1PauseCleanup done
Event: 9.206 Executing VM operation: Cleanup
Event: 9.206 Executing VM operation: Cleanup done
Event: 9.801 Executing VM operation: HandshakeAllThreads (Deoptimize)
Event: 9.801 Executing VM operation: HandshakeAllThreads (Deoptimize) done
Event: 9.869 Executing VM operation: HandshakeAllThreads (Deoptimize)
Event: 9.869 Executing VM operation: HandshakeAllThreads (Deoptimize) done
Event: 9.879 Executing VM operation: HandshakeAllThreads (Deoptimize)
Event: 9.879 Executing VM operation: HandshakeAllThreads (Deoptimize) done
Event: 10.063 Executing VM operation: G1CollectForAllocation (G1 Evacuation Pause)
Event: 10.067 Executing VM operation: G1CollectForAllocation (G1 Evacuation Pause) done
Event: 10.289 Executing VM operation: G1CollectForAllocation (G1 Evacuation Pause)
Event: 10.293 Executing VM operation: G1CollectForAllocation (G1 Evacuation Pause) done
Event: 10.408 Executing VM operation: G1CollectForAllocation (G1 Evacuation Pause)
Event: 10.410 Executing VM operation: G1CollectForAllocation (G1 Evacuation Pause) done
Event: 10.580 Executing VM operation: G1CollectForAllocation (G1 Evacuation Pause)
Event: 10.585 Executing VM operation: G1CollectForAllocation (G1 Evacuation Pause) done
Event: 11.315 Executing VM operation: G1CollectForAllocation (G1 Evacuation Pause)

Events (20 events):
Event: 7.465 Thread 0x0000019de66ba3f0 Thread added: 0x0000019de66ba3f0
Event: 7.917 Thread 0x0000019de66ba3f0 Thread exited: 0x0000019de66ba3f0
Event: 8.011 Thread 0x0000019de66bda70 Thread exited: 0x0000019de66bda70
Event: 8.156 Thread 0x0000019de66bd3a0 Thread exited: 0x0000019de66bd3a0
Event: 8.156 Thread 0x0000019de66bc600 Thread exited: 0x0000019de66bc600
Event: 8.156 Thread 0x0000019de66bccd0 Thread exited: 0x0000019de66bccd0
Event: 8.160 Thread 0x0000019df5c406c0 Thread added: 0x0000019df5c406c0
Event: 8.207 Thread 0x0000019de66baac0 Thread added: 0x0000019de66baac0
Event: 8.567 Thread 0x0000019de66baac0 Thread exited: 0x0000019de66baac0
Event: 9.679 Thread 0x0000019df5fc1c80 Thread added: 0x0000019df5fc1c80
Event: 9.716 Thread 0x0000019df5fc08d0 Thread added: 0x0000019df5fc08d0
Event: 9.731 Thread 0x0000019de66bc600 Thread added: 0x0000019de66bc600
Event: 9.828 Thread 0x0000019df5fc15f0 Thread added: 0x0000019df5fc15f0
Event: 9.829 Thread 0x0000019df5fc0f60 Thread added: 0x0000019df5fc0f60
Event: 9.839 Thread 0x0000019df5fc2310 Thread added: 0x0000019df5fc2310
Event: 9.863 Thread 0x0000019df5fbee90 Thread added: 0x0000019df5fbee90
Event: 10.107 Thread 0x0000019df5fc0240 Thread added: 0x0000019df5fc0240
Event: 10.574 Thread 0x0000019df6ff6950 Thread added: 0x0000019df6ff6950
Event: 11.044 Thread 0x0000019df6ff6950 Thread exited: 0x0000019df6ff6950
Event: 11.044 Thread 0x0000019de66bc600 Thread exited: 0x0000019de66bc600


Dynamic libraries:
0x00007ff6a5dc0000 - 0x00007ff6a5dd0000 	C:\Program Files\Java\jdk-21\bin\java.exe
0x00007ffb20ea0000 - 0x00007ffb21103000 	C:\WINDOWS\SYSTEM32\ntdll.dll
0x00007ffb1fb70000 - 0x00007ffb1fc38000 	C:\WINDOWS\System32\KERNEL32.DLL
0x00007ffb1e300000 - 0x00007ffb1e6b2000 	C:\WINDOWS\System32\KERNELBASE.dll
0x00007ffb1ea20000 - 0x00007ffb1eb6b000 	C:\WINDOWS\System32\ucrtbase.dll
0x00007ffb1ac80000 - 0x00007ffb1ac99000 	C:\Program Files\Java\jdk-21\bin\jli.dll
0x00007ffb1ac60000 - 0x00007ffb1ac7b000 	C:\Program Files\Java\jdk-21\bin\VCRUNTIME140.dll
0x00007ffb20170000 - 0x00007ffb20224000 	C:\WINDOWS\System32\ADVAPI32.dll
0x00007ffb20980000 - 0x00007ffb20a29000 	C:\WINDOWS\System32\msvcrt.dll
0x00007ffb202b0000 - 0x00007ffb20356000 	C:\WINDOWS\System32\sechost.dll
0x00007ffb20440000 - 0x00007ffb20556000 	C:\WINDOWS\System32\RPCRT4.dll
0x00007ffb20ac0000 - 0x00007ffb20c88000 	C:\WINDOWS\System32\USER32.dll
0x00007ffb1ecd0000 - 0x00007ffb1ecf7000 	C:\WINDOWS\System32\win32u.dll
0x00007ffb09720000 - 0x00007ffb099b0000 	C:\WINDOWS\WinSxS\amd64_microsoft.windows.common-controls_6595b64144ccf1df_6.0.26100.2454_none_3e0b68a2e331ad60\COMCTL32.dll
0x00007ffb1fcb0000 - 0x00007ffb1fcda000 	C:\WINDOWS\System32\GDI32.dll
0x00007ffb1e6c0000 - 0x00007ffb1e7eb000 	C:\WINDOWS\System32\gdi32full.dll
0x00007ffb1e7f0000 - 0x00007ffb1e893000 	C:\WINDOWS\System32\msvcp_win.dll
0x00007ffb143a0000 - 0x00007ffb143ab000 	C:\WINDOWS\SYSTEM32\VERSION.dll
0x00007ffb1fc40000 - 0x00007ffb1fc6f000 	C:\WINDOWS\System32\IMM32.DLL
0x00007ffb1ac50000 - 0x00007ffb1ac5c000 	C:\Program Files\Java\jdk-21\bin\vcruntime140_1.dll
0x00007ffb17840000 - 0x00007ffb178ce000 	C:\Program Files\Java\jdk-21\bin\msvcp140.dll
0x00007ffa76630000 - 0x00007ffa77345000 	C:\Program Files\Java\jdk-21\bin\server\jvm.dll
0x00007ffb1f860000 - 0x00007ffb1f8d4000 	C:\WINDOWS\System32\WS2_32.dll
0x00007ffb1df40000 - 0x00007ffb1df8e000 	C:\WINDOWS\SYSTEM32\POWRPROF.dll
0x00007ffb14320000 - 0x00007ffb14356000 	C:\WINDOWS\SYSTEM32\WINMM.dll
0x00007ffb1df20000 - 0x00007ffb1df34000 	C:\WINDOWS\SYSTEM32\UMPDC.dll
0x00007ffb1d0b0000 - 0x00007ffb1d0ca000 	C:\WINDOWS\SYSTEM32\kernel.appcore.dll
0x00007ffb1ac40000 - 0x00007ffb1ac4a000 	C:\Program Files\Java\jdk-21\bin\jimage.dll
0x00007ffb1baa0000 - 0x00007ffb1bce1000 	C:\WINDOWS\SYSTEM32\DBGHELP.DLL
0x00007ffb205e0000 - 0x00007ffb2095e000 	C:\WINDOWS\System32\combase.dll
0x00007ffb1f620000 - 0x00007ffb1f6f6000 	C:\WINDOWS\System32\OLEAUT32.dll
0x00007ffb04610000 - 0x00007ffb04649000 	C:\WINDOWS\SYSTEM32\dbgcore.DLL
0x00007ffb1ec30000 - 0x00007ffb1ecc9000 	C:\WINDOWS\System32\bcryptPrimitives.dll
0x00007ffb177a0000 - 0x00007ffb177af000 	C:\Program Files\Java\jdk-21\bin\instrument.dll
0x00007ffb17820000 - 0x00007ffb1783f000 	C:\Program Files\Java\jdk-21\bin\java.dll
0x00007ffb1ee90000 - 0x00007ffb1f590000 	C:\WINDOWS\System32\SHELL32.dll
0x00007ffb1bf50000 - 0x00007ffb1c781000 	C:\WINDOWS\SYSTEM32\windows.storage.dll
0x00007ffb20360000 - 0x00007ffb2043a000 	C:\WINDOWS\System32\SHCORE.dll
0x00007ffb20a60000 - 0x00007ffb20abd000 	C:\WINDOWS\System32\shlwapi.dll
0x00007ffb1e180000 - 0x00007ffb1e1ae000 	C:\WINDOWS\SYSTEM32\profapi.dll
0x00007ffb08d50000 - 0x00007ffb08e27000 	C:\Program Files\Java\jdk-21\bin\jsvml.dll
0x00007ffb177b0000 - 0x00007ffb177c8000 	C:\Program Files\Java\jdk-21\bin\zip.dll
0x00007ffb17810000 - 0x00007ffb17820000 	C:\Program Files\Java\jdk-21\bin\net.dll
0x00007ffb18f60000 - 0x00007ffb19086000 	C:\WINDOWS\SYSTEM32\WINHTTP.dll
0x00007ffb1d5b0000 - 0x00007ffb1d618000 	C:\WINDOWS\system32\mswsock.dll
0x00007ffb177d0000 - 0x00007ffb177e6000 	C:\Program Files\Java\jdk-21\bin\nio.dll
0x00007ffb15120000 - 0x00007ffb1513a000 	F:\IntelliJ IDEA Community Edition 2024.2.0.1\bin\breakgen64.dll
0x00007ffb10f50000 - 0x00007ffb10f57000 	C:\Program Files\Java\jdk-21\bin\extnet.dll
0x00007ffaa2ed0000 - 0x00007ffaa305f000 	C:\Program Files\Java\jdk-21\bin\awt.dll
0x00007ffb17cb0000 - 0x00007ffb17d4c000 	C:\WINDOWS\SYSTEM32\apphelp.dll
0x00007ffb1b4f0000 - 0x00007ffb1b51e000 	C:\WINDOWS\system32\DWMAPI.DLL
0x00007ffb1b1a0000 - 0x00007ffb1b24d000 	C:\WINDOWS\system32\uxtheme.dll
0x00007ffaa8950000 - 0x00007ffaa8a5c000 	C:\WINDOWS\system32\opengl32.dll
0x00007ffaa8480000 - 0x00007ffaa84ad000 	C:\WINDOWS\SYSTEM32\GLU32.dll
0x00007ffb1b4a0000 - 0x00007ffb1b4e7000 	C:\WINDOWS\SYSTEM32\dxcore.dll
0x00007ffb1f700000 - 0x00007ffb1f85c000 	C:\WINDOWS\System32\MSCTF.dll
0x00007ffb1f8e0000 - 0x00007ffb1fa79000 	C:\WINDOWS\System32\ole32.dll
0x00007ffae7c90000 - 0x00007ffae7e36000 	C:\WINDOWS\system32\d3d9.dll
0x00007ffb1b2d0000 - 0x00007ffb1b32c000 	C:\WINDOWS\SYSTEM32\directxdatabasehelper.dll
0x00007ffb1d8c0000 - 0x00007ffb1d8d3000 	C:\WINDOWS\SYSTEM32\msasn1.dll
0x00007ffb14360000 - 0x00007ffb1439b000 	C:\WINDOWS\SYSTEM32\cryptnet.dll
0x00007ffb1e8a0000 - 0x00007ffb1ea16000 	C:\WINDOWS\System32\CRYPT32.dll
0x00007ffb1d870000 - 0x00007ffb1d87c000 	C:\WINDOWS\SYSTEM32\cryptbase.dll
0x00007ffb1e270000 - 0x00007ffb1e2ef000 	C:\WINDOWS\System32\wintrust.dll
0x00007ffb20a30000 - 0x00007ffb20a50000 	C:\WINDOWS\System32\imagehlp.dll
0x00007ffb1d850000 - 0x00007ffb1d86c000 	C:\WINDOWS\SYSTEM32\CRYPTSP.dll
0x00007ffb1d010000 - 0x00007ffb1d048000 	C:\WINDOWS\system32\rsaenh.dll
0x00007ffb1da90000 - 0x00007ffb1dab6000 	C:\WINDOWS\SYSTEM32\bcrypt.dll
0x00007ffaf2850000 - 0x00007ffaf2911000 	C:\WINDOWS\System32\DriverStore\FileRepository\nvam.inf_amd64_900a074fe80431cd\nvldumdx.dll
0x00007ffb1d930000 - 0x00007ffb1d98d000 	C:\WINDOWS\SYSTEM32\wldp.dll
0x00007ffb13d10000 - 0x00007ffb13e88000 	C:\WINDOWS\SYSTEM32\drvstore.dll
0x00007ffb1de30000 - 0x00007ffb1de5d000 	C:\WINDOWS\SYSTEM32\devobj.dll
0x00007ffb1de60000 - 0x00007ffb1debf000 	C:\WINDOWS\SYSTEM32\cfgmgr32.dll
0x00007ffaee9a0000 - 0x00007ffaf07cf000 	C:\WINDOWS\System32\DriverStore\FileRepository\nvam.inf_amd64_900a074fe80431cd\nvgpucomp64.dll
0x00007ffa9f070000 - 0x00007ffaa10b3000 	C:\WINDOWS\System32\DriverStore\FileRepository\nvam.inf_amd64_900a074fe80431cd\nvd3dumx.dll
0x00007ffb13e90000 - 0x00007ffb14048000 	C:\WINDOWS\System32\DriverStore\FileRepository\u0382793.inf_amd64_1c9c9d36a5813460\B384051\aticfx64.dll
0x00007ffb06310000 - 0x00007ffb06344000 	C:\WINDOWS\System32\DriverStore\FileRepository\u0382793.inf_amd64_1c9c9d36a5813460\B384051\atiu9p64.dll
0x00007ffa9da20000 - 0x00007ffa9e774000 	C:\WINDOWS\System32\DriverStore\FileRepository\u0382793.inf_amd64_1c9c9d36a5813460\B384051\atiumd64.dll
0x0000000066300000 - 0x0000000067174000 	C:\WINDOWS\System32\DriverStore\FileRepository\u0382793.inf_amd64_1c9c9d36a5813460\B384051\atiumd6a.dll
0x00007ffb1fce0000 - 0x00007ffb20166000 	C:\WINDOWS\System32\SETUPAPI.dll
0x00007ffb112e0000 - 0x00007ffb11310000 	C:\WINDOWS\SYSTEM32\amdihk64.dll
0x00007ffaa3350000 - 0x00007ffaa33d7000 	C:\Program Files\Java\jdk-21\bin\freetype.dll
0x00007ffaa3210000 - 0x00007ffaa32e3000 	C:\Program Files\Java\jdk-21\bin\fontmanager.dll
0x00007ffb1ed90000 - 0x00007ffb1ee38000 	C:\WINDOWS\System32\clbcatq.dll
0x00007ffb1ae90000 - 0x00007ffb1b0be000 	C:\WINDOWS\SYSTEM32\WindowsCodecs.dll
0x00007ffaf4590000 - 0x00007ffaf45ea000 	C:\WINDOWS\system32\dataexchange.dll
0x00007ffb10a20000 - 0x00007ffb10c57000 	C:\WINDOWS\system32\twinapi.appcore.dll
0x00007ffb08460000 - 0x00007ffb085a6000 	C:\WINDOWS\SYSTEM32\textinputframework.dll
0x00007ffb17650000 - 0x00007ffb17775000 	C:\WINDOWS\SYSTEM32\CoreMessaging.dll
0x00007ffb144e0000 - 0x00007ffb147c3000 	C:\WINDOWS\SYSTEM32\CoreUIComponents.dll
0x00007ffb19c00000 - 0x00007ffb19d68000 	C:\WINDOWS\SYSTEM32\wintypes.dll
0x00007ffb157f0000 - 0x00007ffb157fe000 	C:\Program Files\Java\jdk-21\bin\sunmscapi.dll
0x00007ffb1da50000 - 0x00007ffb1da80000 	C:\WINDOWS\SYSTEM32\ncrypt.dll
0x00007ffb1da00000 - 0x00007ffb1da3f000 	C:\WINDOWS\SYSTEM32\NTASN1.dll
0x00007ffb1d650000 - 0x00007ffb1d67b000 	C:\WINDOWS\SYSTEM32\USERENV.dll
0x00007ffb1caf0000 - 0x00007ffb1cb22000 	C:\WINDOWS\SYSTEM32\IPHLPAPI.DLL
0x00007ffb20560000 - 0x00007ffb2056a000 	C:\WINDOWS\System32\NSI.dll
0x00007ffb004c0000 - 0x00007ffb004d8000 	C:\WINDOWS\system32\napinsp.dll
0x00007ffb1cb90000 - 0x00007ffb1ccb5000 	C:\WINDOWS\SYSTEM32\DNSAPI.dll
0x00007ffafea60000 - 0x00007ffafea72000 	C:\WINDOWS\System32\winrnr.dll
0x00007ffafea30000 - 0x00007ffafea52000 	C:\WINDOWS\system32\nlansp_c.dll
0x00007ffb15e60000 - 0x00007ffb15e76000 	C:\WINDOWS\system32\wshbth.dll
0x00007ffb18ec0000 - 0x00007ffb18ecb000 	C:\Windows\System32\rasadhlp.dll
0x00007ffb196c0000 - 0x00007ffb19745000 	C:\WINDOWS\System32\fwpuclnt.dll
0x00007ffb10f40000 - 0x00007ffb10f50000 	C:\Program Files\Java\jdk-21\bin\verify.dll
0x0000019df7d50000 - 0x0000019df7d54000 	C:\Users\tranh\.javacpp\cache\javacpp-1.5.9-windows-x86_64.jar\org\bytedeco\javacpp\windows-x86_64\api-ms-win-crt-locale-l1-1-0.dll
0x0000019df7d60000 - 0x0000019df7d65000 	C:\Users\tranh\.javacpp\cache\javacpp-1.5.9-windows-x86_64.jar\org\bytedeco\javacpp\windows-x86_64\api-ms-win-crt-string-l1-1-0.dll
0x0000019df7d70000 - 0x0000019df7d75000 	C:\Users\tranh\.javacpp\cache\javacpp-1.5.9-windows-x86_64.jar\org\bytedeco\javacpp\windows-x86_64\api-ms-win-crt-stdio-l1-1-0.dll
0x0000019df7d80000 - 0x0000019df7d86000 	C:\Users\tranh\.javacpp\cache\javacpp-1.5.9-windows-x86_64.jar\org\bytedeco\javacpp\windows-x86_64\api-ms-win-crt-math-l1-1-0.dll
0x0000019df7d90000 - 0x0000019df7d94000 	C:\Users\tranh\.javacpp\cache\javacpp-1.5.9-windows-x86_64.jar\org\bytedeco\javacpp\windows-x86_64\api-ms-win-crt-heap-l1-1-0.dll
0x0000019df7da0000 - 0x0000019df7da5000 	C:\Users\tranh\.javacpp\cache\javacpp-1.5.9-windows-x86_64.jar\org\bytedeco\javacpp\windows-x86_64\api-ms-win-crt-runtime-l1-1-0.dll
0x0000019df7db0000 - 0x0000019df7db5000 	C:\Users\tranh\.javacpp\cache\javacpp-1.5.9-windows-x86_64.jar\org\bytedeco\javacpp\windows-x86_64\api-ms-win-crt-convert-l1-1-0.dll
0x0000019df7dc0000 - 0x0000019df7dc4000 	C:\Users\tranh\.javacpp\cache\javacpp-1.5.9-windows-x86_64.jar\org\bytedeco\javacpp\windows-x86_64\api-ms-win-crt-environment-l1-1-0.dll
0x0000019df7dd0000 - 0x0000019df7dd4000 	C:\Users\tranh\.javacpp\cache\javacpp-1.5.9-windows-x86_64.jar\org\bytedeco\javacpp\windows-x86_64\api-ms-win-crt-time-l1-1-0.dll
0x0000019df7de0000 - 0x0000019df7de4000 	C:\Users\tranh\.javacpp\cache\javacpp-1.5.9-windows-x86_64.jar\org\bytedeco\javacpp\windows-x86_64\api-ms-win-crt-filesystem-l1-1-0.dll
0x0000019df7df0000 - 0x0000019df7df4000 	C:\Users\tranh\.javacpp\cache\javacpp-1.5.9-windows-x86_64.jar\org\bytedeco\javacpp\windows-x86_64\api-ms-win-crt-utility-l1-1-0.dll
0x0000019df7e00000 - 0x0000019df7e06000 	C:\Users\tranh\.javacpp\cache\javacpp-1.5.9-windows-x86_64.jar\org\bytedeco\javacpp\windows-x86_64\api-ms-win-crt-multibyte-l1-1-0.dll
0x0000019df7e10000 - 0x0000019df7e14000 	C:\Users\tranh\.javacpp\cache\javacpp-1.5.9-windows-x86_64.jar\org\bytedeco\javacpp\windows-x86_64\api-ms-win-crt-conio-l1-1-0.dll
0x0000019df7e20000 - 0x0000019df7e31000 	C:\Users\tranh\.javacpp\cache\javacpp-1.5.9-windows-x86_64.jar\org\bytedeco\javacpp\windows-x86_64\api-ms-win-crt-private-l1-1-0.dll
0x0000019df7e40000 - 0x0000019df7e44000 	C:\Users\tranh\.javacpp\cache\javacpp-1.5.9-windows-x86_64.jar\org\bytedeco\javacpp\windows-x86_64\api-ms-win-crt-process-l1-1-0.dll
0x0000019df7e50000 - 0x0000019df7e54000 	C:\Users\tranh\.javacpp\cache\javacpp-1.5.9-windows-x86_64.jar\org\bytedeco\javacpp\windows-x86_64\api-ms-win-core-console-l1-2-0.dll
0x0000019df7e60000 - 0x0000019df7e64000 	C:\Users\tranh\.javacpp\cache\javacpp-1.5.9-windows-x86_64.jar\org\bytedeco\javacpp\windows-x86_64\api-ms-win-core-string-l1-1-0.dll
0x0000019df7e80000 - 0x0000019df7e84000 	C:\Users\tranh\.javacpp\cache\javacpp-1.5.9-windows-x86_64.jar\org\bytedeco\javacpp\windows-x86_64\api-ms-win-core-errorhandling-l1-1-0.dll
0x0000019df7e90000 - 0x0000019df7e94000 	C:\Users\tranh\.javacpp\cache\javacpp-1.5.9-windows-x86_64.jar\org\bytedeco\javacpp\windows-x86_64\api-ms-win-core-timezone-l1-1-0.dll
0x0000019df7ea0000 - 0x0000019df7ea5000 	C:\Users\tranh\.javacpp\cache\javacpp-1.5.9-windows-x86_64.jar\org\bytedeco\javacpp\windows-x86_64\api-ms-win-core-file-l1-1-0.dll
0x0000019df7eb0000 - 0x0000019df7eb4000 	C:\Users\tranh\.javacpp\cache\javacpp-1.5.9-windows-x86_64.jar\org\bytedeco\javacpp\windows-x86_64\api-ms-win-core-namedpipe-l1-1-0.dll
0x0000019df7ec0000 - 0x0000019df7ec4000 	C:\Users\tranh\.javacpp\cache\javacpp-1.5.9-windows-x86_64.jar\org\bytedeco\javacpp\windows-x86_64\api-ms-win-core-handle-l1-1-0.dll
0x0000019df7ed0000 - 0x0000019df7ed4000 	C:\Users\tranh\.javacpp\cache\javacpp-1.5.9-windows-x86_64.jar\org\bytedeco\javacpp\windows-x86_64\api-ms-win-core-file-l2-1-0.dll

dbghelp: loaded successfully - version: 4.0.5 - missing functions: none
symbol engine: initialized successfully - sym options: 0x614 - pdb path: .;C:\Program Files\Java\jdk-21\bin;C:\WINDOWS\SYSTEM32;C:\WINDOWS\WinSxS\amd64_microsoft.windows.common-controls_6595b64144ccf1df_6.0.26100.2454_none_3e0b68a2e331ad60;C:\Program Files\Java\jdk-21\bin\server;F:\IntelliJ IDEA Community Edition 2024.2.0.1\bin;C:\WINDOWS\System32\DriverStore\FileRepository\nvam.inf_amd64_900a074fe80431cd;C:\WINDOWS\System32\DriverStore\FileRepository\u0382793.inf_amd64_1c9c9d36a5813460\B384051;C:\Users\tranh\.javacpp\cache\javacpp-1.5.9-windows-x86_64.jar\org\bytedeco\javacpp\windows-x86_64;C:\Users\tranh\.javacpp\cache\openblas-0.3.23-1.5.9-windows-x86_64.jar\org\bytedeco\openblas\windows-x86_64;C:\Users\tranh\.javacpp\cache\opencv-4.5.1-1.5.5-windows-x86_64.jar\org\bytedeco\opencv\windows-x86_64;C:\Users\tranh\.javacpp\cache\videoinput-0.200-1.5.9-windows-x86_64.jar\org\bytedeco\videoinput\windows-x86_64;D:\DroidCam\lib;C:\WINDOWS\WinSxS\amd64_microsoft.windows.gdiplus_6595b64144ccf1df_1.1.26100.2454_none_6ef65b883dc4272e

VM Arguments:
jvm_args: -javaagent:F:\IntelliJ IDEA Community Edition 2024.2.0.1\lib\idea_rt.jar=57323:F:\IntelliJ IDEA Community Edition 2024.2.0.1\bin -Dfile.encoding=UTF-8 -Dsun.stdout.encoding=UTF-8 -Dsun.stderr.encoding=UTF-8 
java_command: org.example.client.LivestreamClient
java_class_path (initial): C:\Users\tranh\.m2\repository\org\bytedeco\opencv\4.5.1-1.5.5;C:\Users\tranh\.m2\repository\org\bytedeco\opencv\4.5.1-1.5.5\opencv-4.5.1-1.5.5-android-arm64.jar;C:\Users\tranh\.m2\repository\org\bytedeco\opencv\4.5.1-1.5.5\opencv-4.5.1-1.5.5-android-arm64.jar.sha1;C:\Users\tranh\.m2\repository\org\bytedeco\opencv\4.5.1-1.5.5\opencv-4.5.1-1.5.5-android-x86_64.jar;C:\Users\tranh\.m2\repository\org\bytedeco\opencv\4.5.1-1.5.5\opencv-4.5.1-1.5.5-android-x86_64.jar.sha1;C:\Users\tranh\.m2\repository\org\bytedeco\opencv\4.5.1-1.5.5\opencv-4.5.1-1.5.5-ios-x86_64.jar;C:\Users\tranh\.m2\repository\org\bytedeco\opencv\4.5.1-1.5.5\opencv-4.5.1-1.5.5-ios-x86_64.jar.sha1;C:\Users\tranh\.m2\repository\org\bytedeco\opencv\4.5.1-1.5.5\opencv-4.5.1-1.5.5-linux-arm64.jar;C:\Users\tranh\.m2\repository\org\bytedeco\opencv\4.5.1-1.5.5\opencv-4.5.1-1.5.5-linux-arm64.jar.sha1;C:\Users\tranh\.m2\repository\org\bytedeco\opencv\4.5.1-1.5.5\opencv-4.5.1-1.5.5-linux-armhf.jar;C:\Users\tranh\.m2\repository\org\bytedeco\opencv\4.5.1-1.5.5\opencv-4.5.1-1.5.5-linux-armhf.jar.sha1;C:\Users\tranh\.m2\repository\org\bytedeco\opencv\4.5.1-1.5.5\opencv-4.5.1-1.5.5-linux-ppc64le.jar;C:\Users\tranh\.m2\repository\org\bytedeco\opencv\4.5.1-1.5.5\opencv-4.5.1-1.5.5-linux-ppc64le.jar.sha1;C:\Users\tranh\.m2\repository\org\bytedeco\opencv\4.5.1-1.5.5\opencv-4.5.1-1.5.5-linux-x86.jar;C:\Users\tranh\.m2\repository\org\bytedeco\opencv\4.5.1-1.5.5\opencv-4.5.1-1.5.5-linux-x86.jar.sha1;C:\Users\tranh\.m2\repository\org\bytedeco\opencv\4.5.1-1.5.5\opencv-4.5.1-1.5.5-macosx-x86_64.jar;C:\Users\tranh\.m2\repository\org\bytedeco\opencv\4.5.1-1.5.5\opencv-4.5.1-1.5.5-macosx-x86_64.jar.sha1;C:\Users\tranh\.m2\repository\org\bytedeco\opencv\4.5.1-1.5.5\opencv-4.5.1-1.5.5-windows-x86.jar;C:\Users\tranh\.m2\repository\org\bytedeco\opencv\4.5.1-1.5.5\opencv-4.5.1-1.5.5-windows-x86.jar.sha1;C:\Users\tranh\.m2\repository\org\bytedeco\opencv\4.5.1-1.5.5\opencv-4.5.1-1.5.5-windows-x86_64.jar;C:\Users\tranh\.m2\repository\org\bytedeco\opencv\4.5.1-1.5.5\opencv-4.5.1-1.5.5-windows-x86_64.jar.sha1;C:\Users\tranh\.m2\repository\org\bytedeco\opencv\4.5.1-1.5.5\opencv-4.5.1-1.5.5.jar;C:\Users\tranh\.m2\repository\org\bytedeco\opencv\4.5.1-1.5.5\opencv-4.5.1-1.5.5.jar.sha1;C:\Users\tranh\.m2\repository\org\bytedeco\opencv\4.5.1-1.5.5\opencv-4.5.1-1.5.5.pom;C:\Users\tranh\.m2\repository\org\bytedeco\opencv\4.5.1-1.5.5\opencv-4.5.1-1.5.5.pom.sha1;C:\Users\tranh\.m2\repository\org\bytedeco\opencv\4.5.1-1.5.5\_remote.repositories;F:\Workspace\Streaming\target\classes;C:\Users\tranh\.m2\repository\io\socket\socket.io-client\2.1.1\socket.io-client-2.1.1.jar;C:\Users\tranh\.m2\repository\io\socket\engine.io-client\2.1.0\engine.io-client-2.1.0.jar;C:\Users\tranh\.m2\repository\com\squareup\okhttp3\okhttp\3.12.12\okhttp-3.12.12.jar;C:\Users\tranh\.m2\repository\com\squareup\okio\okio\1.15.0\okio-1.15.0.jar;C:\Users\tranh\.m2\repository\org\json\json\20090211\json-20090211.jar;C:\Users\tranh\.m2\repository\io\socket\socket.io-server\1.0.0\socket.io-server-1.0.0.jar;C:\Users\tranh\.m2\repository\com\google\code\findbugs\jsr305\3.0.2\jsr305-3.0.2.jar;C:\Users\tranh\.m2\repository\io\socket\engine.io-server\6.2.1\engine.io-server-6.2.1.jar;C:\Users\tranh\.m2\repository\org\bytedeco\javacv-platform\1.5.9\javacv-platform-1.5.9.jar;C:\Users\tranh\.m2\repository\org\bytedeco\javacv\1.5.9\javacv-1.5.9.jar;C:\Users\tranh\.m2\repository\org\bytedeco\openblas\0.3.23-1.5.9\openblas-0.3.23-1.5.9.jar;C:\Users\tranh\.m2\repository\org\bytedeco\opencv\4.7.0-1.5.9\opencv-4.7.0-1.5.9.jar;C:\Users\tranh\.m2\repository\org\bytedeco\flycapture\2.13.3.31-1.5.9\flycapture-2.13.3.31-1.5.9.jar;C:\Users\tranh\.m2\repository\org\bytedeco\libdc1394\2.2.6-1.5.9\libdc1394-2.2.6-1.5.9.jar;C:\Users\tranh\.m2\repository\org\bytedeco\libfreenect\0.5.7-1.5.9\libfreenect-0.5.7-1.5.9.jar;C:\Users\tranh\.m2\repository\org\bytedeco\libfreenect2\0.2.0-1.5.9\libfreenect2-0.2.0-1.5.9.jar;C:\Users\tranh\.m2\repository\org\bytedeco\librealsense\1.12.4-1.5.9\librealsense-1.12.4-1.5.9.jar;C:\Users\tranh\.m2\repository\org\bytedeco\librealsense2\2.53.1-1.5.9\librealsense2-2.53.1-1.5.9.jar;C:\Users\tranh\.m2\repository\org\bytedeco\artoolkitplus\2.3.1-1.5.9\artoolkitplus-2.3.1-1.5.9.jar;C:\Users\tranh\.m2\repository\org\bytedeco\leptonica\1.83.0-1.5.9\leptonica-1.83.0-1.5.9.jar;C:\Users\tranh\.m2\repository\org\bytedeco\tesseract\5.3.1-1.5.9\tesseract-5.3.1-1.5.9.jar;C:\Users\tranh\.m2\repository\org\bytedeco\openblas-platform\0.3.23-1.5.9\openblas-platform-0.3.23-1.5.9.jar;C:\Users\tranh\.m2\repository\org\bytedeco\openblas\0.3.23-1.5.9\openblas-0.3.23-1.5.9-android-arm.jar;C:\Users\tranh\.m2\repository\org\bytedeco\openblas\0.3.23-1.5.9\openblas-0.3.23-1.5.9-android-arm64.jar;C:\Users\tranh\.m2\repository\org\bytedeco\openblas\0.3.23-1.5.9\openblas-0.3.23-1.5.9-android-x86.jar;C:\Users\tranh\.m2\repository\org\bytedeco\openblas\0.3.23-1.5.9\openblas-0.3.23-1.5.9-android-x86_64.jar;C:\Users\tranh\.m2\repository\org\bytedeco\openblas\0.3.23-1.5.9\openblas-0.3.23-1.5.9-ios-arm64.jar;C:\Users\tranh\.m2\repository\org\bytedeco\openblas\0.3.23-1.5.9\openblas-0.3.23-1.5.9-ios-x86_64.jar;C:\Users\tranh\.m2\repository\org\bytedeco\openblas\0.3.23-1.5.9\openblas-0.3.23-1.5.9-linux-x86.jar;C:\Users\tranh\.m2\repository\org\bytedeco\openblas\0.3.23-1.5.9\openblas-0.3.23-1.5.9-linux-x86_64.jar;C:\Users\tranh\.m2\repository\org\bytedeco\openblas\0.3.23-1.5.9\openblas-0.3.23-1.5.9-linux-armhf.jar;C:\Users\tranh\.m2\repository\org\bytedeco\openblas\0.3.23-1.5.9\openblas-0.3.23-1.5.9-linux-arm64.jar;C:\Users\tranh\.m2\repository\org\bytedeco\openblas\0.3.23-1.5.9\openblas-0.3.23-1.5.9-linux-ppc64le.jar;C:\Users\tranh\.m2\repository\org\bytedeco\openblas\0.3.23-1.5.9\openblas-0.3.23-1.5.9-macosx-arm64.jar;C:\Users\tranh\.m2\repository\org\bytedeco\openblas\0.3.23-1.5.9\openblas-0.3.23-1.5.9-macosx-x86_64.jar;C:\Users\tranh\.m2\repository\org\bytedeco\openblas\0.3.23-1.5.9\openblas-0.3.23-1.5.9-windows-x86.jar;C:\Users\tranh\.m2\repository\org\bytedeco\openblas\0.3.23-1.5.9\openblas-0.3.23-1.5.9-windows-x86_64.jar;C:\Users\tranh\.m2\repository\org\bytedeco\opencv-platform\4.7.0-1.5.9\opencv-platform-4.7.0-1.5.9.jar;C:\Users\tranh\.m2\repository\org\bytedeco\opencv\4.7.0-1.5.9\opencv-4.7.0-1.5.9-android-arm.jar;C:\Users\tranh\.m2\repository\org\bytedeco\opencv\4.7.0-1.5.9\opencv-4.7.0-1.5.9-android-arm64.jar;C:\Users\tranh\.m2\repository\org\bytedeco\opencv\4.7.0-1.5.9\opencv-4.7.0-1.5.9-android-x86.jar;C:\Users\tranh\.m2\repository\org\bytedeco\opencv\4.7.0-1.5.9\opencv-4.7.0-1.5.9-android-x86_64.jar;C:\Users\tranh\.m2\repository\org\bytedeco\opencv\4.7.0-1.5.9\opencv-4.7.0-1.5.9-ios-arm64.jar;C:\Users\tranh\.m2\repository\org\bytedeco\opencv\4.7.0-1.5.9\opencv-4.7.0-1.5.9-ios-x86_64.jar;C:\Users\tranh\.m2\repository\org\bytedeco\opencv\4.7.0-1.5.9\opencv-4.7.0-1.5.9-linux-x86.jar;C:\Users\tranh\.m2\repository\org\bytedeco\opencv\4.7.0-1.5.9\opencv-4.7.0-1.5.9-linux-x86_64.jar;C:\Users\tranh\.m2\repository\org\bytedeco\opencv\4.7.0-1.5.9\opencv-4.7.0-1.5.9-linux-armhf.jar;C:\Users\tranh\.m2\repository\org\bytedeco\opencv\4.7.0-1.5.9\opencv-4.7.0-1.5.9-linux-arm64.jar;C:\Users\tranh\.m2\repository\org\bytedeco\opencv\4.7.0-1.5.9\opencv-4.7.0-1.5.9-linux-ppc64le.jar;C:\Users\tranh\.m2\repository\org\bytedeco\opencv\4.7.0-1.5.9\opencv-4.7.0-1.5.9-macosx-arm64.jar;C:\Users\tranh\.m2\repository\org\bytedeco\opencv\4.7.0-1.5.9\opencv-4.7.0-1.5.9-macosx-x86_64.jar;C:\Users\tranh\.m2\repository\org\bytedeco\opencv\4.7.0-1.5.9\opencv-4.7.0-1.5.9-windows-x86.jar;C:\Users\tranh\.m2\repository\org\bytedeco\opencv\4.7.0-1.5.9\opencv-4.7.0-1.5.9-windows-x86_64.jar;C:\Users\tranh\.m2\repository\org\bytedeco\flycapture-platform\2.13.3.31-1.5.9\flycapture-platform-2.13.3.31-1.5.9.jar;C:\Users\tranh\.m2\repository\org\bytedeco\flycapture\2.13.3.31-1.5.9\flycapture-2.13.3.31-1.5.9-linux-x86.jar;C:\Users\tranh\.m2\repository\org\bytedeco\flycapture\2.13.3.31-1.5.9\flycapture-2.13.3.31-1.5.9-linux-x86_64.jar;C:\Users\tranh\.m2\repository\org\bytedeco\flycapture\2.13.3.31-1.5.9\flycapture-2.13.3.31-1.5.9-linux-armhf.jar;C:\Users\tranh\.m2\repository\org\bytedeco\flycapture\2.13.3.31-1.5.9\flycapture-2.13.3.31-1.5.9-linux-arm64.jar;C:\Users\tranh\.m2\repository\org\bytedeco\flycapture\2.13.3.31-1.5.9\flycapture-2.13.3.31-1.5.9-windows-x86.jar;C:\Users\tranh\.m2\repository\org\bytedeco\flycapture\2.13.3.31-1.5.9\flycapture-2.13.3.31-1.5.9-windows-x86_64.jar;C:\Users\tranh\.m2\repository\org\bytedeco\libdc1394-platform\2.2.6-1.5.9\libdc1394-platform-2.2.6-1.5.9.jar;C:\Users\tranh\.m2\repository\org\bytedeco\libdc1394\2.2.6-1.5.9\libdc1394-2.2.6-1.5.9-linux-x86.jar;C:\Users\tranh\.m2\repository\org\bytedeco\libdc1394\2.2.6-1.5.9\libdc1394-2.2.6-1.5.9-linux-x86_64.jar;C:\Users\tranh\.m2\repository\org\bytedeco\libdc1394\2.2.6-1.5.9\libdc1394-2.2.6-1.5.9-linux-armhf.jar;C:\Users\tranh\.m2\repository\org\bytedeco\libdc1394\2.2.6-1.5.9\libdc1394-2.2.6-1.5.9-linux-arm64.jar;C:\Users\tranh\.m2\repository\org\bytedeco\libdc1394\2.2.6-1.5.9\libdc1394-2.2.6-1.5.9-linux-ppc64le.jar;C:\Users\tranh\.m2\repository\org\bytedeco\libdc1394\2.2.6-1.5.9\libdc1394-2.2.6-1.5.9-macosx-x86_64.jar;C:\Users\tranh\.m2\repository\org\bytedeco\libdc1394\2.2.6-1.5.9\libdc1394-2.2.6-1.5.9-windows-x86.jar;C:\Users\tranh\.m2\repository\org\bytedeco\libdc1394\2.2.6-1.5.9\libdc1394-2.2.6-1.5.9-windows-x86_64.jar;C:\Users\tranh\.m2\repository\org\bytedeco\libfreenect-platform\0.5.7-1.5.9\libfreenect-platform-0.5.7-1.5.9.jar;C:\Users\tranh\.m2\repository\org\bytedeco\libfreenect\0.5.7-1.5.9\libfreenect-0.5.7-1.5.9-linux-x86.jar;C:\Users\tranh\.m2\repository\org\bytedeco\libfreenect\0.5.7-1.5.9\libfreenect-0.5.7-1.5.9-linux-x86_64.jar;C:\Users\tranh\.m2\repository\org\bytedeco\libfreenect\0.5.7-1.5.9\libfreenect-0.5.7-1.5.9-linux-armhf.jar;C:\Users\tranh\.m2\repository\org\bytedeco\libfreenect\0.5.7-1.5.9\libfreenect-0.5.7-1.5.9-linux-arm64.jar;C:\Users\tranh\.m2\repository\org\bytedeco\libfreenect\0.5.7-1.5.9\libfreenect-0.5.7-1.5.9-linux-ppc64le.jar;C:\Users\tranh\.m2\repository\org\bytedeco\libfreenect\0.5.7-1.5.9\libfreenect-0.5.7-1.5.9-macosx-x86_64.jar;C:\Users\tranh\.m2\repository\org\bytedeco\libfreenect\0.5.7-1.5.9\libfreenect-0.5.7-1.5.9-windows-x86.jar;C:\Users\tranh\.m2\repository\org\bytedeco\libfreenect\0.5.7-1.5.9\libfreenect-0.5.7-1.5.9-windows-x86_64.jar;C:\Users\tranh\.m2\repository\org\bytedeco\libfreenect2-platform\0.2.0-1.5.9\libfreenect2-platform-0.2.0-1.5.9.jar;C:\Users\tranh\.m2\repository\org\bytedeco\libfreenect2\0.2.0-1.5.9\libfreenect2-0.2.0-1.5.9-linux-x86.jar;C:\Users\tranh\.m2\repository\org\bytedeco\libfreenect2\0.2.0-1.5.9\libfreenect2-0.2.0-1.5.9-linux-x86_64.jar;C:\Users\tranh\.m2\repository\org\bytedeco\libfreenect2\0.2.0-1.5.9\libfreenect2-0.2.0-1.5.9-macosx-x86_64.jar;C:\Users\tranh\.m2\repository\org\bytedeco\libfreenect2\0.2.0-1.5.9\libfreenect2-0.2.0-1.5.9-windows-x86_64.jar;C:\Users\tranh\.m2\repository\org\bytedeco\librealsense-platform\1.12.4-1.5.9\librealsense-platform-1.12.4-1.5.9.jar;C:\Users\tranh\.m2\repository\org\bytedeco\librealsense\1.12.4-1.5.9\librealsense-1.12.4-1.5.9-linux-armhf.jar;C:\Users\tranh\.m2\repository\org\bytedeco\librealsense\1.12.4-1.5.9\librealsense-1.12.4-1.5.9-linux-arm64.jar;C:\Users\tranh\.m2\repository\org\bytedeco\librealsense\1.12.4-1.5.9\librealsense-1.12.4-1.5.9-linux-x86.jar;C:\Users\tranh\.m2\repository\org\bytedeco\librealsense\1.12.4-1.5.9\librealsense-1.12.4-1.5.9-linux-x86_64.jar;C:\Users\tranh\.m2\repository\org\bytedeco\librealsense\1.12.4-1.5.9\librealsense-1.12.4-1.5.9-macosx-x86_64.jar;C:\Users\tranh\.m2\repository\org\bytedeco\librealsense\1.12.4-1.5.9\librealsense-1.12.4-1.5.9-windows-x86.jar;C:\Users\tranh\.m2\repository\org\bytedeco\librealsense\1.12.4-1.5.9\librealsense-1.12.4-1.5.9-windows-x86_64.jar;C:\Users\tranh\.m2\repository\org\bytedeco\librealsense2-platform\2.53.1-1.5.9\librealsense2-platform-2.53.1-1.5.9.jar;C:\Users\tranh\.m2\repository\org\bytedeco\librealsense2\2.53.1-1.5.9\librealsense2-2.53.1-1.5.9-linux-armhf.jar;C:\Users\tranh\.m2\repository\org\bytedeco\librealsense2\2.53.1-1.5.9\librealsense2-2.53.1-1.5.9-linux-arm64.jar;C:\Users\tranh\.m2\repository\org\bytedeco\librealsense2\2.53.1-1.5.9\librealsense2-2.53.1-1.5.9-linux-x86.jar;C:\Users\tranh\.m2\repository\org\bytedeco\librealsense2\2.53.1-1.5.9\librealsense2-2.53.1-1.5.9-linux-x86_64.jar;C:\Users\tranh\.m2\repository\org\bytedeco\librealsense2\2.53.1-1.5.9\librealsense2-2.53.1-1.5.9-macosx-x86_64.jar;C:\Users\tranh\.m2\repository\org\bytedeco\librealsense2\2.53.1-1.5.9\librealsense2-2.53.1-1.5.9-windows-x86.jar;C:\Users\tranh\.m2\repository\org\bytedeco\librealsense2\2.53.1-1.5.9\librealsense2-2.53.1-1.5.9-windows-x86_64.jar;C:\Users\tranh\.m2\repository\org\bytedeco\videoinput-platform\0.200-1.5.9\videoinput-platform-0.200-1.5.9.jar;C:\Users\tranh\.m2\repository\org\bytedeco\videoinput\0.200-1.5.9\videoinput-0.200-1.5.9-windows-x86.jar;C:\Users\tranh\.m2\repository\org\bytedeco\videoinput\0.200-1.5.9\videoinput-0.200-1.5.9-windows-x86_64.jar;C:\Users\tranh\.m2\repository\org\bytedeco\artoolkitplus-platform\2.3.1-1.5.9\artoolkitplus-platform-2.3.1-1.5.9.jar;C:\Users\tranh\.m2\repository\org\bytedeco\artoolkitplus\2.3.1-1.5.9\artoolkitplus-2.3.1-1.5.9-android-arm.jar;C:\Users\tranh\.m2\repository\org\bytedeco\artoolkitplus\2.3.1-1.5.9\artoolkitplus-2.3.1-1.5.9-android-arm64.jar;C:\Users\tranh\.m2\repository\org\bytedeco\artoolkitplus\2.3.1-1.5.9\artoolkitplus-2.3.1-1.5.9-android-x86.jar;C:\Users\tranh\.m2\repository\org\bytedeco\artoolkitplus\2.3.1-1.5.9\artoolkitplus-2.3.1-1.5.9-android-x86_64.jar;C:\Users\tranh\.m2\repository\org\bytedeco\artoolkitplus\2.3.1-1.5.9\artoolkitplus-2.3.1-1.5.9-linux-x86.jar;C:\Users\tranh\.m2\repository\org\bytedeco\artoolkitplus\2.3.1-1.5.9\artoolkitplus-2.3.1-1.5.9-linux-x86_64.jar;C:\Users\tranh\.m2\repository\org\bytedeco\artoolkitplus\2.3.1-1.5.9\artoolkitplus-2.3.1-1.5.9-linux-armhf.jar;C:\Users\tranh\.m2\repository\org\bytedeco\artoolkitplus\2.3.1-1.5.9\artoolkitplus-2.3.1-1.5.9-linux-arm64.jar;C:\Users\tranh\.m2\repository\org\bytedeco\artoolkitplus\2.3.1-1.5.9\artoolkitplus-2.3.1-1.5.9-linux-ppc64le.jar;C:\Users\tranh\.m2\repository\org\bytedeco\artoolkitplus\2.3.1-1.5.9\artoolkitplus-2.3.1-1.5.9-macosx-x86_64.jar;C:\Users\tranh\.m2\repository\org\bytedeco\artoolkitplus\2.3.1-1.5.9\artoolkitplus-2.3.1-1.5.9-windows-x86.jar;C:\Users\tranh\.m2\repository\org\bytedeco\artoolkitplus\2.3.1-1.5.9\artoolkitplus-2.3.1-1.5.9-windows-x86_64.jar;C:\Users\tranh\.m2\repository\org\bytedeco\leptonica-platform\1.83.0-1.5.9\leptonica-platform-1.83.0-1.5.9.jar;C:\Users\tranh\.m2\repository\org\bytedeco\leptonica\1.83.0-1.5.9\leptonica-1.83.0-1.5.9-android-arm.jar;C:\Users\tranh\.m2\repository\org\bytedeco\leptonica\1.83.0-1.5.9\leptonica-1.83.0-1.5.9-android-arm64.jar;C:\Users\tranh\.m2\repository\org\bytedeco\leptonica\1.83.0-1.5.9\leptonica-1.83.0-1.5.9-android-x86.jar;C:\Users\tranh\.m2\repository\org\bytedeco\leptonica\1.83.0-1.5.9\leptonica-1.83.0-1.5.9-android-x86_64.jar;C:\Users\tranh\.m2\repository\org\bytedeco\leptonica\1.83.0-1.5.9\leptonica-1.83.0-1.5.9-linux-x86.jar;C:\Users\tranh\.m2\repository\org\bytedeco\leptonica\1.83.0-1.5.9\leptonica-1.83.0-1.5.9-linux-x86_64.jar;C:\Users\tranh\.m2\repository\org\bytedeco\leptonica\1.83.0-1.5.9\leptonica-1.83.0-1.5.9-linux-armhf.jar;C:\Users\tranh\.m2\repository\org\bytedeco\leptonica\1.83.0-1.5.9\leptonica-1.83.0-1.5.9-linux-arm64.jar;C:\Users\tranh\.m2\repository\org\bytedeco\leptonica\1.83.0-1.5.9\leptonica-1.83.0-1.5.9-linux-ppc64le.jar;C:\Users\tranh\.m2\repository\org\bytedeco\leptonica\1.83.0-1.5.9\leptonica-1.83.0-1.5.9-macosx-arm64.jar;C:\Users\tranh\.m2\repository\org\bytedeco\leptonica\1.83.0-1.5.9\leptonica-1.83.0-1.5.9-macosx-x86_64.jar;C:\Users\tranh\.m2\repository\org\bytedeco\leptonica\1.83.0-1.5.9\leptonica-1.83.0-1.5.9-windows-x86.jar;C:\Users\tranh\.m2\repository\org\bytedeco\leptonica\1.83.0-1.5.9\leptonica-1.83.0-1.5.9-windows-x86_64.jar;C:\Users\tranh\.m2\repository\org\bytedeco\tesseract-platform\5.3.1-1.5.9\tesseract-platform-5.3.1-1.5.9.jar;C:\Users\tranh\.m2\repository\org\bytedeco\tesseract\5.3.1-1.5.9\tesseract-5.3.1-1.5.9-android-arm.jar;C:\Users\tranh\.m2\repository\org\bytedeco\tesseract\5.3.1-1.5.9\tesseract-5.3.1-1.5.9-android-arm64.jar;C:\Users\tranh\.m2\repository\org\bytedeco\tesseract\5.3.1-1.5.9\tesseract-5.3.1-1.5.9-android-x86.jar;C:\Users\tranh\.m2\repository\org\bytedeco\tesseract\5.3.1-1.5.9\tesseract-5.3.1-1.5.9-android-x86_64.jar;C:\Users\tranh\.m2\repository\org\bytedeco\tesseract\5.3.1-1.5.9\tesseract-5.3.1-1.5.9-linux-x86.jar;C:\Users\tranh\.m2\repository\org\bytedeco\tesseract\5.3.1-1.5.9\tesseract-5.3.1-1.5.9-linux-x86_64.jar;C:\Users\tranh\.m2\repository\org\bytedeco\tesseract\5.3.1-1.5.9\tesseract-5.3.1-1.5.9-linux-armhf.jar;C:\Users\tranh\.m2\repository\org\bytedeco\tesseract\5.3.1-1.5.9\tesseract-5.3.1-1.5.9-linux-arm64.jar;C:\Users\tranh\.m2\repository\org\bytedeco\tesseract\5.3.1-1.5.9\tesseract-5.3.1-1.5.9-linux-ppc64le.jar;C:\Users\tranh\.m2\repository\org\bytedeco\tesseract\5.3.1-1.5.9\tesseract-5.3.1-1.5.9-macosx-arm64.jar;C:\Users\tranh\.m2\repository\org\bytedeco\tesseract\5.3.1-1.5.9\tesseract-5.3.1-1.5.9-macosx-x86_64.jar;C:\Users\tranh\.m2\repository\org\bytedeco\tesseract\5.3.1-1.5.9\tesseract-5.3.1-1.5.9-windows-x86.jar;C:\Users\tranh\.m2\repository\org\bytedeco\tesseract\5.3.1-1.5.9\tesseract-5.3.1-1.5.9-windows-x86_64.jar;C:\Users\tranh\.m2\repository\org\bytedeco\ffmpeg-platform\6.0-1.5.9\ffmpeg-platform-6.0-1.5.9.jar;C:\Users\tranh\.m2\repository\org\bytedeco\javacpp-platform\1.5.9\javacpp-platform-1.5.9.jar;C:\Users\tranh\.m2\repository\org\bytedeco\javacpp\1.5.9\javacpp-1.5.9-android-arm.jar;C:\Users\tranh\.m2\repository\org\bytedeco\javacpp\1.5.9\javacpp-1.5.9-android-arm64.jar;C:\Users\tranh\.m2\repository\org\bytedeco\javacpp\1.5.9\javacpp-1.5.9-android-x86.jar;C:\Users\tranh\.m2\repository\org\bytedeco\javacpp\1.5.9\javacpp-1.5.9-android-x86_64.jar;C:\Users\tranh\.m2\repository\org\bytedeco\javacpp\1.5.9\javacpp-1.5.9-ios-arm64.jar;C:\Users\tranh\.m2\repository\org\bytedeco\javacpp\1.5.9\javacpp-1.5.9-ios-x86_64.jar;C:\Users\tranh\.m2\repository\org\bytedeco\javacpp\1.5.9\javacpp-1.5.9-linux-armhf.jar;C:\Users\tranh\.m2\repository\org\bytedeco\javacpp\1.5.9\javacpp-1.5.9-linux-arm64.jar;C:\Users\tranh\.m2\repository\org\bytedeco\javacpp\1.5.9\javacpp-1.5.9-linux-ppc64le.jar;C:\Users\tranh\.m2\repository\org\bytedeco\javacpp\1.5.9\javacpp-1.5.9-linux-x86.jar;C:\Users\tranh\.m2\repository\org\bytedeco\javacpp\1.5.9\javacpp-1.5.9-linux-x86_64.jar;C:\Users\tranh\.m2\repository\org\bytedeco\javacpp\1.5.9\javacpp-1.5.9-macosx-arm64.jar;C:\Users\tranh\.m2\repository\org\bytedeco\javacpp\1.5.9\javacpp-1.5.9-macosx-x86_64.jar;C:\Users\tranh\.m2\repository\org\bytedeco\javacpp\1.5.9\javacpp-1.5.9-windows-x86.jar;C:\Users\tranh\.m2\repository\org\bytedeco\javacpp\1.5.9\javacpp-1.5.9-windows-x86_64.jar;C:\Users\tranh\.m2\repository\org\bytedeco\ffmpeg\6.0-1.5.9\ffmpeg-6.0-1.5.9.jar;C:\Users\tranh\.m2\repository\org\bytedeco\ffmpeg\6.0-1.5.9\ffmpeg-6.0-1.5.9-android-arm.jar;C:\Users\tranh\.m2\repository\org\bytedeco\ffmpeg\6.0-1.5.9\ffmpeg-6.0-1.5.9-android-arm64.jar;C:\Users\tranh\.m2\repository\org\bytedeco\ffmpeg\6.0-1.5.9\ffmpeg-6.0-1.5.9-android-x86.jar;C:\Users\tranh\.m2\repository\org\bytedeco\ffmpeg\6.0-1.5.9\ffmpeg-6.0-1.5.9-android-x86_64.jar;C:\Users\tranh\.m2\repository\org\bytedeco\ffmpeg\6.0-1.5.9\ffmpeg-6.0-1.5.9-linux-x86.jar;C:\Users\tranh\.m2\repository\org\bytedeco\ffmpeg\6.0-1.5.9\ffmpeg-6.0-1.5.9-linux-x86_64.jar;C:\Users\tranh\.m2\repository\org\bytedeco\ffmpeg\6.0-1.5.9\ffmpeg-6.0-1.5.9-linux-armhf.jar;C:\Users\tranh\.m2\repository\org\bytedeco\ffmpeg\6.0-1.5.9\ffmpeg-6.0-1.5.9-linux-arm64.jar;C:\Users\tranh\.m2\repository\org\bytedeco\ffmpeg\6.0-1.5.9\ffmpeg-6.0-1.5.9-linux-ppc64le.jar;C:\Users\tranh\.m2\repository\org\bytedeco\ffmpeg\6.0-1.5.9\ffmpeg-6.0-1.5.9-macosx-arm64.jar;C:\Users\tranh\.m2\repository\org\bytedeco\ffmpeg\6.0-1.5.9\ffmpeg-6.0-1.5.9-macosx-x86_64.jar;C:\Users\tranh\.m2\repository\org\bytedeco\ffmpeg\6.0-1.5.9\ffmpeg-6.0-1.5.9-windows-x86.jar;C:\Users\tranh\.m2\repository\org\bytedeco\ffmpeg\6.0-1.5.9\ffmpeg-6.0-1.5.9-windows-x86_64.jar;C:\Users\tranh\.m2\repository\org\java-websocket\Java-WebSocket\1.5.2\Java-WebSocket-1.5.2.jar;C:\Users\tranh\.m2\repository\org\slf4j\slf4j-api\1.7.25\slf4j-api-1.7.25.jar;C:\Users\tranh\.m2\repository\org\slf4j\slf4j-simple\1.7.30\slf4j-simple-1.7.30.jar;C:\Users\tranh\.m2\repository\org\bytedeco\javacpp\1.5.9\javacpp-1.5.9.jar;C:\Users\tranh\.m2\repository\org\bytedeco\videoinput\0.200-1.5.9\videoinput-0.200-1.5.9.jar;C:\Users\tranh\.m2\repository\com\mysql\mysql-connector-j\8.0.33\mysql-connector-j-8.0.33.jar;C:\Users\tranh\.m2\repository\com\google\protobuf\protobuf-java\3.21.9\protobuf-java-3.21.9.jar
Launcher Type: SUN_STANDARD

[Global flags]
     intx CICompilerCount                          = 12                                        {product} {ergonomic}
     uint ConcGCThreads                            = 3                                         {product} {ergonomic}
     uint G1ConcRefinementThreads                  = 13                                        {product} {ergonomic}
   size_t G1HeapRegionSize                         = 2097152                                   {product} {ergonomic}
    uintx GCDrainStackTargetSize                   = 64                                        {product} {ergonomic}
   size_t InitialHeapSize                          = 260046848                                 {product} {ergonomic}
   size_t MarkStackSize                            = 4194304                                   {product} {ergonomic}
   size_t MaxHeapSize                              = 4139778048                                {product} {ergonomic}
   size_t MaxNewSize                               = 2483027968                                {product} {ergonomic}
   size_t MinHeapDeltaBytes                        = 2097152                                   {product} {ergonomic}
   size_t MinHeapSize                              = 8388608                                   {product} {ergonomic}
    uintx NonNMethodCodeHeapSize                   = 7602480                                {pd product} {ergonomic}
    uintx NonProfiledCodeHeapSize                  = 122027880                              {pd product} {ergonomic}
    uintx ProfiledCodeHeapSize                     = 122027880                              {pd product} {ergonomic}
    uintx ReservedCodeCacheSize                    = 251658240                              {pd product} {ergonomic}
     bool SegmentedCodeCache                       = true                                      {product} {ergonomic}
   size_t SoftMaxHeapSize                          = 4139778048                             {manageable} {ergonomic}
     bool UseCompressedOops                        = true                           {product lp64_product} {ergonomic}
     bool UseG1GC                                  = true                                      {product} {ergonomic}
     bool UseLargePagesIndividualAllocation        = false                                  {pd product} {ergonomic}

Logging:
Log output configuration:
 #0: stdout all=warning uptime,level,tags foldmultilines=false
 #1: stderr all=off uptime,level,tags foldmultilines=false

Environment Variables:
JAVA_HOME=C:\Program Files\Java\jdk-21
PATH=C:\Program Files\Common Files\Oracle\Java\javapath;C:\Windows\system32;C:\Windows;C:\Windows\System32\Wbem;C:\Windows\System32\WindowsPowerShell\v1.0\;C:\Windows\System32\OpenSSH\;C:\Program Files (x86)\NVIDIA Corporation\PhysX\Common;C:\WINDOWS\system32;C:\WINDOWS;C:\WINDOWS\System32\Wbem;C:\WINDOWS\System32\WindowsPowerShell\v1.0\;C:\WINDOWS\System32\OpenSSH\;C:\Program Files\dotnet\;C:\Users\tranh\OneDrive\Documents;C:\Program Files (x86)\Microsoft SQL Server\160\Tools\Binn\;C:\Program Files\Microsoft SQL Server\160\Tools\Binn\;C:\Program Files\Microsoft SQL Server\Client SDK\ODBC\170\Tools\Binn\;C:\Program Files\Microsoft SQL Server\160\DTS\Binn\;C:\Program Files (x86)\Microsoft SQL Server\150\DTS\Binn\;C:\Program Files\Azure Data Studio\bin;C:\xampp\php;C:\composer;C:\xampp\mysql\bin;C:\Program Files\nodejs\;C:\Program Files\Git\cmd;D:\;C:\Program Files\CMake\bin;C:\ProgramData\chocolatey\bin;C:\ProgramData\chocolatey\lib\maven\apache-maven-3.9.9\bin;C:\Users\tranh\AppData\Local\Programs\Python\Python312\Scripts\;C:\Users\tranh\AppData\Local\Programs\Python\Python312\;C:\Users\tranh\AppData\Local\Microsoft\WindowsApps;C:\Users\tranh\AppData\Local\Programs\Microsoft VS Code\bin;C:\Users\tranh\AppData\Roaming\Composer\vendor\bin;C:\Users\tranh\AppData\Roaming\npm;F:\IntelliJ IDEA Community Edition 2024.2.0.1\bin;D:\Program Files (x86)\Python312;;D:\Program Files (x86)\Python312;C:\Program Files\Docker\Docker\resources\bin;C:\Program Files\WireGuard\;C:\Program Files\Common Files\Oracle\Java\javapath;C:\Windows\system32;C:\Windows;C:\Windows\System32\Wbem;C:\Windows\System32\WindowsPowerShell\v1.0\;C:\Windows\System32\OpenSSH\;C:\Program Files (x86)\NVIDIA Corporation\PhysX\Common;C:\WINDOWS\system32;C:\WINDOWS;C:\WINDOWS\System32\Wbem;C:\WINDOWS\System32\WindowsPowerShell\v1.0\;C:\WINDOWS\System32\OpenSSH\;C:\Program Files\dotnet\;C:\Users\tranh\OneDrive\Documents;C:\Program Files (x86)\Microsoft SQL Server\160\Tools\Binn\;C:\Program Files\Microsoft SQL Server\160\Tools\Binn\;C:\Program Files\Microsoft SQL Server\Client SDK\ODBC\170\Tools\Binn\;C:\Program Files\Microsoft SQL Server\160\DTS\Binn\;C:\Program Files (x86)\Microsoft SQL Server\150\DTS\Binn\;C:\Program Files\Azure Data Studio\bin;C:\xampp\php;C:\composer;C:\xampp\mysql\bin;C:\Program Files\nodejs\;C:\Program Files\Git\cmd;D:\;C:\Program Files\CMake\bin;C:\ProgramData\chocolatey\bin;C:\ProgramData\chocolatey\lib\maven\apache-maven-3.9.9\bin;C:\Users\tranh\AppData\Local\Programs\Python\Python312\Scripts\;C:\Users\tranh\AppData\Local\Programs\Python\Python312\;C:\Users\tranh\AppData\Local\Microsoft\WindowsApps;C:\Users\tranh\AppData\Local\Programs\Microsoft VS Code\bin;C:\Users\tranh\AppData\Roaming\Composer\vendor\bin;C:\Users\tranh\AppData\Roaming\npm;F:\IntelliJ IDEA Community Edition 2024.2.0.1\bin;D:\Program Files (x86)\Python312;;D:\Program Files (x86)\Python312;;D:\Program Files (x86)\Python312;C:\ProgramData\mingw64\mingw64\bin
USERNAME=tranh
OS=Windows_NT
PROCESSOR_IDENTIFIER=AMD64 Family 23 Model 96 Stepping 1, AuthenticAMD
TMP=C:\Users\tranh\AppData\Local\Temp
TEMP=C:\Users\tranh\AppData\Local\Temp




Periodic native trim disabled

---------------  S Y S T E M  ---------------

OS:
 Windows 11 , 64 bit Build 26100 (10.0.26100.2454)
OS uptime: 0 days 2:16 hours
Hyper-V role detected

CPU: total 16 (initial active 16) (16 cores per cpu, 2 threads per core) family 23 model 96 stepping 1 microcode 0x8600106, cx8, cmov, fxsr, ht, mmx, 3dnowpref, sse, sse2, sse3, ssse3, sse4a, sse4.1, sse4.2, popcnt, lzcnt, tsc, tscinvbit, avx, avx2, aes, clmul, bmi1, bmi2, adx, sha, fma, vzeroupper, clflush, clflushopt, hv, rdtscp, rdpid, f16c
Processor Information for all 16 processors :
  Max Mhz: 2901, Current Mhz: 2901, Mhz Limit: 2901

Memory: 4k page, system-wide physical 15791M (3476M free)
TotalPageFile size 22515M (AvailPageFile size 12M)
current process WorkingSet (physical memory assigned to process): 253M, peak: 253M
current process commit charge ("private bytes"): 4161M, peak: 4180M

vm_info: Java HotSpot(TM) 64-Bit Server VM (21.0.1+12-LTS-29) for windows-amd64 JRE (21.0.1+12-LTS-29), built on 2023-10-05T13:27:09Z by "mach5one" with MS VC++ 17.1 (VS2022)

END.
