#
# There is insufficient memory for the Java Runtime Environment to continue.
# Native memory allocation (malloc) failed to allocate 926816 bytes for Chunk::new
# Possible reasons:
#   The system is out of physical RAM or swap space
#   The process is running with CompressedOops enabled, and the Java Heap may be blocking the growth of the native heap
# Possible solutions:
#   Reduce memory load on the system
#   Increase physical memory or swap space
#   Check if swap backing store is full
#   Decrease Java heap size (-Xmx/-Xms)
#   Decrease number of Java threads
#   Decrease Java thread stack sizes (-Xss)
#   Set larger code cache with -XX:ReservedCodeCacheSize=
#   JVM is running with Zero Based Compressed Oops mode in which the Java heap is
#     placed in the first 32GB address space. The Java Heap base address is the
#     maximum limit for the native heap growth. Please use -XX:HeapBaseMinAddress
#     to set the Java Heap base and to place the Java Heap above 32GB virtual address.
# This output file may be truncated or incomplete.
#
#  Out of Memory Error (arena.cpp:168), pid=28820, tid=16956
#
# JRE version: Java(TM) SE Runtime Environment (21.0.1+12) (build 21.0.1+12-LTS-29)
# Java VM: Java HotSpot(TM) 64-Bit Server VM (21.0.1+12-LTS-29, mixed mode, sharing, tiered, compressed oops, compressed class ptrs, g1 gc, windows-amd64)
# No core dump will be written. Minidumps are not enabled by default on client versions of Windows
#

---------------  S U M M A R Y ------------

Command Line: -XX:+ShowCodeDetailsInExceptionMessages org.example.client.LivestreamClient

Host: AMD Ryzen 7 4800H with Radeon Graphics         , 16 cores, 15G,  Windows 11 , 64 bit Build 26100 (10.0.26100.2161)
Time: Mon Nov  4 18:26:28 2024 SE Asia Standard Time elapsed time: 84.789413 seconds (0d 0h 1m 24s)

---------------  T H R E A D  ---------------

Current thread (0x000001fabc209fa0):  JavaThread "C2 CompilerThread0" daemon [_thread_in_native, id=16956, stack(0x0000008ccb300000,0x0000008ccb400000) (1024K)]


Current CompileTask:
C2:  84789 3866   !   4       com.sun.imageio.plugins.jpeg.JPEGImageWriter::writeOnThread (3033 bytes)

Stack: [0x0000008ccb300000,0x0000008ccb400000]
Native frames: (J=compiled Java code, j=interpreted, Vv=VM code, C=native code)
V  [jvm.dll+0x6c9029]
V  [jvm.dll+0x854b81]
V  [jvm.dll+0x856e5e]
V  [jvm.dll+0x857543]
V  [jvm.dll+0x280c06]
V  [jvm.dll+0xc3ead]
V  [jvm.dll+0xc43c3]
V  [jvm.dll+0x2f3f3f]
V  [jvm.dll+0x5f40a6]
V  [jvm.dll+0x252bef]
V  [jvm.dll+0x24b323]
V  [jvm.dll+0x248fa3]
V  [jvm.dll+0x1c9ca1]
V  [jvm.dll+0x2586b9]
V  [jvm.dll+0x256c9a]
V  [jvm.dll+0x3ef1b6]
V  [jvm.dll+0x7fd728]
V  [jvm.dll+0x6c777d]
C  [ucrtbase.dll+0x14ea0]
C  [KERNEL32.DLL+0x2dbe7]
C  [ntdll.dll+0xdfbec]


---------------  P R O C E S S  ---------------

Threads class SMR info:
_java_thread_list=0x000001faff6e5650, length=23, elements={
0x000001fabc1faf10, 0x000001fabc1fc980, 0x000001fabc201490, 0x000001fabc203640,
0x000001fabc2065b0, 0x000001fabc207010, 0x000001fabc209fa0, 0x000001fabc881c20,
0x000001fabcab6630, 0x000001fabca5ea40, 0x000001fafe61b230, 0x000001fafe7f8060,
0x000001fafe7f9700, 0x000001faff3e2a50, 0x000001faff435ed0, 0x000001faff43a220,
0x000001faff437ac0, 0x000001faff438150, 0x000001faff439500, 0x000001faff438e70,
0x000001faff439b90, 0x000001fa8da82e80, 0x000001fa8da83510
}

Java Threads: ( => current thread )
  0x000001fabc1faf10 JavaThread "Reference Handler"          daemon [_thread_blocked, id=13784, stack(0x0000008ccad00000,0x0000008ccae00000) (1024K)]
  0x000001fabc1fc980 JavaThread "Finalizer"                  daemon [_thread_blocked, id=24684, stack(0x0000008ccae00000,0x0000008ccaf00000) (1024K)]
  0x000001fabc201490 JavaThread "Signal Dispatcher"          daemon [_thread_blocked, id=24672, stack(0x0000008ccaf00000,0x0000008ccb000000) (1024K)]
  0x000001fabc203640 JavaThread "Attach Listener"            daemon [_thread_blocked, id=16812, stack(0x0000008ccb000000,0x0000008ccb100000) (1024K)]
  0x000001fabc2065b0 JavaThread "Service Thread"             daemon [_thread_blocked, id=15248, stack(0x0000008ccb100000,0x0000008ccb200000) (1024K)]
  0x000001fabc207010 JavaThread "Monitor Deflation Thread"   daemon [_thread_blocked, id=20128, stack(0x0000008ccb200000,0x0000008ccb300000) (1024K)]
=>0x000001fabc209fa0 JavaThread "C2 CompilerThread0"         daemon [_thread_in_native, id=16956, stack(0x0000008ccb300000,0x0000008ccb400000) (1024K)]
  0x000001fabc881c20 JavaThread "C1 CompilerThread0"         daemon [_thread_blocked, id=24548, stack(0x0000008ccb400000,0x0000008ccb500000) (1024K)]
  0x000001fabcab6630 JavaThread "Notification Thread"        daemon [_thread_blocked, id=14452, stack(0x0000008ccb800000,0x0000008ccb900000) (1024K)]
  0x000001fabca5ea40 JavaThread "Common-Cleaner"             daemon [_thread_blocked, id=28628, stack(0x0000008ccb900000,0x0000008ccba00000) (1024K)]
  0x000001fafe61b230 JavaThread "Java2D Disposer"            daemon [_thread_blocked, id=31368, stack(0x0000008ccbb00000,0x0000008ccbc00000) (1024K)]
  0x000001fafe7f8060 JavaThread "AWT-Shutdown"                      [_thread_blocked, id=27272, stack(0x0000008ccbc00000,0x0000008ccbd00000) (1024K)]
  0x000001fafe7f9700 JavaThread "AWT-Windows"                daemon [_thread_in_native, id=5472, stack(0x0000008ccbd00000,0x0000008ccbe00000) (1024K)]
  0x000001faff3e2a50 JavaThread "AWT-EventQueue-0"                  [_thread_blocked, id=21320, stack(0x0000008ccd400000,0x0000008ccd500000) (1024K)]
  0x000001faff435ed0 JavaThread "Thread-0"                          [_thread_in_native, id=25088, stack(0x0000008ccd600000,0x0000008ccd700000) (1024K)]
  0x000001faff43a220 JavaThread "DestroyJavaVM"                     [_thread_blocked, id=21956, stack(0x0000008cca500000,0x0000008cca600000) (1024K)]
  0x000001faff437ac0 JavaThread "D3D Screen Updater"         daemon [_thread_blocked, id=26348, stack(0x0000008ccd700000,0x0000008ccd800000) (1024K)]
  0x000001faff438150 JavaThread "TimerQueue"                 daemon [_thread_blocked, id=5512, stack(0x0000008ccd810000,0x0000008ccd910000) (1024K)]
  0x000001faff439500 JavaThread "WebSocketConnectReadThread-51"        [_thread_in_native, id=29504, stack(0x0000008cce510000,0x0000008cce610000) (1024K)]
  0x000001faff438e70 JavaThread "Thread-2"                          [_thread_in_native, id=1832, stack(0x0000008cce610000,0x0000008cce710000) (1024K)]
  0x000001faff439b90 JavaThread "WebSocketWriteThread-53"           [_thread_blocked, id=31288, stack(0x0000008cce910000,0x0000008ccea10000) (1024K)]
  0x000001fa8da82e80 JavaThread "connectionLostChecker-1"           [_thread_blocked, id=23888, stack(0x0000008ccea10000,0x0000008cceb10000) (1024K)]
  0x000001fa8da83510 JavaThread "JavaCPP Deallocator"        daemon [_thread_blocked, id=13060, stack(0x0000008ccee10000,0x0000008ccef10000) (1024K)]
Total: 23

Other Threads:
  0x000001fabc1dc8b0 VMThread "VM Thread"                           [id=27376, stack(0x0000008ccac00000,0x0000008ccad00000) (1024K)]
  0x000001fabc1c5670 WatcherThread "VM Periodic Task Thread"        [id=2100, stack(0x0000008ccab00000,0x0000008ccac00000) (1024K)]
  0x000001fa9adb03f0 WorkerThread "GC Thread#0"                     [id=27768, stack(0x0000008cca600000,0x0000008cca700000) (1024K)]
  0x000001faff5e7ca0 WorkerThread "GC Thread#1"                     [id=32204, stack(0x0000008ccb600000,0x0000008ccb700000) (1024K)]
  0x000001faff5e4630 WorkerThread "GC Thread#2"                     [id=27400, stack(0x0000008ccb700000,0x0000008ccb800000) (1024K)]
  0x000001faff5e49d0 WorkerThread "GC Thread#3"                     [id=12920, stack(0x0000008ccd280000,0x0000008ccd380000) (1024K)]
  0x000001faff5e4d70 WorkerThread "GC Thread#4"                     [id=14320, stack(0x0000008ccd910000,0x0000008ccda10000) (1024K)]
  0x000001faff5e5110 WorkerThread "GC Thread#5"                     [id=30392, stack(0x0000008ccda10000,0x0000008ccdb10000) (1024K)]
  0x000001faff5d3140 WorkerThread "GC Thread#6"                     [id=22176, stack(0x0000008ccdb10000,0x0000008ccdc10000) (1024K)]
  0x000001faff6d4af0 WorkerThread "GC Thread#7"                     [id=31988, stack(0x0000008ccdc10000,0x0000008ccdd10000) (1024K)]
  0x000001faff6d4e90 WorkerThread "GC Thread#8"                     [id=3696, stack(0x0000008ccdd10000,0x0000008ccde10000) (1024K)]
  0x000001faff6d5230 WorkerThread "GC Thread#9"                     [id=3084, stack(0x0000008ccde10000,0x0000008ccdf10000) (1024K)]
  0x000001faff6d5d10 WorkerThread "GC Thread#10"                    [id=19320, stack(0x0000008cceb10000,0x0000008ccec10000) (1024K)]
  0x000001faff6d55d0 WorkerThread "GC Thread#11"                    [id=11764, stack(0x0000008ccec10000,0x0000008cced10000) (1024K)]
  0x000001faff6d43b0 WorkerThread "GC Thread#12"                    [id=17196, stack(0x0000008cced10000,0x0000008ccee10000) (1024K)]
  0x000001fa9adc12a0 ConcurrentGCThread "G1 Main Marker"            [id=27532, stack(0x0000008cca700000,0x0000008cca800000) (1024K)]
  0x000001fa9adc1da0 WorkerThread "G1 Conc#0"                       [id=22368, stack(0x0000008cca800000,0x0000008cca900000) (1024K)]
  0x000001fa8d21b080 WorkerThread "G1 Conc#1"                       [id=9204, stack(0x0000008cce310000,0x0000008cce410000) (1024K)]
  0x000001fa8d217680 WorkerThread "G1 Conc#2"                       [id=31968, stack(0x0000008cce410000,0x0000008cce510000) (1024K)]
  0x000001fabc092bc0 ConcurrentGCThread "G1 Refine#0"               [id=19496, stack(0x0000008cca900000,0x0000008ccaa00000) (1024K)]
  0x000001fabc0935d0 ConcurrentGCThread "G1 Service"                [id=15196, stack(0x0000008ccaa00000,0x0000008ccab00000) (1024K)]
Total: 21

Threads with active compile tasks:
C2 CompilerThread0    84835 3866   !   4       com.sun.imageio.plugins.jpeg.JPEGImageWriter::writeOnThread (3033 bytes)
Total: 1

VM state: not at safepoint (normal execution)

VM Mutex/Monitor currently owned by a thread: None

Heap address: 0x0000000709400000, size: 3948 MB, Compressed Oops mode: Zero based, Oop shift amount: 3

CDS archive(s) mapped at: [0x000001fabd000000-0x000001fabdc90000-0x000001fabdc90000), size 13172736, SharedBaseAddress: 0x000001fabd000000, ArchiveRelocationMode: 1.
Compressed class space mapped at: 0x000001fabe000000-0x000001fafe000000, reserved size: 1073741824
Narrow klass base: 0x000001fabd000000, Narrow klass shift: 0, Narrow klass range: 0x100000000

GC Precious Log:
 CardTable entry size: 512
 Card Set container configuration: InlinePtr #cards 4 size 8 Array Of Cards #cards 16 size 48 Howl #buckets 8 coarsen threshold 3686 Howl Bitmap #cards 512 size 80 coarsen threshold 460 Card regions per heap region 1 cards per card region 4096
 CPUs: 16 total, 16 available
 Memory: 15791M
 Large Page Support: Disabled
 NUMA Support: Disabled
 Compressed Oops: Enabled (Zero based)
 Heap Region Size: 2M
 Heap Min Capacity: 8M
 Heap Initial Capacity: 248M
 Heap Max Capacity: 3948M
 Pre-touch: Disabled
 Parallel Workers: 13
 Concurrent Workers: 3
 Concurrent Refinement Workers: 13
 Periodic GC: Disabled

Heap:
 garbage-first heap   total 69632K, used 45433K [0x0000000709400000, 0x0000000800000000)
  region size 2048K, 15 young (30720K), 1 survivors (2048K)
 Metaspace       used 22340K, committed 22528K, reserved 1114112K
  class space    used 1970K, committed 2048K, reserved 1048576K

Heap Regions: E=young(eden), S=young(survivor), O=old, HS=humongous(starts), HC=humongous(continues), CS=collection set, F=free, TAMS=top-at-mark-start, PB=parsable bottom
|   0|0x0000000709400000, 0x0000000709600000, 0x0000000709600000|100%|HS|  |TAMS 0x0000000709400000| PB 0x0000000709400000| Complete 
|   1|0x0000000709600000, 0x0000000709800000, 0x0000000709800000|100%|HS|  |TAMS 0x0000000709600000| PB 0x0000000709600000| Complete 
|   2|0x0000000709800000, 0x0000000709a00000, 0x0000000709a00000|100%| O|  |TAMS 0x0000000709800000| PB 0x0000000709800000| Untracked 
|   3|0x0000000709a00000, 0x0000000709c00000, 0x0000000709c00000|100%| O|  |TAMS 0x0000000709a00000| PB 0x0000000709a00000| Untracked 
|   4|0x0000000709c00000, 0x0000000709e00000, 0x0000000709e00000|100%|HS|  |TAMS 0x0000000709c00000| PB 0x0000000709c00000| Complete 
|   5|0x0000000709e00000, 0x000000070a000000, 0x000000070a000000|100%| O|  |TAMS 0x0000000709e00000| PB 0x0000000709e00000| Untracked 
|   6|0x000000070a000000, 0x000000070a200000, 0x000000070a200000|100%| O|  |TAMS 0x000000070a000000| PB 0x000000070a000000| Untracked 
|   7|0x000000070a200000, 0x000000070a400000, 0x000000070a400000|100%| O|  |TAMS 0x000000070a200000| PB 0x000000070a200000| Untracked 
|   8|0x000000070a400000, 0x000000070a600000, 0x000000070a600000|100%| O|  |TAMS 0x000000070a400000| PB 0x000000070a400000| Untracked 
|   9|0x000000070a600000, 0x000000070a6162c0, 0x000000070a800000|  4%| O|  |TAMS 0x000000070a600000| PB 0x000000070a600000| Untracked 
|  10|0x000000070a800000, 0x000000070a800000, 0x000000070aa00000|  0%| F|  |TAMS 0x000000070a800000| PB 0x000000070a800000| Untracked 
|  11|0x000000070aa00000, 0x000000070aa00000, 0x000000070ac00000|  0%| F|  |TAMS 0x000000070aa00000| PB 0x000000070aa00000| Untracked 
|  12|0x000000070ac00000, 0x000000070ac00000, 0x000000070ae00000|  0%| F|  |TAMS 0x000000070ac00000| PB 0x000000070ac00000| Untracked 
|  13|0x000000070ae00000, 0x000000070ae48508, 0x000000070b000000| 14%| S|CS|TAMS 0x000000070ae00000| PB 0x000000070ae00000| Complete 
|  14|0x000000070b000000, 0x000000070b000000, 0x000000070b200000|  0%| F|  |TAMS 0x000000070b000000| PB 0x000000070b000000| Untracked 
|  15|0x000000070b200000, 0x000000070b200000, 0x000000070b400000|  0%| F|  |TAMS 0x000000070b200000| PB 0x000000070b200000| Untracked 
|  16|0x000000070b400000, 0x000000070b400000, 0x000000070b600000|  0%| F|  |TAMS 0x000000070b400000| PB 0x000000070b400000| Untracked 
|  17|0x000000070b600000, 0x000000070b600000, 0x000000070b800000|  0%| F|  |TAMS 0x000000070b600000| PB 0x000000070b600000| Untracked 
|  18|0x000000070b800000, 0x000000070b800000, 0x000000070ba00000|  0%| F|  |TAMS 0x000000070b800000| PB 0x000000070b800000| Untracked 
|  19|0x000000070ba00000, 0x000000070ba00000, 0x000000070bc00000|  0%| F|  |TAMS 0x000000070ba00000| PB 0x000000070ba00000| Untracked 
|  20|0x000000070bc00000, 0x000000070bd84508, 0x000000070be00000| 75%| E|  |TAMS 0x000000070bc00000| PB 0x000000070bc00000| Complete 
|  21|0x000000070be00000, 0x000000070c000000, 0x000000070c000000|100%| E|CS|TAMS 0x000000070be00000| PB 0x000000070be00000| Complete 
|  22|0x000000070c000000, 0x000000070c200000, 0x000000070c200000|100%| E|CS|TAMS 0x000000070c000000| PB 0x000000070c000000| Complete 
|  23|0x000000070c200000, 0x000000070c400000, 0x000000070c400000|100%| E|CS|TAMS 0x000000070c200000| PB 0x000000070c200000| Complete 
|  24|0x000000070c400000, 0x000000070c600000, 0x000000070c600000|100%| E|CS|TAMS 0x000000070c400000| PB 0x000000070c400000| Complete 
|  25|0x000000070c600000, 0x000000070c800000, 0x000000070c800000|100%| E|CS|TAMS 0x000000070c600000| PB 0x000000070c600000| Complete 
|  26|0x000000070c800000, 0x000000070ca00000, 0x000000070ca00000|100%| E|CS|TAMS 0x000000070c800000| PB 0x000000070c800000| Complete 
|  27|0x000000070ca00000, 0x000000070cc00000, 0x000000070cc00000|100%| E|CS|TAMS 0x000000070ca00000| PB 0x000000070ca00000| Complete 
|  28|0x000000070cc00000, 0x000000070ce00000, 0x000000070ce00000|100%| E|CS|TAMS 0x000000070cc00000| PB 0x000000070cc00000| Complete 
|  29|0x000000070ce00000, 0x000000070d000000, 0x000000070d000000|100%| E|CS|TAMS 0x000000070ce00000| PB 0x000000070ce00000| Complete 
|  30|0x000000070d000000, 0x000000070d200000, 0x000000070d200000|100%| E|CS|TAMS 0x000000070d000000| PB 0x000000070d000000| Complete 
|  88|0x0000000714400000, 0x0000000714600000, 0x0000000714600000|100%| E|CS|TAMS 0x0000000714400000| PB 0x0000000714400000| Complete 
|  89|0x0000000714600000, 0x0000000714800000, 0x0000000714800000|100%| E|CS|TAMS 0x0000000714600000| PB 0x0000000714600000| Complete 
| 123|0x0000000718a00000, 0x0000000718c00000, 0x0000000718c00000|100%| E|CS|TAMS 0x0000000718a00000| PB 0x0000000718a00000| Complete 

Card table byte_map: [0x000001fab5160000,0x000001fab5920000] _byte_map_base: 0x000001fab1916000

Marking Bits: (CMBitMap*) 0x000001fa9adb1300
 Bits: [0x000001fab5920000, 0x000001fab96d0000)

Polling page: 0x000001fa9adf0000

Metaspace:

Usage:
  Non-class:     19.89 MB used.
      Class:      1.92 MB used.
       Both:     21.82 MB used.

Virtual space:
  Non-class space:       64.00 MB reserved,      20.00 MB ( 31%) committed,  1 nodes.
      Class space:        1.00 GB reserved,       2.00 MB ( <1%) committed,  1 nodes.
             Both:        1.06 GB reserved,      22.00 MB (  2%) committed. 

Chunk freelists:
   Non-Class:  12.02 MB
       Class:  13.95 MB
        Both:  25.97 MB

MaxMetaspaceSize: unlimited
CompressedClassSpaceSize: 1.00 GB
Initial GC threshold: 21.00 MB
Current GC threshold: 35.12 MB
CDS: on
 - commit_granule_bytes: 65536.
 - commit_granule_words: 8192.
 - virtual_space_node_default_size: 8388608.
 - enlarge_chunks_in_place: 1.
 - use_allocation_guard: 0.


Internal statistics:

num_allocs_failed_limit: 3.
num_arena_births: 190.
num_arena_deaths: 0.
num_vsnodes_births: 2.
num_vsnodes_deaths: 0.
num_space_committed: 350.
num_space_uncommitted: 0.
num_chunks_returned_to_freelist: 3.
num_chunks_taken_from_freelist: 491.
num_chunk_merges: 0.
num_chunk_splits: 355.
num_chunks_enlarged: 266.
num_inconsistent_stats: 0.

CodeHeap 'non-profiled nmethods': size=119168Kb used=2038Kb max_used=2038Kb free=117129Kb
 bounds [0x000001faac680000, 0x000001faac8f0000, 0x000001fab3ae0000]
CodeHeap 'profiled nmethods': size=119104Kb used=8301Kb max_used=8301Kb free=110803Kb
 bounds [0x000001faa4ae0000, 0x000001faa5300000, 0x000001faabf30000]
CodeHeap 'non-nmethods': size=7488Kb used=2440Kb max_used=4152Kb free=5047Kb
 bounds [0x000001faabf30000, 0x000001faac350000, 0x000001faac680000]
 total_blobs=5140 nmethods=3865 adapters=1179
 compilation: enabled
              stopped_count=0, restarted_count=0
 full_count=0

Compilation events (20 events):
Event: 75.999 Thread 0x000001fabc209fa0 nmethod 3856 0x000001faac877e90 code [0x000001faac878020, 0x000001faac878218]
Event: 76.007 Thread 0x000001fabc209fa0 3857       4       java.security.DrbgParameters::nextBytes (11 bytes)
Event: 76.008 Thread 0x000001fabc209fa0 nmethod 3857 0x000001faac878310 code [0x000001faac8784a0, 0x000001faac8785d8]
Event: 76.030 Thread 0x000001fabc209fa0 3858  s    4       javax.imageio.ImageIO::getCacheInfo (36 bytes)
Event: 76.032 Thread 0x000001fabc209fa0 nmethod 3858 0x000001faac878710 code [0x000001faac8788e0, 0x000001faac878c60]
Event: 78.097 Thread 0x000001fabc209fa0 3859       4       java.util.HashMap::resize (356 bytes)
Event: 78.120 Thread 0x000001fabc209fa0 nmethod 3859 0x000001faac878e10 code [0x000001faac879020, 0x000001faac879d28]
Event: 78.320 Thread 0x000001fabc209fa0 3860       4       java.security.ProtectionDomain$JavaSecurityAccessImpl::getCombinedACC (30 bytes)
Event: 78.329 Thread 0x000001fabc209fa0 nmethod 3860 0x000001faac87a090 code [0x000001faac87a2a0, 0x000001faac87aa28]
Event: 80.484 Thread 0x000001fabc209fa0 3861       4       sun.java2d.SurfaceData::markDirty (8 bytes)
Event: 80.485 Thread 0x000001fabc209fa0 nmethod 3861 0x000001faac87ae90 code [0x000001faac87b020, 0x000001faac87b118]
Event: 80.857 Thread 0x000001fabc209fa0 3862       4       java.math.BigInteger::valueOf (62 bytes)
Event: 80.860 Thread 0x000001fabc209fa0 nmethod 3862 0x000001faac87b190 code [0x000001faac87b340, 0x000001faac87b680]
Event: 81.690 Thread 0x000001fabc209fa0 3863       4       java.math.BigInteger::toByteArray (78 bytes)
Event: 81.694 Thread 0x000001fabc209fa0 nmethod 3863 0x000001faac87b890 code [0x000001faac87ba40, 0x000001faac87bdc8]
Event: 82.383 Thread 0x000001fabc209fa0 3864       4       sun.font.CMap$CMapFormat4::getGlyph (203 bytes)
Event: 82.387 Thread 0x000001fabc209fa0 nmethod 3864 0x000001faac87c010 code [0x000001faac87c1e0, 0x000001faac87c660]
Event: 83.150 Thread 0x000001fabc209fa0 3865       4       java.lang.Long::getChars (195 bytes)
Event: 83.161 Thread 0x000001fabc209fa0 nmethod 3865 0x000001faac87cb10 code [0x000001faac87cd00, 0x000001faac87d640]
Event: 84.608 Thread 0x000001fabc209fa0 3866   !   4       com.sun.imageio.plugins.jpeg.JPEGImageWriter::writeOnThread (3033 bytes)

GC Heap History (20 events):
Event: 75.198 GC heap before
{Heap before GC invocations=65 (full 0):
 garbage-first heap   total 69632K, used 57682K [0x0000000709400000, 0x0000000800000000)
  region size 2048K, 20 young (40960K), 1 survivors (2048K)
 Metaspace       used 22322K, committed 22528K, reserved 1114112K
  class space    used 1968K, committed 2048K, reserved 1048576K
}
Event: 75.200 GC heap after
{Heap after GC invocations=66 (full 0):
 garbage-first heap   total 69632K, used 18759K [0x0000000709400000, 0x0000000800000000)
  region size 2048K, 1 young (2048K), 1 survivors (2048K)
 Metaspace       used 22322K, committed 22528K, reserved 1114112K
  class space    used 1968K, committed 2048K, reserved 1048576K
}
Event: 76.166 GC heap before
{Heap before GC invocations=66 (full 0):
 garbage-first heap   total 69632K, used 57671K [0x0000000709400000, 0x0000000800000000)
  region size 2048K, 20 young (40960K), 1 survivors (2048K)
 Metaspace       used 22322K, committed 22528K, reserved 1114112K
  class space    used 1968K, committed 2048K, reserved 1048576K
}
Event: 76.167 GC heap after
{Heap after GC invocations=67 (full 0):
 garbage-first heap   total 69632K, used 18777K [0x0000000709400000, 0x0000000800000000)
  region size 2048K, 1 young (2048K), 1 survivors (2048K)
 Metaspace       used 22322K, committed 22528K, reserved 1114112K
  class space    used 1968K, committed 2048K, reserved 1048576K
}
Event: 77.160 GC heap before
{Heap before GC invocations=67 (full 0):
 garbage-first heap   total 69632K, used 57689K [0x0000000709400000, 0x0000000800000000)
  region size 2048K, 20 young (40960K), 1 survivors (2048K)
 Metaspace       used 22322K, committed 22528K, reserved 1114112K
  class space    used 1968K, committed 2048K, reserved 1048576K
}
Event: 77.161 GC heap after
{Heap after GC invocations=68 (full 0):
 garbage-first heap   total 69632K, used 18793K [0x0000000709400000, 0x0000000800000000)
  region size 2048K, 1 young (2048K), 1 survivors (2048K)
 Metaspace       used 22322K, committed 22528K, reserved 1114112K
  class space    used 1968K, committed 2048K, reserved 1048576K
}
Event: 78.192 GC heap before
{Heap before GC invocations=68 (full 0):
 garbage-first heap   total 69632K, used 57705K [0x0000000709400000, 0x0000000800000000)
  region size 2048K, 20 young (40960K), 1 survivors (2048K)
 Metaspace       used 22322K, committed 22528K, reserved 1114112K
  class space    used 1968K, committed 2048K, reserved 1048576K
}
Event: 78.193 GC heap after
{Heap after GC invocations=69 (full 0):
 garbage-first heap   total 69632K, used 18777K [0x0000000709400000, 0x0000000800000000)
  region size 2048K, 1 young (2048K), 1 survivors (2048K)
 Metaspace       used 22322K, committed 22528K, reserved 1114112K
  class space    used 1968K, committed 2048K, reserved 1048576K
}
Event: 79.166 GC heap before
{Heap before GC invocations=69 (full 0):
 garbage-first heap   total 69632K, used 57689K [0x0000000709400000, 0x0000000800000000)
  region size 2048K, 20 young (40960K), 1 survivors (2048K)
 Metaspace       used 22322K, committed 22528K, reserved 1114112K
  class space    used 1968K, committed 2048K, reserved 1048576K
}
Event: 79.167 GC heap after
{Heap after GC invocations=70 (full 0):
 garbage-first heap   total 69632K, used 18780K [0x0000000709400000, 0x0000000800000000)
  region size 2048K, 1 young (2048K), 1 survivors (2048K)
 Metaspace       used 22322K, committed 22528K, reserved 1114112K
  class space    used 1968K, committed 2048K, reserved 1048576K
}
Event: 80.149 GC heap before
{Heap before GC invocations=70 (full 0):
 garbage-first heap   total 69632K, used 57692K [0x0000000709400000, 0x0000000800000000)
  region size 2048K, 20 young (40960K), 1 survivors (2048K)
 Metaspace       used 22322K, committed 22528K, reserved 1114112K
  class space    used 1968K, committed 2048K, reserved 1048576K
}
Event: 80.150 GC heap after
{Heap after GC invocations=71 (full 0):
 garbage-first heap   total 69632K, used 18793K [0x0000000709400000, 0x0000000800000000)
  region size 2048K, 1 young (2048K), 1 survivors (2048K)
 Metaspace       used 22322K, committed 22528K, reserved 1114112K
  class space    used 1968K, committed 2048K, reserved 1048576K
}
Event: 81.157 GC heap before
{Heap before GC invocations=71 (full 0):
 garbage-first heap   total 69632K, used 57705K [0x0000000709400000, 0x0000000800000000)
  region size 2048K, 20 young (40960K), 1 survivors (2048K)
 Metaspace       used 22322K, committed 22528K, reserved 1114112K
  class space    used 1968K, committed 2048K, reserved 1048576K
}
Event: 81.159 GC heap after
{Heap after GC invocations=72 (full 0):
 garbage-first heap   total 69632K, used 18797K [0x0000000709400000, 0x0000000800000000)
  region size 2048K, 1 young (2048K), 1 survivors (2048K)
 Metaspace       used 22322K, committed 22528K, reserved 1114112K
  class space    used 1968K, committed 2048K, reserved 1048576K
}
Event: 82.143 GC heap before
{Heap before GC invocations=72 (full 0):
 garbage-first heap   total 69632K, used 57709K [0x0000000709400000, 0x0000000800000000)
  region size 2048K, 20 young (40960K), 1 survivors (2048K)
 Metaspace       used 22322K, committed 22528K, reserved 1114112K
  class space    used 1968K, committed 2048K, reserved 1048576K
}
Event: 82.144 GC heap after
{Heap after GC invocations=73 (full 0):
 garbage-first heap   total 69632K, used 18788K [0x0000000709400000, 0x0000000800000000)
  region size 2048K, 1 young (2048K), 1 survivors (2048K)
 Metaspace       used 22322K, committed 22528K, reserved 1114112K
  class space    used 1968K, committed 2048K, reserved 1048576K
}
Event: 83.112 GC heap before
{Heap before GC invocations=73 (full 0):
 garbage-first heap   total 69632K, used 57700K [0x0000000709400000, 0x0000000800000000)
  region size 2048K, 20 young (40960K), 1 survivors (2048K)
 Metaspace       used 22322K, committed 22528K, reserved 1114112K
  class space    used 1968K, committed 2048K, reserved 1048576K
}
Event: 83.113 GC heap after
{Heap after GC invocations=74 (full 0):
 garbage-first heap   total 69632K, used 18803K [0x0000000709400000, 0x0000000800000000)
  region size 2048K, 1 young (2048K), 1 survivors (2048K)
 Metaspace       used 22322K, committed 22528K, reserved 1114112K
  class space    used 1968K, committed 2048K, reserved 1048576K
}
Event: 84.118 GC heap before
{Heap before GC invocations=74 (full 0):
 garbage-first heap   total 69632K, used 57715K [0x0000000709400000, 0x0000000800000000)
  region size 2048K, 20 young (40960K), 1 survivors (2048K)
 Metaspace       used 22322K, committed 22528K, reserved 1114112K
  class space    used 1968K, committed 2048K, reserved 1048576K
}
Event: 84.119 GC heap after
{Heap after GC invocations=75 (full 0):
 garbage-first heap   total 69632K, used 18809K [0x0000000709400000, 0x0000000800000000)
  region size 2048K, 1 young (2048K), 1 survivors (2048K)
 Metaspace       used 22322K, committed 22528K, reserved 1114112K
  class space    used 1968K, committed 2048K, reserved 1048576K
}

Dll operation events (20 events):
Event: 15.282 Loaded shared library C:\Users\tranh\.javacpp\cache\javacpp-1.5.9-windows-x86_64.jar\org\bytedeco\javacpp\windows-x86_64\api-ms-win-core-util-l1-1-0.dll
Event: 15.286 Loaded shared library C:\Users\tranh\.javacpp\cache\javacpp-1.5.9-windows-x86_64.jar\org\bytedeco\javacpp\windows-x86_64\api-ms-win-core-interlocked-l1-1-0.dll
Event: 15.290 Loaded shared library C:\Users\tranh\.javacpp\cache\javacpp-1.5.9-windows-x86_64.jar\org\bytedeco\javacpp\windows-x86_64\ucrtbase.dll
Event: 15.294 Loaded shared library C:\Users\tranh\.javacpp\cache\javacpp-1.5.9-windows-x86_64.jar\org\bytedeco\javacpp\windows-x86_64\vcruntime140.dll
Event: 15.299 Loaded shared library C:\Users\tranh\.javacpp\cache\javacpp-1.5.9-windows-x86_64.jar\org\bytedeco\javacpp\windows-x86_64\vcruntime140_1.dll
Event: 15.302 Loaded shared library C:\Users\tranh\.javacpp\cache\javacpp-1.5.9-windows-x86_64.jar\org\bytedeco\javacpp\windows-x86_64\msvcp140.dll
Event: 15.306 Loaded shared library C:\Users\tranh\.javacpp\cache\javacpp-1.5.9-windows-x86_64.jar\org\bytedeco\javacpp\windows-x86_64\msvcp140_1.dll
Event: 15.310 Loaded shared library C:\Users\tranh\.javacpp\cache\javacpp-1.5.9-windows-x86_64.jar\org\bytedeco\javacpp\windows-x86_64\concrt140.dll
Event: 15.314 Loaded shared library C:\Users\tranh\.javacpp\cache\javacpp-1.5.9-windows-x86_64.jar\org\bytedeco\javacpp\windows-x86_64\vcomp140.dll
Event: 15.318 Loaded shared library C:\Users\tranh\.javacpp\cache\javacpp-1.5.9-windows-x86_64.jar\org\bytedeco\javacpp\windows-x86_64\jnijavacpp.dll
Event: 15.364 Loaded shared library C:\Users\tranh\.javacpp\cache\openblas-0.3.23-1.5.9-windows-x86_64.jar\org\bytedeco\openblas\windows-x86_64\libopenblas_nolapack.dll
Event: 15.373 Loaded shared library C:\Users\tranh\.javacpp\cache\openblas-0.3.23-1.5.9-windows-x86_64.jar\org\bytedeco\openblas\windows-x86_64\jniopenblas_nolapack.dll
Event: 15.422 Loaded shared library C:\Users\tranh\.javacpp\cache\openblas-0.3.23-1.5.9-windows-x86_64.jar\org\bytedeco\openblas\windows-x86_64\libopenblas.dll
Event: 15.433 Loaded shared library C:\Users\tranh\.javacpp\cache\openblas-0.3.23-1.5.9-windows-x86_64.jar\org\bytedeco\openblas\windows-x86_64\jniopenblas.dll
Event: 15.687 Loaded shared library C:\Users\tranh\.javacpp\cache\opencv-4.7.0-1.5.9-windows-x86_64.jar\org\bytedeco\opencv\windows-x86_64\opencv_core470.dll
Event: 15.703 Loaded shared library C:\Users\tranh\.javacpp\cache\opencv-4.7.0-1.5.9-windows-x86_64.jar\org\bytedeco\opencv\windows-x86_64\opencv_imgproc470.dll
Event: 15.716 Loaded shared library C:\Users\tranh\.javacpp\cache\opencv-4.7.0-1.5.9-windows-x86_64.jar\org\bytedeco\opencv\windows-x86_64\jniopencv_core.dll
Event: 15.840 Loaded shared library C:\Windows\System32\ole32.dll
Event: 15.842 Loaded shared library C:\Windows\System32\oleaut32.dll
Event: 15.856 Loaded shared library C:\Users\tranh\.javacpp\cache\videoinput-0.200-1.5.9-windows-x86_64.jar\org\bytedeco\videoinput\windows-x86_64\jnivideoInputLib.dll

Deoptimization events (20 events):
Event: 35.824 Thread 0x000001faff438e70 Uncommon trap: trap_request=0xffffffcc fr.pc=0x000001faac808124 relative=0x0000000000001a24
Event: 35.824 Thread 0x000001faff438e70 Uncommon trap: reason=intrinsic_or_type_checked_inlining action=make_not_entrant pc=0x000001faac808124 method=java.util.ArrayList.toArray([Ljava/lang/Object;)[Ljava/lang/Object; @ 36 c2
Event: 35.824 Thread 0x000001faff438e70 DEOPT PACKING pc=0x000001faac808124 sp=0x0000008cce70edd0
Event: 35.824 Thread 0x000001faff438e70 DEOPT UNPACKING pc=0x000001faabf846a2 sp=0x0000008cce70ed60 mode 2
Event: 46.528 Thread 0x000001faff437ac0 Uncommon trap: trap_request=0xffffffdc fr.pc=0x000001faac81fd78 relative=0x00000000000002b8
Event: 46.528 Thread 0x000001faff437ac0 Uncommon trap: reason=class_check action=make_not_entrant pc=0x000001faac81fd78 method=java.util.ArrayList.toArray([Ljava/lang/Object;)[Ljava/lang/Object; @ 21 c2
Event: 46.528 Thread 0x000001faff437ac0 DEOPT PACKING pc=0x000001faac81fd78 sp=0x0000008ccd7ff590
Event: 46.528 Thread 0x000001faff437ac0 DEOPT UNPACKING pc=0x000001faabf846a2 sp=0x0000008ccd7ff560 mode 2
Event: 50.751 Thread 0x000001faff438e70 Uncommon trap: trap_request=0xffffff45 fr.pc=0x000001faac83322c relative=0x000000000000266c
Event: 50.751 Thread 0x000001faff438e70 Uncommon trap: reason=unstable_if action=reinterpret pc=0x000001faac83322c method=sun.security.provider.AbstractDrbg.engineNextBytes([BLjava/security/SecureRandomParameters;)V @ 33 c2
Event: 50.751 Thread 0x000001faff438e70 DEOPT PACKING pc=0x000001faac83322c sp=0x0000008cce70f040
Event: 50.751 Thread 0x000001faff438e70 DEOPT UNPACKING pc=0x000001faabf846a2 sp=0x0000008cce70ee58 mode 2
Event: 67.494 Thread 0x000001faff439500 Uncommon trap: trap_request=0xffffffde fr.pc=0x000001faac7c5c7c relative=0x0000000000000b9c
Event: 67.494 Thread 0x000001faff439500 Uncommon trap: reason=class_check action=maybe_recompile pc=0x000001faac7c5c7c method=org.java_websocket.drafts.Draft_6455.createByteBufferFromFramedata(Lorg/java_websocket/framing/Framedata;)Ljava/nio/ByteBuffer; @ 1 c2
Event: 67.494 Thread 0x000001faff439500 DEOPT PACKING pc=0x000001faac7c5c7c sp=0x0000008cce60ed90
Event: 67.494 Thread 0x000001faff439500 DEOPT UNPACKING pc=0x000001faabf846a2 sp=0x0000008cce60ed28 mode 2
Event: 75.093 Thread 0x000001fa8da82e80 Uncommon trap: trap_request=0xffffffde fr.pc=0x000001faac7c5c7c relative=0x0000000000000b9c
Event: 75.093 Thread 0x000001fa8da82e80 Uncommon trap: reason=class_check action=maybe_recompile pc=0x000001faac7c5c7c method=org.java_websocket.drafts.Draft_6455.createByteBufferFromFramedata(Lorg/java_websocket/framing/Framedata;)Ljava/nio/ByteBuffer; @ 1 c2
Event: 75.093 Thread 0x000001fa8da82e80 DEOPT PACKING pc=0x000001faac7c5c7c sp=0x0000008cceb0ee70
Event: 75.093 Thread 0x000001fa8da82e80 DEOPT UNPACKING pc=0x000001faabf846a2 sp=0x0000008cceb0ee08 mode 2

Classes loaded (20 events):
Event: 16.479 Loading class com/sun/imageio/plugins/jpeg/SOFMarkerSegment$ComponentSpec
Event: 16.479 Loading class com/sun/imageio/plugins/jpeg/SOFMarkerSegment$ComponentSpec done
Event: 16.479 Loading class com/sun/imageio/plugins/jpeg/SOSMarkerSegment
Event: 16.479 Loading class com/sun/imageio/plugins/jpeg/SOSMarkerSegment done
Event: 16.480 Loading class com/sun/imageio/plugins/jpeg/SOSMarkerSegment$ScanComponentSpec
Event: 16.480 Loading class com/sun/imageio/plugins/jpeg/SOSMarkerSegment$ScanComponentSpec done
Event: 16.480 Loading class com/sun/imageio/plugins/jpeg/AdobeMarkerSegment
Event: 16.480 Loading class com/sun/imageio/plugins/jpeg/AdobeMarkerSegment done
Event: 16.480 Loading class com/sun/imageio/plugins/jpeg/DRIMarkerSegment
Event: 16.480 Loading class com/sun/imageio/plugins/jpeg/DRIMarkerSegment done
Event: 16.500 Loading class java/util/Base64
Event: 16.500 Loading class java/util/Base64 done
Event: 16.500 Loading class java/util/Base64$Encoder
Event: 16.500 Loading class java/util/Base64$Encoder done
Event: 50.056 Loading class java/lang/foreign/MemorySegment
Event: 50.056 Loading class java/lang/foreign/MemorySegment done
Event: 84.608 Loading class javax/imageio/ImageWriteParam
Event: 84.608 Loading class javax/imageio/IIOParam
Event: 84.608 Loading class javax/imageio/IIOParam done
Event: 84.608 Loading class javax/imageio/ImageWriteParam done

Classes unloaded (0 events):
No events

Classes redefined (0 events):
No events

Internal exceptions (20 events):
Event: 0.656 Thread 0x000001fa9abb1b60 Exception <a 'java/lang/ClassNotFoundException'{0x0000000717c33ed0}: com/sun/swing/internal/plaf/metal/resources/spi/metalProvider> (0x0000000717c33ed0) 
thrown [s\open\src\hotspot\share\classfile\systemDictionary.cpp, line 312]
Event: 0.656 Thread 0x000001fa9abb1b60 Exception <a 'java/lang/ClassNotFoundException'{0x0000000717c37e30}: com/sun/swing/internal/plaf/basic/resources/spi/basicProvider> (0x0000000717c37e30) 
thrown [s\open\src\hotspot\share\classfile\systemDictionary.cpp, line 312]
Event: 0.665 Thread 0x000001fa9abb1b60 Exception <a 'java/lang/NoSuchMethodError'{0x0000000717c57530}: 'int java.lang.invoke.Invokers$Holder.invokeExact_MT(java.lang.Object, java.lang.Object)'> (0x0000000717c57530) 
thrown [s\open\src\hotspot\share\interpreter\linkResolver.cpp, line 773]
Event: 0.684 Thread 0x000001faff3716c0 Implicit null exception at 0x000001faac6aeba4 to 0x000001faac6af20c
Event: 0.725 Thread 0x000001faff3716c0 Exception <a 'java/lang/NoSuchMethodError'{0x0000000717a85730}: 'java.lang.Object java.lang.invoke.DirectMethodHandle$Holder.newInvokeSpecial(java.lang.Object, java.lang.Object, java.lang.Object, int, int, int, int, int)'> (0x0000000717a85730) 
thrown [s\open\src\hotspot\share\interpreter\linkResolver.cpp, line 773]
Event: 0.860 Thread 0x000001fa9abb1b60 Exception <a 'java/lang/NoSuchMethodError'{0x0000000717914830}: 'void java.lang.invoke.DirectMethodHandle$Holder.invokeStaticInit(java.lang.Object)'> (0x0000000717914830) 
thrown [s\open\src\hotspot\share\interpreter\linkResolver.cpp, line 773]
Event: 0.914 Thread 0x000001fafe7f9700 Exception <a 'java/lang/NoSuchMethodError'{0x0000000717ef0c50}: 'void java.lang.invoke.DirectMethodHandle$Holder.invokeVirtual(java.lang.Object, java.lang.Object)'> (0x0000000717ef0c50) 
thrown [s\open\src\hotspot\share\interpreter\linkResolver.cpp, line 773]
Event: 0.945 Thread 0x000001faff435ed0 Exception <a 'java/lang/NoSuchMethodError'{0x0000000717608398}: 'void java.lang.invoke.DirectMethodHandle$Holder.invokeStatic(java.lang.Object, java.lang.Object, java.lang.Object)'> (0x0000000717608398) 
thrown [s\open\src\hotspot\share\interpreter\linkResolver.cpp, line 773]
Event: 0.951 Thread 0x000001faff435ed0 Exception <a 'java/lang/NoSuchMethodError'{0x0000000717615278}: 'java.lang.Object java.lang.invoke.DirectMethodHandle$Holder.newInvokeSpecial(java.lang.Object, java.lang.Object, int, java.lang.Object)'> (0x0000000717615278) 
thrown [s\open\src\hotspot\share\interpreter\linkResolver.cpp, line 773]
Event: 0.953 Thread 0x000001faff435ed0 Exception <a 'java/lang/NoSuchMethodError'{0x00000007176197f0}: 'java.lang.Object java.lang.invoke.DirectMethodHandle$Holder.invokeSpecial(java.lang.Object, java.lang.Object, java.lang.Object, int, java.lang.Object)'> (0x00000007176197f0) 
thrown [s\open\src\hotspot\share\interpreter\linkResolver.cpp, line 773]
Event: 0.953 Thread 0x000001faff435ed0 Exception <a 'java/lang/NoSuchMethodError'{0x000000071761cea0}: 'java.lang.Object java.lang.invoke.Invokers$Holder.invoke_MT(java.lang.Object, java.lang.Object, int, java.lang.Object, java.lang.Object)'> (0x000000071761cea0) 
thrown [s\open\src\hotspot\share\interpreter\linkResolver.cpp, line 773]
Event: 3.971 Thread 0x000001faff3e2a50 Exception <a 'java/lang/NoSuchMethodError'{0x0000000718bc85c0}: 'void java.lang.invoke.DirectMethodHandle$Holder.invokeStatic(java.lang.Object, java.lang.Object)'> (0x0000000718bc85c0) 
thrown [s\open\src\hotspot\share\interpreter\linkResolver.cpp, line 773]
Event: 13.404 Thread 0x000001faff3e2a50 Exception <a 'java/lang/NoSuchMethodError'{0x00000007188979b0}: 'int java.lang.invoke.DirectMethodHandle$Holder.invokeStatic(java.lang.Object)'> (0x00000007188979b0) 
thrown [s\open\src\hotspot\share\interpreter\linkResolver.cpp, line 773]
Event: 15.033 Thread 0x000001faff3e2a50 Exception <a 'java/lang/NoSuchMethodError'{0x0000000718203e08}: 'java.lang.Object java.lang.invoke.DirectMethodHandle$Holder.invokeStaticInit(java.lang.Object, int, int, int, int)'> (0x0000000718203e08) 
thrown [s\open\src\hotspot\share\interpreter\linkResolver.cpp, line 773]
Event: 15.067 Thread 0x000001faff439500 Exception <a 'java/lang/NoSuchMethodError'{0x00000007183f7968}: 'java.lang.Object java.lang.invoke.DirectMethodHandle$Holder.invokeStaticInit(java.lang.Object, java.lang.Object, int, int, int, int)'> (0x00000007183f7968) 
thrown [s\open\src\hotspot\share\interpreter\linkResolver.cpp, line 773]
Event: 15.084 Thread 0x000001faff438e70 Exception <a 'java/lang/NoSuchMethodError'{0x0000000718072b50}: 'int java.lang.invoke.DirectMethodHandle$Holder.invokeStaticInit(java.lang.Object, java.lang.Object, java.lang.Object, java.lang.Object)'> (0x0000000718072b50) 
thrown [s\open\src\hotspot\share\interpreter\linkResolver.cpp, line 773]
Event: 15.088 Thread 0x000001faff438e70 Exception <a 'java/lang/NoSuchMethodError'{0x000000071807b4c8}: 'java.lang.Object java.lang.invoke.DirectMethodHandle$Holder.invokeInterface(java.lang.Object, java.lang.Object)'> (0x000000071807b4c8) 
thrown [s\open\src\hotspot\share\interpreter\linkResolver.cpp, line 773]
Event: 15.088 Thread 0x000001faff438e70 Exception <a 'java/lang/IncompatibleClassChangeError'{0x000000071807e7c0}: Found class java.lang.Object, but interface was expected> (0x000000071807e7c0) 
thrown [s\open\src\hotspot\share\interpreter\linkResolver.cpp, line 840]
Event: 15.089 Thread 0x000001faff438e70 Exception <a 'java/lang/NoSuchMethodError'{0x00000007180811b8}: 'void java.lang.invoke.DirectMethodHandle$Holder.invokeStaticInit(java.lang.Object, java.lang.Object)'> (0x00000007180811b8) 
thrown [s\open\src\hotspot\share\interpreter\linkResolver.cpp, line 773]
Event: 15.090 Thread 0x000001faff438e70 Exception <a 'java/lang/NoSuchMethodError'{0x0000000718096d88}: 'int java.lang.invoke.DirectMethodHandle$Holder.invokeStaticInit(java.lang.Object, java.lang.Object)'> (0x0000000718096d88) 
thrown [s\open\src\hotspot\share\interpreter\linkResolver.cpp, line 773]

ZGC Phase Switch (0 events):
No events

VM Operations (20 events):
Event: 75.198 Executing VM operation: G1CollectForAllocation (G1 Evacuation Pause)
Event: 75.200 Executing VM operation: G1CollectForAllocation (G1 Evacuation Pause) done
Event: 76.166 Executing VM operation: G1CollectForAllocation (G1 Evacuation Pause)
Event: 76.167 Executing VM operation: G1CollectForAllocation (G1 Evacuation Pause) done
Event: 77.160 Executing VM operation: G1CollectForAllocation (G1 Evacuation Pause)
Event: 77.161 Executing VM operation: G1CollectForAllocation (G1 Evacuation Pause) done
Event: 78.192 Executing VM operation: G1CollectForAllocation (G1 Evacuation Pause)
Event: 78.193 Executing VM operation: G1CollectForAllocation (G1 Evacuation Pause) done
Event: 79.166 Executing VM operation: G1CollectForAllocation (G1 Evacuation Pause)
Event: 79.167 Executing VM operation: G1CollectForAllocation (G1 Evacuation Pause) done
Event: 80.149 Executing VM operation: G1CollectForAllocation (G1 Evacuation Pause)
Event: 80.150 Executing VM operation: G1CollectForAllocation (G1 Evacuation Pause) done
Event: 81.157 Executing VM operation: G1CollectForAllocation (G1 Evacuation Pause)
Event: 81.159 Executing VM operation: G1CollectForAllocation (G1 Evacuation Pause) done
Event: 82.143 Executing VM operation: G1CollectForAllocation (G1 Evacuation Pause)
Event: 82.144 Executing VM operation: G1CollectForAllocation (G1 Evacuation Pause) done
Event: 83.112 Executing VM operation: G1CollectForAllocation (G1 Evacuation Pause)
Event: 83.113 Executing VM operation: G1CollectForAllocation (G1 Evacuation Pause) done
Event: 84.118 Executing VM operation: G1CollectForAllocation (G1 Evacuation Pause)
Event: 84.119 Executing VM operation: G1CollectForAllocation (G1 Evacuation Pause) done

Events (20 events):
Event: 16.369 Thread 0x000001faff661190 Thread exited: 0x000001faff661190
Event: 16.369 Thread 0x000001faff65f650 Thread exited: 0x000001faff65f650
Event: 19.930 Thread 0x000001faff437430 Thread exited: 0x000001faff437430
Event: 19.946 Thread 0x000001faff4387e0 Thread exited: 0x000001faff4387e0
Event: 21.248 Thread 0x000001faff661860 Thread exited: 0x000001faff661860
Event: 27.104 Thread 0x000001faff661f30 Thread exited: 0x000001faff661f30
Event: 28.272 Thread 0x000001fa8d6ccce0 Thread added: 0x000001fa8d6ccce0
Event: 28.799 Thread 0x000001fa8d6ccce0 Thread exited: 0x000001fa8d6ccce0
Event: 29.179 Thread 0x000001fa8d6cb1a0 Thread added: 0x000001fa8d6cb1a0
Event: 29.201 Thread 0x000001fa8d6cbf40 Thread added: 0x000001fa8d6cbf40
Event: 29.201 Thread 0x000001fa8d6cb870 Thread added: 0x000001fa8d6cb870
Event: 30.303 Thread 0x000001fa8d6cb870 Thread exited: 0x000001fa8d6cb870
Event: 30.640 Thread 0x000001fa8d6cbf40 Thread exited: 0x000001fa8d6cbf40
Event: 30.640 Thread 0x000001fa8d6cb1a0 Thread exited: 0x000001fa8d6cb1a0
Event: 33.456 Thread 0x000001fa8d6ccce0 Thread added: 0x000001fa8d6ccce0
Event: 33.456 Thread 0x000001fa8d6cc610 Thread added: 0x000001fa8d6cc610
Event: 33.458 Thread 0x000001fa8d6c9d30 Thread added: 0x000001fa8d6c9d30
Event: 34.095 Thread 0x000001fa8d6c9d30 Thread exited: 0x000001fa8d6c9d30
Event: 34.256 Thread 0x000001fa8d6cc610 Thread exited: 0x000001fa8d6cc610
Event: 34.256 Thread 0x000001fa8d6ccce0 Thread exited: 0x000001fa8d6ccce0


Dynamic libraries:
0x00007ff69b200000 - 0x00007ff69b210000 	C:\Program Files\Java\jdk-21\bin\java.exe
0x00007fffdf5a0000 - 0x00007fffdf803000 	C:\WINDOWS\SYSTEM32\ntdll.dll
0x00007fffde180000 - 0x00007fffde248000 	C:\WINDOWS\System32\KERNEL32.DLL
0x00007fffdce50000 - 0x00007fffdd201000 	C:\WINDOWS\System32\KERNELBASE.dll
0x00007fffdcd00000 - 0x00007fffdce4b000 	C:\WINDOWS\System32\ucrtbase.dll
0x00007fffd64e0000 - 0x00007fffd64fb000 	C:\Program Files\Java\jdk-21\bin\VCRUNTIME140.dll
0x00007fffd59d0000 - 0x00007fffd59e9000 	C:\Program Files\Java\jdk-21\bin\jli.dll
0x00007fffdf080000 - 0x00007fffdf134000 	C:\WINDOWS\System32\ADVAPI32.dll
0x00007fffdeed0000 - 0x00007fffdef79000 	C:\WINDOWS\System32\msvcrt.dll
0x00007fffde2f0000 - 0x00007fffde396000 	C:\WINDOWS\System32\sechost.dll
0x00007fffdebe0000 - 0x00007fffdecf6000 	C:\WINDOWS\System32\RPCRT4.dll
0x00007fffddfb0000 - 0x00007fffde178000 	C:\WINDOWS\System32\USER32.dll
0x00007fffdccd0000 - 0x00007fffdccf7000 	C:\WINDOWS\System32\win32u.dll
0x00007fffcc670000 - 0x00007fffcc900000 	C:\WINDOWS\WinSxS\amd64_microsoft.windows.common-controls_6595b64144ccf1df_6.0.26100.2161_none_3e0cadb0e33078e1\COMCTL32.dll
0x00007fffddb20000 - 0x00007fffddb4a000 	C:\WINDOWS\System32\GDI32.dll
0x00007fffdcaf0000 - 0x00007fffdcc15000 	C:\WINDOWS\System32\gdi32full.dll
0x00007fffdcc20000 - 0x00007fffdccc3000 	C:\WINDOWS\System32\msvcp_win.dll
0x00007fffd5170000 - 0x00007fffd517b000 	C:\WINDOWS\SYSTEM32\VERSION.dll
0x00007fffde700000 - 0x00007fffde72f000 	C:\WINDOWS\System32\IMM32.DLL
0x00007fffd64d0000 - 0x00007fffd64dc000 	C:\Program Files\Java\jdk-21\bin\vcruntime140_1.dll
0x00007fffcc030000 - 0x00007fffcc0be000 	C:\Program Files\Java\jdk-21\bin\msvcp140.dll
0x00007fff72390000 - 0x00007fff730a5000 	C:\Program Files\Java\jdk-21\bin\server\jvm.dll
0x00007fffde3a0000 - 0x00007fffde414000 	C:\WINDOWS\System32\WS2_32.dll
0x00007fffdc820000 - 0x00007fffdc86e000 	C:\WINDOWS\SYSTEM32\POWRPROF.dll
0x00007fffd26a0000 - 0x00007fffd26d6000 	C:\WINDOWS\SYSTEM32\WINMM.dll
0x00007fffdc800000 - 0x00007fffdc814000 	C:\WINDOWS\SYSTEM32\UMPDC.dll
0x00007fffdb7c0000 - 0x00007fffdb7da000 	C:\WINDOWS\SYSTEM32\kernel.appcore.dll
0x00007fffd6430000 - 0x00007fffd643a000 	C:\Program Files\Java\jdk-21\bin\jimage.dll
0x00007fffdac20000 - 0x00007fffdae61000 	C:\WINDOWS\SYSTEM32\DBGHELP.DLL
0x00007fffddc30000 - 0x00007fffddfad000 	C:\WINDOWS\System32\combase.dll
0x00007fffdefa0000 - 0x00007fffdf076000 	C:\WINDOWS\System32\OLEAUT32.dll
0x00007fffc8460000 - 0x00007fffc8499000 	C:\WINDOWS\SYSTEM32\dbgcore.DLL
0x00007fffdca50000 - 0x00007fffdcae9000 	C:\WINDOWS\System32\bcryptPrimitives.dll
0x00007fffd58f0000 - 0x00007fffd590f000 	C:\Program Files\Java\jdk-21\bin\java.dll
0x00007fffdd410000 - 0x00007fffddb0f000 	C:\WINDOWS\System32\SHELL32.dll
0x00007fffda3f0000 - 0x00007fffdac1d000 	C:\WINDOWS\SYSTEM32\windows.storage.dll
0x00007fffddb50000 - 0x00007fffddc23000 	C:\WINDOWS\System32\SHCORE.dll
0x00007fffdf2e0000 - 0x00007fffdf33d000 	C:\WINDOWS\System32\shlwapi.dll
0x00007fffdc8a0000 - 0x00007fffdc8ce000 	C:\WINDOWS\SYSTEM32\profapi.dll
0x00007fff8b730000 - 0x00007fff8b807000 	C:\Program Files\Java\jdk-21\bin\jsvml.dll
0x00007fffd0d70000 - 0x00007fffd0d80000 	C:\Program Files\Java\jdk-21\bin\net.dll
0x00007fffd8ef0000 - 0x00007fffd9016000 	C:\WINDOWS\SYSTEM32\WINHTTP.dll
0x00007fffdbd50000 - 0x00007fffdbdb8000 	C:\WINDOWS\system32\mswsock.dll
0x00007fffd0d50000 - 0x00007fffd0d66000 	C:\Program Files\Java\jdk-21\bin\nio.dll
0x00007fffd0d30000 - 0x00007fffd0d48000 	C:\Program Files\Java\jdk-21\bin\zip.dll
0x00007fff7c620000 - 0x00007fff7c7af000 	C:\Program Files\Java\jdk-21\bin\awt.dll
0x00007fffd88f0000 - 0x00007fffd898c000 	C:\WINDOWS\SYSTEM32\apphelp.dll
0x00007fffd9ca0000 - 0x00007fffd9cce000 	C:\WINDOWS\system32\DWMAPI.DLL
0x00007fffd9900000 - 0x00007fffd99ad000 	C:\WINDOWS\system32\uxtheme.dll
0x00007fff805c0000 - 0x00007fff806cc000 	C:\WINDOWS\system32\opengl32.dll
0x00007fff9be90000 - 0x00007fff9bebd000 	C:\WINDOWS\SYSTEM32\GLU32.dll
0x00007fffd9aa0000 - 0x00007fffd9ae5000 	C:\WINDOWS\SYSTEM32\dxcore.dll
0x00007fffdf400000 - 0x00007fffdf55b000 	C:\WINDOWS\System32\MSCTF.dll
0x00007fffde510000 - 0x00007fffde6a9000 	C:\WINDOWS\System32\ole32.dll
0x00007fff80820000 - 0x00007fff809c6000 	C:\WINDOWS\system32\d3d9.dll
0x00007fffd9af0000 - 0x00007fffd9b4c000 	C:\WINDOWS\SYSTEM32\directxdatabasehelper.dll
0x00007fffdc060000 - 0x00007fffdc073000 	C:\WINDOWS\SYSTEM32\msasn1.dll
0x00007fffd46d0000 - 0x00007fffd470b000 	C:\WINDOWS\SYSTEM32\cryptnet.dll
0x00007fffdd210000 - 0x00007fffdd386000 	C:\WINDOWS\System32\CRYPT32.dll
0x00007fffdc010000 - 0x00007fffdc01c000 	C:\WINDOWS\SYSTEM32\cryptbase.dll
0x00007fffdd390000 - 0x00007fffdd40a000 	C:\WINDOWS\System32\wintrust.dll
0x00007fffde250000 - 0x00007fffde270000 	C:\WINDOWS\System32\imagehlp.dll
0x00007fffdbff0000 - 0x00007fffdc00c000 	C:\WINDOWS\SYSTEM32\CRYPTSP.dll
0x00007fffdb720000 - 0x00007fffdb758000 	C:\WINDOWS\system32\rsaenh.dll
0x00007fffdc230000 - 0x00007fffdc256000 	C:\WINDOWS\SYSTEM32\bcrypt.dll
0x00007fffc3150000 - 0x00007fffc3211000 	C:\WINDOWS\System32\DriverStore\FileRepository\nvam.inf_amd64_900a074fe80431cd\nvldumdx.dll
0x00007fffdc0d0000 - 0x00007fffdc12d000 	C:\WINDOWS\SYSTEM32\wldp.dll
0x00007fffd4510000 - 0x00007fffd4687000 	C:\WINDOWS\SYSTEM32\drvstore.dll
0x00007fffdc560000 - 0x00007fffdc58d000 	C:\WINDOWS\SYSTEM32\devobj.dll
0x00007fffdc590000 - 0x00007fffdc5ef000 	C:\WINDOWS\SYSTEM32\cfgmgr32.dll
0x00007fff8e7f0000 - 0x00007fff9061f000 	C:\WINDOWS\System32\DriverStore\FileRepository\nvam.inf_amd64_900a074fe80431cd\nvgpucomp64.dll
0x00007fff69690000 - 0x00007fff6b6d3000 	C:\WINDOWS\System32\DriverStore\FileRepository\nvam.inf_amd64_900a074fe80431cd\nvd3dumx.dll
0x00007fffd1610000 - 0x00007fffd17c8000 	C:\WINDOWS\System32\DriverStore\FileRepository\u0382793.inf_amd64_1c9c9d36a5813460\B384051\aticfx64.dll
0x00007fffb6050000 - 0x00007fffb6084000 	C:\WINDOWS\System32\DriverStore\FileRepository\u0382793.inf_amd64_1c9c9d36a5813460\B384051\atiu9p64.dll
0x00007fff07860000 - 0x00007fff085b4000 	C:\WINDOWS\System32\DriverStore\FileRepository\u0382793.inf_amd64_1c9c9d36a5813460\B384051\atiumd64.dll
0x000000005b390000 - 0x000000005c204000 	C:\WINDOWS\System32\DriverStore\FileRepository\u0382793.inf_amd64_1c9c9d36a5813460\B384051\atiumd6a.dll
0x00007fffde740000 - 0x00007fffdebc5000 	C:\WINDOWS\System32\SETUPAPI.dll
0x00007fffd8b50000 - 0x00007fffd8b80000 	C:\WINDOWS\SYSTEM32\amdihk64.dll
0x00007fffcbf90000 - 0x00007fffcbfbe000 	C:\Program Files\Java\jdk-21\bin\javajpeg.dll
0x00007fff81ff0000 - 0x00007fff82077000 	C:\Program Files\Java\jdk-21\bin\freetype.dll
0x00007fff7b630000 - 0x00007fff7b703000 	C:\Program Files\Java\jdk-21\bin\fontmanager.dll
0x00007fffdf340000 - 0x00007fffdf3e8000 	C:\WINDOWS\System32\clbcatq.dll
0x00007fffd9650000 - 0x00007fffd987a000 	C:\WINDOWS\SYSTEM32\WindowsCodecs.dll
0x00007fffcc3d0000 - 0x00007fffcc42a000 	C:\WINDOWS\system32\dataexchange.dll
0x00007fffcd8d0000 - 0x00007fffcdb07000 	C:\WINDOWS\system32\twinapi.appcore.dll
0x00007fffbfb70000 - 0x00007fffbfcb5000 	C:\WINDOWS\SYSTEM32\textinputframework.dll
0x00007fffd0d20000 - 0x00007fffd0d27000 	C:\Program Files\Java\jdk-21\bin\extnet.dll
0x00007fffd7df0000 - 0x00007fffd7f15000 	C:\WINDOWS\SYSTEM32\CoreMessaging.dll
0x00007fffd17d0000 - 0x00007fffd1ab3000 	C:\WINDOWS\SYSTEM32\CoreUIComponents.dll
0x00007fffd7110000 - 0x00007fffd7278000 	C:\WINDOWS\SYSTEM32\wintypes.dll
0x00007fffc4b00000 - 0x00007fffc4b18000 	C:\WINDOWS\system32\napinsp.dll
0x00007fffdb2c0000 - 0x00007fffdb3e5000 	C:\WINDOWS\SYSTEM32\DNSAPI.dll
0x00007fffdb280000 - 0x00007fffdb2b1000 	C:\WINDOWS\SYSTEM32\IPHLPAPI.DLL
0x00007fffdebd0000 - 0x00007fffdebda000 	C:\WINDOWS\System32\NSI.dll
0x00007fffc4aa0000 - 0x00007fffc4ab2000 	C:\WINDOWS\System32\winrnr.dll
0x00007fffc3f60000 - 0x00007fffc3f82000 	C:\WINDOWS\system32\nlansp_c.dll
0x00007fffc3220000 - 0x00007fffc3236000 	C:\WINDOWS\system32\wshbth.dll
0x00007fffd8d20000 - 0x00007fffd8d2b000 	C:\Windows\System32\rasadhlp.dll
0x00007fffd9160000 - 0x00007fffd91e6000 	C:\WINDOWS\System32\fwpuclnt.dll
0x00007fffd0ab0000 - 0x00007fffd0ac0000 	C:\Program Files\Java\jdk-21\bin\verify.dll
0x00007fffdbdf0000 - 0x00007fffdbe1b000 	C:\WINDOWS\SYSTEM32\USERENV.dll
0x000001fa8c5c0000 - 0x000001fa8c5c4000 	C:\Users\tranh\.javacpp\cache\javacpp-1.5.9-windows-x86_64.jar\org\bytedeco\javacpp\windows-x86_64\api-ms-win-crt-locale-l1-1-0.dll
0x000001fa8efb0000 - 0x000001fa8efb5000 	C:\Users\tranh\.javacpp\cache\javacpp-1.5.9-windows-x86_64.jar\org\bytedeco\javacpp\windows-x86_64\api-ms-win-crt-string-l1-1-0.dll
0x000001fa8efc0000 - 0x000001fa8efc5000 	C:\Users\tranh\.javacpp\cache\javacpp-1.5.9-windows-x86_64.jar\org\bytedeco\javacpp\windows-x86_64\api-ms-win-crt-stdio-l1-1-0.dll
0x000001fa8efd0000 - 0x000001fa8efd6000 	C:\Users\tranh\.javacpp\cache\javacpp-1.5.9-windows-x86_64.jar\org\bytedeco\javacpp\windows-x86_64\api-ms-win-crt-math-l1-1-0.dll
0x000001fa8efe0000 - 0x000001fa8efe4000 	C:\Users\tranh\.javacpp\cache\javacpp-1.5.9-windows-x86_64.jar\org\bytedeco\javacpp\windows-x86_64\api-ms-win-crt-heap-l1-1-0.dll
0x000001fa8eff0000 - 0x000001fa8eff5000 	C:\Users\tranh\.javacpp\cache\javacpp-1.5.9-windows-x86_64.jar\org\bytedeco\javacpp\windows-x86_64\api-ms-win-crt-runtime-l1-1-0.dll
0x000001fa8f000000 - 0x000001fa8f005000 	C:\Users\tranh\.javacpp\cache\javacpp-1.5.9-windows-x86_64.jar\org\bytedeco\javacpp\windows-x86_64\api-ms-win-crt-convert-l1-1-0.dll
0x000001fa8f010000 - 0x000001fa8f014000 	C:\Users\tranh\.javacpp\cache\javacpp-1.5.9-windows-x86_64.jar\org\bytedeco\javacpp\windows-x86_64\api-ms-win-crt-environment-l1-1-0.dll
0x000001fa8f020000 - 0x000001fa8f024000 	C:\Users\tranh\.javacpp\cache\javacpp-1.5.9-windows-x86_64.jar\org\bytedeco\javacpp\windows-x86_64\api-ms-win-crt-time-l1-1-0.dll
0x000001fa8f030000 - 0x000001fa8f034000 	C:\Users\tranh\.javacpp\cache\javacpp-1.5.9-windows-x86_64.jar\org\bytedeco\javacpp\windows-x86_64\api-ms-win-crt-filesystem-l1-1-0.dll
0x000001fa8f040000 - 0x000001fa8f044000 	C:\Users\tranh\.javacpp\cache\javacpp-1.5.9-windows-x86_64.jar\org\bytedeco\javacpp\windows-x86_64\api-ms-win-crt-utility-l1-1-0.dll
0x000001fa8f050000 - 0x000001fa8f056000 	C:\Users\tranh\.javacpp\cache\javacpp-1.5.9-windows-x86_64.jar\org\bytedeco\javacpp\windows-x86_64\api-ms-win-crt-multibyte-l1-1-0.dll
0x000001fa8f060000 - 0x000001fa8f064000 	C:\Users\tranh\.javacpp\cache\javacpp-1.5.9-windows-x86_64.jar\org\bytedeco\javacpp\windows-x86_64\api-ms-win-crt-conio-l1-1-0.dll
0x000001fa8f070000 - 0x000001fa8f081000 	C:\Users\tranh\.javacpp\cache\javacpp-1.5.9-windows-x86_64.jar\org\bytedeco\javacpp\windows-x86_64\api-ms-win-crt-private-l1-1-0.dll
0x000001fa8f090000 - 0x000001fa8f094000 	C:\Users\tranh\.javacpp\cache\javacpp-1.5.9-windows-x86_64.jar\org\bytedeco\javacpp\windows-x86_64\api-ms-win-crt-process-l1-1-0.dll
0x000001fa8f0a0000 - 0x000001fa8f0a4000 	C:\Users\tranh\.javacpp\cache\javacpp-1.5.9-windows-x86_64.jar\org\bytedeco\javacpp\windows-x86_64\api-ms-win-core-console-l1-2-0.dll
0x000001fa8f0b0000 - 0x000001fa8f0b4000 	C:\Users\tranh\.javacpp\cache\javacpp-1.5.9-windows-x86_64.jar\org\bytedeco\javacpp\windows-x86_64\api-ms-win-core-string-l1-1-0.dll
0x000001fa8f0c0000 - 0x000001fa8f0c4000 	C:\Users\tranh\.javacpp\cache\javacpp-1.5.9-windows-x86_64.jar\org\bytedeco\javacpp\windows-x86_64\api-ms-win-core-errorhandling-l1-1-0.dll
0x000001fa8f0d0000 - 0x000001fa8f0d4000 	C:\Users\tranh\.javacpp\cache\javacpp-1.5.9-windows-x86_64.jar\org\bytedeco\javacpp\windows-x86_64\api-ms-win-core-timezone-l1-1-0.dll
0x000001fa8f0e0000 - 0x000001fa8f0e5000 	C:\Users\tranh\.javacpp\cache\javacpp-1.5.9-windows-x86_64.jar\org\bytedeco\javacpp\windows-x86_64\api-ms-win-core-file-l1-1-0.dll
0x000001fa8f0f0000 - 0x000001fa8f0f4000 	C:\Users\tranh\.javacpp\cache\javacpp-1.5.9-windows-x86_64.jar\org\bytedeco\javacpp\windows-x86_64\api-ms-win-core-namedpipe-l1-1-0.dll
0x000001fa8f100000 - 0x000001fa8f104000 	C:\Users\tranh\.javacpp\cache\javacpp-1.5.9-windows-x86_64.jar\org\bytedeco\javacpp\windows-x86_64\api-ms-win-core-handle-l1-1-0.dll
0x000001fa8f110000 - 0x000001fa8f114000 	C:\Users\tranh\.javacpp\cache\javacpp-1.5.9-windows-x86_64.jar\org\bytedeco\javacpp\windows-x86_64\api-ms-win-core-file-l2-1-0.dll
0x000001fa8f120000 - 0x000001fa8f124000 	C:\Users\tranh\.javacpp\cache\javacpp-1.5.9-windows-x86_64.jar\org\bytedeco\javacpp\windows-x86_64\api-ms-win-core-heap-l1-1-0.dll
0x000001fa8f130000 - 0x000001fa8f134000 	C:\Users\tranh\.javacpp\cache\javacpp-1.5.9-windows-x86_64.jar\org\bytedeco\javacpp\windows-x86_64\api-ms-win-core-libraryloader-l1-1-0.dll
0x000001fa8f140000 - 0x000001fa8f144000 	C:\Users\tranh\.javacpp\cache\javacpp-1.5.9-windows-x86_64.jar\org\bytedeco\javacpp\windows-x86_64\api-ms-win-core-synch-l1-1-0.dll
0x000001fa8f150000 - 0x000001fa8f154000 	C:\Users\tranh\.javacpp\cache\javacpp-1.5.9-windows-x86_64.jar\org\bytedeco\javacpp\windows-x86_64\api-ms-win-core-processthreads-l1-1-0.dll

dbghelp: loaded successfully - version: 4.0.5 - missing functions: none
symbol engine: initialized successfully - sym options: 0x614 - pdb path: .;C:\Program Files\Java\jdk-21\bin;C:\WINDOWS\SYSTEM32;C:\WINDOWS\WinSxS\amd64_microsoft.windows.common-controls_6595b64144ccf1df_6.0.26100.2161_none_3e0cadb0e33078e1;C:\Program Files\Java\jdk-21\bin\server;C:\WINDOWS\System32\DriverStore\FileRepository\nvam.inf_amd64_900a074fe80431cd;C:\WINDOWS\System32\DriverStore\FileRepository\u0382793.inf_amd64_1c9c9d36a5813460\B384051;C:\Users\tranh\.javacpp\cache\javacpp-1.5.9-windows-x86_64.jar\org\bytedeco\javacpp\windows-x86_64;C:\Users\tranh\.javacpp\cache\openblas-0.3.23-1.5.9-windows-x86_64.jar\org\bytedeco\openblas\windows-x86_64;C:\Users\tranh\.javacpp\cache\opencv-4.7.0-1.5.9-windows-x86_64.jar\org\bytedeco\opencv\windows-x86_64;C:\Users\tranh\.javacpp\cache\videoinput-0.200-1.5.9-windows-x86_64.jar\org\bytedeco\videoinput\windows-x86_64;C:\WINDOWS\WinSxS\amd64_microsoft.windows.gdiplus_6595b64144ccf1df_1.1.26100.1882_none_6ef987803dc1440e

VM Arguments:
jvm_args: -XX:+ShowCodeDetailsInExceptionMessages 
java_command: org.example.client.LivestreamClient
java_class_path (initial): F:\Workspace\Streaming\target\classes;C:\Users\tranh\.m2\repository\io\socket\socket.io-client\2.1.1\socket.io-client-2.1.1.jar;C:\Users\tranh\.m2\repository\io\socket\engine.io-client\2.1.0\engine.io-client-2.1.0.jar;C:\Users\tranh\.m2\repository\com\squareup\okhttp3\okhttp\3.12.12\okhttp-3.12.12.jar;C:\Users\tranh\.m2\repository\com\squareup\okio\okio\1.15.0\okio-1.15.0.jar;C:\Users\tranh\.m2\repository\org\json\json\20090211\json-20090211.jar;C:\Users\tranh\.m2\repository\io\socket\socket.io-server\1.0.0\socket.io-server-1.0.0.jar;C:\Users\tranh\.m2\repository\com\google\code\findbugs\jsr305\3.0.2\jsr305-3.0.2.jar;C:\Users\tranh\.m2\repository\io\socket\engine.io-server\6.2.1\engine.io-server-6.2.1.jar;C:\Users\tranh\.m2\repository\org\bytedeco\javacv-platform\1.5.9\javacv-platform-1.5.9.jar;C:\Users\tranh\.m2\repository\org\bytedeco\javacv\1.5.9\javacv-1.5.9.jar;C:\Users\tranh\.m2\repository\org\bytedeco\openblas\0.3.23-1.5.9\openblas-0.3.23-1.5.9.jar;C:\Users\tranh\.m2\repository\org\bytedeco\opencv\4.7.0-1.5.9\opencv-4.7.0-1.5.9.jar;C:\Users\tranh\.m2\repository\org\bytedeco\flycapture\2.13.3.31-1.5.9\flycapture-2.13.3.31-1.5.9.jar;C:\Users\tranh\.m2\repository\org\bytedeco\libdc1394\2.2.6-1.5.9\libdc1394-2.2.6-1.5.9.jar;C:\Users\tranh\.m2\repository\org\bytedeco\libfreenect\0.5.7-1.5.9\libfreenect-0.5.7-1.5.9.jar;C:\Users\tranh\.m2\repository\org\bytedeco\libfreenect2\0.2.0-1.5.9\libfreenect2-0.2.0-1.5.9.jar;C:\Users\tranh\.m2\repository\org\bytedeco\librealsense\1.12.4-1.5.9\librealsense-1.12.4-1.5.9.jar;C:\Users\tranh\.m2\repository\org\bytedeco\librealsense2\2.53.1-1.5.9\librealsense2-2.53.1-1.5.9.jar;C:\Users\tranh\.m2\repository\org\bytedeco\artoolkitplus\2.3.1-1.5.9\artoolkitplus-2.3.1-1.5.9.jar;C:\Users\tranh\.m2\repository\org\bytedeco\leptonica\1.83.0-1.5.9\leptonica-1.83.0-1.5.9.jar;C:\Users\tranh\.m2\repository\org\bytedeco\tesseract\5.3.1-1.5.9\tesseract-5.3.1-1.5.9.jar;C:\Users\tranh\.m2\repository\org\openjfx\javafx-graphics\17\javafx-graphics-17.jar;C:\Users\tranh\.m2\repository\org\openjfx\javafx-graphics\17\javafx-graphics-17-win.jar;C:\Users\tranh\.m2\repository\org\openjfx\javafx-base\17\javafx-base-17.jar;C:\Users\tranh\.m2\repository\org\openjfx\javafx-base\17\javafx-base-17-win.jar;C:\Users\tranh\.m2\repository\org\bytedeco\openblas-platform\0.3.23-1.5.9\openblas-platform-0.3.23-1.5.9.jar;C:\Users\tranh\.m2\repository\org\bytedeco\openblas\0.3.23-1.5.9\openblas-0.3.23-1.5.9-android-arm.jar;C:\Users\tranh\.m2\repository\org\bytedeco\openblas\0.3.23-1.5.9\openblas-0.3.23-1.5.9-android-arm64.jar;C:\Users\tranh\.m2\repository\org\bytedeco\openblas\0.3.23-1.5.9\openblas-0.3.23-1.5.9-android-x86.jar;C:\Users\tranh\.m2\repository\org\bytedeco\openblas\0.3.23-1.5.9\openblas-0.3.23-1.5.9-android-x86_64.jar;C:\Users\tranh\.m2\repository\org\bytedeco\openblas\0.3.23-1.5.9\openblas-0.3.23-1.5.9-ios-arm64.jar;C:\Users\tranh\.m2\repository\org\bytedeco\openblas\0.3.23-1.5.9\openblas-0.3.23-1.5.9-ios-x86_64.jar;C:\Users\tranh\.m2\repository\org\bytedeco\openblas\0.3.23-1.5.9\openblas-0.3.23-1.5.9-linux-x86.jar;C:\Users\tranh\.m2\repository\org\bytedeco\openblas\0.3.23-1.5.9\openblas-0.3.23-1.5.9-linux-x86_64.jar;C:\Users\tranh\.m2\repository\org\bytedeco\openblas\0.3.23-1.5.9\openblas-0.3.23-1.5.9-linux-armhf.jar;C:\Users\tranh\.m2\repository\org\bytedeco\openblas\0.3.23-1.5.9\openblas-0.3.23-1.5.9-linux-arm64.jar;C:\Users\tranh\.m2\repository\org\bytedeco\openblas\0.3.23-1.5.9\openblas-0.3.23-1.5.9-linux-ppc64le.jar;C:\Users\tranh\.m2\repository\org\bytedeco\openblas\0.3.23-1.5.9\openblas-0.3.23-1.5.9-macosx-arm64.jar;C:\Users\tranh\.m2\repository\org\bytedeco\openblas\0.3.23-1.5.9\openblas-0.3.23-1.5.9-macosx-x86_64.jar;C:\Users\tranh\.m2\repository\org\bytedeco\openblas\0.3.23-1.5.9\openblas-0.3.23-1.5.9-windows-x86.jar;C:\Users\tranh\.m2\repository\org\bytedeco\openblas\0.3.23-1.5.9\openblas-0.3.23-1.5.9-windows-x86_64.jar;C:\Users\tranh\.m2\repository\org\bytedeco\opencv-platform\4.7.0-1.5.9\opencv-platform-4.7.0-1.5.9.jar;C:\Users\tranh\.m2\repository\org\bytedeco\opencv\4.7.0-1.5.9\opencv-4.7.0-1.5.9-android-arm.jar;C:\Users\tranh\.m2\repository\org\bytedeco\opencv\4.7.0-1.5.9\opencv-4.7.0-1.5.9-android-arm64.jar;C:\Users\tranh\.m2\repository\org\bytedeco\opencv\4.7.0-1.5.9\opencv-4.7.0-1.5.9-android-x86.jar;C:\Users\tranh\.m2\repository\org\bytedeco\opencv\4.7.0-1.5.9\opencv-4.7.0-1.5.9-android-x86_64.jar;C:\Users\tranh\.m2\repository\org\bytedeco\opencv\4.7.0-1.5.9\opencv-4.7.0-1.5.9-ios-arm64.jar;C:\Users\tranh\.m2\repository\org\bytedeco\opencv\4.7.0-1.5.9\opencv-4.7.0-1.5.9-ios-x86_64.jar;C:\Users\tranh\.m2\repository\org\bytedeco\opencv\4.7.0-1.5.9\opencv-4.7.0-1.5.9-linux-x86.jar;C:\Users\tranh\.m2\repository\org\bytedeco\opencv\4.7.0-1.5.9\opencv-4.7.0-1.5.9-linux-x86_64.jar;C:\Users\tranh\.m2\repository\org\bytedeco\opencv\4.7.0-1.5.9\opencv-4.7.0-1.5.9-linux-armhf.jar;C:\Users\tranh\.m2\repository\org\bytedeco\opencv\4.7.0-1.5.9\opencv-4.7.0-1.5.9-linux-arm64.jar;C:\Users\tranh\.m2\repository\org\bytedeco\opencv\4.7.0-1.5.9\opencv-4.7.0-1.5.9-linux-ppc64le.jar;C:\Users\tranh\.m2\repository\org\bytedeco\opencv\4.7.0-1.5.9\opencv-4.7.0-1.5.9-macosx-arm64.jar;C:\Users\tranh\.m2\repository\org\bytedeco\opencv\4.7.0-1.5.9\opencv-4.7.0-1.5.9-macosx-x86_64.jar;C:\Users\tranh\.m2\repository\org\bytedeco\opencv\4.7.0-1.5.9\opencv-4.7.0-1.5.9-windows-x86.jar;C:\Users\tranh\.m2\repository\org\bytedeco\opencv\4.7.0-1.5.9\opencv-4.7.0-1.5.9-windows-x86_64.jar;C:\Users\tranh\.m2\repository\org\bytedeco\flycapture-platform\2.13.3.31-1.5.9\flycapture-platform-2.13.3.31-1.5.9.jar;C:\Users\tranh\.m2\repository\org\bytedeco\flycapture\2.13.3.31-1.5.9\flycapture-2.13.3.31-1.5.9-linux-x86.jar;C:\Users\tranh\.m2\repository\org\bytedeco\flycapture\2.13.3.31-1.5.9\flycapture-2.13.3.31-1.5.9-linux-x86_64.jar;C:\Users\tranh\.m2\repository\org\bytedeco\flycapture\2.13.3.31-1.5.9\flycapture-2.13.3.31-1.5.9-linux-armhf.jar;C:\Users\tranh\.m2\repository\org\bytedeco\flycapture\2.13.3.31-1.5.9\flycapture-2.13.3.31-1.5.9-linux-arm64.jar;C:\Users\tranh\.m2\repository\org\bytedeco\flycapture\2.13.3.31-1.5.9\flycapture-2.13.3.31-1.5.9-windows-x86.jar;C:\Users\tranh\.m2\repository\org\bytedeco\flycapture\2.13.3.31-1.5.9\flycapture-2.13.3.31-1.5.9-windows-x86_64.jar;C:\Users\tranh\.m2\repository\org\bytedeco\libdc1394-platform\2.2.6-1.5.9\libdc1394-platform-2.2.6-1.5.9.jar;C:\Users\tranh\.m2\repository\org\bytedeco\libdc1394\2.2.6-1.5.9\libdc1394-2.2.6-1.5.9-linux-x86.jar;C:\Users\tranh\.m2\repository\org\bytedeco\libdc1394\2.2.6-1.5.9\libdc1394-2.2.6-1.5.9-linux-x86_64.jar;C:\Users\tranh\.m2\repository\org\bytedeco\libdc1394\2.2.6-1.5.9\libdc1394-2.2.6-1.5.9-linux-armhf.jar;C:\Users\tranh\.m2\repository\org\bytedeco\libdc1394\2.2.6-1.5.9\libdc1394-2.2.6-1.5.9-linux-arm64.jar;C:\Users\tranh\.m2\repository\org\bytedeco\libdc1394\2.2.6-1.5.9\libdc1394-2.2.6-1.5.9-linux-ppc64le.jar;C:\Users\tranh\.m2\repository\org\bytedeco\libdc1394\2.2.6-1.5.9\libdc1394-2.2.6-1.5.9-macosx-x86_64.jar;C:\Users\tranh\.m2\repository\org\bytedeco\libdc1394\2.2.6-1.5.9\libdc1394-2.2.6-1.5.9-windows-x86.jar;C:\Users\tranh\.m2\repository\org\bytedeco\libdc1394\2.2.6-1.5.9\libdc1394-2.2.6-1.5.9-windows-x86_64.jar;C:\Users\tranh\.m2\repository\org\bytedeco\libfreenect-platform\0.5.7-1.5.9\libfreenect-platform-0.5.7-1.5.9.jar;C:\Users\tranh\.m2\repository\org\bytedeco\libfreenect\0.5.7-1.5.9\libfreenect-0.5.7-1.5.9-linux-x86.jar;C:\Users\tranh\.m2\repository\org\bytedeco\libfreenect\0.5.7-1.5.9\libfreenect-0.5.7-1.5.9-linux-x86_64.jar;C:\Users\tranh\.m2\repository\org\bytedeco\libfreenect\0.5.7-1.5.9\libfreenect-0.5.7-1.5.9-linux-armhf.jar;C:\Users\tranh\.m2\repository\org\bytedeco\libfreenect\0.5.7-1.5.9\libfreenect-0.5.7-1.5.9-linux-arm64.jar;C:\Users\tranh\.m2\repository\org\bytedeco\libfreenect\0.5.7-1.5.9\libfreenect-0.5.7-1.5.9-linux-ppc64le.jar;C:\Users\tranh\.m2\repository\org\bytedeco\libfreenect\0.5.7-1.5.9\libfreenect-0.5.7-1.5.9-macosx-x86_64.jar;C:\Users\tranh\.m2\repository\org\bytedeco\libfreenect\0.5.7-1.5.9\libfreenect-0.5.7-1.5.9-windows-x86.jar;C:\Users\tranh\.m2\repository\org\bytedeco\libfreenect\0.5.7-1.5.9\libfreenect-0.5.7-1.5.9-windows-x86_64.jar;C:\Users\tranh\.m2\repository\org\bytedeco\libfreenect2-platform\0.2.0-1.5.9\libfreenect2-platform-0.2.0-1.5.9.jar;C:\Users\tranh\.m2\repository\org\bytedeco\libfreenect2\0.2.0-1.5.9\libfreenect2-0.2.0-1.5.9-linux-x86.jar;C:\Users\tranh\.m2\repository\org\bytedeco\libfreenect2\0.2.0-1.5.9\libfreenect2-0.2.0-1.5.9-linux-x86_64.jar;C:\Users\tranh\.m2\repository\org\bytedeco\libfreenect2\0.2.0-1.5.9\libfreenect2-0.2.0-1.5.9-macosx-x86_64.jar;C:\Users\tranh\.m2\repository\org\bytedeco\libfreenect2\0.2.0-1.5.9\libfreenect2-0.2.0-1.5.9-windows-x86_64.jar;C:\Users\tranh\.m2\repository\org\bytedeco\librealsense-platform\1.12.4-1.5.9\librealsense-platform-1.12.4-1.5.9.jar;C:\Users\tranh\.m2\repository\org\bytedeco\librealsense\1.12.4-1.5.9\librealsense-1.12.4-1.5.9-linux-armhf.jar;C:\Users\tranh\.m2\repository\org\bytedeco\librealsense\1.12.4-1.5.9\librealsense-1.12.4-1.5.9-linux-arm64.jar;C:\Users\tranh\.m2\repository\org\bytedeco\librealsense\1.12.4-1.5.9\librealsense-1.12.4-1.5.9-linux-x86.jar;C:\Users\tranh\.m2\repository\org\bytedeco\librealsense\1.12.4-1.5.9\librealsense-1.12.4-1.5.9-linux-x86_64.jar;C:\Users\tranh\.m2\repository\org\bytedeco\librealsense\1.12.4-1.5.9\librealsense-1.12.4-1.5.9-macosx-x86_64.jar;C:\Users\tranh\.m2\repository\org\bytedeco\librealsense\1.12.4-1.5.9\librealsense-1.12.4-1.5.9-windows-x86.jar;C:\Users\tranh\.m2\repository\org\bytedeco\librealsense\1.12.4-1.5.9\librealsense-1.12.4-1.5.9-windows-x86_64.jar;C:\Users\tranh\.m2\repository\org\bytedeco\librealsense2-platform\2.53.1-1.5.9\librealsense2-platform-2.53.1-1.5.9.jar;C:\Users\tranh\.m2\repository\org\bytedeco\librealsense2\2.53.1-1.5.9\librealsense2-2.53.1-1.5.9-linux-armhf.jar;C:\Users\tranh\.m2\repository\org\bytedeco\librealsense2\2.53.1-1.5.9\librealsense2-2.53.1-1.5.9-linux-arm64.jar;C:\Users\tranh\.m2\repository\org\bytedeco\librealsense2\2.53.1-1.5.9\librealsense2-2.53.1-1.5.9-linux-x86.jar;C:\Users\tranh\.m2\repository\org\bytedeco\librealsense2\2.53.1-1.5.9\librealsense2-2.53.1-1.5.9-linux-x86_64.jar;C:\Users\tranh\.m2\repository\org\bytedeco\librealsense2\2.53.1-1.5.9\librealsense2-2.53.1-1.5.9-macosx-x86_64.jar;C:\Users\tranh\.m2\repository\org\bytedeco\librealsense2\2.53.1-1.5.9\librealsense2-2.53.1-1.5.9-windows-x86.jar;C:\Users\tranh\.m2\repository\org\bytedeco\librealsense2\2.53.1-1.5.9\librealsense2-2.53.1-1.5.9-windows-x86_64.jar;C:\Users\tranh\.m2\repository\org\bytedeco\videoinput-platform\0.200-1.5.9\videoinput-platform-0.200-1.5.9.jar;C:\Users\tranh\.m2\repository\org\bytedeco\videoinput\0.200-1.5.9\videoinput-0.200-1.5.9-windows-x86.jar;C:\Users\tranh\.m2\repository\org\bytedeco\videoinput\0.200-1.5.9\videoinput-0.200-1.5.9-windows-x86_64.jar;C:\Users\tranh\.m2\repository\org\bytedeco\artoolkitplus-platform\2.3.1-1.5.9\artoolkitplus-platform-2.3.1-1.5.9.jar;C:\Users\tranh\.m2\repository\org\bytedeco\artoolkitplus\2.3.1-1.5.9\artoolkitplus-2.3.1-1.5.9-android-arm.jar;C:\Users\tranh\.m2\repository\org\bytedeco\artoolkitplus\2.3.1-1.5.9\artoolkitplus-2.3.1-1.5.9-android-arm64.jar;C:\Users\tranh\.m2\repository\org\bytedeco\artoolkitplus\2.3.1-1.5.9\artoolkitplus-2.3.1-1.5.9-android-x86.jar;C:\Users\tranh\.m2\repository\org\bytedeco\artoolkitplus\2.3.1-1.5.9\artoolkitplus-2.3.1-1.5.9-android-x86_64.jar;C:\Users\tranh\.m2\repository\org\bytedeco\artoolkitplus\2.3.1-1.5.9\artoolkitplus-2.3.1-1.5.9-linux-x86.jar;C:\Users\tranh\.m2\repository\org\bytedeco\artoolkitplus\2.3.1-1.5.9\artoolkitplus-2.3.1-1.5.9-linux-x86_64.jar;C:\Users\tranh\.m2\repository\org\bytedeco\artoolkitplus\2.3.1-1.5.9\artoolkitplus-2.3.1-1.5.9-linux-armhf.jar;C:\Users\tranh\.m2\repository\org\bytedeco\artoolkitplus\2.3.1-1.5.9\artoolkitplus-2.3.1-1.5.9-linux-arm64.jar;C:\Users\tranh\.m2\repository\org\bytedeco\artoolkitplus\2.3.1-1.5.9\artoolkitplus-2.3.1-1.5.9-linux-ppc64le.jar;C:\Users\tranh\.m2\repository\org\bytedeco\artoolkitplus\2.3.1-1.5.9\artoolkitplus-2.3.1-1.5.9-macosx-x86_64.jar;C:\Users\tranh\.m2\repository\org\bytedeco\artoolkitplus\2.3.1-1.5.9\artoolkitplus-2.3.1-1.5.9-windows-x86.jar;C:\Users\tranh\.m2\repository\org\bytedeco\artoolkitplus\2.3.1-1.5.9\artoolkitplus-2.3.1-1.5.9-windows-x86_64.jar;C:\Users\tranh\.m2\repository\org\bytedeco\leptonica-platform\1.83.0-1.5.9\leptonica-platform-1.83.0-1.5.9.jar;C:\Users\tranh\.m2\repository\org\bytedeco\leptonica\1.83.0-1.5.9\leptonica-1.83.0-1.5.9-android-arm.jar;C:\Users\tranh\.m2\repository\org\bytedeco\leptonica\1.83.0-1.5.9\leptonica-1.83.0-1.5.9-android-arm64.jar;C:\Users\tranh\.m2\repository\org\bytedeco\leptonica\1.83.0-1.5.9\leptonica-1.83.0-1.5.9-android-x86.jar;C:\Users\tranh\.m2\repository\org\bytedeco\leptonica\1.83.0-1.5.9\leptonica-1.83.0-1.5.9-android-x86_64.jar;C:\Users\tranh\.m2\repository\org\bytedeco\leptonica\1.83.0-1.5.9\leptonica-1.83.0-1.5.9-linux-x86.jar;C:\Users\tranh\.m2\repository\org\bytedeco\leptonica\1.83.0-1.5.9\leptonica-1.83.0-1.5.9-linux-x86_64.jar;C:\Users\tranh\.m2\repository\org\bytedeco\leptonica\1.83.0-1.5.9\leptonica-1.83.0-1.5.9-linux-armhf.jar;C:\Users\tranh\.m2\repository\org\bytedeco\leptonica\1.83.0-1.5.9\leptonica-1.83.0-1.5.9-linux-arm64.jar;C:\Users\tranh\.m2\repository\org\bytedeco\leptonica\1.83.0-1.5.9\leptonica-1.83.0-1.5.9-linux-ppc64le.jar;C:\Users\tranh\.m2\repository\org\bytedeco\leptonica\1.83.0-1.5.9\leptonica-1.83.0-1.5.9-macosx-arm64.jar;C:\Users\tranh\.m2\repository\org\bytedeco\leptonica\1.83.0-1.5.9\leptonica-1.83.0-1.5.9-macosx-x86_64.jar;C:\Users\tranh\.m2\repository\org\bytedeco\leptonica\1.83.0-1.5.9\leptonica-1.83.0-1.5.9-windows-x86.jar;C:\Users\tranh\.m2\repository\org\bytedeco\leptonica\1.83.0-1.5.9\leptonica-1.83.0-1.5.9-windows-x86_64.jar;C:\Users\tranh\.m2\repository\org\bytedeco\tesseract-platform\5.3.1-1.5.9\tesseract-platform-5.3.1-1.5.9.jar;C:\Users\tranh\.m2\repository\org\bytedeco\tesseract\5.3.1-1.5.9\tesseract-5.3.1-1.5.9-android-arm.jar;C:\Users\tranh\.m2\repository\org\bytedeco\tesseract\5.3.1-1.5.9\tesseract-5.3.1-1.5.9-android-arm64.jar;C:\Users\tranh\.m2\repository\org\bytedeco\tesseract\5.3.1-1.5.9\tesseract-5.3.1-1.5.9-android-x86.jar;C:\Users\tranh\.m2\repository\org\bytedeco\tesseract\5.3.1-1.5.9\tesseract-5.3.1-1.5.9-android-x86_64.jar;C:\Users\tranh\.m2\repository\org\bytedeco\tesseract\5.3.1-1.5.9\tesseract-5.3.1-1.5.9-linux-x86.jar;C:\Users\tranh\.m2\repository\org\bytedeco\tesseract\5.3.1-1.5.9\tesseract-5.3.1-1.5.9-linux-x86_64.jar;C:\Users\tranh\.m2\repository\org\bytedeco\tesseract\5.3.1-1.5.9\tesseract-5.3.1-1.5.9-linux-armhf.jar;C:\Users\tranh\.m2\repository\org\bytedeco\tesseract\5.3.1-1.5.9\tesseract-5.3.1-1.5.9-linux-arm64.jar;C:\Users\tranh\.m2\repository\org\bytedeco\tesseract\5.3.1-1.5.9\tesseract-5.3.1-1.5.9-linux-ppc64le.jar;C:\Users\tranh\.m2\repository\org\bytedeco\tesseract\5.3.1-1.5.9\tesseract-5.3.1-1.5.9-macosx-arm64.jar;C:\Users\tranh\.m2\repository\org\bytedeco\tesseract\5.3.1-1.5.9\tesseract-5.3.1-1.5.9-macosx-x86_64.jar;C:\Users\tranh\.m2\repository\org\bytedeco\tesseract\5.3.1-1.5.9\tesseract-5.3.1-1.5.9-windows-x86.jar;C:\Users\tranh\.m2\repository\org\bytedeco\tesseract\5.3.1-1.5.9\tesseract-5.3.1-1.5.9-windows-x86_64.jar;C:\Users\tranh\.m2\repository\org\bytedeco\ffmpeg-platform\6.0-1.5.9\ffmpeg-platform-6.0-1.5.9.jar;C:\Users\tranh\.m2\repository\org\bytedeco\javacpp-platform\1.5.9\javacpp-platform-1.5.9.jar;C:\Users\tranh\.m2\repository\org\bytedeco\javacpp\1.5.9\javacpp-1.5.9-android-arm.jar;C:\Users\tranh\.m2\repository\org\bytedeco\javacpp\1.5.9\javacpp-1.5.9-android-arm64.jar;C:\Users\tranh\.m2\repository\org\bytedeco\javacpp\1.5.9\javacpp-1.5.9-android-x86.jar;C:\Users\tranh\.m2\repository\org\bytedeco\javacpp\1.5.9\javacpp-1.5.9-android-x86_64.jar;C:\Users\tranh\.m2\repository\org\bytedeco\javacpp\1.5.9\javacpp-1.5.9-ios-arm64.jar;C:\Users\tranh\.m2\repository\org\bytedeco\javacpp\1.5.9\javacpp-1.5.9-ios-x86_64.jar;C:\Users\tranh\.m2\repository\org\bytedeco\javacpp\1.5.9\javacpp-1.5.9-linux-armhf.jar;C:\Users\tranh\.m2\repository\org\bytedeco\javacpp\1.5.9\javacpp-1.5.9-linux-arm64.jar;C:\Users\tranh\.m2\repository\org\bytedeco\javacpp\1.5.9\javacpp-1.5.9-linux-ppc64le.jar;C:\Users\tranh\.m2\repository\org\bytedeco\javacpp\1.5.9\javacpp-1.5.9-linux-x86.jar;C:\Users\tranh\.m2\repository\org\bytedeco\javacpp\1.5.9\javacpp-1.5.9-linux-x86_64.jar;C:\Users\tranh\.m2\repository\org\bytedeco\javacpp\1.5.9\javacpp-1.5.9-macosx-arm64.jar;C:\Users\tranh\.m2\repository\org\bytedeco\javacpp\1.5.9\javacpp-1.5.9-macosx-x86_64.jar;C:\Users\tranh\.m2\repository\org\bytedeco\javacpp\1.5.9\javacpp-1.5.9-windows-x86.jar;C:\Users\tranh\.m2\repository\org\bytedeco\javacpp\1.5.9\javacpp-1.5.9-windows-x86_64.jar;C:\Users\tranh\.m2\repository\org\bytedeco\ffmpeg\6.0-1.5.9\ffmpeg-6.0-1.5.9.jar;C:\Users\tranh\.m2\repository\org\bytedeco\ffmpeg\6.0-1.5.9\ffmpeg-6.0-1.5.9-android-arm.jar;C:\Users\tranh\.m2\repository\org\bytedeco\ffmpeg\6.0-1.5.9\ffmpeg-6.0-1.5.9-android-arm64.jar;C:\Users\tranh\.m2\repository\org\bytedeco\ffmpeg\6.0-1.5.9\ffmpeg-6.0-1.5.9-android-x86.jar;C:\Users\tranh\.m2\repository\org\bytedeco\ffmpeg\6.0-1.5.9\ffmpeg-6.0-1.5.9-android-x86_64.jar;C:\Users\tranh\.m2\repository\org\bytedeco\ffmpeg\6.0-1.5.9\ffmpeg-6.0-1.5.9-linux-x86.jar;C:\Users\tranh\.m2\repository\org\bytedeco\ffmpeg\6.0-1.5.9\ffmpeg-6.0-1.5.9-linux-x86_64.jar;C:\Users\tranh\.m2\repository\org\bytedeco\ffmpeg\6.0-1.5.9\ffmpeg-6.0-1.5.9-linux-armhf.jar;C:\Users\tranh\.m2\repository\org\bytedeco\ffmpeg\6.0-1.5.9\ffmpeg-6.0-1.5.9-linux-arm64.jar;C:\Users\tranh\.m2\repository\org\bytedeco\ffmpeg\6.0-1.5.9\ffmpeg-6.0-1.5.9-linux-ppc64le.jar;C:\Users\tranh\.m2\repository\org\bytedeco\ffmpeg\6.0-1.5.9\ffmpeg-6.0-1.5.9-macosx-arm64.jar;C:\Users\tranh\.m2\repository\org\bytedeco\ffmpeg\6.0-1.5.9\ffmpeg-6.0-1.5.9-macosx-x86_64.jar;C:\Users\tranh\.m2\repository\org\bytedeco\ffmpeg\6.0-1.5.9\ffmpeg-6.0-1.5.9-windows-x86.jar;C:\Users\tranh\.m2\repository\org\bytedeco\ffmpeg\6.0-1.5.9\ffmpeg-6.0-1.5.9-windows-x86_64.jar;C:\Users\tranh\.m2\repository\org\java-websocket\Java-WebSocket\1.5.2\Java-WebSocket-1.5.2.jar;C:\Users\tranh\.m2\repository\org\slf4j\slf4j-api\1.7.25\slf4j-api-1.7.25.jar;C:\Users\tranh\.m2\repository\org\slf4j\slf4j-simple\1.7.30\slf4j-simple-1.7.30.jar;C:\Users\tranh\.m2\repository\org\bytedeco\javacpp\1.5.9\javacpp-1.5.9.jar;C:\Users\tranh\.m2\repository\org\bytedeco\videoinput\0.200-1.5.9\videoinput-0.200-1.5.9.jar
Launcher Type: SUN_STANDARD

[Global flags]
     bool UseCompressedOops                        = true                           {product lp64_product} {ergonomic}
     bool UseLargePagesIndividualAllocation        = false                                  {pd product} {ergonomic}
     bool ShowCodeDetailsInExceptionMessages       = true                                   {manageable} {command line}
     intx CICompilerCount                          = 12                                        {product} {ergonomic}
   size_t MinHeapDeltaBytes                        = 2097152                                   {product} {ergonomic}
     bool SegmentedCodeCache                       = true                                      {product} {ergonomic}
    uintx ReservedCodeCacheSize                    = 251658240                              {pd product} {ergonomic}
    uintx NonProfiledCodeHeapSize                  = 122027880                              {pd product} {ergonomic}
    uintx ProfiledCodeHeapSize                     = 122027880                              {pd product} {ergonomic}
    uintx NonNMethodCodeHeapSize                   = 7602480                                {pd product} {ergonomic}
   size_t G1HeapRegionSize                         = 2097152                                   {product} {ergonomic}
     uint G1ConcRefinementThreads                  = 13                                        {product} {ergonomic}
     bool UseG1GC                                  = true                                      {product} {ergonomic}
     uint ConcGCThreads                            = 3                                         {product} {ergonomic}
   size_t MarkStackSize                            = 4194304                                   {product} {ergonomic}
   size_t MinHeapSize                              = 8388608                                   {product} {ergonomic}
   size_t InitialHeapSize                          = 260046848                                 {product} {ergonomic}
   size_t MaxHeapSize                              = 4139778048                                {product} {ergonomic}
   size_t SoftMaxHeapSize                          = 4139778048                             {manageable} {ergonomic}
   size_t MaxNewSize                               = 2483027968                                {product} {ergonomic}
    uintx GCDrainStackTargetSize                   = 64                                        {product} {ergonomic}

Logging:
Log output configuration:
 #0: stdout all=warning uptime,level,tags foldmultilines=false
 #1: stderr all=off uptime,level,tags foldmultilines=false

Environment Variables:
JAVA_HOME=C:\Program Files\Java\jdk-21
PATH=C:\Program Files\Common Files\Oracle\Java\javapath;C:\Windows\system32;C:\Windows;C:\Windows\System32\Wbem;C:\Windows\System32\WindowsPowerShell\v1.0\;C:\Windows\System32\OpenSSH\;C:\Program Files (x86)\NVIDIA Corporation\PhysX\Common;C:\WINDOWS\system32;C:\WINDOWS;C:\WINDOWS\System32\Wbem;C:\WINDOWS\System32\WindowsPowerShell\v1.0\;C:\WINDOWS\System32\OpenSSH\;C:\Program Files\dotnet\;C:\Users\tranh\OneDrive\Documents;C:\Program Files (x86)\Microsoft SQL Server\160\Tools\Binn\;C:\Program Files\Microsoft SQL Server\160\Tools\Binn\;C:\Program Files\Microsoft SQL Server\Client SDK\ODBC\170\Tools\Binn\;C:\Program Files\Microsoft SQL Server\160\DTS\Binn\;C:\Program Files (x86)\Microsoft SQL Server\150\DTS\Binn\;C:\Program Files\Azure Data Studio\bin;C:\xampp\php;C:\composer;C:\xampp\mysql\bin;C:\Program Files\nodejs\;C:\Program Files\Git\cmd;D:\;C:\Program Files\CMake\bin;C:\ProgramData\chocolatey\bin;C:\ProgramData\chocolatey\lib\maven\apache-maven-3.9.9\bin;C:\Users\tranh\AppData\Local\Programs\Python\Python312\Scripts\;C:\Users\tranh\AppData\Local\Programs\Python\Python312\;C:\Users\tranh\AppData\Local\Microsoft\WindowsApps;C:\Users\tranh\AppData\Local\Programs\Microsoft VS Code\bin;C:\Users\tranh\AppData\Roaming\Composer\vendor\bin;C:\Users\tranh\AppData\Roaming\npm;F:\IntelliJ IDEA Community Edition 2024.2.0.1\bin;D:\Program Files (x86)\Python312;;D:\Program Files (x86)\Python312;C:\Program Files\Docker\Docker\resources\bin;C:\Program Files\Common Files\Oracle\Java\javapath;C:\Windows\system32;C:\Windows;C:\Windows\System32\Wbem;C:\Windows\System32\WindowsPowerShell\v1.0\;C:\Windows\System32\OpenSSH\;C:\Program Files (x86)\NVIDIA Corporation\PhysX\Common;C:\WINDOWS\system32;C:\WINDOWS;C:\WINDOWS\System32\Wbem;C:\WINDOWS\System32\WindowsPowerShell\v1.0\;C:\WINDOWS\System32\OpenSSH\;C:\Program Files\dotnet\;C:\Users\tranh\OneDrive\Documents;C:\Program Files (x86)\Microsoft SQL Server\160\Tools\Binn\;C:\Program Files\Microsoft SQL Server\160\Tools\Binn\;C:\Program Files\Microsoft SQL Server\Client SDK\ODBC\170\Tools\Binn\;C:\Program Files\Microsoft SQL Server\160\DTS\Binn\;C:\Program Files (x86)\Microsoft SQL Server\150\DTS\Binn\;C:\Program Files\Azure Data Studio\bin;C:\xampp\php;C:\composer;C:\xampp\mysql\bin;C:\Program Files\nodejs\;C:\Program Files\Git\cmd;D:\;C:\Program Files\CMake\bin;C:\ProgramData\chocolatey\bin;C:\ProgramData\chocolatey\lib\maven\apache-maven-3.9.9\bin;C:\Users\tranh\AppData\Local\Programs\Python\Python312\Scripts\;C:\Users\tranh\AppData\Local\Programs\Python\Python312\;C:\Users\tranh\AppData\Local\Microsoft\WindowsApps;C:\Users\tranh\AppData\Local\Programs\Microsoft VS Code\bin;C:\Users\tranh\AppData\Roaming\Composer\vendor\bin;C:\Users\tranh\AppData\Roaming\npm;F:\IntelliJ IDEA Community Edition 2024.2.0.1\bin;D:\Program Files (x86)\Python312;;D:\Program Files (x86)\Python312;;D:\Program Files (x86)\Python312
USERNAME=tranh
LANG=en_US.UTF-8
OS=Windows_NT
PROCESSOR_IDENTIFIER=AMD64 Family 23 Model 96 Stepping 1, AuthenticAMD
TMP=C:\Users\tranh\AppData\Local\Temp
TEMP=C:\Users\tranh\AppData\Local\Temp




Periodic native trim disabled

---------------  S Y S T E M  ---------------

OS:
 Windows 11 , 64 bit Build 26100 (10.0.26100.2161)
OS uptime: 2 days 22:15 hours
Hyper-V role detected

CPU: total 16 (initial active 16) (16 cores per cpu, 2 threads per core) family 23 model 96 stepping 1 microcode 0x8600106, cx8, cmov, fxsr, ht, mmx, 3dnowpref, sse, sse2, sse3, ssse3, sse4a, sse4.1, sse4.2, popcnt, lzcnt, tsc, tscinvbit, avx, avx2, aes, clmul, bmi1, bmi2, adx, sha, fma, vzeroupper, clflush, clflushopt, hv, rdtscp, rdpid, f16c
Processor Information for all 16 processors :
  Max Mhz: 2901, Current Mhz: 2901, Mhz Limit: 2901

Memory: 4k page, system-wide physical 15791M (3500M free)
TotalPageFile size 31284M (AvailPageFile size 5M)
current process WorkingSet (physical memory assigned to process): 235M, peak: 268M
current process commit charge ("private bytes"): 4146M, peak: 4330M

vm_info: Java HotSpot(TM) 64-Bit Server VM (21.0.1+12-LTS-29) for windows-amd64 JRE (21.0.1+12-LTS-29), built on 2023-10-05T13:27:09Z by "mach5one" with MS VC++ 17.1 (VS2022)

END.
