#
# There is insufficient memory for the Java Runtime Environment to continue.
# Native memory allocation (mmap) failed to map 2097152 bytes for G1 virtual space
# Possible reasons:
#   The system is out of physical RAM or swap space
#   The process is running with CompressedOops enabled, and the Java Heap may be blocking the growth of the native heap
# Possible solutions:
#   Reduce memory load on the system
#   Increase physical memory or swap space
#   Check if swap backing store is full
#   Decrease Java heap size (-Xmx/-Xms)
#   Decrease number of Java threads
#   Decrease Java thread stack sizes (-Xss)
#   Set larger code cache with -XX:ReservedCodeCacheSize=
#   JVM is running with Zero Based Compressed Oops mode in which the Java heap is
#     placed in the first 32GB address space. The Java Heap base address is the
#     maximum limit for the native heap growth. Please use -XX:HeapBaseMinAddress
#     to set the Java Heap base and to place the Java Heap above 32GB virtual address.
# This output file may be truncated or incomplete.
#
#  Out of Memory Error (os_windows.cpp:3600), pid=17124, tid=11284
#
# JRE version: Java(TM) SE Runtime Environment (21.0.1+12) (build 21.0.1+12-LTS-29)
# Java VM: Java HotSpot(TM) 64-Bit Server VM (21.0.1+12-LTS-29, mixed mode, sharing, tiered, compressed oops, compressed class ptrs, g1 gc, windows-amd64)
# No core dump will be written. Minidumps are not enabled by default on client versions of Windows
#

---------------  S U M M A R Y ------------

Command Line: -javaagent:F:\IntelliJ IDEA Community Edition 2024.2.0.1\lib\idea_rt.jar=55932:F:\IntelliJ IDEA Community Edition 2024.2.0.1\bin -Dfile.encoding=UTF-8 -Dsun.stdout.encoding=UTF-8 -Dsun.stderr.encoding=UTF-8 org.example.client.LivestreamClient

Host: AMD Ryzen 7 4800H with Radeon Graphics         , 16 cores, 15G,  Windows 11 , 64 bit Build 26100 (10.0.26100.2454)
Time: Thu Dec 12 09:18:22 2024 SE Asia Standard Time elapsed time: 33.982754 seconds (0d 0h 0m 33s)

---------------  T H R E A D  ---------------

Current thread (0x0000027fa0cc1240):  WorkerThread "GC Thread#0"    [id=11284, stack(0x000000c588a00000,0x000000c588b00000) (1024K)]

Stack: [0x000000c588a00000,0x000000c588b00000]
Native frames: (J=compiled Java code, j=interpreted, Vv=VM code, C=native code)
V  [jvm.dll+0x6c9029]
V  [jvm.dll+0x854b81]
V  [jvm.dll+0x856e5e]
V  [jvm.dll+0x857543]
V  [jvm.dll+0x280c06]
V  [jvm.dll+0x6c5715]
V  [jvm.dll+0x6ba10a]
V  [jvm.dll+0x3557ea]
V  [jvm.dll+0x35d436]
V  [jvm.dll+0x3adebb]
V  [jvm.dll+0x3ae554]
V  [jvm.dll+0x3ae61d]
V  [jvm.dll+0x32a84c]
V  [jvm.dll+0x32a5a5]
V  [jvm.dll+0x31b086]
V  [jvm.dll+0x31beaa]
V  [jvm.dll+0x31c2a7]
V  [jvm.dll+0x31bda7]
V  [jvm.dll+0x357656]
V  [jvm.dll+0x3579c3]
V  [jvm.dll+0x358b1a]
V  [jvm.dll+0x358794]
V  [jvm.dll+0x36cac9]
V  [jvm.dll+0x36d19a]
V  [jvm.dll+0x36d297]
V  [jvm.dll+0x36e17b]
V  [jvm.dll+0x881f77]
V  [jvm.dll+0x7fd728]
V  [jvm.dll+0x6c777d]
C  [ucrtbase.dll+0x14ea0]
C  [KERNEL32.DLL+0x2e8d7]
C  [ntdll.dll+0xdfbcc]


---------------  P R O C E S S  ---------------

Threads class SMR info:
_java_thread_list=0x0000028009a08af0, length=25, elements={
0x0000027fc0962770, 0x0000027fc09651e0, 0x0000027fc0965c40, 0x0000027fc0966900,
0x0000027fc096a130, 0x00000280060021a0, 0x0000028006007590, 0x0000028006010470,
0x0000028006002830, 0x0000028006000df0, 0x0000028006002ec0, 0x0000028006000760,
0x0000028006003550, 0x0000028006001b10, 0x0000028006001480, 0x0000028007558130,
0x0000028007558e50, 0x00000280075587c0, 0x0000028007556060, 0x000002800755c960,
0x000002800755af20, 0x00000280075594e0, 0x0000028007559b70, 0x00000280075566f0,
0x000002800755a200
}

Java Threads: ( => current thread )
  0x0000027fc0962770 JavaThread "Reference Handler"          daemon [_thread_blocked, id=22764, stack(0x000000c589100000,0x000000c589200000) (1024K)]
  0x0000027fc09651e0 JavaThread "Finalizer"                  daemon [_thread_blocked, id=20712, stack(0x000000c589200000,0x000000c589300000) (1024K)]
  0x0000027fc0965c40 JavaThread "Signal Dispatcher"          daemon [_thread_blocked, id=17492, stack(0x000000c589300000,0x000000c589400000) (1024K)]
  0x0000027fc0966900 JavaThread "Attach Listener"            daemon [_thread_blocked, id=3100, stack(0x000000c589400000,0x000000c589500000) (1024K)]
  0x0000027fc096a130 JavaThread "Service Thread"             daemon [_thread_blocked, id=8836, stack(0x000000c589500000,0x000000c589600000) (1024K)]
  0x00000280060021a0 JavaThread "Monitor Deflation Thread"   daemon [_thread_blocked, id=16856, stack(0x000000c589600000,0x000000c589700000) (1024K)]
  0x0000028006007590 JavaThread "C2 CompilerThread0"         daemon [_thread_blocked, id=6624, stack(0x000000c589700000,0x000000c589800000) (1024K)]
  0x0000028006010470 JavaThread "C1 CompilerThread0"         daemon [_thread_blocked, id=22756, stack(0x000000c589800000,0x000000c589900000) (1024K)]
  0x0000028006002830 JavaThread "Common-Cleaner"             daemon [_thread_blocked, id=3396, stack(0x000000c589900000,0x000000c589a00000) (1024K)]
  0x0000028006000df0 JavaThread "Monitor Ctrl-Break"         daemon [_thread_in_native, id=18172, stack(0x000000c589c00000,0x000000c589d00000) (1024K)]
  0x0000028006002ec0 JavaThread "Notification Thread"        daemon [_thread_blocked, id=10808, stack(0x000000c589d00000,0x000000c589e00000) (1024K)]
  0x0000028006000760 JavaThread "Java2D Disposer"            daemon [_thread_blocked, id=10532, stack(0x000000c589e00000,0x000000c589f00000) (1024K)]
  0x0000028006003550 JavaThread "AWT-Shutdown"                      [_thread_blocked, id=15168, stack(0x000000c589f00000,0x000000c58a000000) (1024K)]
  0x0000028006001b10 JavaThread "AWT-Windows"                daemon [_thread_blocked, id=2212, stack(0x000000c58a000000,0x000000c58a100000) (1024K)]
  0x0000028006001480 JavaThread "AWT-EventQueue-0"                  [_thread_blocked, id=8280, stack(0x000000c58ad00000,0x000000c58ae00000) (1024K)]
  0x0000028007558130 JavaThread "Thread-0"                          [_thread_in_native, id=15196, stack(0x000000c58b100000,0x000000c58b200000) (1024K)]
  0x0000028007558e50 JavaThread "DestroyJavaVM"                     [_thread_blocked, id=19428, stack(0x000000c588900000,0x000000c588a00000) (1024K)]
  0x00000280075587c0 JavaThread "TimerQueue"                 daemon [_thread_blocked, id=16740, stack(0x000000c58b200000,0x000000c58b300000) (1024K)]
  0x0000028007556060 JavaThread "mysql-cj-abandoned-connection-cleanup" daemon [_thread_blocked, id=11000, stack(0x000000c589a00000,0x000000c589b00000) (1024K)]
  0x000002800755c960 JavaThread "Thread-4"                          [_thread_in_native, id=14816, stack(0x000000c58bc00000,0x000000c58bd00000) (1024K)]
  0x000002800755af20 JavaThread "JavaCPP Deallocator"        daemon [_thread_blocked, id=18332, stack(0x000000c58be00000,0x000000c58bf00000) (1024K)]
  0x00000280075594e0 JavaThread "Image Fetcher 0"            daemon [_thread_blocked, id=17380, stack(0x000000c589b00000,0x000000c589c00000) (1024K)]
  0x0000028007559b70 JavaThread "WebSocketConnectReadThread-65"        [_thread_in_native, id=6916, stack(0x000000c58a300000,0x000000c58a400000) (1024K)]
  0x00000280075566f0 JavaThread "WebSocketWriteThread-66"           [_thread_blocked, id=19192, stack(0x000000c58b600000,0x000000c58b700000) (1024K)]
  0x000002800755a200 JavaThread "connectionLostChecker-1"           [_thread_blocked, id=3140, stack(0x000000c58b700000,0x000000c58b800000) (1024K)]
Total: 25

Other Threads:
  0x0000027fc0945a30 VMThread "VM Thread"                           [id=4412, stack(0x000000c589000000,0x000000c589100000) (1024K)]
  0x0000027fc092d5a0 WatcherThread "VM Periodic Task Thread"        [id=11924, stack(0x000000c588f00000,0x000000c589000000) (1024K)]
=>0x0000027fa0cc1240 WorkerThread "GC Thread#0"                     [id=11284, stack(0x000000c588a00000,0x000000c588b00000) (1024K)]
  0x0000028006ea3510 WorkerThread "GC Thread#1"                     [id=20084, stack(0x000000c58a400000,0x000000c58a500000) (1024K)]
  0x0000028006ede6b0 WorkerThread "GC Thread#2"                     [id=21148, stack(0x000000c58a500000,0x000000c58a600000) (1024K)]
  0x0000028006edea50 WorkerThread "GC Thread#3"                     [id=1116, stack(0x000000c58a600000,0x000000c58a700000) (1024K)]
  0x0000028006f0e390 WorkerThread "GC Thread#4"                     [id=3440, stack(0x000000c58a700000,0x000000c58a800000) (1024K)]
  0x0000028006f4bac0 WorkerThread "GC Thread#5"                     [id=16056, stack(0x000000c58a800000,0x000000c58a900000) (1024K)]
  0x0000028006f8d390 WorkerThread "GC Thread#6"                     [id=5888, stack(0x000000c58a900000,0x000000c58aa00000) (1024K)]
  0x0000028006f8d730 WorkerThread "GC Thread#7"                     [id=12336, stack(0x000000c58aa00000,0x000000c58ab00000) (1024K)]
  0x0000028006f8dad0 WorkerThread "GC Thread#8"                     [id=11480, stack(0x000000c58ab00000,0x000000c58ac00000) (1024K)]
  0x000002800924dcb0 WorkerThread "GC Thread#9"                     [id=21016, stack(0x000000c58ac00000,0x000000c58ad00000) (1024K)]
  0x000002800924e050 WorkerThread "GC Thread#10"                    [id=2612, stack(0x000000c58b300000,0x000000c58b400000) (1024K)]
  0x000002800924e3f0 WorkerThread "GC Thread#11"                    [id=22260, stack(0x000000c58b400000,0x000000c58b500000) (1024K)]
  0x000002800924e790 WorkerThread "GC Thread#12"                    [id=6592, stack(0x000000c58b500000,0x000000c58b600000) (1024K)]
  0x0000027fa0cd18e0 ConcurrentGCThread "G1 Main Marker"            [id=9276, stack(0x000000c588b00000,0x000000c588c00000) (1024K)]
  0x0000027fa0cd23e0 WorkerThread "G1 Conc#0"                       [id=12428, stack(0x000000c588c00000,0x000000c588d00000) (1024K)]
  0x000002800924d1d0 WorkerThread "G1 Conc#1"                       [id=9428, stack(0x000000c58a100000,0x000000c58a200000) (1024K)]
  0x0000028007211740 WorkerThread "G1 Conc#2"                       [id=21676, stack(0x000000c58a200000,0x000000c58a300000) (1024K)]
  0x0000027fc07f2270 ConcurrentGCThread "G1 Refine#0"               [id=21312, stack(0x000000c588d00000,0x000000c588e00000) (1024K)]
  0x0000027fc07f4aa0 ConcurrentGCThread "G1 Service"                [id=15132, stack(0x000000c588e00000,0x000000c588f00000) (1024K)]
Total: 21

Threads with active compile tasks:
Total: 0

VM state: at safepoint (normal execution)

VM Mutex/Monitor currently owned by a thread:  ([mutex/lock_event])
[0x00007ffc50148078] FreeList_lock - owner thread: 0x0000027fa0cc1240
[0x00007ffc5014a5f8] Threads_lock - owner thread: 0x0000027fc0945a30
[0x00007ffc5014a6f8] Heap_lock - owner thread: 0x0000028006001480

Heap address: 0x0000000709400000, size: 3948 MB, Compressed Oops mode: Zero based, Oop shift amount: 3

CDS archive(s) mapped at: [0x0000027fc1000000-0x0000027fc1c90000-0x0000027fc1c90000), size 13172736, SharedBaseAddress: 0x0000027fc1000000, ArchiveRelocationMode: 1.
Compressed class space mapped at: 0x0000027fc2000000-0x0000028002000000, reserved size: 1073741824
Narrow klass base: 0x0000027fc1000000, Narrow klass shift: 0, Narrow klass range: 0x100000000

GC Precious Log:
 CardTable entry size: 512
 Card Set container configuration: InlinePtr #cards 4 size 8 Array Of Cards #cards 16 size 48 Howl #buckets 8 coarsen threshold 3686 Howl Bitmap #cards 512 size 80 coarsen threshold 460 Card regions per heap region 1 cards per card region 4096
 CPUs: 16 total, 16 available
 Memory: 15791M
 Large Page Support: Disabled
 NUMA Support: Disabled
 Compressed Oops: Enabled (Zero based)
 Heap Region Size: 2M
 Heap Min Capacity: 8M
 Heap Initial Capacity: 248M
 Heap Max Capacity: 3948M
 Pre-touch: Disabled
 Parallel Workers: 13
 Concurrent Workers: 3
 Concurrent Refinement Workers: 13
 Periodic GC: Disabled

Heap:
 garbage-first heap   total 102400K, used 97277K [0x0000000709400000, 0x0000000800000000)
  region size 2048K, 4 young (8192K), 2 survivors (4096K)
 Metaspace       used 30435K, committed 30720K, reserved 1114112K
  class space    used 2907K, committed 3072K, reserved 1048576K

Heap Regions: E=young(eden), S=young(survivor), O=old, HS=humongous(starts), HC=humongous(continues), CS=collection set, F=free, TAMS=top-at-mark-start, PB=parsable bottom
|   0|0x0000000709400000, 0x0000000709600000, 0x0000000709600000|100%| O|  |TAMS 0x0000000709400000| PB 0x0000000709400000| Untracked 
|   1|0x0000000709600000, 0x0000000709800000, 0x0000000709800000|100%| O|  |TAMS 0x0000000709600000| PB 0x0000000709600000| Untracked 
|   2|0x0000000709800000, 0x0000000709a00000, 0x0000000709a00000|100%| O|  |TAMS 0x0000000709800000| PB 0x0000000709800000| Untracked 
|   3|0x0000000709a00000, 0x0000000709c00000, 0x0000000709c00000|100%|HS|  |TAMS 0x0000000709a00000| PB 0x0000000709a00000| Complete 
|   4|0x0000000709c00000, 0x0000000709e00000, 0x0000000709e00000|100%| O|  |TAMS 0x0000000709c00000| PB 0x0000000709c00000| Untracked 
|   5|0x0000000709e00000, 0x000000070a000000, 0x000000070a000000|100%| O|  |TAMS 0x0000000709e00000| PB 0x0000000709e00000| Untracked 
|   6|0x000000070a000000, 0x000000070a200000, 0x000000070a200000|100%| O|Cm|TAMS 0x000000070a000000| PB 0x000000070a000000| Complete 
|   7|0x000000070a200000, 0x000000070a400000, 0x000000070a400000|100%|HS|  |TAMS 0x000000070a200000| PB 0x000000070a200000| Complete 
|   8|0x000000070a400000, 0x000000070a600000, 0x000000070a600000|100%|HS|  |TAMS 0x000000070a400000| PB 0x000000070a400000| Complete 
|   9|0x000000070a600000, 0x000000070a800000, 0x000000070a800000|100%|HS|  |TAMS 0x000000070a600000| PB 0x000000070a600000| Complete 
|  10|0x000000070a800000, 0x000000070aa00000, 0x000000070aa00000|100%|HS|  |TAMS 0x000000070a800000| PB 0x000000070a800000| Complete 
|  11|0x000000070aa00000, 0x000000070ac00000, 0x000000070ac00000|100%|HS|  |TAMS 0x000000070aa00000| PB 0x000000070aa00000| Complete 
|  12|0x000000070ac00000, 0x000000070ae00000, 0x000000070ae00000|100%|HS|  |TAMS 0x000000070ac00000| PB 0x000000070ac00000| Complete 
|  13|0x000000070ae00000, 0x000000070b000000, 0x000000070b000000|100%|HS|  |TAMS 0x000000070ae00000| PB 0x000000070ae00000| Complete 
|  14|0x000000070b000000, 0x000000070b200000, 0x000000070b200000|100%|HS|  |TAMS 0x000000070b000000| PB 0x000000070b000000| Complete 
|  15|0x000000070b200000, 0x000000070b400000, 0x000000070b400000|100%|HS|  |TAMS 0x000000070b200000| PB 0x000000070b200000| Complete 
|  16|0x000000070b400000, 0x000000070b600000, 0x000000070b600000|100%|HS|  |TAMS 0x000000070b400000| PB 0x000000070b400000| Complete 
|  17|0x000000070b600000, 0x000000070b800000, 0x000000070b800000|100%| O|  |TAMS 0x000000070b600000| PB 0x000000070b600000| Untracked 
|  18|0x000000070b800000, 0x000000070ba00000, 0x000000070ba00000|100%|HS|  |TAMS 0x000000070b800000| PB 0x000000070b800000| Complete 
|  19|0x000000070ba00000, 0x000000070bc00000, 0x000000070bc00000|100%|HS|  |TAMS 0x000000070ba00000| PB 0x000000070ba00000| Complete 
|  20|0x000000070bc00000, 0x000000070be00000, 0x000000070be00000|100%|HS|  |TAMS 0x000000070bc00000| PB 0x000000070bc00000| Complete 
|  21|0x000000070be00000, 0x000000070c000000, 0x000000070c000000|100%|HS|  |TAMS 0x000000070be00000| PB 0x000000070be00000| Complete 
|  22|0x000000070c000000, 0x000000070c200000, 0x000000070c200000|100%|HS|  |TAMS 0x000000070c000000| PB 0x000000070c000000| Complete 
|  23|0x000000070c200000, 0x000000070c400000, 0x000000070c400000|100%| O|  |TAMS 0x000000070c200000| PB 0x000000070c200000| Untracked 
|  24|0x000000070c400000, 0x000000070c600000, 0x000000070c600000|100%| O|  |TAMS 0x000000070c400000| PB 0x000000070c400000| Untracked 
|  25|0x000000070c600000, 0x000000070c800000, 0x000000070c800000|100%|HS|  |TAMS 0x000000070c600000| PB 0x000000070c600000| Complete 
|  26|0x000000070c800000, 0x000000070ca00000, 0x000000070ca00000|100%|HS|  |TAMS 0x000000070c800000| PB 0x000000070c800000| Complete 
|  27|0x000000070ca00000, 0x000000070cc00000, 0x000000070cc00000|100%| E|CS|TAMS 0x000000070ca00000| PB 0x000000070ca00000| Complete 
|  28|0x000000070cc00000, 0x000000070ce00000, 0x000000070ce00000|100%| E|CS|TAMS 0x000000070cc00000| PB 0x000000070cc00000| Complete 
|  29|0x000000070ce00000, 0x000000070d000000, 0x000000070d000000|100%| E|CS|TAMS 0x000000070ce00000| PB 0x000000070ce00000| Complete 
|  30|0x000000070d000000, 0x000000070d200000, 0x000000070d200000|100%|HS|  |TAMS 0x000000070d000000| PB 0x000000070d000000| Complete 
|  31|0x000000070d200000, 0x000000070d400000, 0x000000070d400000|100%|HS|  |TAMS 0x000000070d200000| PB 0x000000070d200000| Complete 
|  32|0x000000070d400000, 0x000000070d600000, 0x000000070d600000|100%|HS|  |TAMS 0x000000070d400000| PB 0x000000070d400000| Complete 
|  33|0x000000070d600000, 0x000000070d800000, 0x000000070d800000|100%|HS|  |TAMS 0x000000070d600000| PB 0x000000070d600000| Complete 
|  34|0x000000070d800000, 0x000000070da00000, 0x000000070da00000|100%|HS|  |TAMS 0x000000070d800000| PB 0x000000070d800000| Complete 
|  35|0x000000070da00000, 0x000000070dc00000, 0x000000070dc00000|100%|HS|  |TAMS 0x000000070da00000| PB 0x000000070da00000| Complete 
|  36|0x000000070dc00000, 0x000000070de00000, 0x000000070de00000|100%|HS|  |TAMS 0x000000070dc00000| PB 0x000000070dc00000| Complete 
|  37|0x000000070de00000, 0x000000070e000000, 0x000000070e000000|100%|HS|  |TAMS 0x000000070de00000| PB 0x000000070de00000| Complete 
|  38|0x000000070e000000, 0x000000070e200000, 0x000000070e200000|100%|HS|  |TAMS 0x000000070e000000| PB 0x000000070e000000| Complete 
|  39|0x000000070e200000, 0x000000070e400000, 0x000000070e400000|100%|HS|  |TAMS 0x000000070e200000| PB 0x000000070e200000| Complete 
|  40|0x000000070e400000, 0x000000070e600000, 0x000000070e600000|100%|HS|  |TAMS 0x000000070e400000| PB 0x000000070e400000| Complete 
|  41|0x000000070e600000, 0x000000070e800000, 0x000000070e800000|100%|HS|  |TAMS 0x000000070e600000| PB 0x000000070e600000| Complete 
|  42|0x000000070e800000, 0x000000070ea00000, 0x000000070ea00000|100%|HS|  |TAMS 0x000000070e800000| PB 0x000000070e800000| Complete 
|  43|0x000000070ea00000, 0x000000070ec00000, 0x000000070ec00000|100%|HS|  |TAMS 0x000000070ea00000| PB 0x000000070ea00000| Complete 
|  44|0x000000070ec00000, 0x000000070ee00000, 0x000000070ee00000|100%|HS|  |TAMS 0x000000070ec00000| PB 0x000000070ec00000| Complete 
|  45|0x000000070ee00000, 0x000000070f000000, 0x000000070f000000|100%|HS|  |TAMS 0x000000070ee00000| PB 0x000000070ee00000| Complete 
|  46|0x000000070f000000, 0x000000070f200000, 0x000000070f200000|100%| S|  |TAMS 0x000000070f000000| PB 0x000000070f000000| Complete 
|  47|0x000000070f200000, 0x000000070f400000, 0x000000070f400000|100%| S|  |TAMS 0x000000070f200000| PB 0x000000070f200000| Complete 
| 118|0x0000000718000000, 0x0000000718200000, 0x0000000718200000|100%| E|CS|TAMS 0x0000000718000000| PB 0x0000000718000000| Complete 
| 123|0x0000000718a00000, 0x0000000718c00000, 0x0000000718c00000|100%| E|CS|TAMS 0x0000000718a00000| PB 0x0000000718a00000| Complete 

Card table byte_map: [0x0000027fb98c0000,0x0000027fba080000] _byte_map_base: 0x0000027fb6076000

Marking Bits: (CMBitMap*) 0x0000027fa0cc1940
 Bits: [0x0000027fba080000, 0x0000027fbde30000)

Polling page: 0x0000027f9f3a0000

Metaspace:

Usage:
  Non-class:     26.88 MB used.
      Class:      2.84 MB used.
       Both:     29.72 MB used.

Virtual space:
  Non-class space:       64.00 MB reserved,      27.00 MB ( 42%) committed,  1 nodes.
      Class space:        1.00 GB reserved,       3.00 MB ( <1%) committed,  1 nodes.
             Both:        1.06 GB reserved,      30.00 MB (  3%) committed. 

Chunk freelists:
   Non-Class:  4.57 MB
       Class:  12.95 MB
        Both:  17.52 MB

MaxMetaspaceSize: unlimited
CompressedClassSpaceSize: 1.00 GB
Initial GC threshold: 21.00 MB
Current GC threshold: 50.00 MB
CDS: on
 - commit_granule_bytes: 65536.
 - commit_granule_words: 8192.
 - virtual_space_node_default_size: 8388608.
 - enlarge_chunks_in_place: 1.
 - use_allocation_guard: 0.


Internal statistics:

num_allocs_failed_limit: 5.
num_arena_births: 288.
num_arena_deaths: 0.
num_vsnodes_births: 2.
num_vsnodes_deaths: 0.
num_space_committed: 478.
num_space_uncommitted: 0.
num_chunks_returned_to_freelist: 5.
num_chunks_taken_from_freelist: 769.
num_chunk_merges: 0.
num_chunk_splits: 531.
num_chunks_enlarged: 379.
num_inconsistent_stats: 0.

CodeHeap 'non-profiled nmethods': size=119168Kb used=1704Kb max_used=1798Kb free=117463Kb
 bounds [0x0000027fb0cf0000, 0x0000027fb0f60000, 0x0000027fb8150000]
CodeHeap 'profiled nmethods': size=119104Kb used=7363Kb max_used=8045Kb free=111741Kb
 bounds [0x0000027fa9150000, 0x0000027fa9930000, 0x0000027fb05a0000]
CodeHeap 'non-nmethods': size=7488Kb used=2555Kb max_used=3334Kb free=4932Kb
 bounds [0x0000027fb05a0000, 0x0000027fb08f0000, 0x0000027fb0cf0000]
 total_blobs=4807 nmethods=3448 adapters=1263
 compilation: enabled
              stopped_count=0, restarted_count=0
 full_count=0

Compilation events (20 events):
Event: 33.968 Thread 0x0000028006010470 3772       3       java.awt.Container::createChildHierarchyEvents (76 bytes)
Event: 33.968 Thread 0x0000028006010470 nmethod 3772 0x0000027fa92cb910 code [0x0000027fa92cbb60, 0x0000027fa92cc3b8]
Event: 33.970 Thread 0x0000028006010470 3773       1       java.awt.image.BufferedImage::getType (5 bytes)
Event: 33.970 Thread 0x0000028006010470 nmethod 3773 0x0000027fb0d6e510 code [0x0000027fb0d6e6a0, 0x0000027fb0d6e768]
Event: 33.971 Thread 0x0000028006010470 3774       3       javax.swing.text.AbstractDocument$AbstractElement::getAttributes (2 bytes)
Event: 33.971 Thread 0x0000028006010470 nmethod 3774 0x0000027fa9604090 code [0x0000027fa9604220, 0x0000027fa9604330]
Event: 33.971 Thread 0x0000028006010470 3775       3       java.awt.Component::location_NoClientCode (16 bytes)
Event: 33.971 Thread 0x0000028006010470 nmethod 3775 0x0000027fa91dcd10 code [0x0000027fa91dcec0, 0x0000027fa91dd158]
Event: 33.972 Thread 0x0000028006010470 3776       1       sun.awt.windows.WToolkit::needUpdateWindow (2 bytes)
Event: 33.972 Thread 0x0000028006010470 nmethod 3776 0x0000027fb0d6e210 code [0x0000027fb0d6e3a0, 0x0000027fb0d6e468]
Event: 33.978 Thread 0x0000028006010470 3777   !   3       javax.imageio.stream.ImageInputStreamImpl::mark (35 bytes)
Event: 33.979 Thread 0x0000028006010470 nmethod 3777 0x0000027fa91bce90 code [0x0000027fa91bd180, 0x0000027fa91be5a8]
Event: 33.979 Thread 0x0000028006010470 3778       3       javax.imageio.stream.ImageInputStreamImpl::getBitOffset (9 bytes)
Event: 33.979 Thread 0x0000028006010470 nmethod 3778 0x0000027fa93caa90 code [0x0000027fa93cac40, 0x0000027fa93caeb8]
Event: 33.979 Thread 0x0000028006010470 3779       3       javax.imageio.stream.ImageInputStreamImpl::reset (70 bytes)
Event: 33.980 Thread 0x0000028006010470 nmethod 3779 0x0000027fa94fe090 code [0x0000027fa94fe300, 0x0000027fa94feef8]
Event: 33.980 Thread 0x0000028006010470 3780       3       java.util.Stack::empty (13 bytes)
Event: 33.980 Thread 0x0000028006010470 nmethod 3780 0x0000027fa91ec190 code [0x0000027fa91ec340, 0x0000027fa91ec620]
Event: 33.980 Thread 0x0000028006010470 3781       3       javax.imageio.stream.ImageInputStreamImpl::setBitOffset (30 bytes)
Event: 33.980 Thread 0x0000028006010470 nmethod 3781 0x0000027fa95e4b10 code [0x0000027fa95e4ce0, 0x0000027fa95e50a0]

GC Heap History (20 events):
Event: 0.732 GC heap after
{Heap after GC invocations=1 (full 0):
 garbage-first heap   total 253952K, used 9354K [0x0000000709400000, 0x0000000800000000)
  region size 2048K, 2 young (4096K), 2 survivors (4096K)
 Metaspace       used 5849K, committed 6016K, reserved 1114112K
  class space    used 607K, committed 704K, reserved 1048576K
}
Event: 13.515 GC heap before
{Heap before GC invocations=1 (full 0):
 garbage-first heap   total 253952K, used 29834K [0x0000000709400000, 0x0000000800000000)
  region size 2048K, 12 young (24576K), 2 survivors (4096K)
 Metaspace       used 14558K, committed 14784K, reserved 1114112K
  class space    used 1530K, committed 1664K, reserved 1048576K
}
Event: 13.519 GC heap after
{Heap after GC invocations=2 (full 0):
 garbage-first heap   total 253952K, used 16172K [0x0000000709400000, 0x0000000800000000)
  region size 2048K, 2 young (4096K), 2 survivors (4096K)
 Metaspace       used 14558K, committed 14784K, reserved 1114112K
  class space    used 1530K, committed 1664K, reserved 1048576K
}
Event: 24.455 GC heap before
{Heap before GC invocations=2 (full 0):
 garbage-first heap   total 253952K, used 22316K [0x0000000709400000, 0x0000000800000000)
  region size 2048K, 7 young (14336K), 2 survivors (4096K)
 Metaspace       used 21274K, committed 21504K, reserved 1114112K
  class space    used 2331K, committed 2432K, reserved 1048576K
}
Event: 24.460 GC heap after
{Heap after GC invocations=3 (full 0):
 garbage-first heap   total 253952K, used 17241K [0x0000000709400000, 0x0000000800000000)
  region size 2048K, 1 young (2048K), 1 survivors (2048K)
 Metaspace       used 21274K, committed 21504K, reserved 1114112K
  class space    used 2331K, committed 2432K, reserved 1048576K
}
Event: 25.766 GC heap before
{Heap before GC invocations=4 (full 0):
 garbage-first heap   total 69632K, used 68441K [0x0000000709400000, 0x0000000800000000)
  region size 2048K, 20 young (40960K), 1 survivors (2048K)
 Metaspace       used 23424K, committed 23744K, reserved 1114112K
  class space    used 2541K, committed 2688K, reserved 1048576K
}
Event: 25.768 GC heap after
{Heap after GC invocations=5 (full 0):
 garbage-first heap   total 71680K, used 29838K [0x0000000709400000, 0x0000000800000000)
  region size 2048K, 1 young (2048K), 1 survivors (2048K)
 Metaspace       used 23424K, committed 23744K, reserved 1114112K
  class space    used 2541K, committed 2688K, reserved 1048576K
}
Event: 25.946 GC heap before
{Heap before GC invocations=5 (full 0):
 garbage-first heap   total 71680K, used 58510K [0x0000000709400000, 0x0000000800000000)
  region size 2048K, 13 young (26624K), 1 survivors (2048K)
 Metaspace       used 27611K, committed 27904K, reserved 1114112K
  class space    used 2569K, committed 2688K, reserved 1048576K
}
Event: 25.949 GC heap after
{Heap after GC invocations=6 (full 0):
 garbage-first heap   total 71680K, used 29897K [0x0000000709400000, 0x0000000800000000)
  region size 2048K, 1 young (2048K), 1 survivors (2048K)
 Metaspace       used 27611K, committed 27904K, reserved 1114112K
  class space    used 2569K, committed 2688K, reserved 1048576K
}
Event: 26.041 GC heap before
{Heap before GC invocations=6 (full 0):
 garbage-first heap   total 71680K, used 56521K [0x0000000709400000, 0x0000000800000000)
  region size 2048K, 14 young (28672K), 1 survivors (2048K)
 Metaspace       used 27614K, committed 27904K, reserved 1114112K
  class space    used 2569K, committed 2688K, reserved 1048576K
}
Event: 26.042 GC heap after
{Heap after GC invocations=7 (full 0):
 garbage-first heap   total 71680K, used 29960K [0x0000000709400000, 0x0000000800000000)
  region size 2048K, 1 young (2048K), 1 survivors (2048K)
 Metaspace       used 27614K, committed 27904K, reserved 1114112K
  class space    used 2569K, committed 2688K, reserved 1048576K
}
Event: 26.129 GC heap before
{Heap before GC invocations=7 (full 0):
 garbage-first heap   total 71680K, used 60680K [0x0000000709400000, 0x0000000800000000)
  region size 2048K, 16 young (32768K), 1 survivors (2048K)
 Metaspace       used 27619K, committed 27904K, reserved 1114112K
  class space    used 2569K, committed 2688K, reserved 1048576K
}
Event: 26.130 GC heap after
{Heap after GC invocations=8 (full 0):
 garbage-first heap   total 71680K, used 30027K [0x0000000709400000, 0x0000000800000000)
  region size 2048K, 1 young (2048K), 1 survivors (2048K)
 Metaspace       used 27619K, committed 27904K, reserved 1114112K
  class space    used 2569K, committed 2688K, reserved 1048576K
}
Event: 26.217 GC heap before
{Heap before GC invocations=8 (full 0):
 garbage-first heap   total 71680K, used 62795K [0x0000000709400000, 0x0000000800000000)
  region size 2048K, 17 young (34816K), 1 survivors (2048K)
 Metaspace       used 27624K, committed 27904K, reserved 1114112K
  class space    used 2569K, committed 2688K, reserved 1048576K
}
Event: 26.219 GC heap after
{Heap after GC invocations=9 (full 0):
 garbage-first heap   total 88064K, used 30006K [0x0000000709400000, 0x0000000800000000)
  region size 2048K, 1 young (2048K), 1 survivors (2048K)
 Metaspace       used 27624K, committed 27904K, reserved 1114112K
  class space    used 2569K, committed 2688K, reserved 1048576K
}
Event: 32.451 GC heap before
{Heap before GC invocations=9 (full 0):
 garbage-first heap   total 88064K, used 77110K [0x0000000709400000, 0x0000000800000000)
  region size 2048K, 25 young (51200K), 1 survivors (2048K)
 Metaspace       used 30316K, committed 30592K, reserved 1114112K
  class space    used 2906K, committed 3008K, reserved 1048576K
}
Event: 32.454 GC heap after
{Heap after GC invocations=10 (full 0):
 garbage-first heap   total 88064K, used 36458K [0x0000000709400000, 0x0000000800000000)
  region size 2048K, 4 young (8192K), 4 survivors (8192K)
 Metaspace       used 30316K, committed 30592K, reserved 1114112K
  class space    used 2906K, committed 3008K, reserved 1048576K
}
Event: 33.793 GC heap before
{Heap before GC invocations=10 (full 0):
 garbage-first heap   total 88064K, used 69226K [0x0000000709400000, 0x0000000800000000)
  region size 2048K, 17 young (34816K), 4 survivors (8192K)
 Metaspace       used 30377K, committed 30656K, reserved 1114112K
  class space    used 2907K, committed 3072K, reserved 1048576K
}
Event: 33.795 GC heap after
{Heap after GC invocations=11 (full 0):
 garbage-first heap   total 88064K, used 48125K [0x0000000709400000, 0x0000000800000000)
  region size 2048K, 3 young (6144K), 3 survivors (6144K)
 Metaspace       used 30377K, committed 30656K, reserved 1114112K
  class space    used 2907K, committed 3072K, reserved 1048576K
}
Event: 33.980 GC heap before
{Heap before GC invocations=12 (full 0):
 garbage-first heap   total 98304K, used 97277K [0x0000000709400000, 0x0000000800000000)
  region size 2048K, 5 young (10240K), 3 survivors (6144K)
 Metaspace       used 30435K, committed 30720K, reserved 1114112K
  class space    used 2907K, committed 3072K, reserved 1048576K
}

Dll operation events (20 events):
Event: 25.784 Loaded shared library C:\Users\tranh\.javacpp\cache\javacpp-1.5.9-windows-x86_64.jar\org\bytedeco\javacpp\windows-x86_64\api-ms-win-core-interlocked-l1-1-0.dll
Event: 25.788 Loaded shared library C:\Users\tranh\.javacpp\cache\javacpp-1.5.9-windows-x86_64.jar\org\bytedeco\javacpp\windows-x86_64\ucrtbase.dll
Event: 25.793 Loaded shared library C:\Users\tranh\.javacpp\cache\javacpp-1.5.9-windows-x86_64.jar\org\bytedeco\javacpp\windows-x86_64\vcruntime140.dll
Event: 25.797 Loaded shared library C:\Users\tranh\.javacpp\cache\javacpp-1.5.9-windows-x86_64.jar\org\bytedeco\javacpp\windows-x86_64\vcruntime140_1.dll
Event: 25.802 Loaded shared library C:\Users\tranh\.javacpp\cache\javacpp-1.5.9-windows-x86_64.jar\org\bytedeco\javacpp\windows-x86_64\msvcp140.dll
Event: 25.807 Loaded shared library C:\Users\tranh\.javacpp\cache\javacpp-1.5.9-windows-x86_64.jar\org\bytedeco\javacpp\windows-x86_64\msvcp140_1.dll
Event: 25.812 Loaded shared library C:\Users\tranh\.javacpp\cache\javacpp-1.5.9-windows-x86_64.jar\org\bytedeco\javacpp\windows-x86_64\concrt140.dll
Event: 25.817 Loaded shared library C:\Users\tranh\.javacpp\cache\javacpp-1.5.9-windows-x86_64.jar\org\bytedeco\javacpp\windows-x86_64\vcomp140.dll
Event: 25.822 Loaded shared library C:\Users\tranh\.javacpp\cache\javacpp-1.5.9-windows-x86_64.jar\org\bytedeco\javacpp\windows-x86_64\jnijavacpp.dll
Event: 25.863 Loaded shared library C:\Users\tranh\.javacpp\cache\openblas-0.3.23-1.5.9-windows-x86_64.jar\org\bytedeco\openblas\windows-x86_64\libopenblas_nolapack.dll
Event: 25.875 Loaded shared library C:\Users\tranh\.javacpp\cache\openblas-0.3.23-1.5.9-windows-x86_64.jar\org\bytedeco\openblas\windows-x86_64\jniopenblas_nolapack.dll
Event: 25.923 Loaded shared library C:\Users\tranh\.javacpp\cache\openblas-0.3.23-1.5.9-windows-x86_64.jar\org\bytedeco\openblas\windows-x86_64\libopenblas.dll
Event: 25.934 Loaded shared library C:\Users\tranh\.javacpp\cache\openblas-0.3.23-1.5.9-windows-x86_64.jar\org\bytedeco\openblas\windows-x86_64\jniopenblas.dll
Event: 26.223 Loaded shared library C:\Users\tranh\.javacpp\cache\opencv-4.5.1-1.5.5-windows-x86_64.jar\org\bytedeco\opencv\windows-x86_64\opencv_core451.dll
Event: 26.239 Loaded shared library C:\Users\tranh\.javacpp\cache\opencv-4.5.1-1.5.5-windows-x86_64.jar\org\bytedeco\opencv\windows-x86_64\opencv_imgproc451.dll
Event: 26.253 Loaded shared library C:\Users\tranh\.javacpp\cache\opencv-4.5.1-1.5.5-windows-x86_64.jar\org\bytedeco\opencv\windows-x86_64\jniopencv_core.dll
Event: 26.318 Loaded shared library C:\Windows\System32\ole32.dll
Event: 26.319 Loaded shared library C:\Windows\System32\oleaut32.dll
Event: 26.333 Loaded shared library C:\Users\tranh\.javacpp\cache\videoinput-0.200-1.5.9-windows-x86_64.jar\org\bytedeco\videoinput\windows-x86_64\jnivideoInputLib.dll
Event: 26.480 Loaded shared library C:\Program Files\Java\jdk-21\bin\javajpeg.dll

Deoptimization events (20 events):
Event: 31.689 Thread 0x0000028006001480 Uncommon trap: trap_request=0xffffff45 fr.pc=0x0000027fb0e9d650 relative=0x0000000000000550
Event: 31.689 Thread 0x0000028006001480 Uncommon trap: reason=unstable_if action=reinterpret pc=0x0000027fb0e9d650 method=sun.awt.image.ByteComponentRaster.verify()V @ 188 c2
Event: 31.689 Thread 0x0000028006001480 DEOPT PACKING pc=0x0000027fb0e9d650 sp=0x000000c58adfea00
Event: 31.689 Thread 0x0000028006001480 DEOPT UNPACKING pc=0x0000027fb05f46a2 sp=0x000000c58adfe968 mode 2
Event: 31.690 Thread 0x0000028006001480 Uncommon trap: trap_request=0xffffff45 fr.pc=0x0000027fb0e9b118 relative=0x0000000000000838
Event: 31.690 Thread 0x0000028006001480 Uncommon trap: reason=unstable_if action=reinterpret pc=0x0000027fb0e9b118 method=sun.awt.image.ByteInterleavedRaster.getByteData(IIII[B)[B @ 97 c2
Event: 31.690 Thread 0x0000028006001480 DEOPT PACKING pc=0x0000027fb0e9b118 sp=0x000000c58adfe1f0
Event: 31.690 Thread 0x0000028006001480 DEOPT UNPACKING pc=0x0000027fb05f46a2 sp=0x000000c58adfe160 mode 2
Event: 31.794 Thread 0x0000028007559b70 DEOPT PACKING pc=0x0000027fa98f5f67 sp=0x000000c58a3fe960
Event: 31.794 Thread 0x0000028007559b70 DEOPT UNPACKING pc=0x0000027fb05f4e42 sp=0x000000c58a3fdde8 mode 0
Event: 32.012 Thread 0x0000028007559b70 DEOPT PACKING pc=0x0000027fa98f5f67 sp=0x000000c58a3fe960
Event: 32.012 Thread 0x0000028007559b70 DEOPT UNPACKING pc=0x0000027fb05f4e42 sp=0x000000c58a3fdde8 mode 0
Event: 32.122 Thread 0x0000028007559b70 DEOPT PACKING pc=0x0000027fa98f5f67 sp=0x000000c58a3fe960
Event: 32.122 Thread 0x0000028007559b70 DEOPT UNPACKING pc=0x0000027fb05f4e42 sp=0x000000c58a3fdde8 mode 0
Event: 32.340 Thread 0x0000028007559b70 DEOPT PACKING pc=0x0000027fa98f5f67 sp=0x000000c58a3fe960
Event: 32.340 Thread 0x0000028007559b70 DEOPT UNPACKING pc=0x0000027fb05f4e42 sp=0x000000c58a3fdde8 mode 0
Event: 32.449 Thread 0x0000028007559b70 DEOPT PACKING pc=0x0000027fa98f5f67 sp=0x000000c58a3fe960
Event: 32.449 Thread 0x0000028007559b70 DEOPT UNPACKING pc=0x0000027fb05f4e42 sp=0x000000c58a3fdde8 mode 0
Event: 32.779 Thread 0x0000028007559b70 DEOPT PACKING pc=0x0000027fa990420f sp=0x000000c58a3febf0
Event: 32.779 Thread 0x0000028007559b70 DEOPT UNPACKING pc=0x0000027fb05f4e42 sp=0x000000c58a3fe0c0 mode 0

Classes loaded (20 events):
Event: 31.687 Loading class com/sun/imageio/plugins/jpeg/JPEGImageReader$CallBackLock$State
Event: 31.687 Loading class com/sun/imageio/plugins/jpeg/JPEGImageReader$CallBackLock$State done
Event: 31.687 Loading class com/sun/imageio/plugins/jpeg/JPEGImageReader$JPEGReaderDisposerRecord
Event: 31.687 Loading class com/sun/imageio/plugins/jpeg/JPEGImageReader$JPEGReaderDisposerRecord done
Event: 31.687 Loading class javax/imageio/plugins/jpeg/JPEGImageReadParam
Event: 31.688 Loading class javax/imageio/ImageReadParam
Event: 31.688 Loading class javax/imageio/IIOParam
Event: 31.688 Loading class javax/imageio/IIOParam done
Event: 31.688 Loading class javax/imageio/ImageReadParam done
Event: 31.688 Loading class javax/imageio/plugins/jpeg/JPEGImageReadParam done
Event: 31.688 Loading class com/sun/imageio/plugins/jpeg/ImageTypeProducer
Event: 31.689 Loading class com/sun/imageio/plugins/jpeg/ImageTypeProducer done
Event: 31.689 Loading class com/sun/imageio/plugins/jpeg/ImageTypeIterator
Event: 31.689 Loading class com/sun/imageio/plugins/jpeg/ImageTypeIterator done
Event: 31.689 Loading class sun/awt/image/ShortComponentRaster
Event: 31.689 Loading class sun/awt/image/ShortComponentRaster done
Event: 33.749 Loading class sun/awt/windows/WComponentPeer$1
Event: 33.749 Loading class sun/awt/windows/WComponentPeer$1 done
Event: 33.753 Loading class sun/java2d/opengl/OGLSurfaceData
Event: 33.753 Loading class sun/java2d/opengl/OGLSurfaceData done

Classes unloaded (0 events):
No events

Classes redefined (0 events):
No events

Internal exceptions (20 events):
Event: 13.351 Thread 0x0000028006001480 Exception <a 'java/lang/NoSuchMethodError'{0x0000000718001b48}: 'java.lang.Object java.lang.invoke.DirectMethodHandle$Holder.invokeVirtual(java.lang.Object, java.lang.Object, java.lang.Object)'> (0x0000000718001b48) 
thrown [s\open\src\hotspot\share\interpreter\linkResolver.cpp, line 773]
Event: 13.483 Thread 0x0000028006001480 Exception <a 'java/lang/NoSuchMethodError'{0x00000007179628c0}: 'void java.lang.invoke.DirectMethodHandle$Holder.invokeStaticInit(java.lang.Object, java.lang.Object)'> (0x00000007179628c0) 
thrown [s\open\src\hotspot\share\interpreter\linkResolver.cpp, line 773]
Event: 13.538 Thread 0x0000028006001480 Exception <a 'sun/nio/fs/WindowsException'{0x0000000718b4b970}> (0x0000000718b4b970) 
thrown [s\open\src\hotspot\share\prims\jni.cpp, line 520]
Event: 13.572 Thread 0x0000028006001480 Exception <a 'java/lang/NoSuchMethodError'{0x0000000718bf9348}: 'java.lang.Object java.lang.invoke.DirectMethodHandle$Holder.invokeStaticInit(java.lang.Object, int, int, int, int)'> (0x0000000718bf9348) 
thrown [s\open\src\hotspot\share\interpreter\linkResolver.cpp, line 773]
Event: 13.588 Thread 0x0000028006001480 Exception <a 'java/lang/NoSuchMethodError'{0x00000007188bd070}: 'java.lang.Object java.lang.invoke.DirectMethodHandle$Holder.invokeStaticInit(java.lang.Object, java.lang.Object, int, int, int, int)'> (0x00000007188bd070) 
thrown [s\open\src\hotspot\share\interpreter\linkResolver.cpp, line 773]
Event: 13.781 Thread 0x0000028006001480 Exception <a 'java/io/IOException'{0x000000071822db68}> (0x000000071822db68) 
thrown [s\open\src\hotspot\share\prims\jni.cpp, line 520]
Event: 13.782 Thread 0x0000028006001480 Exception <a 'java/lang/NoSuchMethodError'{0x0000000718231630}: 'void java.lang.invoke.DirectMethodHandle$Holder.invokeInterface(java.lang.Object, java.lang.Object)'> (0x0000000718231630) 
thrown [s\open\src\hotspot\share\interpreter\linkResolver.cpp, line 773]
Event: 23.643 Thread 0x00000280075594e0 Implicit null exception at 0x0000027fb0d5dc0b to 0x0000027fb0d5fca0
Event: 23.675 Thread 0x0000028006001480 Exception <a 'java/lang/NoSuchMethodError'{0x0000000718313d08}: 'int java.lang.invoke.DirectMethodHandle$Holder.invokeStatic(java.lang.Object)'> (0x0000000718313d08) 
thrown [s\open\src\hotspot\share\interpreter\linkResolver.cpp, line 773]
Event: 25.369 Thread 0x0000028006001480 Exception <a 'java/lang/NoSuchMethodError'{0x0000000718a42df8}: 'java.lang.Object java.lang.invoke.DirectMethodHandle$Holder.invokeSpecial(java.lang.Object, java.lang.Object, int, int, int, int)'> (0x0000000718a42df8) 
thrown [s\open\src\hotspot\share\interpreter\linkResolver.cpp, line 773]
Event: 25.369 Thread 0x0000028006001480 Exception <a 'java/lang/NoSuchMethodError'{0x0000000718a461b8}: 'java.lang.Object java.lang.invoke.Invokers$Holder.linkToTargetMethod(int, int, int, int, java.lang.Object)'> (0x0000000718a461b8) 
thrown [s\open\src\hotspot\share\interpreter\linkResolver.cpp, line 773]
Event: 25.373 Thread 0x0000028006001480 Exception <a 'java/lang/NoSuchMethodError'{0x0000000718bd9258}: 'java.lang.Object java.lang.invoke.DirectMethodHandle$Holder.invokeSpecial(java.lang.Object, java.lang.Object, java.lang.Object, java.lang.Object, java.lang.Object, java.lang.Object, int)'> (0x0000000718bd9258) 
thrown [s\open\src\hotspot\share\interpreter\linkResolver.cpp, line 773]
Event: 25.567 Thread 0x0000028006001480 Exception <a 'java/lang/NoSuchMethodError'{0x000000070cb35518}: 'void java.lang.invoke.DirectMethodHandle$Holder.invokeStatic(java.lang.Object, int, java.lang.Object)'> (0x000000070cb35518) 
thrown [s\open\src\hotspot\share\interpreter\linkResolver.cpp, line 773]
Event: 25.568 Thread 0x0000028006001480 Exception <a 'java/lang/NoSuchMethodError'{0x000000070cb3ade8}: 'java.lang.Object java.lang.invoke.DirectMethodHandle$Holder.newInvokeSpecial(java.lang.Object, int, java.lang.Object)'> (0x000000070cb3ade8) 
thrown [s\open\src\hotspot\share\interpreter\linkResolver.cpp, line 773]
Event: 25.571 Thread 0x000002800755c960 Exception <a 'java/lang/NoSuchMethodError'{0x000000070c803b68}: 'java.lang.Object java.lang.invoke.DirectMethodHandle$Holder.newInvokeSpecial(java.lang.Object, java.lang.Object, int, java.lang.Object)'> (0x000000070c803b68) 
thrown [s\open\src\hotspot\share\interpreter\linkResolver.cpp, line 773]
Event: 25.571 Thread 0x000002800755c960 Exception <a 'java/lang/NoSuchMethodError'{0x000000070c807cb0}: 'java.lang.Object java.lang.invoke.DirectMethodHandle$Holder.invokeSpecial(java.lang.Object, java.lang.Object, java.lang.Object, int, java.lang.Object)'> (0x000000070c807cb0) 
thrown [s\open\src\hotspot\share\interpreter\linkResolver.cpp, line 773]
Event: 25.571 Thread 0x000002800755c960 Exception <a 'java/lang/NoSuchMethodError'{0x000000070c80b360}: 'java.lang.Object java.lang.invoke.Invokers$Holder.invoke_MT(java.lang.Object, java.lang.Object, int, java.lang.Object, java.lang.Object)'> (0x000000070c80b360) 
thrown [s\open\src\hotspot\share\interpreter\linkResolver.cpp, line 773]
Event: 25.592 Thread 0x000002800755a200 Exception <a 'java/lang/NoSuchMethodError'{0x000000070c9746c0}: 'int java.lang.invoke.DirectMethodHandle$Holder.invokeStaticInit(java.lang.Object, java.lang.Object, java.lang.Object, java.lang.Object)'> (0x000000070c9746c0) 
thrown [s\open\src\hotspot\share\interpreter\linkResolver.cpp, line 773]
Event: 25.593 Thread 0x000002800755a200 Exception <a 'java/lang/IncompatibleClassChangeError'{0x000000070c97c698}: Found class java.lang.Object, but interface was expected> (0x000000070c97c698) 
thrown [s\open\src\hotspot\share\interpreter\linkResolver.cpp, line 840]
Event: 25.594 Thread 0x000002800755a200 Exception <a 'java/lang/NoSuchMethodError'{0x000000070c981198}: 'int java.lang.invoke.DirectMethodHandle$Holder.invokeStaticInit(java.lang.Object, java.lang.Object)'> (0x000000070c981198) 
thrown [s\open\src\hotspot\share\interpreter\linkResolver.cpp, line 773]

ZGC Phase Switch (0 events):
No events

VM Operations (20 events):
Event: 27.221 Executing VM operation: Cleanup done
Event: 28.222 Executing VM operation: Cleanup
Event: 28.222 Executing VM operation: Cleanup done
Event: 30.234 Executing VM operation: Cleanup
Event: 30.234 Executing VM operation: Cleanup done
Event: 31.242 Executing VM operation: Cleanup
Event: 31.243 Executing VM operation: Cleanup done
Event: 32.251 Executing VM operation: Cleanup
Event: 32.252 Executing VM operation: Cleanup done
Event: 32.451 Executing VM operation: G1CollectForAllocation (G1 Evacuation Pause)
Event: 32.454 Executing VM operation: G1CollectForAllocation (G1 Evacuation Pause) done
Event: 33.457 Executing VM operation: Cleanup
Event: 33.458 Executing VM operation: Cleanup done
Event: 33.793 Executing VM operation: G1TryInitiateConcMark (G1 Humongous Allocation)
Event: 33.795 Executing VM operation: G1TryInitiateConcMark (G1 Humongous Allocation) done
Event: 33.799 Executing VM operation: G1PauseRemark
Event: 33.801 Executing VM operation: G1PauseRemark done
Event: 33.803 Executing VM operation: G1PauseCleanup
Event: 33.803 Executing VM operation: G1PauseCleanup done
Event: 33.980 Executing VM operation: G1CollectForAllocation (G1 Evacuation Pause)

Events (20 events):
Event: 33.801 Thread 0x0000027fc0945a30 flushing nmethod 0x0000027fb0d39e10
Event: 33.801 Thread 0x0000027fc0945a30 flushing nmethod 0x0000027fb0d43a10
Event: 33.801 Thread 0x0000027fc0945a30 flushing nmethod 0x0000027fb0d3ee90
Event: 33.801 Thread 0x0000027fc0945a30 flushing nmethod 0x0000027fb0d05090
Event: 33.801 Thread 0x0000027fc0945a30 flushing nmethod 0x0000027fb0d1ae10
Event: 33.801 Thread 0x0000027fc0945a30 flushing nmethod 0x0000027fb0d3ff90
Event: 33.801 Thread 0x0000027fc0945a30 flushing nmethod 0x0000027fb0d22310
Event: 33.801 Thread 0x0000027fc0945a30 flushing nmethod 0x0000027fb0d21610
Event: 33.801 Thread 0x0000027fc0945a30 flushing nmethod 0x0000027fb0d02110
Event: 33.801 Thread 0x0000027fc0945a30 flushing nmethod 0x0000027fb0d34d90
Event: 33.801 Thread 0x0000027fc0945a30 flushing nmethod 0x0000027fb0d14490
Event: 33.801 Thread 0x0000027fc0945a30 flushing nmethod 0x0000027fb0d13910
Event: 33.801 Thread 0x0000027fc0945a30 flushing nmethod 0x0000027fb0d0e390
Event: 33.801 Thread 0x0000027fc0945a30 flushing nmethod 0x0000027fb0d00d10
Event: 33.801 Thread 0x0000027fc0945a30 flushing nmethod 0x0000027fb0cf3a10
Event: 33.801 Thread 0x0000027fc0945a30 flushing nmethod 0x0000027fb0cf3710
Event: 33.801 Thread 0x0000027fc0945a30 flushing nmethod 0x0000027fb0cf3190
Event: 33.801 Thread 0x0000027fc0945a30 flushing nmethod 0x0000027fb0d06d10
Event: 33.801 Thread 0x0000027fc0945a30 flushing nmethod 0x0000027fb0cf1490
Event: 33.801 Thread 0x0000027fc0945a30 flushing nmethod 0x0000027fb0cf0a10


Dynamic libraries:
0x00007ff661440000 - 0x00007ff661450000 	C:\Program Files\Java\jdk-21\bin\java.exe
0x00007ffcb80c0000 - 0x00007ffcb8323000 	C:\WINDOWS\SYSTEM32\ntdll.dll
0x00007ffcb6020000 - 0x00007ffcb60e8000 	C:\WINDOWS\System32\KERNEL32.DLL
0x00007ffcb5890000 - 0x00007ffcb5c42000 	C:\WINDOWS\System32\KERNELBASE.dll
0x00007ffcb5da0000 - 0x00007ffcb5eeb000 	C:\WINDOWS\System32\ucrtbase.dll
0x00007ffcb02f0000 - 0x00007ffcb030b000 	C:\Program Files\Java\jdk-21\bin\VCRUNTIME140.dll
0x00007ffcb0680000 - 0x00007ffcb0699000 	C:\Program Files\Java\jdk-21\bin\jli.dll
0x00007ffcb5f20000 - 0x00007ffcb5fd4000 	C:\WINDOWS\System32\ADVAPI32.dll
0x00007ffcb6670000 - 0x00007ffcb6719000 	C:\WINDOWS\System32\msvcrt.dll
0x00007ffcb6f00000 - 0x00007ffcb6fa6000 	C:\WINDOWS\System32\sechost.dll
0x00007ffcb7950000 - 0x00007ffcb7a66000 	C:\WINDOWS\System32\RPCRT4.dll
0x00007ffcb7a70000 - 0x00007ffcb7c38000 	C:\WINDOWS\System32\USER32.dll
0x00007ffcb5ef0000 - 0x00007ffcb5f17000 	C:\WINDOWS\System32\win32u.dll
0x00007ffc9fd00000 - 0x00007ffc9ff90000 	C:\WINDOWS\WinSxS\amd64_microsoft.windows.common-controls_6595b64144ccf1df_6.0.26100.2454_none_3e0b68a2e331ad60\COMCTL32.dll
0x00007ffcb7df0000 - 0x00007ffcb7e1a000 	C:\WINDOWS\System32\GDI32.dll
0x00007ffcb5530000 - 0x00007ffcb565b000 	C:\WINDOWS\System32\gdi32full.dll
0x00007ffcb5660000 - 0x00007ffcb5703000 	C:\WINDOWS\System32\msvcp_win.dll
0x00007ffcab3f0000 - 0x00007ffcab3fb000 	C:\WINDOWS\SYSTEM32\VERSION.dll
0x00007ffcb5fe0000 - 0x00007ffcb600f000 	C:\WINDOWS\System32\IMM32.DLL
0x00007ffcb0670000 - 0x00007ffcb067c000 	C:\Program Files\Java\jdk-21\bin\vcruntime140_1.dll
0x00007ffcacde0000 - 0x00007ffcace6e000 	C:\Program Files\Java\jdk-21\bin\msvcp140.dll
0x00007ffc4f510000 - 0x00007ffc50225000 	C:\Program Files\Java\jdk-21\bin\server\jvm.dll
0x00007ffcb78d0000 - 0x00007ffcb7944000 	C:\WINDOWS\System32\WS2_32.dll
0x00007ffcb5270000 - 0x00007ffcb52be000 	C:\WINDOWS\SYSTEM32\POWRPROF.dll
0x00007ffcaafe0000 - 0x00007ffcab016000 	C:\WINDOWS\SYSTEM32\WINMM.dll
0x00007ffcb5140000 - 0x00007ffcb5154000 	C:\WINDOWS\SYSTEM32\UMPDC.dll
0x00007ffcb42d0000 - 0x00007ffcb42ea000 	C:\WINDOWS\SYSTEM32\kernel.appcore.dll
0x00007ffcb02e0000 - 0x00007ffcb02ea000 	C:\Program Files\Java\jdk-21\bin\jimage.dll
0x00007ffcb2d00000 - 0x00007ffcb2f41000 	C:\WINDOWS\SYSTEM32\DBGHELP.DLL
0x00007ffcb61f0000 - 0x00007ffcb656e000 	C:\WINDOWS\System32\combase.dll
0x00007ffcb6110000 - 0x00007ffcb61e6000 	C:\WINDOWS\System32\OLEAUT32.dll
0x00007ffc99530000 - 0x00007ffc99569000 	C:\WINDOWS\SYSTEM32\dbgcore.DLL
0x00007ffcb5490000 - 0x00007ffcb5529000 	C:\WINDOWS\System32\bcryptPrimitives.dll
0x00007ffcac860000 - 0x00007ffcac86f000 	C:\Program Files\Java\jdk-21\bin\instrument.dll
0x00007ffcaf1c0000 - 0x00007ffcaf1df000 	C:\Program Files\Java\jdk-21\bin\java.dll
0x00007ffcb71c0000 - 0x00007ffcb78c0000 	C:\WINDOWS\System32\SHELL32.dll
0x00007ffcb3170000 - 0x00007ffcb39a1000 	C:\WINDOWS\SYSTEM32\windows.storage.dll
0x00007ffcb6590000 - 0x00007ffcb666a000 	C:\WINDOWS\System32\SHCORE.dll
0x00007ffcb6ea0000 - 0x00007ffcb6efd000 	C:\WINDOWS\System32\shlwapi.dll
0x00007ffcb53a0000 - 0x00007ffcb53ce000 	C:\WINDOWS\SYSTEM32\profapi.dll
0x00007ffc976e0000 - 0x00007ffc977b7000 	C:\Program Files\Java\jdk-21\bin\jsvml.dll
0x00007ffcac8d0000 - 0x00007ffcac8e8000 	C:\Program Files\Java\jdk-21\bin\zip.dll
0x00007ffcaceb0000 - 0x00007ffcacec0000 	C:\Program Files\Java\jdk-21\bin\net.dll
0x00007ffcb07a0000 - 0x00007ffcb08c6000 	C:\WINDOWS\SYSTEM32\WINHTTP.dll
0x00007ffcb47d0000 - 0x00007ffcb4838000 	C:\WINDOWS\system32\mswsock.dll
0x00007ffcacd70000 - 0x00007ffcacd86000 	C:\Program Files\Java\jdk-21\bin\nio.dll
0x00007ffca77d0000 - 0x00007ffca77ea000 	F:\IntelliJ IDEA Community Edition 2024.2.0.1\bin\breakgen64.dll
0x00007ffcac850000 - 0x00007ffcac857000 	C:\Program Files\Java\jdk-21\bin\extnet.dll
0x00007ffc724f0000 - 0x00007ffc7267f000 	C:\Program Files\Java\jdk-21\bin\awt.dll
0x00007ffcaf120000 - 0x00007ffcaf1bc000 	C:\WINDOWS\SYSTEM32\apphelp.dll
0x00007ffcb2710000 - 0x00007ffcb273e000 	C:\WINDOWS\system32\DWMAPI.DLL
0x00007ffcb23c0000 - 0x00007ffcb246d000 	C:\WINDOWS\system32\uxtheme.dll
0x00007ffc60650000 - 0x00007ffc6075c000 	C:\WINDOWS\system32\opengl32.dll
0x00007ffc752a0000 - 0x00007ffc752cd000 	C:\WINDOWS\SYSTEM32\GLU32.dll
0x00007ffcb2510000 - 0x00007ffcb2557000 	C:\WINDOWS\SYSTEM32\dxcore.dll
0x00007ffcb6fb0000 - 0x00007ffcb710c000 	C:\WINDOWS\System32\MSCTF.dll
0x00007ffcb6d00000 - 0x00007ffcb6e99000 	C:\WINDOWS\System32\ole32.dll
0x00007ffc71fa0000 - 0x00007ffc72027000 	C:\Program Files\Java\jdk-21\bin\freetype.dll
0x00007ffc622b0000 - 0x00007ffc62383000 	C:\Program Files\Java\jdk-21\bin\fontmanager.dll
0x00007ffcb6730000 - 0x00007ffcb67d8000 	C:\WINDOWS\System32\clbcatq.dll
0x00007ffcb20b0000 - 0x00007ffcb22de000 	C:\WINDOWS\SYSTEM32\WindowsCodecs.dll
0x00007ffca1960000 - 0x00007ffca19ba000 	C:\WINDOWS\system32\dataexchange.dll
0x00007ffcaa8c0000 - 0x00007ffcaaaf7000 	C:\WINDOWS\system32\twinapi.appcore.dll
0x00007ffc92a70000 - 0x00007ffc92bb6000 	C:\WINDOWS\SYSTEM32\textinputframework.dll
0x00007ffcaeab0000 - 0x00007ffcaebd5000 	C:\WINDOWS\SYSTEM32\CoreMessaging.dll
0x00007ffcab5c0000 - 0x00007ffcab8a3000 	C:\WINDOWS\SYSTEM32\CoreUIComponents.dll
0x00007ffcb0e20000 - 0x00007ffcb0f88000 	C:\WINDOWS\SYSTEM32\wintypes.dll
0x00007ffcb4a70000 - 0x00007ffcb4a7c000 	C:\WINDOWS\SYSTEM32\CRYPTBASE.DLL
0x00007ffcb4a80000 - 0x00007ffcb4a9c000 	C:\WINDOWS\SYSTEM32\CRYPTSP.dll
0x00007ffcb4230000 - 0x00007ffcb4268000 	C:\WINDOWS\system32\rsaenh.dll
0x00007ffcb4870000 - 0x00007ffcb489b000 	C:\WINDOWS\SYSTEM32\USERENV.dll
0x00007ffcb4cb0000 - 0x00007ffcb4cd6000 	C:\WINDOWS\SYSTEM32\bcrypt.dll
0x00007ffcb3d10000 - 0x00007ffcb3d42000 	C:\WINDOWS\SYSTEM32\IPHLPAPI.DLL
0x00007ffcb7ea0000 - 0x00007ffcb7eaa000 	C:\WINDOWS\System32\NSI.dll
0x00007ffcac880000 - 0x00007ffcac88e000 	C:\Program Files\Java\jdk-21\bin\sunmscapi.dll
0x00007ffcb5710000 - 0x00007ffcb5886000 	C:\WINDOWS\System32\CRYPT32.dll
0x00007ffcb4c70000 - 0x00007ffcb4ca0000 	C:\WINDOWS\SYSTEM32\ncrypt.dll
0x00007ffcb4c20000 - 0x00007ffcb4c5f000 	C:\WINDOWS\SYSTEM32\NTASN1.dll
0x00007ffc93be0000 - 0x00007ffc93bf8000 	C:\WINDOWS\system32\napinsp.dll
0x00007ffcb3db0000 - 0x00007ffcb3ed5000 	C:\WINDOWS\SYSTEM32\DNSAPI.dll
0x00007ffc93290000 - 0x00007ffc932a2000 	C:\WINDOWS\System32\winrnr.dll
0x00007ffc93260000 - 0x00007ffc93282000 	C:\WINDOWS\system32\nlansp_c.dll
0x00007ffcae410000 - 0x00007ffcae426000 	C:\WINDOWS\system32\wshbth.dll
0x00007ffcb03a0000 - 0x00007ffcb03ab000 	C:\Windows\System32\rasadhlp.dll
0x00007ffcb0bd0000 - 0x00007ffcb0c55000 	C:\WINDOWS\System32\fwpuclnt.dll
0x00007ffcaace0000 - 0x00007ffcaacf0000 	C:\Program Files\Java\jdk-21\bin\verify.dll
0x0000028007e90000 - 0x0000028007e94000 	C:\Users\tranh\.javacpp\cache\javacpp-1.5.9-windows-x86_64.jar\org\bytedeco\javacpp\windows-x86_64\api-ms-win-crt-locale-l1-1-0.dll
0x00000280088b0000 - 0x00000280088b5000 	C:\Users\tranh\.javacpp\cache\javacpp-1.5.9-windows-x86_64.jar\org\bytedeco\javacpp\windows-x86_64\api-ms-win-crt-string-l1-1-0.dll
0x00000280088c0000 - 0x00000280088c5000 	C:\Users\tranh\.javacpp\cache\javacpp-1.5.9-windows-x86_64.jar\org\bytedeco\javacpp\windows-x86_64\api-ms-win-crt-stdio-l1-1-0.dll
0x00000280088d0000 - 0x00000280088d6000 	C:\Users\tranh\.javacpp\cache\javacpp-1.5.9-windows-x86_64.jar\org\bytedeco\javacpp\windows-x86_64\api-ms-win-crt-math-l1-1-0.dll
0x00000280088e0000 - 0x00000280088e4000 	C:\Users\tranh\.javacpp\cache\javacpp-1.5.9-windows-x86_64.jar\org\bytedeco\javacpp\windows-x86_64\api-ms-win-crt-heap-l1-1-0.dll
0x00000280088f0000 - 0x00000280088f5000 	C:\Users\tranh\.javacpp\cache\javacpp-1.5.9-windows-x86_64.jar\org\bytedeco\javacpp\windows-x86_64\api-ms-win-crt-runtime-l1-1-0.dll
0x0000028008900000 - 0x0000028008905000 	C:\Users\tranh\.javacpp\cache\javacpp-1.5.9-windows-x86_64.jar\org\bytedeco\javacpp\windows-x86_64\api-ms-win-crt-convert-l1-1-0.dll
0x0000028008910000 - 0x0000028008914000 	C:\Users\tranh\.javacpp\cache\javacpp-1.5.9-windows-x86_64.jar\org\bytedeco\javacpp\windows-x86_64\api-ms-win-crt-environment-l1-1-0.dll
0x0000028008920000 - 0x0000028008924000 	C:\Users\tranh\.javacpp\cache\javacpp-1.5.9-windows-x86_64.jar\org\bytedeco\javacpp\windows-x86_64\api-ms-win-crt-time-l1-1-0.dll
0x0000028008930000 - 0x0000028008934000 	C:\Users\tranh\.javacpp\cache\javacpp-1.5.9-windows-x86_64.jar\org\bytedeco\javacpp\windows-x86_64\api-ms-win-crt-filesystem-l1-1-0.dll
0x0000028008940000 - 0x0000028008944000 	C:\Users\tranh\.javacpp\cache\javacpp-1.5.9-windows-x86_64.jar\org\bytedeco\javacpp\windows-x86_64\api-ms-win-crt-utility-l1-1-0.dll
0x0000028008950000 - 0x0000028008956000 	C:\Users\tranh\.javacpp\cache\javacpp-1.5.9-windows-x86_64.jar\org\bytedeco\javacpp\windows-x86_64\api-ms-win-crt-multibyte-l1-1-0.dll
0x0000028008960000 - 0x0000028008964000 	C:\Users\tranh\.javacpp\cache\javacpp-1.5.9-windows-x86_64.jar\org\bytedeco\javacpp\windows-x86_64\api-ms-win-crt-conio-l1-1-0.dll
0x0000028008970000 - 0x0000028008981000 	C:\Users\tranh\.javacpp\cache\javacpp-1.5.9-windows-x86_64.jar\org\bytedeco\javacpp\windows-x86_64\api-ms-win-crt-private-l1-1-0.dll
0x0000028008990000 - 0x0000028008994000 	C:\Users\tranh\.javacpp\cache\javacpp-1.5.9-windows-x86_64.jar\org\bytedeco\javacpp\windows-x86_64\api-ms-win-crt-process-l1-1-0.dll
0x00000280089a0000 - 0x00000280089a4000 	C:\Users\tranh\.javacpp\cache\javacpp-1.5.9-windows-x86_64.jar\org\bytedeco\javacpp\windows-x86_64\api-ms-win-core-console-l1-2-0.dll
0x00000280089b0000 - 0x00000280089b4000 	C:\Users\tranh\.javacpp\cache\javacpp-1.5.9-windows-x86_64.jar\org\bytedeco\javacpp\windows-x86_64\api-ms-win-core-string-l1-1-0.dll
0x00000280089c0000 - 0x00000280089c4000 	C:\Users\tranh\.javacpp\cache\javacpp-1.5.9-windows-x86_64.jar\org\bytedeco\javacpp\windows-x86_64\api-ms-win-core-errorhandling-l1-1-0.dll
0x00000280089d0000 - 0x00000280089d4000 	C:\Users\tranh\.javacpp\cache\javacpp-1.5.9-windows-x86_64.jar\org\bytedeco\javacpp\windows-x86_64\api-ms-win-core-timezone-l1-1-0.dll
0x00000280089e0000 - 0x00000280089e5000 	C:\Users\tranh\.javacpp\cache\javacpp-1.5.9-windows-x86_64.jar\org\bytedeco\javacpp\windows-x86_64\api-ms-win-core-file-l1-1-0.dll
0x00000280089f0000 - 0x00000280089f4000 	C:\Users\tranh\.javacpp\cache\javacpp-1.5.9-windows-x86_64.jar\org\bytedeco\javacpp\windows-x86_64\api-ms-win-core-namedpipe-l1-1-0.dll
0x0000028008a00000 - 0x0000028008a04000 	C:\Users\tranh\.javacpp\cache\javacpp-1.5.9-windows-x86_64.jar\org\bytedeco\javacpp\windows-x86_64\api-ms-win-core-handle-l1-1-0.dll
0x0000028008a10000 - 0x0000028008a14000 	C:\Users\tranh\.javacpp\cache\javacpp-1.5.9-windows-x86_64.jar\org\bytedeco\javacpp\windows-x86_64\api-ms-win-core-file-l2-1-0.dll
0x0000028008a20000 - 0x0000028008a24000 	C:\Users\tranh\.javacpp\cache\javacpp-1.5.9-windows-x86_64.jar\org\bytedeco\javacpp\windows-x86_64\api-ms-win-core-heap-l1-1-0.dll
0x0000028008a30000 - 0x0000028008a34000 	C:\Users\tranh\.javacpp\cache\javacpp-1.5.9-windows-x86_64.jar\org\bytedeco\javacpp\windows-x86_64\api-ms-win-core-libraryloader-l1-1-0.dll
0x0000028008a40000 - 0x0000028008a44000 	C:\Users\tranh\.javacpp\cache\javacpp-1.5.9-windows-x86_64.jar\org\bytedeco\javacpp\windows-x86_64\api-ms-win-core-synch-l1-1-0.dll
0x0000028008a50000 - 0x0000028008a54000 	C:\Users\tranh\.javacpp\cache\javacpp-1.5.9-windows-x86_64.jar\org\bytedeco\javacpp\windows-x86_64\api-ms-win-core-processthreads-l1-1-0.dll
0x0000028008a60000 - 0x0000028008a64000 	C:\Users\tranh\.javacpp\cache\javacpp-1.5.9-windows-x86_64.jar\org\bytedeco\javacpp\windows-x86_64\api-ms-win-core-processenvironment-l1-1-0.dll
0x0000028008a70000 - 0x0000028008a74000 	C:\Users\tranh\.javacpp\cache\javacpp-1.5.9-windows-x86_64.jar\org\bytedeco\javacpp\windows-x86_64\api-ms-win-core-datetime-l1-1-0.dll
0x0000028008a80000 - 0x0000028008a84000 	C:\Users\tranh\.javacpp\cache\javacpp-1.5.9-windows-x86_64.jar\org\bytedeco\javacpp\windows-x86_64\api-ms-win-core-localization-l1-2-0.dll
0x0000028008a90000 - 0x0000028008a94000 	C:\Users\tranh\.javacpp\cache\javacpp-1.5.9-windows-x86_64.jar\org\bytedeco\javacpp\windows-x86_64\api-ms-win-core-sysinfo-l1-1-0.dll
0x0000028008aa0000 - 0x0000028008aa4000 	C:\Users\tranh\.javacpp\cache\javacpp-1.5.9-windows-x86_64.jar\org\bytedeco\javacpp\windows-x86_64\api-ms-win-core-synch-l1-2-0.dll
0x0000028008ab0000 - 0x0000028008ab4000 	C:\Users\tranh\.javacpp\cache\javacpp-1.5.9-windows-x86_64.jar\org\bytedeco\javacpp\windows-x86_64\api-ms-win-core-console-l1-1-0.dll
0x0000028008ac0000 - 0x0000028008ac4000 	C:\Users\tranh\.javacpp\cache\javacpp-1.5.9-windows-x86_64.jar\org\bytedeco\javacpp\windows-x86_64\api-ms-win-core-debug-l1-1-0.dll
0x0000028008ad0000 - 0x0000028008ad4000 	C:\Users\tranh\.javacpp\cache\javacpp-1.5.9-windows-x86_64.jar\org\bytedeco\javacpp\windows-x86_64\api-ms-win-core-rtlsupport-l1-1-0.dll
0x0000028008ae0000 - 0x0000028008ae4000 	C:\Users\tranh\.javacpp\cache\javacpp-1.5.9-windows-x86_64.jar\org\bytedeco\javacpp\windows-x86_64\api-ms-win-core-processthreads-l1-1-1.dll
0x0000028008af0000 - 0x0000028008af4000 	C:\Users\tranh\.javacpp\cache\javacpp-1.5.9-windows-x86_64.jar\org\bytedeco\javacpp\windows-x86_64\api-ms-win-core-file-l1-2-0.dll
0x0000028008b00000 - 0x0000028008b04000 	C:\Users\tranh\.javacpp\cache\javacpp-1.5.9-windows-x86_64.jar\org\bytedeco\javacpp\windows-x86_64\api-ms-win-core-profile-l1-1-0.dll
0x0000028008b10000 - 0x0000028008b14000 	C:\Users\tranh\.javacpp\cache\javacpp-1.5.9-windows-x86_64.jar\org\bytedeco\javacpp\windows-x86_64\api-ms-win-core-memory-l1-1-0.dll
0x0000028008b20000 - 0x0000028008b24000 	C:\Users\tranh\.javacpp\cache\javacpp-1.5.9-windows-x86_64.jar\org\bytedeco\javacpp\windows-x86_64\api-ms-win-core-util-l1-1-0.dll
0x0000028008b30000 - 0x0000028008b34000 	C:\Users\tranh\.javacpp\cache\javacpp-1.5.9-windows-x86_64.jar\org\bytedeco\javacpp\windows-x86_64\api-ms-win-core-interlocked-l1-1-0.dll
0x00007ffc93fb0000 - 0x00007ffc940c1000 	C:\Users\tranh\.javacpp\cache\javacpp-1.5.9-windows-x86_64.jar\org\bytedeco\javacpp\windows-x86_64\ucrtbase.dll

dbghelp: loaded successfully - version: 4.0.5 - missing functions: none
symbol engine: initialized successfully - sym options: 0x614 - pdb path: .;C:\Program Files\Java\jdk-21\bin;C:\WINDOWS\SYSTEM32;C:\WINDOWS\WinSxS\amd64_microsoft.windows.common-controls_6595b64144ccf1df_6.0.26100.2454_none_3e0b68a2e331ad60;C:\Program Files\Java\jdk-21\bin\server;F:\IntelliJ IDEA Community Edition 2024.2.0.1\bin;C:\Users\tranh\.javacpp\cache\javacpp-1.5.9-windows-x86_64.jar\org\bytedeco\javacpp\windows-x86_64;C:\Users\tranh\.javacpp\cache\openblas-0.3.23-1.5.9-windows-x86_64.jar\org\bytedeco\openblas\windows-x86_64;C:\Users\tranh\.javacpp\cache\opencv-4.5.1-1.5.5-windows-x86_64.jar\org\bytedeco\opencv\windows-x86_64;C:\Users\tranh\.javacpp\cache\videoinput-0.200-1.5.9-windows-x86_64.jar\org\bytedeco\videoinput\windows-x86_64;D:\DroidCam\lib;C:\WINDOWS\WinSxS\amd64_microsoft.windows.gdiplus_6595b64144ccf1df_1.1.26100.2454_none_6ef65b883dc4272e

VM Arguments:
jvm_args: -javaagent:F:\IntelliJ IDEA Community Edition 2024.2.0.1\lib\idea_rt.jar=55932:F:\IntelliJ IDEA Community Edition 2024.2.0.1\bin -Dfile.encoding=UTF-8 -Dsun.stdout.encoding=UTF-8 -Dsun.stderr.encoding=UTF-8 
java_command: org.example.client.LivestreamClient
java_class_path (initial): C:\Users\tranh\.m2\repository\org\bytedeco\opencv\4.5.1-1.5.5;C:\Users\tranh\.m2\repository\org\bytedeco\opencv\4.5.1-1.5.5\opencv-4.5.1-1.5.5-android-arm64.jar;C:\Users\tranh\.m2\repository\org\bytedeco\opencv\4.5.1-1.5.5\opencv-4.5.1-1.5.5-android-arm64.jar.sha1;C:\Users\tranh\.m2\repository\org\bytedeco\opencv\4.5.1-1.5.5\opencv-4.5.1-1.5.5-android-x86_64.jar;C:\Users\tranh\.m2\repository\org\bytedeco\opencv\4.5.1-1.5.5\opencv-4.5.1-1.5.5-android-x86_64.jar.sha1;C:\Users\tranh\.m2\repository\org\bytedeco\opencv\4.5.1-1.5.5\opencv-4.5.1-1.5.5-ios-x86_64.jar;C:\Users\tranh\.m2\repository\org\bytedeco\opencv\4.5.1-1.5.5\opencv-4.5.1-1.5.5-ios-x86_64.jar.sha1;C:\Users\tranh\.m2\repository\org\bytedeco\opencv\4.5.1-1.5.5\opencv-4.5.1-1.5.5-linux-arm64.jar;C:\Users\tranh\.m2\repository\org\bytedeco\opencv\4.5.1-1.5.5\opencv-4.5.1-1.5.5-linux-arm64.jar.sha1;C:\Users\tranh\.m2\repository\org\bytedeco\opencv\4.5.1-1.5.5\opencv-4.5.1-1.5.5-linux-armhf.jar;C:\Users\tranh\.m2\repository\org\bytedeco\opencv\4.5.1-1.5.5\opencv-4.5.1-1.5.5-linux-armhf.jar.sha1;C:\Users\tranh\.m2\repository\org\bytedeco\opencv\4.5.1-1.5.5\opencv-4.5.1-1.5.5-linux-ppc64le.jar;C:\Users\tranh\.m2\repository\org\bytedeco\opencv\4.5.1-1.5.5\opencv-4.5.1-1.5.5-linux-ppc64le.jar.sha1;C:\Users\tranh\.m2\repository\org\bytedeco\opencv\4.5.1-1.5.5\opencv-4.5.1-1.5.5-linux-x86.jar;C:\Users\tranh\.m2\repository\org\bytedeco\opencv\4.5.1-1.5.5\opencv-4.5.1-1.5.5-linux-x86.jar.sha1;C:\Users\tranh\.m2\repository\org\bytedeco\opencv\4.5.1-1.5.5\opencv-4.5.1-1.5.5-macosx-x86_64.jar;C:\Users\tranh\.m2\repository\org\bytedeco\opencv\4.5.1-1.5.5\opencv-4.5.1-1.5.5-macosx-x86_64.jar.sha1;C:\Users\tranh\.m2\repository\org\bytedeco\opencv\4.5.1-1.5.5\opencv-4.5.1-1.5.5-windows-x86.jar;C:\Users\tranh\.m2\repository\org\bytedeco\opencv\4.5.1-1.5.5\opencv-4.5.1-1.5.5-windows-x86.jar.sha1;C:\Users\tranh\.m2\repository\org\bytedeco\opencv\4.5.1-1.5.5\opencv-4.5.1-1.5.5-windows-x86_64.jar;C:\Users\tranh\.m2\repository\org\bytedeco\opencv\4.5.1-1.5.5\opencv-4.5.1-1.5.5-windows-x86_64.jar.sha1;C:\Users\tranh\.m2\repository\org\bytedeco\opencv\4.5.1-1.5.5\opencv-4.5.1-1.5.5.jar;C:\Users\tranh\.m2\repository\org\bytedeco\opencv\4.5.1-1.5.5\opencv-4.5.1-1.5.5.jar.sha1;C:\Users\tranh\.m2\repository\org\bytedeco\opencv\4.5.1-1.5.5\opencv-4.5.1-1.5.5.pom;C:\Users\tranh\.m2\repository\org\bytedeco\opencv\4.5.1-1.5.5\opencv-4.5.1-1.5.5.pom.sha1;C:\Users\tranh\.m2\repository\org\bytedeco\opencv\4.5.1-1.5.5\_remote.repositories;F:\Workspace\Streaming\target\classes;C:\Users\tranh\.m2\repository\io\socket\socket.io-client\2.1.1\socket.io-client-2.1.1.jar;C:\Users\tranh\.m2\repository\io\socket\engine.io-client\2.1.0\engine.io-client-2.1.0.jar;C:\Users\tranh\.m2\repository\com\squareup\okhttp3\okhttp\3.12.12\okhttp-3.12.12.jar;C:\Users\tranh\.m2\repository\com\squareup\okio\okio\1.15.0\okio-1.15.0.jar;C:\Users\tranh\.m2\repository\org\json\json\20090211\json-20090211.jar;C:\Users\tranh\.m2\repository\io\socket\socket.io-server\1.0.0\socket.io-server-1.0.0.jar;C:\Users\tranh\.m2\repository\com\google\code\findbugs\jsr305\3.0.2\jsr305-3.0.2.jar;C:\Users\tranh\.m2\repository\io\socket\engine.io-server\6.2.1\engine.io-server-6.2.1.jar;C:\Users\tranh\.m2\repository\org\bytedeco\javacv-platform\1.5.9\javacv-platform-1.5.9.jar;C:\Users\tranh\.m2\repository\org\bytedeco\javacv\1.5.9\javacv-1.5.9.jar;C:\Users\tranh\.m2\repository\org\bytedeco\openblas\0.3.23-1.5.9\openblas-0.3.23-1.5.9.jar;C:\Users\tranh\.m2\repository\org\bytedeco\opencv\4.7.0-1.5.9\opencv-4.7.0-1.5.9.jar;C:\Users\tranh\.m2\repository\org\bytedeco\flycapture\2.13.3.31-1.5.9\flycapture-2.13.3.31-1.5.9.jar;C:\Users\tranh\.m2\repository\org\bytedeco\libdc1394\2.2.6-1.5.9\libdc1394-2.2.6-1.5.9.jar;C:\Users\tranh\.m2\repository\org\bytedeco\libfreenect\0.5.7-1.5.9\libfreenect-0.5.7-1.5.9.jar;C:\Users\tranh\.m2\repository\org\bytedeco\libfreenect2\0.2.0-1.5.9\libfreenect2-0.2.0-1.5.9.jar;C:\Users\tranh\.m2\repository\org\bytedeco\librealsense\1.12.4-1.5.9\librealsense-1.12.4-1.5.9.jar;C:\Users\tranh\.m2\repository\org\bytedeco\librealsense2\2.53.1-1.5.9\librealsense2-2.53.1-1.5.9.jar;C:\Users\tranh\.m2\repository\org\bytedeco\artoolkitplus\2.3.1-1.5.9\artoolkitplus-2.3.1-1.5.9.jar;C:\Users\tranh\.m2\repository\org\bytedeco\leptonica\1.83.0-1.5.9\leptonica-1.83.0-1.5.9.jar;C:\Users\tranh\.m2\repository\org\bytedeco\tesseract\5.3.1-1.5.9\tesseract-5.3.1-1.5.9.jar;C:\Users\tranh\.m2\repository\org\bytedeco\openblas-platform\0.3.23-1.5.9\openblas-platform-0.3.23-1.5.9.jar;C:\Users\tranh\.m2\repository\org\bytedeco\openblas\0.3.23-1.5.9\openblas-0.3.23-1.5.9-android-arm.jar;C:\Users\tranh\.m2\repository\org\bytedeco\openblas\0.3.23-1.5.9\openblas-0.3.23-1.5.9-android-arm64.jar;C:\Users\tranh\.m2\repository\org\bytedeco\openblas\0.3.23-1.5.9\openblas-0.3.23-1.5.9-android-x86.jar;C:\Users\tranh\.m2\repository\org\bytedeco\openblas\0.3.23-1.5.9\openblas-0.3.23-1.5.9-android-x86_64.jar;C:\Users\tranh\.m2\repository\org\bytedeco\openblas\0.3.23-1.5.9\openblas-0.3.23-1.5.9-ios-arm64.jar;C:\Users\tranh\.m2\repository\org\bytedeco\openblas\0.3.23-1.5.9\openblas-0.3.23-1.5.9-ios-x86_64.jar;C:\Users\tranh\.m2\repository\org\bytedeco\openblas\0.3.23-1.5.9\openblas-0.3.23-1.5.9-linux-x86.jar;C:\Users\tranh\.m2\repository\org\bytedeco\openblas\0.3.23-1.5.9\openblas-0.3.23-1.5.9-linux-x86_64.jar;C:\Users\tranh\.m2\repository\org\bytedeco\openblas\0.3.23-1.5.9\openblas-0.3.23-1.5.9-linux-armhf.jar;C:\Users\tranh\.m2\repository\org\bytedeco\openblas\0.3.23-1.5.9\openblas-0.3.23-1.5.9-linux-arm64.jar;C:\Users\tranh\.m2\repository\org\bytedeco\openblas\0.3.23-1.5.9\openblas-0.3.23-1.5.9-linux-ppc64le.jar;C:\Users\tranh\.m2\repository\org\bytedeco\openblas\0.3.23-1.5.9\openblas-0.3.23-1.5.9-macosx-arm64.jar;C:\Users\tranh\.m2\repository\org\bytedeco\openblas\0.3.23-1.5.9\openblas-0.3.23-1.5.9-macosx-x86_64.jar;C:\Users\tranh\.m2\repository\org\bytedeco\openblas\0.3.23-1.5.9\openblas-0.3.23-1.5.9-windows-x86.jar;C:\Users\tranh\.m2\repository\org\bytedeco\openblas\0.3.23-1.5.9\openblas-0.3.23-1.5.9-windows-x86_64.jar;C:\Users\tranh\.m2\repository\org\bytedeco\opencv-platform\4.7.0-1.5.9\opencv-platform-4.7.0-1.5.9.jar;C:\Users\tranh\.m2\repository\org\bytedeco\opencv\4.7.0-1.5.9\opencv-4.7.0-1.5.9-android-arm.jar;C:\Users\tranh\.m2\repository\org\bytedeco\opencv\4.7.0-1.5.9\opencv-4.7.0-1.5.9-android-arm64.jar;C:\Users\tranh\.m2\repository\org\bytedeco\opencv\4.7.0-1.5.9\opencv-4.7.0-1.5.9-android-x86.jar;C:\Users\tranh\.m2\repository\org\bytedeco\opencv\4.7.0-1.5.9\opencv-4.7.0-1.5.9-android-x86_64.jar;C:\Users\tranh\.m2\repository\org\bytedeco\opencv\4.7.0-1.5.9\opencv-4.7.0-1.5.9-ios-arm64.jar;C:\Users\tranh\.m2\repository\org\bytedeco\opencv\4.7.0-1.5.9\opencv-4.7.0-1.5.9-ios-x86_64.jar;C:\Users\tranh\.m2\repository\org\bytedeco\opencv\4.7.0-1.5.9\opencv-4.7.0-1.5.9-linux-x86.jar;C:\Users\tranh\.m2\repository\org\bytedeco\opencv\4.7.0-1.5.9\opencv-4.7.0-1.5.9-linux-x86_64.jar;C:\Users\tranh\.m2\repository\org\bytedeco\opencv\4.7.0-1.5.9\opencv-4.7.0-1.5.9-linux-armhf.jar;C:\Users\tranh\.m2\repository\org\bytedeco\opencv\4.7.0-1.5.9\opencv-4.7.0-1.5.9-linux-arm64.jar;C:\Users\tranh\.m2\repository\org\bytedeco\opencv\4.7.0-1.5.9\opencv-4.7.0-1.5.9-linux-ppc64le.jar;C:\Users\tranh\.m2\repository\org\bytedeco\opencv\4.7.0-1.5.9\opencv-4.7.0-1.5.9-macosx-arm64.jar;C:\Users\tranh\.m2\repository\org\bytedeco\opencv\4.7.0-1.5.9\opencv-4.7.0-1.5.9-macosx-x86_64.jar;C:\Users\tranh\.m2\repository\org\bytedeco\opencv\4.7.0-1.5.9\opencv-4.7.0-1.5.9-windows-x86.jar;C:\Users\tranh\.m2\repository\org\bytedeco\opencv\4.7.0-1.5.9\opencv-4.7.0-1.5.9-windows-x86_64.jar;C:\Users\tranh\.m2\repository\org\bytedeco\flycapture-platform\2.13.3.31-1.5.9\flycapture-platform-2.13.3.31-1.5.9.jar;C:\Users\tranh\.m2\repository\org\bytedeco\flycapture\2.13.3.31-1.5.9\flycapture-2.13.3.31-1.5.9-linux-x86.jar;C:\Users\tranh\.m2\repository\org\bytedeco\flycapture\2.13.3.31-1.5.9\flycapture-2.13.3.31-1.5.9-linux-x86_64.jar;C:\Users\tranh\.m2\repository\org\bytedeco\flycapture\2.13.3.31-1.5.9\flycapture-2.13.3.31-1.5.9-linux-armhf.jar;C:\Users\tranh\.m2\repository\org\bytedeco\flycapture\2.13.3.31-1.5.9\flycapture-2.13.3.31-1.5.9-linux-arm64.jar;C:\Users\tranh\.m2\repository\org\bytedeco\flycapture\2.13.3.31-1.5.9\flycapture-2.13.3.31-1.5.9-windows-x86.jar;C:\Users\tranh\.m2\repository\org\bytedeco\flycapture\2.13.3.31-1.5.9\flycapture-2.13.3.31-1.5.9-windows-x86_64.jar;C:\Users\tranh\.m2\repository\org\bytedeco\libdc1394-platform\2.2.6-1.5.9\libdc1394-platform-2.2.6-1.5.9.jar;C:\Users\tranh\.m2\repository\org\bytedeco\libdc1394\2.2.6-1.5.9\libdc1394-2.2.6-1.5.9-linux-x86.jar;C:\Users\tranh\.m2\repository\org\bytedeco\libdc1394\2.2.6-1.5.9\libdc1394-2.2.6-1.5.9-linux-x86_64.jar;C:\Users\tranh\.m2\repository\org\bytedeco\libdc1394\2.2.6-1.5.9\libdc1394-2.2.6-1.5.9-linux-armhf.jar;C:\Users\tranh\.m2\repository\org\bytedeco\libdc1394\2.2.6-1.5.9\libdc1394-2.2.6-1.5.9-linux-arm64.jar;C:\Users\tranh\.m2\repository\org\bytedeco\libdc1394\2.2.6-1.5.9\libdc1394-2.2.6-1.5.9-linux-ppc64le.jar;C:\Users\tranh\.m2\repository\org\bytedeco\libdc1394\2.2.6-1.5.9\libdc1394-2.2.6-1.5.9-macosx-x86_64.jar;C:\Users\tranh\.m2\repository\org\bytedeco\libdc1394\2.2.6-1.5.9\libdc1394-2.2.6-1.5.9-windows-x86.jar;C:\Users\tranh\.m2\repository\org\bytedeco\libdc1394\2.2.6-1.5.9\libdc1394-2.2.6-1.5.9-windows-x86_64.jar;C:\Users\tranh\.m2\repository\org\bytedeco\libfreenect-platform\0.5.7-1.5.9\libfreenect-platform-0.5.7-1.5.9.jar;C:\Users\tranh\.m2\repository\org\bytedeco\libfreenect\0.5.7-1.5.9\libfreenect-0.5.7-1.5.9-linux-x86.jar;C:\Users\tranh\.m2\repository\org\bytedeco\libfreenect\0.5.7-1.5.9\libfreenect-0.5.7-1.5.9-linux-x86_64.jar;C:\Users\tranh\.m2\repository\org\bytedeco\libfreenect\0.5.7-1.5.9\libfreenect-0.5.7-1.5.9-linux-armhf.jar;C:\Users\tranh\.m2\repository\org\bytedeco\libfreenect\0.5.7-1.5.9\libfreenect-0.5.7-1.5.9-linux-arm64.jar;C:\Users\tranh\.m2\repository\org\bytedeco\libfreenect\0.5.7-1.5.9\libfreenect-0.5.7-1.5.9-linux-ppc64le.jar;C:\Users\tranh\.m2\repository\org\bytedeco\libfreenect\0.5.7-1.5.9\libfreenect-0.5.7-1.5.9-macosx-x86_64.jar;C:\Users\tranh\.m2\repository\org\bytedeco\libfreenect\0.5.7-1.5.9\libfreenect-0.5.7-1.5.9-windows-x86.jar;C:\Users\tranh\.m2\repository\org\bytedeco\libfreenect\0.5.7-1.5.9\libfreenect-0.5.7-1.5.9-windows-x86_64.jar;C:\Users\tranh\.m2\repository\org\bytedeco\libfreenect2-platform\0.2.0-1.5.9\libfreenect2-platform-0.2.0-1.5.9.jar;C:\Users\tranh\.m2\repository\org\bytedeco\libfreenect2\0.2.0-1.5.9\libfreenect2-0.2.0-1.5.9-linux-x86.jar;C:\Users\tranh\.m2\repository\org\bytedeco\libfreenect2\0.2.0-1.5.9\libfreenect2-0.2.0-1.5.9-linux-x86_64.jar;C:\Users\tranh\.m2\repository\org\bytedeco\libfreenect2\0.2.0-1.5.9\libfreenect2-0.2.0-1.5.9-macosx-x86_64.jar;C:\Users\tranh\.m2\repository\org\bytedeco\libfreenect2\0.2.0-1.5.9\libfreenect2-0.2.0-1.5.9-windows-x86_64.jar;C:\Users\tranh\.m2\repository\org\bytedeco\librealsense-platform\1.12.4-1.5.9\librealsense-platform-1.12.4-1.5.9.jar;C:\Users\tranh\.m2\repository\org\bytedeco\librealsense\1.12.4-1.5.9\librealsense-1.12.4-1.5.9-linux-armhf.jar;C:\Users\tranh\.m2\repository\org\bytedeco\librealsense\1.12.4-1.5.9\librealsense-1.12.4-1.5.9-linux-arm64.jar;C:\Users\tranh\.m2\repository\org\bytedeco\librealsense\1.12.4-1.5.9\librealsense-1.12.4-1.5.9-linux-x86.jar;C:\Users\tranh\.m2\repository\org\bytedeco\librealsense\1.12.4-1.5.9\librealsense-1.12.4-1.5.9-linux-x86_64.jar;C:\Users\tranh\.m2\repository\org\bytedeco\librealsense\1.12.4-1.5.9\librealsense-1.12.4-1.5.9-macosx-x86_64.jar;C:\Users\tranh\.m2\repository\org\bytedeco\librealsense\1.12.4-1.5.9\librealsense-1.12.4-1.5.9-windows-x86.jar;C:\Users\tranh\.m2\repository\org\bytedeco\librealsense\1.12.4-1.5.9\librealsense-1.12.4-1.5.9-windows-x86_64.jar;C:\Users\tranh\.m2\repository\org\bytedeco\librealsense2-platform\2.53.1-1.5.9\librealsense2-platform-2.53.1-1.5.9.jar;C:\Users\tranh\.m2\repository\org\bytedeco\librealsense2\2.53.1-1.5.9\librealsense2-2.53.1-1.5.9-linux-armhf.jar;C:\Users\tranh\.m2\repository\org\bytedeco\librealsense2\2.53.1-1.5.9\librealsense2-2.53.1-1.5.9-linux-arm64.jar;C:\Users\tranh\.m2\repository\org\bytedeco\librealsense2\2.53.1-1.5.9\librealsense2-2.53.1-1.5.9-linux-x86.jar;C:\Users\tranh\.m2\repository\org\bytedeco\librealsense2\2.53.1-1.5.9\librealsense2-2.53.1-1.5.9-linux-x86_64.jar;C:\Users\tranh\.m2\repository\org\bytedeco\librealsense2\2.53.1-1.5.9\librealsense2-2.53.1-1.5.9-macosx-x86_64.jar;C:\Users\tranh\.m2\repository\org\bytedeco\librealsense2\2.53.1-1.5.9\librealsense2-2.53.1-1.5.9-windows-x86.jar;C:\Users\tranh\.m2\repository\org\bytedeco\librealsense2\2.53.1-1.5.9\librealsense2-2.53.1-1.5.9-windows-x86_64.jar;C:\Users\tranh\.m2\repository\org\bytedeco\videoinput-platform\0.200-1.5.9\videoinput-platform-0.200-1.5.9.jar;C:\Users\tranh\.m2\repository\org\bytedeco\videoinput\0.200-1.5.9\videoinput-0.200-1.5.9-windows-x86.jar;C:\Users\tranh\.m2\repository\org\bytedeco\videoinput\0.200-1.5.9\videoinput-0.200-1.5.9-windows-x86_64.jar;C:\Users\tranh\.m2\repository\org\bytedeco\artoolkitplus-platform\2.3.1-1.5.9\artoolkitplus-platform-2.3.1-1.5.9.jar;C:\Users\tranh\.m2\repository\org\bytedeco\artoolkitplus\2.3.1-1.5.9\artoolkitplus-2.3.1-1.5.9-android-arm.jar;C:\Users\tranh\.m2\repository\org\bytedeco\artoolkitplus\2.3.1-1.5.9\artoolkitplus-2.3.1-1.5.9-android-arm64.jar;C:\Users\tranh\.m2\repository\org\bytedeco\artoolkitplus\2.3.1-1.5.9\artoolkitplus-2.3.1-1.5.9-android-x86.jar;C:\Users\tranh\.m2\repository\org\bytedeco\artoolkitplus\2.3.1-1.5.9\artoolkitplus-2.3.1-1.5.9-android-x86_64.jar;C:\Users\tranh\.m2\repository\org\bytedeco\artoolkitplus\2.3.1-1.5.9\artoolkitplus-2.3.1-1.5.9-linux-x86.jar;C:\Users\tranh\.m2\repository\org\bytedeco\artoolkitplus\2.3.1-1.5.9\artoolkitplus-2.3.1-1.5.9-linux-x86_64.jar;C:\Users\tranh\.m2\repository\org\bytedeco\artoolkitplus\2.3.1-1.5.9\artoolkitplus-2.3.1-1.5.9-linux-armhf.jar;C:\Users\tranh\.m2\repository\org\bytedeco\artoolkitplus\2.3.1-1.5.9\artoolkitplus-2.3.1-1.5.9-linux-arm64.jar;C:\Users\tranh\.m2\repository\org\bytedeco\artoolkitplus\2.3.1-1.5.9\artoolkitplus-2.3.1-1.5.9-linux-ppc64le.jar;C:\Users\tranh\.m2\repository\org\bytedeco\artoolkitplus\2.3.1-1.5.9\artoolkitplus-2.3.1-1.5.9-macosx-x86_64.jar;C:\Users\tranh\.m2\repository\org\bytedeco\artoolkitplus\2.3.1-1.5.9\artoolkitplus-2.3.1-1.5.9-windows-x86.jar;C:\Users\tranh\.m2\repository\org\bytedeco\artoolkitplus\2.3.1-1.5.9\artoolkitplus-2.3.1-1.5.9-windows-x86_64.jar;C:\Users\tranh\.m2\repository\org\bytedeco\leptonica-platform\1.83.0-1.5.9\leptonica-platform-1.83.0-1.5.9.jar;C:\Users\tranh\.m2\repository\org\bytedeco\leptonica\1.83.0-1.5.9\leptonica-1.83.0-1.5.9-android-arm.jar;C:\Users\tranh\.m2\repository\org\bytedeco\leptonica\1.83.0-1.5.9\leptonica-1.83.0-1.5.9-android-arm64.jar;C:\Users\tranh\.m2\repository\org\bytedeco\leptonica\1.83.0-1.5.9\leptonica-1.83.0-1.5.9-android-x86.jar;C:\Users\tranh\.m2\repository\org\bytedeco\leptonica\1.83.0-1.5.9\leptonica-1.83.0-1.5.9-android-x86_64.jar;C:\Users\tranh\.m2\repository\org\bytedeco\leptonica\1.83.0-1.5.9\leptonica-1.83.0-1.5.9-linux-x86.jar;C:\Users\tranh\.m2\repository\org\bytedeco\leptonica\1.83.0-1.5.9\leptonica-1.83.0-1.5.9-linux-x86_64.jar;C:\Users\tranh\.m2\repository\org\bytedeco\leptonica\1.83.0-1.5.9\leptonica-1.83.0-1.5.9-linux-armhf.jar;C:\Users\tranh\.m2\repository\org\bytedeco\leptonica\1.83.0-1.5.9\leptonica-1.83.0-1.5.9-linux-arm64.jar;C:\Users\tranh\.m2\repository\org\bytedeco\leptonica\1.83.0-1.5.9\leptonica-1.83.0-1.5.9-linux-ppc64le.jar;C:\Users\tranh\.m2\repository\org\bytedeco\leptonica\1.83.0-1.5.9\leptonica-1.83.0-1.5.9-macosx-arm64.jar;C:\Users\tranh\.m2\repository\org\bytedeco\leptonica\1.83.0-1.5.9\leptonica-1.83.0-1.5.9-macosx-x86_64.jar;C:\Users\tranh\.m2\repository\org\bytedeco\leptonica\1.83.0-1.5.9\leptonica-1.83.0-1.5.9-windows-x86.jar;C:\Users\tranh\.m2\repository\org\bytedeco\leptonica\1.83.0-1.5.9\leptonica-1.83.0-1.5.9-windows-x86_64.jar;C:\Users\tranh\.m2\repository\org\bytedeco\tesseract-platform\5.3.1-1.5.9\tesseract-platform-5.3.1-1.5.9.jar;C:\Users\tranh\.m2\repository\org\bytedeco\tesseract\5.3.1-1.5.9\tesseract-5.3.1-1.5.9-android-arm.jar;C:\Users\tranh\.m2\repository\org\bytedeco\tesseract\5.3.1-1.5.9\tesseract-5.3.1-1.5.9-android-arm64.jar;C:\Users\tranh\.m2\repository\org\bytedeco\tesseract\5.3.1-1.5.9\tesseract-5.3.1-1.5.9-android-x86.jar;C:\Users\tranh\.m2\repository\org\bytedeco\tesseract\5.3.1-1.5.9\tesseract-5.3.1-1.5.9-android-x86_64.jar;C:\Users\tranh\.m2\repository\org\bytedeco\tesseract\5.3.1-1.5.9\tesseract-5.3.1-1.5.9-linux-x86.jar;C:\Users\tranh\.m2\repository\org\bytedeco\tesseract\5.3.1-1.5.9\tesseract-5.3.1-1.5.9-linux-x86_64.jar;C:\Users\tranh\.m2\repository\org\bytedeco\tesseract\5.3.1-1.5.9\tesseract-5.3.1-1.5.9-linux-armhf.jar;C:\Users\tranh\.m2\repository\org\bytedeco\tesseract\5.3.1-1.5.9\tesseract-5.3.1-1.5.9-linux-arm64.jar;C:\Users\tranh\.m2\repository\org\bytedeco\tesseract\5.3.1-1.5.9\tesseract-5.3.1-1.5.9-linux-ppc64le.jar;C:\Users\tranh\.m2\repository\org\bytedeco\tesseract\5.3.1-1.5.9\tesseract-5.3.1-1.5.9-macosx-arm64.jar;C:\Users\tranh\.m2\repository\org\bytedeco\tesseract\5.3.1-1.5.9\tesseract-5.3.1-1.5.9-macosx-x86_64.jar;C:\Users\tranh\.m2\repository\org\bytedeco\tesseract\5.3.1-1.5.9\tesseract-5.3.1-1.5.9-windows-x86.jar;C:\Users\tranh\.m2\repository\org\bytedeco\tesseract\5.3.1-1.5.9\tesseract-5.3.1-1.5.9-windows-x86_64.jar;C:\Users\tranh\.m2\repository\org\bytedeco\ffmpeg-platform\6.0-1.5.9\ffmpeg-platform-6.0-1.5.9.jar;C:\Users\tranh\.m2\repository\org\bytedeco\javacpp-platform\1.5.9\javacpp-platform-1.5.9.jar;C:\Users\tranh\.m2\repository\org\bytedeco\javacpp\1.5.9\javacpp-1.5.9-android-arm.jar;C:\Users\tranh\.m2\repository\org\bytedeco\javacpp\1.5.9\javacpp-1.5.9-android-arm64.jar;C:\Users\tranh\.m2\repository\org\bytedeco\javacpp\1.5.9\javacpp-1.5.9-android-x86.jar;C:\Users\tranh\.m2\repository\org\bytedeco\javacpp\1.5.9\javacpp-1.5.9-android-x86_64.jar;C:\Users\tranh\.m2\repository\org\bytedeco\javacpp\1.5.9\javacpp-1.5.9-ios-arm64.jar;C:\Users\tranh\.m2\repository\org\bytedeco\javacpp\1.5.9\javacpp-1.5.9-ios-x86_64.jar;C:\Users\tranh\.m2\repository\org\bytedeco\javacpp\1.5.9\javacpp-1.5.9-linux-armhf.jar;C:\Users\tranh\.m2\repository\org\bytedeco\javacpp\1.5.9\javacpp-1.5.9-linux-arm64.jar;C:\Users\tranh\.m2\repository\org\bytedeco\javacpp\1.5.9\javacpp-1.5.9-linux-ppc64le.jar;C:\Users\tranh\.m2\repository\org\bytedeco\javacpp\1.5.9\javacpp-1.5.9-linux-x86.jar;C:\Users\tranh\.m2\repository\org\bytedeco\javacpp\1.5.9\javacpp-1.5.9-linux-x86_64.jar;C:\Users\tranh\.m2\repository\org\bytedeco\javacpp\1.5.9\javacpp-1.5.9-macosx-arm64.jar;C:\Users\tranh\.m2\repository\org\bytedeco\javacpp\1.5.9\javacpp-1.5.9-macosx-x86_64.jar;C:\Users\tranh\.m2\repository\org\bytedeco\javacpp\1.5.9\javacpp-1.5.9-windows-x86.jar;C:\Users\tranh\.m2\repository\org\bytedeco\javacpp\1.5.9\javacpp-1.5.9-windows-x86_64.jar;C:\Users\tranh\.m2\repository\org\bytedeco\ffmpeg\6.0-1.5.9\ffmpeg-6.0-1.5.9.jar;C:\Users\tranh\.m2\repository\org\bytedeco\ffmpeg\6.0-1.5.9\ffmpeg-6.0-1.5.9-android-arm.jar;C:\Users\tranh\.m2\repository\org\bytedeco\ffmpeg\6.0-1.5.9\ffmpeg-6.0-1.5.9-android-arm64.jar;C:\Users\tranh\.m2\repository\org\bytedeco\ffmpeg\6.0-1.5.9\ffmpeg-6.0-1.5.9-android-x86.jar;C:\Users\tranh\.m2\repository\org\bytedeco\ffmpeg\6.0-1.5.9\ffmpeg-6.0-1.5.9-android-x86_64.jar;C:\Users\tranh\.m2\repository\org\bytedeco\ffmpeg\6.0-1.5.9\ffmpeg-6.0-1.5.9-linux-x86.jar;C:\Users\tranh\.m2\repository\org\bytedeco\ffmpeg\6.0-1.5.9\ffmpeg-6.0-1.5.9-linux-x86_64.jar;C:\Users\tranh\.m2\repository\org\bytedeco\ffmpeg\6.0-1.5.9\ffmpeg-6.0-1.5.9-linux-armhf.jar;C:\Users\tranh\.m2\repository\org\bytedeco\ffmpeg\6.0-1.5.9\ffmpeg-6.0-1.5.9-linux-arm64.jar;C:\Users\tranh\.m2\repository\org\bytedeco\ffmpeg\6.0-1.5.9\ffmpeg-6.0-1.5.9-linux-ppc64le.jar;C:\Users\tranh\.m2\repository\org\bytedeco\ffmpeg\6.0-1.5.9\ffmpeg-6.0-1.5.9-macosx-arm64.jar;C:\Users\tranh\.m2\repository\org\bytedeco\ffmpeg\6.0-1.5.9\ffmpeg-6.0-1.5.9-macosx-x86_64.jar;C:\Users\tranh\.m2\repository\org\bytedeco\ffmpeg\6.0-1.5.9\ffmpeg-6.0-1.5.9-windows-x86.jar;C:\Users\tranh\.m2\repository\org\bytedeco\ffmpeg\6.0-1.5.9\ffmpeg-6.0-1.5.9-windows-x86_64.jar;C:\Users\tranh\.m2\repository\org\java-websocket\Java-WebSocket\1.5.2\Java-WebSocket-1.5.2.jar;C:\Users\tranh\.m2\repository\org\slf4j\slf4j-api\1.7.25\slf4j-api-1.7.25.jar;C:\Users\tranh\.m2\repository\org\slf4j\slf4j-simple\1.7.30\slf4j-simple-1.7.30.jar;C:\Users\tranh\.m2\repository\org\bytedeco\javacpp\1.5.9\javacpp-1.5.9.jar;C:\Users\tranh\.m2\repository\org\bytedeco\videoinput\0.200-1.5.9\videoinput-0.200-1.5.9.jar;C:\Users\tranh\.m2\repository\com\mysql\mysql-connector-j\8.0.33\mysql-connector-j-8.0.33.jar;C:\Users\tranh\.m2\repository\com\google\protobuf\protobuf-java\3.21.9\protobuf-java-3.21.9.jar
Launcher Type: SUN_STANDARD

[Global flags]
     intx CICompilerCount                          = 12                                        {product} {ergonomic}
     uint ConcGCThreads                            = 3                                         {product} {ergonomic}
     uint G1ConcRefinementThreads                  = 13                                        {product} {ergonomic}
   size_t G1HeapRegionSize                         = 2097152                                   {product} {ergonomic}
    uintx GCDrainStackTargetSize                   = 64                                        {product} {ergonomic}
   size_t InitialHeapSize                          = 260046848                                 {product} {ergonomic}
   size_t MarkStackSize                            = 4194304                                   {product} {ergonomic}
   size_t MaxHeapSize                              = 4139778048                                {product} {ergonomic}
   size_t MaxNewSize                               = 2483027968                                {product} {ergonomic}
   size_t MinHeapDeltaBytes                        = 2097152                                   {product} {ergonomic}
   size_t MinHeapSize                              = 8388608                                   {product} {ergonomic}
    uintx NonNMethodCodeHeapSize                   = 7602480                                {pd product} {ergonomic}
    uintx NonProfiledCodeHeapSize                  = 122027880                              {pd product} {ergonomic}
    uintx ProfiledCodeHeapSize                     = 122027880                              {pd product} {ergonomic}
    uintx ReservedCodeCacheSize                    = 251658240                              {pd product} {ergonomic}
     bool SegmentedCodeCache                       = true                                      {product} {ergonomic}
   size_t SoftMaxHeapSize                          = 4139778048                             {manageable} {ergonomic}
     bool UseCompressedOops                        = true                           {product lp64_product} {ergonomic}
     bool UseG1GC                                  = true                                      {product} {ergonomic}
     bool UseLargePagesIndividualAllocation        = false                                  {pd product} {ergonomic}

Logging:
Log output configuration:
 #0: stdout all=warning uptime,level,tags foldmultilines=false
 #1: stderr all=off uptime,level,tags foldmultilines=false

Environment Variables:
JAVA_HOME=C:\Program Files\Java\jdk-21
PATH=C:\Program Files\Common Files\Oracle\Java\javapath;C:\Windows\system32;C:\Windows;C:\Windows\System32\Wbem;C:\Windows\System32\WindowsPowerShell\v1.0\;C:\Windows\System32\OpenSSH\;C:\Program Files (x86)\NVIDIA Corporation\PhysX\Common;C:\WINDOWS\system32;C:\WINDOWS;C:\WINDOWS\System32\Wbem;C:\WINDOWS\System32\WindowsPowerShell\v1.0\;C:\WINDOWS\System32\OpenSSH\;C:\Program Files\dotnet\;C:\Users\tranh\OneDrive\Documents;C:\Program Files (x86)\Microsoft SQL Server\160\Tools\Binn\;C:\Program Files\Microsoft SQL Server\160\Tools\Binn\;C:\Program Files\Microsoft SQL Server\Client SDK\ODBC\170\Tools\Binn\;C:\Program Files\Microsoft SQL Server\160\DTS\Binn\;C:\Program Files (x86)\Microsoft SQL Server\150\DTS\Binn\;C:\Program Files\Azure Data Studio\bin;C:\xampp\php;C:\composer;C:\xampp\mysql\bin;C:\Program Files\nodejs\;C:\Program Files\Git\cmd;D:\;C:\Program Files\CMake\bin;C:\ProgramData\chocolatey\bin;C:\ProgramData\chocolatey\lib\maven\apache-maven-3.9.9\bin;C:\Users\tranh\AppData\Local\Programs\Python\Python312\Scripts\;C:\Users\tranh\AppData\Local\Programs\Python\Python312\;C:\Users\tranh\AppData\Local\Microsoft\WindowsApps;C:\Users\tranh\AppData\Local\Programs\Microsoft VS Code\bin;C:\Users\tranh\AppData\Roaming\Composer\vendor\bin;C:\Users\tranh\AppData\Roaming\npm;F:\IntelliJ IDEA Community Edition 2024.2.0.1\bin;D:\Program Files (x86)\Python312;;D:\Program Files (x86)\Python312;C:\Program Files\Docker\Docker\resources\bin;C:\Program Files\WireGuard\;C:\Program Files\Common Files\Oracle\Java\javapath;C:\Windows\system32;C:\Windows;C:\Windows\System32\Wbem;C:\Windows\System32\WindowsPowerShell\v1.0\;C:\Windows\System32\OpenSSH\;C:\Program Files (x86)\NVIDIA Corporation\PhysX\Common;C:\WINDOWS\system32;C:\WINDOWS;C:\WINDOWS\System32\Wbem;C:\WINDOWS\System32\WindowsPowerShell\v1.0\;C:\WINDOWS\System32\OpenSSH\;C:\Program Files\dotnet\;C:\Users\tranh\OneDrive\Documents;C:\Program Files (x86)\Microsoft SQL Server\160\Tools\Binn\;C:\Program Files\Microsoft SQL Server\160\Tools\Binn\;C:\Program Files\Microsoft SQL Server\Client SDK\ODBC\170\Tools\Binn\;C:\Program Files\Microsoft SQL Server\160\DTS\Binn\;C:\Program Files (x86)\Microsoft SQL Server\150\DTS\Binn\;C:\Program Files\Azure Data Studio\bin;C:\xampp\php;C:\composer;C:\xampp\mysql\bin;C:\Program Files\nodejs\;C:\Program Files\Git\cmd;D:\;C:\Program Files\CMake\bin;C:\ProgramData\chocolatey\bin;C:\ProgramData\chocolatey\lib\maven\apache-maven-3.9.9\bin;C:\Users\tranh\AppData\Local\Programs\Python\Python312\Scripts\;C:\Users\tranh\AppData\Local\Programs\Python\Python312\;C:\Users\tranh\AppData\Local\Microsoft\WindowsApps;C:\Users\tranh\AppData\Local\Programs\Microsoft VS Code\bin;C:\Users\tranh\AppData\Roaming\Composer\vendor\bin;C:\Users\tranh\AppData\Roaming\npm;F:\IntelliJ IDEA Community Edition 2024.2.0.1\bin;D:\Program Files (x86)\Python312;;D:\Program Files (x86)\Python312;;D:\Program Files (x86)\Python312;C:\ProgramData\mingw64\mingw64\bin
USERNAME=tranh
OS=Windows_NT
PROCESSOR_IDENTIFIER=AMD64 Family 23 Model 96 Stepping 1, AuthenticAMD
TMP=C:\Users\tranh\AppData\Local\Temp
TEMP=C:\Users\tranh\AppData\Local\Temp




Periodic native trim disabled

---------------  S Y S T E M  ---------------

OS:
 Windows 11 , 64 bit Build 26100 (10.0.26100.2454)
OS uptime: 0 days 5:51 hours
Hyper-V role detected

CPU: total 16 (initial active 16) (16 cores per cpu, 2 threads per core) family 23 model 96 stepping 1 microcode 0x8600106, cx8, cmov, fxsr, ht, mmx, 3dnowpref, sse, sse2, sse3, ssse3, sse4a, sse4.1, sse4.2, popcnt, lzcnt, tsc, tscinvbit, avx, avx2, aes, clmul, bmi1, bmi2, adx, sha, fma, vzeroupper, clflush, clflushopt, hv, rdtscp, rdpid, f16c
Processor Information for all 16 processors :
  Max Mhz: 2901, Current Mhz: 2901, Mhz Limit: 2901

Memory: 4k page, system-wide physical 15791M (4833M free)
TotalPageFile size 21621M (AvailPageFile size 12M)
current process WorkingSet (physical memory assigned to process): 230M, peak: 237M
current process commit charge ("private bytes"): 4117M, peak: 4119M

vm_info: Java HotSpot(TM) 64-Bit Server VM (21.0.1+12-LTS-29) for windows-amd64 JRE (21.0.1+12-LTS-29), built on 2023-10-05T13:27:09Z by "mach5one" with MS VC++ 17.1 (VS2022)

END.
